 Close valve HP_IN
 Close valve HP_OUT
 Close valve L1_OUT
 Close valve L2_OUT
 Close valve L3_OUT
 Close valve L_HP
 Close valve LR1
 Close valve LR2
 Close valve LR3
 Close valve LR4
 Close valve LRW2
 Close valve LWASTE
 Close valve R1_4
 Close valve V21
 Close valve V24
 Close valve V4
 Close valve VH
 Close valve W1
 Close valve W2
 Close valve W3
 Open valve HP_IN
 Open valve W2
 Open valve R1_4
 Open valve V21
[13:09:39]: Forward liquid flow activated
[13:09:39]: AIR
 Open valve HP_OUT
 Open valve L_HP
 Open valve V24
 Open valve V4
 Close valve V4
 Close valve V24
 Close valve L_HP
 Close valve HP_OUT
[13:10:20]: Pump W2
 Open valve LRW2
 Open valve V24
 Open valve V4
 Close valve V4
 Close valve V24
 Close valve LRW2
[13:10:30]: Pump W2
 Open valve LRW2
 Open valve V24
 Open valve V4
 Close valve V4
 Close valve V24
 Close valve LRW2
[13:10:41]: Pump W2
 Open valve LRW2
 Open valve V24
 Open valve V4
 Close valve V4
 Close valve V24
 Close valve LRW2
[13:10:51]: Loop start
[13:10:51]: W2 OH-
 Open valve LRW2
 Open valve V24
[13:10:52]: 9069
[13:10:52]: 9069
[13:10:53]: 9070
[13:10:53]: 9069
[13:10:53]: 9069
[13:10:54]: 9069
[13:10:54]: 9069
[13:10:54]: 9070
[13:10:55]: 9070
[13:10:55]: 9069
[13:10:55]: 9069
[13:10:56]: 9069
[13:10:56]: 9069
[13:10:56]: 9069
[13:10:57]: 9068
[13:10:57]: 9068
[13:10:57]: 9069
[13:10:58]: 9069
[13:10:58]: 9068
[13:10:58]: 9068
[13:10:59]: 9069
[13:10:59]: 9069
[13:10:59]: 9068
[13:10:59]: 9068
[13:11:00]: 9068
[13:11:00]: 9068
[13:11:00]: 9068
[13:11:01]: 9068
[13:11:01]: 9068
[13:11:01]: 9068
[13:11:02]: 9068
[13:11:02]: 9068
[13:11:02]: 9067
[13:11:03]: 9068
[13:11:03]: 9068
[13:11:03]: 9067
[13:11:04]: 9067
[13:11:04]: 9067
[13:11:04]: 9068
[13:11:05]: 9068
[13:11:05]: 9066
[13:11:05]: 9067
[13:11:06]: 9067
[13:11:06]: 9067
[13:11:06]: 9067
[13:11:07]: 9067
[13:11:07]: 9067
[13:11:07]: 9066
[13:11:08]: 9066
[13:11:08]: 9066
[13:11:08]: 9067
[13:11:09]: 9066
[13:11:09]: 9067
[13:11:09]: 9066
[13:11:10]: 9066
[13:11:10]: 9066
[13:11:10]: 9066
[13:11:11]: 9066
[13:11:11]: 9066
[13:11:11]: 9067
 Close valve V24
 Close valve LRW2
[13:11:11]: CIRCLE H+
 Open valve LR1
[13:11:12]: 9065
[13:11:12]: 9066
[13:11:12]: 9359
[13:11:13]: 9432
[13:11:13]: 9647
[13:11:13]: 9706
[13:11:14]: 9862
[13:11:14]: 9622
[13:11:14]: 9599
[13:11:15]: 9756
[13:11:15]: 9896
[13:11:15]: 10004
[13:11:16]: 10062
[13:11:16]: 10112
[13:11:16]: 10155
[13:11:17]: 10193
[13:11:17]: 10218
[13:11:17]: 10248
[13:11:18]: 10283
[13:11:18]: 10310
[13:11:18]: 10340
[13:11:19]: 9306
[13:11:19]: 9864
[13:11:19]: 9082
[13:11:20]: 9084
[13:11:20]: 9075
[13:11:20]: 9075
[13:11:21]: 9075
[13:11:21]: 9074
[13:11:21]: 9074
[13:11:22]: 9074
[13:11:22]: 9074
[13:11:22]: 9075
[13:11:23]: 9075
[13:11:23]: 9075
[13:11:23]: 9074
[13:11:24]: 9077
[13:11:24]: 9077
[13:11:24]: 9078
[13:11:25]: 9078
[13:11:25]: 9079
[13:11:25]: 9079
[13:11:26]: 9077
[13:11:26]: 9077
[13:11:26]: 9077
[13:11:26]: 9077
[13:11:27]: 9078
[13:11:27]: 9079
[13:11:28]: 9079
[13:11:28]: 9078
[13:11:28]: 9078
[13:11:28]: 9079
[13:11:29]: 9079
[13:11:29]: 9079
[13:11:29]: 9079
[13:11:30]: 9080
[13:11:30]: 9080
[13:11:30]: 9077
[13:11:31]: 9079
[13:11:31]: 9081
 Close valve LR1
[13:11:31]: W2 OH-
 Open valve LRW2
 Open valve V24
[13:11:31]: 9081
[13:11:32]: 9071
[13:11:32]: 9067
[13:11:32]: 9068
[13:11:33]: 9071
[13:11:33]: 9066
[13:11:33]: 9066
[13:11:34]: 9068
[13:11:34]: 9066
[13:11:34]: 9064
[13:11:35]: 9064
[13:11:35]: 9065
[13:11:35]: 9065
[13:11:36]: 9065
[13:11:36]: 9065
[13:11:36]: 9065
[13:11:37]: 9065
[13:11:37]: 9067
[13:11:37]: 9072
[13:11:38]: 9067
[13:11:38]: 9064
[13:11:38]: 9065
[13:11:39]: 9067
[13:11:39]: 9064
[13:11:39]: 9064
[13:11:40]: 9065
[13:11:40]: 9064
[13:11:40]: 9065
[13:11:40]: 9065
[13:11:41]: 9064
[13:11:41]: 9067
[13:11:41]: 9064
[13:11:42]: 9064
[13:11:42]: 9063
[13:11:42]: 9063
[13:11:43]: 9063
[13:11:43]: 9064
[13:11:43]: 9063
[13:11:44]: 9063
[13:11:44]: 9064
[13:11:44]: 9063
[13:11:45]: 9063
[13:11:45]: 9063
[13:11:45]: 9063
[13:11:46]: 9064
[13:11:46]: 9062
[13:11:46]: 9064
[13:11:46]: 9064
[13:11:47]: 9063
[13:11:47]: 9063
[13:11:47]: 9063
[13:11:48]: 9063
[13:11:48]: 9064
[13:11:48]: 9064
[13:11:49]: 9062
[13:11:49]: 9063
[13:11:49]: 9063
[13:11:50]: 9063
[13:11:50]: 9066
[13:11:50]: 9064
 Close valve V24
 Close valve LRW2
[13:11:50]: CROSS H+
 Open valve LR2
[13:11:51]: 9063
[13:11:51]: 9438
[13:11:52]: 9121
[13:11:52]: 9115
[13:11:52]: 9395
[13:11:53]: 9109
[13:11:53]: 9102
[13:11:53]: 9122
[13:11:54]: 9140
[13:11:54]: 9822
[13:11:54]: 9970
[13:11:55]: 10069
[13:11:55]: 10134
[13:11:55]: 10176
[13:11:55]: 10228
[13:11:56]: 10265
[13:11:56]: 10288
[13:11:56]: 10317
[13:11:57]: 10343
[13:11:57]: 10370
[13:11:57]: 10387
[13:11:58]: 10406
[13:11:58]: 10428
[13:11:58]: 10444
[13:11:59]: 10465
[13:11:59]: 9181
[13:11:59]: 9087
[13:12:00]: 9087
[13:12:00]: 9088
[13:12:00]: 9088
[13:12:01]: 9089
[13:12:01]: 9090
[13:12:01]: 9089
[13:12:01]: 9090
[13:12:02]: 9090
[13:12:02]: 9090
[13:12:02]: 9091
[13:12:03]: 9091
[13:12:03]: 9091
[13:12:03]: 9092
[13:12:04]: 9084
[13:12:04]: 9084
[13:12:04]: 9083
[13:12:05]: 9078
[13:12:05]: 9080
[13:12:05]: 9080
[13:12:06]: 9082
[13:12:06]: 9081
[13:12:06]: 9081
[13:12:07]: 9081
[13:12:07]: 9081
[13:12:07]: 9081
[13:12:08]: 9082
[13:12:08]: 9082
[13:12:08]: 9082
[13:12:09]: 9082
[13:12:09]: 9082
[13:12:09]: 9083
[13:12:10]: 9083
[13:12:10]: 9084
 Close valve LR2
[13:12:10]: W2 OH-
 Open valve LRW2
 Open valve V24
[13:12:10]: 9084
[13:12:11]: 9070
[13:12:11]: 9071
[13:12:11]: 9070
[13:12:12]: 9069
[13:12:12]: 9069
[13:12:12]: 9069
[13:12:13]: 9068
[13:12:13]: 9068
[13:12:13]: 9068
[13:12:14]: 9067
[13:12:14]: 9067
[13:12:14]: 9067
[13:12:15]: 9066
[13:12:15]: 9065
[13:12:15]: 9065
[13:12:16]: 9066
[13:12:16]: 9066
[13:12:16]: 9066
[13:12:17]: 9066
[13:12:17]: 9066
[13:12:17]: 9066
[13:12:17]: 9065
[13:12:18]: 9065
[13:12:18]: 9066
[13:12:19]: 9066
[13:12:19]: 9066
[13:12:19]: 9065
[13:12:20]: 9066
[13:12:20]: 9066
[13:12:20]: 9065
[13:12:21]: 9065
[13:12:21]: 9064
[13:12:21]: 9065
[13:12:22]: 9066
[13:12:22]: 9066
[13:12:22]: 9065
[13:12:22]: 9065
[13:12:23]: 9066
[13:12:23]: 9064
[13:12:24]: 9065
[13:12:24]: 9065
[13:12:24]: 9065
[13:12:24]: 9065
[13:12:25]: 9065
[13:12:25]: 9065
[13:12:25]: 9065
[13:12:26]: 9065
[13:12:26]: 9064
[13:12:26]: 9064
[13:12:27]: 9065
[13:12:27]: 9065
[13:12:27]: 9064
[13:12:28]: 9065
[13:12:28]: 9065
[13:12:28]: 9064
[13:12:29]: 9065
[13:12:29]: 9065
[13:12:29]: 9065
[13:12:30]: 9065
 Close valve V24
 Close valve LRW2
[13:12:30]: SQUARE H+
 Open valve LR3
[13:12:30]: 9064
[13:12:31]: 9482
[13:12:31]: 9827
[13:12:31]: 9307
[13:12:31]: 9182
[13:12:32]: 9618
[13:12:32]: 9325
[13:12:32]: 9420
[13:12:33]: 9790
[13:12:33]: 9912
[13:12:33]: 10048
[13:12:34]: 10134
[13:12:34]: 10188
[13:12:34]: 10223
[13:12:35]: 10112
[13:12:35]: 9109
[13:12:35]: 9117
[13:12:36]: 9265
[13:12:36]: 9118
[13:12:36]: 9144
[13:12:37]: 9777
[13:12:37]: 9982
[13:12:37]: 10089
[13:12:37]: 10150
[13:12:38]: 10220
[13:12:38]: 9098
[13:12:39]: 9083
[13:12:39]: 9083
[13:12:39]: 9083
[13:12:39]: 9084
[13:12:40]: 9084
[13:12:40]: 9085
[13:12:40]: 9084
[13:12:41]: 9085
[13:12:41]: 9085
[13:12:41]: 9085
[13:12:42]: 9086
[13:12:42]: 9086
[13:12:42]: 9086
[13:12:43]: 9087
[13:12:43]: 9087
[13:12:43]: 9086
[13:12:44]: 9081
[13:12:44]: 9082
[13:12:44]: 9083
[13:12:45]: 9084
[13:12:45]: 9083
[13:12:45]: 9083
[13:12:46]: 9084
[13:12:46]: 9084
[13:12:46]: 9084
[13:12:46]: 9085
[13:12:47]: 9085
[13:12:47]: 9084
[13:12:47]: 9084
[13:12:48]: 9085
[13:12:48]: 9085
[13:12:48]: 9086
[13:12:49]: 9086
[13:12:49]: 9086
 Close valve LR3
[13:12:49]: W2 OH-
 Open valve LRW2
 Open valve V24
[13:12:50]: 9087
[13:12:50]: 9080
[13:12:50]: 9073
[13:12:51]: 9073
[13:12:51]: 9074
[13:12:51]: 9072
[13:12:51]: 9072
[13:12:52]: 9071
[13:12:52]: 9071
[13:12:52]: 9071
[13:12:53]: 9071
[13:12:53]: 9072
[13:12:53]: 9071
[13:12:54]: 9071
[13:12:54]: 9070
[13:12:54]: 9070
[13:12:55]: 9071
[13:12:55]: 9071
[13:12:55]: 9071
[13:12:56]: 9071
[13:12:56]: 9071
[13:12:56]: 9071
[13:12:57]: 9071
[13:12:57]: 9070
[13:12:57]: 9070
[13:12:58]: 9071
[13:12:58]: 9071
[13:12:58]: 9070
[13:12:59]: 9071
[13:12:59]: 9070
[13:12:59]: 9071
[13:13:00]: 9071
[13:13:00]: 9072
[13:13:00]: 9071
[13:13:01]: 9070
[13:13:01]: 9070
[13:13:01]: 9070
[13:13:02]: 9071
[13:13:02]: 9071
[13:13:02]: 9070
[13:13:03]: 9071
[13:13:03]: 9071
[13:13:03]: 9072
[13:13:04]: 9071
[13:13:04]: 9070
[13:13:04]: 9075
[13:13:05]: 9071
[13:13:05]: 9070
[13:13:05]: 9072
[13:13:05]: 9070
[13:13:06]: 9070
[13:13:06]: 9070
[13:13:06]: 9071
[13:13:07]: 9071
[13:13:07]: 9071
[13:13:07]: 9071
[13:13:08]: 9070
[13:13:08]: 9070
[13:13:08]: 9071
[13:13:09]: 9071
 Close valve V24
 Close valve LRW2
[13:13:09]: PLUS H+
 Open valve LR4
[13:13:09]: 9071
[13:13:09]: 9072
[13:13:10]: 9280
[13:13:10]: 9775
[13:13:10]: 9127
[13:13:11]: 9704
[13:13:11]: 9399
[13:13:11]: 9225
[13:13:12]: 9778
[13:13:12]: 9298
[13:13:12]: 9823
[13:13:13]: 9966
[13:13:13]: 10059
[13:13:13]: 10127
[13:13:14]: 10196
[13:13:14]: 10236
[13:13:14]: 10263
[13:13:15]: 10296
[13:13:15]: 10321
[13:13:15]: 10349
[13:13:15]: 10360
[13:13:16]: 10385
[13:13:16]: 10405
[13:13:16]: 10427
[13:13:17]: 10444
[13:13:17]: 10460
[13:13:17]: 10474
[13:13:18]: 10488
[13:13:18]: 10501
[13:13:18]: 10514
[13:13:19]: 9762
[13:13:19]: 9295
[13:13:19]: 9697
[13:13:20]: 9281
[13:13:20]: 9588
[13:13:20]: 9904
[13:13:21]: 10044
[13:13:21]: 10014
[13:13:21]: 9959
[13:13:22]: 9397
[13:13:22]: 9131
[13:13:22]: 9116
[13:13:23]: 9101
[13:13:23]: 9078
[13:13:23]: 9080
[13:13:24]: 9080
[13:13:24]: 9081
[13:13:24]: 9082
[13:13:25]: 9083
[13:13:25]: 9082
[13:13:25]: 9083
[13:13:26]: 9083
[13:13:26]: 9082
[13:13:26]: 9083
[13:13:27]: 9082
[13:13:27]: 9083
[13:13:27]: 9082
[13:13:28]: 9083
[13:13:28]: 9083
[13:13:28]: 9083
 Close valve LR4
[13:13:28]: W2 OH-
 Open valve LRW2
 Open valve V24
[13:13:29]: 9084
[13:13:29]: 9073
[13:13:29]: 9069
[13:13:30]: 9072
[13:13:30]: 9073
[13:13:30]: 9072
[13:13:31]: 9071
[13:13:31]: 9071
[13:13:31]: 9072
[13:13:32]: 9071
[13:13:32]: 9071
[13:13:32]: 9072
[13:13:32]: 9071
[13:13:33]: 9071
[13:13:33]: 9071
[13:13:34]: 9070
[13:13:34]: 9070
[13:13:34]: 9068
[13:13:34]: 9068
[13:13:35]: 9070
[13:13:35]: 9069
[13:13:35]: 9069
[13:13:36]: 9069
[13:13:36]: 9069
[13:13:36]: 9068
[13:13:37]: 9069
[13:13:37]: 9069
[13:13:37]: 9068
[13:13:38]: 9069
[13:13:38]: 9070
[13:13:38]: 9069
[13:13:39]: 9069
[13:13:39]: 9069
[13:13:39]: 9070
[13:13:40]: 9069
[13:13:40]: 9070
[13:13:40]: 9070
[13:13:40]: 9070
[13:13:41]: 9069
[13:13:41]: 9069
[13:13:41]: 9069
[13:13:42]: 9069
[13:13:42]: 9070
[13:13:42]: 9069
[13:13:43]: 9070
[13:13:43]: 9070
[13:13:43]: 9070
[13:13:44]: 9070
[13:13:44]: 9070
[13:13:44]: 9068
[13:13:45]: 9071
[13:13:45]: 9071
[13:13:45]: 9068
[13:13:46]: 9068
[13:13:46]: 9070
[13:13:46]: 9069
[13:13:46]: 9069
[13:13:47]: 9071
[13:13:47]: 9070
[13:13:47]: 9071
 Close valve V24
 Close valve LRW2
[13:13:48]: CIRCLE H+
 Open valve LR1
[13:13:48]: 9069
[13:13:48]: 9083
[13:13:49]: 9085
[13:13:49]: 9085
[13:13:49]: 9084
[13:13:50]: 9085
[13:13:50]: 9085
[13:13:50]: 9085
[13:13:51]: 9086
[13:13:51]: 9086
[13:13:51]: 9086
[13:13:52]: 9086
[13:13:52]: 9086
[13:13:52]: 9087
[13:13:53]: 9086
[13:13:53]: 9087
[13:13:53]: 9087
[13:13:54]: 9087
[13:13:54]: 9088
[13:13:54]: 9088
[13:13:55]: 9088
[13:13:55]: 9088
[13:13:55]: 9088
[13:13:56]: 9089
[13:13:56]: 9089
[13:13:56]: 9089
[13:13:57]: 9089
[13:13:57]: 9089
[13:13:57]: 9089
[13:13:57]: 9089
[13:13:58]: 9089
[13:13:58]: 9089
[13:13:59]: 9090
[13:13:59]: 9090
[13:13:59]: 9091
[13:14:00]: 9091
[13:14:00]: 9091
[13:14:00]: 9091
[13:14:00]: 9091
[13:14:01]: 9091
[13:14:01]: 9091
[13:14:01]: 9092
[13:14:02]: 9092
[13:14:02]: 9092
[13:14:02]: 9092
[13:14:03]: 9092
[13:14:03]: 9092
[13:14:03]: 9092
[13:14:04]: 9093
[13:14:04]: 9092
[13:14:04]: 9093
[13:14:05]: 9094
[13:14:05]: 9094
[13:14:05]: 9094
[13:14:06]: 9094
[13:14:06]: 9093
[13:14:06]: 9095
[13:14:07]: 9095
[13:14:07]: 9095
[13:14:07]: 9095
 Close valve LR1
[13:14:07]: W2 OH-
 Open valve LRW2
 Open valve V24
[13:14:08]: 9094
[13:14:08]: 9090
[13:14:09]: 9086
[13:14:09]: 9085
[13:14:09]: 9083
[13:14:09]: 9082
[13:14:10]: 9081
[13:14:10]: 9081
[13:14:10]: 9082
[13:14:11]: 9081
[13:14:11]: 9080
[13:14:11]: 9081
[13:14:12]: 9081
[13:14:12]: 9080
[13:14:12]: 9081
[13:14:13]: 9080
[13:14:13]: 9080
[13:14:13]: 9080
[13:14:14]: 9080
[13:14:14]: 9080
[13:14:14]: 9080
[13:14:15]: 9081
[13:14:15]: 9080
[13:14:15]: 9080
[13:14:16]: 9080
[13:14:16]: 9080
[13:14:16]: 9080
[13:14:17]: 9080
[13:14:17]: 9081
[13:14:17]: 9081
[13:14:18]: 9079
[13:14:18]: 9079
[13:14:18]: 9080
[13:14:19]: 9080
[13:14:19]: 9079
[13:14:19]: 9079
[13:14:19]: 9081
[13:14:20]: 9080
[13:14:20]: 9079
[13:14:20]: 9080
[13:14:21]: 9080
[13:14:21]: 9080
[13:14:21]: 9079
[13:14:22]: 9080
[13:14:22]: 9080
[13:14:22]: 9079
[13:14:23]: 9079
[13:14:23]: 9079
[13:14:23]: 9080
[13:14:24]: 9079
[13:14:24]: 9080
[13:14:24]: 9080
[13:14:25]: 9079
[13:14:25]: 9079
[13:14:25]: 9079
[13:14:26]: 9079
[13:14:26]: 9080
[13:14:26]: 9079
[13:14:27]: 9079
[13:14:27]: 9079
 Close valve V24
 Close valve LRW2
[13:14:27]: CROSS H+
 Open valve LR2
[13:14:27]: 9080
[13:14:28]: 9091
[13:14:28]: 9096
[13:14:28]: 9096
[13:14:29]: 9096
[13:14:29]: 9095
[13:14:29]: 9096
[13:14:30]: 9096
[13:14:30]: 9096
[13:14:30]: 9096
[13:14:31]: 9097
[13:14:31]: 9096
[13:14:31]: 9097
[13:14:32]: 9097
[13:14:32]: 9097
[13:14:32]: 9097
[13:14:33]: 9098
[13:14:33]: 9098
[13:14:33]: 9098
[13:14:34]: 9098
[13:14:34]: 9098
[13:14:34]: 9099
[13:14:35]: 9099
[13:14:35]: 9099
[13:14:35]: 9099
[13:14:35]: 9099
[13:14:36]: 9100
[13:14:36]: 9099
[13:14:36]: 9100
[13:14:37]: 9100
[13:14:37]: 9101
[13:14:37]: 9101
[13:14:38]: 9100
[13:14:38]: 9100
[13:14:38]: 9101
[13:14:39]: 9101
[13:14:39]: 9101
[13:14:39]: 9102
[13:14:40]: 9102
[13:14:40]: 9101
[13:14:40]: 9102
[13:14:40]: 9102
[13:14:41]: 9103
[13:14:41]: 9103
[13:14:41]: 9102
[13:14:42]: 9102
[13:14:42]: 9103
[13:14:42]: 9103
[13:14:43]: 9103
[13:14:43]: 9103
[13:14:43]: 9103
[13:14:44]: 9103
[13:14:44]: 9104
[13:14:44]: 9104
[13:14:45]: 9105
[13:14:45]: 9105
[13:14:45]: 9104
[13:14:46]: 9105
[13:14:46]: 9105
[13:14:46]: 9106
 Close valve LR2
[13:14:46]: W2 OH-
 Open valve LRW2
 Open valve V24
[13:14:47]: 9105
[13:14:47]: 9099
[13:14:47]: 9097
[13:14:48]: 9094
[13:14:48]: 9093
[13:14:48]: 9091
[13:14:49]: 9091
[13:14:49]: 9090
[13:14:49]: 9091
[13:14:50]: 9091
[13:14:50]: 9090
[13:14:50]: 9090
[13:14:51]: 9089
[13:14:51]: 9089
[13:14:51]: 9090
[13:14:52]: 9090
[13:14:52]: 9090
[13:14:52]: 9090
[13:14:52]: 9089
[13:14:53]: 9089
[13:14:53]: 9089
[13:14:54]: 9088
[13:14:54]: 9089
[13:14:54]: 9089
[13:14:55]: 9089
[13:14:55]: 9090
[13:14:55]: 9090
[13:14:56]: 9090
[13:14:56]: 9089
[13:14:56]: 9089
[13:14:56]: 9089
[13:14:57]: 9089
[13:14:57]: 9088
[13:14:57]: 9089
[13:14:58]: 9088
[13:14:58]: 9087
[13:14:58]: 9088
[13:14:59]: 9088
[13:14:59]: 9088
[13:14:59]: 9089
[13:15:00]: 9089
[13:15:00]: 9089
[13:15:00]: 9088
[13:15:01]: 9088
[13:15:01]: 9088
[13:15:01]: 9088
[13:15:02]: 9088
[13:15:02]: 9087
[13:15:02]: 9089
[13:15:03]: 9088
[13:15:03]: 9088
[13:15:03]: 9088
[13:15:04]: 9089
[13:15:04]: 9087
[13:15:04]: 9088
[13:15:05]: 9088
[13:15:05]: 9088
[13:15:05]: 9088
[13:15:06]: 9088
[13:15:06]: 9088
 Close valve V24
 Close valve LRW2
[13:15:06]: SQUARE H+
 Open valve LR3
[13:15:06]: 9088
[13:15:07]: 9100
[13:15:07]: 9103
[13:15:07]: 9104
[13:15:07]: 9104
[13:15:08]: 9105
[13:15:08]: 9105
[13:15:09]: 9105
[13:15:09]: 9105
[13:15:09]: 9105
[13:15:09]: 9106
[13:15:10]: 9106
[13:15:10]: 9106
[13:15:10]: 9105
[13:15:11]: 9107
[13:15:11]: 9106
[13:15:11]: 9107
[13:15:12]: 9106
[13:15:12]: 9107
[13:15:12]: 9107
[13:15:13]: 9107
[13:15:13]: 9107
[13:15:13]: 9107
[13:15:14]: 9108
[13:15:14]: 9108
[13:15:14]: 9108
[13:15:15]: 9109
[13:15:15]: 9109
[13:15:15]: 9108
[13:15:15]: 9109
[13:15:16]: 9109
[13:15:16]: 9109
[13:15:16]: 9109
[13:15:17]: 9110
[13:15:17]: 9110
[13:15:17]: 9109
[13:15:18]: 9109
[13:15:18]: 9111
[13:15:18]: 9111
[13:15:19]: 9111
[13:15:19]: 9110
[13:15:19]: 9110
[13:15:20]: 9111
[13:15:20]: 9112
[13:15:20]: 9112
[13:15:21]: 9111
[13:15:21]: 9111
[13:15:21]: 9112
[13:15:21]: 9112
[13:15:22]: 9112
[13:15:22]: 9112
[13:15:22]: 9112
[13:15:23]: 9113
[13:15:23]: 9113
[13:15:24]: 9113
[13:15:24]: 9114
[13:15:24]: 9113
[13:15:24]: 9114
[13:15:25]: 9114
[13:15:25]: 9114
 Close valve LR3
[13:15:25]: W2 OH-
 Open valve LRW2
 Open valve V24
[13:15:26]: 9114
[13:15:26]: 9107
[13:15:26]: 9105
[13:15:26]: 9104
[13:15:27]: 9104
[13:15:27]: 9100
[13:15:27]: 9098
[13:15:28]: 9098
[13:15:28]: 9099
[13:15:28]: 9097
[13:15:29]: 9098
[13:15:29]: 9098
[13:15:29]: 9099
[13:15:30]: 9099
[13:15:30]: 9102
[13:15:30]: 9101
[13:15:31]: 9097
[13:15:31]: 9097
[13:15:31]: 9097
[13:15:32]: 9097
[13:15:32]: 9097
[13:15:32]: 9096
[13:15:32]: 9097
[13:15:33]: 9097
[13:15:33]: 9096
[13:15:33]: 9096
[13:15:34]: 9096
[13:15:34]: 9096
[13:15:35]: 9095
[13:15:35]: 9096
[13:15:35]: 9096
[13:15:35]: 9096
[13:15:36]: 9096
[13:15:36]: 9096
[13:15:36]: 9095
[13:15:37]: 9096
[13:15:37]: 9095
[13:15:37]: 9095
[13:15:38]: 9096
[13:15:38]: 9095
[13:15:38]: 9095
[13:15:39]: 9095
[13:15:39]: 9095
[13:15:39]: 9096
[13:15:40]: 9096
[13:15:40]: 9095
[13:15:40]: 9094
[13:15:41]: 9096
[13:15:41]: 9095
[13:15:41]: 9096
[13:15:42]: 9095
[13:15:42]: 9095
[13:15:42]: 9095
[13:15:43]: 9095
[13:15:43]: 9095
[13:15:43]: 9096
[13:15:44]: 9095
[13:15:44]: 9095
[13:15:44]: 9094
[13:15:45]: 9095
 Close valve V24
 Close valve LRW2
[13:15:45]: PLUS H+
 Open valve LR4
[13:15:45]: 9094
[13:15:45]: 9105
[13:15:46]: 9108
[13:15:46]: 9108
[13:15:46]: 9107
[13:15:46]: 9109
[13:15:47]: 9108
[13:15:47]: 9109
[13:15:47]: 9108
[13:15:48]: 9108
[13:15:48]: 9109
[13:15:48]: 9109
[13:15:49]: 9109
[13:15:49]: 9110
[13:15:49]: 9108
[13:15:50]: 9110
[13:15:50]: 9110
[13:15:50]: 9109
[13:15:51]: 9110
[13:15:51]: 9110
[13:15:51]: 9110
[13:15:51]: 9110
[13:15:52]: 9111
[13:15:52]: 9111
[13:15:52]: 9110
[13:15:53]: 9111
[13:15:53]: 9110
[13:15:53]: 9111
[13:15:54]: 9110
[13:15:54]: 9111
[13:15:54]: 9111
[13:15:55]: 9112
[13:15:55]: 9112
[13:15:55]: 9111
[13:15:56]: 9112
[13:15:56]: 9112
[13:15:56]: 9112
[13:15:56]: 9112
[13:15:57]: 9112
[13:15:57]: 9112
[13:15:57]: 9112
[13:15:58]: 9113
[13:15:58]: 9113
[13:15:58]: 9113
[13:15:59]: 9114
[13:15:59]: 9113
[13:15:59]: 9113
[13:16:00]: 9113
[13:16:00]: 9113
[13:16:00]: 9114
[13:16:01]: 9113
[13:16:01]: 9114
[13:16:01]: 9113
[13:16:02]: 9113
[13:16:02]: 9114
[13:16:02]: 9114
[13:16:03]: 9114
[13:16:03]: 9114
[13:16:03]: 9115
[13:16:04]: 9115
 Close valve LR4
[13:16:04]: W2 OH-
 Open valve LRW2
 Open valve V24
[13:16:04]: 9115
[13:16:04]: 9109
[13:16:05]: 9108
[13:16:05]: 9107
[13:16:05]: 9104
[13:16:06]: 9103
[13:16:06]: 9101
[13:16:06]: 9101
[13:16:07]: 9102
[13:16:07]: 9102
[13:16:07]: 9101
[13:16:08]: 9101
[13:16:08]: 9101
[13:16:08]: 9101
[13:16:08]: 9101
[13:16:09]: 9101
[13:16:09]: 9100
[13:16:09]: 9101
[13:16:10]: 9101
[13:16:10]: 9101
[13:16:10]: 9100
[13:16:11]: 9100
[13:16:11]: 9101
[13:16:11]: 9101
[13:16:12]: 9100
[13:16:12]: 9100
[13:16:12]: 9100
[13:16:13]: 9100
[13:16:13]: 9100
[13:16:13]: 9100
[13:16:13]: 9099
[13:16:14]: 9099
[13:16:14]: 9100
[13:16:15]: 9100
[13:16:15]: 9100
[13:16:15]: 9101
[13:16:15]: 9099
[13:16:16]: 9100
[13:16:16]: 9100
[13:16:16]: 9099
[13:16:17]: 9099
[13:16:17]: 9099
[13:16:17]: 9099
[13:16:18]: 9098
[13:16:18]: 9099
[13:16:18]: 9099
[13:16:19]: 9099
[13:16:19]: 9099
[13:16:19]: 9100
[13:16:20]: 9099
[13:16:20]: 9099
[13:16:20]: 9099
[13:16:21]: 9098
[13:16:21]: 9098
[13:16:21]: 9098
[13:16:22]: 9099
[13:16:22]: 9098
[13:16:22]: 9098
[13:16:23]: 9099
[13:16:23]: 9098
 Close valve V24
 Close valve LRW2
[13:16:23]: CIRCLE H+
 Open valve LR1
[13:16:23]: 9098
[13:16:24]: 9112
[13:16:24]: 9113
[13:16:24]: 9114
[13:16:25]: 9114
[13:16:25]: 9114
[13:16:25]: 9114
[13:16:26]: 9114
[13:16:26]: 9114
[13:16:26]: 9114
[13:16:27]: 9114
[13:16:27]: 9114
[13:16:27]: 9114
[13:16:28]: 9115
[13:16:28]: 9115
[13:16:28]: 9115
[13:16:29]: 9115
[13:16:29]: 9115
[13:16:29]: 9115
[13:16:30]: 9115
[13:16:30]: 9116
[13:16:30]: 9116
[13:16:31]: 9116
[13:16:31]: 9116
[13:16:31]: 9116
[13:16:31]: 9117
[13:16:32]: 9116
[13:16:32]: 9116
[13:16:32]: 9116
[13:16:33]: 9118
[13:16:33]: 9118
[13:16:33]: 9117
[13:16:34]: 9117
[13:16:34]: 9117
[13:16:34]: 9117
[13:16:35]: 9117
[13:16:35]: 9118
[13:16:35]: 9118
[13:16:36]: 9118
[13:16:36]: 9119
[13:16:36]: 9119
[13:16:37]: 9119
[13:16:37]: 9119
[13:16:37]: 9119
[13:16:38]: 9119
[13:16:38]: 9119
[13:16:38]: 9120
[13:16:38]: 9120
[13:16:39]: 9119
[13:16:39]: 9119
[13:16:40]: 9120
[13:16:40]: 9120
[13:16:40]: 9121
[13:16:40]: 9121
[13:16:41]: 9120
[13:16:41]: 9121
[13:16:41]: 9121
[13:16:42]: 9121
[13:16:42]: 9121
[13:16:42]: 9121
 Close valve LR1
[13:16:42]: W2 OH-
 Open valve LRW2
 Open valve V24
[13:16:43]: 9123
[13:16:43]: 9116
[13:16:43]: 9114
[13:16:44]: 9112
[13:16:44]: 9111
[13:16:44]: 9108
[13:16:45]: 9107
[13:16:45]: 9107
[13:16:45]: 9107
[13:16:46]: 9107
[13:16:46]: 9107
[13:16:46]: 9106
[13:16:47]: 9107
[13:16:47]: 9106
[13:16:47]: 9106
[13:16:47]: 9107
[13:16:48]: 9106
[13:16:48]: 9106
[13:16:48]: 9106
[13:16:49]: 9106
[13:16:49]: 9106
[13:16:49]: 9107
[13:16:50]: 9105
[13:16:50]: 9107
[13:16:50]: 9106
[13:16:51]: 9106
[13:16:51]: 9106
[13:16:51]: 9106
[13:16:52]: 9105
[13:16:52]: 9105
[13:16:52]: 9105
[13:16:52]: 9105
[13:16:53]: 9106
[13:16:53]: 9106
[13:16:53]: 9105
[13:16:54]: 9105
[13:16:54]: 9105
[13:16:55]: 9106
[13:16:55]: 9105
[13:16:55]: 9105
[13:16:55]: 9104
[13:16:56]: 9104
[13:16:56]: 9104
[13:16:56]: 9105
[13:16:57]: 9104
[13:16:57]: 9104
[13:16:57]: 9105
[13:16:58]: 9104
[13:16:58]: 9104
[13:16:58]: 9104
[13:16:59]: 9105
[13:16:59]: 9103
[13:16:59]: 9103
[13:17:00]: 9103
[13:17:00]: 9104
[13:17:00]: 9104
[13:17:00]: 9104
[13:17:01]: 9105
[13:17:01]: 9105
[13:17:01]: 9103
 Close valve V24
 Close valve LRW2
[13:17:02]: CROSS H+
 Open valve LR2
[13:17:02]: 9103
[13:17:02]: 9115
[13:17:02]: 9119
[13:17:03]: 9119
[13:17:03]: 9119
[13:17:03]: 9119
[13:17:04]: 9120
[13:17:04]: 9119
[13:17:04]: 9120
[13:17:05]: 9120
[13:17:05]: 9121
[13:17:05]: 9121
[13:17:06]: 9120
[13:17:06]: 9120
[13:17:06]: 9121
[13:17:07]: 9120
[13:17:07]: 9121
[13:17:07]: 9121
[13:17:07]: 9122
[13:17:08]: 9122
[13:17:08]: 9121
[13:17:08]: 9121
[13:17:09]: 9122
[13:17:09]: 9122
[13:17:09]: 9122
[13:17:10]: 9122
[13:17:10]: 9123
[13:17:10]: 9122
[13:17:11]: 9123
[13:17:11]: 9123
[13:17:11]: 9123
[13:17:12]: 9124
[13:17:12]: 9123
[13:17:12]: 9124
[13:17:13]: 9123
[13:17:13]: 9124
[13:17:13]: 9124
[13:17:13]: 9124
[13:17:14]: 9124
[13:17:14]: 9124
[13:17:14]: 9124
[13:17:15]: 9125
[13:17:15]: 9125
[13:17:15]: 9125
[13:17:16]: 9125
[13:17:16]: 9125
[13:17:16]: 9125
[13:17:17]: 9126
[13:17:17]: 9125
[13:17:17]: 9125
[13:17:18]: 9126
[13:17:18]: 9126
[13:17:18]: 9126
[13:17:19]: 9126
[13:17:19]: 9126
[13:17:19]: 9127
[13:17:20]: 9127
[13:17:20]: 9127
[13:17:20]: 9127
[13:17:20]: 9127
 Close valve LR2
[13:17:21]: W2 OH-
 Open valve LRW2
 Open valve V24
[13:17:21]: 9128
[13:17:21]: 9120
[13:17:22]: 9117
[13:17:22]: 9117
[13:17:22]: 9116
[13:17:23]: 9112
[13:17:23]: 9113
[13:17:23]: 9112
[13:17:24]: 9112
[13:17:24]: 9112
[13:17:24]: 9111
[13:17:25]: 9112
[13:17:25]: 9111
[13:17:25]: 9111
[13:17:26]: 9111
[13:17:26]: 9112
[13:17:26]: 9112
[13:17:27]: 9111
[13:17:27]: 9110
[13:17:27]: 9111
[13:17:27]: 9111
[13:17:28]: 9110
[13:17:28]: 9109
[13:17:28]: 9109
[13:17:29]: 9109
[13:17:29]: 9111
[13:17:29]: 9110
[13:17:30]: 9110
[13:17:30]: 9109
[13:17:30]: 9109
[13:17:31]: 9109
[13:17:31]: 9110
[13:17:31]: 9110
[13:17:32]: 9109
[13:17:32]: 9110
[13:17:32]: 9109
[13:17:33]: 9110
[13:17:33]: 9109
[13:17:33]: 9108
[13:17:33]: 9110
[13:17:34]: 9108
[13:17:34]: 9108
[13:17:34]: 9109
[13:17:35]: 9109
[13:17:35]: 9110
[13:17:35]: 9108
[13:17:36]: 9108
[13:17:36]: 9108
[13:17:36]: 9108
[13:17:37]: 9108
[13:17:37]: 9109
[13:17:37]: 9108
[13:17:38]: 9109
[13:17:38]: 9108
[13:17:38]: 9107
[13:17:38]: 9108
[13:17:39]: 9109
[13:17:39]: 9108
[13:17:39]: 9108
[13:17:40]: 9108
 Close valve V24
 Close valve LRW2
[13:17:40]: SQUARE H+
 Open valve LR3
[13:17:40]: 9108
[13:17:41]: 9120
[13:17:41]: 9123
[13:17:41]: 9124
[13:17:42]: 9124
[13:17:42]: 9124
[13:17:42]: 9124
[13:17:43]: 9125
[13:17:43]: 9125
[13:17:43]: 9125
[13:17:44]: 9125
[13:17:44]: 9125
[13:17:44]: 9125
[13:17:45]: 9126
[13:17:45]: 9125
[13:17:45]: 9125
[13:17:46]: 9126
[13:17:46]: 9125
[13:17:46]: 9126
[13:17:47]: 9126
[13:17:47]: 9127
[13:17:47]: 9127
[13:17:48]: 9127
[13:17:48]: 9127
[13:17:48]: 9127
[13:17:48]: 9127
[13:17:49]: 9128
[13:17:49]: 9128
[13:17:49]: 9127
[13:17:50]: 9127
[13:17:50]: 9128
[13:17:50]: 9128
[13:17:51]: 9129
[13:17:51]: 9128
[13:17:51]: 9128
[13:17:52]: 9129
[13:17:52]: 9129
[13:17:52]: 9129
[13:17:53]: 9129
[13:17:53]: 9129
[13:17:53]: 9129
[13:17:53]: 9130
[13:17:54]: 9129
[13:17:54]: 9130
[13:17:54]: 9131
[13:17:55]: 9131
[13:17:55]: 9130
[13:17:55]: 9131
[13:17:56]: 9130
[13:17:56]: 9131
[13:17:56]: 9132
[13:17:57]: 9130
[13:17:57]: 9132
[13:17:57]: 9132
[13:17:57]: 9132
[13:17:58]: 9132
[13:17:58]: 9132
[13:17:58]: 9132
[13:17:59]: 9132
[13:17:59]: 9132
 Close valve LR3
[13:17:59]: W2 OH-
 Open valve LRW2
 Open valve V24
[13:18:00]: 9133
[13:18:00]: 9126
[13:18:00]: 9125
[13:18:01]: 9120
[13:18:01]: 9120
[13:18:01]: 9118
[13:18:01]: 9117
[13:18:02]: 9117
[13:18:02]: 9117
[13:18:02]: 9117
[13:18:03]: 9117
[13:18:03]: 9116
[13:18:04]: 9116
[13:18:04]: 9117
[13:18:04]: 9117
[13:18:04]: 9115
[13:18:05]: 9116
[13:18:05]: 9115
[13:18:05]: 9116
[13:18:06]: 9116
[13:18:06]: 9115
[13:18:06]: 9116
[13:18:07]: 9116
[13:18:07]: 9114
[13:18:07]: 9115
[13:18:08]: 9115
[13:18:08]: 9115
[13:18:08]: 9115
[13:18:09]: 9114
[13:18:09]: 9115
[13:18:09]: 9115
[13:18:10]: 9114
[13:18:10]: 9115
[13:18:10]: 9113
[13:18:11]: 9114
[13:18:11]: 9114
[13:18:11]: 9114
[13:18:12]: 9113
[13:18:12]: 9115
[13:18:12]: 9115
[13:18:13]: 9114
[13:18:13]: 9113
[13:18:13]: 9114
[13:18:13]: 9113
[13:18:14]: 9114
[13:18:14]: 9113
[13:18:14]: 9113
[13:18:15]: 9113
[13:18:15]: 9112
[13:18:15]: 9114
[13:18:16]: 9114
[13:18:16]: 9113
[13:18:16]: 9113
[13:18:17]: 9113
[13:18:17]: 9112
[13:18:17]: 9112
[13:18:18]: 9113
[13:18:18]: 9113
[13:18:18]: 9113
[13:18:18]: 9112
 Close valve V24
 Close valve LRW2
[13:18:19]: PLUS H+
 Open valve LR4
[13:18:19]: 9113
[13:18:19]: 9122
[13:18:20]: 9124
[13:18:20]: 9125
[13:18:20]: 9126
[13:18:20]: 9125
[13:18:21]: 9125
[13:18:21]: 9125
[13:18:21]: 9126
[13:18:22]: 9125
[13:18:22]: 9126
[13:18:22]: 9126
[13:18:23]: 9126
[13:18:23]: 9126
[13:18:23]: 9126
[13:18:24]: 9126
[13:18:24]: 9126
[13:18:24]: 9126
[13:18:24]: 9126
[13:18:25]: 9127
[13:18:25]: 9126
[13:18:25]: 9126
[13:18:26]: 9126
[13:18:26]: 9127
[13:18:26]: 9127
[13:18:27]: 9128
[13:18:27]: 9127
[13:18:27]: 9127
[13:18:28]: 9128
[13:18:28]: 9128
[13:18:28]: 9128
[13:18:29]: 9128
[13:18:29]: 9128
[13:18:29]: 9128
[13:18:30]: 9128
[13:18:30]: 9129
[13:18:30]: 9128
[13:18:30]: 9128
[13:18:31]: 9128
[13:18:31]: 9128
[13:18:32]: 9129
[13:18:32]: 9128
[13:18:32]: 9129
[13:18:32]: 9130
[13:18:33]: 9128
[13:18:33]: 9130
[13:18:33]: 9129
[13:18:34]: 9129
[13:18:34]: 9130
[13:18:34]: 9129
[13:18:34]: 9130
[13:18:35]: 9130
[13:18:35]: 9130
[13:18:35]: 9130
[13:18:36]: 9130
[13:18:36]: 9131
[13:18:36]: 9130
[13:18:37]: 9130
[13:18:37]: 9130
[13:18:37]: 9131
 Close valve LR4
[13:18:37]: W2 OH-
 Open valve LRW2
 Open valve V24
[13:18:38]: 9128
[13:18:38]: 9126
[13:18:39]: 9125
[13:18:39]: 9121
[13:18:39]: 9122
[13:18:39]: 9119
[13:18:40]: 9118
[13:18:40]: 9118
[13:18:40]: 9117
[13:18:41]: 9118
[13:18:41]: 9118
[13:18:41]: 9117
[13:18:42]: 9118
[13:18:42]: 9116
[13:18:42]: 9117
[13:18:43]: 9118
[13:18:43]: 9117
[13:18:43]: 9117
[13:18:43]: 9117
[13:18:44]: 9117
[13:18:44]: 9117
[13:18:44]: 9116
[13:18:45]: 9117
[13:18:45]: 9116
[13:18:45]: 9115
[13:18:46]: 9117
[13:18:46]: 9115
[13:18:46]: 9116
[13:18:47]: 9117
[13:18:47]: 9117
[13:18:47]: 9115
[13:18:48]: 9116
[13:18:48]: 9116
[13:18:48]: 9115
[13:18:49]: 9115
[13:18:49]: 9116
[13:18:49]: 9115
[13:18:50]: 9114
[13:18:50]: 9114
[13:18:50]: 9116
[13:18:51]: 9115
[13:18:51]: 9114
[13:18:51]: 9114
[13:18:52]: 9115
[13:18:52]: 9114
[13:18:52]: 9115
[13:18:53]: 9115
[13:18:53]: 9115
[13:18:53]: 9114
[13:18:53]: 9115
[13:18:54]: 9115
[13:18:54]: 9113
[13:18:54]: 9115
[13:18:55]: 9114
[13:18:55]: 9114
[13:18:55]: 9114
[13:18:56]: 9114
[13:18:56]: 9114
[13:18:56]: 9114
[13:18:57]: 9114
 Close valve V24
 Close valve LRW2
[13:18:57]: CIRCLE H+
 Open valve LR1
[13:18:57]: 9113
[13:18:57]: 9124
[13:18:58]: 9128
[13:18:58]: 9128
[13:18:58]: 9128
[13:18:59]: 9128
[13:18:59]: 9128
[13:18:59]: 9129
[13:19:00]: 9128
[13:19:00]: 9128
[13:19:00]: 9129
[13:19:01]: 9128
[13:19:01]: 9129
[13:19:01]: 9129
[13:19:02]: 9129
[13:19:02]: 9129
[13:19:02]: 9130
[13:19:02]: 9129
[13:19:03]: 9130
[13:19:03]: 9130
[13:19:03]: 9130
[13:19:04]: 9130
[13:19:04]: 9130
[13:19:04]: 9130
[13:19:05]: 9131
[13:19:05]: 9131
[13:19:05]: 9131
[13:19:05]: 9132
[13:19:06]: 9132
[13:19:06]: 9132
[13:19:07]: 9131
[13:19:07]: 9131
[13:19:07]: 9132
[13:19:07]: 9131
[13:19:08]: 9131
[13:19:08]: 9133
[13:19:08]: 9133
[13:19:09]: 9132
[13:19:09]: 9132
[13:19:09]: 9133
[13:19:10]: 9133
[13:19:10]: 9133
[13:19:10]: 9133
[13:19:10]: 9133
[13:19:11]: 9133
[13:19:11]: 9134
[13:19:11]: 9133
[13:19:12]: 9133
[13:19:12]: 9134
[13:19:12]: 9133
[13:19:13]: 9133
[13:19:13]: 9135
[13:19:13]: 9133
[13:19:14]: 9134
[13:19:14]: 9134
[13:19:14]: 9134
[13:19:15]: 9134
[13:19:15]: 9135
[13:19:15]: 9135
[13:19:15]: 9135
 Close valve LR1
[13:19:16]: W2 OH-
 Open valve LRW2
 Open valve V24
[13:19:16]: 9136
[13:19:16]: 9129
[13:19:17]: 9127
[13:19:17]: 9125
[13:19:17]: 9124
[13:19:18]: 9121
[13:19:18]: 9122
[13:19:18]: 9120
[13:19:19]: 9121
[13:19:19]: 9121
[13:19:19]: 9119
[13:19:19]: 9120
[13:19:20]: 9120
[13:19:20]: 9120
[13:19:20]: 9120
[13:19:21]: 9119
[13:19:21]: 9119
[13:19:21]: 9120
[13:19:22]: 9119
[13:19:22]: 9119
[13:19:22]: 9119
[13:19:23]: 9119
[13:19:23]: 9119
[13:19:23]: 9119
[13:19:24]: 9118
[13:19:24]: 9118
[13:19:24]: 9119
[13:19:24]: 9118
[13:19:25]: 9118
[13:19:25]: 9119
[13:19:25]: 9118
[13:19:26]: 9118
[13:19:26]: 9118
[13:19:26]: 9119
[13:19:27]: 9118
[13:19:27]: 9118
[13:19:27]: 9118
[13:19:28]: 9117
[13:19:28]: 9118
[13:19:28]: 9117
[13:19:29]: 9117
[13:19:29]: 9116
[13:19:29]: 9118
[13:19:30]: 9118
[13:19:30]: 9117
[13:19:30]: 9117
[13:19:30]: 9117
[13:19:31]: 9117
[13:19:31]: 9116
[13:19:32]: 9118
[13:19:32]: 9117
[13:19:32]: 9117
[13:19:33]: 9117
[13:19:33]: 9117
[13:19:33]: 9116
[13:19:33]: 9116
[13:19:34]: 9116
[13:19:34]: 9116
[13:19:34]: 9117
[13:19:35]: 9117
 Close valve V24
 Close valve LRW2
[13:19:35]: CROSS H+
 Open valve LR2
[13:19:35]: 9115
[13:19:36]: 9128
[13:19:36]: 9131
[13:19:36]: 9132
[13:19:37]: 9132
[13:19:37]: 9132
[13:19:37]: 9132
[13:19:38]: 9133
[13:19:38]: 9133
[13:19:38]: 9133
[13:19:39]: 9133
[13:19:39]: 9133
[13:19:39]: 9133
[13:19:39]: 9134
[13:19:40]: 9134
[13:19:40]: 9134
[13:19:40]: 9134
[13:19:41]: 9134
[13:19:41]: 9134
[13:19:42]: 9134
[13:19:42]: 9134
[13:19:42]: 9135
[13:19:42]: 9135
[13:19:43]: 9135
[13:19:43]: 9136
[13:19:43]: 9135
[13:19:44]: 9135
[13:19:44]: 9135
[13:19:44]: 9136
[13:19:45]: 9136
[13:19:45]: 9136
[13:19:45]: 9136
[13:19:46]: 9137
[13:19:46]: 9136
[13:19:46]: 9137
[13:19:47]: 9137
[13:19:47]: 9137
[13:19:47]: 9137
[13:19:48]: 9137
[13:19:48]: 9138
[13:19:48]: 9138
[13:19:49]: 9138
[13:19:49]: 9138
[13:19:49]: 9138
[13:19:50]: 9138
[13:19:50]: 9139
[13:19:50]: 9139
[13:19:51]: 9139
[13:19:51]: 9139
[13:19:51]: 9138
[13:19:52]: 9139
[13:19:52]: 9139
[13:19:52]: 9140
[13:19:53]: 9139
[13:19:53]: 9140
[13:19:53]: 9140
[13:19:54]: 9140
[13:19:54]: 9141
[13:19:54]: 9140
[13:19:55]: 9140
 Close valve LR2
[13:19:55]: W2 OH-
 Open valve LRW2
 Open valve V24
[13:19:55]: 9135

