 Close valve HP_IN
 Close valve HP_OUT
 Close valve L1_OUT
 Close valve L2_OUT
 Close valve L3_OUT
 Close valve L_HP
 Close valve LR1
 Close valve LR2
 Close valve LR3
 Close valve LR4
 Close valve LRW2
 Close valve LWASTE
 Close valve R1_4
 Close valve V21
 Close valve V24
 Close valve V4
 Close valve VH
 Close valve W1
 Close valve W2
 Close valve W3
 Open valve HP_IN
 Open valve W2
 Open valve R1_4
 Open valve V21
[20:15:25]: Forward liquid flow activated
[20:15:25]: AIR
 Open valve HP_OUT
 Open valve L_HP
 Open valve V24
 Close valve V24
 Close valve L_HP
 Close valve HP_OUT
[20:15:45]: W2 OH-
 Open valve LRW2
[20:15:45]: 9180
[20:15:46]: 8493
[20:15:46]: 8495
[20:15:46]: 8512
[20:15:47]: 8517
[20:15:47]: 8522
[20:15:47]: 8530
[20:15:48]: 8525
[20:15:48]: 8524
[20:15:48]: 8521
[20:15:49]: 8523
[20:15:49]: 8525
[20:15:49]: 8524
[20:15:49]: 8524
[20:15:50]: 8528
[20:15:50]: 8529
[20:15:50]: 8539
[20:15:51]: 8536
[20:15:51]: 8534
[20:15:52]: 8534
[20:15:52]: 8532
[20:15:52]: 8531
[20:15:52]: 8531
[20:15:53]: 8530
[20:15:53]: 8533
[20:15:53]: 8533
[20:15:54]: 8533
[20:15:54]: 8686
[20:15:54]: 8525
[20:15:55]: 8510
[20:15:55]: 8527
[20:15:55]: 8548
[20:15:56]: 8527
[20:15:56]: 8546
[20:15:57]: 8545
[20:15:57]: 8544
[20:15:57]: 8529
[20:15:57]: 8527
[20:15:58]: 8548
[20:15:58]: 8530
[20:15:58]: 8539
[20:15:59]: 8535
[20:15:59]: 8529
[20:15:59]: 8530
[20:16:00]: 8550
[20:16:00]: 8540
[20:16:00]: 8531
[20:16:01]: 8552
[20:16:01]: 8551
[20:16:01]: 8542
 Close valve LRW2
[20:16:01]: Loop start
[20:16:01]: W2 OH-
 Open valve LRW2
[20:16:02]: 8544
[20:16:02]: 8535
[20:16:02]: 8537
[20:16:03]: 8554
[20:16:03]: 8557
[20:16:03]: 8550
[20:16:04]: 8544
[20:16:04]: 8554
[20:16:04]: 8549
[20:16:05]: 8538
[20:16:05]: 8557
[20:16:05]: 8549
[20:16:05]: 8549
[20:16:06]: 8558
[20:16:06]: 8560
[20:16:06]: 8552
[20:16:07]: 8543
[20:16:07]: 8547
[20:16:07]: 8557
[20:16:08]: 8561
[20:16:08]: 8556
[20:16:08]: 8560
[20:16:09]: 8541
[20:16:09]: 8543
[20:16:09]: 8558
[20:16:10]: 8549
[20:16:10]: 8556
[20:16:10]: 8551
[20:16:11]: 8562
[20:16:11]: 8546
[20:16:11]: 8559
[20:16:12]: 8550
[20:16:12]: 8560
[20:16:12]: 8547
[20:16:12]: 8544
[20:16:13]: 8550
[20:16:13]: 8566
[20:16:13]: 8545
[20:16:14]: 8564
[20:16:14]: 8548
[20:16:14]: 8558
[20:16:15]: 8566
[20:16:15]: 8547
[20:16:15]: 8549
[20:16:16]: 8558
[20:16:16]: 8554
[20:16:16]: 8548
[20:16:16]: 8570
[20:16:17]: 8548
[20:16:17]: 8552
 Close valve LRW2
[20:16:18]: CIRCLE H+
 Open valve LR1
[20:16:19]: 8549
[20:16:19]: 9238
[20:16:19]: 9242
[20:16:19]: 9234
[20:16:20]: 9098
[20:16:20]: 9217
[20:16:20]: 9251
[20:16:21]: 9254
[20:16:21]: 9252
[20:16:21]: 9252
[20:16:22]: 9253
[20:16:22]: 9253
[20:16:22]: 9253
[20:16:23]: 9253
[20:16:23]: 9253
[20:16:23]: 9255
[20:16:24]: 9255
[20:16:24]: 9254
[20:16:24]: 9256
[20:16:25]: 9256
[20:16:25]: 9256
[20:16:25]: 9257
[20:16:25]: 9258
[20:16:26]: 9258
[20:16:26]: 9256
[20:16:26]: 9258
[20:16:27]: 9258
[20:16:27]: 9258
[20:16:27]: 9257
[20:16:28]: 9259
[20:16:28]: 9257
[20:16:28]: 9259
[20:16:29]: 9260
[20:16:29]: 9260
[20:16:29]: 9260
[20:16:30]: 9260
[20:16:30]: 9261
[20:16:30]: 9261
[20:16:31]: 9260
[20:16:31]: 9260
[20:16:31]: 9263
[20:16:31]: 9262
[20:16:32]: 9261
[20:16:32]: 9262
[20:16:32]: 9263
[20:16:33]: 9262
[20:16:33]: 9264
[20:16:33]: 9264
[20:16:34]: 9264
[20:16:34]: 9262
 Close valve LR1
[20:16:35]: W2 OH-
 Open valve LRW2
[20:16:35]: 9297
[20:16:36]: 8633
[20:16:36]: 8562
[20:16:36]: 8557
[20:16:37]: 8574
[20:16:37]: 8563
[20:16:37]: 8575
[20:16:38]: 8584
[20:16:38]: 8569
[20:16:38]: 8564
[20:16:39]: 8586
[20:16:39]: 8565
[20:16:39]: 8569
[20:16:40]: 8580
[20:16:40]: 8571
[20:16:40]: 8576
[20:16:40]: 8589
[20:16:41]: 8567
[20:16:41]: 8573
[20:16:41]: 8581
[20:16:42]: 8573
[20:16:42]: 8588
[20:16:42]: 8578
[20:16:43]: 8571
[20:16:43]: 8582
[20:16:43]: 8576
[20:16:44]: 8571
[20:16:44]: 8592
[20:16:44]: 8571
[20:16:45]: 8578
[20:16:45]: 8571
[20:16:45]: 8572
[20:16:46]: 8579
[20:16:46]: 8581
[20:16:46]: 8584
[20:16:47]: 8592
[20:16:47]: 8591
[20:16:47]: 8583
[20:16:48]: 8594
[20:16:48]: 8590
[20:16:48]: 8581
[20:16:49]: 8593
[20:16:49]: 8586
[20:16:49]: 8578
[20:16:49]: 8573
[20:16:50]: 8596
[20:16:50]: 8590
[20:16:50]: 8581
[20:16:51]: 8575
[20:16:51]: 8597
 Close valve LRW2
[20:16:52]: CROSS H+
 Open valve LR2
[20:16:53]: 9288
[20:16:53]: 9284
[20:16:53]: 9178
[20:16:54]: 9268
[20:16:54]: 9316
[20:16:54]: 9339
[20:16:54]: 9343
[20:16:55]: 9346
[20:16:55]: 9346
[20:16:55]: 9347
[20:16:56]: 9346
[20:16:56]: 9346
[20:16:56]: 9347
[20:16:57]: 9345
[20:16:57]: 9345
[20:16:57]: 9345
[20:16:58]: 9345
[20:16:58]: 9345
[20:16:58]: 9344
[20:16:59]: 9345
[20:16:59]: 9344
[20:16:59]: 9345
[20:17:00]: 9345
[20:17:00]: 9343
[20:17:00]: 9343
[20:17:01]: 9343
[20:17:01]: 9343
[20:17:01]: 9342
[20:17:02]: 9343
[20:17:02]: 9343
[20:17:02]: 9342
[20:17:03]: 9342
[20:17:03]: 9342
[20:17:03]: 9342
[20:17:04]: 9342
[20:17:04]: 9342
[20:17:04]: 9341
[20:17:05]: 9341
[20:17:05]: 9340
[20:17:05]: 9341
[20:17:05]: 9340
[20:17:06]: 9340
[20:17:06]: 9341
[20:17:06]: 9341
[20:17:07]: 9340
[20:17:07]: 9339
[20:17:07]: 9339
[20:17:08]: 9340
[20:17:08]: 9340
[20:17:08]: 9340
 Close valve LR2
[20:17:09]: W2 OH-
 Open valve LRW2
[20:17:10]: 9314
[20:17:10]: 8647
[20:17:10]: 8604
[20:17:11]: 8603
[20:17:11]: 8623
[20:17:11]: 8617
[20:17:12]: 8611
[20:17:12]: 8634
[20:17:12]: 8619
[20:17:13]: 8629
[20:17:13]: 8629
[20:17:13]: 8616
[20:17:14]: 8612
[20:17:14]: 8635
[20:17:14]: 8624
[20:17:15]: 8611
[20:17:15]: 8610
[20:17:15]: 8614
[20:17:16]: 8622
[20:17:16]: 8619
[20:17:16]: 8614
[20:17:17]: 8615
[20:17:17]: 8621
[20:17:17]: 8623
[20:17:18]: 8633
[20:17:18]: 8628
[20:17:18]: 8619
[20:17:19]: 8614
[20:17:19]: 8615
[20:17:19]: 8622
[20:17:19]: 8631
[20:17:20]: 8617
[20:17:20]: 8633
[20:17:20]: 8616
[20:17:21]: 8618
[20:17:21]: 8630
[20:17:21]: 8622
[20:17:22]: 8615
[20:17:22]: 8638
[20:17:22]: 8635
[20:17:23]: 8633
[20:17:23]: 8625
[20:17:23]: 8617
[20:17:24]: 8615
[20:17:24]: 8638
[20:17:24]: 8629
[20:17:24]: 8624
[20:17:25]: 8635
[20:17:25]: 8638
[20:17:25]: 8631
 Close valve LRW2
[20:17:26]: SQUARE H+
 Open valve LR3
[20:17:27]: 9310
[20:17:27]: 9323
[20:17:28]: 9329
[20:17:28]: 9336
[20:17:28]: 9342
[20:17:29]: 9344
[20:17:29]: 9347
[20:17:29]: 9341
[20:17:29]: 9344
[20:17:30]: 9344
[20:17:30]: 9344
[20:17:30]: 9342
[20:17:31]: 9342
[20:17:31]: 9341
[20:17:31]: 9341
[20:17:32]: 9341
[20:17:32]: 9340
[20:17:32]: 9336
[20:17:32]: 9339
[20:17:33]: 9339
[20:17:33]: 9339
[20:17:33]: 9338
[20:17:34]: 9337
[20:17:34]: 9337
[20:17:34]: 9337
[20:17:35]: 9337
[20:17:35]: 9337
[20:17:35]: 9337
[20:17:36]: 9335
[20:17:36]: 9335
[20:17:36]: 9336
[20:17:37]: 9336
[20:17:37]: 9335
[20:17:37]: 9335
[20:17:38]: 9334
[20:17:38]: 9335
[20:17:38]: 9333
[20:17:39]: 9334
[20:17:39]: 9333
[20:17:39]: 9333
[20:17:40]: 9333
[20:17:40]: 9333
[20:17:40]: 9332
[20:17:40]: 9331
[20:17:41]: 9333
[20:17:41]: 9333
[20:17:41]: 9332
[20:17:42]: 9331
[20:17:42]: 9331
[20:17:42]: 9331
 Close valve LR3
[20:17:43]: W2 OH-
 Open valve LRW2
[20:17:44]: 9323
[20:17:44]: 8726
[20:17:44]: 8637
[20:17:45]: 8631
[20:17:45]: 8649
[20:17:45]: 8642
[20:17:46]: 8637
[20:17:46]: 8635
[20:17:46]: 8650
[20:17:47]: 8641
[20:17:47]: 8641
[20:17:47]: 8650
[20:17:48]: 8651
[20:17:48]: 8651
[20:17:48]: 8651
[20:17:49]: 8636
[20:17:49]: 8648
[20:17:49]: 8635
[20:17:50]: 8642
[20:17:50]: 8639
[20:17:50]: 8646
[20:17:51]: 8644
[20:17:51]: 8641
[20:17:51]: 8650
[20:17:51]: 8653
[20:17:52]: 8633
[20:17:52]: 8651
[20:17:52]: 8646
[20:17:53]: 8635
[20:17:53]: 8647
[20:17:53]: 8638
[20:17:54]: 8632
[20:17:54]: 8651
[20:17:54]: 8631
[20:17:55]: 8634
[20:17:55]: 8645
[20:17:55]: 8636
[20:17:56]: 8632
[20:17:56]: 8634
[20:17:56]: 8645
[20:17:56]: 8637
[20:17:57]: 8631
[20:17:57]: 8642
[20:17:58]: 8649
[20:17:58]: 8638
[20:17:58]: 8634
[20:17:58]: 8649
[20:17:59]: 8631
[20:17:59]: 8636
[20:17:59]: 8640
 Close valve LRW2
[20:18:00]: PLUS H+
 Open valve LR4
[20:18:01]: 9341
[20:18:01]: 9327
[20:18:02]: 9326
[20:18:02]: 9335
[20:18:02]: 9341
[20:18:03]: 9341
[20:18:03]: 9346
[20:18:03]: 9344
[20:18:04]: 9338
[20:18:04]: 9342
[20:18:04]: 9340
[20:18:05]: 9344
[20:18:05]: 9339
[20:18:05]: 9337
[20:18:06]: 9336
[20:18:06]: 9343
[20:18:06]: 9338
[20:18:07]: 9335
[20:18:07]: 9336
[20:18:07]: 9336
[20:18:08]: 9336
[20:18:08]: 9336
[20:18:08]: 9336
[20:18:09]: 9335
[20:18:09]: 9334
[20:18:09]: 9336
[20:18:09]: 9333
[20:18:10]: 9333
[20:18:10]: 9334
[20:18:10]: 9334
[20:18:11]: 9333
[20:18:11]: 9333
[20:18:11]: 9332
[20:18:12]: 9333
[20:18:12]: 9333
[20:18:12]: 9332
[20:18:13]: 9331
[20:18:13]: 9331
[20:18:13]: 9331
[20:18:14]: 9330
[20:18:14]: 9330
[20:18:14]: 9330
[20:18:15]: 9330
[20:18:15]: 9330
[20:18:15]: 9329
[20:18:16]: 9330
[20:18:16]: 9328
[20:18:16]: 9328
[20:18:17]: 9328
[20:18:17]: 9328
 Close valve LR4
[20:18:18]: W2 OH-
 Open valve LRW2
[20:18:18]: 9337
[20:18:19]: 8654
[20:18:19]: 8611
[20:18:19]: 8615
[20:18:20]: 8626
[20:18:20]: 8618
[20:18:20]: 8632
[20:18:21]: 8634
[20:18:21]: 8627
[20:18:21]: 8620
[20:18:22]: 8617
[20:18:22]: 8620
[20:18:22]: 8630
[20:18:22]: 8634
[20:18:23]: 8619
[20:18:23]: 8620
[20:18:23]: 8627
[20:18:24]: 8618
[20:18:24]: 8633
[20:18:25]: 8635
[20:18:25]: 8629
[20:18:25]: 8621
[20:18:25]: 8618
[20:18:26]: 8621
[20:18:26]: 8630
[20:18:26]: 8623
[20:18:27]: 8631
[20:18:27]: 8620
[20:18:27]: 8634
[20:18:28]: 8623
[20:18:28]: 8626
[20:18:28]: 8620
[20:18:29]: 8618
[20:18:29]: 8619
[20:18:29]: 8634
[20:18:30]: 8619
[20:18:30]: 8624
[20:18:30]: 8624
[20:18:31]: 8619
[20:18:31]: 8618
[20:18:31]: 8633
[20:18:31]: 8625
[20:18:32]: 8620
[20:18:32]: 8633
[20:18:32]: 8629
[20:18:33]: 8619
[20:18:33]: 8629
[20:18:33]: 8622
[20:18:34]: 8617
[20:18:34]: 8627
 Close valve LRW2
[20:18:35]: CIRCLE H+
 Open valve LR1
[20:18:35]: 9326
[20:18:36]: 9336
[20:18:36]: 9335
[20:18:36]: 9343
[20:18:37]: 9347
[20:18:37]: 9349
[20:18:37]: 9348
[20:18:38]: 9348
[20:18:38]: 9349
[20:18:38]: 9348
[20:18:39]: 9347
[20:18:39]: 9347
[20:18:39]: 9346
[20:18:40]: 9347
[20:18:40]: 9347
[20:18:40]: 9346
[20:18:41]: 9346
[20:18:41]: 9346
[20:18:41]: 9346
[20:18:41]: 9345
[20:18:42]: 9344
[20:18:42]: 9345
[20:18:42]: 9345
[20:18:43]: 9345
[20:18:43]: 9344
[20:18:43]: 9344
[20:18:44]: 9342
[20:18:44]: 9342
[20:18:44]: 9343
[20:18:45]: 9343
[20:18:45]: 9342
[20:18:45]: 9342
[20:18:46]: 9341
[20:18:46]: 9342
[20:18:46]: 9342
[20:18:47]: 9341
[20:18:47]: 9340
[20:18:47]: 9341
[20:18:47]: 9341
[20:18:48]: 9339
[20:18:48]: 9340
[20:18:49]: 9339
[20:18:49]: 9338
[20:18:49]: 9339
[20:18:49]: 9338
[20:18:50]: 9338
[20:18:50]: 9338
[20:18:50]: 9338
[20:18:51]: 9337
[20:18:51]: 9337
 Close valve LR1
[20:18:52]: W2 OH-
 Open valve LRW2
[20:18:52]: 9302
[20:18:53]: 8668
[20:18:53]: 8618
[20:18:53]: 8610
[20:18:54]: 8601
[20:18:54]: 8620
[20:18:54]: 8604
[20:18:55]: 8605
[20:18:55]: 8614
[20:18:55]: 8607
[20:18:56]: 8605
[20:18:56]: 8607
[20:18:56]: 8617
[20:18:57]: 8610
[20:18:57]: 8619
[20:18:57]: 8623
[20:18:57]: 8618
[20:18:58]: 8609
[20:18:58]: 8618
[20:18:59]: 8606
[20:18:59]: 8623
[20:18:59]: 8620
[20:18:59]: 8608
[20:19:00]: 8615
[20:19:00]: 8623
[20:19:00]: 8606
[20:19:01]: 8614
[20:19:01]: 8619
[20:19:01]: 8612
[20:19:02]: 8617
[20:19:02]: 8607
[20:19:02]: 8619
[20:19:03]: 8622
[20:19:03]: 8617
[20:19:03]: 8624
[20:19:04]: 8611
[20:19:04]: 8620
[20:19:04]: 8608
[20:19:04]: 8622
[20:19:05]: 8620
[20:19:05]: 8620
[20:19:05]: 8607
[20:19:06]: 8606
[20:19:06]: 8622
[20:19:06]: 8615
[20:19:07]: 8609
[20:19:07]: 8618
[20:19:07]: 8611
[20:19:08]: 8618
[20:19:08]: 8624
 Close valve LRW2
[20:19:09]: CROSS H+
 Open valve LR2
[20:19:09]: 9329
[20:19:10]: 9343
[20:19:10]: 9346
[20:19:10]: 9354
[20:19:11]: 9358
[20:19:11]: 9359
[20:19:11]: 9361
[20:19:12]: 9361
[20:19:12]: 9361
[20:19:12]: 9359
[20:19:13]: 9359
[20:19:13]: 9358
[20:19:13]: 9357
[20:19:14]: 9357
[20:19:14]: 9357
[20:19:14]: 9356
[20:19:15]: 9355
[20:19:15]: 9356
[20:19:15]: 9355
[20:19:16]: 9355
[20:19:16]: 9355
[20:19:16]: 9353
[20:19:17]: 9354
[20:19:17]: 9354
[20:19:17]: 9353
[20:19:18]: 9353
[20:19:18]: 9353
[20:19:18]: 9352
[20:19:19]: 9351
[20:19:19]: 9351
[20:19:19]: 9351
[20:19:20]: 9350
[20:19:20]: 9350
[20:19:20]: 9350
[20:19:21]: 9349
[20:19:21]: 9350
[20:19:21]: 9349
[20:19:22]: 9348
[20:19:22]: 9348
[20:19:22]: 9348
[20:19:23]: 9347
[20:19:23]: 9348
[20:19:23]: 9348
[20:19:23]: 9347
[20:19:24]: 9347
[20:19:24]: 9346
[20:19:25]: 9347
[20:19:25]: 9346
[20:19:25]: 9345
[20:19:26]: 9346
 Close valve LR2
[20:19:27]: W2 OH-
 Open valve LRW2
[20:19:27]: 9348
[20:19:27]: 8677
[20:19:28]: 8611
[20:19:28]: 8593
[20:19:28]: 8604
[20:19:29]: 8599
[20:19:29]: 8613
[20:19:29]: 8597
[20:19:30]: 8605
[20:19:30]: 8599
[20:19:30]: 8602
[20:19:31]: 8608
[20:19:31]: 8599
[20:19:31]: 8617
[20:19:31]: 8616
[20:19:32]: 8600
[20:19:32]: 8607
[20:19:32]: 8617
[20:19:33]: 8613
[20:19:33]: 8601
[20:19:33]: 8609
[20:19:34]: 8618
[20:19:34]: 8600
[20:19:34]: 8601
[20:19:35]: 8602
[20:19:35]: 8611
[20:19:35]: 8603
[20:19:36]: 8599
[20:19:36]: 8618
[20:19:36]: 8611
[20:19:37]: 8603
[20:19:37]: 8616
[20:19:37]: 8601
[20:19:37]: 8600
[20:19:38]: 8613
[20:19:38]: 8605
[20:19:38]: 8614
[20:19:39]: 8601
[20:19:39]: 8599
[20:19:39]: 8617
[20:19:40]: 8605
[20:19:40]: 8615
[20:19:40]: 8618
[20:19:41]: 8599
[20:19:41]: 8605
[20:19:41]: 8615
[20:19:42]: 8617
[20:19:42]: 8610
[20:19:42]: 8607
[20:19:43]: 8614
 Close valve LRW2
[20:19:44]: SQUARE H+
 Open valve LR3
[20:19:44]: 9337
[20:19:44]: 9338
[20:19:45]: 9342
[20:19:45]: 9349
[20:19:46]: 9351
[20:19:46]: 9353
[20:19:46]: 9353
[20:19:47]: 9352
[20:19:47]: 9352
[20:19:47]: 9351
[20:19:48]: 9350
[20:19:48]: 9350
[20:19:48]: 9350
[20:19:49]: 9348
[20:19:49]: 9348
[20:19:49]: 9347
[20:19:50]: 9347
[20:19:50]: 9346
[20:19:50]: 9347
[20:19:51]: 9346
[20:19:51]: 9346
[20:19:51]: 9346
[20:19:52]: 9344
[20:19:52]: 9344
[20:19:52]: 9343
[20:19:53]: 9344
[20:19:53]: 9344
[20:19:53]: 9343
[20:19:54]: 9342
[20:19:54]: 9342
[20:19:54]: 9342
[20:19:55]: 9342
[20:19:55]: 9342
[20:19:55]: 9341
[20:19:56]: 9341
[20:19:56]: 9341
[20:19:56]: 9340
[20:19:57]: 9340
[20:19:57]: 9340
[20:19:57]: 9339
[20:19:58]: 9338
[20:19:58]: 9339
[20:19:58]: 9338
[20:19:59]: 9338
[20:19:59]: 9337
[20:19:59]: 9337
[20:20:00]: 9337
[20:20:00]: 9338
[20:20:00]: 9336
[20:20:01]: 9337
 Close valve LR3
[20:20:02]: W2 OH-
 Open valve LRW2
[20:20:02]: 9335
[20:20:02]: 8656
[20:20:03]: 8599
[20:20:03]: 8584
[20:20:03]: 8584
[20:20:04]: 8592
[20:20:04]: 8603
[20:20:04]: 8610
[20:20:05]: 8589
[20:20:05]: 8594
[20:20:05]: 8606
[20:20:06]: 8612
[20:20:06]: 8613
[20:20:06]: 8607
[20:20:07]: 8597
[20:20:07]: 8609
[20:20:07]: 8613
[20:20:08]: 8593
[20:20:08]: 8610
[20:20:08]: 8611
[20:20:09]: 8593
[20:20:09]: 8614
[20:20:09]: 8610
[20:20:09]: 8601
[20:20:10]: 8607
[20:20:10]: 8613
[20:20:10]: 8595
[20:20:11]: 8591
[20:20:11]: 8599
[20:20:12]: 8593
[20:20:12]: 8598
[20:20:12]: 8610
[20:20:13]: 8611
[20:20:13]: 8601
[20:20:13]: 8612
[20:20:14]: 8604
[20:20:14]: 8595
[20:20:14]: 8609
[20:20:15]: 8596
[20:20:15]: 8593
[20:20:15]: 8594
[20:20:16]: 8604
[20:20:16]: 8613
[20:20:16]: 8610
[20:20:17]: 8610
[20:20:17]: 8595
[20:20:18]: 8612
[20:20:18]: 8611
[20:20:18]: 8607
[20:20:19]: 8613
 Close valve LRW2
[20:20:20]: PLUS H+
 Open valve LR4
[20:20:20]: 9334
[20:20:20]: 9327
[20:20:21]: 9327
[20:20:21]: 9336
[20:20:21]: 9339
[20:20:22]: 9341
[20:20:22]: 9342
[20:20:22]: 9344
[20:20:23]: 9344
[20:20:23]: 9342
[20:20:23]: 9342
[20:20:24]: 9342
[20:20:24]: 9341
[20:20:24]: 9340
[20:20:25]: 9340
[20:20:25]: 9339
[20:20:25]: 9339
[20:20:26]: 9339
[20:20:26]: 9338
[20:20:26]: 9337
[20:20:27]: 9337
[20:20:27]: 9337
[20:20:27]: 9337
[20:20:27]: 9335
[20:20:28]: 9335
[20:20:28]: 9336
[20:20:28]: 9335
[20:20:29]: 9334
[20:20:29]: 9334
[20:20:29]: 9334
[20:20:30]: 9333
[20:20:30]: 9332
[20:20:30]: 9332
[20:20:31]: 9332
[20:20:31]: 9331
[20:20:31]: 9332
[20:20:32]: 9332
[20:20:32]: 9331
[20:20:32]: 9330
[20:20:33]: 9330
[20:20:33]: 9329
[20:20:33]: 9330
[20:20:34]: 9328
[20:20:34]: 9328
[20:20:34]: 9329
[20:20:35]: 9329
[20:20:35]: 9328
[20:20:35]: 9328
[20:20:36]: 9326
[20:20:36]: 9327
 Close valve LR4
[20:20:37]: W2 OH-
 Open valve LRW2
[20:20:37]: 9325
[20:20:38]: 8625
[20:20:38]: 8576
[20:20:38]: 8591
[20:20:39]: 8592
[20:20:39]: 8586
[20:20:39]: 8579
[20:20:40]: 8601
[20:20:40]: 8597
[20:20:40]: 8587
[20:20:41]: 8602
[20:20:41]: 8582
[20:20:41]: 8585
[20:20:42]: 8596
[20:20:42]: 8586
[20:20:42]: 8581
[20:20:42]: 8604
[20:20:43]: 8595
[20:20:43]: 8594
[20:20:43]: 8583
[20:20:44]: 8602
[20:20:44]: 8604
[20:20:44]: 8584
[20:20:45]: 8584
[20:20:45]: 8594
[20:20:45]: 8584
[20:20:46]: 8606
[20:20:46]: 8592
[20:20:46]: 8604
[20:20:47]: 8605
[20:20:47]: 8586
[20:20:47]: 8596
[20:20:48]: 8607
[20:20:48]: 8604
[20:20:48]: 8588
[20:20:49]: 8599
[20:20:49]: 8589
[20:20:49]: 8585
[20:20:50]: 8591
[20:20:50]: 8595
[20:20:50]: 8587
[20:20:51]: 8599
[20:20:51]: 8607
[20:20:51]: 8602
[20:20:52]: 8592
[20:20:52]: 8604
[20:20:52]: 8588
[20:20:53]: 8600
[20:20:53]: 8590
[20:20:53]: 8606
 Close valve LRW2
[20:20:54]: CIRCLE H+
 Open valve LR1
[20:20:55]: 9324
[20:20:55]: 9331
[20:20:55]: 9336
[20:20:56]: 9342
[20:20:56]: 9344
[20:20:56]: 9345
[20:20:57]: 9345
[20:20:57]: 9346
[20:20:57]: 9345
[20:20:58]: 9344
[20:20:58]: 9344
[20:20:58]: 9344
[20:20:58]: 9343
[20:20:59]: 9342
[20:20:59]: 9342
[20:20:59]: 9341
[20:21:00]: 9342
[20:21:00]: 9342
[20:21:00]: 9340
[20:21:01]: 9341
[20:21:01]: 9339
[20:21:01]: 9339
[20:21:02]: 9339
[20:21:02]: 9339
[20:21:02]: 9339
[20:21:03]: 9338
[20:21:03]: 9337
[20:21:03]: 9337
[20:21:04]: 9338
[20:21:04]: 9338
[20:21:04]: 9337
[20:21:05]: 9336
[20:21:05]: 9336
[20:21:05]: 9336
[20:21:06]: 9335
[20:21:06]: 9335
[20:21:06]: 9335
[20:21:06]: 9334
[20:21:07]: 9334
[20:21:07]: 9335
[20:21:07]: 9334
[20:21:08]: 9334
[20:21:08]: 9333
[20:21:08]: 9333
[20:21:09]: 9332
[20:21:09]: 9332
[20:21:09]: 9332
[20:21:10]: 9333
[20:21:10]: 9332
[20:21:10]: 9331
 Close valve LR1
[20:21:11]: W2 OH-
 Open valve LRW2
[20:21:12]: 9325
[20:21:12]: 8614
[20:21:12]: 8594
[20:21:13]: 8578
[20:21:13]: 8573
[20:21:13]: 8575
[20:21:14]: 8595
[20:21:14]: 8586
[20:21:14]: 8593
[20:21:15]: 8578
[20:21:15]: 8580
[20:21:15]: 8590
[20:21:16]: 8585
[20:21:16]: 8599
[20:21:16]: 8603
[20:21:17]: 8580
[20:21:17]: 8588
[20:21:17]: 8589
[20:21:17]: 8581
[20:21:18]: 8603
[20:21:18]: 8597
[20:21:18]: 8586
[20:21:19]: 8601
[20:21:19]: 8591
[20:21:20]: 8582
[20:21:20]: 8597
[20:21:20]: 8604
[20:21:20]: 8598
[20:21:21]: 8586
[20:21:21]: 8599
[20:21:21]: 8604
[20:21:22]: 8582
[20:21:22]: 8591
[20:21:22]: 8603
[20:21:23]: 8582
[20:21:23]: 8583
[20:21:23]: 8599
[20:21:24]: 8598
[20:21:24]: 8587
[20:21:24]: 8602
[20:21:25]: 8592
[20:21:25]: 8588
[20:21:25]: 8583
[20:21:26]: 8584
[20:21:26]: 8600
[20:21:26]: 8605
[20:21:27]: 8584
[20:21:27]: 8586
[20:21:27]: 8584
[20:21:28]: 8606
 Close valve LRW2
[20:21:29]: CROSS H+
 Open valve LR2
[20:21:29]: 9325
[20:21:29]: 9336
[20:21:30]: 9343
[20:21:30]: 9348
[20:21:30]: 9352
[20:21:31]: 9355
[20:21:31]: 9355
[20:21:32]: 9355
[20:21:32]: 9354
[20:21:32]: 9354
[20:21:32]: 9352
[20:21:33]: 9351
[20:21:33]: 9351
[20:21:33]: 9351
[20:21:34]: 9350
[20:21:34]: 9349
[20:21:34]: 9349
[20:21:35]: 9349
[20:21:35]: 9348
[20:21:35]: 9348
[20:21:36]: 9348
[20:21:36]: 9348
[20:21:36]: 9346
[20:21:37]: 9346
[20:21:37]: 9346
[20:21:37]: 9347
[20:21:38]: 9346
[20:21:38]: 9345
[20:21:38]: 9346
[20:21:39]: 9345
[20:21:39]: 9344
[20:21:39]: 9344
[20:21:40]: 9343
[20:21:40]: 9344
[20:21:40]: 9343
[20:21:40]: 9342
[20:21:41]: 9343
[20:21:41]: 9342
[20:21:42]: 9342
[20:21:42]: 9341
[20:21:42]: 9341
[20:21:42]: 9342
[20:21:43]: 9341
[20:21:43]: 9340
[20:21:43]: 9341
[20:21:44]: 9340
[20:21:44]: 9340
[20:21:44]: 9340
[20:21:45]: 9339
[20:21:45]: 9340
 Close valve LR2
[20:21:46]: W2 OH-
 Open valve LRW2
[20:21:46]: 9334
[20:21:47]: 8619
[20:21:47]: 8580
[20:21:47]: 8568
[20:21:48]: 8571
[20:21:48]: 8592
[20:21:48]: 8596
[20:21:49]: 8578
[20:21:49]: 8580
[20:21:49]: 8582
[20:21:50]: 8601
[20:21:50]: 8580
[20:21:50]: 8581
[20:21:51]: 8598
[20:21:51]: 8589
[20:21:51]: 8598
[20:21:52]: 8584
[20:21:52]: 8584
[20:21:52]: 8582
[20:21:52]: 8603
[20:21:53]: 8594
[20:21:53]: 8595
[20:21:53]: 8584
[20:21:54]: 8602
[20:21:54]: 8587
[20:21:54]: 8598
[20:21:55]: 8587
[20:21:55]: 8604
[20:21:55]: 8599
[20:21:56]: 8597
[20:21:56]: 8593
[20:21:56]: 8584
[20:21:57]: 8591
[20:21:57]: 8584
[20:21:57]: 8607
[20:21:58]: 8594
[20:21:58]: 8591
[20:21:58]: 8584
[20:21:58]: 8606
[20:21:59]: 8600
[20:21:59]: 8591
[20:21:59]: 8603
[20:22:00]: 8586
[20:22:00]: 8607
[20:22:00]: 8605
[20:22:01]: 8587
[20:22:01]: 8600
[20:22:01]: 8592
[20:22:02]: 8604
[20:22:02]: 8594
 Close valve LRW2
[20:22:03]: SQUARE H+
 Open valve LR3
[20:22:03]: 9327
[20:22:04]: 9329
[20:22:04]: 9336
[20:22:04]: 9340
[20:22:04]: 9343
[20:22:05]: 9346
[20:22:05]: 9346
[20:22:05]: 9347
[20:22:06]: 9347
[20:22:06]: 9346
[20:22:06]: 9345
[20:22:07]: 9344
[20:22:07]: 9343
[20:22:07]: 9343
[20:22:08]: 9342
[20:22:08]: 9342
[20:22:08]: 9342
[20:22:09]: 9342
[20:22:09]: 9341
[20:22:09]: 9340
[20:22:10]: 9340
[20:22:10]: 9339
[20:22:10]: 9339
[20:22:11]: 9339
[20:22:11]: 9338
[20:22:11]: 9337
[20:22:12]: 9337
[20:22:12]: 9337
[20:22:12]: 9336
[20:22:13]: 9337
[20:22:13]: 9335
[20:22:13]: 9336
[20:22:13]: 9336
[20:22:14]: 9334
[20:22:14]: 9334
[20:22:14]: 9335
[20:22:15]: 9334
[20:22:15]: 9333
[20:22:15]: 9334
[20:22:16]: 9334
[20:22:16]: 9332
[20:22:16]: 9333
[20:22:17]: 9332
[20:22:17]: 9332
[20:22:17]: 9332
[20:22:17]: 9332
[20:22:18]: 9331
[20:22:18]: 9332
[20:22:18]: 9331
[20:22:19]: 9330
 Close valve LR3
[20:22:20]: W2 OH-
 Open valve LRW2
[20:22:20]: 9325
[20:22:20]: 8633
[20:22:21]: 8585
[20:22:21]: 8587
[20:22:22]: 8584
[20:22:22]: 8581
[20:22:22]: 8583
[20:22:22]: 8590
[20:22:23]: 8580
[20:22:23]: 8597
[20:22:23]: 8601
[20:22:24]: 8592
[20:22:24]: 8582
[20:22:24]: 8587
[20:22:25]: 8600
[20:22:25]: 8579
[20:22:25]: 8593
[20:22:26]: 8583
[20:22:26]: 8603
[20:22:27]: 8598
[20:22:27]: 8587
[20:22:27]: 8592
[20:22:27]: 8582
[20:22:28]: 8596
[20:22:28]: 8586
[20:22:28]: 8580
[20:22:29]: 8604
[20:22:29]: 8597
[20:22:29]: 8587
[20:22:30]: 8588
[20:22:30]: 8590
[20:22:30]: 8582
[20:22:31]: 8596
[20:22:31]: 8582
[20:22:31]: 8584
[20:22:32]: 8602
[20:22:32]: 8581
[20:22:32]: 8582
[20:22:33]: 8592
[20:22:33]: 8589
[20:22:33]: 8582
[20:22:34]: 8604
[20:22:34]: 8582
[20:22:34]: 8589
[20:22:34]: 8592
[20:22:35]: 8596
[20:22:35]: 8587
[20:22:35]: 8590
[20:22:36]: 8602
[20:22:36]: 8590
 Close valve LRW2
[20:22:37]: PLUS H+
 Open valve LR4
[20:22:38]: 9327
[20:22:38]: 9349
[20:22:38]: 9328
[20:22:38]: 9329
[20:22:39]: 9333
[20:22:39]: 9333
[20:22:39]: 9335
[20:22:40]: 9336
[20:22:40]: 9336
[20:22:40]: 9336
[20:22:41]: 9335
[20:22:41]: 9336
[20:22:41]: 9334
[20:22:42]: 9334
[20:22:42]: 9332
[20:22:42]: 9333
[20:22:43]: 9332
[20:22:43]: 9332
[20:22:43]: 9330
[20:22:44]: 9331
[20:22:44]: 9330
[20:22:44]: 9330
[20:22:45]: 9330
[20:22:45]: 9330
[20:22:45]: 9328
[20:22:45]: 9327
[20:22:46]: 9328
[20:22:46]: 9327
[20:22:46]: 9327
[20:22:47]: 9327
[20:22:47]: 9326
[20:22:47]: 9325
[20:22:48]: 9325
[20:22:48]: 9325
[20:22:48]: 9325
[20:22:49]: 9324
[20:22:49]: 9324
[20:22:49]: 9324
[20:22:50]: 9323
[20:22:50]: 9322
[20:22:50]: 9323
[20:22:51]: 9322
[20:22:51]: 9322
[20:22:51]: 9322
[20:22:51]: 9322
[20:22:52]: 9322
[20:22:52]: 9320
[20:22:52]: 9321
[20:22:53]: 9320
[20:22:53]: 9320
 Close valve LR4
[20:22:54]: W2 OH-
 Open valve LRW2
[20:22:54]: 9326
[20:22:55]: 9330
[20:22:55]: 9334
[20:22:55]: 9325
[20:22:56]: 9325
[20:22:56]: 9319
[20:22:56]: 9510
[20:22:57]: 9383
[20:22:57]: 9263
[20:22:57]: 9379
[20:22:58]: 9454
[20:22:58]: 9485
[20:22:58]: 9359
[20:22:59]: 9555
[20:22:59]: 9650
[20:22:59]: 9330
[20:23:00]: 9403
[20:23:00]: 9317
[20:23:00]: 9382
[20:23:01]: 9440
[20:23:01]: 9557
[20:23:01]: 9633
[20:23:02]: 9701
[20:23:02]: 9772
[20:23:02]: 9836
[20:23:03]: 9634
[20:23:03]: 9514
[20:23:03]: 9551
[20:23:03]: 9412
[20:23:04]: 9604
[20:23:04]: 9671
[20:23:04]: 9721
[20:23:05]: 9773
[20:23:05]: 9825
[20:23:05]: 9863
[20:23:06]: 9908
[20:23:06]: 9616
[20:23:06]: 9703
[20:23:07]: 9804
[20:23:07]: 9801
[20:23:07]: 9816
[20:23:08]: 9830
[20:23:08]: 9845
[20:23:08]: 9850
[20:23:09]: 9382
[20:23:09]: 9682
[20:23:09]: 9491
[20:23:09]: 9598
[20:23:10]: 9427
[20:23:10]: 9592
 Close valve LRW2
[20:23:11]: CIRCLE H+
 Open valve LR1
[20:23:12]: 9532
[20:23:12]: 9318
[20:23:12]: 9339
[20:23:13]: 9363
[20:23:13]: 9378
[20:23:13]: 9392
[20:23:13]: 9402
[20:23:14]: 9414
[20:23:14]: 9426
[20:23:14]: 9434
[20:23:15]: 9445
[20:23:15]: 9454
[20:23:15]: 9460
[20:23:16]: 9468
[20:23:16]: 9476
[20:23:16]: 9484
[20:23:17]: 9492
[20:23:17]: 9501
[20:23:17]: 9509
[20:23:18]: 9516
[20:23:18]: 9521
[20:23:18]: 9528
[20:23:18]: 9536
[20:23:19]: 9541
[20:23:19]: 9548
[20:23:19]: 9555
[20:23:20]: 9562
[20:23:20]: 9569
[20:23:20]: 9573
[20:23:21]: 9581
[20:23:21]: 9587
[20:23:21]: 9593
[20:23:22]: 9599
[20:23:22]: 9607
[20:23:22]: 9611
[20:23:23]: 9617
[20:23:23]: 9625
[20:23:23]: 9631
[20:23:23]: 9634
[20:23:24]: 9641
[20:23:24]: 9647
[20:23:24]: 9651
[20:23:25]: 9657
[20:23:25]: 9663
[20:23:25]: 9666
[20:23:26]: 9674
[20:23:26]: 9680
[20:23:26]: 9686
[20:23:27]: 9692
[20:23:27]: 9699
 Close valve LR1
[20:23:28]: W2 OH-
 Open valve LRW2
[20:23:28]: 9437
[20:23:29]: 8654
[20:23:29]: 8579
[20:23:29]: 8575
[20:23:30]: 8557
[20:23:30]: 8557
[20:23:30]: 8560
[20:23:31]: 8573
[20:23:31]: 8561
[20:23:31]: 8560
[20:23:32]: 8560
[20:23:32]: 8560
[20:23:32]: 8566
[20:23:33]: 8568
[20:23:33]: 8570
[20:23:33]: 8577
[20:23:34]: 8575
[20:23:34]: 8562
[20:23:34]: 8569
[20:23:35]: 8576
[20:23:35]: 8575
[20:23:35]: 8572
[20:23:36]: 8567
[20:23:36]: 8571
[20:23:36]: 8563
[20:23:37]: 8558
[20:23:37]: 8568
[20:23:37]: 8560
[20:23:37]: 8561
[20:23:38]: 8574
[20:23:38]: 8566
[20:23:38]: 8565
[20:23:39]: 8574
[20:23:39]: 8557
[20:23:39]: 8557
[20:23:40]: 8571
[20:23:40]: 8563
[20:23:40]: 8568
[20:23:41]: 8560
[20:23:41]: 8571
[20:23:41]: 8573
[20:23:42]: 8566
[20:23:42]: 8574
[20:23:42]: 8571
[20:23:42]: 8563
[20:23:43]: 8557
[20:23:43]: 8567
[20:23:44]: 8562
[20:23:44]: 8556
[20:23:44]: 8574
 Close valve LRW2
[20:23:45]: CROSS H+
 Open valve LR2
[20:23:46]: 9302
[20:23:46]: 9317
[20:23:46]: 9321
[20:23:46]: 9323
[20:23:47]: 9326
[20:23:47]: 9327
[20:23:47]: 9329
[20:23:48]: 9329
[20:23:48]: 9329
[20:23:48]: 9327
[20:23:49]: 9328
[20:23:49]: 9327
[20:23:49]: 9326
[20:23:50]: 9326
[20:23:50]: 9326
[20:23:50]: 9326
[20:23:51]: 9325
[20:23:51]: 9325
[20:23:51]: 9325
[20:23:51]: 9324
[20:23:52]: 9324
[20:23:52]: 9324
[20:23:52]: 9324
[20:23:53]: 9323
[20:23:53]: 9323
[20:23:53]: 9322
[20:23:54]: 9322
[20:23:54]: 9322
[20:23:54]: 9322
[20:23:55]: 9322
[20:23:55]: 9321
[20:23:55]: 9321
[20:23:56]: 9322
[20:23:56]: 9322
[20:23:56]: 9320
[20:23:57]: 9320
[20:23:57]: 9321
[20:23:57]: 9320
[20:23:57]: 9320
[20:23:58]: 9320
[20:23:58]: 9319
[20:23:58]: 9319
[20:23:59]: 9320
[20:23:59]: 9319
[20:23:59]: 9319
[20:24:00]: 9318
[20:24:00]: 9319
[20:24:00]: 9319
[20:24:01]: 9319
[20:24:01]: 9317
 Close valve LR2
[20:24:02]: W2 OH-
 Open valve LRW2
[20:24:02]: 9320
[20:24:03]: 8675
[20:24:03]: 8562
[20:24:03]: 8567
[20:24:04]: 8563
[20:24:04]: 8560
[20:24:04]: 8560
[20:24:05]: 8570
[20:24:05]: 8554
[20:24:05]: 8572
[20:24:06]: 8555
[20:24:06]: 8559
[20:24:06]: 8563
[20:24:06]: 8556
[20:24:07]: 8554
[20:24:07]: 8571
[20:24:07]: 8556
[20:24:08]: 8568
[20:24:08]: 8555
[20:24:08]: 8573
[20:24:09]: 8560
[20:24:09]: 8564
[20:24:09]: 8557
[20:24:10]: 8560
[20:24:10]: 8562
[20:24:10]: 8562
[20:24:11]: 8556
[20:24:11]: 8555
[20:24:11]: 8570
[20:24:12]: 8562
[20:24:12]: 8556
[20:24:12]: 8572
[20:24:13]: 8569
[20:24:13]: 8560
[20:24:13]: 8556
[20:24:14]: 8565
[20:24:14]: 8557
[20:24:14]: 8554
[20:24:14]: 8571
[20:24:15]: 8564
[20:24:15]: 8568
[20:24:15]: 8560
[20:24:16]: 8567
[20:24:16]: 8556
[20:24:16]: 8571
[20:24:17]: 8572
[20:24:17]: 8555
[20:24:17]: 8569
[20:24:17]: 8561
[20:24:18]: 8571
 Close valve LRW2
[20:24:19]: SQUARE H+
 Open valve LR3
[20:24:19]: 9308
[20:24:20]: 9304
[20:24:20]: 9312
[20:24:20]: 9319
[20:24:20]: 9322
[20:24:21]: 9323
[20:24:21]: 9323
[20:24:21]: 9324
[20:24:22]: 9323
[20:24:22]: 9323
[20:24:22]: 9322
[20:24:23]: 9321
[20:24:23]: 9321
[20:24:23]: 9320
[20:24:24]: 9320
[20:24:24]: 9320
[20:24:24]: 9319
[20:24:25]: 9319
[20:24:25]: 9319
[20:24:25]: 9318
[20:24:25]: 9318
[20:24:26]: 9318
[20:24:26]: 9316
[20:24:26]: 9317
[20:24:27]: 9317
[20:24:27]: 9316
[20:24:27]: 9316
[20:24:28]: 9315
[20:24:28]: 9315
[20:24:28]: 9315
[20:24:29]: 9315
[20:24:29]: 9314
[20:24:29]: 9314
[20:24:30]: 9314
[20:24:30]: 9314
[20:24:30]: 9314
[20:24:31]: 9314
[20:24:31]: 9313
[20:24:31]: 9312
[20:24:31]: 9312
[20:24:32]: 9312
[20:24:32]: 9312
[20:24:32]: 9312
[20:24:33]: 9312
[20:24:33]: 9312
[20:24:33]: 9311
[20:24:34]: 9311
[20:24:34]: 9311
[20:24:34]: 9310
[20:24:35]: 9310
 Close valve LR3
[20:24:36]: W2 OH-
 Open valve LRW2
[20:24:36]: 9310
[20:24:36]: 8615
[20:24:37]: 8576
[20:24:37]: 8559
[20:24:37]: 8566
[20:24:38]: 8575
[20:24:38]: 8572
[20:24:38]: 8554
[20:24:39]: 8563
[20:24:39]: 8570
[20:24:39]: 8559
[20:24:40]: 8555
[20:24:40]: 8559
[20:24:40]: 8568
[20:24:41]: 8579
[20:24:41]: 8565
[20:24:41]: 8564
[20:24:42]: 8557
[20:24:42]: 8565
[20:24:42]: 8573
[20:24:42]: 8560
[20:24:43]: 8571
[20:24:43]: 8556
[20:24:43]: 8558
[20:24:44]: 8562
[20:24:44]: 8576
[20:24:44]: 8566
[20:24:45]: 8566
[20:24:45]: 8577
[20:24:45]: 8554
[20:24:46]: 8556
[20:24:46]: 8566
[20:24:46]: 8576
[20:24:47]: 8554
[20:24:47]: 8556
[20:24:47]: 8569
[20:24:48]: 8560
[20:24:48]: 8564
[20:24:48]: 8566
[20:24:49]: 8580
[20:24:49]: 8569
[20:24:49]: 8555
[20:24:50]: 8562
[20:24:50]: 8574
[20:24:50]: 8555
[20:24:50]: 8576
[20:24:51]: 8571
[20:24:51]: 8559
[20:24:51]: 8566
[20:24:52]: 8571
 Close valve LRW2
[20:24:53]: PLUS H+
 Open valve LR4
[20:24:53]: 9304
[20:24:53]: 9302
[20:24:54]: 9307
[20:24:54]: 9310
[20:24:54]: 9312
[20:24:55]: 9315
[20:24:55]: 9316
[20:24:55]: 9314
[20:24:56]: 9315
[20:24:56]: 9314
[20:24:56]: 9313
[20:24:57]: 9313
[20:24:57]: 9313
[20:24:57]: 9312
[20:24:58]: 9312
[20:24:58]: 9312
[20:24:58]: 9311
[20:24:59]: 9310
[20:24:59]: 9310
[20:24:59]: 9310
[20:25:00]: 9309
[20:25:00]: 9309
[20:25:00]: 9308
[20:25:00]: 9310
[20:25:01]: 9309
[20:25:01]: 9308
[20:25:01]: 9308
[20:25:02]: 9308
[20:25:02]: 9307
[20:25:02]: 9307
[20:25:03]: 9307
[20:25:03]: 9307
[20:25:03]: 9306
[20:25:04]: 9305
[20:25:04]: 9305
[20:25:04]: 9305
[20:25:05]: 9305
[20:25:05]: 9305
[20:25:05]: 9304
[20:25:05]: 9305
[20:25:06]: 9305
[20:25:06]: 9303
[20:25:06]: 9303
[20:25:07]: 9304
[20:25:07]: 9303
[20:25:07]: 9303
[20:25:08]: 9303
[20:25:08]: 9302
[20:25:08]: 9303
[20:25:09]: 9303
 Close valve LR4
[20:25:10]: W2 OH-
 Open valve LRW2
[20:25:10]: 9303
[20:25:10]: 8694
[20:25:11]: 8568
[20:25:11]: 8560
[20:25:11]: 8557
[20:25:12]: 8553
[20:25:12]: 8578
[20:25:12]: 8575
[20:25:13]: 8565
[20:25:13]: 8557
[20:25:13]: 8569
[20:25:13]: 8570
[20:25:14]: 8563
[20:25:14]: 8555
[20:25:15]: 8569
[20:25:15]: 8561
[20:25:15]: 8568
[20:25:15]: 8574
[20:25:16]: 8555
[20:25:16]: 8562
[20:25:16]: 8567
[20:25:17]: 8559
[20:25:17]: 8571
[20:25:17]: 8556
[20:25:18]: 8574
[20:25:18]: 8570
[20:25:18]: 8556
[20:25:18]: 8558
[20:25:19]: 8555
[20:25:19]: 8572
[20:25:20]: 8573
[20:25:20]: 8555
[20:25:20]: 8572
[20:25:20]: 8556
[20:25:21]: 8565
[20:25:21]: 8561
[20:25:21]: 8568
[20:25:22]: 8573
[20:25:22]: 8563
[20:25:22]: 8572
[20:25:23]: 8556
[20:25:23]: 8555
[20:25:23]: 8572
[20:25:24]: 8569
[20:25:24]: 8564
[20:25:24]: 8555
[20:25:25]: 8570
[20:25:25]: 8557
[20:25:25]: 8567
[20:25:26]: 8560
 Close valve LRW2
[20:25:27]: CIRCLE H+
 Open valve LR1
[20:25:27]: 9302
[20:25:27]: 9301
[20:25:28]: 9313
[20:25:28]: 9315
[20:25:28]: 9318
[20:25:29]: 9318
[20:25:29]: 9319
[20:25:29]: 9318
[20:25:30]: 9317
[20:25:30]: 9318
[20:25:30]: 9317
[20:25:31]: 9317
[20:25:31]: 9317
[20:25:31]: 9317
[20:25:32]: 9315
[20:25:32]: 9315
[20:25:32]: 9316
[20:25:33]: 9315
[20:25:33]: 9315
[20:25:33]: 9314
[20:25:34]: 9313
[20:25:34]: 9314
[20:25:34]: 9314
[20:25:35]: 9314
[20:25:35]: 9313
[20:25:35]: 9313
[20:25:35]: 9312
[20:25:36]: 9312
[20:25:36]: 9312
[20:25:37]: 9312
[20:25:37]: 9312
[20:25:37]: 9311
[20:25:37]: 9311
[20:25:38]: 9311
[20:25:38]: 9311
[20:25:38]: 9310
[20:25:39]: 9310
[20:25:39]: 9310
[20:25:39]: 9309
[20:25:40]: 9310
[20:25:40]: 9310
[20:25:40]: 9308
[20:25:40]: 9309
[20:25:41]: 9309
[20:25:41]: 9308
[20:25:42]: 9309
[20:25:42]: 9307
[20:25:42]: 9307
[20:25:43]: 9307
[20:25:43]: 9307
 Close valve LR1
[20:25:44]: W2 OH-
 Open valve LRW2
[20:25:44]: 9302
[20:25:45]: 8681
[20:25:45]: 8575
[20:25:45]: 8555
[20:25:45]: 8561
[20:25:46]: 8575
[20:25:46]: 8572
[20:25:47]: 8554
[20:25:47]: 8564
[20:25:47]: 8556
[20:25:47]: 8577
[20:25:48]: 8579
[20:25:48]: 8571
[20:25:48]: 8562
[20:25:49]: 8573
[20:25:49]: 8579
[20:25:49]: 8556
[20:25:50]: 8578
[20:25:50]: 8556
[20:25:50]: 8561
[20:25:51]: 8573
[20:25:51]: 8580
[20:25:51]: 8575
[20:25:52]: 8563
[20:25:52]: 8566
[20:25:52]: 8557
[20:25:53]: 8555
[20:25:53]: 8559
[20:25:53]: 8571
[20:25:53]: 8561
[20:25:54]: 8572
[20:25:54]: 8578
[20:25:55]: 8573
[20:25:55]: 8554
[20:25:55]: 8557
[20:25:55]: 8567
[20:25:56]: 8562
[20:25:56]: 8556
[20:25:56]: 8578
[20:25:57]: 8555
[20:25:57]: 8558
[20:25:57]: 8571
[20:25:58]: 8561
[20:25:58]: 8567
[20:25:58]: 8558
[20:25:58]: 8576
[20:25:59]: 8579
[20:25:59]: 8555
[20:26:00]: 8563
[20:26:00]: 8563
 Close valve LRW2
[20:26:01]: CROSS H+
 Open valve LR2
[20:26:01]: 9299
[20:26:02]: 9317
[20:26:02]: 9318
[20:26:02]: 9323
[20:26:03]: 9325
[20:26:03]: 9327
[20:26:03]: 9328
[20:26:03]: 9328
[20:26:04]: 9327
[20:26:04]: 9327
[20:26:04]: 9327
[20:26:05]: 9326
[20:26:05]: 9327
[20:26:05]: 9325
[20:26:06]: 9325
[20:26:06]: 9326
[20:26:06]: 9325
[20:26:07]: 9324
[20:26:07]: 9325
[20:26:07]: 9325
[20:26:08]: 9323
[20:26:08]: 9323
[20:26:08]: 9324
[20:26:08]: 9323
[20:26:09]: 9323
[20:26:09]: 9322
[20:26:10]: 9322
[20:26:10]: 9322
[20:26:10]: 9322
[20:26:10]: 9322
[20:26:11]: 9321
[20:26:11]: 9321
[20:26:11]: 9321
[20:26:12]: 9321
[20:26:12]: 9320
[20:26:12]: 9320
[20:26:13]: 9319
[20:26:13]: 9319
[20:26:13]: 9320
[20:26:14]: 9319
[20:26:14]: 9320
[20:26:14]: 9319
[20:26:15]: 9319
[20:26:15]: 9318
[20:26:15]: 9319
[20:26:16]: 9317
[20:26:16]: 9318
[20:26:16]: 9318
[20:26:16]: 9317
[20:26:17]: 9318
 Close valve LR2
[20:26:18]: W2 OH-
 Open valve LRW2
[20:26:18]: 9314
[20:26:18]: 8990
[20:26:19]: 8580
[20:26:19]: 8560
[20:26:19]: 8563
[20:26:20]: 8568
[20:26:20]: 8564
[20:26:20]: 8556
[20:26:21]: 8578
[20:26:21]: 8571
[20:26:21]: 8563
[20:26:22]: 8567
[20:26:22]: 8559
[20:26:22]: 8556
[20:26:23]: 8559
[20:26:23]: 8571
[20:26:23]: 8562
[20:26:24]: 8557
[20:26:24]: 8580
[20:26:24]: 8568
[20:26:25]: 8579
[20:26:25]: 8561
[20:26:25]: 8559
[20:26:26]: 8559
[20:26:26]: 8577
[20:26:26]: 8568
[20:26:26]: 8560
[20:26:27]: 8557
[20:26:27]: 8580
[20:26:27]: 8572
[20:26:28]: 8565
[20:26:28]: 8568
[20:26:28]: 8580
[20:26:29]: 8558
[20:26:29]: 8578
[20:26:29]: 8570
[20:26:30]: 8561
[20:26:30]: 8565
[20:26:30]: 8558
[20:26:31]: 8560
[20:26:31]: 8558
[20:26:31]: 8563
[20:26:32]: 8569
[20:26:32]: 8561
[20:26:32]: 8557
[20:26:32]: 8560
[20:26:33]: 8573
[20:26:33]: 8564
[20:26:33]: 8575
[20:26:34]: 8580
 Close valve LRW2
[20:26:35]: SQUARE H+
 Open valve LR3
[20:26:35]: 9308
[20:26:35]: 9309
[20:26:36]: 9317
[20:26:36]: 9319
[20:26:36]: 9321
[20:26:37]: 9322
[20:26:37]: 9323
[20:26:37]: 9323
[20:26:38]: 9322
[20:26:38]: 9323
[20:26:38]: 9322
[20:26:38]: 9322
[20:26:39]: 9320
[20:26:39]: 9320
[20:26:39]: 9320
[20:26:40]: 9320
[20:26:40]: 9318
[20:26:40]: 9318
[20:26:41]: 9319
[20:26:41]: 9318
[20:26:41]: 9317
[20:26:42]: 9317
[20:26:42]: 9317
[20:26:42]: 9317
[20:26:43]: 9316
[20:26:43]: 9316
[20:26:43]: 9316
[20:26:43]: 9315
[20:26:44]: 9316
[20:26:44]: 9316
[20:26:44]: 9315
[20:26:45]: 9315
[20:26:45]: 9314
[20:26:45]: 9313
[20:26:46]: 9313
[20:26:46]: 9314
[20:26:46]: 9314
[20:26:47]: 9312
[20:26:47]: 9312
[20:26:47]: 9312
[20:26:48]: 9312
[20:26:48]: 9312
[20:26:48]: 9311
[20:26:49]: 9312
[20:26:49]: 9311
[20:26:49]: 9310
[20:26:50]: 9310
[20:26:50]: 9310
[20:26:50]: 9310
[20:26:51]: 9309
 Close valve LR3
[20:26:52]: W2 OH-
 Open valve LRW2
[20:26:52]: 9284
[20:26:52]: 8607
[20:26:53]: 8577
[20:26:53]: 8557
[20:26:53]: 8567
[20:26:54]: 8576
[20:26:54]: 8553
[20:26:54]: 8555
[20:26:55]: 8554
[20:26:55]: 8555
[20:26:55]: 8554
[20:26:56]: 8559
[20:26:56]: 8566
[20:26:56]: 8559
[20:26:57]: 8571
[20:26:57]: 8557
[20:26:57]: 8573
[20:26:57]: 8572
[20:26:58]: 8558
[20:26:58]: 8557
[20:26:58]: 8573
[20:26:59]: 8557
[20:26:59]: 8575
[20:26:59]: 8561
[20:27:00]: 8567
[20:27:00]: 8558
[20:27:00]: 8560
[20:27:01]: 8572
[20:27:01]: 8575
[20:27:01]: 8570
[20:27:02]: 8559
[20:27:02]: 8567
[20:27:02]: 8573
[20:27:03]: 8571
[20:27:03]: 8558
[20:27:03]: 8568
[20:27:04]: 8561
[20:27:04]: 8556
[20:27:04]: 8563
[20:27:04]: 8561
[20:27:05]: 8569
[20:27:05]: 8564
[20:27:06]: 8574
[20:27:06]: 8555
[20:27:06]: 8573
[20:27:06]: 8568
[20:27:07]: 8561
[20:27:07]: 8568
[20:27:07]: 8559
[20:27:08]: 8571
 Close valve LRW2
[20:27:09]: PLUS H+
 Open valve LR4
[20:27:09]: 9312
[20:27:09]: 9308
[20:27:10]: 9309
[20:27:10]: 9310
[20:27:10]: 9313
[20:27:11]: 9314
[20:27:11]: 9316
[20:27:11]: 9315
[20:27:12]: 9315
[20:27:12]: 9314
[20:27:12]: 9314
[20:27:13]: 9313
[20:27:13]: 9312
[20:27:13]: 9313
[20:27:14]: 9312
[20:27:14]: 9312
[20:27:14]: 9312
[20:27:15]: 9311
[20:27:15]: 9311
[20:27:15]: 9311
[20:27:16]: 9310
[20:27:16]: 9309
[20:27:16]: 9309
[20:27:16]: 9309
[20:27:17]: 9308
[20:27:17]: 9308
[20:27:17]: 9308
[20:27:18]: 9308
[20:27:18]: 9308
[20:27:18]: 9308
[20:27:19]: 9306
[20:27:19]: 9306
[20:27:19]: 9306
[20:27:20]: 9305
[20:27:20]: 9305
[20:27:20]: 9305
[20:27:21]: 9305
[20:27:21]: 9304
[20:27:21]: 9303
[20:27:22]: 9305
[20:27:22]: 9304
[20:27:22]: 9304
[20:27:23]: 9303
[20:27:23]: 9303
[20:27:23]: 9303
[20:27:24]: 9302
[20:27:24]: 9301
[20:27:24]: 9301
[20:27:25]: 9302
[20:27:25]: 9301
 Close valve LR4
[20:27:26]: W2 OH-
 Open valve LRW2
[20:27:26]: 9311
[20:27:27]: 8610
[20:27:27]: 8562
[20:27:27]: 8559
[20:27:28]: 8543
[20:27:28]: 8545
[20:27:28]: 8553
[20:27:29]: 8559
[20:27:29]: 8560
[20:27:29]: 8559
[20:27:30]: 8556
[20:27:30]: 8556
[20:27:30]: 8556
[20:27:31]: 8554
[20:27:31]: 8572
[20:27:31]: 8566
[20:27:32]: 8561
[20:27:32]: 8570
[20:27:32]: 8557
[20:27:33]: 8555
[20:27:33]: 8560
[20:27:33]: 8565
[20:27:33]: 8564
[20:27:34]: 8572
[20:27:34]: 8556
[20:27:34]: 8559
[20:27:35]: 8560
[20:27:35]: 8560
[20:27:36]: 8573
[20:27:36]: 8557
[20:27:36]: 8563
[20:27:36]: 8571
[20:27:37]: 8573
[20:27:37]: 8557
[20:27:37]: 8571
[20:27:38]: 8565
[20:27:38]: 8566
[20:27:38]: 8562
[20:27:39]: 8574
[20:27:39]: 8558
[20:27:39]: 8572
[20:27:40]: 8572
[20:27:40]: 8560
[20:27:40]: 8576
[20:27:41]: 8566
[20:27:41]: 8564
[20:27:41]: 8559
[20:27:42]: 8575
[20:27:42]: 8559
[20:27:42]: 8561
 Close valve LRW2
[20:27:43]: CIRCLE H+
 Open valve LR1
[20:27:44]: 9302
[20:27:44]: 9312
[20:27:44]: 9313
[20:27:45]: 9315
[20:27:45]: 9317
[20:27:45]: 9317
[20:27:46]: 9318
[20:27:46]: 9318
[20:27:46]: 9316
[20:27:47]: 9317
[20:27:47]: 9316
[20:27:47]: 9315
[20:27:48]: 9315
[20:27:48]: 9315
[20:27:48]: 9314
[20:27:48]: 9315
[20:27:49]: 9315
[20:27:49]: 9313
[20:27:49]: 9312
[20:27:50]: 9312
[20:27:50]: 9312
[20:27:50]: 9312
[20:27:51]: 9313
[20:27:51]: 9311
[20:27:51]: 9312
[20:27:52]: 9311
[20:27:52]: 9311
[20:27:52]: 9310
[20:27:53]: 9310
[20:27:53]: 9310
[20:27:53]: 9310
[20:27:54]: 9309
[20:27:54]: 9309
[20:27:54]: 9309
[20:27:55]: 9309
[20:27:55]: 9309
[20:27:55]: 9307
[20:27:56]: 9307
[20:27:56]: 9307
[20:27:56]: 9307
[20:27:57]: 9307
[20:27:57]: 9307
[20:27:57]: 9307
[20:27:57]: 9306
[20:27:58]: 9305
[20:27:58]: 9306
[20:27:58]: 9305
[20:27:59]: 9306
[20:27:59]: 9305
[20:27:59]: 9305
 Close valve LR1
[20:28:00]: W2 OH-
 Open valve LRW2
[20:28:01]: 9310
[20:28:01]: 8614
[20:28:01]: 8560
[20:28:02]: 8561
[20:28:02]: 8554
[20:28:02]: 8567
[20:28:03]: 8567
[20:28:03]: 8565
[20:28:03]: 8558
[20:28:04]: 8565
[20:28:04]: 8563
[20:28:04]: 8572
[20:28:05]: 8568
[20:28:05]: 8557
[20:28:05]: 8563
[20:28:06]: 8573
[20:28:06]: 8566
[20:28:06]: 8567
[20:28:06]: 8563
[20:28:07]: 8575
[20:28:07]: 8559
[20:28:07]: 8566
[20:28:08]: 8566
[20:28:08]: 8560
[20:28:08]: 8576
[20:28:09]: 8559
[20:28:09]: 8561
[20:28:09]: 8570
[20:28:10]: 8565
[20:28:10]: 8559
[20:28:10]: 8560
[20:28:11]: 8562
[20:28:11]: 8559
[20:28:11]: 8575
[20:28:12]: 8569
[20:28:12]: 8562
[20:28:12]: 8575
[20:28:12]: 8560
[20:28:13]: 8571
[20:28:13]: 8565
[20:28:13]: 8568
[20:28:14]: 8561
[20:28:14]: 8576
[20:28:14]: 8560
[20:28:15]: 8577
[20:28:15]: 8569
[20:28:15]: 8576
[20:28:16]: 8576
[20:28:16]: 8577
[20:28:16]: 8562
 Close valve LRW2
[20:28:17]: CROSS H+
 Open valve LR2
[20:28:18]: 9310
[20:28:18]: 9310
[20:28:18]: 9321
[20:28:19]: 9324
[20:28:19]: 9325
[20:28:19]: 9327
[20:28:19]: 9327
[20:28:20]: 9327
[20:28:20]: 9326
[20:28:20]: 9327
[20:28:21]: 9326
[20:28:21]: 9325
[20:28:21]: 9324
[20:28:22]: 9324
[20:28:22]: 9324
[20:28:22]: 9324
[20:28:23]: 9324
[20:28:23]: 9323
[20:28:23]: 9323
[20:28:24]: 9323
[20:28:24]: 9322
[20:28:24]: 9322
[20:28:25]: 9322
[20:28:25]: 9322
[20:28:25]: 9320
[20:28:26]: 9321
[20:28:26]: 9321
[20:28:26]: 9320
[20:28:27]: 9319
[20:28:27]: 9320
[20:28:27]: 9319
[20:28:28]: 9319
[20:28:28]: 9319
[20:28:28]: 9319
[20:28:29]: 9318
[20:28:29]: 9318
[20:28:29]: 9318
[20:28:29]: 9317
[20:28:30]: 9317
[20:28:30]: 9317
[20:28:31]: 9317
[20:28:31]: 9317
[20:28:31]: 9316
[20:28:32]: 9316
[20:28:32]: 9315
[20:28:32]: 9316

