 Close valve HP_IN
 Close valve HP_OUT
 Close valve L1_OUT
 Close valve L2_OUT
 Close valve L3_OUT
 Close valve L_HP
 Close valve LR1
 Close valve LR2
 Close valve LR3
 Close valve LR4
 Close valve LRW2
 Close valve LWASTE
 Close valve R1_4
 Close valve V21
 Close valve V24
 Close valve V4
 Close valve VH
 Close valve W1
 Close valve W2
 Close valve W3
 Open valve HP_IN
 Open valve W2
 Open valve R1_4
 Open valve V21
[15:59:45]: Forward liquid flow activated
[15:59:45]: AIR
 Open valve HP_OUT
 Open valve L_HP
 Open valve V24
 Close valve V24
 Close valve L_HP
 Close valve HP_OUT
[16:00:06]: W2 OH-
 Open valve LRW2
 Open valve V24
[16:00:06]: 9485
[16:00:06]: 9470
[16:00:07]: 9370
[16:00:07]: 8742
[16:00:07]: 8685
[16:00:08]: 8680
[16:00:08]: 8690
[16:00:08]: 8669
[16:00:09]: 8664
[16:00:09]: 8664
[16:00:09]: 8671
[16:00:09]: 8673
[16:00:10]: 8678
[16:00:10]: 8680
[16:00:10]: 8681
[16:00:11]: 8690
[16:00:11]: 8693
[16:00:11]: 8694
[16:00:12]: 8700
[16:00:12]: 8705
[16:00:12]: 8706
[16:00:13]: 8710
[16:00:13]: 8714
[16:00:13]: 8713
[16:00:14]: 8717
[16:00:14]: 8719
[16:00:14]: 8719
[16:00:14]: 8717
[16:00:15]: 8721
[16:00:15]: 8722
[16:00:15]: 8723
[16:00:16]: 8725
[16:00:16]: 8725
[16:00:16]: 8723
[16:00:17]: 8726
[16:00:17]: 8726
[16:00:17]: 8728
[16:00:18]: 8727
[16:00:18]: 8728
[16:00:18]: 8730
[16:00:19]: 8731
[16:00:19]: 8730
[16:00:19]: 8730
[16:00:20]: 8733
[16:00:20]: 8732
[16:00:20]: 8733
[16:00:20]: 8735
[16:00:21]: 8734
[16:00:21]: 8735
[16:00:21]: 8739
 Close valve V24
 Close valve LRW2
[16:00:21]: W2 OH-
 Open valve LRW2
 Open valve V24
[16:00:22]: 8737
[16:00:22]: 8739
[16:00:22]: 8740
[16:00:23]: 8741
[16:00:23]: 8739
[16:00:23]: 8739
[16:00:24]: 8740
[16:00:24]: 8742
[16:00:24]: 8741
[16:00:25]: 8743
[16:00:25]: 8745
[16:00:25]: 8742
[16:00:26]: 8746
[16:00:26]: 8746
[16:00:26]: 8744
[16:00:27]: 8746
[16:00:27]: 8745
[16:00:27]: 8745
[16:00:27]: 8746
[16:00:28]: 8748
[16:00:28]: 8749
[16:00:28]: 8746
[16:00:29]: 8749
[16:00:29]: 8749
[16:00:29]: 8750
[16:00:30]: 8749
[16:00:30]: 8749
[16:00:30]: 8751
[16:00:31]: 8750
[16:00:31]: 8752
[16:00:31]: 8753
[16:00:31]: 8750
[16:00:32]: 8754
[16:00:32]: 8754
[16:00:32]: 8753
[16:00:33]: 8754
[16:00:33]: 8755
[16:00:33]: 8756
[16:00:34]: 8757
[16:00:34]: 8757
[16:00:34]: 8755
[16:00:35]: 8757
[16:00:35]: 8758
[16:00:35]: 8758
[16:00:36]: 8757
[16:00:36]: 8759
[16:00:36]: 8760
[16:00:37]: 8757
[16:00:37]: 8758
[16:00:37]: 8760
 Close valve V24
 Close valve LRW2
[16:00:37]: W2 OH-
 Open valve LRW2
 Open valve V24
[16:00:38]: 8759
[16:00:38]: 8761
[16:00:38]: 8764
[16:00:39]: 8765
[16:00:39]: 8765
[16:00:39]: 8767
[16:00:40]: 8765
[16:00:40]: 8768
[16:00:40]: 8768
[16:00:40]: 8765
[16:00:41]: 8766
[16:00:41]: 8768
[16:00:41]: 8766
[16:00:42]: 8766
[16:00:42]: 8768
[16:00:42]: 8766
[16:00:43]: 8765
[16:00:43]: 8765
[16:00:43]: 8767
[16:00:44]: 8770
[16:00:44]: 8770
[16:00:44]: 8771
[16:00:45]: 8770
[16:00:45]: 8773
[16:00:45]: 8773
[16:00:46]: 8772
[16:00:46]: 8771
[16:00:46]: 8772
[16:00:47]: 8771
[16:00:47]: 8771
[16:00:47]: 8770
[16:00:47]: 8769
[16:00:48]: 8773
[16:00:48]: 8772
[16:00:48]: 8771
[16:00:49]: 8770
[16:00:49]: 8771
[16:00:49]: 8773
[16:00:50]: 8770
[16:00:50]: 8770
[16:00:50]: 8771
[16:00:51]: 8773
[16:00:51]: 8772
[16:00:51]: 8772
[16:00:52]: 8773
[16:00:52]: 8772
[16:00:52]: 8774
[16:00:52]: 8773
[16:00:53]: 8774
[16:00:53]: 8774
 Close valve V24
 Close valve LRW2
[16:00:53]: Loop start
[16:00:53]: W2 OH-
 Open valve LRW2
 Open valve V24
[16:00:54]: 8773
[16:00:54]: 8774
[16:00:54]: 8776
[16:00:55]: 8775
[16:00:55]: 8775
[16:00:55]: 8776
[16:00:56]: 8773
[16:00:56]: 8777
[16:00:56]: 8776
[16:00:56]: 8775
[16:00:57]: 8776
[16:00:57]: 8776
[16:00:57]: 8775
[16:00:58]: 8776
[16:00:58]: 8775
[16:00:58]: 8775
[16:00:59]: 8778
[16:00:59]: 8776
[16:00:59]: 8777
[16:01:00]: 8776
[16:01:00]: 8776
[16:01:00]: 8778
[16:01:01]: 8778
[16:01:01]: 8776
[16:01:01]: 8778
[16:01:02]: 8777
[16:01:02]: 8777
[16:01:02]: 8778
[16:01:03]: 8780
[16:01:03]: 8777
[16:01:03]: 8779
[16:01:03]: 8780
[16:01:04]: 8778
[16:01:04]: 8778
[16:01:04]: 8780
[16:01:05]: 8778
[16:01:05]: 8778
[16:01:05]: 8781
[16:01:06]: 8778
[16:01:06]: 8779
[16:01:06]: 8780
[16:01:07]: 8781
[16:01:07]: 8780
[16:01:07]: 8779
[16:01:08]: 8778
[16:01:08]: 8782
[16:01:08]: 8781
[16:01:09]: 8782
[16:01:09]: 8780
[16:01:09]: 8780
 Close valve V24
 Close valve LRW2
[16:01:09]: CIRCLE H+
 Open valve LR1
[16:01:10]: 8776
[16:01:10]: 8814
[16:01:10]: 9395
[16:01:11]: 9460
[16:01:11]: 9451
[16:01:11]: 9448
[16:01:12]: 9447
[16:01:12]: 9446
[16:01:12]: 9447
[16:01:12]: 9445
[16:01:13]: 9444
[16:01:13]: 9444
[16:01:13]: 9445
[16:01:14]: 9441
[16:01:14]: 9444
[16:01:14]: 9441
[16:01:15]: 9441
[16:01:15]: 9441
[16:01:15]: 9441
[16:01:16]: 9438
[16:01:16]: 9437
[16:01:16]: 9437
[16:01:17]: 9438
[16:01:17]: 9437
[16:01:17]: 9438
[16:01:18]: 9437
[16:01:18]: 9435
[16:01:18]: 9436
[16:01:18]: 9433
[16:01:19]: 9432
[16:01:19]: 9432
[16:01:19]: 9433
[16:01:20]: 9432
[16:01:20]: 9433
[16:01:20]: 9430
[16:01:21]: 9432
[16:01:21]: 9426
[16:01:21]: 9425
[16:01:22]: 9426
[16:01:22]: 9426
[16:01:22]: 9424
[16:01:23]: 9426
[16:01:23]: 9425
[16:01:23]: 9424
[16:01:23]: 9425
[16:01:24]: 9425
[16:01:24]: 9424
[16:01:24]: 9423
[16:01:25]: 9422
[16:01:25]: 9421
 Close valve LR1
[16:01:25]: W2 OH-
 Open valve LRW2
 Open valve V24
[16:01:26]: 9411
[16:01:26]: 9401
[16:01:26]: 9394
[16:01:27]: 9389
[16:01:27]: 9390
[16:01:27]: 9380
[16:01:27]: 9366
[16:01:28]: 9354
[16:01:28]: 9265
[16:01:28]: 8724
[16:01:29]: 8705
[16:01:29]: 8666
[16:01:29]: 8664
[16:01:30]: 8680
[16:01:30]: 8676
[16:01:30]: 8679
[16:01:31]: 8687
[16:01:31]: 8711
[16:01:31]: 8707
[16:01:32]: 8697
[16:01:32]: 8716
[16:01:32]: 8720
[16:01:33]: 8719
[16:01:33]: 8727
[16:01:33]: 8737
[16:01:34]: 8737
[16:01:34]: 8738
[16:01:34]: 8728
[16:01:35]: 8729
[16:01:35]: 8734
[16:01:35]: 8734
[16:01:36]: 8738
[16:01:36]: 8747
[16:01:36]: 8740
[16:01:36]: 8743
[16:01:37]: 8752
[16:01:37]: 8742
[16:01:37]: 8747
[16:01:38]: 8754
[16:01:38]: 8746
[16:01:38]: 8751
[16:01:39]: 8749
[16:01:39]: 8748
[16:01:39]: 8750
[16:01:40]: 8755
[16:01:40]: 8751
[16:01:40]: 8750
[16:01:41]: 8761
[16:01:41]: 8752
[16:01:41]: 8762
 Close valve V24
 Close valve LRW2
[16:01:41]: CROSS H+
 Open valve LR2
[16:01:42]: 8749
[16:01:42]: 9488
[16:01:42]: 9470
[16:01:43]: 9468
[16:01:43]: 9468
[16:01:43]: 9467
[16:01:44]: 9465
[16:01:44]: 9463
[16:01:44]: 9461
[16:01:45]: 9460
[16:01:45]: 9459
[16:01:45]: 9458
[16:01:46]: 9457
[16:01:46]: 9459
[16:01:46]: 9455
[16:01:46]: 9456
[16:01:47]: 9453
[16:01:47]: 9454
[16:01:47]: 9452
[16:01:48]: 9453
[16:01:48]: 9452
[16:01:48]: 9449
[16:01:49]: 9450
[16:01:49]: 9449
[16:01:49]: 9449
[16:01:50]: 9448
[16:01:50]: 9449
[16:01:50]: 9447
[16:01:51]: 9448
[16:01:51]: 9447
[16:01:51]: 9446
[16:01:52]: 9446
[16:01:52]: 9445
[16:01:52]: 9445
[16:01:53]: 9444
[16:01:53]: 9442
[16:01:53]: 9441
[16:01:54]: 9441
[16:01:54]: 9442
[16:01:54]: 9440
[16:01:54]: 9441
[16:01:55]: 9441
[16:01:55]: 9440
[16:01:55]: 9440
[16:01:56]: 9439
[16:01:56]: 9438
[16:01:56]: 9437
[16:01:57]: 9437
[16:01:57]: 9436
[16:01:57]: 9436
 Close valve LR2
[16:01:57]: W2 OH-
 Open valve LRW2
 Open valve V24
[16:01:58]: 9429
[16:01:58]: 9413
[16:01:58]: 9414
[16:01:59]: 9412
[16:01:59]: 9407
[16:01:59]: 9404
[16:02:00]: 9402
[16:02:00]: 9399
[16:02:00]: 9384
[16:02:01]: 9381
[16:02:01]: 9367
[16:02:01]: 9361
[16:02:02]: 9352
[16:02:02]: 9354
[16:02:02]: 9324
[16:02:03]: 9302
[16:02:03]: 9083
[16:02:03]: 9119
[16:02:03]: 8665
[16:02:04]: 9219
[16:02:04]: 9213
[16:02:04]: 8696
[16:02:05]: 8659
[16:02:05]: 8661
[16:02:05]: 8649
[16:02:06]: 8652
[16:02:06]: 8650
[16:02:06]: 8683
[16:02:07]: 8701
[16:02:07]: 8706
[16:02:07]: 8690
[16:02:08]: 8693
[16:02:08]: 8718
[16:02:09]: 8709
[16:02:09]: 8712
[16:02:09]: 8725
[16:02:09]: 8733
[16:02:10]: 8731
[16:02:10]: 8728
[16:02:10]: 8725
[16:02:11]: 8726
[16:02:11]: 8734
[16:02:11]: 8739
[16:02:12]: 8737
[16:02:12]: 8744
[16:02:12]: 8750
[16:02:13]: 8743
[16:02:13]: 8749
[16:02:13]: 8751
[16:02:14]: 8743
 Close valve V24
 Close valve LRW2
[16:02:14]: SQUARE H+
 Open valve LR3
[16:02:14]: 8745
[16:02:14]: 9429
[16:02:15]: 9432
[16:02:15]: 9432
[16:02:15]: 9435
[16:02:16]: 9435
[16:02:16]: 9435
[16:02:16]: 9432
[16:02:17]: 9434
[16:02:17]: 9428
[16:02:17]: 9426
[16:02:18]: 9424
[16:02:18]: 9422
[16:02:18]: 9422
[16:02:19]: 9422
[16:02:19]: 9420
[16:02:19]: 9420
[16:02:20]: 9418
[16:02:20]: 9417
[16:02:20]: 9419
[16:02:21]: 9416
[16:02:21]: 9417
[16:02:21]: 9416
[16:02:22]: 9415
[16:02:22]: 9414
[16:02:22]: 9413
[16:02:22]: 9413
[16:02:23]: 9414
[16:02:23]: 9413
[16:02:23]: 9412
[16:02:24]: 9412
[16:02:24]: 9412
[16:02:24]: 9411
[16:02:25]: 9409
[16:02:25]: 9408
[16:02:25]: 9408
[16:02:26]: 9406
[16:02:26]: 9407
[16:02:26]: 9407
[16:02:27]: 9405
[16:02:27]: 9405
[16:02:27]: 9403
[16:02:28]: 9405
[16:02:28]: 9404
[16:02:28]: 9405
[16:02:29]: 9403
[16:02:29]: 9403
[16:02:29]: 9403
[16:02:30]: 9402
[16:02:30]: 9401
 Close valve LR3
[16:02:30]: W2 OH-
 Open valve LRW2
 Open valve V24
[16:02:30]: 9393
[16:02:31]: 9384
[16:02:31]: 9382
[16:02:31]: 9381
[16:02:32]: 9379
[16:02:32]: 9373
[16:02:32]: 9372
[16:02:33]: 9369
[16:02:33]: 9353
[16:02:33]: 9347
[16:02:34]: 9342
[16:02:34]: 9338
[16:02:34]: 9359
[16:02:35]: 9337
[16:02:35]: 9326
[16:02:35]: 9264
[16:02:35]: 9082
[16:02:36]: 8695
[16:02:36]: 8680
[16:02:36]: 8668
[16:02:37]: 8671
[16:02:37]: 8650
[16:02:37]: 8647
[16:02:38]: 8657
[16:02:38]: 8643
[16:02:38]: 8648
[16:02:39]: 8683
[16:02:39]: 8692
[16:02:39]: 8686
[16:02:40]: 8715
[16:02:40]: 8707
[16:02:40]: 8722
[16:02:41]: 8711
[16:02:41]: 8711
[16:02:41]: 8722
[16:02:41]: 8727
[16:02:42]: 8723
[16:02:42]: 8728
[16:02:42]: 8747
[16:02:43]: 8751
[16:02:43]: 8738
[16:02:43]: 8751
[16:02:44]: 8752
[16:02:44]: 8741
[16:02:44]: 8741
[16:02:45]: 8735
[16:02:45]: 8737
[16:02:45]: 8747
[16:02:46]: 8741
[16:02:46]: 8740
 Close valve V24
 Close valve LRW2
[16:02:46]: PLUS H+
 Open valve LR4
[16:02:46]: 8751
[16:02:47]: 9402
[16:02:47]: 9413
[16:02:47]: 9414
[16:02:48]: 9414
[16:02:48]: 9414
[16:02:48]: 9411
[16:02:49]: 9412
[16:02:49]: 9409
[16:02:49]: 9408
[16:02:50]: 9407
[16:02:50]: 9406
[16:02:50]: 9405
[16:02:50]: 9405
[16:02:51]: 9403
[16:02:51]: 9402
[16:02:51]: 9403
[16:02:52]: 9402
[16:02:52]: 9401
[16:02:52]: 9401
[16:02:53]: 9400
[16:02:53]: 9399
[16:02:53]: 9399
[16:02:54]: 9397
[16:02:54]: 9398
[16:02:54]: 9397
[16:02:55]: 9396
[16:02:55]: 9395
[16:02:55]: 9395
[16:02:56]: 9396
[16:02:56]: 9395
[16:02:56]: 9394
[16:02:57]: 9393
[16:02:57]: 9393
[16:02:57]: 9392
[16:02:57]: 9392
[16:02:58]: 9392
[16:02:58]: 9390
[16:02:58]: 9390
[16:02:59]: 9390
[16:02:59]: 9390
[16:02:59]: 9389
[16:03:00]: 9389
[16:03:00]: 9388
[16:03:00]: 9389
[16:03:01]: 9389
[16:03:01]: 9387
[16:03:01]: 9386
[16:03:02]: 9387
[16:03:02]: 9386
 Close valve LR4
[16:03:02]: W2 OH-
 Open valve LRW2
 Open valve V24
[16:03:02]: 9381
[16:03:03]: 9390
[16:03:03]: 9387
[16:03:03]: 9383
[16:03:04]: 9379
[16:03:04]: 9376
[16:03:04]: 9367
[16:03:04]: 9369
[16:03:05]: 9341
[16:03:05]: 9343
[16:03:05]: 9335
[16:03:06]: 9335
[16:03:06]: 9284
[16:03:06]: 9024
[16:03:07]: 8668
[16:03:07]: 8659
[16:03:07]: 8660
[16:03:08]: 8642
[16:03:08]: 8663
[16:03:08]: 8664
[16:03:09]: 8685
[16:03:09]: 8696
[16:03:09]: 8712
[16:03:09]: 8699
[16:03:10]: 8716
[16:03:10]: 8704
[16:03:10]: 8707
[16:03:11]: 8710
[16:03:11]: 8722
[16:03:11]: 8721
[16:03:12]: 8737
[16:03:12]: 8737
[16:03:12]: 8727
[16:03:13]: 8729
[16:03:13]: 8730
[16:03:13]: 8736
[16:03:14]: 8741
[16:03:14]: 8738
[16:03:14]: 8738
[16:03:14]: 8745
[16:03:15]: 8743
[16:03:15]: 8759
[16:03:15]: 8742
[16:03:16]: 8749
[16:03:16]: 8752
[16:03:16]: 8756
[16:03:17]: 8763
[16:03:17]: 8754
[16:03:17]: 8755
[16:03:18]: 8750
 Close valve V24
 Close valve LRW2
[16:03:18]: CIRCLE H+
 Open valve LR1
[16:03:18]: 8731
[16:03:18]: 9420
[16:03:19]: 9422
[16:03:19]: 9424
[16:03:19]: 9424
[16:03:20]: 9420
[16:03:20]: 9422
[16:03:20]: 9421
[16:03:21]: 9419
[16:03:21]: 9418
[16:03:21]: 9417
[16:03:21]: 9417
[16:03:22]: 9417
[16:03:22]: 9417
[16:03:22]: 9415
[16:03:23]: 9415
[16:03:23]: 9417
[16:03:23]: 9413
[16:03:24]: 9410
[16:03:24]: 9410
[16:03:24]: 9410
[16:03:25]: 9408
[16:03:25]: 9409
[16:03:25]: 9410
[16:03:26]: 9406
[16:03:26]: 9408
[16:03:26]: 9406
[16:03:26]: 9406
[16:03:27]: 9405
[16:03:27]: 9404
[16:03:27]: 9406
[16:03:28]: 9402
[16:03:28]: 9403
[16:03:28]: 9405
[16:03:29]: 9403
[16:03:29]: 9401
[16:03:29]: 9403
[16:03:30]: 9405
[16:03:30]: 9400
[16:03:30]: 9401
[16:03:31]: 9400
[16:03:31]: 9400
[16:03:31]: 9397
[16:03:32]: 9398
[16:03:32]: 9397
[16:03:32]: 9399
[16:03:32]: 9395
[16:03:33]: 9398
[16:03:33]: 9396
[16:03:33]: 9395
 Close valve LR1
[16:03:33]: W2 OH-
 Open valve LRW2
 Open valve V24
[16:03:34]: 9384
[16:03:34]: 9370
[16:03:35]: 9367
[16:03:35]: 9364
[16:03:35]: 9364
[16:03:36]: 9360
[16:03:36]: 9351
[16:03:36]: 9331
[16:03:36]: 9162
[16:03:37]: 8672
[16:03:37]: 8707
[16:03:37]: 8663
[16:03:38]: 8638
[16:03:38]: 8633
[16:03:38]: 8653
[16:03:39]: 8649
[16:03:39]: 8666
[16:03:39]: 8676
[16:03:40]: 8684
[16:03:40]: 8699
[16:03:40]: 8702
[16:03:41]: 8699
[16:03:41]: 8695
[16:03:41]: 8702
[16:03:42]: 8717
[16:03:42]: 8710
[16:03:42]: 8722
[16:03:42]: 8717
[16:03:43]: 8732
[16:03:43]: 8721
[16:03:43]: 8732
[16:03:44]: 8729
[16:03:44]: 8740
[16:03:44]: 8735
[16:03:45]: 8742
[16:03:45]: 8749
[16:03:45]: 8748
[16:03:46]: 8744
[16:03:46]: 8747
[16:03:46]: 8754
[16:03:47]: 8741
[16:03:47]: 8745
[16:03:47]: 8743
[16:03:48]: 8759
[16:03:48]: 8757
[16:03:48]: 8753
[16:03:49]: 8745
[16:03:49]: 8755
[16:03:49]: 8762
[16:03:50]: 8748
 Close valve V24
 Close valve LRW2
[16:03:50]: CROSS H+
 Open valve LR2
[16:03:50]: 8748
[16:03:50]: 9448
[16:03:51]: 9449
[16:03:51]: 9449
[16:03:51]: 9448
[16:03:52]: 9447
[16:03:52]: 9447
[16:03:52]: 9447
[16:03:53]: 9444
[16:03:53]: 9443
[16:03:53]: 9442
[16:03:54]: 9440
[16:03:54]: 9439
[16:03:54]: 9439
[16:03:55]: 9437
[16:03:55]: 9438
[16:03:55]: 9437
[16:03:55]: 9436
[16:03:56]: 9434
[16:03:56]: 9434
[16:03:56]: 9433
[16:03:57]: 9433
[16:03:57]: 9432
[16:03:57]: 9432
[16:03:58]: 9431
[16:03:58]: 9430
[16:03:58]: 9429
[16:03:59]: 9428
[16:03:59]: 9429
[16:03:59]: 9428
[16:04:00]: 9427
[16:04:00]: 9427
[16:04:00]: 9426
[16:04:01]: 9426
[16:04:01]: 9425
[16:04:01]: 9425
[16:04:02]: 9423
[16:04:02]: 9422
[16:04:02]: 9423
[16:04:03]: 9422
[16:04:03]: 9422
[16:04:03]: 9422
[16:04:04]: 9422
[16:04:04]: 9420
[16:04:04]: 9419
[16:04:05]: 9419
[16:04:05]: 9419
[16:04:05]: 9419
[16:04:05]: 9419
[16:04:06]: 9418
 Close valve LR2
[16:04:06]: W2 OH-
 Open valve LRW2
 Open valve V24
[16:04:06]: 9411
[16:04:07]: 9398
[16:04:07]: 9395
[16:04:07]: 9392
[16:04:07]: 9391
[16:04:08]: 9389
[16:04:08]: 9385
[16:04:08]: 9381
[16:04:09]: 9380
[16:04:09]: 9377
[16:04:09]: 9363
[16:04:10]: 9361
[16:04:10]: 9352
[16:04:10]: 9355
[16:04:11]: 9331
[16:04:11]: 9315
[16:04:11]: 8679
[16:04:12]: 8650
[16:04:12]: 8626
[16:04:12]: 8652
[16:04:13]: 8658
[16:04:13]: 8693
[16:04:13]: 8688
[16:04:14]: 8701
[16:04:14]: 8714
[16:04:14]: 8715
[16:04:14]: 8727
[16:04:15]: 8726
[16:04:15]: 8735
[16:04:15]: 8736
[16:04:16]: 8725
[16:04:16]: 8736
[16:04:16]: 8733
[16:04:17]: 8744
[16:04:17]: 8733
[16:04:17]: 8735
[16:04:18]: 8747
[16:04:18]: 8742
[16:04:18]: 8750
[16:04:19]: 8754
[16:04:19]: 8755
[16:04:19]: 8745
[16:04:19]: 8755
[16:04:20]: 8745
[16:04:20]: 8744
[16:04:20]: 8759
[16:04:21]: 8731
[16:04:21]: 8686
[16:04:21]: 8726
[16:04:22]: 8741
 Close valve V24
 Close valve LRW2
[16:04:22]: SQUARE H+
 Open valve LR3
[16:04:22]: 8721
[16:04:23]: 9441
[16:04:23]: 9440
[16:04:23]: 9438
[16:04:23]: 9435
[16:04:24]: 9393
[16:04:24]: 9322
[16:04:24]: 9281
[16:04:25]: 9263
[16:04:25]: 9250
[16:04:25]: 9245
[16:04:26]: 9240
[16:04:26]: 9236
[16:04:26]: 9235
[16:04:27]: 9233
[16:04:27]: 9232
[16:04:27]: 9230
[16:04:28]: 9228
[16:04:28]: 9226
[16:04:28]: 9225
[16:04:28]: 9224
[16:04:29]: 9222
[16:04:29]: 9221
[16:04:29]: 9220
[16:04:30]: 9219
[16:04:30]: 9218
[16:04:30]: 9216
[16:04:31]: 9214
[16:04:31]: 9212
[16:04:31]: 9211
[16:04:32]: 9210
[16:04:32]: 9208
[16:04:32]: 9206
[16:04:33]: 9204
[16:04:33]: 9204
[16:04:33]: 9202
[16:04:33]: 9201
[16:04:34]: 9199
[16:04:34]: 9198
[16:04:34]: 9196
[16:04:35]: 9195
[16:04:35]: 9193
[16:04:35]: 9191
[16:04:36]: 9189
[16:04:36]: 9187
[16:04:36]: 9185
[16:04:37]: 9182
[16:04:37]: 9182
[16:04:37]: 9180
[16:04:38]: 9178
 Close valve LR3
[16:04:38]: W2 OH-
 Open valve LRW2
 Open valve V24
[16:04:38]: 9190
[16:04:38]: 9340
[16:04:39]: 9389
[16:04:39]: 9417
[16:04:39]: 9427
[16:04:40]: 9422
[16:04:40]: 9389
[16:04:40]: 9370
[16:04:41]: 9323
[16:04:41]: 9363
[16:04:41]: 9374
[16:04:42]: 9300
[16:04:42]: 8979
[16:04:42]: 9595
[16:04:43]: 9364
[16:04:43]: 9365
[16:04:43]: 9278
[16:04:44]: 9365
[16:04:44]: 9608
[16:04:44]: 9358
[16:04:45]: 9376
[16:04:45]: 9717
[16:04:45]: 9689
[16:04:46]: 9539
[16:04:46]: 9357
[16:04:46]: 9436
[16:04:46]: 9337
[16:04:47]: 9316
[16:04:47]: 9544
[16:04:47]: 9286
[16:04:48]: 9313
[16:04:48]: 9306
[16:04:48]: 9439
[16:04:49]: 9383
[16:04:49]: 9097
[16:04:49]: 9152
[16:04:50]: 8761
[16:04:50]: 8586
[16:04:50]: 8547
[16:04:51]: 8552
[16:04:51]: 8572
[16:04:51]: 8621
[16:04:52]: 8927
[16:04:52]: 8933
[16:04:52]: 8898
[16:04:52]: 8867
[16:04:53]: 8869
[16:04:53]: 8853
[16:04:53]: 8986
[16:04:54]: 8750
 Close valve V24
 Close valve LRW2
[16:04:54]: PLUS H+
 Open valve LR4
[16:04:54]: 8844
[16:04:55]: 8573
[16:04:55]: 8579
[16:04:55]: 8591
[16:04:55]: 8599
[16:04:56]: 8608
[16:04:56]: 8614
[16:04:56]: 8618
[16:04:57]: 8621
[16:04:57]: 8623
[16:04:57]: 8625
[16:04:58]: 8626
[16:04:58]: 8627
[16:04:58]: 8629
[16:04:59]: 8630
[16:04:59]: 8630
[16:04:59]: 8632
[16:05:00]: 8633
[16:05:00]: 8634
[16:05:00]: 8634
[16:05:01]: 8635
[16:05:01]: 8635
[16:05:01]: 8636
[16:05:01]: 8637
[16:05:02]: 8638
[16:05:02]: 8638
[16:05:02]: 8638
[16:05:03]: 8639
[16:05:03]: 8640
[16:05:03]: 8641
[16:05:04]: 8641
[16:05:04]: 8642
[16:05:04]: 8642
[16:05:05]: 8631
[16:05:05]: 8635
[16:05:05]: 8639
[16:05:06]: 8642
[16:05:06]: 8642
[16:05:06]: 8644
[16:05:06]: 8645
[16:05:07]: 8646
[16:05:07]: 8646
[16:05:07]: 8647
[16:05:08]: 8648
[16:05:08]: 8648
[16:05:08]: 8648
[16:05:09]: 8649
[16:05:09]: 8650
[16:05:09]: 8650
[16:05:10]: 8650
 Close valve LR4
[16:05:10]: W2 OH-
 Open valve LRW2
 Open valve V24
[16:05:10]: 8651
[16:05:10]: 8651
[16:05:11]: 8653
[16:05:11]: 8653
[16:05:11]: 8654
[16:05:12]: 8655
[16:05:12]: 8655
[16:05:12]: 8656
[16:05:13]: 8656
[16:05:13]: 8656
[16:05:13]: 8656
[16:05:14]: 8657
[16:05:14]: 8657
[16:05:14]: 8656
[16:05:15]: 8657
[16:05:15]: 8658
[16:05:15]: 8653
[16:05:15]: 8656
[16:05:16]: 8658
[16:05:16]: 8655
[16:05:16]: 8655
[16:05:17]: 8655
[16:05:17]: 8657
[16:05:17]: 8656
[16:05:18]: 8657
[16:05:18]: 8658
[16:05:18]: 8659
[16:05:19]: 8658
[16:05:19]: 8658
[16:05:19]: 8658
[16:05:20]: 8659
[16:05:20]: 8660
[16:05:20]: 8659
[16:05:20]: 8659
[16:05:21]: 8661
[16:05:21]: 8661
[16:05:21]: 8663
[16:05:22]: 8663
[16:05:22]: 8664
[16:05:22]: 8663
[16:05:23]: 8664
[16:05:23]: 8664
[16:05:23]: 8664
[16:05:24]: 8665
[16:05:24]: 8663
[16:05:24]: 8660
[16:05:25]: 8760
[16:05:25]: 9461
[16:05:25]: 9376
[16:05:25]: 9381
 Close valve V24
 Close valve LRW2
[16:05:26]: CIRCLE H+
 Open valve LR1
[16:05:26]: 8826
[16:05:26]: 9124
[16:05:27]: 8961
[16:05:27]: 8935
[16:05:27]: 8913
[16:05:28]: 8896
[16:05:28]: 8881
[16:05:28]: 8871
[16:05:28]: 8860
[16:05:29]: 8852
[16:05:29]: 8842
[16:05:29]: 8836
[16:05:30]: 8827
[16:05:30]: 8826
[16:05:30]: 8823
[16:05:31]: 8820
[16:05:31]: 8817
[16:05:31]: 8814
[16:05:32]: 8811
[16:05:32]: 8808
[16:05:32]: 8808
[16:05:33]: 8806
[16:05:33]: 8805
[16:05:33]: 8803
[16:05:33]: 8802
[16:05:34]: 8801
[16:05:34]: 8799
[16:05:34]: 8800
[16:05:35]: 8797
[16:05:35]: 8796
[16:05:35]: 8797
[16:05:36]: 8795
[16:05:36]: 8795
[16:05:36]: 8793
[16:05:37]: 8794
[16:05:37]: 8794
[16:05:37]: 8794
[16:05:38]: 8793
[16:05:38]: 8791
[16:05:38]: 8791
[16:05:39]: 8791
[16:05:39]: 8790
[16:05:39]: 8789
[16:05:39]: 8790
[16:05:40]: 8787
[16:05:40]: 8789
[16:05:40]: 8787
[16:05:41]: 8787
[16:05:41]: 8789
[16:05:41]: 8787
 Close valve LR1
[16:05:41]: W2 OH-
 Open valve LRW2
 Open valve V24
[16:05:42]: 8791
[16:05:42]: 8801
[16:05:42]: 8819
[16:05:43]: 8839
[16:05:43]: 8861
[16:05:43]: 8894
[16:05:44]: 8938
[16:05:44]: 8970
[16:05:44]: 9073
[16:05:45]: 9245
[16:05:45]: 9338
[16:05:45]: 8785
[16:05:46]: 8611
[16:05:46]: 8587
[16:05:46]: 8586
[16:05:46]: 8716
[16:05:47]: 8495
[16:05:47]: 8487
[16:05:47]: 8549
[16:05:48]: 8511
[16:05:48]: 8742
[16:05:48]: 8818
[16:05:49]: 8748
[16:05:49]: 8537
[16:05:49]: 8483
[16:05:50]: 8441
[16:05:50]: 8480
[16:05:50]: 8479
[16:05:51]: 8494
[16:05:51]: 8500
[16:05:51]: 8467
[16:05:52]: 8482
[16:05:52]: 8470
[16:05:52]: 8473
[16:05:52]: 8779
[16:05:53]: 8461
[16:05:53]: 8653
[16:05:53]: 9155
[16:05:54]: 9333
[16:05:54]: 10060
[16:05:54]: 10365
[16:05:55]: 9492
[16:05:55]: 8599
[16:05:55]: 9784
[16:05:56]: 10270
[16:05:56]: 10283
[16:05:56]: 10536
[16:05:56]: 10526
[16:05:57]: 9393
[16:05:57]: 9623
 Close valve V24
 Close valve LRW2
[16:05:57]: CROSS H+
 Open valve LR2
[16:05:58]: 9338
[16:05:58]: 8615
[16:05:58]: 8562
[16:05:59]: 8539
[16:05:59]: 8518
[16:05:59]: 8511
[16:06:00]: 8511
[16:06:00]: 8515
[16:06:00]: 8518
[16:06:00]: 8519
[16:06:01]: 8523
[16:06:01]: 8526
[16:06:01]: 8527
[16:06:02]: 8530
[16:06:02]: 8533
[16:06:02]: 8533
[16:06:03]: 8535
[16:06:03]: 8537
[16:06:03]: 8537
[16:06:04]: 8539
[16:06:04]: 8539
[16:06:04]: 8541
[16:06:05]: 8541
[16:06:05]: 8543
[16:06:05]: 8544
[16:06:05]: 8544
[16:06:06]: 8545
[16:06:06]: 8546
[16:06:06]: 8546
[16:06:07]: 8547
[16:06:07]: 8547
[16:06:07]: 8550
[16:06:08]: 8550
[16:06:08]: 8551
[16:06:08]: 8554
[16:06:09]: 8554
[16:06:09]: 8554
[16:06:09]: 8555
[16:06:10]: 8556
[16:06:10]: 8557
[16:06:10]: 8556
[16:06:10]: 8557
[16:06:11]: 8557
[16:06:11]: 8556
[16:06:11]: 8557
[16:06:12]: 8557
[16:06:12]: 8558
[16:06:12]: 8558
[16:06:13]: 8559
[16:06:13]: 8558
 Close valve LR2
[16:06:13]: W2 OH-
 Open valve LRW2
 Open valve V24
[16:06:13]: 8572
[16:06:14]: 8627
[16:06:14]: 8661
[16:06:14]: 8706
[16:06:15]: 8831
[16:06:15]: 8984
[16:06:15]: 9123
[16:06:16]: 9171
[16:06:16]: 9151
[16:06:16]: 9305
[16:06:17]: 9576
[16:06:17]: 9710
[16:06:17]: 9876
[16:06:17]: 9928
[16:06:18]: 9962
[16:06:18]: 9922
[16:06:18]: 10010
[16:06:19]: 10021
[16:06:19]: 10036
[16:06:19]: 10110
[16:06:20]: 10155
[16:06:20]: 10171
[16:06:20]: 10193
[16:06:21]: 10269
[16:06:21]: 10272
[16:06:21]: 10190
[16:06:21]: 10090
[16:06:22]: 10002
[16:06:22]: 10094
[16:06:22]: 10286
[16:06:23]: 10291
[16:06:23]: 10329
[16:06:23]: 10363
[16:06:24]: 10296
[16:06:24]: 10396
[16:06:24]: 10367
[16:06:25]: 10353
[16:06:25]: 10351
[16:06:25]: 10441
[16:06:26]: 10397
[16:06:26]: 10366
[16:06:26]: 10355
[16:06:26]: 10354
[16:06:27]: 10435
