 Close valve HP_IN
 Close valve HP_OUT
 Close valve L1_OUT
 Close valve L2_OUT
 Close valve L3_OUT
 Close valve L_HP
 Close valve LR1
 Close valve LR2
 Close valve LR3
 Close valve LR4
 Close valve LRW2
 Close valve LWASTE
 Close valve R1_4
 Close valve V21
 Close valve V24
 Close valve V4
 Close valve VH
 Close valve W1
 Close valve W2
 Close valve W3
 Open valve HP_IN
 Open valve W2
 Open valve R1_4
 Open valve V21
[13:59:41]: Forward liquid flow activated
[13:59:41]: AIR
 Open valve HP_OUT
 Open valve L_HP
 Open valve V24
 Open valve V4
 Close valve V4
 Close valve V24
 Close valve L_HP
 Close valve HP_OUT
[14:00:27]: Pump W2
 Open valve LRW2
 Open valve V24
 Open valve V4
 Open valve L2_OUT
 Close valve L2_OUT
 Close valve V4
 Close valve V24
 Close valve LRW2
[14:00:57]: Loop start
[14:00:57]: W2 OH-
 Open valve LRW2
 Open valve V24
[14:00:58]: 9165
[14:00:58]: 9166
[14:00:59]: 9166
[14:00:59]: 9167
[14:00:59]: 9167
[14:01:00]: 9169
[14:01:00]: 9170
[14:01:00]: 9170
[14:01:00]: 9170
[14:01:01]: 9172
[14:01:01]: 9172
[14:01:01]: 9173
[14:01:02]: 9173
[14:01:02]: 9174
[14:01:02]: 9175
[14:01:03]: 9175
[14:01:03]: 9176
[14:01:03]: 9177
[14:01:04]: 9177
[14:01:04]: 9178
[14:01:04]: 9179
[14:01:05]: 9179
[14:01:05]: 9180
[14:01:05]: 9181
[14:01:06]: 9182
[14:01:06]: 9183
[14:01:06]: 9183
[14:01:06]: 9183
[14:01:07]: 9184
[14:01:07]: 9184
[14:01:07]: 9185
[14:01:08]: 9185
[14:01:08]: 9186
[14:01:08]: 9187
[14:01:09]: 9188
[14:01:09]: 9189
[14:01:09]: 9189
[14:01:10]: 9190
[14:01:10]: 9190
[14:01:10]: 9190
[14:01:11]: 9191
[14:01:11]: 9191
[14:01:11]: 9192
[14:01:12]: 9193
[14:01:12]: 9192
[14:01:12]: 9193
[14:01:12]: 9193
[14:01:13]: 9194
[14:01:13]: 9195
[14:01:13]: 9195
[14:01:14]: 9196
[14:01:14]: 9196
[14:01:14]: 9197
[14:01:15]: 9197
[14:01:15]: 9197
[14:01:15]: 9198
[14:01:16]: 9198
[14:01:16]: 9199
[14:01:16]: 9199
[14:01:17]: 9200
 Close valve V24
 Close valve LRW2
[14:01:17]: CIRCLE H+
 Open valve LR1
[14:01:17]: 9200
[14:01:18]: 9752
[14:01:18]: 11263
[14:01:18]: 11829
[14:01:18]: 11927
[14:01:19]: 11548
[14:01:19]: 11940
[14:01:19]: 12064
[14:01:20]: 12157
[14:01:20]: 12203
[14:01:20]: 12267
[14:01:21]: 12272
[14:01:21]: 12331
[14:01:21]: 12344
[14:01:22]: 12368
[14:01:22]: 12381
[14:01:22]: 12404
[14:01:23]: 10188
[14:01:23]: 9939
[14:01:23]: 10181
[14:01:23]: 10356
[14:01:24]: 10483
[14:01:24]: 10563
[14:01:24]: 10651
[14:01:25]: 10709
[14:01:25]: 10784
[14:01:25]: 10837
[14:01:26]: 10883
[14:01:26]: 10915
[14:01:26]: 10953
[14:01:27]: 9296
[14:01:27]: 9216
[14:01:27]: 9215
[14:01:27]: 9215
[14:01:28]: 9214
[14:01:28]: 9215
[14:01:28]: 9215
[14:01:29]: 9215
[14:01:29]: 9216
[14:01:29]: 9217
[14:01:30]: 9217
[14:01:30]: 9218
[14:01:30]: 9218
[14:01:31]: 9219
[14:01:31]: 9220
[14:01:31]: 9221
[14:01:32]: 9222
[14:01:32]: 9222
[14:01:32]: 9223
[14:01:32]: 9224
[14:01:33]: 9224
[14:01:33]: 9225
[14:01:33]: 9225
[14:01:34]: 9227
[14:01:34]: 9226
[14:01:34]: 9227
[14:01:35]: 9228
[14:01:35]: 9229
[14:01:35]: 9229
[14:01:36]: 9230
 Close valve LR1
[14:01:36]: W2 OH-
 Open valve LRW2
 Open valve V24
[14:01:36]: 9233
[14:01:36]: 9227
[14:01:37]: 9222
[14:01:37]: 9220
[14:01:37]: 9220
[14:01:38]: 9220
[14:01:38]: 9221
[14:01:38]: 9220
[14:01:39]: 9221
[14:01:39]: 9221
[14:01:39]: 9221
[14:01:40]: 9221
[14:01:40]: 9222
[14:01:40]: 9221
[14:01:40]: 9221
[14:01:41]: 9222
[14:01:41]: 9223
[14:01:41]: 9222
[14:01:42]: 9222
[14:01:42]: 9223
[14:01:42]: 9223
[14:01:43]: 9224
[14:01:43]: 9223
[14:01:43]: 9225
[14:01:44]: 9224
[14:01:44]: 9223
[14:01:44]: 9225
[14:01:44]: 9225
[14:01:45]: 9224
[14:01:45]: 9225
[14:01:45]: 9225
[14:01:46]: 9225
[14:01:46]: 9225
[14:01:46]: 9225
[14:01:47]: 9226
[14:01:47]: 9227
[14:01:47]: 9227
[14:01:48]: 9226
[14:01:48]: 9226
[14:01:48]: 9226
[14:01:48]: 9227
[14:01:49]: 9227
[14:01:49]: 9228
[14:01:49]: 9228
[14:01:50]: 9228
[14:01:50]: 9228
[14:01:50]: 9228
[14:01:51]: 9228
[14:01:51]: 9228
[14:01:51]: 9228
[14:01:52]: 9229
[14:01:52]: 9229
[14:01:52]: 9229
[14:01:53]: 9228
[14:01:53]: 9229
[14:01:53]: 9229
[14:01:54]: 9229
[14:01:54]: 9229
[14:01:54]: 9229
[14:01:54]: 9230
 Close valve V24
 Close valve LRW2
[14:01:55]: CROSS H+
 Open valve LR2
[14:01:55]: 9230
[14:01:55]: 9230
[14:01:56]: 11303
[14:01:56]: 11626
[14:01:56]: 11204
[14:01:56]: 11417
[14:01:57]: 10203
[14:01:57]: 10653
[14:01:57]: 11106
[14:01:58]: 11581
[14:01:58]: 11833
[14:01:58]: 11951
[14:01:59]: 12012
[14:01:59]: 12066
[14:01:59]: 12106
[14:02:00]: 9973
[14:02:00]: 9795
[14:02:00]: 10840
[14:02:00]: 11443
[14:02:01]: 11759
[14:02:01]: 10892
[14:02:01]: 11039
[14:02:02]: 9242
[14:02:02]: 9231
[14:02:02]: 9231
[14:02:03]: 9230
[14:02:03]: 9229
[14:02:03]: 9229
[14:02:04]: 9230
[14:02:04]: 9229
[14:02:04]: 9230
[14:02:04]: 9230
[14:02:05]: 9230
[14:02:05]: 9231
[14:02:05]: 9236
[14:02:06]: 9237
[14:02:06]: 9238
[14:02:06]: 9238
[14:02:07]: 9237
[14:02:07]: 9238
[14:02:07]: 9238
[14:02:08]: 9238
[14:02:08]: 9238
[14:02:08]: 9238
[14:02:08]: 9239
[14:02:09]: 9240
[14:02:09]: 9240
[14:02:09]: 9240
[14:02:10]: 9240
[14:02:10]: 9241
[14:02:10]: 9242
[14:02:11]: 9242
[14:02:11]: 9242
[14:02:11]: 9243
[14:02:12]: 9243
[14:02:12]: 9243
[14:02:12]: 9244
[14:02:13]: 9244
[14:02:13]: 9245
[14:02:13]: 9245
 Close valve LR2
[14:02:13]: W2 OH-
 Open valve LRW2
 Open valve V24
[14:02:14]: 9246
[14:02:14]: 9238
[14:02:14]: 9235
[14:02:15]: 9234
[14:02:15]: 9234
[14:02:15]: 9233
[14:02:15]: 9233
[14:02:16]: 9233
[14:02:16]: 9234
[14:02:16]: 9233
[14:02:17]: 9233
[14:02:17]: 9233
[14:02:17]: 9233
[14:02:18]: 9233
[14:02:18]: 9234
[14:02:18]: 9233
[14:02:19]: 9233
[14:02:19]: 9233
[14:02:19]: 9233
[14:02:20]: 9233
[14:02:20]: 9233
[14:02:20]: 9233
[14:02:20]: 9232
[14:02:21]: 9234
[14:02:21]: 9234
[14:02:21]: 9233
[14:02:22]: 9233
[14:02:22]: 9233
[14:02:22]: 9233
[14:02:23]: 9233
[14:02:23]: 9232
[14:02:23]: 9232
[14:02:24]: 9234
[14:02:24]: 9233
[14:02:24]: 9233
[14:02:25]: 9233
[14:02:25]: 9233
[14:02:25]: 9234
[14:02:26]: 9234
[14:02:26]: 9233
[14:02:26]: 9233
[14:02:27]: 9233
[14:02:27]: 9233
[14:02:27]: 9233
[14:02:27]: 9233
[14:02:28]: 9233
[14:02:28]: 9232
[14:02:28]: 9232
[14:02:29]: 9233
[14:02:29]: 9233
[14:02:29]: 9233
[14:02:30]: 9233
[14:02:30]: 9233
[14:02:30]: 9233
[14:02:31]: 9233
[14:02:31]: 9233
[14:02:31]: 9233
[14:02:32]: 9233
[14:02:32]: 9233
[14:02:32]: 9232
 Close valve V24
 Close valve LRW2
[14:02:32]: SQUARE H+
 Open valve LR3
[14:02:33]: 9233
[14:02:33]: 9232
[14:02:33]: 9232
[14:02:34]: 9943
[14:02:34]: 9611
[14:02:34]: 10000
[14:02:34]: 11027
[14:02:35]: 11447
[14:02:35]: 11097
[14:02:35]: 11377
[14:02:36]: 11539
[14:02:36]: 10006
[14:02:36]: 9464
[14:02:37]: 10560
[14:02:37]: 10648
[14:02:37]: 11064
[14:02:38]: 10461
[14:02:38]: 9347
[14:02:38]: 9249
[14:02:39]: 9746
[14:02:39]: 9272
[14:02:39]: 9257
[14:02:39]: 9246
[14:02:40]: 9246
[14:02:40]: 9245
[14:02:40]: 9245
[14:02:41]: 9246
[14:02:41]: 9246
[14:02:41]: 9246
[14:02:42]: 9246
[14:02:42]: 9247
[14:02:42]: 9247
[14:02:43]: 9247
[14:02:43]: 9248
[14:02:43]: 9248
[14:02:44]: 9247
[14:02:44]: 9246
[14:02:44]: 9247
[14:02:44]: 9246
[14:02:45]: 9247
[14:02:45]: 9247
[14:02:45]: 9248
[14:02:46]: 9249
[14:02:46]: 9248
[14:02:46]: 9249
[14:02:47]: 9250
[14:02:47]: 9250
[14:02:47]: 9250
[14:02:48]: 9250
[14:02:48]: 9251
[14:02:48]: 9251
[14:02:49]: 9251
[14:02:49]: 9251
[14:02:49]: 9251
[14:02:49]: 9251
[14:02:50]: 9252
[14:02:50]: 9252
[14:02:50]: 9252
[14:02:51]: 9253
[14:02:51]: 9253
 Close valve LR3
[14:02:51]: W2 OH-
 Open valve LRW2
 Open valve V24
[14:02:52]: 9255
[14:02:52]: 9246
[14:02:52]: 9245
[14:02:53]: 9243
[14:02:53]: 9241
[14:02:53]: 9240
[14:02:53]: 9241
[14:02:54]: 9240
[14:02:54]: 9240
[14:02:54]: 9239
[14:02:55]: 9239
[14:02:55]: 9240
[14:02:55]: 9240
[14:02:56]: 9239
[14:02:56]: 9239
[14:02:56]: 9239
[14:02:57]: 9238
[14:02:57]: 9239
[14:02:57]: 9238
[14:02:58]: 9239
[14:02:58]: 9238
[14:02:58]: 9238
[14:02:58]: 9239
[14:02:59]: 9239
[14:02:59]: 9238
[14:02:59]: 9239
[14:03:00]: 9239
[14:03:00]: 9238
[14:03:00]: 9238
[14:03:01]: 9238
[14:03:01]: 9238
[14:03:01]: 9238
[14:03:02]: 9238
[14:03:02]: 9237
[14:03:02]: 9238
[14:03:03]: 9238
[14:03:03]: 9238
[14:03:03]: 9237
[14:03:03]: 9237
[14:03:04]: 9237
[14:03:04]: 9237
[14:03:04]: 9237
[14:03:05]: 9238
[14:03:05]: 9237
[14:03:05]: 9237
[14:03:06]: 9237
[14:03:06]: 9237
[14:03:06]: 9237
[14:03:07]: 9237
[14:03:07]: 9236
[14:03:07]: 9236
[14:03:08]: 9236
[14:03:08]: 9237
[14:03:08]: 9236
[14:03:09]: 9236
[14:03:09]: 9236
[14:03:09]: 9237
[14:03:10]: 9237
[14:03:10]: 9237
[14:03:10]: 9235
 Close valve V24
 Close valve LRW2
[14:03:10]: PLUS H+
 Open valve LR4
[14:03:11]: 9236
[14:03:11]: 9239
[14:03:11]: 9235
[14:03:12]: 9236
[14:03:12]: 9236
[14:03:12]: 9336
[14:03:13]: 10607
[14:03:13]: 9327
[14:03:13]: 10000
[14:03:13]: 10682
[14:03:14]: 11075
[14:03:14]: 11487
[14:03:14]: 11649
[14:03:15]: 11775
[14:03:15]: 11860
[14:03:15]: 11923
[14:03:16]: 11972
[14:03:16]: 12001
[14:03:16]: 12033
[14:03:17]: 12062
[14:03:17]: 12085
[14:03:17]: 12105
[14:03:18]: 12115
[14:03:18]: 12137
[14:03:18]: 12151
[14:03:19]: 12163
[14:03:19]: 12172
[14:03:19]: 9600
[14:03:19]: 11467
[14:03:20]: 9286
[14:03:20]: 9269
[14:03:20]: 9251
[14:03:21]: 9250
[14:03:21]: 9250
[14:03:21]: 9250
[14:03:22]: 9249
[14:03:22]: 9249
[14:03:22]: 9249
[14:03:23]: 9250
[14:03:23]: 9251
[14:03:23]: 9250
[14:03:24]: 9250
[14:03:24]: 9249
[14:03:24]: 9249
[14:03:25]: 9250
[14:03:25]: 9250
[14:03:25]: 9249
[14:03:25]: 9249
[14:03:26]: 9249
[14:03:26]: 9249
[14:03:26]: 9250
[14:03:27]: 9251
[14:03:27]: 9251
[14:03:27]: 9251
[14:03:28]: 9250
[14:03:28]: 9251
[14:03:28]: 9251
[14:03:29]: 9250
[14:03:29]: 9251
[14:03:29]: 9251
 Close valve LR4
[14:03:29]: W2 OH-
 Open valve LRW2
 Open valve V24
[14:03:30]: 9244
[14:03:30]: 9243
[14:03:31]: 9241
[14:03:31]: 9239
[14:03:31]: 9240
[14:03:31]: 9244
[14:03:32]: 9240
[14:03:32]: 9240
[14:03:32]: 9239
[14:03:33]: 9240
[14:03:33]: 9240
[14:03:33]: 9239
[14:03:34]: 9240
[14:03:34]: 9240
[14:03:34]: 9239
[14:03:35]: 9239
[14:03:35]: 9239
[14:03:35]: 9239
[14:03:35]: 9239
[14:03:36]: 9240
[14:03:36]: 9238
[14:03:36]: 9238
[14:03:37]: 9239
[14:03:37]: 9239
[14:03:37]: 9239
[14:03:38]: 9238
[14:03:38]: 9239
[14:03:38]: 9239
[14:03:39]: 9238
[14:03:39]: 9238
[14:03:39]: 9239
[14:03:40]: 9238
[14:03:40]: 9238
[14:03:40]: 9238
[14:03:40]: 9238
[14:03:41]: 9238
[14:03:41]: 9239
[14:03:41]: 9239
[14:03:42]: 9238
[14:03:42]: 9237
[14:03:42]: 9238
[14:03:43]: 9237
[14:03:43]: 9238
[14:03:43]: 9238
[14:03:44]: 9238
[14:03:44]: 9238
[14:03:44]: 9237
[14:03:44]: 9237
[14:03:45]: 9237
[14:03:45]: 9238
[14:03:45]: 9237
[14:03:46]: 9237
[14:03:46]: 9237
[14:03:46]: 9237
[14:03:47]: 9237
[14:03:47]: 9237
[14:03:47]: 9237
[14:03:48]: 9237
[14:03:48]: 9238
[14:03:48]: 9237
 Close valve V24
 Close valve LRW2
[14:03:48]: CIRCLE H+
 Open valve LR1
[14:03:49]: 9236
[14:03:49]: 9252
[14:03:49]: 9253
[14:03:50]: 9253
[14:03:50]: 9253
[14:03:50]: 9253
[14:03:51]: 9253
[14:03:51]: 9253
[14:03:51]: 9254
[14:03:51]: 9253
[14:03:52]: 9253
[14:03:52]: 9254
[14:03:52]: 9254
[14:03:53]: 9254
[14:03:53]: 9255
[14:03:53]: 9255
[14:03:54]: 9255
[14:03:54]: 9255
[14:03:54]: 9255
[14:03:55]: 9255
[14:03:55]: 9255
[14:03:55]: 9256
[14:03:56]: 9256
[14:03:56]: 9257
[14:03:56]: 9257
[14:03:56]: 9257
[14:03:57]: 9258
[14:03:57]: 9257
[14:03:57]: 9257
[14:03:58]: 9257
[14:03:58]: 9258
[14:03:58]: 9258
[14:03:59]: 9258
[14:03:59]: 9258
[14:03:59]: 9258
[14:04:00]: 9259
[14:04:00]: 9259
[14:04:00]: 9258
[14:04:01]: 9259
[14:04:01]: 9260
[14:04:01]: 9260
[14:04:01]: 9259
[14:04:02]: 9260
[14:04:02]: 9260
[14:04:02]: 9261
[14:04:03]: 9261
[14:04:03]: 9260
[14:04:03]: 9260
[14:04:04]: 9261
[14:04:04]: 9261
[14:04:04]: 9261
[14:04:05]: 9261
[14:04:05]: 9261
[14:04:05]: 9262
[14:04:05]: 9262
[14:04:06]: 9262
[14:04:06]: 9262
[14:04:06]: 9263
[14:04:07]: 9263
[14:04:07]: 9263
 Close valve LR1
[14:04:07]: W2 OH-
 Open valve LRW2
 Open valve V24
[14:04:07]: 9263
[14:04:08]: 9254
[14:04:08]: 9251
[14:04:08]: 9249
[14:04:09]: 9248
[14:04:09]: 9248
[14:04:09]: 9248
[14:04:10]: 9247
[14:04:10]: 9247
[14:04:10]: 9246
[14:04:11]: 9247
[14:04:11]: 9247
[14:04:11]: 9247
[14:04:12]: 9247
[14:04:12]: 9246
[14:04:12]: 9246
[14:04:12]: 9247
[14:04:13]: 9247
[14:04:13]: 9246
[14:04:13]: 9246
[14:04:14]: 9245
[14:04:14]: 9245
[14:04:14]: 9245
[14:04:15]: 9246
[14:04:15]: 9246
[14:04:15]: 9245
[14:04:16]: 9245
[14:04:16]: 9245
[14:04:16]: 9245
[14:04:17]: 9244
[14:04:17]: 9244
[14:04:17]: 9244
[14:04:18]: 9244
[14:04:18]: 9245
[14:04:18]: 9244
[14:04:18]: 9244
[14:04:19]: 9244
[14:04:19]: 9244
[14:04:19]: 9244
[14:04:20]: 9244
[14:04:20]: 9243
[14:04:20]: 9243
[14:04:21]: 9244
[14:04:21]: 9243
[14:04:21]: 9243
[14:04:22]: 9243
[14:04:22]: 9243
[14:04:22]: 9243
[14:04:23]: 9242
[14:04:23]: 9242
[14:04:23]: 9242
[14:04:24]: 9243
[14:04:24]: 9242
[14:04:24]: 9243
[14:04:24]: 9243
[14:04:25]: 9242
[14:04:25]: 9242
[14:04:25]: 9242
[14:04:26]: 9243
[14:04:26]: 9242
 Close valve V24
 Close valve LRW2
[14:04:26]: CROSS H+
 Open valve LR2
[14:04:26]: 9242
[14:04:27]: 9257
[14:04:27]: 9257
[14:04:27]: 9258
[14:04:28]: 9259
[14:04:28]: 9259
[14:04:28]: 9258
[14:04:29]: 9258
[14:04:29]: 9258
[14:04:29]: 9259
[14:04:30]: 9260
[14:04:30]: 9260
[14:04:30]: 9260
[14:04:31]: 9260
[14:04:31]: 9260
[14:04:31]: 9260
[14:04:32]: 9260
[14:04:32]: 9261
[14:04:32]: 9261
[14:04:32]: 9260
[14:04:33]: 9261
[14:04:33]: 9261
[14:04:33]: 9261
[14:04:34]: 9261
[14:04:34]: 9261
[14:04:34]: 9261
[14:04:35]: 9262
[14:04:35]: 9262
[14:04:35]: 9262
[14:04:36]: 9263
[14:04:36]: 9263
[14:04:36]: 9262
[14:04:37]: 9262
[14:04:37]: 9263
[14:04:37]: 9262
[14:04:37]: 9263
[14:04:38]: 9264
[14:04:38]: 9264
[14:04:38]: 9263
[14:04:39]: 9264
[14:04:39]: 9264
[14:04:39]: 9264
[14:04:40]: 9264
[14:04:40]: 9265
[14:04:40]: 9265
[14:04:41]: 9264
[14:04:41]: 9264
[14:04:41]: 9265
[14:04:41]: 9265
[14:04:42]: 9265
[14:04:42]: 9266
[14:04:42]: 9265
[14:04:43]: 9265
[14:04:43]: 9266
[14:04:43]: 9265
[14:04:44]: 9266
[14:04:44]: 9267
[14:04:44]: 9267
[14:04:45]: 9266
[14:04:45]: 9266
 Close valve LR2
[14:04:45]: W2 OH-
 Open valve LRW2
 Open valve V24
[14:04:45]: 9264
[14:04:46]: 9257
[14:04:46]: 9255
[14:04:46]: 9252
[14:04:47]: 9250
[14:04:47]: 9250
[14:04:47]: 9250
[14:04:48]: 9250
[14:04:48]: 9250
[14:04:48]: 9250
[14:04:49]: 9249
[14:04:49]: 9249
[14:04:49]: 9249
[14:04:50]: 9249
[14:04:50]: 9249
[14:04:50]: 9248
[14:04:51]: 9249
[14:04:51]: 9249
[14:04:51]: 9249
[14:04:51]: 9248
[14:04:52]: 9248
[14:04:52]: 9248
[14:04:52]: 9248
[14:04:53]: 9248
[14:04:53]: 9247
[14:04:53]: 9247
[14:04:54]: 9248
[14:04:54]: 9248
[14:04:54]: 9246
[14:04:55]: 9246
[14:04:55]: 9247
[14:04:55]: 9246
[14:04:55]: 9246
[14:04:56]: 9246
[14:04:56]: 9246
[14:04:56]: 9246
[14:04:57]: 9246
[14:04:57]: 9246
[14:04:57]: 9246
[14:04:58]: 9245
[14:04:58]: 9245
[14:04:58]: 9246
[14:04:58]: 9245
[14:04:59]: 9245
[14:04:59]: 9245
[14:04:59]: 9245
[14:05:00]: 9245
[14:05:00]: 9245
[14:05:00]: 9245
[14:05:01]: 9245
[14:05:01]: 9244
[14:05:01]: 9244
[14:05:02]: 9244
[14:05:02]: 9244
[14:05:02]: 9244
[14:05:03]: 9244
[14:05:03]: 9244
[14:05:03]: 9244
[14:05:03]: 9243
[14:05:04]: 9243
 Close valve V24
 Close valve LRW2
[14:05:04]: SQUARE H+
 Open valve LR3
[14:05:04]: 9243
[14:05:04]: 9259
[14:05:05]: 9261
[14:05:05]: 9261
[14:05:05]: 9262
[14:05:06]: 9262
[14:05:06]: 9261
[14:05:06]: 9261
[14:05:07]: 9262
[14:05:07]: 9262
[14:05:07]: 9262
[14:05:08]: 9262
[14:05:08]: 9263
[14:05:08]: 9263
[14:05:09]: 9263
[14:05:09]: 9263
[14:05:09]: 9263
[14:05:09]: 9263
[14:05:10]: 9264
[14:05:10]: 9264
[14:05:10]: 9264
[14:05:11]: 9264
[14:05:11]: 9264
[14:05:11]: 9265
[14:05:12]: 9266
[14:05:12]: 9265
[14:05:12]: 9266
[14:05:13]: 9265
[14:05:13]: 9266
[14:05:13]: 9266
[14:05:14]: 9266
[14:05:14]: 9266
[14:05:14]: 9266
[14:05:14]: 9266
[14:05:15]: 9266
[14:05:15]: 9267
[14:05:15]: 9267
[14:05:16]: 9267
[14:05:16]: 9268
[14:05:16]: 9267
[14:05:17]: 9267
[14:05:17]: 9267
[14:05:17]: 9268
[14:05:18]: 9268
[14:05:18]: 9268
[14:05:18]: 9268
[14:05:19]: 9268
[14:05:19]: 9268
[14:05:19]: 9268
[14:05:20]: 9269
[14:05:20]: 9269
[14:05:20]: 9270
[14:05:21]: 9270
[14:05:21]: 9270
[14:05:21]: 9270
[14:05:22]: 9271
[14:05:22]: 9270
[14:05:22]: 9270
[14:05:22]: 9270
[14:05:23]: 9271
 Close valve LR3
[14:05:23]: W2 OH-
 Open valve LRW2
 Open valve V24
[14:05:23]: 9267
[14:05:24]: 9260
[14:05:24]: 9257
[14:05:24]: 9255
[14:05:25]: 9253
[14:05:25]: 9254
[14:05:25]: 9253
[14:05:26]: 9253
[14:05:26]: 9252
[14:05:26]: 9252
[14:05:26]: 9252
[14:05:27]: 9251
[14:05:27]: 9251
[14:05:27]: 9250
[14:05:28]: 9250
[14:05:28]: 9251
[14:05:28]: 9251
[14:05:29]: 9250
[14:05:29]: 9250
[14:05:29]: 9250
[14:05:30]: 9250
[14:05:30]: 9249
[14:05:30]: 9250
[14:05:31]: 9249
[14:05:31]: 9249
[14:05:31]: 9249
[14:05:32]: 9249
[14:05:32]: 9249
[14:05:32]: 9249
[14:05:32]: 9248
[14:05:33]: 9248
[14:05:33]: 9249
[14:05:33]: 9249
[14:05:34]: 9249
[14:05:34]: 9248
[14:05:34]: 9248
[14:05:35]: 9247
[14:05:35]: 9247
[14:05:35]: 9248
[14:05:36]: 9248
[14:05:36]: 9247
[14:05:36]: 9247
[14:05:37]: 9247
[14:05:37]: 9247
[14:05:37]: 9247
[14:05:38]: 9247
[14:05:38]: 9247
[14:05:38]: 9246
[14:05:39]: 9246
[14:05:39]: 9246
[14:05:39]: 9246
[14:05:40]: 9245
[14:05:40]: 9245
[14:05:41]: 9245
[14:05:41]: 9245
[14:05:41]: 9245
[14:05:41]: 9245
[14:05:42]: 9245
[14:05:42]: 9244
[14:05:43]: 9245
 Close valve V24
 Close valve LRW2
[14:05:43]: PLUS H+
 Open valve LR4
[14:05:43]: 9243
[14:05:43]: 9259
[14:05:44]: 9259
[14:05:44]: 9259
[14:05:44]: 9259
[14:05:45]: 9259
[14:05:45]: 9258

