 Close valve HP_IN
 Close valve HP_OUT
 Close valve L1_OUT
 Close valve L2_OUT
 Close valve L3_OUT
 Close valve L_HP
 Close valve LR1
 Close valve LR2
 Close valve LR3
 Close valve LR4
 Close valve LRW2
 Close valve LWASTE
 Close valve R1_4
 Close valve V21
 Close valve V24
 Close valve V4
 Close valve VH
 Close valve W1
 Close valve W2
 Close valve W3
 Open valve HP_IN
 Open valve W2
 Open valve R1_4
 Open valve V21
[19:45:28]: Forward liquid flow activated
[19:45:28]: AIR
 Open valve HP_OUT
 Open valve L_HP
 Open valve V24
 Close valve V24
 Close valve L_HP
 Close valve HP_OUT
[19:46:08]: W2 OH-
 Open valve LRW2
[19:46:09]: 11762
[19:46:09]: 10546
[19:46:09]: 11069
[19:46:10]: 11337
[19:46:10]: 11404
[19:46:10]: 11367
[19:46:11]: 11377
[19:46:11]: 11475
[19:46:11]: 11247
[19:46:12]: 11119
[19:46:12]: 11037
[19:46:12]: 10988
[19:46:13]: 10950
[19:46:13]: 10894
[19:46:13]: 10848
[19:46:13]: 10808
[19:46:14]: 10754
[19:46:14]: 10681
[19:46:14]: 10396
[19:46:15]: 9905
[19:46:15]: 9416
[19:46:15]: 9044
[19:46:16]: 8864
[19:46:16]: 8776
[19:46:16]: 8732
[19:46:17]: 8725
[19:46:17]: 8668
[19:46:17]: 8654
[19:46:17]: 8671
[19:46:18]: 8697
[19:46:18]: 8685
[19:46:18]: 8697
[19:46:19]: 8696
[19:46:19]: 8673
[19:46:19]: 8689
[19:46:20]: 8690
[19:46:20]: 8695
[19:46:20]: 8674
[19:46:21]: 8676
[19:46:21]: 8687
[19:46:21]: 8700
[19:46:22]: 8696
[19:46:22]: 8698
[19:46:22]: 8706
[19:46:22]: 8684
[19:46:23]: 8689
[19:46:23]: 8700
[19:46:23]: 8695
[19:46:24]: 8704
[19:46:24]: 8692
[19:46:24]: 8708
[19:46:25]: 8708
[19:46:25]: 8700
[19:46:25]: 8694
[19:46:26]: 8714
[19:46:26]: 8704
[19:46:26]: 8696
[19:46:27]: 8702
[19:46:27]: 8713
[19:46:27]: 8718
[19:46:28]: 8704
[19:46:28]: 8705
[19:46:28]: 8710
[19:46:28]: 8711
[19:46:29]: 8720
[19:46:29]: 8718
[19:46:29]: 8704
[19:46:30]: 8715
[19:46:30]: 8722
[19:46:30]: 8702
[19:46:31]: 8718
[19:46:31]: 8706
[19:46:31]: 8717
[19:46:32]: 8708
[19:46:32]: 8704
[19:46:32]: 8724
[19:46:33]: 8719
[19:46:33]: 8710
[19:46:33]: 8715
[19:46:33]: 8716
[19:46:34]: 8724
[19:46:34]: 8723
[19:46:34]: 8715
[19:46:35]: 8708
[19:46:35]: 8707
[19:46:35]: 8724
[19:46:36]: 8723
[19:46:36]: 8710
[19:46:36]: 8719
[19:46:37]: 8708
[19:46:37]: 8713
[19:46:37]: 8709
[19:46:38]: 8712
[19:46:38]: 8710
[19:46:38]: 8709
[19:46:39]: 8714
[19:46:39]: 8726
[19:46:39]: 8717
[19:46:40]: 8711
[19:46:40]: 8711
[19:46:41]: 8715
[19:46:41]: 8726
[19:46:41]: 8715
[19:46:41]: 8722
[19:46:42]: 8731
[19:46:42]: 8711
[19:46:42]: 8730
[19:46:43]: 8723
[19:46:43]: 8720
[19:46:43]: 8729
[19:46:44]: 8713
[19:46:44]: 8715
[19:46:44]: 8727
[19:46:44]: 8718
[19:46:45]: 8728
[19:46:45]: 8732
[19:46:45]: 8728
[19:46:46]: 8731
[19:46:46]: 8714
[19:46:46]: 8732
[19:46:47]: 8727
[19:46:47]: 8721
[19:46:47]: 8723
[19:46:48]: 8716
[19:46:48]: 8733
[19:46:48]: 8715
[19:46:48]: 8734
[19:46:49]: 8728
[19:46:49]: 8721
[19:46:49]: 8724
[19:46:50]: 8734
[19:46:50]: 8717
[19:46:50]: 8735
[19:46:51]: 8733
[19:46:51]: 8725
[19:46:51]: 8727
[19:46:52]: 8721
[19:46:52]: 8732
[19:46:52]: 8720
[19:46:53]: 8729
[19:46:53]: 8736
[19:46:53]: 8717
[19:46:54]: 8736
[19:46:54]: 8730
[19:46:54]: 8722
[19:46:55]: 8725
[19:46:55]: 8734
[19:46:55]: 8719
[19:46:56]: 8737
[19:46:56]: 8725
 Close valve LRW2
[19:46:56]: Loop start
[19:46:56]: W2 OH-
 Open valve LRW2
[19:46:56]: 8753
[19:46:57]: 8860
[19:46:57]: 9224
[19:46:57]: 9256
[19:46:58]: 9278
[19:46:58]: 9317
[19:46:58]: 9337
[19:46:58]: 9355
[19:46:59]: 9367
[19:46:59]: 9375
[19:46:59]: 9386
[19:47:00]: 9372
[19:47:00]: 9613
[19:47:00]: 9449
[19:47:01]: 9423
[19:47:01]: 9420
[19:47:01]: 9398
[19:47:02]: 9410
[19:47:02]: 9381
[19:47:02]: 9362
[19:47:03]: 9435
[19:47:03]: 9848
[19:47:03]: 9444
[19:47:04]: 9475
[19:47:04]: 10113
[19:47:04]: 10031
[19:47:05]: 9564
[19:47:05]: 9699
[19:47:05]: 9409
[19:47:06]: 9404
[19:47:06]: 9567
[19:47:06]: 9564
[19:47:07]: 9672
[19:47:07]: 9756
[19:47:07]: 9983
[19:47:08]: 10044
[19:47:08]: 10113
[19:47:08]: 9579
[19:47:09]: 9751
[19:47:09]: 9716
[19:47:09]: 9901
[19:47:10]: 10036
[19:47:10]: 10135
[19:47:10]: 10219
[19:47:11]: 10297
[19:47:11]: 10367
[19:47:11]: 10418
[19:47:12]: 10465
[19:47:12]: 10531
[19:47:12]: 10568
[19:47:12]: 9575
[19:47:13]: 9867
[19:47:13]: 10023
[19:47:13]: 9729
[19:47:14]: 9950
[19:47:14]: 10110
[19:47:14]: 10249
[19:47:15]: 10363
[19:47:15]: 10455
[19:47:15]: 10532
[19:47:16]: 10585
[19:47:16]: 10643
[19:47:16]: 10696
[19:47:17]: 10740
[19:47:17]: 10770
[19:47:17]: 10806
[19:47:18]: 10832
[19:47:18]: 10864
[19:47:18]: 10876
[19:47:18]: 10895
[19:47:19]: 10912
[19:47:19]: 10922
[19:47:19]: 10942
[19:47:20]: 10954
[19:47:20]: 10968
[19:47:20]: 10981
[19:47:21]: 10993
[19:47:21]: 11011
[19:47:21]: 11022
[19:47:22]: 11027
[19:47:22]: 11036
[19:47:22]: 11044
[19:47:23]: 11053
[19:47:23]: 9502
[19:47:23]: 9922
[19:47:24]: 10051
[19:47:24]: 10126
[19:47:24]: 9739
[19:47:25]: 9380
[19:47:25]: 10285
[19:47:25]: 10063
[19:47:26]: 9541
[19:47:26]: 9731
[19:47:26]: 9335
[19:47:27]: 9618
[19:47:27]: 9763
[19:47:27]: 9416
[19:47:28]: 10098
[19:47:28]: 10132
[19:47:28]: 10168
[19:47:29]: 10202
[19:47:29]: 9472
[19:47:29]: 9742
[19:47:29]: 9850
[19:47:30]: 9939
[19:47:30]: 10009
[19:47:30]: 10067
[19:47:31]: 9934
[19:47:31]: 10009
[19:47:31]: 10070
[19:47:32]: 9394
[19:47:32]: 9402
[19:47:32]: 9776
[19:47:33]: 9852
[19:47:33]: 9899
[19:47:33]: 9944
[19:47:34]: 9989
[19:47:34]: 10030
[19:47:34]: 10069
[19:47:35]: 10097
[19:47:35]: 10129
[19:47:35]: 10159
[19:47:36]: 10188
[19:47:36]: 10212
[19:47:36]: 10230
[19:47:37]: 10254
[19:47:37]: 10263
[19:47:37]: 10275
[19:47:38]: 10278
[19:47:38]: 10281
[19:47:38]: 10284
[19:47:39]: 10281
[19:47:39]: 10282
[19:47:39]: 10284
[19:47:40]: 10284
[19:47:40]: 10286
[19:47:40]: 10054
[19:47:41]: 10084
[19:47:41]: 10209
[19:47:41]: 10361
[19:47:42]: 10388
[19:47:42]: 10398
[19:47:42]: 10397
[19:47:43]: 10389
[19:47:43]: 10387
[19:47:43]: 10392
[19:47:44]: 10391
[19:47:44]: 10385
[19:47:44]: 10390
[19:47:45]: 10389
 Close valve LRW2
[19:47:46]: CIRCLE H+
 Open valve LR1
[19:47:46]: 10385
[19:47:46]: 9371
[19:47:47]: 9425
[19:47:47]: 9370
[19:47:47]: 9402
[19:47:48]: 9403
[19:47:48]: 9405
[19:47:48]: 9405
[19:47:49]: 9404
[19:47:49]: 9402
[19:47:49]: 9401
[19:47:50]: 9400
[19:47:50]: 9398
[19:47:50]: 9397
[19:47:51]: 9396
[19:47:51]: 9397
[19:47:51]: 9396
[19:47:52]: 9395
[19:47:52]: 9395
[19:47:52]: 9394
[19:47:53]: 9394
[19:47:53]: 9395
[19:47:53]: 9394
[19:47:54]: 9394
[19:47:54]: 9392
[19:47:54]: 9393
[19:47:55]: 9393
[19:47:55]: 9392
[19:47:55]: 9393
[19:47:56]: 9392
[19:47:56]: 9391
[19:47:56]: 9391
[19:47:56]: 9391
[19:47:57]: 9391
[19:47:57]: 9390
[19:47:57]: 9391
[19:47:58]: 9390
[19:47:58]: 9391
[19:47:58]: 9391
[19:47:59]: 9389
[19:47:59]: 9389
[19:47:59]: 9389
[19:48:00]: 9389
[19:48:00]: 9390
[19:48:00]: 9390
[19:48:01]: 9389
[19:48:01]: 9389
[19:48:01]: 9389
[19:48:02]: 9388
[19:48:02]: 9388
[19:48:02]: 9389
[19:48:03]: 9389
[19:48:03]: 9387
[19:48:03]: 9387
[19:48:03]: 9388
[19:48:04]: 9388
[19:48:04]: 9387
[19:48:04]: 9387
[19:48:05]: 9387
[19:48:05]: 9387
[19:48:05]: 9387
[19:48:06]: 9387
[19:48:06]: 9387
[19:48:06]: 9387
[19:48:07]: 9386
[19:48:07]: 9386
[19:48:07]: 9386
[19:48:08]: 9386
[19:48:08]: 9387
[19:48:08]: 9386
[19:48:09]: 9386
[19:48:09]: 9387
[19:48:09]: 9387
[19:48:10]: 9386
[19:48:10]: 9386
[19:48:10]: 9385
[19:48:11]: 9385
[19:48:11]: 9386
[19:48:11]: 9386
[19:48:11]: 9386
[19:48:12]: 9385
[19:48:12]: 9386
[19:48:12]: 9386
[19:48:13]: 9385
[19:48:13]: 9385
[19:48:13]: 9384
[19:48:14]: 9384
[19:48:14]: 9385
[19:48:14]: 9385
[19:48:15]: 9384
[19:48:15]: 9385
[19:48:15]: 9385
[19:48:16]: 9385
[19:48:16]: 9385
[19:48:16]: 9385
[19:48:17]: 9385
[19:48:17]: 9383
[19:48:17]: 9384
[19:48:18]: 9383
[19:48:18]: 9384
[19:48:18]: 9383
[19:48:19]: 9383
[19:48:19]: 9383
[19:48:19]: 9383
[19:48:19]: 9383
[19:48:20]: 9384
[19:48:20]: 9383
[19:48:20]: 9383
[19:48:21]: 9383
[19:48:21]: 9384
[19:48:21]: 9383
[19:48:22]: 9382
[19:48:22]: 9384
[19:48:22]: 9384
[19:48:23]: 9383
[19:48:23]: 9383
[19:48:23]: 9383
[19:48:24]: 9383
[19:48:24]: 9382
[19:48:24]: 9382
[19:48:25]: 9382
[19:48:25]: 9383
[19:48:25]: 9382
[19:48:25]: 9383
[19:48:26]: 9383
[19:48:26]: 9383
[19:48:26]: 9383
[19:48:27]: 9381
[19:48:27]: 9382
[19:48:27]: 9382
[19:48:28]: 9382
[19:48:28]: 9382
[19:48:28]: 9383
[19:48:29]: 9381
[19:48:29]: 9381
[19:48:29]: 9381
[19:48:30]: 9382
[19:48:30]: 9381
[19:48:30]: 9381
[19:48:30]: 9382
[19:48:31]: 9381
[19:48:31]: 9381
[19:48:31]: 9381
[19:48:32]: 9382
[19:48:32]: 9382
[19:48:32]: 9381
[19:48:33]: 9381
[19:48:33]: 9381
[19:48:33]: 9381
[19:48:34]: 9382
 Close valve LR1
[19:48:35]: CROSS H+
 Open valve LR2
[19:48:35]: 9379
[19:48:35]: 9369
[19:48:36]: 9488
[19:48:36]: 9127
[19:48:36]: 9366
[19:48:37]: 9371
[19:48:37]: 9526
[19:48:37]: 9788
[19:48:38]: 9925
[19:48:38]: 10011
[19:48:38]: 10072
[19:48:39]: 10119
[19:48:39]: 9402
[19:48:39]: 9502
[19:48:40]: 9577
[19:48:40]: 9640
[19:48:40]: 9701
[19:48:41]: 9747
[19:48:41]: 9796
[19:48:41]: 9832
[19:48:42]: 9377
[19:48:42]: 9381
[19:48:42]: 9382
[19:48:43]: 9383
[19:48:43]: 9384
[19:48:43]: 9383
[19:48:44]: 9384
[19:48:44]: 9383
[19:48:44]: 9384
[19:48:45]: 9383
[19:48:45]: 9384
[19:48:45]: 9383
[19:48:46]: 9382
[19:48:46]: 9382
[19:48:46]: 9385
[19:48:46]: 9385
[19:48:47]: 9381
[19:48:47]: 9383
[19:48:47]: 9380
[19:48:48]: 9381
[19:48:48]: 9379
[19:48:48]: 9380
[19:48:49]: 9380
[19:48:49]: 9377
[19:48:49]: 9377
[19:48:50]: 9376
[19:48:50]: 9376
[19:48:50]: 9378
[19:48:51]: 9377
[19:48:51]: 9376
[19:48:51]: 9376
[19:48:52]: 9373
[19:48:52]: 9364
[19:48:52]: 9357
[19:48:53]: 9353
[19:48:53]: 9351
[19:48:53]: 9348
[19:48:53]: 9345
[19:48:54]: 9344
[19:48:54]: 9342
[19:48:54]: 9340
[19:48:55]: 9340
[19:48:55]: 9339
[19:48:55]: 9337
[19:48:56]: 9338
[19:48:56]: 9337
[19:48:56]: 9336
[19:48:57]: 9336
[19:48:57]: 9336
[19:48:57]: 9336
[19:48:58]: 9333
[19:48:58]: 9334
[19:48:58]: 9334
[19:48:59]: 9332
[19:48:59]: 9332
[19:48:59]: 9333
[19:49:00]: 9331
[19:49:00]: 9331
[19:49:00]: 9332
[19:49:00]: 9331
[19:49:01]: 9331
[19:49:01]: 9331
[19:49:01]: 9330
[19:49:02]: 9330
[19:49:02]: 9329
[19:49:02]: 9328
[19:49:03]: 9328
[19:49:03]: 9330
[19:49:03]: 9329
[19:49:04]: 9330
[19:49:04]: 9330
[19:49:04]: 9330
[19:49:05]: 9329
[19:49:05]: 9328
[19:49:05]: 9329
[19:49:06]: 9329
[19:49:06]: 9327
[19:49:06]: 9327
[19:49:06]: 9327
[19:49:07]: 9328
[19:49:07]: 9329
[19:49:07]: 9328
[19:49:08]: 9326
[19:49:08]: 9328
[19:49:08]: 9327
[19:49:09]: 9326
[19:49:09]: 9326
[19:49:09]: 9325
[19:49:10]: 9328
[19:49:10]: 9327
[19:49:10]: 9325
[19:49:11]: 9326
[19:49:11]: 9326
[19:49:11]: 9326
[19:49:11]: 9326
[19:49:12]: 9326
[19:49:12]: 9326
[19:49:12]: 9325
[19:49:13]: 9327
[19:49:13]: 9327
[19:49:13]: 9326
[19:49:14]: 9325
[19:49:14]: 9325
[19:49:14]: 9325
[19:49:15]: 9326
[19:49:15]: 9325
[19:49:15]: 9324
[19:49:15]: 9327
[19:49:16]: 9324
[19:49:16]: 9327
[19:49:16]: 9325
[19:49:17]: 9325
[19:49:17]: 9325
[19:49:17]: 9326
[19:49:18]: 9325
[19:49:18]: 9324
[19:49:18]: 9324
[19:49:19]: 9325
[19:49:19]: 9325
[19:49:19]: 9325
[19:49:20]: 9325
[19:49:20]: 9324
[19:49:20]: 9324
[19:49:21]: 9324
[19:49:21]: 9325
[19:49:21]: 9324
[19:49:21]: 9325
[19:49:22]: 9324
[19:49:22]: 9325
[19:49:22]: 9325
 Close valve LR2
[19:49:24]: SQUARE H+
 Open valve LR3
[19:49:24]: 9337
[19:49:24]: 9289
[19:49:25]: 9266
[19:49:25]: 9396
[19:49:25]: 9371
[19:49:25]: 9376
[19:49:26]: 9367
[19:49:26]: 9350
[19:49:26]: 9421
[19:49:27]: 9337
[19:49:27]: 9469
[19:49:27]: 9327
[19:49:28]: 9339
[19:49:28]: 9326
[19:49:28]: 9325
[19:49:29]: 9305
[19:49:29]: 9332
[19:49:29]: 9270
[19:49:30]: 9313
[19:49:30]: 9296
[19:49:30]: 9301
[19:49:30]: 9244
[19:49:31]: 9272
[19:49:31]: 9281
[19:49:31]: 9287
[19:49:32]: 9291
[19:49:32]: 9296
[19:49:32]: 9298
[19:49:33]: 9300
[19:49:33]: 9302
[19:49:33]: 9303
[19:49:34]: 9304
[19:49:34]: 9306
[19:49:34]: 9305
[19:49:35]: 9305
[19:49:35]: 9305
[19:49:35]: 9304
[19:49:35]: 9306
[19:49:36]: 9304
[19:49:36]: 9306
[19:49:36]: 9305
[19:49:37]: 9305
[19:49:37]: 9305
[19:49:37]: 9306
[19:49:38]: 9306
[19:49:38]: 9305
[19:49:38]: 9304
[19:49:39]: 9304
[19:49:39]: 9304
[19:49:39]: 9305
[19:49:40]: 9303
[19:49:40]: 9303
[19:49:40]: 9303
[19:49:41]: 9304
[19:49:41]: 9303
[19:49:41]: 9303
[19:49:42]: 9303
[19:49:42]: 9304
[19:49:42]: 9302
[19:49:42]: 9302
[19:49:43]: 9304
[19:49:43]: 9303
[19:49:43]: 9302
[19:49:44]: 9302
[19:49:44]: 9302
[19:49:44]: 9302
[19:49:45]: 9303
[19:49:45]: 9301
[19:49:45]: 9303
[19:49:46]: 9301
[19:49:46]: 9301
[19:49:46]: 9302
[19:49:47]: 9301
[19:49:47]: 9301
[19:49:47]: 9302
[19:49:47]: 9300
[19:49:48]: 9300
[19:49:48]: 9302
[19:49:48]: 9301
[19:49:49]: 9300
[19:49:49]: 9301
[19:49:49]: 9300
[19:49:50]: 9299
[19:49:50]: 9301
[19:49:50]: 9300
[19:49:51]: 9299
[19:49:51]: 9300
[19:49:51]: 9299
[19:49:52]: 9298
[19:49:52]: 9298
[19:49:52]: 9300
[19:49:53]: 9299
[19:49:53]: 9299
[19:49:53]: 9299
[19:49:54]: 9298
[19:49:54]: 9298
[19:49:54]: 9299
[19:49:55]: 9297
[19:49:55]: 9298
[19:49:55]: 9298
[19:49:56]: 9298
[19:49:56]: 9298
[19:49:56]: 9298
[19:49:56]: 9298
[19:49:57]: 9298
[19:49:57]: 9296
[19:49:57]: 9297
[19:49:58]: 9297
[19:49:58]: 9297
[19:49:58]: 9296
[19:49:59]: 9297
[19:49:59]: 9296
[19:49:59]: 9295
[19:50:00]: 9295
[19:50:00]: 9296
[19:50:00]: 9296
[19:50:01]: 9296
[19:50:01]: 9295
[19:50:01]: 9295
[19:50:02]: 9297
[19:50:02]: 9296
[19:50:02]: 9295
[19:50:02]: 9295
[19:50:03]: 9295
[19:50:03]: 9295
[19:50:03]: 9295
[19:50:04]: 9295
[19:50:04]: 9294
[19:50:04]: 9294
[19:50:05]: 9295
[19:50:05]: 9295
[19:50:05]: 9294
[19:50:06]: 9294
[19:50:06]: 9294
[19:50:06]: 9293
[19:50:07]: 9294
[19:50:07]: 9292
[19:50:07]: 9294
[19:50:07]: 9292
[19:50:08]: 9293
[19:50:08]: 9293
[19:50:08]: 9293
[19:50:09]: 9293
[19:50:09]: 9293
[19:50:09]: 9291
[19:50:10]: 9291
[19:50:10]: 9292
[19:50:10]: 9292
[19:50:11]: 9291
[19:50:11]: 9292
 Close valve LR3
[19:50:12]: PLUS H+
 Open valve LR4
[19:50:12]: 9293
[19:50:13]: 9273
[19:50:13]: 9272
[19:50:13]: 9271
[19:50:14]: 9294
[19:50:14]: 9308
[19:50:14]: 9204
[19:50:15]: 9267
[19:50:15]: 9239
[19:50:15]: 9171
[19:50:15]: 9232
[19:50:16]: 9290
[19:50:16]: 9303
[19:50:16]: 9336
[19:50:17]: 9223
[19:50:17]: 9331
[19:50:17]: 9372
[19:50:18]: 9323
[19:50:18]: 9224
[19:50:18]: 9240
[19:50:19]: 9099
[19:50:19]: 9213
[19:50:19]: 9244
[19:50:20]: 9256
[19:50:20]: 9272
[19:50:20]: 9268
[19:50:21]: 9257
[19:50:21]: 9244
[19:50:21]: 9239
[19:50:22]: 9209
[19:50:22]: 9233
[19:50:22]: 9241
[19:50:23]: 9252
[19:50:23]: 9254
[19:50:23]: 9256
[19:50:24]: 9262
[19:50:24]: 9264
[19:50:24]: 9266
[19:50:25]: 9265
[19:50:25]: 9266
[19:50:25]: 9267
[19:50:25]: 9269
[19:50:26]: 9270
[19:50:26]: 9270
[19:50:26]: 9270
[19:50:27]: 9271
[19:50:27]: 9272
[19:50:27]: 9270
[19:50:28]: 9271
[19:50:28]: 9271
[19:50:28]: 9272
[19:50:29]: 9272
[19:50:29]: 9272
[19:50:29]: 9272
[19:50:30]: 9271
[19:50:30]: 9271
[19:50:30]: 9272
[19:50:30]: 9272
[19:50:31]: 9272
[19:50:31]: 9272
[19:50:31]: 9272
[19:50:32]: 9271
[19:50:32]: 9271
[19:50:32]: 9272
[19:50:33]: 9271
[19:50:33]: 9271
[19:50:33]: 9271
[19:50:34]: 9271
[19:50:34]: 9271
[19:50:34]: 9270
[19:50:35]: 9269
[19:50:35]: 9269
[19:50:35]: 9271
[19:50:36]: 9270
[19:50:36]: 9270
[19:50:36]: 9269
[19:50:36]: 9269
[19:50:37]: 9269
[19:50:37]: 9270
[19:50:37]: 9268
[19:50:38]: 9268
[19:50:38]: 9268
[19:50:38]: 9268
[19:50:39]: 9269
[19:50:39]: 9268
[19:50:39]: 9268
[19:50:40]: 9269
[19:50:40]: 9267
[19:50:40]: 9267
[19:50:41]: 9267
[19:50:41]: 9268
[19:50:41]: 9267
[19:50:41]: 9267
[19:50:42]: 9268
[19:50:42]: 9267
[19:50:42]: 9267
[19:50:43]: 9266
[19:50:43]: 9266
[19:50:43]: 9268
[19:50:44]: 9267
[19:50:44]: 9266
[19:50:44]: 9267
[19:50:45]: 9266
[19:50:45]: 9266
[19:50:45]: 9266
[19:50:46]: 9267
[19:50:46]: 9265
[19:50:46]: 9267
[19:50:47]: 9265
[19:50:47]: 9265
[19:50:47]: 9265
[19:50:48]: 9265
[19:50:48]: 9264
[19:50:48]: 9265
[19:50:48]: 9266
[19:50:49]: 9268
[19:50:49]: 9264
[19:50:49]: 9265
[19:50:50]: 9264
[19:50:50]: 9264
[19:50:50]: 9265
[19:50:51]: 9264
[19:50:51]: 9265
[19:50:51]: 9265
[19:50:52]: 9264
[19:50:52]: 9263
[19:50:52]: 9264
[19:50:53]: 9264
[19:50:53]: 9263
[19:50:53]: 9264
[19:50:53]: 9263
[19:50:54]: 9262
[19:50:54]: 9264
[19:50:54]: 9262
[19:50:55]: 9263
[19:50:55]: 9262
[19:50:55]: 9263
[19:50:56]: 9263
[19:50:56]: 9262
[19:50:56]: 9262
[19:50:57]: 9263
[19:50:57]: 9262
[19:50:57]: 9262
[19:50:58]: 9262
[19:50:58]: 9261
[19:50:58]: 9262
[19:50:59]: 9262
[19:50:59]: 9263
[19:50:59]: 9261
[19:51:00]: 9262
 Close valve LR4
[19:51:01]: W2 OH-
 Open valve LRW2
[19:51:01]: 9279
[19:51:01]: 8918
[19:51:02]: 8804
[19:51:02]: 8778
[19:51:02]: 8766
[19:51:03]: 8766
[19:51:03]: 8753
[19:51:03]: 8732
[19:51:03]: 8738
[19:51:04]: 8724
[19:51:04]: 8716
[19:51:04]: 8735
[19:51:05]: 8727
[19:51:05]: 8715
[19:51:05]: 8729
[19:51:06]: 8718
[19:51:06]: 8708
[19:51:06]: 8704
[19:51:07]: 8724
[19:51:07]: 8716
[19:51:07]: 8714
[19:51:08]: 8713
[19:51:08]: 8706
[19:51:08]: 8728
[19:51:08]: 8726
[19:51:09]: 8708
[19:51:09]: 8719
[19:51:09]: 8729
[19:51:10]: 8729
[19:51:10]: 8741
[19:51:10]: 8769
[19:51:11]: 8783
[19:51:11]: 8787
[19:51:11]: 8777
[19:51:12]: 8788
[19:51:12]: 8799
[19:51:12]: 8801
[19:51:13]: 8796
[19:51:13]: 8803
[19:51:13]: 8801
[19:51:14]: 8794
[19:51:14]: 8786
[19:51:14]: 8802
[19:51:15]: 8787
[19:51:15]: 8794
[19:51:16]: 8788
[19:51:16]: 8801
[19:51:16]: 8793
[19:51:16]: 8790
[19:51:17]: 8793
[19:51:17]: 8804
[19:51:17]: 8796
[19:51:18]: 8811
[19:51:18]: 8804
[19:51:18]: 8812
[19:51:19]: 8809
[19:51:19]: 8801
[19:51:19]: 8798
[19:51:20]: 8808
[19:51:20]: 8802
[19:51:20]: 8795
[19:51:21]: 8805
[19:51:21]: 8797
[19:51:21]: 8795
[19:51:22]: 8816
[19:51:22]: 8809
[19:51:22]: 8800
[19:51:23]: 8798
[19:51:23]: 8803
[19:51:23]: 8813
[19:51:24]: 8820
[19:51:24]: 8817
[19:51:24]: 8809
[19:51:25]: 8802
[19:51:25]: 8815
[19:51:25]: 8821
[19:51:26]: 8820
[19:51:26]: 8818
[19:51:26]: 8823
[19:51:27]: 8818
[19:51:27]: 8822
[19:51:27]: 8823
[19:51:28]: 8823
[19:51:28]: 8818
[19:51:28]: 8825
[19:51:29]: 8823
[19:51:29]: 8823
[19:51:29]: 8826
[19:51:30]: 8806
[19:51:30]: 8812
[19:51:30]: 8823
[19:51:31]: 8809
[19:51:31]: 8825
[19:51:31]: 8814
[19:51:32]: 8810
[19:51:32]: 8811
[19:51:32]: 8826
[19:51:33]: 8818
[19:51:33]: 8810
[19:51:33]: 8811
[19:51:34]: 8831
[19:51:34]: 8829
[19:51:34]: 8812
[19:51:35]: 8816
[19:51:35]: 8815
[19:51:35]: 8833
[19:51:36]: 8831
[19:51:36]: 8832
[19:51:36]: 8836
[19:51:37]: 8827
[19:51:37]: 8816
[19:51:37]: 8834
[19:51:38]: 8826
[19:51:38]: 8818
[19:51:38]: 8832
[19:51:39]: 8836
[19:51:39]: 8822
[19:51:39]: 8836
[19:51:40]: 8838
[19:51:40]: 8820
[19:51:40]: 8819
[19:51:41]: 8837
[19:51:41]: 8829
[19:51:41]: 8832
[19:51:42]: 8824
[19:51:42]: 8819
[19:51:42]: 8830
[19:51:43]: 8822
[19:51:43]: 8840
[19:51:43]: 8838
[19:51:44]: 8830
[19:51:44]: 8823
[19:51:44]: 8841
[19:51:45]: 8822
[19:51:45]: 8830
[19:51:45]: 8822
[19:51:46]: 8842
[19:51:46]: 8823
[19:51:46]: 8828
[19:51:47]: 8823
[19:51:47]: 8842
[19:51:47]: 8836
[19:51:47]: 8827
[19:51:48]: 8842
[19:51:48]: 8844
[19:51:48]: 8837
[19:51:49]: 8826
[19:51:49]: 8841
[19:51:49]: 8830
[19:51:50]: 8840
 Close valve LRW2
[19:51:51]: CIRCLE H+
 Open valve LR1
[19:51:51]: 9408
[19:51:51]: 9418
[19:51:52]: 9407
[19:51:52]: 9415
[19:51:52]: 9424
[19:51:53]: 9427
[19:51:53]: 9413
[19:51:53]: 9412
[19:51:54]: 9426
[19:51:54]: 9418
[19:51:54]: 9412
[19:51:55]: 9411
[19:51:55]: 9422
[19:51:55]: 9415
[19:51:56]: 9419
[19:51:56]: 9424
[19:51:56]: 9421
[19:51:57]: 9414
[19:51:57]: 9407
[19:51:57]: 9407
[19:51:58]: 9407
[19:51:58]: 9408
[19:51:58]: 9404
[19:51:59]: 9408
[19:51:59]: 9413
[19:51:59]: 9405
[19:52:00]: 9410
[19:52:00]: 9415
[19:52:00]: 9407
[19:52:01]: 9414
[19:52:01]: 9417
[19:52:01]: 9400
[19:52:02]: 9404
[19:52:02]: 9411
[19:52:02]: 9415
[19:52:03]: 9401
[19:52:03]: 9414
[19:52:03]: 9414
[19:52:03]: 9408
[19:52:04]: 9406
[19:52:04]: 9409
[19:52:04]: 9401
[19:52:05]: 9410
[19:52:05]: 9413
[19:52:06]: 9408
[19:52:06]: 9410
[19:52:06]: 9401
[19:52:06]: 9409
[19:52:07]: 9395
[19:52:07]: 9410
[19:52:07]: 9409
[19:52:08]: 9396
[19:52:08]: 9403
[19:52:08]: 9408
[19:52:09]: 9406
[19:52:09]: 9396
[19:52:09]: 9403
[19:52:10]: 9408
[19:52:10]: 9406
[19:52:10]: 9405
[19:52:11]: 9406
[19:52:11]: 9402
[19:52:11]: 9406
[19:52:12]: 9404
[19:52:12]: 9392
[19:52:12]: 9404
[19:52:13]: 9399
[19:52:13]: 9392
[19:52:13]: 9388
[19:52:14]: 9391
[19:52:14]: 9388
[19:52:14]: 9392
[19:52:14]: 9388
[19:52:15]: 9403
[19:52:15]: 9388
[19:52:16]: 9398
[19:52:16]: 9392
[19:52:16]: 9399
[19:52:16]: 9401
[19:52:17]: 9387
[19:52:17]: 9399
[19:52:17]: 9392
[19:52:18]: 9396
[19:52:18]: 9401
[19:52:18]: 9384
[19:52:19]: 9387
[19:52:19]: 9396
[19:52:19]: 9390
[19:52:20]: 9397
[19:52:20]: 9387
[19:52:20]: 9394
[19:52:20]: 9399
[19:52:21]: 9382
[19:52:21]: 9399
[19:52:21]: 9394
[19:52:22]: 9387
[19:52:22]: 9383
[19:52:22]: 9385
[19:52:23]: 9393
[19:52:23]: 9385
[19:52:23]: 9381
[19:52:24]: 9397
[19:52:24]: 9397
[19:52:24]: 9385
[19:52:25]: 9387
[19:52:25]: 9394
[19:52:25]: 9380
[19:52:26]: 9380
[19:52:26]: 9379
[19:52:26]: 9382
[19:52:26]: 9389
[19:52:27]: 9383
[19:52:27]: 9392
[19:52:27]: 9394
[19:52:28]: 9380
[19:52:28]: 9386
[19:52:28]: 9384
[19:52:29]: 9394
[19:52:29]: 9378
[19:52:29]: 9384
[19:52:30]: 9378
[19:52:30]: 9382
[19:52:30]: 9393
[19:52:31]: 9387
[19:52:31]: 9380
[19:52:31]: 9391
[19:52:32]: 9381
[19:52:32]: 9385
[19:52:32]: 9378
[19:52:33]: 9375
[19:52:33]: 9391
[19:52:33]: 9377
[19:52:33]: 9384
[19:52:34]: 9381
[19:52:34]: 9376
[19:52:34]: 9377
[19:52:35]: 9376
[19:52:35]: 9387
[19:52:35]: 9379
[19:52:36]: 9386
[19:52:36]: 9389
[19:52:36]: 9385
[19:52:37]: 9380
[19:52:37]: 9387
[19:52:37]: 9375
[19:52:38]: 9373
[19:52:38]: 9373
[19:52:38]: 9382
[19:52:39]: 9375
[19:52:39]: 9374
 Close valve LR1
[19:52:40]: CROSS H+
 Open valve LR2
[19:52:40]: 9394
[19:52:41]: 9382
[19:52:41]: 9391
[19:52:41]: 9388
[19:52:42]: 9384
[19:52:42]: 9385
[19:52:42]: 9392
[19:52:43]: 9386
[19:52:43]: 9382
[19:52:43]: 9398
[19:52:44]: 9391
[19:52:44]: 9396
[19:52:44]: 9388
[19:52:45]: 9395
[19:52:45]: 9397
[19:52:45]: 9382
[19:52:45]: 9396
[19:52:46]: 9390
[19:52:46]: 9390
[19:52:46]: 9396
[19:52:47]: 9395
[19:52:47]: 9384
[19:52:47]: 9393
[19:52:48]: 9386
[19:52:48]: 9394
[19:52:48]: 9382
[19:52:49]: 9395
[19:52:49]: 9393
[19:52:49]: 9386
[19:52:50]: 9392
[19:52:50]: 9383
[19:52:50]: 9381
[19:52:50]: 9396
[19:52:51]: 9381
[19:52:51]: 9394
[19:52:51]: 9388
[19:52:52]: 9382
[19:52:52]: 9385
[19:52:52]: 9393
[19:52:53]: 9387
[19:52:53]: 9382
[19:52:53]: 9380
[19:52:54]: 9394
[19:52:54]: 9391
[19:52:54]: 9383
[19:52:55]: 9389
[19:52:55]: 9385
[19:52:55]: 9380
[19:52:56]: 9395
[19:52:56]: 9380
[19:52:56]: 9386
[19:52:57]: 9390
[19:52:57]: 9388
[19:52:57]: 9387

