 Close valve HP_IN
 Close valve HP_OUT
 Close valve L1_OUT
 Close valve L2_OUT
 Close valve L3_OUT
 Close valve L_HP
 Close valve LR1
 Close valve LR2
 Close valve LR3
 Close valve LR4
 Close valve LRW2
 Close valve LWASTE
 Close valve R1_4
 Close valve V21
 Close valve V24
 Close valve V4
 Close valve VH
 Close valve W1
 Close valve W2
 Close valve W3
[16:11:38]: Activate forward liquid flow
 Open valve HP_IN
 Open valve W2
 Open valve R1_4
 Open valve V21
[16:11:38]: Forward liquid flow activated
[16:11:38]: Air blow start
 Open valve HP_OUT
 Open valve L_HP
 Open valve V24
 Close valve V24
 Close valve L_HP
 Close valve HP_OUT
[16:12:38]: Air blow finish
[16:12:38]: Flow W2 start
 Open valve W2
 Open valve LRW2
 Open valve V24
 Close valve V24
 Close valve LRW2
[16:13:39]: Flow W2 finished
 Open valve W2
[16:13:39]: Loop start
 Open valve LRW2
 Open valve V24
[16:13:39]: H20 at W2
[16:13:39]: 12020
[16:13:39]: 12029
[16:13:40]: 12020
[16:13:40]: 12021
[16:13:40]: 12052
[16:13:41]: 12063
[16:13:41]: 12063
[16:13:41]: 12056
[16:13:41]: 12050
[16:13:42]: 12043
[16:13:42]: 12035
[16:13:42]: 12027
[16:13:43]: 12025
[16:13:43]: 12031
[16:13:43]: 12030
[16:13:44]: 12028
[16:13:44]: 12023
[16:13:44]: 12019
[16:13:45]: 12018
[16:13:45]: 12018
[16:13:45]: 12012
[16:13:45]: 12018
[16:13:46]: 12017
[16:13:46]: 12020
[16:13:46]: 12016
[16:13:47]: 12007
[16:13:47]: 12005
[16:13:47]: 12006
[16:13:48]: 12003
[16:13:48]: 11999
[16:13:48]: 11993
[16:13:49]: 11994
[16:13:49]: 11992
[16:13:49]: 11985
[16:13:50]: 11990
[16:13:50]: 11992
[16:13:50]: 11990
[16:13:51]: 11980
[16:13:51]: 11981
[16:13:51]: 11980
[16:13:51]: 11983
[16:13:52]: 11981
[16:13:52]: 11975
[16:13:52]: 11972
[16:13:53]: 11977
[16:13:53]: 11974
[16:13:53]: 11969
[16:13:54]: 11967
[16:13:54]: 11972
[16:13:54]: 11970
[16:13:55]: 11964
[16:13:55]: 11964
[16:13:55]: 11965
[16:13:56]: 11968
[16:13:56]: 11961
[16:13:56]: 11963
[16:13:56]: 11963
[16:13:57]: 11966
[16:13:57]: 11965
[16:13:57]: 11959
[16:13:58]: 11959
[16:13:58]: 11957
[16:13:58]: 11964
[16:13:59]: 11963
[16:13:59]: 11956
[16:13:59]: 11955
[16:14:00]: 11959
[16:14:00]: 11954
[16:14:00]: 11954
[16:14:01]: 11955
[16:14:01]: 11958
[16:14:01]: 11960
[16:14:01]: 11952
[16:14:02]: 11953
[16:14:02]: 11951
[16:14:02]: 11956
[16:14:03]: 11955
[16:14:03]: 11950
[16:14:03]: 11948
[16:14:04]: 11954
[16:14:04]: 11953
[16:14:04]: 11947
[16:14:05]: 11947
[16:14:05]: 11952
[16:14:05]: 11952
[16:14:06]: 11944
[16:14:06]: 11945
[16:14:06]: 11950
[16:14:06]: 11952
[16:14:07]: 11950
[16:14:07]: 11945
[16:14:07]: 11942
[16:14:08]: 11941
[16:14:08]: 11952
[16:14:08]: 11950
[16:14:09]: 11943
[16:14:09]: 11942
[16:14:09]: 11946
[16:14:10]: 11945
[16:14:10]: 11939
[16:14:10]: 11941
[16:14:11]: 11944
[16:14:11]: 11946
[16:14:11]: 11939
[16:14:12]: 11942
[16:14:12]: 11944
[16:14:12]: 11938
[16:14:13]: 11939
[16:14:13]: 11939
[16:14:13]: 11943
[16:14:13]: 11942
[16:14:14]: 11938
[16:14:14]: 11935
[16:14:14]: 11944
[16:14:15]: 11942
[16:14:15]: 11938
[16:14:15]: 11936
[16:14:16]: 11942
[16:14:16]: 11941
[16:14:16]: 11942
[16:14:17]: 11937
[16:14:17]: 11939
[16:14:17]: 11944
[16:14:18]: 11945
[16:14:18]: 11944
[16:14:18]: 11939
[16:14:18]: 11945
[16:14:19]: 11944
[16:14:19]: 11940
[16:14:19]: 11939
[16:14:20]: 11947
[16:14:20]: 11946
[16:14:20]: 11947
[16:14:21]: 11941
[16:14:21]: 11943
[16:14:21]: 11947
[16:14:22]: 11949
[16:14:22]: 11942
[16:14:22]: 11944
[16:14:23]: 11947
[16:14:23]: 11949
[16:14:23]: 11942
[16:14:24]: 11943
[16:14:24]: 11948
[16:14:24]: 11946
[16:14:24]: 11945
[16:14:25]: 11940
[16:14:25]: 11939
[16:14:25]: 11941
[16:14:26]: 11946
 Close valve V24
 Close valve LRW2
 Open valve LR1
[16:14:27]: pH 7.55 at LR1
[16:14:27]: 12220
[16:14:27]: 12261
[16:14:28]: 12331
[16:14:28]: 12398
[16:14:28]: 12377
[16:14:29]: 12305
[16:14:29]: 12281
[16:14:29]: 12254
[16:14:29]: 12230
[16:14:30]: 12211
[16:14:30]: 12186
[16:14:30]: 12170
[16:14:31]: 12157
[16:14:31]: 12142
[16:14:31]: 12132
[16:14:32]: 12108
[16:14:32]: 12100
[16:14:32]: 12090
[16:14:33]: 12084
[16:14:33]: 12077
[16:14:33]: 12062
[16:14:34]: 12049
[16:14:34]: 12047
[16:14:34]: 12043
[16:14:34]: 12030
[16:14:35]: 12021
[16:14:35]: 12021
[16:14:35]: 12017
[16:14:36]: 12017
[16:14:36]: 12001
[16:14:36]: 12003
[16:14:37]: 12001
[16:14:37]: 12001
[16:14:37]: 11991
[16:14:37]: 11983
[16:14:38]: 11972
[16:14:38]: 11976
[16:14:38]: 11965
[16:14:39]: 11954
[16:14:39]: 11947
[16:14:39]: 11950
[16:14:40]: 11946
[16:14:40]: 11949
[16:14:40]: 11933
[16:14:41]: 11936
[16:14:41]: 11929
[16:14:41]: 11918
[16:14:41]: 11920
[16:14:42]: 11915
[16:14:42]: 11906
[16:14:42]: 11905
[16:14:43]: 11904
[16:14:43]: 11906
[16:14:43]: 11893
[16:14:44]: 11898
[16:14:44]: 11893
[16:14:44]: 11897
[16:14:45]: 11885
[16:14:45]: 11882
[16:14:45]: 11887
[16:14:46]: 11885
[16:14:46]: 11879
[16:14:46]: 11870
[16:14:47]: 11877
[16:14:47]: 11867
[16:14:47]: 11864
[16:14:47]: 11856
[16:14:48]: 11858
[16:14:48]: 11860
[16:14:48]: 11864
[16:14:49]: 11852
[16:14:49]: 11858
[16:14:49]: 11858
[16:14:50]: 11864
[16:14:50]: 11853
[16:14:50]: 11855
[16:14:51]: 11860
[16:14:51]: 11857
[16:14:51]: 11853
[16:14:52]: 11846
[16:14:52]: 11855
[16:14:52]: 11847
[16:14:53]: 11845
[16:14:53]: 11838
[16:14:53]: 11841
[16:14:53]: 11843
[16:14:54]: 11849
[16:14:54]: 11838
[16:14:54]: 11844
[16:14:55]: 11843
[16:14:55]: 11849
[16:14:55]: 11841
[16:14:56]: 11844
[16:14:56]: 11835
[16:14:56]: 11846
[16:14:57]: 11837
[16:14:57]: 11837
[16:14:57]: 11830
[16:14:58]: 11839
[16:14:58]: 11836
[16:14:58]: 11830
[16:14:58]: 11832
[16:14:59]: 11840
[16:14:59]: 11840
[16:14:59]: 11848
[16:15:00]: 11837
[16:15:00]: 11840
[16:15:00]: 11846
[16:15:01]: 11846
[16:15:01]: 11842
[16:15:01]: 11835
[16:15:02]: 11847
[16:15:02]: 11838
[16:15:02]: 11835
[16:15:03]: 11829
[16:15:03]: 11841
[16:15:03]: 11833
[16:15:03]: 11838
[16:15:04]: 11829
[16:15:04]: 11835
[16:15:04]: 11835
[16:15:05]: 11843
[16:15:05]: 11843
[16:15:05]: 11839
[16:15:06]: 11834
[16:15:06]: 11842
[16:15:06]: 11835
[16:15:07]: 11835
[16:15:07]: 11825
[16:15:07]: 11836
[16:15:08]: 11829
[16:15:08]: 11826
[16:15:08]: 11821
[16:15:08]: 11827
[16:15:09]: 11827
[16:15:09]: 11835
[16:15:09]: 11824
[16:15:10]: 11831
[16:15:10]: 11832
[16:15:10]: 11835
[16:15:11]: 11826
[16:15:11]: 11827
[16:15:11]: 11833
[16:15:12]: 11826
[16:15:12]: 11823
[16:15:12]: 11817
[16:15:13]: 11810
[16:15:13]: 11817
[16:15:13]: 11817
[16:15:13]: 11808
 Close valve LR1
 Open valve LRW2
 Open valve V24
[16:15:15]: H20 at W2
[16:15:15]: 11816
[16:15:15]: 11831
[16:15:16]: 11869
[16:15:16]: 11904
[16:15:16]: 11950
[16:15:16]: 11979
[16:15:17]: 12002
[16:15:17]: 12018
[16:15:17]: 12042
[16:15:18]: 12054
[16:15:18]: 12094
[16:15:18]: 12102
[16:15:19]: 12122
[16:15:19]: 12144
[16:15:19]: 12148
[16:15:20]: 12148
[16:15:20]: 12158
[16:15:20]: 12160
[16:15:21]: 12173
[16:15:21]: 12178
[16:15:21]: 12178
[16:15:21]: 12188
[16:15:22]: 12196
[16:15:22]: 12208
[16:15:22]: 12217
[16:15:23]: 12217
[16:15:23]: 12225
[16:15:23]: 12238
[16:15:24]: 12239
[16:15:24]: 12245
[16:15:24]: 12241
[16:15:25]: 12258
[16:15:25]: 12249
[16:15:25]: 12256
[16:15:26]: 12249
[16:15:26]: 12256
[16:15:26]: 12261
[16:15:26]: 12273
[16:15:27]: 12264
[16:15:27]: 12280
[16:15:27]: 12285
[16:15:28]: 12293
[16:15:28]: 12290
[16:15:28]: 12294
[16:15:29]: 12284
[16:15:29]: 12278
[16:15:29]: 12294
[16:15:30]: 12287
[16:15:30]: 12292
[16:15:30]: 12295
[16:15:31]: 12301
[16:15:31]: 12313
[16:15:31]: 12304
[16:15:31]: 12319
[16:15:32]: 12314
[16:15:32]: 12331
[16:15:32]: 12329
[16:15:33]: 12325
[16:15:33]: 12319
[16:15:33]: 12327
[16:15:34]: 12319
[16:15:34]: 12325
[16:15:34]: 12310
[16:15:35]: 12334
[16:15:35]: 12319
[16:15:35]: 12324
[16:15:35]: 12320
[16:15:36]: 12332
[16:15:36]: 12331
[16:15:36]: 12346
[16:15:37]: 12323
[16:15:37]: 12338
[16:15:37]: 12329
[16:15:38]: 12334
[16:15:38]: 12322
[16:15:38]: 12323
[16:15:39]: 12306
[16:15:39]: 12322
[16:15:39]: 12306
[16:15:40]: 12307
[16:15:40]: 12303
[16:15:40]: 12298
[16:15:40]: 12295
[16:15:41]: 12301
[16:15:41]: 12262
[16:15:41]: 12261
[16:15:42]: 12242
[16:15:42]: 12216
[16:15:42]: 12218
[16:15:43]: 12207
[16:15:43]: 12204
[16:15:43]: 12184
[16:15:44]: 12179
[16:15:44]: 12161
[16:15:44]: 12162
[16:15:45]: 12154
[16:15:45]: 12151
[16:15:45]: 12140
[16:15:45]: 12142
[16:15:46]: 12134
[16:15:46]: 12139
[16:15:46]: 12107
[16:15:47]: 12103
[16:15:47]: 12131
[16:15:47]: 12151
[16:15:48]: 12149
[16:15:48]: 12138
[16:15:48]: 12106
[16:15:49]: 12089
[16:15:49]: 12066
[16:15:49]: 12043
[16:15:50]: 12026
[16:15:50]: 12038
[16:15:50]: 12046
[16:15:51]: 12084
[16:15:51]: 12101
[16:15:51]: 12122
[16:15:51]: 12123
[16:15:52]: 12119
[16:15:52]: 12095
[16:15:52]: 12085
[16:15:53]: 12086
[16:15:53]: 12081
[16:15:53]: 12073
[16:15:54]: 12143
[16:15:54]: 12156
[16:15:54]: 12189
[16:15:55]: 12185
[16:15:55]: 12183
[16:15:55]: 12181
[16:15:56]: 12178
[16:15:56]: 12177
[16:15:56]: 12183
[16:15:56]: 12188
[16:15:57]: 12198
[16:15:57]: 12200
[16:15:57]: 12194
[16:15:58]: 12205
[16:15:58]: 12195
[16:15:58]: 12216
[16:15:59]: 12223
[16:15:59]: 12227
[16:15:59]: 12211
[16:16:00]: 12201
[16:16:00]: 12185
[16:16:00]: 12175
[16:16:00]: 12151
[16:16:01]: 12151
[16:16:01]: 12150
[16:16:01]: 12158
 Close valve V24
 Close valve LRW2
 Open valve LR2
[16:16:03]: H2SO4 at LR2
[16:16:03]: 12239
[16:16:03]: 12219
[16:16:04]: 12195
[16:16:04]: 12178
[16:16:04]: 12177
[16:16:04]: 12169
[16:16:05]: 12165
[16:16:05]: 12162
[16:16:05]: 12167
[16:16:06]: 12168
[16:16:06]: 12177
[16:16:06]: 12171
[16:16:07]: 12178
[16:16:07]: 12177
[16:16:07]: 12186
[16:16:08]: 12180
[16:16:08]: 12181
[16:16:08]: 12175
[16:16:08]: 12189
[16:16:09]: 12183
[16:16:09]: 12183
[16:16:09]: 12181
[16:16:10]: 12189
[16:16:10]: 12193
[16:16:10]: 12201
[16:16:11]: 12193
[16:16:11]: 12203
[16:16:11]: 12207
[16:16:12]: 12213
[16:16:12]: 12209
[16:16:12]: 12210
[16:16:13]: 12204
[16:16:13]: 12217
[16:16:13]: 12213
[16:16:13]: 12213
[16:16:14]: 12212
[16:16:14]: 12221
[16:16:14]: 12216
[16:16:15]: 12228
[16:16:15]: 12211
[16:16:15]: 12218
[16:16:16]: 12219
[16:16:16]: 12214
[16:16:16]: 12194
[16:16:17]: 12273
[16:16:17]: 12295
[16:16:17]: 12302
[16:16:18]: 12294
[16:16:18]: 12269
[16:16:18]: 12277
[16:16:19]: 12272
[16:16:19]: 12278
[16:16:19]: 12274
[16:16:19]: 12280
[16:16:20]: 12262
[16:16:20]: 12279
[16:16:20]: 12295
[16:16:21]: 12298
[16:16:21]: 12298
[16:16:21]: 12304
[16:16:22]: 12296
[16:16:22]: 12282
[16:16:22]: 12288
[16:16:23]: 12307
[16:16:23]: 12301
[16:16:23]: 12304
[16:16:23]: 12300
[16:16:24]: 12307
[16:16:24]: 12310
[16:16:24]: 12320
[16:16:25]: 12311
[16:16:25]: 12321
[16:16:25]: 12322
[16:16:26]: 12333
[16:16:26]: 12329
[16:16:26]: 12332
[16:16:27]: 12325
[16:16:27]: 12336
[16:16:27]: 12332
[16:16:27]: 12334
[16:16:28]: 12330
[16:16:28]: 12338
[16:16:28]: 12337
[16:16:29]: 12344
[16:16:29]: 12334
[16:16:29]: 12342
[16:16:30]: 12272
[16:16:30]: 12317
[16:16:30]: 12326
[16:16:31]: 12335
[16:16:31]: 12327
[16:16:31]: 12345
[16:16:32]: 12331
[16:16:32]: 12340
[16:16:32]: 12338
[16:16:32]: 12324
[16:16:33]: 12338
[16:16:33]: 12356
[16:16:33]: 12342
[16:16:34]: 12328
[16:16:34]: 12360
[16:16:34]: 12369
[16:16:35]: 12351
[16:16:35]: 12352
[16:16:35]: 12351
[16:16:36]: 12356
[16:16:36]: 12350
[16:16:36]: 12333
[16:16:37]: 12346
[16:16:37]: 12356
[16:16:37]: 12357
[16:16:37]: 12364
[16:16:38]: 12354
[16:16:38]: 12362
[16:16:38]: 12364
[16:16:39]: 12369
[16:16:39]: 12368
[16:16:39]: 12367
[16:16:40]: 12363
[16:16:40]: 12371
[16:16:40]: 12363
[16:16:41]: 12365
[16:16:41]: 12359
[16:16:41]: 12369
[16:16:41]: 12363
[16:16:42]: 12369
[16:16:42]: 12361
[16:16:42]: 12369
[16:16:43]: 12369
[16:16:43]: 12378
[16:16:43]: 12368
[16:16:44]: 12374
[16:16:44]: 12369
[16:16:44]: 12370
[16:16:45]: 12372
[16:16:45]: 12365
[16:16:45]: 12345
[16:16:45]: 12347
[16:16:46]: 12365
[16:16:46]: 12355
[16:16:46]: 12355
[16:16:47]: 12367
[16:16:47]: 12359
[16:16:47]: 12357
[16:16:48]: 12365
[16:16:48]: 12357
[16:16:48]: 12363
[16:16:49]: 12374
[16:16:49]: 12361
[16:16:49]: 12355
 Close valve LR2
 Open valve LRW2
 Open valve V24
[16:16:50]: H20 at W2
[16:16:51]: 12369
[16:16:51]: 12387
[16:16:51]: 12405
[16:16:52]: 12440
[16:16:52]: 12464
[16:16:52]: 12479
[16:16:53]: 12494
[16:16:53]: 12509
[16:16:53]: 12512
[16:16:54]: 12531
[16:16:54]: 12534
[16:16:54]: 12559
[16:16:54]: 12562
[16:16:55]: 12570
[16:16:55]: 12573
[16:16:55]: 12583
[16:16:56]: 12586
[16:16:56]: 12599
[16:16:56]: 12589
[16:16:57]: 12607
[16:16:57]: 12615
[16:16:57]: 12610
[16:16:58]: 12611
[16:16:58]: 12617
[16:16:58]: 12602
[16:16:59]: 12622
[16:16:59]: 12631
[16:16:59]: 12602
[16:17:00]: 12625
[16:17:00]: 12639
[16:17:00]: 12608
[16:17:00]: 12628
[16:17:01]: 12633
[16:17:01]: 12654
[16:17:01]: 12665
[16:17:02]: 12650
[16:17:02]: 12646
[16:17:02]: 12634
[16:17:03]: 12656
[16:17:03]: 12651
[16:17:03]: 12645
[16:17:04]: 12633
[16:17:04]: 12637
[16:17:04]: 12620
[16:17:05]: 12618
[16:17:05]: 12596
[16:17:05]: 12608
[16:17:05]: 12591
[16:17:06]: 12589
[16:17:06]: 12575
[16:17:06]: 12587
[16:17:07]: 12572
[16:17:07]: 12545
[16:17:07]: 12539
[16:17:08]: 12542
[16:17:08]: 12560
[16:17:08]: 12592
[16:17:09]: 12596
[16:17:09]: 12584
[16:17:09]: 12568
[16:17:10]: 12569
[16:17:10]: 12554
[16:17:10]: 12543
[16:17:11]: 12554
[16:17:11]: 12531
[16:17:11]: 12527
[16:17:12]: 12511
[16:17:12]: 12507
[16:17:12]: 12500
[16:17:12]: 12481
[16:17:13]: 12483
[16:17:13]: 12479
[16:17:13]: 12490
[16:17:14]: 12476
[16:17:14]: 12479
[16:17:14]: 12470
[16:17:15]: 12472
[16:17:15]: 12442
[16:17:15]: 12449
[16:17:16]: 12408
[16:17:16]: 12405
[16:17:16]: 12369
[16:17:17]: 12441
[16:17:17]: 12519
[16:17:17]: 12377
[16:17:17]: 12404
[16:17:18]: 12400
[16:17:18]: 12236
[16:17:18]: 12421
[16:17:19]: 12413
[16:17:19]: 12408
[16:17:19]: 12360
[16:17:20]: 12348
[16:17:20]: 12379
[16:17:20]: 12381
[16:17:21]: 12364
[16:17:21]: 12285
[16:17:21]: 12251
[16:17:22]: 12232
[16:17:22]: 12229
[16:17:22]: 12240
[16:17:22]: 12237
[16:17:23]: 12214
[16:17:23]: 12449
[16:17:23]: 12425
[16:17:24]: 12436
[16:17:24]: 12428
[16:17:24]: 12424
[16:17:25]: 12421
[16:17:25]: 12415
[16:17:25]: 12409
[16:17:26]: 12424
[16:17:26]: 12163
[16:17:26]: 12217
[16:17:27]: 12234
[16:17:27]: 12289
[16:17:27]: 12132
[16:17:28]: 11980
[16:17:28]: 11986
[16:17:28]: 12021
[16:17:28]: 12071
[16:17:29]: 12207
[16:17:29]: 12339
[16:17:29]: 12393
[16:17:30]: 12417
[16:17:30]: 12405
[16:17:30]: 12383
[16:17:31]: 12377
[16:17:31]: 12414
[16:17:31]: 12393
[16:17:32]: 12369
[16:17:32]: 12300
[16:17:32]: 12326
[16:17:32]: 12397
[16:17:33]: 12391
[16:17:33]: 12411
[16:17:33]: 12438
[16:17:34]: 12398
[16:17:34]: 12375
[16:17:34]: 12339
[16:17:35]: 11989
[16:17:35]: 11819
[16:17:35]: 11745
[16:17:36]: 11777
[16:17:36]: 11861
[16:17:36]: 11954
[16:17:37]: 11944
[16:17:37]: 11904
[16:17:37]: 11944
[16:17:37]: 12011
 Close valve V24
 Close valve LRW2
 Open valve LR1
[16:17:39]: pH 7.55 at LR1
[16:17:39]: 12286
[16:17:39]: 12369
[16:17:39]: 12346
[16:17:40]: 12350
[16:17:40]: 12345
[16:17:40]: 12341
[16:17:41]: 12332
[16:17:41]: 12346
[16:17:41]: 12349
[16:17:42]: 12345
[16:17:42]: 12340
[16:17:42]: 12327
[16:17:43]: 12318
[16:17:43]: 12319
[16:17:43]: 12311
[16:17:44]: 12305
[16:17:44]: 12317
[16:17:44]: 12268
[16:17:44]: 12265
[16:17:45]: 12267
[16:17:45]: 12266
[16:17:45]: 12244
[16:17:46]: 12249
[16:17:46]: 12246
[16:17:46]: 12241
[16:17:47]: 12230
[16:17:47]: 12187
[16:17:47]: 12224
[16:17:48]: 12217
[16:17:48]: 12206
[16:17:48]: 12196
[16:17:49]: 12199
[16:17:49]: 12191
[16:17:49]: 12174
[16:17:50]: 12169
[16:17:50]: 12168
[16:17:50]: 12163
[16:17:50]: 12159
[16:17:51]: 12140
[16:17:51]: 12130
[16:17:51]: 12125

