 Close valve HP_IN
 Close valve HP_OUT
 Close valve L1_OUT
 Close valve L2_OUT
 Close valve L3_OUT
 Close valve L_HP
 Close valve LR1
 Close valve LR2
 Close valve LR3
 Close valve LR4
 Close valve LRW2
 Close valve LWASTE
 Close valve R1_4
 Close valve V21
 Close valve V24
 Close valve V4
 Close valve VH
 Close valve W1
 Close valve W2
 Close valve W3
 Open valve HP_IN
 Open valve W2
 Open valve R1_4
 Open valve V21
[18:21:55]: Forward liquid flow activated
[18:21:55]: AIR
 Open valve HP_OUT
 Open valve L_HP
 Open valve V24
 Close valve V24
 Close valve L_HP
 Close valve HP_OUT
[18:22:15]: W2 OH-
 Open valve LRW2
 Open valve V24
[18:22:16]: 11531
[18:22:16]: 11435
[18:22:16]: 11306
[18:22:17]: 11370
[18:22:17]: 8665
[18:22:17]: 8655
[18:22:18]: 8661
[18:22:18]: 8679
[18:22:18]: 8690
[18:22:19]: 8399
[18:22:19]: 8430
[18:22:19]: 8477
[18:22:20]: 8518
[18:22:20]: 8552
[18:22:20]: 8581
[18:22:21]: 8609
[18:22:21]: 8633
[18:22:21]: 8646
[18:22:21]: 8656
[18:22:22]: 8665
[18:22:22]: 8676
[18:22:22]: 8680
[18:22:23]: 8682
[18:22:23]: 8692
[18:22:23]: 8696
[18:22:24]: 8698
[18:22:24]: 8699
[18:22:24]: 8707
[18:22:25]: 8709
[18:22:25]: 8710
[18:22:25]: 8711
[18:22:26]: 8715
[18:22:26]: 8718
[18:22:26]: 8718
[18:22:26]: 8720
[18:22:27]: 8721
[18:22:27]: 8721
[18:22:27]: 8727
[18:22:28]: 8725
[18:22:28]: 8727
[18:22:28]: 8731
[18:22:29]: 8732
[18:22:29]: 8731
[18:22:29]: 8734
[18:22:30]: 8732
[18:22:30]: 8733
[18:22:30]: 8735
[18:22:31]: 8735
[18:22:31]: 8738
[18:22:31]: 8738
[18:22:32]: 8740
[18:22:32]: 8740
[18:22:32]: 8745
[18:22:33]: 8743
[18:22:33]: 8744
[18:22:33]: 8745
[18:22:33]: 8748
[18:22:34]: 8747
[18:22:34]: 8747
[18:22:34]: 8752
 Close valve V24
 Close valve LRW2
[18:22:35]: W2 OH-
 Open valve LRW2
 Open valve V24
[18:22:35]: 8739
[18:22:35]: 8750
[18:22:36]: 8755
[18:22:36]: 8756
[18:22:36]: 8756
[18:22:37]: 8757
[18:22:37]: 8755
[18:22:37]: 8756
[18:22:37]: 8758
[18:22:38]: 8758
[18:22:38]: 8758
[18:22:38]: 8762
[18:22:39]: 8759
[18:22:39]: 8763
[18:22:39]: 8761
[18:22:40]: 8761
[18:22:40]: 8763
[18:22:40]: 8764
[18:22:41]: 8763
[18:22:41]: 8763
[18:22:41]: 8765
[18:22:42]: 8767
[18:22:42]: 8769
[18:22:42]: 8768
[18:22:43]: 8768
[18:22:43]: 8770
[18:22:43]: 8771
[18:22:43]: 8771
[18:22:44]: 8769
[18:22:44]: 8771
[18:22:44]: 8771
[18:22:45]: 8772
[18:22:45]: 8772
[18:22:45]: 8773
[18:22:46]: 8773
[18:22:46]: 8772
[18:22:46]: 8777
[18:22:47]: 8776
[18:22:47]: 8775
[18:22:47]: 8775
[18:22:48]: 8776
[18:22:48]: 8777
[18:22:48]: 8777
[18:22:48]: 8779
[18:22:49]: 8781
[18:22:49]: 8780
[18:22:49]: 8779
[18:22:50]: 8779
[18:22:50]: 8779
[18:22:50]: 8781
[18:22:51]: 8782
[18:22:51]: 8780
[18:22:51]: 8780
[18:22:52]: 8784
[18:22:52]: 8783
[18:22:52]: 8784
[18:22:53]: 8783
[18:22:53]: 8783
[18:22:53]: 8784
[18:22:53]: 8786
 Close valve V24
 Close valve LRW2
[18:22:54]: W2 OH-
 Open valve LRW2
 Open valve V24
[18:22:54]: 8781
[18:22:54]: 8786
[18:22:55]: 8784
[18:22:55]: 8785
[18:22:55]: 8787
[18:22:56]: 8786
[18:22:56]: 8785
[18:22:56]: 8786
[18:22:57]: 8789
[18:22:57]: 8789
[18:22:57]: 8788
[18:22:58]: 8790
[18:22:58]: 8789
[18:22:58]: 8792
[18:22:59]: 8789
[18:22:59]: 8792
[18:22:59]: 8791
[18:23:00]: 8793
[18:23:00]: 8791
[18:23:00]: 8792
[18:23:00]: 8794
[18:23:01]: 8793
[18:23:01]: 8796
[18:23:01]: 8793
[18:23:02]: 8793
[18:23:02]: 8795
[18:23:02]: 8797
[18:23:03]: 8796
[18:23:03]: 8796
[18:23:03]: 8797
[18:23:04]: 8798
[18:23:04]: 8797
[18:23:04]: 8801
[18:23:04]: 8801
[18:23:05]: 8798
[18:23:05]: 8800
[18:23:05]: 8800
[18:23:06]: 8800
[18:23:06]: 8802
[18:23:06]: 8802
[18:23:07]: 8802
[18:23:07]: 8804
[18:23:07]: 8805
[18:23:08]: 8805
[18:23:08]: 8802
[18:23:08]: 8803
[18:23:09]: 8806
[18:23:09]: 8806
[18:23:09]: 8805
[18:23:09]: 8804
[18:23:10]: 8804
[18:23:10]: 8808
[18:23:10]: 8807
[18:23:11]: 8808
[18:23:11]: 8806
[18:23:11]: 8808
[18:23:12]: 8808
[18:23:12]: 8810
[18:23:12]: 8810
[18:23:13]: 8811
 Close valve V24
 Close valve LRW2
[18:23:13]: Loop start
[18:23:13]: W2 OH-
 Open valve LRW2
 Open valve V24
[18:23:13]: 8797
[18:23:13]: 8811
[18:23:14]: 8808
[18:23:14]: 8810
[18:23:14]: 8810
[18:23:15]: 8807
[18:23:15]: 8805
[18:23:15]: 8807
[18:23:16]: 8806
[18:23:16]: 8808
[18:23:16]: 8809
[18:23:17]: 8804
[18:23:17]: 8806
[18:23:17]: 8807
[18:23:17]: 8807
[18:23:18]: 8808
[18:23:18]: 8809
[18:23:18]: 8806
[18:23:19]: 8806
[18:23:19]: 8808
[18:23:19]: 8810
[18:23:20]: 8810
[18:23:20]: 8808
[18:23:20]: 8808
[18:23:21]: 8811
[18:23:21]: 8810
[18:23:21]: 8809
[18:23:22]: 8808
[18:23:22]: 8808
[18:23:22]: 8810
[18:23:22]: 8810
[18:23:23]: 8811
[18:23:23]: 8813
[18:23:23]: 8810
[18:23:24]: 8811
[18:23:24]: 8813
[18:23:24]: 8811
[18:23:25]: 8814
[18:23:25]: 8814
[18:23:25]: 8813
[18:23:26]: 8812
[18:23:26]: 8814
[18:23:26]: 8815
[18:23:27]: 8814
[18:23:27]: 8813
[18:23:27]: 8815
[18:23:27]: 8812
[18:23:28]: 8812
[18:23:28]: 8813
[18:23:28]: 8815
[18:23:29]: 8812
[18:23:29]: 8816
[18:23:29]: 8816
[18:23:30]: 8814
[18:23:30]: 8816
[18:23:30]: 8815
[18:23:31]: 8816
[18:23:31]: 8818
[18:23:31]: 8814
[18:23:31]: 8814
 Close valve V24
 Close valve LRW2
[18:23:32]: CIRCLE H+
 Open valve LR1
[18:23:32]: 8784
[18:23:32]: 10405
[18:23:33]: 10542
[18:23:33]: 10617
[18:23:33]: 11222
[18:23:34]: 11304
[18:23:34]: 11347
[18:23:34]: 11307
[18:23:35]: 11253
[18:23:35]: 11167
[18:23:35]: 11112
[18:23:35]: 11055
[18:23:36]: 11003
[18:23:36]: 10952
[18:23:36]: 10900
[18:23:37]: 10862
[18:23:37]: 10843
[18:23:37]: 10818
[18:23:38]: 10785
[18:23:38]: 10764
[18:23:38]: 10760
[18:23:39]: 10731
[18:23:39]: 10719
[18:23:39]: 10707
[18:23:40]: 10693
[18:23:40]: 10677
[18:23:40]: 10661
[18:23:41]: 10668
[18:23:41]: 10805
[18:23:41]: 10042
[18:23:41]: 10130
[18:23:42]: 10357
[18:23:42]: 10383
[18:23:42]: 10403
[18:23:43]: 10419
[18:23:43]: 10152
[18:23:43]: 10457
[18:23:44]: 10278
[18:23:44]: 10445
[18:23:44]: 10383
[18:23:45]: 10428
[18:23:45]: 10695
[18:23:45]: 10444
[18:23:46]: 10120
[18:23:46]: 10461
[18:23:46]: 10429
[18:23:47]: 10470
[18:23:47]: 10436
[18:23:47]: 10430
[18:23:48]: 10610
[18:23:48]: 10469
[18:23:48]: 10453
[18:23:48]: 10457
[18:23:49]: 10449
[18:23:49]: 10440
[18:23:49]: 10467
[18:23:50]: 10459
[18:23:50]: 10465
[18:23:50]: 10463
[18:23:51]: 10478
 Close valve LR1
[18:23:51]: W2 OH-
 Open valve LRW2
 Open valve V24
[18:23:51]: 9512
[18:23:51]: 9472
[18:23:52]: 9026
[18:23:52]: 8661
[18:23:52]: 8686
[18:23:53]: 9467
[18:23:53]: 9066
[18:23:53]: 8662
[18:23:54]: 9002
[18:23:54]: 8733
[18:23:54]: 8641
[18:23:55]: 8875
[18:23:55]: 8629
[18:23:55]: 8688
[18:23:55]: 8762
[18:23:56]: 8724
[18:23:56]: 8745
[18:23:56]: 8762
[18:23:57]: 8705
[18:23:57]: 8739
[18:23:57]: 8763
[18:23:58]: 8760
[18:23:58]: 8769
[18:23:58]: 8781
[18:23:59]: 8762
[18:23:59]: 8783
[18:23:59]: 8729
[18:23:59]: 8810
[18:24:00]: 8746
[18:24:00]: 8800
[18:24:00]: 8774
[18:24:01]: 8778
[18:24:01]: 8805
[18:24:01]: 8755
[18:24:02]: 8821
[18:24:02]: 8794
[18:24:02]: 8806
[18:24:03]: 8782
[18:24:03]: 8809
[18:24:03]: 8787
[18:24:04]: 8798
[18:24:04]: 8809
[18:24:04]: 8782
[18:24:05]: 8751
[18:24:05]: 8709
[18:24:05]: 8743
[18:24:05]: 8796
[18:24:06]: 8808
[18:24:06]: 8807
[18:24:06]: 8803
[18:24:07]: 8811
[18:24:07]: 8811
[18:24:07]: 8803
[18:24:08]: 8815
[18:24:08]: 8816
[18:24:08]: 8813
[18:24:09]: 8808
[18:24:09]: 8815
[18:24:09]: 8807
[18:24:10]: 8805
 Close valve V24
 Close valve LRW2
[18:24:10]: CROSS H+
 Open valve LR2
[18:24:10]: 8866
[18:24:10]: 9649
[18:24:11]: 10397
[18:24:11]: 10680
[18:24:11]: 10909
[18:24:12]: 10751
[18:24:12]: 10803
[18:24:12]: 11152
[18:24:13]: 11025
[18:24:13]: 10970
[18:24:13]: 10952
[18:24:14]: 10931
[18:24:14]: 11282
[18:24:14]: 11187
[18:24:15]: 11085
[18:24:15]: 10982
[18:24:15]: 10919
[18:24:15]: 10886
[18:24:16]: 10855
[18:24:16]: 10834
[18:24:16]: 10816
[18:24:17]: 10796
[18:24:17]: 10781
[18:24:17]: 10765
[18:24:18]: 10764
[18:24:18]: 10752
[18:24:18]: 10739
[18:24:19]: 10724
[18:24:19]: 10717
[18:24:19]: 10707
[18:24:20]: 9500
[18:24:20]: 9489
[18:24:20]: 9989
[18:24:21]: 10116
[18:24:21]: 10196
[18:24:21]: 10255
[18:24:22]: 10298
[18:24:22]: 10337
[18:24:22]: 10365
[18:24:22]: 10386
[18:24:23]: 10409
[18:24:23]: 10428
[18:24:23]: 10426
[18:24:24]: 10437
[18:24:24]: 10443
[18:24:24]: 10444
[18:24:25]: 10145
[18:24:25]: 10314
[18:24:25]: 10458
[18:24:26]: 10459
[18:24:26]: 10408
[18:24:26]: 10413
[18:24:27]: 10429
[18:24:27]: 10434
[18:24:27]: 10420
[18:24:28]: 10256
[18:24:28]: 10393
[18:24:28]: 10403
[18:24:29]: 10413
[18:24:29]: 10432
 Close valve LR2
[18:24:29]: W2 OH-
 Open valve LRW2
 Open valve V24
[18:24:29]: 9484
[18:24:30]: 9478
[18:24:30]: 9439
[18:24:30]: 8768
[18:24:31]: 9411
[18:24:31]: 9168
[18:24:31]: 8734
[18:24:31]: 8665
[18:24:32]: 8744
[18:24:32]: 9062
[18:24:32]: 8647
[18:24:33]: 8665
[18:24:33]: 8698
[18:24:33]: 8713
[18:24:34]: 8727
[18:24:34]: 8788
[18:24:34]: 8728
[18:24:35]: 8725
[18:24:35]: 8719
[18:24:35]: 9400
[18:24:36]: 8861
[18:24:36]: 9278
[18:24:36]: 8641
[18:24:37]: 8681
[18:24:37]: 8743
[18:24:37]: 8753
[18:24:38]: 8766
[18:24:38]: 8766
[18:24:38]: 8737
[18:24:39]: 8730
[18:24:39]: 8779
[18:24:39]: 8768
[18:24:39]: 8772
[18:24:40]: 8776
[18:24:40]: 8774
[18:24:40]: 8781
[18:24:41]: 8782
[18:24:41]: 8781
[18:24:41]: 8786
[18:24:42]: 8776
[18:24:42]: 8778
[18:24:42]: 8783
[18:24:43]: 8780
[18:24:43]: 8788
[18:24:43]: 8785
[18:24:44]: 8785
[18:24:44]: 8790
[18:24:44]: 8791
[18:24:45]: 8790
[18:24:45]: 8786
[18:24:45]: 8784
[18:24:46]: 8785
[18:24:46]: 8790
[18:24:46]: 8788
[18:24:46]: 8785
[18:24:47]: 8785
[18:24:47]: 8789
[18:24:47]: 8792
[18:24:48]: 8788
[18:24:48]: 8796
 Close valve V24
 Close valve LRW2
[18:24:48]: SQUARE H+
 Open valve LR3
[18:24:48]: 8790
[18:24:49]: 9746
[18:24:49]: 9887
[18:24:49]: 10376
[18:24:50]: 10505
[18:24:50]: 10612
[18:24:50]: 10718
[18:24:51]: 10800
[18:24:51]: 10889
[18:24:51]: 10974
[18:24:52]: 11050
[18:24:52]: 11104
[18:24:52]: 11164
[18:24:53]: 11215
[18:24:53]: 11133
[18:24:53]: 11054
[18:24:53]: 10991
[18:24:54]: 10958
[18:24:54]: 10916
[18:24:54]: 10883
[18:24:55]: 10861
[18:24:55]: 10827
[18:24:55]: 10800
[18:24:56]: 10781
[18:24:56]: 10765
[18:24:56]: 10746
[18:24:57]: 10736
[18:24:57]: 10729
[18:24:57]: 10704
[18:24:58]: 10675
[18:24:58]: 9476
[18:24:58]: 9472
[18:24:59]: 9470
[18:24:59]: 9474
[18:24:59]: 9476
[18:24:59]: 9479
[18:25:00]: 9479
[18:25:00]: 9480
[18:25:00]: 9482
[18:25:01]: 9482
[18:25:01]: 9483
[18:25:01]: 9483
[18:25:02]: 9482
[18:25:02]: 9481
[18:25:02]: 9482
[18:25:03]: 9482
[18:25:03]: 9471
[18:25:03]: 9479
[18:25:04]: 9480
[18:25:04]: 9479
[18:25:04]: 9478
[18:25:04]: 9477
[18:25:05]: 9477
[18:25:05]: 9473
[18:25:05]: 9472
[18:25:06]: 9474
[18:25:06]: 9477
[18:25:06]: 9476
[18:25:07]: 9474
[18:25:07]: 9473
 Close valve LR3
[18:25:07]: W2 OH-
 Open valve LRW2
 Open valve V24
[18:25:08]: 9469
[18:25:08]: 9441
[18:25:08]: 9453
[18:25:09]: 8693
[18:25:09]: 8663
[18:25:09]: 9448
[18:25:09]: 8756
[18:25:10]: 8647
[18:25:10]: 8655
[18:25:10]: 9015
[18:25:11]: 8674
[18:25:11]: 8715
[18:25:11]: 9455
[18:25:12]: 9311
[18:25:12]: 9378
[18:25:12]: 8820
[18:25:13]: 8665
[18:25:13]: 8676
[18:25:13]: 8653
[18:25:14]: 8641
[18:25:14]: 8653
[18:25:14]: 8660
[18:25:14]: 8675
[18:25:15]: 9442
[18:25:15]: 8777
[18:25:15]: 8651
[18:25:16]: 9212
[18:25:16]: 8671
[18:25:16]: 9443
[18:25:17]: 8678
[18:25:17]: 8676
[18:25:17]: 8756
[18:25:18]: 9431
[18:25:18]: 8674
[18:25:18]: 8696
[18:25:19]: 8750
[18:25:19]: 8773
[18:25:19]: 8770
[18:25:19]: 8772
[18:25:20]: 8774
[18:25:20]: 8777
[18:25:20]: 8791
[18:25:21]: 8781
[18:25:21]: 8830
[18:25:21]: 8699
[18:25:22]: 8704
[18:25:22]: 8764
[18:25:22]: 8793
[18:25:23]: 8786
[18:25:23]: 8787
[18:25:23]: 8812
[18:25:24]: 8793
[18:25:24]: 8790
[18:25:24]: 8791
[18:25:25]: 8804
[18:25:25]: 8800
[18:25:25]: 8806
[18:25:26]: 8794
[18:25:26]: 8792
[18:25:26]: 8806
 Close valve V24
 Close valve LRW2
[18:25:26]: PLUS H+
 Open valve LR4
[18:25:27]: 8795
[18:25:27]: 9608
[18:25:27]: 9817
[18:25:28]: 9894
[18:25:28]: 10275
[18:25:28]: 10236
[18:25:28]: 10234
[18:25:29]: 10302
[18:25:29]: 10361
[18:25:29]: 10414
[18:25:30]: 10460
[18:25:30]: 10505
[18:25:30]: 10544
[18:25:31]: 10567
[18:25:31]: 10598
[18:25:31]: 10630
[18:25:32]: 10645
[18:25:32]: 10667
[18:25:32]: 10692
[18:25:33]: 10710
[18:25:33]: 10726
[18:25:33]: 10739
[18:25:33]: 10743
[18:25:34]: 10258
[18:25:34]: 10014
[18:25:34]: 10003
[18:25:35]: 10231
[18:25:35]: 10300
[18:25:35]: 10349
[18:25:36]: 9463
[18:25:36]: 9455
[18:25:36]: 9462
[18:25:37]: 9465
[18:25:37]: 9464
[18:25:37]: 9455
[18:25:37]: 9466
[18:25:38]: 9467
[18:25:38]: 9470
[18:25:38]: 9471
[18:25:39]: 9473
[18:25:39]: 9474
[18:25:39]: 9476
[18:25:40]: 9475
[18:25:40]: 9477
[18:25:40]: 9477
[18:25:40]: 9475
[18:25:41]: 9475
[18:25:41]: 9479
[18:25:41]: 9475
[18:25:42]: 9474
[18:25:42]: 9475
[18:25:42]: 9472
[18:25:43]: 9473
[18:25:43]: 9475
[18:25:43]: 9471
[18:25:44]: 9474
[18:25:44]: 9473
[18:25:44]: 9471
[18:25:45]: 9470
[18:25:45]: 9469
 Close valve LR4
[18:25:45]: W2 OH-
 Open valve LRW2
 Open valve V24
[18:25:45]: 9452
[18:25:46]: 9454
[18:25:46]: 8888
[18:25:46]: 8660
[18:25:47]: 8671
[18:25:47]: 9003
[18:25:47]: 8975
[18:25:48]: 9396
[18:25:48]: 9163
[18:25:48]: 8922
[18:25:49]: 8607
[18:25:49]: 8649
[18:25:49]: 8699
[18:25:50]: 8704
[18:25:50]: 8729
[18:25:50]: 8738
[18:25:51]: 9467
[18:25:51]: 9402
[18:25:51]: 9337
[18:25:52]: 8725
[18:25:52]: 8677
[18:25:52]: 8653
[18:25:52]: 8661
[18:25:53]: 8657
[18:25:53]: 8698
[18:25:53]: 8731
[18:25:54]: 8743
[18:25:54]: 8762
[18:25:54]: 8771
[18:25:55]: 8772
[18:25:55]: 8780
[18:25:55]: 8782
[18:25:56]: 8772
[18:25:56]: 8779
[18:25:56]: 8788
[18:25:57]: 8782
[18:25:57]: 8781
[18:25:57]: 8799
[18:25:57]: 8795
[18:25:58]: 8793
[18:25:58]: 8796
[18:25:58]: 8798
[18:25:59]: 8787
[18:25:59]: 8808
[18:25:59]: 8799
[18:26:00]: 8802
[18:26:00]: 8788
[18:26:00]: 8794
[18:26:01]: 8795
[18:26:01]: 8791
[18:26:01]: 8788
[18:26:01]: 8786
[18:26:02]: 8774
[18:26:02]: 8788
[18:26:02]: 8796
[18:26:03]: 8784
[18:26:03]: 8778
[18:26:03]: 8787
[18:26:04]: 8782
[18:26:04]: 8785
 Close valve V24
 Close valve LRW2
[18:26:04]: CIRCLE H+
 Open valve LR1
[18:26:04]: 8797
[18:26:05]: 9521
[18:26:05]: 9527
[18:26:05]: 9528
[18:26:06]: 9524
[18:26:06]: 9520
[18:26:06]: 9516
[18:26:07]: 9513
[18:26:07]: 9509
[18:26:07]: 9506
[18:26:08]: 9502
[18:26:08]: 9499
[18:26:08]: 9496
[18:26:08]: 9495
[18:26:09]: 9493
[18:26:09]: 9491
[18:26:09]: 9489
[18:26:10]: 9489
[18:26:10]: 9488
[18:26:10]: 9486
[18:26:11]: 9486
[18:26:11]: 9485
[18:26:11]: 9484
[18:26:12]: 9483
[18:26:12]: 9482
[18:26:12]: 9482
[18:26:13]: 9480
[18:26:13]: 9479
[18:26:13]: 9478
[18:26:14]: 9479
[18:26:14]: 9479
[18:26:14]: 9477
[18:26:14]: 9477
[18:26:15]: 9476
[18:26:15]: 9476
[18:26:15]: 9476
[18:26:16]: 9475
[18:26:16]: 9475
[18:26:16]: 9474
[18:26:17]: 9474
[18:26:17]: 9472
[18:26:17]: 9472
[18:26:18]: 9472
[18:26:18]: 9472
[18:26:18]: 9471
[18:26:19]: 9470
[18:26:19]: 9471
[18:26:19]: 9471
[18:26:20]: 9471
[18:26:20]: 9470
[18:26:20]: 9470
[18:26:21]: 9470
[18:26:21]: 9468
[18:26:21]: 9468
[18:26:22]: 9467
[18:26:22]: 9467
[18:26:22]: 9468
[18:26:22]: 9467
[18:26:23]: 9467
[18:26:23]: 9466
 Close valve LR1
[18:26:23]: W2 OH-
 Open valve LRW2
 Open valve V24
[18:26:24]: 9449
[18:26:24]: 9450
[18:26:24]: 9446
[18:26:25]: 9445
[18:26:25]: 9445
[18:26:25]: 9426
[18:26:26]: 9423
[18:26:26]: 9435
[18:26:26]: 8745
[18:26:26]: 9430
[18:26:27]: 9411
[18:26:27]: 9398
[18:26:27]: 9392
[18:26:28]: 9404
[18:26:28]: 9406
[18:26:28]: 9386
[18:26:29]: 9390
[18:26:29]: 9368
[18:26:29]: 9379
[18:26:30]: 9371
[18:26:30]: 9341
[18:26:30]: 9073
[18:26:31]: 8856
[18:26:31]: 8681
[18:26:31]: 8660
[18:26:32]: 8645
[18:26:32]: 8636
[18:26:32]: 8668
[18:26:32]: 8668
[18:26:33]: 8660
[18:26:33]: 8696
[18:26:33]: 8718
[18:26:34]: 8724
[18:26:34]: 8721
[18:26:34]: 8720
[18:26:35]: 8743
[18:26:35]: 8751
[18:26:35]: 8750
[18:26:36]: 8751
[18:26:36]: 8743
[18:26:36]: 8748
[18:26:37]: 8769
[18:26:37]: 8770
[18:26:37]: 8754
[18:26:38]: 8757
[18:26:38]: 8763
[18:26:38]: 8760
[18:26:39]: 8780
[18:26:39]: 8779
[18:26:39]: 8778
[18:26:39]: 8779
[18:26:40]: 8796
[18:26:40]: 8787
[18:26:40]: 8790
[18:26:41]: 8791
[18:26:41]: 8798
[18:26:41]: 8786
[18:26:42]: 8787
[18:26:42]: 8793
[18:26:42]: 8801
 Close valve V24
 Close valve LRW2
[18:26:42]: CROSS H+
 Open valve LR2
[18:26:43]: 8923
[18:26:43]: 9471
[18:26:43]: 9520
[18:26:44]: 9520
[18:26:44]: 9516
[18:26:44]: 9513
[18:26:45]: 9508
[18:26:45]: 9505
[18:26:45]: 9501
[18:26:46]: 9497
[18:26:46]: 9493
[18:26:46]: 9490
[18:26:46]: 9490
[18:26:47]: 9488
[18:26:47]: 9485
[18:26:47]: 9484
[18:26:48]: 9483
[18:26:48]: 9481
[18:26:48]: 9480
[18:26:49]: 9481
[18:26:49]: 9479
[18:26:49]: 9479
[18:26:50]: 9477
[18:26:50]: 9476
[18:26:50]: 9476
[18:26:51]: 9475
[18:26:51]: 9476
[18:26:51]: 9475
[18:26:52]: 9475
[18:26:52]: 9474
[18:26:52]: 9473
[18:26:52]: 9474
[18:26:53]: 9474
[18:26:53]: 9473
[18:26:53]: 9471
[18:26:54]: 9471
[18:26:54]: 9471
[18:26:54]: 9471
[18:26:55]: 9470
[18:26:55]: 9471
[18:26:55]: 9471
[18:26:56]: 9469
[18:26:56]: 9469
[18:26:56]: 9469
[18:26:57]: 9469
[18:26:57]: 9468
[18:26:57]: 9467
[18:26:58]: 9468
[18:26:58]: 9468
[18:26:58]: 9468
[18:26:59]: 9466
[18:26:59]: 9467
[18:26:59]: 9467
[18:27:00]: 9465
[18:27:00]: 9465
[18:27:00]: 9465
[18:27:01]: 9466
[18:27:01]: 9465
[18:27:01]: 9465
[18:27:02]: 9464
 Close valve LR2
[18:27:02]: W2 OH-
 Open valve LRW2
 Open valve V24
[18:27:02]: 9450
[18:27:02]: 9445
[18:27:03]: 9443
[18:27:03]: 9442
[18:27:03]: 9439
[18:27:04]: 9434
[18:27:04]: 9418
[18:27:04]: 9413
[18:27:05]: 9417
[18:27:05]: 9416
[18:27:05]: 9419
[18:27:06]: 9403
[18:27:06]: 9404
[18:27:06]: 9404
[18:27:07]: 9376
[18:27:07]: 8746
[18:27:07]: 8639
[18:27:07]: 9412
[18:27:08]: 9370
[18:27:08]: 9333
[18:27:08]: 9328
[18:27:09]: 9277
[18:27:09]: 8726
[18:27:09]: 8894
[18:27:10]: 8670
[18:27:10]: 8626
[18:27:10]: 8629
[18:27:11]: 8649
[18:27:11]: 8651
[18:27:11]: 8665
[18:27:11]: 8688
[18:27:12]: 8700
[18:27:12]: 8690
[18:27:12]: 8705
[18:27:13]: 8706
[18:27:13]: 8727
[18:27:13]: 8709
[18:27:14]: 8719
[18:27:14]: 8729
[18:27:14]: 8722
[18:27:15]: 8739
[18:27:15]: 8744
[18:27:15]: 8727
[18:27:15]: 8736
[18:27:16]: 8745
[18:27:16]: 8738
[18:27:16]: 8752
[18:27:17]: 8748
[18:27:17]: 8753
[18:27:17]: 8743
[18:27:18]: 8753
[18:27:18]: 8746
[18:27:18]: 8757
[18:27:19]: 8779
[18:27:19]: 8778
[18:27:19]: 8769
[18:27:20]: 8776
[18:27:20]: 8774
[18:27:20]: 8770
[18:27:20]: 8770
 Close valve V24
 Close valve LRW2
[18:27:21]: SQUARE H+
 Open valve LR3
[18:27:21]: 8728
[18:27:21]: 9488
[18:27:22]: 9514
[18:27:22]: 9510
[18:27:22]: 9505
[18:27:23]: 9502
[18:27:23]: 9497
[18:27:23]: 9491
[18:27:24]: 9488
[18:27:24]: 9487
[18:27:24]: 9484
[18:27:24]: 9481
[18:27:25]: 9481
[18:27:25]: 9478
[18:27:25]: 9477
[18:27:26]: 9475
[18:27:26]: 9475
[18:27:26]: 9474
[18:27:27]: 9473
[18:27:27]: 9471
[18:27:27]: 9471
[18:27:28]: 9471
[18:27:28]: 9469
[18:27:28]: 9469
[18:27:28]: 9468
[18:27:29]: 9469
[18:27:29]: 9468
[18:27:29]: 9466
[18:27:30]: 9466
[18:27:30]: 9466
[18:27:30]: 9466
[18:27:31]: 9466
[18:27:31]: 9465
[18:27:31]: 9464
[18:27:32]: 9464
[18:27:32]: 9464
[18:27:32]: 9463
[18:27:33]: 9464
[18:27:33]: 9463
[18:27:33]: 9463
[18:27:34]: 9463
[18:27:34]: 9463
[18:27:34]: 9461
[18:27:35]: 9460
[18:27:35]: 9461
[18:27:35]: 9461
[18:27:36]: 9461
[18:27:36]: 9460
[18:27:36]: 9461
[18:27:36]: 9459
[18:27:37]: 9459
[18:27:37]: 9459
[18:27:37]: 9460
[18:27:38]: 9459
[18:27:38]: 9458
[18:27:38]: 9458
[18:27:39]: 9458
[18:27:39]: 9457
[18:27:39]: 9457
[18:27:40]: 9459
 Close valve LR3
[18:27:40]: W2 OH-
 Open valve LRW2
 Open valve V24
[18:27:40]: 9443
[18:27:41]: 9437
[18:27:41]: 9435
[18:27:41]: 9433
[18:27:41]: 9428
[18:27:42]: 9420
[18:27:42]: 9408
[18:27:42]: 9416
[18:27:43]: 9419
[18:27:43]: 9419
[18:27:43]: 9406
[18:27:44]: 9402
[18:27:44]: 9391
[18:27:44]: 9382
[18:27:45]: 9392
[18:27:45]: 9375
[18:27:45]: 9371
[18:27:45]: 9370
[18:27:46]: 9333
[18:27:46]: 8744
[18:27:46]: 9383
[18:27:47]: 9377
[18:27:47]: 9358
[18:27:47]: 9361
[18:27:48]: 9299
[18:27:48]: 9264
[18:27:48]: 9248
[18:27:49]: 8661
[18:27:49]: 8635
[18:27:49]: 8645
[18:27:50]: 8661
[18:27:50]: 8653
[18:27:50]: 8678
[18:27:51]: 8700
[18:27:51]: 8697
[18:27:51]: 8697
[18:27:52]: 8682
[18:27:52]: 8700
[18:27:52]: 8719
[18:27:53]: 8738
[18:27:53]: 8755
[18:27:53]: 8751
[18:27:54]: 8746
[18:27:54]: 8743
[18:27:54]: 8757
[18:27:55]: 8762
[18:27:55]: 8757
[18:27:55]: 8762
[18:27:56]: 8772
[18:27:56]: 8777
[18:27:56]: 8774
[18:27:57]: 8765
[18:27:57]: 8772
[18:27:57]: 8772
[18:27:57]: 8767
[18:27:58]: 8769
[18:27:58]: 8773
[18:27:59]: 8783
[18:27:59]: 8777
[18:27:59]: 8773
 Close valve V24
 Close valve LRW2
[18:27:59]: PLUS H+
 Open valve LR4
[18:28:00]: 8809
[18:28:00]: 8801
[18:28:00]: 8804
[18:28:01]: 8772
[18:28:01]: 8780
[18:28:01]: 8785
[18:28:02]: 8783
[18:28:02]: 8786
[18:28:02]: 8793
[18:28:03]: 8789
[18:28:03]: 8793
[18:28:03]: 8795
[18:28:03]: 8792
[18:28:04]: 8786
[18:28:04]: 8784
[18:28:04]: 8785
[18:28:05]: 8782
[18:28:05]: 8794
[18:28:05]: 8782
[18:28:06]: 8786
[18:28:06]: 8789
[18:28:06]: 8785
[18:28:07]: 8783
[18:28:07]: 8793
[18:28:07]: 8784
[18:28:07]: 8796
[18:28:08]: 8784
[18:28:08]: 8790
[18:28:08]: 8792
[18:28:09]: 8788
[18:28:09]: 8786
[18:28:09]: 8797
[18:28:10]: 8794
[18:28:10]: 8796
[18:28:10]: 8796
[18:28:11]: 8788
[18:28:11]: 8787
[18:28:11]: 8790
[18:28:12]: 8795
[18:28:12]: 8799
[18:28:12]: 8789
[18:28:12]: 8792
[18:28:13]: 8796
[18:28:13]: 8792
[18:28:13]: 8800
[18:28:14]: 8792
[18:28:14]: 8797
[18:28:14]: 8801
[18:28:15]: 8792
[18:28:15]: 8802
[18:28:15]: 8799
[18:28:16]: 8795
[18:28:16]: 8792
[18:28:16]: 8799
[18:28:17]: 8798
[18:28:17]: 8803
[18:28:17]: 8794
[18:28:17]: 8805
[18:28:18]: 8794
[18:28:18]: 8805
 Close valve LR4
[18:28:18]: W2 OH-
 Open valve LRW2
 Open valve V24
[18:28:19]: 8796
[18:28:19]: 9488
[18:28:19]: 9475
[18:28:19]: 9447
[18:28:20]: 9431
[18:28:20]: 9412
[18:28:20]: 8982
[18:28:21]: 8692
[18:28:21]: 8674
[18:28:21]: 8696
[18:28:22]: 8668
[18:28:22]: 8663
[18:28:22]: 8672
[18:28:23]: 8704
[18:28:23]: 8715
[18:28:23]: 8744
[18:28:23]: 8749
[18:28:24]: 8756
[18:28:24]: 8780
[18:28:24]: 8779
[18:28:25]: 8775
[18:28:25]: 8774
[18:28:25]: 8787
[18:28:26]: 8761
[18:28:26]: 8766
[18:28:26]: 8770
[18:28:27]: 8775
[18:28:27]: 8784
[18:28:27]: 8771
[18:28:27]: 8791
[18:28:28]: 8776
[18:28:28]: 8795
[18:28:28]: 8790
[18:28:29]: 8784
[18:28:29]: 8791
[18:28:29]: 8794
[18:28:30]: 8789
[18:28:30]: 8783
[18:28:30]: 8790
[18:28:31]: 8797
[18:28:31]: 8780
[18:28:31]: 8796
[18:28:31]: 8782
[18:28:32]: 8789
[18:28:32]: 8789
[18:28:32]: 8786
[18:28:33]: 8801
[18:28:33]: 8788
[18:28:33]: 8803
[18:28:34]: 8803
[18:28:34]: 8809
[18:28:34]: 8794
[18:28:35]: 8790
[18:28:35]: 8797
[18:28:35]: 8807
[18:28:35]: 8795
[18:28:36]: 8795
[18:28:36]: 8805
[18:28:36]: 8799
[18:28:37]: 8805
 Close valve V24
 Close valve LRW2
[18:28:37]: CIRCLE H+
 Open valve LR1
[18:28:37]: 8743
[18:28:38]: 9537
[18:28:38]: 9538
[18:28:38]: 9534
[18:28:38]: 9531
[18:28:39]: 9527
[18:28:39]: 9520
[18:28:39]: 9519
[18:28:40]: 9515
[18:28:40]: 9511
[18:28:40]: 9508
[18:28:41]: 9506
[18:28:41]: 9504
[18:28:41]: 9501
[18:28:42]: 9500
[18:28:42]: 9497
[18:28:42]: 9496
[18:28:43]: 9495
[18:28:43]: 9494
[18:28:43]: 9493
[18:28:43]: 9491
[18:28:44]: 9492
[18:28:44]: 9489
[18:28:44]: 9488
[18:28:45]: 9489
[18:28:45]: 9487
[18:28:45]: 9487
[18:28:46]: 9485
[18:28:46]: 9484
[18:28:46]: 9483
[18:28:47]: 9482
[18:28:47]: 9481
[18:28:47]: 9482
[18:28:47]: 9479
[18:28:48]: 9481
[18:28:48]: 9480
[18:28:48]: 9479
[18:28:49]: 9478
[18:28:49]: 9477
[18:28:49]: 9477
[18:28:50]: 9477
[18:28:50]: 9477
[18:28:50]: 9474
[18:28:51]: 9474
[18:28:51]: 9473
[18:28:51]: 9473
[18:28:52]: 9473
[18:28:52]: 9472
[18:28:52]: 9472
[18:28:52]: 9471
[18:28:53]: 9470
[18:28:53]: 9471
[18:28:53]: 9469
[18:28:54]: 9471
[18:28:54]: 9470
[18:28:54]: 9470
[18:28:55]: 9469
[18:28:55]: 9468
[18:28:55]: 9467
[18:28:56]: 9467
 Close valve LR1
[18:28:56]: W2 OH-
 Open valve LRW2
 Open valve V24
[18:28:56]: 9451
[18:28:56]: 9439
[18:28:57]: 9439
[18:28:57]: 9427
[18:28:57]: 9433
[18:28:58]: 9430
[18:28:58]: 9412
[18:28:58]: 9412
[18:28:59]: 9401
[18:28:59]: 9398
[18:28:59]: 9395
[18:29:00]: 9400
[18:29:00]: 9383
[18:29:00]: 9390
[18:29:01]: 9386
[18:29:01]: 9377
[18:29:01]: 9363
[18:29:02]: 9368
[18:29:02]: 9355
[18:29:02]: 9308
[18:29:03]: 8664
[18:29:03]: 8657
[18:29:03]: 8638
[18:29:03]: 8656
[18:29:04]: 8647
[18:29:04]: 8667
[18:29:04]: 8669
[18:29:05]: 8700
[18:29:05]: 8697
[18:29:05]: 8708
[18:29:06]: 8732
[18:29:06]: 8732
[18:29:06]: 8720
[18:29:07]: 8744
[18:29:07]: 8731
[18:29:07]: 8754
[18:29:08]: 8734
[18:29:08]: 8751
[18:29:08]: 8739
[18:29:08]: 8741
[18:29:09]: 8754
[18:29:09]: 8753
[18:29:09]: 8758
[18:29:10]: 8750
[18:29:10]: 8750
[18:29:10]: 8755
[18:29:11]: 8765
[18:29:11]: 8759
[18:29:11]: 8764
[18:29:11]: 8755
[18:29:12]: 8754
[18:29:12]: 8759
[18:29:12]: 8770
[18:29:13]: 8775
[18:29:13]: 8773
[18:29:13]: 8762
[18:29:14]: 8771
[18:29:14]: 8765
[18:29:14]: 8762
[18:29:15]: 8779
 Close valve V24
 Close valve LRW2
[18:29:15]: CROSS H+
 Open valve LR2
[18:29:15]: 8760
[18:29:15]: 9506
[18:29:16]: 9512
[18:29:16]: 9508
[18:29:16]: 9506
[18:29:17]: 9501
[18:29:17]: 9497
[18:29:17]: 9495
[18:29:18]: 9491
[18:29:18]: 9486
[18:29:18]: 9483
[18:29:18]: 9481
[18:29:19]: 9479
[18:29:19]: 9475
[18:29:19]: 9475
[18:29:20]: 9472
[18:29:20]: 9471
[18:29:20]: 9469
[18:29:21]: 9469
[18:29:21]: 9466
[18:29:21]: 9465
[18:29:22]: 9466
[18:29:22]: 9465
[18:29:22]: 9465
[18:29:22]: 9463
[18:29:23]: 9463
[18:29:23]: 9462
[18:29:23]: 9462
[18:29:24]: 9460
[18:29:24]: 9460
[18:29:24]: 9459
[18:29:25]: 9459
[18:29:25]: 9459
[18:29:25]: 9458
[18:29:26]: 9458
[18:29:26]: 9457
[18:29:26]: 9457
[18:29:27]: 9457
[18:29:27]: 9455
[18:29:27]: 9455
[18:29:28]: 9455
[18:29:28]: 9455
[18:29:28]: 9455
[18:29:28]: 9454
[18:29:29]: 9453
[18:29:29]: 9453
[18:29:29]: 9452
[18:29:30]: 9454
[18:29:30]: 9453
[18:29:30]: 9453
[18:29:31]: 9452
[18:29:31]: 9452
[18:29:31]: 9451
[18:29:32]: 9452
[18:29:32]: 9452
[18:29:32]: 9450
[18:29:32]: 9450
[18:29:33]: 9451
[18:29:33]: 9450
[18:29:33]: 9451
 Close valve LR2
[18:29:33]: W2 OH-
 Open valve LRW2
 Open valve V24
[18:29:34]: 9430
[18:29:34]: 9423
[18:29:34]: 9424
[18:29:35]: 9414
[18:29:35]: 9426
[18:29:35]: 9417
[18:29:36]: 9399
[18:29:36]: 9398
[18:29:36]: 9394
[18:29:37]: 9384
[18:29:37]: 9394
[18:29:37]: 9406
[18:29:38]: 9394
[18:29:38]: 9395
[18:29:38]: 9382
[18:29:38]: 9369
[18:29:39]: 9347
[18:29:39]: 9290
[18:29:39]: 8665
[18:29:40]: 8633
[18:29:40]: 8622
[18:29:40]: 8626
[18:29:41]: 8646
[18:29:41]: 8640
[18:29:41]: 8657
[18:29:41]: 8663
[18:29:42]: 8692
[18:29:42]: 8687
[18:29:42]: 8705
[18:29:43]: 8710
[18:29:43]: 8726
[18:29:43]: 8710
[18:29:44]: 8716
[18:29:44]: 8728
[18:29:44]: 8740
[18:29:45]: 8744
[18:29:45]: 8739
[18:29:45]: 8735
[18:29:46]: 8752
[18:29:46]: 8758
[18:29:46]: 8740
[18:29:47]: 8757
[18:29:47]: 8760
[18:29:47]: 8747
[18:29:47]: 8763
[18:29:48]: 8762
[18:29:48]: 8749
[18:29:48]: 8760
[18:29:49]: 8754
[18:29:49]: 8751
[18:29:49]: 8754
[18:29:50]: 8767
[18:29:50]: 8761
[18:29:50]: 8765
[18:29:51]: 8773
[18:29:51]: 8769
[18:29:51]: 8762
[18:29:51]: 8759
[18:29:52]: 8774
[18:29:52]: 8758
 Close valve V24
 Close valve LRW2
[18:29:52]: SQUARE H+
 Open valve LR3
[18:29:53]: 9288
[18:29:53]: 9502
[18:29:53]: 9506
[18:29:54]: 9503
[18:29:54]: 9498
[18:29:54]: 9492
[18:29:55]: 9489
[18:29:55]: 9483
[18:29:55]: 9479
[18:29:56]: 9476
[18:29:56]: 9474
[18:29:56]: 9472
[18:29:57]: 9469
[18:29:57]: 9467
[18:29:57]: 9465
[18:29:57]: 9465
[18:29:58]: 9464
[18:29:58]: 9462
[18:29:58]: 9461
[18:29:59]: 9460
[18:29:59]: 9458
[18:29:59]: 9457
[18:30:00]: 9458
[18:30:00]: 9457
[18:30:00]: 9456
[18:30:01]: 9456
[18:30:01]: 9455
[18:30:01]: 9454
[18:30:02]: 9455
[18:30:02]: 9454
[18:30:02]: 9454
[18:30:03]: 9454
[18:30:03]: 9453
[18:30:03]: 9452
[18:30:04]: 9451
[18:30:04]: 9453
[18:30:04]: 9452
[18:30:04]: 9452
[18:30:05]: 9451
[18:30:05]: 9450
[18:30:05]: 9451
[18:30:06]: 9450
[18:30:06]: 9451
[18:30:06]: 9450
[18:30:07]: 9451
[18:30:07]: 9449
[18:30:07]: 9449
[18:30:08]: 9449
[18:30:08]: 9449
[18:30:08]: 9449
[18:30:09]: 9448
[18:30:09]: 9449
[18:30:09]: 9449
[18:30:10]: 9447
[18:30:10]: 9447
[18:30:10]: 9448
[18:30:10]: 9448
[18:30:11]: 9448
[18:30:11]: 9447
[18:30:11]: 9447
 Close valve LR3
[18:30:11]: W2 OH-
 Open valve LRW2
 Open valve V24
[18:30:12]: 9433
[18:30:12]: 9420
[18:30:12]: 9420
[18:30:13]: 9419
[18:30:13]: 9417
[18:30:13]: 9416
[18:30:14]: 9409
[18:30:14]: 9399
[18:30:14]: 9398
[18:30:15]: 9385
[18:30:15]: 9373
[18:30:15]: 9365
[18:30:15]: 8668
[18:30:16]: 9289
[18:30:16]: 8677
[18:30:16]: 8618
[18:30:17]: 8628
[18:30:17]: 9353
[18:30:17]: 9363
[18:30:18]: 9369
[18:30:18]: 9370
[18:30:18]: 9344
[18:30:19]: 9333
[18:30:19]: 9276
[18:30:19]: 8702
[18:30:20]: 8647
[18:30:20]: 8637
[18:30:20]: 8609
[18:30:21]: 8628
[18:30:21]: 8636
[18:30:21]: 8660
[18:30:22]: 8688
[18:30:22]: 8708
[18:30:22]: 8706
[18:30:22]: 8722
[18:30:23]: 8718
[18:30:23]: 8734
[18:30:23]: 8739
[18:30:24]: 8723
[18:30:24]: 8732
[18:30:24]: 8747
[18:30:25]: 8738
[18:30:25]: 8738
[18:30:25]: 8735
[18:30:26]: 8755
[18:30:26]: 8740
[18:30:26]: 8747
[18:30:26]: 8742
[18:30:27]: 8758
[18:30:27]: 8743
[18:30:27]: 8745
[18:30:28]: 8759
[18:30:28]: 8753
[18:30:28]: 8749
[18:30:29]: 8767
[18:30:29]: 8749
[18:30:29]: 8752
[18:30:30]: 8764
[18:30:30]: 8758
[18:30:30]: 8751
 Close valve V24
 Close valve LRW2
[18:30:30]: PLUS H+
 Open valve LR4
[18:30:31]: 8744
[18:30:31]: 9491
[18:30:31]: 9492
[18:30:32]: 9491
[18:30:32]: 9488
[18:30:32]: 9485
[18:30:32]: 9482
[18:30:33]: 9480
[18:30:33]: 9476
[18:30:33]: 9474
[18:30:34]: 9470
[18:30:34]: 9467
[18:30:34]: 9465
[18:30:35]: 9461
[18:30:35]: 9459
[18:30:35]: 9458
[18:30:36]: 9455
[18:30:36]: 9453
[18:30:36]: 9452
[18:30:37]: 9452
[18:30:37]: 9450
[18:30:37]: 9451
[18:30:38]: 9450
[18:30:38]: 9448
[18:30:38]: 9448
[18:30:38]: 9447
[18:30:39]: 9448
[18:30:39]: 9447
[18:30:39]: 9445
[18:30:40]: 9446
[18:30:40]: 9446
[18:30:40]: 9444
[18:30:41]: 9444
[18:30:41]: 9444
[18:30:41]: 9444
[18:30:41]: 9443
[18:30:42]: 9444
[18:30:42]: 9444
[18:30:42]: 9442
[18:30:43]: 9442
[18:30:43]: 9443
[18:30:43]: 9441
[18:30:44]: 9442
[18:30:44]: 9442
[18:30:44]: 9442
[18:30:45]: 9442
[18:30:45]: 9441
[18:30:45]: 9441
[18:30:46]: 9440
[18:30:46]: 9440
[18:30:46]: 9440
[18:30:47]: 9439
[18:30:47]: 9440
[18:30:47]: 9440
[18:30:48]: 9440
[18:30:48]: 9440
[18:30:48]: 9440
[18:30:49]: 9439
[18:30:49]: 9439
[18:30:49]: 9439
 Close valve LR4
[18:30:49]: W2 OH-
 Open valve LRW2
 Open valve V24
[18:30:50]: 9425
[18:30:50]: 9414
[18:30:50]: 9413
[18:30:51]: 9411
[18:30:51]: 9407
[18:30:51]: 9404
[18:30:51]: 9416
[18:30:52]: 9388
[18:30:52]: 9387
[18:30:52]: 9387
[18:30:53]: 9368
[18:30:53]: 9362
[18:30:53]: 9350
[18:30:54]: 9340
[18:30:54]: 8698
[18:30:54]: 8826
[18:30:55]: 8628
[18:30:55]: 8624
[18:30:55]: 8632
[18:30:55]: 8642
[18:30:56]: 8620
[18:30:56]: 8629
[18:30:56]: 8653
[18:30:57]: 8679
[18:30:57]: 8693
[18:30:57]: 8695
[18:30:58]: 8697
[18:30:58]: 8715
[18:30:58]: 8710
[18:30:59]: 8701
[18:30:59]: 8713
[18:30:59]: 8720
[18:31:00]: 8726
[18:31:00]: 8724
[18:31:00]: 8723
[18:31:00]: 8725
[18:31:01]: 8736
[18:31:01]: 8728
[18:31:01]: 8750
[18:31:02]: 8744
[18:31:02]: 8738
[18:31:02]: 8733
[18:31:03]: 8754
[18:31:03]: 8746
[18:31:03]: 8760
[18:31:04]: 8739
[18:31:04]: 8744
[18:31:04]: 8741
[18:31:05]: 8745
[18:31:05]: 8758
[18:31:05]: 8764
[18:31:06]: 8762
[18:31:06]: 8744
[18:31:06]: 8757
[18:31:07]: 8748
[18:31:07]: 8761
[18:31:07]: 8766
[18:31:08]: 8768
[18:31:08]: 8762
[18:31:08]: 8756
 Close valve V24
 Close valve LRW2
[18:31:08]: CIRCLE H+
 Open valve LR1
[18:31:09]: 8723
[18:31:09]: 9489
[18:31:09]: 9493
[18:31:10]: 9490
[18:31:10]: 9486
[18:31:10]: 9482
[18:31:10]: 9478
[18:31:11]: 9474
[18:31:11]: 9470
[18:31:11]: 9468
[18:31:12]: 9465
[18:31:12]: 9462
[18:31:12]: 9460
[18:31:13]: 9456
[18:31:13]: 9455
[18:31:13]: 9453
[18:31:14]: 9450
[18:31:14]: 9449
[18:31:14]: 9449
[18:31:15]: 9446
[18:31:15]: 9447
[18:31:15]: 9445
[18:31:15]: 9445
[18:31:16]: 9443
[18:31:16]: 9443
[18:31:16]: 9443
[18:31:17]: 9442
[18:31:17]: 9442
[18:31:17]: 9442
[18:31:18]: 9440
[18:31:18]: 9440
[18:31:18]: 9439
[18:31:19]: 9439
[18:31:19]: 9439
[18:31:19]: 9439
[18:31:19]: 9438
[18:31:20]: 9438
[18:31:20]: 9438
[18:31:20]: 9437
[18:31:21]: 9436
[18:31:21]: 9436
[18:31:21]: 9436
[18:31:22]: 9437
[18:31:22]: 9435
[18:31:22]: 9435
[18:31:23]: 9435
[18:31:23]: 9436
[18:31:23]: 9436
[18:31:23]: 9434
[18:31:24]: 9436
[18:31:24]: 9434
[18:31:24]: 9434
[18:31:25]: 9435
[18:31:25]: 9435
[18:31:25]: 9435
[18:31:26]: 9434
[18:31:26]: 9433
[18:31:26]: 9433
[18:31:27]: 9434
[18:31:27]: 9433
 Close valve LR1
[18:31:27]: W2 OH-
 Open valve LRW2
 Open valve V24
[18:31:27]: 9417
[18:31:28]: 9410
[18:31:28]: 9410
[18:31:28]: 9408
[18:31:29]: 9402
[18:31:29]: 9397
[18:31:29]: 9396
[18:31:30]: 9384
[18:31:30]: 9389
[18:31:30]: 9389
[18:31:31]: 9372
[18:31:31]: 9369
[18:31:31]: 9357
[18:31:32]: 9362
[18:31:32]: 9304
[18:31:32]: 9102
[18:31:32]: 8656
[18:31:33]: 8627
[18:31:33]: 8636
[18:31:33]: 8643
[18:31:34]: 8613
[18:31:34]: 8629
[18:31:34]: 8626
[18:31:35]: 8630
[18:31:35]: 8652
[18:31:35]: 8681
[18:31:36]: 8683
[18:31:36]: 8698
[18:31:36]: 8697
[18:31:36]: 8721
[18:31:37]: 8704
[18:31:37]: 8710
[18:31:37]: 8726
[18:31:38]: 8725
[18:31:38]: 8729
[18:31:38]: 8734
[18:31:39]: 8743
[18:31:39]: 8733
[18:31:39]: 8736
[18:31:39]: 8731
[18:31:40]: 8750
[18:31:40]: 8748
[18:31:40]: 8737
[18:31:41]: 8748
[18:31:41]: 8742
[18:31:41]: 8755
[18:31:42]: 8739
[18:31:42]: 8741
[18:31:42]: 8757
[18:31:42]: 8744
[18:31:43]: 8754
[18:31:43]: 8756
[18:31:43]: 8751
[18:31:44]: 8762
[18:31:44]: 8765
[18:31:44]: 8760
[18:31:45]: 8756
[18:31:45]: 8762
[18:31:45]: 8767
[18:31:46]: 8751
 Close valve V24
 Close valve LRW2
[18:31:46]: CROSS H+
 Open valve LR2
[18:31:46]: 8752
[18:31:46]: 9499
[18:31:47]: 9489
[18:31:47]: 9487
[18:31:47]: 9483
[18:31:48]: 9480
[18:31:48]: 9476
[18:31:48]: 9472
[18:31:49]: 9469
[18:31:49]: 9465
[18:31:49]: 9461
[18:31:50]: 9459
[18:31:50]: 9457
[18:31:50]: 9454
[18:31:50]: 9453
[18:31:51]: 9451
[18:31:51]: 9449
[18:31:51]: 9447
[18:31:52]: 9445
[18:31:52]: 9444
[18:31:52]: 9443
[18:31:53]: 9442
[18:31:53]: 9442
[18:31:53]: 9441
[18:31:54]: 9440
[18:31:54]: 9440
[18:31:54]: 9438
[18:31:55]: 9437
[18:31:55]: 9437
[18:31:55]: 9437
[18:31:55]: 9436
[18:31:56]: 9436
[18:31:56]: 9436
[18:31:56]: 9436
[18:31:57]: 9434
[18:31:57]: 9433
[18:31:57]: 9433
[18:31:58]: 9434
[18:31:58]: 9433
[18:31:58]: 9434
[18:31:59]: 9433
[18:31:59]: 9432
[18:31:59]: 9433
[18:31:59]: 9432
[18:32:00]: 9432
[18:32:00]: 9432
[18:32:00]: 9431
[18:32:01]: 9432
[18:32:01]: 9431
[18:32:01]: 9431
[18:32:02]: 9430
[18:32:02]: 9430
[18:32:02]: 9431
[18:32:03]: 9430
[18:32:03]: 9429
[18:32:03]: 9430
[18:32:04]: 9429
[18:32:04]: 9429
[18:32:04]: 9429
[18:32:04]: 9429
 Close valve LR2
[18:32:05]: W2 OH-
 Open valve LRW2
 Open valve V24
[18:32:05]: 9406
[18:32:05]: 9404
[18:32:06]: 9394
[18:32:06]: 9403
[18:32:06]: 9399
[18:32:07]: 9395
[18:32:07]: 9396
[18:32:07]: 9380
[18:32:07]: 9382
[18:32:08]: 9381
[18:32:08]: 9362
[18:32:08]: 9351
[18:32:09]: 9358
[18:32:09]: 9330
[18:32:09]: 9323
[18:32:10]: 9308
[18:32:10]: 8735
[18:32:10]: 8640
[18:32:11]: 8655
[18:32:11]: 8609
[18:32:11]: 8611
[18:32:11]: 8632
[18:32:12]: 8624
[18:32:12]: 8635
[18:32:12]: 8657
[18:32:13]: 8662
[18:32:13]: 8690
[18:32:13]: 8685
[18:32:14]: 8709
[18:32:14]: 8703
[18:32:14]: 8701
[18:32:15]: 8709
[18:32:15]: 8728
[18:32:15]: 8729
[18:32:16]: 8712
[18:32:16]: 8734
[18:32:16]: 8729
[18:32:16]: 8723
[18:32:17]: 8746
[18:32:17]: 8726
[18:32:17]: 8737
[18:32:18]: 8745
[18:32:18]: 8757
[18:32:18]: 8756
[18:32:19]: 8745
[18:32:19]: 8749
[18:32:19]: 8744
[18:32:20]: 8744
[18:32:20]: 8760
[18:32:20]: 8754
[18:32:20]: 8750
[18:32:21]: 8753
[18:32:21]: 8757
[18:32:21]: 8768
[18:32:22]: 8764
[18:32:22]: 8756
[18:32:22]: 8759
[18:32:23]: 8749
[18:32:23]: 8767
[18:32:23]: 8758
 Close valve V24
 Close valve LRW2
[18:32:23]: SQUARE H+
 Open valve LR3
[18:32:24]: 8726
[18:32:24]: 9482
[18:32:24]: 9486
[18:32:25]: 9483
[18:32:25]: 9479
[18:32:25]: 9474
[18:32:26]: 9472
[18:32:26]: 9468
[18:32:26]: 9463
[18:32:27]: 9460
[18:32:27]: 9457
[18:32:27]: 9454
[18:32:28]: 9451
[18:32:28]: 9449
[18:32:28]: 9447
[18:32:28]: 9445
[18:32:29]: 9444
[18:32:29]: 9443
[18:32:29]: 9442
[18:32:30]: 9441
[18:32:30]: 9440
[18:32:30]: 9439
[18:32:31]: 9438
[18:32:31]: 9436
[18:32:31]: 9437
[18:32:32]: 9436
[18:32:32]: 9434
[18:32:32]: 9434
[18:32:33]: 9434
[18:32:33]: 9433
[18:32:33]: 9433
[18:32:33]: 9433
[18:32:34]: 9431
[18:32:34]: 9431
[18:32:34]: 9430
[18:32:35]: 9430
[18:32:35]: 9430
[18:32:35]: 9429
[18:32:36]: 9430
[18:32:36]: 9429
[18:32:36]: 9428
[18:32:37]: 9429
[18:32:37]: 9428
[18:32:37]: 9428
[18:32:37]: 9427
[18:32:38]: 9427
[18:32:38]: 9428
[18:32:38]: 9427
[18:32:39]: 9427
[18:32:39]: 9428
[18:32:39]: 9428
[18:32:40]: 9427
[18:32:40]: 9426
[18:32:40]: 9427
[18:32:41]: 9426
[18:32:41]: 9426
[18:32:41]: 9425
[18:32:42]: 9426
[18:32:42]: 9425
[18:32:42]: 9426
 Close valve LR3
[18:32:42]: W2 OH-
 Open valve LRW2
 Open valve V24
[18:32:43]: 9425
[18:32:43]: 9401
[18:32:43]: 9401
[18:32:44]: 9400
[18:32:44]: 9400
[18:32:44]: 9429
[18:32:44]: 9382
[18:32:45]: 9387
[18:32:45]: 9374
[18:32:45]: 9376
[18:32:46]: 9376
[18:32:46]: 9367
[18:32:46]: 9349
[18:32:47]: 9358
[18:32:47]: 9335
[18:32:47]: 9302
[18:32:48]: 9295
[18:32:48]: 9221
[18:32:48]: 8630
[18:32:48]: 8614
[18:32:49]: 8628
[18:32:49]: 8616
[18:32:49]: 8637
[18:32:50]: 8623
[18:32:50]: 8633
[18:32:50]: 8672
[18:32:51]: 8673
[18:32:51]: 8682
[18:32:51]: 8705
[18:32:52]: 8682
[18:32:52]: 8693
[18:32:52]: 8711
[18:32:52]: 8726
[18:32:53]: 8706
[18:32:53]: 8711
[18:32:53]: 8725
[18:32:54]: 8721
[18:32:54]: 8717
[18:32:54]: 8720
[18:32:55]: 8734
[18:32:55]: 8731
[18:32:55]: 8722
[18:32:56]: 8746
[18:32:56]: 8742
[18:32:56]: 8734
[18:32:57]: 8733
[18:32:57]: 8738
[18:32:57]: 8750
[18:32:57]: 8740
[18:32:58]: 8758
[18:32:58]: 8758
[18:32:58]: 8750
[18:32:59]: 8751
[18:32:59]: 8747
[18:32:59]: 8744
[18:33:00]: 8764
[18:33:00]: 8757
[18:33:00]: 8752
[18:33:01]: 8761
[18:33:01]: 8766
 Close valve V24
 Close valve LRW2
[18:33:01]: PLUS H+
 Open valve LR4
[18:33:01]: 8789
[18:33:02]: 9482
[18:33:02]: 9483
[18:33:02]: 9479
[18:33:03]: 9474
[18:33:03]: 9470
[18:33:03]: 9468
[18:33:04]: 9464
[18:33:04]: 9459
[18:33:04]: 9457
[18:33:05]: 9454
[18:33:05]: 9450
[18:33:05]: 9449
[18:33:05]: 9446
[18:33:06]: 9444
[18:33:06]: 9443
[18:33:06]: 9441
[18:33:07]: 9439
[18:33:07]: 9439
[18:33:07]: 9438
[18:33:08]: 9435
[18:33:08]: 9435
[18:33:08]: 9435
[18:33:09]: 9434
[18:33:09]: 9432
[18:33:09]: 9431
[18:33:09]: 9431
[18:33:10]: 9431
[18:33:10]: 9431
[18:33:10]: 9429
[18:33:11]: 9428
[18:33:11]: 9429
[18:33:11]: 9429
[18:33:12]: 9428
[18:33:12]: 9427
[18:33:12]: 9427
[18:33:13]: 9426
[18:33:13]: 9426
[18:33:13]: 9427
[18:33:14]: 9425
[18:33:14]: 9425
[18:33:14]: 9425
[18:33:15]: 9424
[18:33:15]: 9425
[18:33:15]: 9425
[18:33:15]: 9425
[18:33:16]: 9423
[18:33:16]: 9424
[18:33:16]: 9424
[18:33:17]: 9423
[18:33:17]: 9423
[18:33:17]: 9424
[18:33:18]: 9424
[18:33:18]: 9424
[18:33:18]: 9423
[18:33:19]: 9423
[18:33:19]: 9423
[18:33:19]: 9423
[18:33:20]: 9422
[18:33:20]: 9422
 Close valve LR4
[18:33:20]: W2 OH-
 Open valve LRW2
 Open valve V24
[18:33:20]: 9400
[18:33:21]: 9395
[18:33:21]: 9396
[18:33:21]: 9394
[18:33:22]: 9390
[18:33:22]: 9404
[18:33:22]: 9383
[18:33:23]: 9384
[18:33:23]: 9367
[18:33:23]: 9377
[18:33:23]: 9368
[18:33:24]: 9353
[18:33:24]: 9348
[18:33:24]: 9333
[18:33:25]: 9290
[18:33:25]: 8723
[18:33:25]: 8623
[18:33:26]: 8610
[18:33:26]: 8612
[18:33:26]: 8611
[18:33:27]: 8612
[18:33:27]: 8629
[18:33:27]: 8649
[18:33:27]: 8630
[18:33:28]: 8674
[18:33:28]: 8678
[18:33:28]: 8671
[18:33:29]: 8699
[18:33:29]: 8692
[18:33:29]: 8693
[18:33:30]: 8716
[18:33:30]: 8717
[18:33:30]: 8724
[18:33:31]: 8718
[18:33:31]: 8734
[18:33:31]: 8714
[18:33:31]: 8727
[18:33:32]: 8728
[18:33:32]: 8724
[18:33:32]: 8722
[18:33:33]: 8744
[18:33:33]: 8736
[18:33:33]: 8747
[18:33:34]: 8735
[18:33:34]: 8733
[18:33:34]: 8752
[18:33:35]: 8751
[18:33:35]: 8757
[18:33:35]: 8739
[18:33:35]: 8744
[18:33:36]: 8749
[18:33:36]: 8742
[18:33:36]: 8747
[18:33:37]: 8742
[18:33:37]: 8762
[18:33:37]: 8759
[18:33:38]: 8750
[18:33:38]: 8756
[18:33:38]: 8750
[18:33:39]: 8748
 Close valve V24
 Close valve LRW2
[18:33:39]: CIRCLE H+
 Open valve LR1
[18:33:39]: 8797
[18:33:39]: 9489
[18:33:40]: 9480
[18:33:40]: 9475
[18:33:40]: 9471
[18:33:41]: 9466
[18:33:41]: 9461
[18:33:41]: 9457
[18:33:42]: 9453
[18:33:42]: 9449
[18:33:42]: 9446
[18:33:43]: 9443
[18:33:43]: 9443
[18:33:43]: 9439
[18:33:44]: 9438
[18:33:44]: 9436
[18:33:44]: 9435
[18:33:44]: 9434
[18:33:45]: 9433
[18:33:45]: 9432
[18:33:45]: 9430
[18:33:46]: 9429
[18:33:46]: 9430
[18:33:46]: 9429
[18:33:47]: 9428
[18:33:47]: 9426
[18:33:47]: 9426
[18:33:48]: 9426
[18:33:48]: 9425
[18:33:48]: 9424
[18:33:48]: 9423
[18:33:49]: 9424
[18:33:49]: 9424
[18:33:49]: 9423
[18:33:50]: 9423
[18:33:50]: 9422
[18:33:50]: 9422
[18:33:51]: 9421
[18:33:51]: 9422
[18:33:51]: 9420
[18:33:52]: 9421
[18:33:52]: 9420
[18:33:52]: 9419
[18:33:53]: 9420
[18:33:53]: 9420
[18:33:53]: 9420
[18:33:53]: 9419
[18:33:54]: 9420
[18:33:54]: 9418
[18:33:54]: 9418
[18:33:55]: 9418
[18:33:55]: 9419
[18:33:55]: 9419
[18:33:56]: 9418
[18:33:56]: 9418
[18:33:56]: 9418
[18:33:57]: 9417
[18:33:57]: 9418
[18:33:57]: 9418
[18:33:57]: 9417
 Close valve LR1
[18:33:57]: W2 OH-
 Open valve LRW2
 Open valve V24
[18:33:58]: 9402
[18:33:58]: 9390
[18:33:59]: 9394
[18:33:59]: 9394
[18:33:59]: 9386
[18:33:59]: 9383
[18:34:00]: 9377
[18:34:00]: 9368
[18:34:00]: 9377
[18:34:01]: 9367
[18:34:01]: 9367
[18:34:01]: 9344
[18:34:02]: 9355
[18:34:02]: 9344
[18:34:02]: 9303
[18:34:03]: 9100
[18:34:03]: 8677
[18:34:03]: 8614
[18:34:04]: 8601
[18:34:04]: 8636
[18:34:04]: 8635
[18:34:04]: 8622
[18:34:05]: 8647
[18:34:05]: 8649
[18:34:05]: 8683
[18:34:06]: 8680
[18:34:06]: 8691
[18:34:06]: 8690
[18:34:07]: 8692
[18:34:07]: 8719
[18:34:07]: 8701
[18:34:07]: 8725
[18:34:08]: 8713
[18:34:08]: 8717
[18:34:08]: 8731
[18:34:09]: 8712
[18:34:09]: 8734
[18:34:09]: 8729
[18:34:10]: 8726
[18:34:10]: 8737
[18:34:10]: 8724
[18:34:11]: 8740
[18:34:11]: 8744
[18:34:11]: 8727
[18:34:12]: 8747
[18:34:12]: 8731
[18:34:12]: 8739
[18:34:12]: 8750
[18:34:13]: 8751
[18:34:13]: 8735
[18:34:13]: 8745
[18:34:14]: 8742
[18:34:14]: 8756
[18:34:14]: 8747
[18:34:15]: 8742
[18:34:15]: 8739
[18:34:15]: 8756
[18:34:16]: 8742
[18:34:16]: 8756
[18:34:16]: 8750
 Close valve V24
 Close valve LRW2
[18:34:16]: CROSS H+
 Open valve LR2
[18:34:17]: 8762
[18:34:17]: 9476
[18:34:17]: 9472
[18:34:18]: 9471
[18:34:18]: 9466
[18:34:18]: 9461
[18:34:19]: 9458
[18:34:19]: 9452
[18:34:19]: 9448
[18:34:19]: 9447
[18:34:20]: 9443
[18:34:20]: 9441
[18:34:20]: 9439
[18:34:21]: 9438
[18:34:21]: 9436
[18:34:21]: 9435
[18:34:22]: 9433
[18:34:22]: 9432
[18:34:22]: 9432
[18:34:23]: 9431
[18:34:23]: 9428
[18:34:23]: 9428
[18:34:24]: 9428
[18:34:24]: 9427
[18:34:24]: 9425
[18:34:24]: 9425
[18:34:25]: 9425
[18:34:25]: 9423
[18:34:25]: 9422
[18:34:26]: 9422
[18:34:26]: 9423
[18:34:26]: 9422
[18:34:27]: 9421
[18:34:27]: 9421
[18:34:27]: 9420
[18:34:28]: 9419
[18:34:28]: 9420
[18:34:28]: 9420
[18:34:28]: 9419
[18:34:29]: 9418
[18:34:29]: 9418
[18:34:29]: 9418
[18:34:30]: 9418
[18:34:30]: 9418
[18:34:30]: 9417
[18:34:31]: 9416
[18:34:31]: 9416
[18:34:31]: 9416
[18:34:32]: 9416
[18:34:32]: 9416
[18:34:32]: 9416
[18:34:33]: 9416
[18:34:33]: 9415
[18:34:33]: 9414
[18:34:33]: 9414
[18:34:34]: 9415
[18:34:34]: 9414
[18:34:34]: 9414
[18:34:35]: 9415
[18:34:35]: 9415
 Close valve LR2
[18:34:35]: W2 OH-
 Open valve LRW2
 Open valve V24
[18:34:36]: 9399
[18:34:36]: 9388
[18:34:36]: 9388
[18:34:37]: 9387
[18:34:37]: 9384
[18:34:37]: 9379
[18:34:38]: 9372
[18:34:38]: 9377
[18:34:38]: 9375
[18:34:38]: 9360
[18:34:39]: 9354
[18:34:39]: 9348
[18:34:39]: 9333
[18:34:40]: 9348
[18:34:40]: 9309
[18:34:40]: 9248
[18:34:41]: 9097
[18:34:41]: 8913
[18:34:41]: 8617
[18:34:42]: 8613
[18:34:42]: 8606
[18:34:42]: 8606
[18:34:42]: 8625
[18:34:43]: 8642
[18:34:43]: 8637
[18:34:43]: 8668
[18:34:44]: 8663
[18:34:44]: 8674
[18:34:44]: 8701
[18:34:45]: 8702
[18:34:45]: 8713
[18:34:45]: 8709
[18:34:46]: 8712
[18:34:46]: 8728
[18:34:46]: 8708
[18:34:47]: 8716
[18:34:47]: 8727
[18:34:47]: 8721
[18:34:47]: 8735
[18:34:48]: 8722
[18:34:48]: 8722
[18:34:48]: 8740
[18:34:49]: 8743
[18:34:49]: 8728
[18:34:49]: 8727
[18:34:50]: 8743
[18:34:50]: 8730
[18:34:50]: 8742
[18:34:51]: 8735
[18:34:51]: 8748
[18:34:51]: 8750
[18:34:51]: 8734
[18:34:52]: 8748
[18:34:52]: 8741
[18:34:52]: 8745
[18:34:53]: 8757
[18:34:53]: 8751
[18:34:53]: 8744
[18:34:54]: 8734
[18:34:54]: 8753
 Close valve V24
 Close valve LRW2
[18:34:54]: SQUARE H+
 Open valve LR3
[18:34:55]: 9158
[18:34:55]: 9473
[18:34:55]: 9473
[18:34:55]: 9469
[18:34:56]: 9463
[18:34:56]: 9459
[18:34:56]: 9456
[18:34:57]: 9451
[18:34:57]: 9447
[18:34:57]: 9443
[18:34:58]: 9441
[18:34:58]: 9438
[18:34:58]: 9436
[18:34:59]: 9434
[18:34:59]: 9431
[18:34:59]: 9430
[18:35:00]: 9428
[18:35:00]: 9428
[18:35:00]: 9425
[18:35:01]: 9425
[18:35:01]: 9424
[18:35:01]: 9423
[18:35:02]: 9422
[18:35:02]: 9422
[18:35:02]: 9420
[18:35:03]: 9419
[18:35:03]: 9418
[18:35:03]: 9419
[18:35:04]: 9418
[18:35:04]: 9418
[18:35:04]: 9417
[18:35:05]: 9416
[18:35:05]: 9415
[18:35:05]: 9416

