 Close valve HP_IN
 Close valve HP_OUT
 Close valve L1_OUT
 Close valve L2_OUT
 Close valve L3_OUT
 Close valve L_HP
 Close valve LR1
 Close valve LR2
 Close valve LR3
 Close valve LR4
 Close valve LRW2
 Close valve LWASTE
 Close valve R1_4
 Close valve V21
 Close valve V24
 Close valve V4
 Close valve VH
 Close valve W1
 Close valve W2
 Close valve W3
 Open valve HP_IN
 Open valve W2
 Open valve R1_4
 Open valve V21
[15:58:31]: Forward liquid flow activated
[15:58:31]: AIR
 Open valve HP_OUT
 Open valve L_HP
 Open valve V24
 Open valve V21
 Open valve V4
 Close valve V4
 Close valve V21
 Close valve V24
 Close valve L_HP
 Close valve HP_OUT
[15:59:02]: Pump W2
 Open valve LRW2
 Open valve V24
 Open valve V4
 Open valve L2_OUT
 Close valve L2_OUT
 Close valve V4
 Close valve V24
 Close valve LRW2
[15:59:32]: Loop start
[15:59:32]: W2 OH-
 Open valve LRW2
 Open valve V24
[15:59:32]: 8751
[15:59:33]: 8746
[15:59:33]: 8739
[15:59:33]: 8736
[15:59:34]: 8734
[15:59:34]: 8733
[15:59:34]: 8734
[15:59:35]: 8733
[15:59:35]: 8734
[15:59:35]: 8733
[15:59:36]: 8733
[15:59:36]: 8734
[15:59:36]: 8735
[15:59:37]: 8734
[15:59:37]: 8732
[15:59:37]: 8733
[15:59:38]: 8734
[15:59:38]: 8733
[15:59:38]: 8733
[15:59:38]: 8733
[15:59:39]: 8733
[15:59:39]: 8734
[15:59:39]: 8734
[15:59:40]: 8731
[15:59:40]: 8730
[15:59:40]: 8731
[15:59:41]: 8731
[15:59:41]: 8730
[15:59:41]: 8730
[15:59:42]: 8730
[15:59:42]: 8729
[15:59:42]: 8730
[15:59:43]: 8728
[15:59:43]: 8728
[15:59:43]: 8731
[15:59:43]: 8741
[15:59:44]: 8752
[15:59:44]: 8753
[15:59:44]: 8761
[15:59:45]: 8769
[15:59:45]: 8771
[15:59:45]: 8775
[15:59:46]: 8779
[15:59:46]: 8783
[15:59:46]: 8785
[15:59:47]: 8786
[15:59:47]: 8790
[15:59:47]: 8791
[15:59:48]: 8792
[15:59:48]: 8795
[15:59:48]: 8797
[15:59:48]: 8798
[15:59:49]: 8797
[15:59:49]: 8799
[15:59:49]: 8802
[15:59:50]: 8803
[15:59:50]: 8803
[15:59:50]: 8804
[15:59:51]: 8807
[15:59:51]: 8809
 Close valve V24
 Close valve LRW2
[15:59:51]: CIRCLE H+
 Open valve LR1
[15:59:52]: 8807
[15:59:52]: 9443
[15:59:52]: 9424
[15:59:53]: 9421
[15:59:53]: 9422
[15:59:53]: 9424
[15:59:54]: 9421
[15:59:54]: 9421
[15:59:54]: 9423
[15:59:55]: 9420
[15:59:55]: 9419
[15:59:55]: 9417
[15:59:56]: 9415
[15:59:56]: 9418
[15:59:56]: 9416
[15:59:56]: 9411
[15:59:57]: 9412
[15:59:57]: 9413
[15:59:57]: 9413
[15:59:58]: 9411
[15:59:58]: 9409
[15:59:58]: 9410
[15:59:59]: 9411
[15:59:59]: 9410
[15:59:59]: 9408
[16:00:00]: 9406
[16:00:00]: 9404
[16:00:00]: 9404
[16:00:01]: 9405
[16:00:01]: 9403
[16:00:01]: 9402
[16:00:02]: 9400
[16:00:02]: 9401
[16:00:02]: 9403
[16:00:02]: 9403
[16:00:03]: 9399
[16:00:03]: 9402
[16:00:03]: 9401
[16:00:04]: 9399
[16:00:04]: 9401
[16:00:04]: 9401
[16:00:05]: 9400
[16:00:05]: 9396
[16:00:05]: 9397
[16:00:06]: 9397
[16:00:06]: 9395
[16:00:06]: 9396
[16:00:06]: 9394
[16:00:07]: 9394
[16:00:07]: 9395
[16:00:07]: 9394
[16:00:08]: 9392
[16:00:08]: 9391
[16:00:08]: 9396
[16:00:09]: 9394
[16:00:09]: 9392
[16:00:09]: 9393
[16:00:10]: 9391
[16:00:10]: 9392
[16:00:10]: 9391
 Close valve LR1
[16:00:10]: W2 OH-
 Open valve LRW2
 Open valve V24
[16:00:11]: 9393
[16:00:11]: 9362
[16:00:11]: 9343
[16:00:12]: 9331
[16:00:12]: 9315
[16:00:12]: 8800
[16:00:13]: 8694
[16:00:13]: 8682
[16:00:13]: 8673
[16:00:14]: 8669
[16:00:14]: 8678
[16:00:14]: 8684
[16:00:15]: 8687
[16:00:15]: 8700
[16:00:15]: 8712
[16:00:16]: 8725
[16:00:16]: 8738
[16:00:16]: 8745
[16:00:17]: 8768
[16:00:17]: 8772
[16:00:17]: 8782
[16:00:18]: 8796
[16:00:18]: 8801
[16:00:18]: 8809
[16:00:18]: 8819
[16:00:19]: 8823
[16:00:19]: 8825
[16:00:19]: 8828
[16:00:20]: 8834
[16:00:20]: 8842
[16:00:20]: 8843
[16:00:21]: 8844
[16:00:21]: 8847
[16:00:21]: 8853
[16:00:22]: 8858
[16:00:22]: 8862
[16:00:22]: 8863
[16:00:23]: 8860
[16:00:23]: 8865
[16:00:23]: 8869
[16:00:24]: 8870
[16:00:24]: 8870
[16:00:24]: 8872
[16:00:24]: 8877
[16:00:25]: 8879
[16:00:25]: 8873
[16:00:25]: 8878
[16:00:26]: 8882
[16:00:26]: 8885
[16:00:26]: 8886
[16:00:27]: 8885
[16:00:27]: 8888
[16:00:27]: 8885
[16:00:28]: 8889
[16:00:28]: 8894
[16:00:28]: 8896
[16:00:29]: 8895
[16:00:29]: 8895
[16:00:29]: 8901
[16:00:30]: 8900
 Close valve V24
 Close valve LRW2
[16:00:30]: CROSS H+
 Open valve LR2
[16:00:30]: 8885
[16:00:30]: 9486
[16:00:31]: 9444
[16:00:31]: 9436
[16:00:31]: 9430
[16:00:32]: 9428
[16:00:32]: 9426
[16:00:32]: 9424
[16:00:33]: 9420
[16:00:33]: 9419
[16:00:33]: 9417
[16:00:34]: 9415
[16:00:34]: 9412
[16:00:34]: 9411
[16:00:35]: 9410
[16:00:35]: 9409
[16:00:35]: 9409
[16:00:36]: 9407
[16:00:36]: 9409
[16:00:36]: 9405
[16:00:37]: 9406
[16:00:37]: 9404
[16:00:37]: 9403
[16:00:38]: 9402
[16:00:38]: 9403
[16:00:38]: 9403
[16:00:39]: 9403
[16:00:39]: 9401
[16:00:39]: 9399
[16:00:40]: 9400
[16:00:40]: 9399
[16:00:40]: 9399
[16:00:41]: 9398
[16:00:41]: 9395
[16:00:41]: 9398
[16:00:41]: 9397
[16:00:42]: 9395
[16:00:42]: 9395
[16:00:42]: 9393
[16:00:43]: 9393
[16:00:43]: 9394
[16:00:43]: 9394
[16:00:44]: 9390
[16:00:44]: 9390
[16:00:44]: 9391
[16:00:45]: 9390
[16:00:45]: 9391
[16:00:45]: 9389
[16:00:46]: 9390
[16:00:46]: 9391
[16:00:46]: 9390
[16:00:47]: 9389
[16:00:47]: 9388
[16:00:47]: 9388
[16:00:48]: 9388
[16:00:48]: 9386
[16:00:48]: 9387
[16:00:48]: 9388
[16:00:49]: 9388
[16:00:49]: 9387
 Close valve LR2
[16:00:49]: W2 OH-
 Open valve LRW2
 Open valve V24
[16:00:50]: 9375
[16:00:50]: 9357
[16:00:50]: 9345
[16:00:51]: 9330
[16:00:51]: 9318
[16:00:51]: 9142
[16:00:52]: 8710
[16:00:52]: 8683
[16:00:52]: 8676
[16:00:53]: 8682
[16:00:53]: 8680
[16:00:53]: 8674
[16:00:54]: 8674
[16:00:54]: 8683
[16:00:54]: 8699
[16:00:54]: 8706
[16:00:55]: 8726
[16:00:55]: 8747
[16:00:55]: 8766
[16:00:56]: 8782
[16:00:56]: 8794
[16:00:56]: 8812
[16:00:57]: 8819
[16:00:57]: 8822
[16:00:57]: 8834
[16:00:58]: 8848
[16:00:58]: 8852
[16:00:58]: 8861
[16:00:59]: 8867
[16:00:59]: 8872
[16:00:59]: 8876
[16:00:59]: 8885
[16:01:00]: 8890
[16:01:00]: 8887
[16:01:00]: 8893
[16:01:01]: 8899
[16:01:01]: 8903
[16:01:01]: 8905
[16:01:02]: 8906
[16:01:02]: 8907
[16:01:02]: 8910
[16:01:03]: 8914
[16:01:03]: 8919
[16:01:03]: 8918
[16:01:04]: 8923
[16:01:04]: 8921
[16:01:04]: 8924
[16:01:05]: 8926
[16:01:05]: 8926
[16:01:05]: 8927
[16:01:06]: 8930
[16:01:06]: 8934
[16:01:06]: 8931
[16:01:07]: 8936
[16:01:07]: 8939
[16:01:07]: 8940
[16:01:08]: 8940
[16:01:08]: 8941
[16:01:08]: 8940
[16:01:08]: 8940
 Close valve V24
 Close valve LRW2
[16:01:09]: SQUARE H+
 Open valve LR3
[16:01:09]: 9089
[16:01:09]: 9487
[16:01:10]: 9453
[16:01:10]: 9440
[16:01:10]: 9435
[16:01:11]: 9431
[16:01:11]: 9429
[16:01:11]: 9427
[16:01:12]: 9424
[16:01:12]: 9420
[16:01:12]: 9421
[16:01:12]: 9418
[16:01:13]: 9416
[16:01:13]: 9416
[16:01:13]: 9414
[16:01:14]: 9414
[16:01:14]: 9410
[16:01:14]: 9411
[16:01:15]: 9411
[16:01:15]: 9408
[16:01:15]: 9407
[16:01:16]: 9407
[16:01:16]: 9405
[16:01:16]: 9403
[16:01:17]: 9403
[16:01:17]: 9405
[16:01:17]: 9403
[16:01:18]: 9402
[16:01:18]: 9402
[16:01:18]: 9400
[16:01:19]: 9400
[16:01:19]: 9398
[16:01:19]: 9400
[16:01:19]: 9400
[16:01:20]: 9398
[16:01:20]: 9397
[16:01:20]: 9397
[16:01:21]: 9397
[16:01:21]: 9395
[16:01:21]: 9394
[16:01:22]: 9393
[16:01:22]: 9393
[16:01:22]: 9394
[16:01:23]: 9394
[16:01:23]: 9392
[16:01:23]: 9392
[16:01:24]: 9393
[16:01:24]: 9393
[16:01:24]: 9391
[16:01:25]: 9390
[16:01:25]: 9391
[16:01:25]: 9390
[16:01:25]: 9389
[16:01:26]: 9389
[16:01:26]: 9389
[16:01:26]: 9388
[16:01:27]: 9387
[16:01:27]: 9389
[16:01:27]: 9388
[16:01:28]: 9387
 Close valve LR3
[16:01:28]: W2 OH-
 Open valve LRW2
 Open valve V24
[16:01:28]: 9387
[16:01:28]: 9362
[16:01:29]: 9351
[16:01:29]: 9329
[16:01:29]: 9315
[16:01:30]: 9267
[16:01:30]: 8720
[16:01:30]: 8688
[16:01:31]: 8679
[16:01:31]: 8669
[16:01:31]: 8672
[16:01:32]: 8683
[16:01:32]: 8686
[16:01:32]: 8698
[16:01:33]: 8721
[16:01:33]: 8736
[16:01:33]: 8748
[16:01:33]: 8774
[16:01:34]: 8796
[16:01:34]: 8812
[16:01:34]: 8830
[16:01:35]: 8838
[16:01:35]: 8854
[16:01:35]: 8861
[16:01:36]: 8870
[16:01:36]: 8879
[16:01:36]: 8891
[16:01:37]: 8897
[16:01:37]: 8901
[16:01:37]: 8907
[16:01:38]: 8915
[16:01:38]: 8915
[16:01:38]: 8923
[16:01:39]: 8928
[16:01:39]: 8929
[16:01:39]: 8933
[16:01:40]: 8934
[16:01:40]: 8934
[16:01:40]: 8937
[16:01:41]: 8944
[16:01:41]: 8942
[16:01:41]: 8945
[16:01:42]: 8952
[16:01:42]: 8952
[16:01:42]: 8952
[16:01:43]: 8952
[16:01:43]: 8957
[16:01:43]: 8959
[16:01:44]: 8959
[16:01:44]: 8963
[16:01:44]: 8959
[16:01:45]: 8961
[16:01:45]: 8965
[16:01:46]: 8968
[16:01:46]: 8969

