 Close valve HP_IN
 Close valve HP_OUT
 Close valve L1_OUT
 Close valve L2_OUT
 Close valve L3_OUT
 Close valve L_HP
 Close valve LR1
 Close valve LR2
 Close valve LR3
 Close valve LR4
 Close valve LRW2
 Close valve LWASTE
 Close valve R1_4
 Close valve V21
 Close valve V24
 Close valve V4
 Close valve VH
 Close valve W1
 Close valve W2
 Close valve W3
[16:39:33]: Activate forward liquid flow
 Open valve HP_IN
 Open valve W2
 Open valve R1_4
 Open valve V21
[16:39:33]: Forward liquid flow activated
[16:39:33]: Air blow start
 Open valve HP_OUT
 Open valve L_HP
 Open valve V24
 Close valve V24
 Close valve L_HP
 Close valve HP_OUT
[16:40:33]: Air blow finish
[16:40:33]: Flow W2 start
 Open valve W2
 Open valve LRW2
 Open valve V24
 Close valve V24
 Close valve LRW2
[16:41:33]: Flow W2 finished
 Open valve W2
[16:41:33]: Loop start
 Open valve LRW2
 Open valve V24
[16:41:33]: H20 at W2
[16:41:34]: 9636
[16:41:34]: 10205
[16:41:34]: 10278
[16:41:35]: 10258
[16:41:35]: 10245
[16:41:35]: 10228
[16:41:36]: 10244
[16:41:36]: 10235
[16:41:36]: 10218
[16:41:37]: 10223
[16:41:37]: 10160
[16:41:37]: 10133
[16:41:38]: 10080
[16:41:38]: 10081
[16:41:38]: 10095
[16:41:39]: 10070
[16:41:39]: 10080
[16:41:39]: 10084
[16:41:40]: 10088
[16:41:40]: 10038
[16:41:40]: 10039
[16:41:41]: 10048
[16:41:41]: 10022
[16:41:41]: 10001
[16:41:41]: 10051
[16:41:42]: 10036
[16:41:42]: 10069
[16:41:42]: 10068
[16:41:43]: 9995
[16:41:43]: 9900
[16:41:43]: 9887
[16:41:44]: 9929
[16:41:44]: 9937
[16:41:44]: 9985
[16:41:45]: 10006
[16:41:45]: 10007
[16:41:45]: 9994
[16:41:45]: 9985
[16:41:46]: 9986
[16:41:46]: 9971
[16:41:46]: 9909
[16:41:47]: 9974
[16:41:47]: 9939
[16:41:47]: 9999
[16:41:48]: 10013
[16:41:48]: 10005
[16:41:48]: 9988
[16:41:49]: 9961
[16:41:49]: 9961
[16:41:49]: 9963
[16:41:50]: 9959
[16:41:50]: 9953
[16:41:50]: 9948
[16:41:50]: 9947
[16:41:51]: 9948
[16:41:51]: 9944
[16:41:51]: 9944
[16:41:52]: 9943
[16:41:52]: 9942
[16:41:53]: 9942
[16:41:53]: 9939
[16:41:53]: 9941
[16:41:53]: 9937
[16:41:54]: 9937
[16:41:54]: 9937
[16:41:55]: 9941
[16:41:55]: 9934
[16:41:55]: 9935
[16:41:56]: 9931
[16:41:56]: 9932
[16:41:56]: 9932
[16:41:56]: 9933
[16:41:57]: 9934
[16:41:57]: 9940
[16:41:57]: 9944
[16:41:58]: 9941
[16:41:58]: 9935
[16:41:58]: 9932
[16:41:59]: 9934
[16:41:59]: 9938
[16:41:59]: 9937
[16:42:00]: 9947
[16:42:00]: 9943
[16:42:00]: 9939
[16:42:01]: 9938
[16:42:01]: 9933
[16:42:01]: 9937
[16:42:01]: 9940
[16:42:02]: 9943
[16:42:02]: 9936
[16:42:02]: 9934
[16:42:03]: 9931
[16:42:03]: 9929
[16:42:03]: 9924
[16:42:04]: 9924
[16:42:04]: 9925
[16:42:04]: 9923
[16:42:05]: 9923
[16:42:05]: 9934
[16:42:05]: 9931
[16:42:06]: 9926
[16:42:06]: 9923
[16:42:06]: 9919
[16:42:07]: 9917
[16:42:07]: 9941
[16:42:07]: 9934
[16:42:07]: 9920
[16:42:08]: 9917
[16:42:08]: 9915
[16:42:08]: 9914
[16:42:09]: 9912
[16:42:09]: 9915
[16:42:09]: 9918
[16:42:10]: 9912
[16:42:10]: 9912
[16:42:10]: 9911
[16:42:11]: 9910
[16:42:11]: 9908
[16:42:11]: 9929
[16:42:12]: 9938
[16:42:12]: 9934
[16:42:12]: 9928
[16:42:13]: 9918
[16:42:13]: 9915
[16:42:13]: 9913
[16:42:14]: 9913
[16:42:14]: 9909
[16:42:14]: 9904
[16:42:14]: 9905
[16:42:15]: 9912
[16:42:15]: 9919
[16:42:15]: 9921
[16:42:16]: 9922
[16:42:16]: 9933
[16:42:16]: 9925
[16:42:17]: 9913
[16:42:17]: 9908
[16:42:17]: 9904
[16:42:18]: 9901
[16:42:18]: 9910
[16:42:18]: 9907
[16:42:19]: 9902
[16:42:19]: 9898
[16:42:19]: 9896
[16:42:20]: 9890
[16:42:20]: 9890
[16:42:20]: 9892
[16:42:20]: 9892
[16:42:21]: 9889
[16:42:21]: 9886
 Close valve V24
 Close valve LRW2
 Open valve LR1
[16:42:22]: pH 7.55 at LR1
[16:42:22]: 9168
[16:42:23]: 9198
[16:42:23]: 9262
[16:42:23]: 9288
[16:42:24]: 9312
[16:42:24]: 9323
[16:42:24]: 9337
[16:42:25]: 9346
[16:42:25]: 9357
[16:42:25]: 9364
[16:42:26]: 9373
[16:42:26]: 9379
[16:42:26]: 9388
[16:42:27]: 9394
[16:42:27]: 9402
[16:42:27]: 9407
[16:42:28]: 9416
[16:42:28]: 9422
[16:42:28]: 9430
[16:42:29]: 9439
[16:42:29]: 9446
[16:42:29]: 9454
[16:42:30]: 9463
[16:42:30]: 9469
[16:42:30]: 9477
[16:42:31]: 9487
[16:42:31]: 9493
[16:42:31]: 9501
[16:42:32]: 9511
[16:42:32]: 9519
[16:42:32]: 9525
[16:42:33]: 9535
[16:42:33]: 9541
[16:42:33]: 9551
[16:42:34]: 9561
[16:42:34]: 9567
[16:42:34]: 9573
[16:42:35]: 9581
[16:42:35]: 9592
[16:42:35]: 9600
[16:42:36]: 9606
[16:42:36]: 9616
[16:42:36]: 9624
[16:42:37]: 9630
[16:42:37]: 9640
[16:42:37]: 9646
[16:42:38]: 9654
[16:42:38]: 9659
[16:42:38]: 9670
[16:42:39]: 9675
[16:42:39]: 9682
[16:42:39]: 9689
[16:42:39]: 9699
[16:42:40]: 9705
[16:42:40]: 9711
[16:42:40]: 9718
[16:42:41]: 9723
[16:42:41]: 9733
[16:42:41]: 9740
[16:42:42]: 9746
[16:42:42]: 9756
[16:42:42]: 9761
[16:42:43]: 9768
[16:42:43]: 9777
[16:42:44]: 9783
[16:42:44]: 9793
[16:42:44]: 9799
[16:42:45]: 9804
[16:42:45]: 9814
[16:42:45]: 9819
[16:42:46]: 9825
[16:42:46]: 9834
[16:42:46]: 9840
[16:42:47]: 9850
[16:42:47]: 9855
[16:42:47]: 9864
[16:42:48]: 9869
[16:42:48]: 9874
[16:42:49]: 9884
[16:42:49]: 9889
[16:42:49]: 9898
[16:42:50]: 9903
[16:42:50]: 9912
[16:42:50]: 9917
[16:42:51]: 9922
[16:42:51]: 9931
[16:42:51]: 9935
[16:42:52]: 9940
[16:42:52]: 9949
[16:42:52]: 9953
[16:42:53]: 9962
[16:42:53]: 9967
[16:42:53]: 9970
[16:42:54]: 9975
[16:42:54]: 9984
[16:42:54]: 9988
[16:42:55]: 9992
[16:42:55]: 9996
[16:42:55]: 10005
[16:42:56]: 10009
[16:42:56]: 10013
[16:42:56]: 10017
[16:42:57]: 10026
[16:42:57]: 10029
[16:42:57]: 10033
[16:42:58]: 10042
[16:42:58]: 10045
[16:42:58]: 10049
[16:42:59]: 10058
[16:42:59]: 10062
[16:42:59]: 10065
[16:43:00]: 10068
[16:43:00]: 10078
[16:43:00]: 10080
[16:43:01]: 10084
[16:43:01]: 10093
[16:43:01]: 10095
[16:43:02]: 10099
[16:43:02]: 10108
[16:43:02]: 10111
[16:43:03]: 10113
[16:43:03]: 10117
[16:43:03]: 10126
[16:43:04]: 10130
[16:43:04]: 10131
[16:43:04]: 10140
[16:43:05]: 10142
[16:43:05]: 10145
[16:43:05]: 10155
[16:43:06]: 10158
[16:43:06]: 10160
[16:43:06]: 10169
[16:43:07]: 10172
[16:43:07]: 10176
[16:43:07]: 10177
[16:43:08]: 10187
[16:43:08]: 10190
[16:43:08]: 10192
[16:43:09]: 10201
[16:43:09]: 10202
[16:43:09]: 10206
[16:43:10]: 10215
[16:43:10]: 10218
[16:43:10]: 10219
[16:43:11]: 10228
[16:43:11]: 10231
[16:43:11]: 10233
[16:43:12]: 10234
[16:43:12]: 10236
[16:43:12]: 10245
 Close valve LR1
 Open valve LRW2
 Open valve V24
[16:43:13]: H20 at W2
[16:43:14]: 10260
[16:43:14]: 10271
[16:43:14]: 10282
[16:43:15]: 10292
[16:43:15]: 10303
[16:43:15]: 10321
[16:43:16]: 10328
[16:43:16]: 10331
[16:43:16]: 10334
[16:43:17]: 10343
[16:43:17]: 10344
[16:43:17]: 10346
[16:43:17]: 10349
[16:43:18]: 10360
[16:43:18]: 10363
[16:43:18]: 10367
[16:43:19]: 10362
[16:43:19]: 10365
[16:43:19]: 10371
[16:43:20]: 10372
[16:43:20]: 10366
[16:43:20]: 10367
[16:43:21]: 10367
[16:43:21]: 10361
[16:43:21]: 10362
[16:43:22]: 10367
[16:43:22]: 10360
[16:43:22]: 10360
[16:43:23]: 10354
[16:43:23]: 10358
[16:43:23]: 10363
[16:43:24]: 10369
[16:43:24]: 10364
[16:43:24]: 10372
[16:43:25]: 10376
[16:43:25]: 10384
[16:43:25]: 10375
[16:43:26]: 10381
[16:43:26]: 10382
[16:43:26]: 10375
[16:43:27]: 10367
[16:43:27]: 10361
[16:43:27]: 10359
[16:43:28]: 10360
[16:43:28]: 10366
[16:43:28]: 10361
[16:43:28]: 10384
[16:43:29]: 10372
[16:43:29]: 10378
[16:43:29]: 10372
[16:43:30]: 10392
[16:43:30]: 10353
[16:43:30]: 10372
[16:43:31]: 10364
[16:43:31]: 10355
[16:43:31]: 10350
[16:43:32]: 10339
[16:43:32]: 10334
[16:43:32]: 10374
[16:43:33]: 10315
[16:43:33]: 10341
[16:43:33]: 10348
[16:43:33]: 10337
[16:43:34]: 10360
[16:43:34]: 10364
[16:43:34]: 10358
[16:43:35]: 10325
[16:43:35]: 10310
[16:43:35]: 10310
[16:43:36]: 10311
[16:43:36]: 10418
[16:43:36]: 10290
[16:43:37]: 10277
[16:43:37]: 10289
[16:43:37]: 10373
[16:43:38]: 10401
[16:43:38]: 10267
[16:43:38]: 10302
[16:43:38]: 10294
[16:43:39]: 10285
[16:43:39]: 10286
[16:43:39]: 10292
[16:43:40]: 10304
[16:43:40]: 10333
[16:43:40]: 10356
[16:43:41]: 10435
[16:43:41]: 10343
[16:43:41]: 10291
[16:43:42]: 10294
[16:43:42]: 10318
[16:43:42]: 10337
[16:43:43]: 10338
[16:43:43]: 10295
[16:43:43]: 10263
[16:43:43]: 10273
[16:43:44]: 10309
[16:43:44]: 10324
[16:43:44]: 10327
[16:43:45]: 10336
[16:43:45]: 10420
[16:43:45]: 10519
[16:43:46]: 10475
[16:43:46]: 10355
[16:43:46]: 10305
[16:43:47]: 10327
[16:43:47]: 10280
[16:43:47]: 10201
[16:43:48]: 10216
[16:43:48]: 10203
[16:43:48]: 10201
[16:43:48]: 10202
[16:43:49]: 10181
[16:43:49]: 10185
[16:43:49]: 10196
[16:43:50]: 10196
[16:43:50]: 10220
[16:43:50]: 10253
[16:43:51]: 10270
[16:43:51]: 10201
[16:43:51]: 10208
[16:43:52]: 10224
[16:43:52]: 10213
[16:43:52]: 10177
[16:43:53]: 10159
[16:43:53]: 10161
[16:43:53]: 10156
[16:43:54]: 10169
[16:43:54]: 10157
[16:43:54]: 10146
[16:43:55]: 10175
[16:43:55]: 10150
[16:43:55]: 10145
[16:43:55]: 10113
[16:43:56]: 10127
[16:43:56]: 10138
[16:43:56]: 10127
[16:43:57]: 10134
[16:43:57]: 10119
[16:43:57]: 10136
[16:43:58]: 10129
[16:43:58]: 10133
[16:43:58]: 10128
[16:43:59]: 10135
[16:43:59]: 10106
[16:43:59]: 10106
[16:44:00]: 10091
[16:44:00]: 10101
[16:44:00]: 10101
[16:44:00]: 10091
[16:44:01]: 10116
 Close valve V24
 Close valve LRW2
 Open valve LR2
[16:44:02]: H2SO4 at LR2
[16:44:02]: 10160
[16:44:02]: 10154
[16:44:03]: 10138
[16:44:03]: 10103
[16:44:03]: 10080
[16:44:04]: 10047
[16:44:04]: 10025
[16:44:04]: 10005
[16:44:05]: 9975
[16:44:05]: 9961
[16:44:05]: 9943
[16:44:06]: 9932
[16:44:06]: 9915
[16:44:06]: 9905
[16:44:07]: 9895
[16:44:07]: 9887
[16:44:07]: 9875
[16:44:07]: 9868
[16:44:08]: 9861
[16:44:08]: 9854
[16:44:08]: 9848
[16:44:09]: 9838
[16:44:09]: 9832
[16:44:09]: 9826
[16:44:10]: 9821
[16:44:10]: 9816
[16:44:10]: 9806
[16:44:11]: 9801
[16:44:11]: 9797
[16:44:11]: 9791
[16:44:11]: 9787
[16:44:12]: 9779
[16:44:12]: 9775
[16:44:12]: 9770
[16:44:13]: 9766
[16:44:13]: 9762
[16:44:13]: 9754
[16:44:14]: 9751
[16:44:14]: 9747
[16:44:14]: 9743
[16:44:15]: 9736
[16:44:15]: 9732
[16:44:15]: 9729
[16:44:16]: 9722
[16:44:16]: 9719
[16:44:16]: 9715
[16:44:17]: 9712
[16:44:17]: 9706
[16:44:17]: 9702
[16:44:18]: 9698
[16:44:18]: 9693
[16:44:18]: 9689
[16:44:19]: 9685
[16:44:19]: 9682
[16:44:19]: 9681
[16:44:20]: 9676
[16:44:20]: 9674
[16:44:20]: 9672
[16:44:21]: 9665
[16:44:21]: 9662
[16:44:21]: 9659
[16:44:22]: 9658
[16:44:22]: 9655
[16:44:22]: 9653
[16:44:23]: 9651
[16:44:23]: 9646
[16:44:23]: 9644
[16:44:24]: 9641

