 Close valve HP_IN
 Close valve HP_OUT
 Close valve L1_OUT
 Close valve L2_OUT
 Close valve L3_OUT
 Close valve L_HP
 Close valve LR1
 Close valve LR2
 Close valve LR3
 Close valve LR4
 Close valve LRW2
 Close valve LWASTE
 Close valve R1_4
 Close valve V21
 Close valve V24
 Close valve V4
 Close valve VH
 Close valve W1
 Close valve W2
 Close valve W3
 Open valve HP_IN
 Open valve W2
 Open valve R1_4
 Open valve V21
[19:59:27]: Forward liquid flow activated
[19:59:27]: AIR
 Open valve HP_OUT
 Open valve L_HP
 Open valve V24
 Close valve V24
 Close valve L_HP
 Close valve HP_OUT
[20:00:08]: W2 OH-
 Open valve LRW2
[20:00:08]: 11404
[20:00:08]: 8858
[20:00:09]: 8587
[20:00:09]: 8575
[20:00:09]: 8565
[20:00:10]: 8572
[20:00:10]: 8565
[20:00:10]: 8561
[20:00:11]: 8564
[20:00:11]: 8548
[20:00:11]: 8561
[20:00:12]: 8573
[20:00:12]: 8584
[20:00:12]: 8579
[20:00:13]: 8577
[20:00:13]: 8592
[20:00:13]: 8588
[20:00:14]: 8586
[20:00:14]: 8593
[20:00:14]: 8582
[20:00:14]: 8582
[20:00:15]: 8595
[20:00:15]: 8597
[20:00:15]: 8589
[20:00:16]: 8597
[20:00:16]: 8603
[20:00:16]: 8602
[20:00:17]: 8592
[20:00:17]: 8600
[20:00:17]: 8604
[20:00:18]: 8599
[20:00:18]: 8592
[20:00:18]: 8589
[20:00:19]: 8592
[20:00:19]: 8600
[20:00:19]: 8606
[20:00:20]: 8597
[20:00:20]: 8603
[20:00:20]: 8593
[20:00:21]: 8601
[20:00:21]: 8593
[20:00:21]: 8604
[20:00:22]: 8596
[20:00:22]: 8605
[20:00:22]: 8610
[20:00:23]: 8594
[20:00:23]: 8609
[20:00:23]: 8602
[20:00:23]: 8604
[20:00:24]: 8611
[20:00:24]: 8610
[20:00:24]: 8600
[20:00:25]: 8604
[20:00:25]: 8599
[20:00:25]: 8600
[20:00:26]: 8612
[20:00:26]: 8615
[20:00:26]: 8617
[20:00:27]: 8610
[20:00:27]: 8603
[20:00:27]: 8602
[20:00:28]: 8617
[20:00:28]: 8610
[20:00:28]: 8604
[20:00:29]: 8604
[20:00:29]: 8619
[20:00:29]: 8617
[20:00:30]: 8609
[20:00:30]: 8605
[20:00:30]: 8622
[20:00:31]: 8620
[20:00:31]: 8612
[20:00:31]: 8618
[20:00:32]: 8624
[20:00:32]: 8609
[20:00:32]: 8614
[20:00:32]: 8622
[20:00:33]: 8610
[20:00:33]: 8610
[20:00:33]: 8625
[20:00:34]: 8617
[20:00:34]: 8615
[20:00:34]: 8611
[20:00:35]: 8628
[20:00:35]: 8625
[20:00:35]: 8617
[20:00:36]: 8625
[20:00:36]: 8615
[20:00:36]: 8615
[20:00:37]: 8621
[20:00:37]: 8621
[20:00:37]: 8615
[20:00:38]: 8631
[20:00:38]: 8629
[20:00:38]: 8622
[20:00:39]: 8617
[20:00:39]: 8628
[20:00:39]: 8633
[20:00:40]: 8618
[20:00:40]: 8633
[20:00:40]: 8619
[20:00:41]: 8622
[20:00:41]: 8629
[20:00:41]: 8622
[20:00:41]: 8619
[20:00:42]: 8636
[20:00:42]: 8621
[20:00:42]: 8628
[20:00:43]: 8632
[20:00:43]: 8625
[20:00:43]: 8636
[20:00:44]: 8625
[20:00:44]: 8631
[20:00:44]: 8637
[20:00:45]: 8630
[20:00:45]: 8637
[20:00:45]: 8639
[20:00:46]: 8625
[20:00:46]: 8631
[20:00:46]: 8630
[20:00:47]: 8640
[20:00:47]: 8633
[20:00:47]: 8642
[20:00:48]: 8641
[20:00:48]: 8637
[20:00:48]: 8634
[20:00:49]: 8641
[20:00:49]: 8628
[20:00:49]: 8629
[20:00:50]: 8641
[20:00:50]: 8633
[20:00:50]: 8640
[20:00:50]: 8645
[20:00:51]: 8631
[20:00:51]: 8636
[20:00:51]: 8636
[20:00:52]: 8641
[20:00:52]: 8641
[20:00:52]: 8638
[20:00:53]: 8645
[20:00:53]: 8646
[20:00:53]: 8635
[20:00:54]: 8641
[20:00:54]: 8636
[20:00:54]: 8645
[20:00:55]: 8649
[20:00:55]: 8634
[20:00:55]: 8640
[20:00:55]: 8647
[20:00:56]: 8648
 Close valve LRW2
[20:00:56]: Loop start
[20:00:56]: W2 OH-
 Open valve LRW2
[20:00:56]: 8634
[20:00:57]: 8642
[20:00:57]: 8636
[20:00:57]: 8644
[20:00:58]: 8637
[20:00:58]: 8635
[20:00:58]: 8639
[20:00:58]: 8636
[20:00:59]: 8638
[20:00:59]: 8637
[20:00:59]: 8650
[20:01:00]: 8644
[20:01:00]: 8645
[20:01:00]: 8640
[20:01:01]: 8651
[20:01:01]: 8640
[20:01:01]: 8646
[20:01:02]: 8652
[20:01:02]: 8644
[20:01:02]: 8651
[20:01:03]: 8653
[20:01:03]: 8647
[20:01:03]: 8640
[20:01:04]: 8639
[20:01:04]: 8652
[20:01:04]: 8645
[20:01:05]: 8654
[20:01:05]: 8639
[20:01:05]: 8645
[20:01:05]: 8651
[20:01:06]: 8640
[20:01:06]: 8648
[20:01:07]: 8655
[20:01:07]: 8646
[20:01:07]: 8653
[20:01:07]: 8654
[20:01:08]: 8648
[20:01:08]: 8641
[20:01:08]: 8655
[20:01:09]: 8646
[20:01:09]: 8648
[20:01:09]: 8642
[20:01:10]: 8655
[20:01:10]: 8653
[20:01:10]: 8645
[20:01:11]: 8651
[20:01:11]: 8656
[20:01:11]: 8644
[20:01:12]: 8642
[20:01:12]: 8646
[20:01:12]: 8652
[20:01:13]: 8649
[20:01:13]: 8654
[20:01:13]: 8647
[20:01:14]: 8652
[20:01:14]: 8657
[20:01:14]: 8643
[20:01:14]: 8656
[20:01:15]: 8650
[20:01:15]: 8644
[20:01:15]: 8643
[20:01:16]: 8648
[20:01:16]: 8654
[20:01:16]: 8657
[20:01:17]: 8653
[20:01:17]: 8649
[20:01:17]: 8643
[20:01:18]: 8658
[20:01:18]: 8654
[20:01:18]: 8647
[20:01:19]: 8646
[20:01:19]: 8658
[20:01:19]: 8645
[20:01:20]: 8650
[20:01:20]: 8656
[20:01:20]: 8644
[20:01:21]: 8645
[20:01:21]: 8647
[20:01:21]: 8645
[20:01:21]: 8649
[20:01:22]: 8654
[20:01:22]: 8646
[20:01:22]: 8644
[20:01:23]: 8647
[20:01:23]: 8654
[20:01:23]: 8647
[20:01:24]: 8645
[20:01:24]: 8658
[20:01:24]: 8653
[20:01:25]: 8651
[20:01:25]: 8657
[20:01:25]: 8648
[20:01:26]: 8659
[20:01:26]: 8653
[20:01:26]: 8647
[20:01:27]: 8658
[20:01:27]: 8648
[20:01:27]: 8654
[20:01:28]: 8659
[20:01:28]: 8657
[20:01:28]: 8649
[20:01:29]: 8654
[20:01:29]: 8660
[20:01:29]: 8645
[20:01:29]: 8648
[20:01:30]: 8654
[20:01:30]: 8655
[20:01:30]: 8648
[20:01:31]: 8645
[20:01:31]: 8660
[20:01:31]: 8656
[20:01:32]: 8651
[20:01:32]: 8657
[20:01:32]: 8647
[20:01:33]: 8647
[20:01:33]: 8659
[20:01:33]: 8649
[20:01:34]: 8654
[20:01:34]: 8660
[20:01:34]: 8646
[20:01:35]: 8648
[20:01:35]: 8652
[20:01:35]: 8653
[20:01:36]: 8658
[20:01:36]: 8660
[20:01:36]: 8646
[20:01:36]: 8653
[20:01:37]: 8658
[20:01:37]: 8647
[20:01:37]: 8654
[20:01:38]: 8653
[20:01:38]: 8659
[20:01:38]: 8660
[20:01:39]: 8655
[20:01:39]: 8649
[20:01:39]: 8646
[20:01:40]: 8646
[20:01:40]: 8660
[20:01:40]: 8656
[20:01:41]: 8651
[20:01:41]: 8657
[20:01:41]: 8660
[20:01:42]: 8647
[20:01:42]: 8652
[20:01:42]: 8652
[20:01:43]: 8654
[20:01:43]: 8660
[20:01:43]: 8646
[20:01:43]: 8648
[20:01:44]: 8653
 Close valve LRW2
[20:01:45]: CIRCLE H+
 Open valve LR1
[20:01:45]: 8760
[20:01:46]: 9339
[20:01:46]: 9339
[20:01:46]: 9337
[20:01:47]: 9337
[20:01:47]: 9339
[20:01:47]: 9344
[20:01:47]: 9348
[20:01:48]: 9348
[20:01:48]: 9343
[20:01:48]: 9344
[20:01:49]: 9342
[20:01:49]: 9341
[20:01:50]: 9348
[20:01:50]: 9343
[20:01:50]: 9338
[20:01:50]: 9336
[20:01:51]: 9336
[20:01:51]: 9344
[20:01:51]: 9339
[20:01:52]: 9337
[20:01:52]: 9347
[20:01:52]: 9344
[20:01:53]: 9348
[20:01:53]: 9338
[20:01:53]: 9336
[20:01:54]: 9338
[20:01:54]: 9342
[20:01:54]: 9336
[20:01:55]: 9334
[20:01:55]: 9342
[20:01:55]: 9343
[20:01:56]: 9337
[20:01:56]: 9343
[20:01:56]: 9334
[20:01:56]: 9334
[20:01:57]: 9338
[20:01:57]: 9338
[20:01:58]: 9339
[20:01:58]: 9334
[20:01:58]: 9333
[20:01:59]: 9343
[20:01:59]: 9341
[20:01:59]: 9344
[20:01:59]: 9331
[20:02:00]: 9334
[20:02:00]: 9339
[20:02:00]: 9342
[20:02:01]: 9339
[20:02:01]: 9333
[20:02:01]: 9329
[20:02:02]: 9330
[20:02:02]: 9331
[20:02:02]: 9335
[20:02:03]: 9340
[20:02:03]: 9328
[20:02:03]: 9328
[20:02:04]: 9333
[20:02:04]: 9334
[20:02:04]: 9329
[20:02:05]: 9339
[20:02:05]: 9328
[20:02:05]: 9330
[20:02:06]: 9335
[20:02:06]: 9327
[20:02:06]: 9329
[20:02:07]: 9334
[20:02:07]: 9329
[20:02:07]: 9328
[20:02:08]: 9327
[20:02:08]: 9329
[20:02:08]: 9334
[20:02:09]: 9328
[20:02:09]: 9325
[20:02:09]: 9328
[20:02:09]: 9332
[20:02:10]: 9326
[20:02:10]: 9339
[20:02:10]: 9338
[20:02:11]: 9334
[20:02:11]: 9333
[20:02:11]: 9335
[20:02:12]: 9335
[20:02:12]: 9334
[20:02:12]: 9333
[20:02:13]: 9335
[20:02:13]: 9333
[20:02:13]: 9333
[20:02:14]: 9334
[20:02:14]: 9334
[20:02:14]: 9333
[20:02:15]: 9334
[20:02:15]: 9332
[20:02:15]: 9334
[20:02:15]: 9332
[20:02:16]: 9332
[20:02:16]: 9333
[20:02:16]: 9332
[20:02:17]: 9333
[20:02:17]: 9333
[20:02:17]: 9330
[20:02:18]: 9331
[20:02:18]: 9332
[20:02:18]: 9332
[20:02:19]: 9331
[20:02:19]: 9331
[20:02:19]: 9330
[20:02:20]: 9331
[20:02:20]: 9331
[20:02:20]: 9331
[20:02:20]: 9329
[20:02:21]: 9329
[20:02:21]: 9330
[20:02:21]: 9330
[20:02:22]: 9330
[20:02:22]: 9330
[20:02:22]: 9328
[20:02:23]: 9328
[20:02:23]: 9328
[20:02:23]: 9329
[20:02:24]: 9328
[20:02:24]: 9328
[20:02:24]: 9328
[20:02:25]: 9329
[20:02:25]: 9328
[20:02:25]: 9329
[20:02:26]: 9326
[20:02:26]: 9328
[20:02:26]: 9327
[20:02:27]: 9326
[20:02:27]: 9326
[20:02:27]: 9326
[20:02:28]: 9327
[20:02:28]: 9326
[20:02:28]: 9327
[20:02:29]: 9327
[20:02:29]: 9327
[20:02:29]: 9327
[20:02:30]: 9326
[20:02:30]: 9326
[20:02:30]: 9325
[20:02:30]: 9326
[20:02:31]: 9327
[20:02:31]: 9326
[20:02:31]: 9325
[20:02:32]: 9325
[20:02:32]: 9325
[20:02:32]: 9324
[20:02:33]: 9325
[20:02:33]: 9325
 Close valve LR1
[20:02:34]: W2 OH-
 Open valve LRW2
[20:02:34]: 9324
[20:02:35]: 8669
[20:02:35]: 8629
[20:02:35]: 8637
[20:02:36]: 8642
[20:02:36]: 8639
[20:02:36]: 8628
[20:02:37]: 8626
[20:02:37]: 8628
[20:02:37]: 8646
[20:02:38]: 8639
[20:02:38]: 8651
[20:02:38]: 8655
[20:02:39]: 8632
[20:02:39]: 8640
[20:02:39]: 8641
[20:02:39]: 8646
[20:02:40]: 8656
[20:02:40]: 8654
[20:02:40]: 8651
[20:02:41]: 8636
[20:02:41]: 8646
[20:02:41]: 8637
[20:02:42]: 8632
[20:02:42]: 8657
[20:02:42]: 8650
[20:02:43]: 8639
[20:02:43]: 8650
[20:02:43]: 8636
[20:02:44]: 8654
[20:02:44]: 8655
[20:02:44]: 8651
[20:02:45]: 8657
[20:02:45]: 8652
[20:02:45]: 8642
[20:02:46]: 8641
[20:02:46]: 8650
[20:02:46]: 8638
[20:02:47]: 8635
[20:02:47]: 8657
[20:02:47]: 8649
[20:02:47]: 8640
[20:02:48]: 8636
[20:02:48]: 8641
[20:02:48]: 8650
[20:02:49]: 8640
[20:02:49]: 8636
[20:02:49]: 8639
[20:02:50]: 8648
[20:02:50]: 8638
[20:02:50]: 8637
[20:02:51]: 8657
[20:02:51]: 8649
[20:02:51]: 8646
[20:02:52]: 8655
[20:02:52]: 8639
[20:02:52]: 8640
[20:02:53]: 8654
[20:02:53]: 8645
[20:02:53]: 8658
[20:02:54]: 8640
[20:02:54]: 8646
[20:02:54]: 8654
[20:02:55]: 8647
[20:02:55]: 8659
[20:02:55]: 8649
[20:02:56]: 8657
[20:02:56]: 8657
[20:02:56]: 8650
[20:02:57]: 8649
[20:02:57]: 8657
[20:02:57]: 8641
[20:02:58]: 8642
[20:02:58]: 8648
[20:02:58]: 8656
[20:02:59]: 8645
[20:02:59]: 8652
[20:02:59]: 8659
[20:02:59]: 8641
[20:03:00]: 8643
[20:03:00]: 8649
[20:03:00]: 8649
[20:03:01]: 8644
[20:03:01]: 8646
[20:03:01]: 8657
[20:03:02]: 8648
[20:03:02]: 8643
[20:03:02]: 8644
[20:03:03]: 8649
[20:03:03]: 8644
[20:03:03]: 8647
[20:03:04]: 8653
[20:03:04]: 8660
[20:03:04]: 8661
[20:03:05]: 8646
[20:03:05]: 8652
[20:03:05]: 8659
[20:03:05]: 8645
[20:03:06]: 8646
[20:03:06]: 8652
[20:03:06]: 8651
[20:03:07]: 8655
[20:03:07]: 8662
[20:03:07]: 8661
[20:03:08]: 8651
[20:03:08]: 8658
[20:03:08]: 8647
[20:03:09]: 8645
[20:03:09]: 8662
[20:03:09]: 8646
[20:03:10]: 8647
[20:03:10]: 8660
[20:03:10]: 8653
[20:03:11]: 8656
[20:03:11]: 8650
[20:03:11]: 8646
[20:03:12]: 8663
[20:03:12]: 8660
[20:03:12]: 8652
[20:03:13]: 8651
[20:03:13]: 8656
[20:03:13]: 8649
[20:03:14]: 8661
[20:03:14]: 8664
[20:03:14]: 8659
[20:03:14]: 8652
[20:03:15]: 8655
[20:03:15]: 8655
[20:03:15]: 8662
[20:03:16]: 8648
[20:03:16]: 8656
[20:03:16]: 8655
[20:03:17]: 8653
[20:03:17]: 8648
[20:03:17]: 8657
[20:03:18]: 8663
[20:03:18]: 8662
[20:03:18]: 8655
[20:03:19]: 8649
[20:03:19]: 8648
[20:03:19]: 8652
[20:03:20]: 8657
[20:03:20]: 8651
[20:03:20]: 8661
[20:03:20]: 8663
[20:03:21]: 8650
[20:03:21]: 8662
[20:03:21]: 8655
[20:03:22]: 8665
[20:03:22]: 8650
 Close valve LRW2
[20:03:23]: CROSS H+
 Open valve LR2
[20:03:24]: 9335
[20:03:24]: 9350
[20:03:24]: 9357
[20:03:25]: 9158
[20:03:25]: 9365
[20:03:25]: 9368
[20:03:25]: 9369
[20:03:26]: 9371
[20:03:26]: 9368
[20:03:26]: 9369
[20:03:27]: 9370
[20:03:27]: 9368
[20:03:28]: 9369
[20:03:28]: 9369
[20:03:28]: 9370
[20:03:28]: 9368
[20:03:29]: 9368
[20:03:29]: 9371
[20:03:29]: 9371
[20:03:30]: 9372
[20:03:30]: 9373
[20:03:30]: 9378
[20:03:31]: 9420
[20:03:31]: 9427
[20:03:31]: 9427
[20:03:32]: 9425
[20:03:32]: 9425
[20:03:32]: 9425
[20:03:33]: 9424
[20:03:33]: 9423
[20:03:33]: 9424
[20:03:34]: 9424
[20:03:34]: 9423
[20:03:34]: 9422
[20:03:35]: 9422
[20:03:35]: 9421
[20:03:35]: 9421
[20:03:35]: 9421
[20:03:36]: 9421
[20:03:36]: 9421
[20:03:36]: 9420
[20:03:37]: 9419
[20:03:37]: 9419
[20:03:37]: 9418
[20:03:38]: 9418
[20:03:38]: 9418
[20:03:38]: 9418
[20:03:39]: 9416
[20:03:39]: 9416
[20:03:39]: 9416
[20:03:40]: 9415
[20:03:40]: 9415
[20:03:40]: 9414
[20:03:41]: 9415
[20:03:41]: 9413
[20:03:41]: 9413
[20:03:42]: 9412
[20:03:42]: 9412
[20:03:42]: 9413
[20:03:43]: 9413
[20:03:43]: 9410
[20:03:43]: 9411
[20:03:44]: 9410
[20:03:44]: 9410
[20:03:44]: 9410
[20:03:44]: 9410
[20:03:45]: 9410
[20:03:45]: 9408
[20:03:45]: 9407
[20:03:46]: 9407
[20:03:46]: 9408
[20:03:46]: 9407
[20:03:47]: 9407
[20:03:47]: 9407
[20:03:47]: 9405
[20:03:48]: 9407
[20:03:48]: 9406
[20:03:48]: 9404
[20:03:49]: 9404
[20:03:49]: 9405
[20:03:49]: 9405
[20:03:49]: 9404
[20:03:50]: 9403
[20:03:50]: 9403
[20:03:50]: 9402
[20:03:51]: 9401
[20:03:51]: 9401
[20:03:51]: 9402
[20:03:52]: 9401
[20:03:52]: 9401
[20:03:52]: 9401
[20:03:53]: 9399
[20:03:53]: 9399
[20:03:53]: 9399
[20:03:54]: 9399
[20:03:54]: 9399
[20:03:54]: 9399
[20:03:55]: 9399
[20:03:55]: 9397
[20:03:55]: 9398
[20:03:56]: 9397
[20:03:56]: 9397
[20:03:56]: 9397
[20:03:57]: 9397
[20:03:57]: 9395
[20:03:57]: 9396
[20:03:58]: 9395
[20:03:58]: 9395
[20:03:58]: 9395
[20:03:59]: 9394
[20:03:59]: 9393
[20:03:59]: 9394
[20:04:00]: 9394
[20:04:00]: 9393
[20:04:00]: 9393
[20:04:01]: 9392
[20:04:01]: 9392
[20:04:01]: 9392
[20:04:02]: 9392
[20:04:02]: 9391
[20:04:02]: 9391
[20:04:03]: 9390
[20:04:03]: 9390
[20:04:03]: 9389
[20:04:04]: 9389
[20:04:04]: 9390
[20:04:04]: 9389
[20:04:04]: 9390
[20:04:05]: 9390
[20:04:05]: 9388
[20:04:05]: 9387
[20:04:06]: 9389
[20:04:06]: 9388
[20:04:06]: 9387
[20:04:07]: 9388
[20:04:07]: 9387
[20:04:07]: 9387
[20:04:08]: 9386
[20:04:08]: 9386
[20:04:08]: 9385
[20:04:09]: 9386
[20:04:09]: 9385
[20:04:09]: 9385
[20:04:10]: 9384
[20:04:10]: 9384
[20:04:10]: 9385
[20:04:11]: 9383
[20:04:11]: 9384
[20:04:11]: 9383
[20:04:11]: 9383
 Close valve LR2
[20:04:13]: W2 OH-
 Open valve LRW2
[20:04:13]: 9382
[20:04:13]: 8710
[20:04:14]: 8647
[20:04:14]: 8648
[20:04:14]: 8645
[20:04:15]: 8635
[20:04:15]: 8629
[20:04:15]: 8634
[20:04:15]: 8639
[20:04:16]: 8636
[20:04:16]: 8646
[20:04:16]: 8646
[20:04:17]: 8621
[20:04:17]: 8627
[20:04:17]: 8636
[20:04:18]: 8638
[20:04:18]: 8633
[20:04:18]: 8637
[20:04:19]: 8618
[20:04:19]: 8616
[20:04:19]: 8634
[20:04:20]: 8625
[20:04:20]: 8617
[20:04:20]: 8634
[20:04:20]: 8632
[20:04:21]: 8625
[20:04:21]: 8629
[20:04:21]: 8632
[20:04:22]: 8613
[20:04:22]: 8612
[20:04:22]: 8619
[20:04:23]: 8629
[20:04:23]: 8614
[20:04:23]: 8623
[20:04:24]: 8617
[20:04:24]: 8627
[20:04:24]: 8631
[20:04:25]: 8627
[20:04:25]: 8614
[20:04:25]: 8624
[20:04:26]: 8630
[20:04:26]: 8627
[20:04:26]: 8613
[20:04:26]: 8622
[20:04:27]: 8614
[20:04:27]: 8609
[20:04:27]: 8610
[20:04:28]: 8629
[20:04:28]: 8624
[20:04:28]: 8615
[20:04:29]: 8624
[20:04:29]: 8629
[20:04:29]: 8608
[20:04:30]: 8611
[20:04:30]: 8622
[20:04:30]: 8614
[20:04:31]: 8608
[20:04:31]: 8610
[20:04:31]: 8622
[20:04:32]: 8606
[20:04:32]: 8611
[20:04:32]: 8608
[20:04:33]: 8618
[20:04:33]: 8627
[20:04:34]: 8607
[20:04:34]: 8606
[20:04:34]: 8614
[20:04:34]: 8623
[20:04:35]: 8626
[20:04:35]: 8607
[20:04:35]: 8611
[20:04:36]: 8605
[20:04:36]: 8626
[20:04:36]: 8621
[20:04:37]: 8609
[20:04:37]: 8620
[20:04:37]: 8625
[20:04:38]: 8621
[20:04:38]: 8624
[20:04:38]: 8607
[20:04:39]: 8618
[20:04:39]: 8624
[20:04:39]: 8621
[20:04:40]: 8607
[20:04:40]: 8618
[20:04:40]: 8610
[20:04:41]: 8604
[20:04:41]: 8625
[20:04:41]: 8604
[20:04:41]: 8612
[20:04:42]: 8620
[20:04:42]: 8625
[20:04:42]: 8605
[20:04:43]: 8609
[20:04:43]: 8620
[20:04:43]: 8618
[20:04:44]: 8613
[20:04:44]: 8623
[20:04:44]: 8607
[20:04:45]: 8606
[20:04:45]: 8622
[20:04:45]: 8608
[20:04:46]: 8606
[20:04:46]: 8625
[20:04:46]: 8622
[20:04:46]: 8606
[20:04:47]: 8619
[20:04:47]: 8610
[20:04:48]: 8605
[20:04:48]: 8622
[20:04:48]: 8607
[20:04:48]: 8604
[20:04:49]: 8623
[20:04:49]: 8616
[20:04:49]: 8607
[20:04:50]: 8623
[20:04:50]: 8622
[20:04:50]: 8615
[20:04:51]: 8614
[20:04:51]: 8623
[20:04:51]: 8604
[20:04:52]: 8604
[20:04:52]: 8612
[20:04:52]: 8612
[20:04:53]: 8622
[20:04:53]: 8618
[20:04:53]: 8623
[20:04:54]: 8620
[20:04:54]: 8612
[20:04:54]: 8605
[20:04:54]: 8604
[20:04:55]: 8611
[20:04:55]: 8621
[20:04:55]: 8623
[20:04:56]: 8617
[20:04:56]: 8608
[20:04:56]: 8620
[20:04:57]: 8605
[20:04:57]: 8603
[20:04:57]: 8603
[20:04:58]: 8620
[20:04:58]: 8605
[20:04:58]: 8615
[20:04:59]: 8608
[20:04:59]: 8603
[20:04:59]: 8621
[20:05:00]: 8615
[20:05:00]: 8622
[20:05:00]: 8608
[20:05:01]: 8619
 Close valve LRW2
[20:05:02]: SQUARE H+
 Open valve LR3
[20:05:02]: 9181
[20:05:02]: 9356
[20:05:03]: 9360
[20:05:03]: 9365
[20:05:03]: 9367
[20:05:04]: 9369
[20:05:04]: 9371
[20:05:04]: 9371
[20:05:05]: 9370
[20:05:05]: 9370
[20:05:05]: 9370
[20:05:05]: 9369
[20:05:06]: 9369
[20:05:06]: 9370
[20:05:06]: 9370
[20:05:07]: 9370
[20:05:07]: 9369
[20:05:07]: 9369
[20:05:08]: 9369
[20:05:08]: 9369
[20:05:08]: 9367
[20:05:09]: 9369
[20:05:09]: 9367
[20:05:09]: 9368
[20:05:10]: 9367
[20:05:10]: 9367
[20:05:10]: 9366
[20:05:11]: 9368
[20:05:11]: 9368
[20:05:11]: 9366
[20:05:12]: 9367
[20:05:12]: 9367
[20:05:12]: 9367
[20:05:12]: 9366
[20:05:13]: 9366
[20:05:13]: 9365
[20:05:13]: 9365
[20:05:14]: 9366
[20:05:14]: 9365
[20:05:14]: 9365
[20:05:15]: 9364
[20:05:15]: 9364
[20:05:15]: 9364
[20:05:16]: 9364
[20:05:16]: 9364
[20:05:16]: 9364
[20:05:17]: 9365
[20:05:17]: 9363
[20:05:17]: 9363
[20:05:18]: 9364
[20:05:18]: 9363
[20:05:18]: 9364
[20:05:19]: 9363
[20:05:19]: 9362
[20:05:19]: 9364
[20:05:20]: 9362
[20:05:20]: 9363
[20:05:20]: 9363
[20:05:21]: 9362
[20:05:21]: 9362
[20:05:21]: 9363
[20:05:21]: 9363
[20:05:22]: 9361
[20:05:22]: 9361
[20:05:22]: 9362
[20:05:23]: 9362
[20:05:23]: 9361
[20:05:23]: 9361
[20:05:24]: 9361
[20:05:24]: 9360
[20:05:24]: 9360
[20:05:25]: 9361
[20:05:25]: 9360
[20:05:25]: 9360
[20:05:26]: 9361
[20:05:26]: 9361
[20:05:26]: 9360
[20:05:26]: 9360
[20:05:27]: 9360
[20:05:27]: 9361
[20:05:27]: 9359
[20:05:28]: 9359
[20:05:28]: 9360
[20:05:28]: 9359
[20:05:29]: 9359
[20:05:29]: 9358
[20:05:29]: 9358
[20:05:30]: 9358
[20:05:30]: 9359
[20:05:30]: 9358
[20:05:31]: 9359
[20:05:31]: 9359
[20:05:31]: 9359
[20:05:32]: 9357
[20:05:32]: 9358
[20:05:32]: 9358
[20:05:33]: 9357
[20:05:33]: 9357
[20:05:34]: 9358
[20:05:34]: 9358
[20:05:34]: 9357
[20:05:35]: 9357
[20:05:35]: 9356
[20:05:35]: 9356
[20:05:36]: 9357
[20:05:36]: 9357
[20:05:36]: 9356
[20:05:37]: 9356
[20:05:37]: 9356
[20:05:37]: 9355
[20:05:38]: 9356
[20:05:38]: 9356
[20:05:38]: 9356
[20:05:39]: 9356
[20:05:39]: 9355
[20:05:39]: 9356
[20:05:40]: 9356
[20:05:40]: 9355
[20:05:40]: 9356
[20:05:41]: 9355
[20:05:41]: 9355
[20:05:41]: 9355
[20:05:42]: 9355
[20:05:42]: 9354
[20:05:42]: 9354
[20:05:43]: 9355
[20:05:43]: 9355
[20:05:43]: 9354
[20:05:44]: 9354
[20:05:44]: 9354
[20:05:44]: 9353
[20:05:45]: 9353
[20:05:45]: 9354
[20:05:45]: 9353
[20:05:45]: 9353
[20:05:46]: 9354
[20:05:46]: 9354
[20:05:46]: 9354
[20:05:47]: 9354
[20:05:47]: 9352
[20:05:47]: 9352
[20:05:48]: 9353
[20:05:48]: 9353
[20:05:48]: 9352
[20:05:49]: 9352
[20:05:49]: 9352
[20:05:49]: 9352
[20:05:50]: 9353
[20:05:50]: 9353
[20:05:50]: 9352
 Close valve LR3
[20:05:51]: W2 OH-
 Open valve LRW2
[20:05:52]: 9357
[20:05:52]: 8833
[20:05:52]: 8767
[20:05:53]: 8771
[20:05:53]: 8779
[20:05:53]: 8784
[20:05:54]: 8773
[20:05:54]: 8782
[20:05:54]: 8777
[20:05:55]: 8785
[20:05:55]: 8776
[20:05:55]: 8777
[20:05:56]: 8789
[20:05:56]: 8778
[20:05:56]: 8783
[20:05:56]: 8780
[20:05:57]: 8777
[20:05:57]: 8788
[20:05:57]: 8777
[20:05:58]: 8787
[20:05:58]: 8781
[20:05:58]: 8777
[20:05:59]: 8777
[20:05:59]: 8780
[20:05:59]: 8786
[20:06:00]: 8778
[20:06:00]: 8778
[20:06:00]: 8781
[20:06:00]: 8780
[20:06:01]: 8785
[20:06:01]: 8778
[20:06:01]: 8777
[20:06:02]: 8777
[20:06:02]: 8778
[20:06:02]: 8779
[20:06:03]: 8788
[20:06:03]: 8788
[20:06:03]: 8788
[20:06:04]: 8779
[20:06:04]: 8780
[20:06:04]: 8786
[20:06:05]: 8781
[20:06:05]: 8789
[20:06:05]: 8787
[20:06:06]: 8780
[20:06:06]: 8780
[20:06:06]: 8784
[20:06:07]: 8783
[20:06:07]: 8780
[20:06:07]: 8780
[20:06:08]: 8784
[20:06:08]: 8789
[20:06:08]: 8784
[20:06:09]: 8788
[20:06:09]: 8792
[20:06:09]: 8781
[20:06:10]: 8790
[20:06:10]: 8791
[20:06:10]: 8787
[20:06:11]: 8787
[20:06:11]: 8784
[20:06:11]: 8790
[20:06:11]: 8794
[20:06:12]: 8793
[20:06:12]: 8792
[20:06:12]: 8788
[20:06:13]: 8793
[20:06:13]: 8789
[20:06:13]: 8785
[20:06:14]: 8792
[20:06:14]: 8784
[20:06:14]: 8790
[20:06:15]: 8794
[20:06:15]: 8789
[20:06:15]: 8794
[20:06:16]: 8785
[20:06:16]: 8786
[20:06:16]: 8793
[20:06:17]: 8788
[20:06:17]: 8786
[20:06:17]: 8795
[20:06:17]: 8786
[20:06:18]: 8794
[20:06:18]: 8790
[20:06:18]: 8786
[20:06:19]: 8797
[20:06:19]: 8795
[20:06:19]: 8794
[20:06:20]: 8787
[20:06:20]: 8793
[20:06:20]: 8789
[20:06:21]: 8797
[20:06:21]: 8788
[20:06:21]: 8798
[20:06:21]: 8796
[20:06:22]: 8797
[20:06:22]: 8793
[20:06:22]: 8789
[20:06:23]: 8788
[20:06:23]: 8796
[20:06:23]: 8789
[20:06:24]: 8793
[20:06:24]: 8798
[20:06:24]: 8791
[20:06:25]: 8789
[20:06:25]: 8798
[20:06:25]: 8794
[20:06:26]: 8791
[20:06:26]: 8796
[20:06:26]: 8789
[20:06:27]: 8788
[20:06:27]: 8798
[20:06:27]: 8789
[20:06:27]: 8793
[20:06:28]: 8798
[20:06:28]: 8792
[20:06:28]: 8792
[20:06:29]: 8789
[20:06:29]: 8789
[20:06:29]: 8798
[20:06:30]: 8790
[20:06:30]: 8791
[20:06:30]: 8794
[20:06:31]: 8790
[20:06:31]: 8789
[20:06:31]: 8799
[20:06:32]: 8794
[20:06:32]: 8791
[20:06:32]: 8797
[20:06:33]: 8798
[20:06:33]: 8793
[20:06:33]: 8790
[20:06:34]: 8790
[20:06:34]: 8789
[20:06:34]: 8792
[20:06:35]: 8793
[20:06:35]: 8790
[20:06:35]: 8799
[20:06:35]: 8798
[20:06:36]: 8793
[20:06:36]: 8791
[20:06:36]: 8799
[20:06:37]: 8796
[20:06:37]: 8792
[20:06:37]: 8794
[20:06:38]: 8790
[20:06:38]: 8790
[20:06:38]: 8792
[20:06:39]: 8796
[20:06:39]: 8798
 Close valve LRW2
[20:06:40]: PLUS H+
 Open valve LR4
[20:06:40]: 9395
[20:06:41]: 9375
[20:06:41]: 9378
[20:06:41]: 9378
[20:06:42]: 9385
[20:06:42]: 9390
[20:06:42]: 9390
[20:06:43]: 9391
[20:06:43]: 9392
[20:06:43]: 9391
[20:06:44]: 9390
[20:06:44]: 9390
[20:06:44]: 9389
[20:06:44]: 9388
[20:06:45]: 9388
[20:06:45]: 9387
[20:06:45]: 9388
[20:06:46]: 9387
[20:06:46]: 9386
[20:06:46]: 9387
[20:06:47]: 9385
[20:06:47]: 9384
[20:06:47]: 9385
[20:06:48]: 9384
[20:06:48]: 9383
[20:06:48]: 9383
[20:06:49]: 9383
[20:06:49]: 9383
[20:06:49]: 9381
[20:06:50]: 9381
[20:06:50]: 9380
[20:06:50]: 9380
[20:06:51]: 9379
[20:06:51]: 9379
[20:06:51]: 9380
[20:06:51]: 9378
[20:06:52]: 9378
[20:06:52]: 9378
[20:06:52]: 9377
[20:06:53]: 9378
[20:06:53]: 9377
[20:06:53]: 9376
[20:06:54]: 9375
[20:06:54]: 9375
[20:06:54]: 9374
[20:06:55]: 9375
[20:06:55]: 9374
[20:06:55]: 9374
[20:06:56]: 9373
[20:06:56]: 9373
[20:06:56]: 9372
[20:06:57]: 9373
[20:06:57]: 9372
[20:06:57]: 9371
[20:06:57]: 9372
[20:06:58]: 9372
[20:06:58]: 9370
[20:06:58]: 9371
[20:06:59]: 9370
[20:06:59]: 9370
[20:06:59]: 9369
[20:07:00]: 9369
[20:07:00]: 9369
[20:07:00]: 9368
[20:07:01]: 9367
[20:07:01]: 9367
[20:07:01]: 9368
[20:07:02]: 9366
[20:07:02]: 9367
[20:07:02]: 9366
[20:07:03]: 9365
[20:07:03]: 9365
[20:07:03]: 9365
[20:07:04]: 9364
[20:07:04]: 9365
[20:07:04]: 9365
[20:07:05]: 9363
[20:07:05]: 9363
[20:07:05]: 9363
[20:07:05]: 9363
[20:07:06]: 9363
[20:07:06]: 9363
[20:07:06]: 9362
[20:07:07]: 9362
[20:07:07]: 9362
[20:07:08]: 9360
[20:07:08]: 9360
[20:07:08]: 9360
[20:07:08]: 9361
[20:07:09]: 9360
[20:07:09]: 9360
[20:07:09]: 9360
[20:07:10]: 9359
[20:07:10]: 9359
[20:07:10]: 9358
[20:07:11]: 9358
[20:07:11]: 9357
[20:07:11]: 9358
[20:07:12]: 9358
[20:07:12]: 9357
[20:07:12]: 9356
[20:07:13]: 9356
[20:07:13]: 9356
[20:07:13]: 9356
[20:07:14]: 9355
[20:07:14]: 9356
[20:07:14]: 9355
[20:07:15]: 9355
[20:07:15]: 9355
[20:07:15]: 9354
[20:07:15]: 9354
[20:07:16]: 9354
[20:07:16]: 9353
[20:07:16]: 9353
[20:07:17]: 9354
[20:07:17]: 9352
[20:07:17]: 9352
[20:07:18]: 9353
[20:07:18]: 9353
[20:07:18]: 9352
[20:07:19]: 9351
[20:07:19]: 9351
[20:07:19]: 9352
[20:07:20]: 9351
[20:07:20]: 9351
[20:07:20]: 9350
[20:07:21]: 9351
[20:07:21]: 9350
[20:07:21]: 9350
[20:07:22]: 9349
[20:07:22]: 9350
[20:07:22]: 9349
[20:07:22]: 9348
[20:07:23]: 9348
[20:07:23]: 9349
[20:07:23]: 9349
[20:07:24]: 9348
[20:07:24]: 9348
[20:07:24]: 9347
[20:07:25]: 9348
[20:07:25]: 9347
[20:07:25]: 9346
[20:07:26]: 9347
[20:07:26]: 9347
[20:07:26]: 9346
[20:07:27]: 9346
[20:07:27]: 9345
[20:07:27]: 9345
[20:07:28]: 9346
[20:07:28]: 9346
 Close valve LR4
[20:07:29]: W2 OH-
 Open valve LRW2
[20:07:29]: 9343
[20:07:30]: 8775
[20:07:30]: 8732
[20:07:30]: 8718
[20:07:31]: 8707
[20:07:31]: 8719
[20:07:31]: 8702
[20:07:32]: 8718
[20:07:32]: 8716
[20:07:32]: 8717
[20:07:32]: 8711
[20:07:33]: 8704
[20:07:33]: 8711
[20:07:33]: 8699
[20:07:34]: 8699
[20:07:34]: 8712
[20:07:34]: 8700
[20:07:35]: 8696
[20:07:35]: 8707
[20:07:35]: 8700
[20:07:36]: 8701
[20:07:36]: 8695
[20:07:36]: 8698
[20:07:36]: 8694
[20:07:37]: 8696
[20:07:37]: 8703
[20:07:37]: 8694
[20:07:38]: 8692
[20:07:38]: 8708
[20:07:38]: 8702
[20:07:39]: 8694
[20:07:39]: 8689
[20:07:39]: 8695
[20:07:40]: 8690
[20:07:40]: 8704
[20:07:40]: 8704
[20:07:41]: 8691
[20:07:41]: 8695
[20:07:41]: 8692
[20:07:41]: 8689
[20:07:42]: 8703
[20:07:42]: 8689
[20:07:42]: 8702
[20:07:43]: 8694
[20:07:43]: 8695
[20:07:43]: 8690
[20:07:44]: 8687
[20:07:44]: 8702
[20:07:44]: 8692
[20:07:45]: 8698
[20:07:45]: 8687
[20:07:45]: 8699
[20:07:45]: 8697
[20:07:46]: 8689
[20:07:46]: 8687
[20:07:46]: 8686
[20:07:47]: 8697
[20:07:47]: 8685
[20:07:47]: 8686
[20:07:48]: 8689
[20:07:48]: 8690
[20:07:48]: 8694
[20:07:49]: 8698
[20:07:49]: 8697
[20:07:49]: 8695
[20:07:49]: 8699
[20:07:50]: 8685
[20:07:50]: 8698
[20:07:50]: 8691
[20:07:51]: 8689
[20:07:51]: 8695
[20:07:51]: 8684
[20:07:52]: 8686
[20:07:52]: 8693
[20:07:52]: 8688
[20:07:53]: 8689
[20:07:53]: 8684
[20:07:53]: 8695
[20:07:53]: 8697
[20:07:54]: 8683
[20:07:54]: 8684
[20:07:54]: 8692
[20:07:55]: 8694
[20:07:55]: 8683
[20:07:55]: 8692
[20:07:56]: 8685
[20:07:56]: 8682
[20:07:56]: 8694
[20:07:57]: 8681
[20:07:57]: 8683
[20:07:57]: 8690
[20:07:57]: 8684
[20:07:58]: 8689
[20:07:58]: 8686
[20:07:58]: 8681
[20:07:59]: 8680
[20:07:59]: 8693
[20:07:59]: 8681
[20:08:00]: 8690
[20:08:00]: 8690
[20:08:00]: 8681
[20:08:01]: 8681
[20:08:01]: 8684
[20:08:01]: 8682
[20:08:02]: 8679
[20:08:02]: 8680
[20:08:02]: 8679
[20:08:02]: 8683
[20:08:03]: 8684
[20:08:03]: 8685
[20:08:04]: 8686
[20:08:04]: 8681
[20:08:04]: 8680
[20:08:05]: 8680
[20:08:05]: 8685
[20:08:05]: 8679
[20:08:05]: 8684
[20:08:06]: 8689
[20:08:06]: 8687
[20:08:06]: 8678
[20:08:07]: 8683
[20:08:07]: 8679
[20:08:07]: 8685
[20:08:08]: 8688
[20:08:08]: 8683
[20:08:08]: 8687
[20:08:09]: 8678
[20:08:09]: 8683
[20:08:09]: 8678
[20:08:10]: 8677
[20:08:10]: 8679
[20:08:10]: 8681
[20:08:11]: 8684
[20:08:11]: 8676
[20:08:11]: 8687
[20:08:11]: 8676
[20:08:12]: 8678
[20:08:12]: 8680
[20:08:12]: 8683
[20:08:13]: 8678
[20:08:13]: 8676
[20:08:13]: 8677
[20:08:14]: 8676
[20:08:14]: 8683
[20:08:14]: 8676
[20:08:15]: 8680
[20:08:15]: 8676
[20:08:15]: 8675
[20:08:16]: 8683
[20:08:16]: 8686
 Close valve LRW2
[20:08:17]: CIRCLE H+
 Open valve LR1
[20:08:17]: 9322
[20:08:18]: 9338
[20:08:18]: 9338
[20:08:18]: 9336
[20:08:19]: 9337
[20:08:19]: 9349
[20:08:19]: 9350
[20:08:20]: 9351
[20:08:20]: 9351
[20:08:20]: 9351
[20:08:21]: 9349
[20:08:21]: 9350
[20:08:21]: 9350
[20:08:21]: 9350
[20:08:22]: 9350
[20:08:22]: 9350
[20:08:22]: 9350
[20:08:23]: 9349
[20:08:23]: 9351
[20:08:23]: 9350
[20:08:24]: 9350
[20:08:24]: 9349
[20:08:24]: 9349
[20:08:25]: 9350
[20:08:25]: 9349
[20:08:25]: 9348
[20:08:26]: 9348
[20:08:26]: 9349
[20:08:26]: 9348
[20:08:27]: 9349
[20:08:27]: 9349
[20:08:27]: 9348
[20:08:28]: 9349
[20:08:28]: 9349
[20:08:28]: 9347
[20:08:28]: 9347
[20:08:29]: 9348
[20:08:29]: 9348
[20:08:29]: 9347
[20:08:30]: 9347
[20:08:30]: 9347
[20:08:30]: 9348
[20:08:31]: 9347
[20:08:31]: 9347
[20:08:31]: 9346
[20:08:32]: 9346
[20:08:32]: 9346
[20:08:32]: 9345
[20:08:33]: 9347
[20:08:33]: 9346
[20:08:33]: 9346
[20:08:33]: 9345
[20:08:34]: 9345
[20:08:34]: 9345
[20:08:34]: 9345
[20:08:35]: 9345
[20:08:35]: 9345
[20:08:35]: 9345
[20:08:36]: 9344
[20:08:36]: 9344
[20:08:36]: 9343
[20:08:37]: 9344
[20:08:37]: 9344
[20:08:37]: 9344
[20:08:38]: 9342
[20:08:38]: 9343
[20:08:38]: 9343
[20:08:39]: 9342
[20:08:39]: 9342
[20:08:39]: 9342
[20:08:40]: 9341
[20:08:40]: 9343
[20:08:40]: 9341
[20:08:41]: 9341
[20:08:41]: 9341
[20:08:41]: 9341
[20:08:41]: 9341
[20:08:42]: 9342
[20:08:42]: 9340
[20:08:42]: 9341
[20:08:43]: 9339
[20:08:43]: 9341
[20:08:43]: 9340
[20:08:44]: 9339
[20:08:44]: 9339
[20:08:44]: 9339
[20:08:45]: 9339
[20:08:45]: 9340
[20:08:45]: 9339
[20:08:45]: 9338
[20:08:46]: 9339
[20:08:46]: 9338
[20:08:46]: 9338
[20:08:47]: 9338
[20:08:47]: 9339
[20:08:47]: 9338
[20:08:48]: 9338
[20:08:48]: 9337
[20:08:48]: 9338
[20:08:48]: 9337
[20:08:49]: 9338
[20:08:49]: 9336
[20:08:49]: 9336
[20:08:50]: 9337
[20:08:50]: 9336
[20:08:50]: 9337
[20:08:51]: 9336
[20:08:51]: 9335
[20:08:51]: 9337
[20:08:52]: 9335
[20:08:52]: 9335
[20:08:52]: 9336
[20:08:52]: 9335
[20:08:53]: 9335
[20:08:53]: 9335
[20:08:53]: 9335
[20:08:54]: 9334
[20:08:54]: 9334
[20:08:54]: 9334
[20:08:55]: 9334
[20:08:55]: 9334
[20:08:55]: 9334
[20:08:56]: 9334
[20:08:56]: 9334
[20:08:56]: 9332
[20:08:57]: 9334
[20:08:57]: 9334
[20:08:57]: 9332
[20:08:58]: 9333
[20:08:58]: 9333
[20:08:58]: 9332
[20:08:58]: 9332
[20:08:59]: 9331
[20:08:59]: 9331
[20:08:59]: 9332
[20:09:00]: 9331
[20:09:00]: 9331
[20:09:00]: 9331
[20:09:01]: 9331
[20:09:01]: 9331
[20:09:01]: 9331
[20:09:02]: 9330
[20:09:02]: 9331
[20:09:02]: 9330
[20:09:02]: 9329
[20:09:03]: 9331
[20:09:03]: 9329
[20:09:03]: 9329
[20:09:04]: 9330
[20:09:04]: 9330
 Close valve LR1
[20:09:05]: W2 OH-
 Open valve LRW2
[20:09:05]: 9323
[20:09:06]: 8740
[20:09:06]: 8682
[20:09:06]: 8663
[20:09:07]: 8662
[20:09:07]: 8657
[20:09:07]: 8653
[20:09:08]: 8653
[20:09:08]: 8657
[20:09:08]: 8653
[20:09:09]: 8651
[20:09:09]: 8650
[20:09:09]: 8652
[20:09:10]: 8650
[20:09:10]: 8659
[20:09:10]: 8655
[20:09:10]: 8651
[20:09:11]: 8659
[20:09:11]: 8648
[20:09:11]: 8659
[20:09:12]: 8646
[20:09:12]: 8647
[20:09:12]: 8653
[20:09:13]: 8649
[20:09:13]: 8658
[20:09:13]: 8647
[20:09:14]: 8645
[20:09:14]: 8659
[20:09:14]: 8647
[20:09:15]: 8651
[20:09:15]: 8651
[20:09:15]: 8643
[20:09:15]: 8646
[20:09:16]: 8649
[20:09:16]: 8644
[20:09:16]: 8641
[20:09:17]: 8655
[20:09:17]: 8657
[20:09:17]: 8647
[20:09:18]: 8647
[20:09:18]: 8642
[20:09:18]: 8648
[20:09:19]: 8656
[20:09:19]: 8652
[20:09:19]: 8646
[20:09:20]: 8649
[20:09:20]: 8644
[20:09:20]: 8643
[20:09:21]: 8652
[20:09:21]: 8639
[20:09:21]: 8646
[20:09:22]: 8644
[20:09:22]: 8640
[20:09:22]: 8639
[20:09:22]: 8649
[20:09:23]: 8642
[20:09:23]: 8650
[20:09:24]: 8655
[20:09:24]: 8643
[20:09:24]: 8650
[20:09:25]: 8645
[20:09:25]: 8640
[20:09:25]: 8648
[20:09:25]: 8641
[20:09:26]: 8646
[20:09:26]: 8641
[20:09:26]: 8652
[20:09:27]: 8650
[20:09:27]: 8651
[20:09:27]: 8640
[20:09:28]: 8637
[20:09:28]: 8639
[20:09:28]: 8639
[20:09:29]: 8646
[20:09:29]: 8648
[20:09:29]: 8637
[20:09:30]: 8651
[20:09:30]: 8636
[20:09:30]: 8640
[20:09:31]: 8645
[20:09:31]: 8640
[20:09:31]: 8639
[20:09:32]: 8636
[20:09:32]: 8651
[20:09:32]: 8637
[20:09:33]: 8643
[20:09:33]: 8644
[20:09:33]: 8646
[20:09:33]: 8651
[20:09:34]: 8648
[20:09:34]: 8644
[20:09:34]: 8645
[20:09:35]: 8651
[20:09:35]: 8636
[20:09:35]: 8639
[20:09:36]: 8642
[20:09:36]: 8647
[20:09:36]: 8643
[20:09:37]: 8638
[20:09:37]: 8651
[20:09:37]: 8649
[20:09:38]: 8647
[20:09:38]: 8639
[20:09:38]: 8647
[20:09:39]: 8642
[20:09:39]: 8647
[20:09:39]: 8640
[20:09:40]: 8649
[20:09:40]: 8636
[20:09:40]: 8643
[20:09:41]: 8635
[20:09:41]: 8650
[20:09:41]: 8636
[20:09:41]: 8634
[20:09:42]: 8648
[20:09:42]: 8635
[20:09:42]: 8643
[20:09:43]: 8642
[20:09:43]: 8646
[20:09:43]: 8649
[20:09:44]: 8635
[20:09:44]: 8636
[20:09:44]: 8645
[20:09:45]: 8639
[20:09:45]: 8647
[20:09:45]: 8637
[20:09:46]: 8647
[20:09:46]: 8646
[20:09:46]: 8649
[20:09:47]: 8645
[20:09:47]: 8641
[20:09:47]: 8642
[20:09:47]: 8654
[20:09:48]: 8651
[20:09:48]: 8659
[20:09:48]: 8650
[20:09:49]: 8647
[20:09:49]: 8653
[20:09:49]: 8662
[20:09:50]: 8653
[20:09:50]: 8649
[20:09:50]: 8664
[20:09:51]: 8652
[20:09:51]: 8661
[20:09:51]: 8667
[20:09:52]: 8652
[20:09:52]: 8651
[20:09:52]: 8666
[20:09:53]: 8661
[20:09:53]: 8663
 Close valve LRW2
[20:09:54]: CROSS H+
 Open valve LR2
[20:09:54]: 9328
[20:09:55]: 9344
[20:09:55]: 9347
[20:09:55]: 9353
[20:09:56]: 9354
[20:09:56]: 9356
[20:09:56]: 9358
[20:09:57]: 9358
[20:09:57]: 9358
[20:09:57]: 9357
[20:09:58]: 9358
[20:09:58]: 9358
[20:09:58]: 9356
[20:09:59]: 9356
[20:09:59]: 9356
[20:09:59]: 9357
[20:09:59]: 9357
[20:10:00]: 9356
[20:10:00]: 9357
[20:10:00]: 9357
[20:10:01]: 9357
[20:10:01]: 9355
[20:10:01]: 9356
[20:10:02]: 9355
[20:10:02]: 9355
[20:10:02]: 9355
[20:10:03]: 9355
[20:10:03]: 9355
[20:10:03]: 9354
[20:10:04]: 9353
[20:10:04]: 9355
[20:10:04]: 9353
[20:10:05]: 9353
[20:10:05]: 9353
[20:10:05]: 9354
[20:10:06]: 9354
[20:10:06]: 9354
[20:10:06]: 9352
[20:10:06]: 9352
[20:10:07]: 9352
[20:10:07]: 9352
[20:10:07]: 9352
[20:10:08]: 9352
[20:10:08]: 9351
[20:10:08]: 9352
[20:10:09]: 9352
[20:10:09]: 9352
[20:10:09]: 9350
[20:10:10]: 9351
[20:10:10]: 9350
[20:10:10]: 9350
[20:10:11]: 9350
[20:10:11]: 9351
[20:10:11]: 9351
[20:10:12]: 9349
[20:10:12]: 9350
[20:10:12]: 9349
[20:10:13]: 9350
[20:10:13]: 9350
[20:10:13]: 9350
[20:10:14]: 9349
[20:10:14]: 9349

