 Close valve HP_IN
 Close valve HP_OUT
 Close valve L1_OUT
 Close valve L2_OUT
 Close valve L3_OUT
 Close valve L_HP
 Close valve LR1
 Close valve LR2
 Close valve LR3
 Close valve LR4
 Close valve LRW2
 Close valve LWASTE
 Close valve R1_4
 Close valve V21
 Close valve V24
 Close valve V4
 Close valve VH
 Close valve W1
 Close valve W2
 Close valve W3
 Open valve HP_IN
 Open valve W2
 Open valve R1_4
 Open valve V21
[19:22:38]: Forward liquid flow activated
[19:22:38]: Pump W2
 Open valve LRW2
 Open valve V24
 Open valve V4
 Open valve L2_OUT
 Close valve L2_OUT
 Close valve V4
 Close valve V24
 Close valve LRW2
[19:23:08]: Loop start
[19:23:08]: W2 OH-
 Open valve LRW2
 Open valve V24
[19:23:09]: 9113
[19:23:09]: 9116
[19:23:09]: 9118
[19:23:10]: 9117
[19:23:10]: 9113
[19:23:10]: 9117
[19:23:10]: 9119
[19:23:11]: 9118
[19:23:11]: 9115
[19:23:11]: 9121
[19:23:12]: 9122
[19:23:12]: 9114
[19:23:12]: 9117
[19:23:13]: 9116
[19:23:13]: 9119
[19:23:13]: 9123
[19:23:14]: 9124
[19:23:14]: 9120
[19:23:14]: 9123
[19:23:14]: 9127
[19:23:15]: 9119
[19:23:15]: 9126
[19:23:15]: 9124
[19:23:16]: 9127
[19:23:16]: 9123
[19:23:16]: 9124
[19:23:17]: 9125
[19:23:17]: 9127
[19:23:17]: 9124
[19:23:18]: 9134
[19:23:18]: 9133
[19:23:18]: 9132
[19:23:19]: 9128
[19:23:19]: 9128
[19:23:19]: 9134
[19:23:19]: 9130
[19:23:20]: 9134
[19:23:20]: 9130
[19:23:20]: 9128
[19:23:21]: 9138
[19:23:21]: 9137
[19:23:21]: 9132
[19:23:22]: 9136
[19:23:22]: 9133
[19:23:22]: 9138
[19:23:23]: 9133
[19:23:23]: 9137
[19:23:23]: 9138
[19:23:23]: 9142
[19:23:24]: 9133
[19:23:24]: 9140
[19:23:24]: 9142
[19:23:25]: 9136
[19:23:25]: 9139
[19:23:25]: 9143
[19:23:26]: 9145
[19:23:26]: 9145
[19:23:26]: 9144
[19:23:27]: 9139
[19:23:27]: 9143
 Close valve V24
 Close valve LRW2
[19:23:27]: CIRCLE H+
 Open valve LR1
[19:23:28]: 9097
[19:23:28]: 9821
[19:23:28]: 9777
[19:23:29]: 9768
[19:23:29]: 9755
[19:23:29]: 9749
[19:23:30]: 9744
[19:23:30]: 9739
[19:23:30]: 9734
[19:23:30]: 9731
[19:23:31]: 9729
[19:23:31]: 9727
[19:23:31]: 9718
[19:23:32]: 9722
[19:23:32]: 9718
[19:23:32]: 9715
[19:23:33]: 9712
[19:23:33]: 9710
[19:23:33]: 9708
[19:23:34]: 9708
[19:23:34]: 9703
[19:23:34]: 9705
[19:23:34]: 9704
[19:23:35]: 9697
[19:23:35]: 9696
[19:23:35]: 9699
[19:23:36]: 9696
[19:23:36]: 9693
[19:23:36]: 9693
[19:23:37]: 9691
[19:23:37]: 9690
[19:23:37]: 9688
[19:23:38]: 9689
[19:23:38]: 9689
[19:23:38]: 9688
[19:23:38]: 9685
[19:23:39]: 9681
[19:23:39]: 9681
[19:23:39]: 9680
[19:23:40]: 9678
[19:23:40]: 9678
[19:23:40]: 9678
[19:23:41]: 9677
[19:23:41]: 9671
[19:23:41]: 9675
[19:23:42]: 9673
[19:23:42]: 9670
[19:23:42]: 9670
[19:23:43]: 9669
[19:23:43]: 9668
[19:23:43]: 9668
[19:23:43]: 9668
[19:23:44]: 9662
[19:23:44]: 9661
[19:23:44]: 9665
[19:23:45]: 9664
[19:23:45]: 9660
[19:23:45]: 9659
[19:23:46]: 9659
[19:23:46]: 9656
 Close valve LR1
[19:23:46]: W2 OH-
 Open valve LRW2
 Open valve V24
[19:23:46]: 9654
[19:23:47]: 8928
[19:23:47]: 8831
[19:23:47]: 8843
[19:23:48]: 8885
[19:23:48]: 8924
[19:23:48]: 8953
[19:23:49]: 8970
[19:23:49]: 8991
[19:23:49]: 8996
[19:23:49]: 9007
[19:23:50]: 9009
[19:23:50]: 9016
[19:23:50]: 9026
[19:23:51]: 9028
[19:23:51]: 9033
[19:23:51]: 9043
[19:23:52]: 9039
[19:23:52]: 9043
[19:23:52]: 9049
[19:23:53]: 9054
[19:23:53]: 9060
[19:23:53]: 9059
[19:23:54]: 9064
[19:23:54]: 9065
[19:23:54]: 9066
[19:23:54]: 9069
[19:23:55]: 9079
[19:23:55]: 9078
[19:23:55]: 9078
[19:23:56]: 9085
[19:23:56]: 9087
[19:23:56]: 9086
[19:23:57]: 9089
[19:23:57]: 9095
[19:23:57]: 9096
[19:23:58]: 9096
[19:23:58]: 9095
[19:23:58]: 9096
[19:23:59]: 9102
[19:23:59]: 9104
[19:23:59]: 9107
[19:24:00]: 9100
[19:24:00]: 9104
[19:24:00]: 9107
[19:24:00]: 9110
[19:24:01]: 9111
[19:24:01]: 9109
[19:24:01]: 11363
[19:24:02]: 11860
[19:24:02]: 11964
[19:24:02]: 12032
[19:24:03]: 12079
[19:24:03]: 12103
[19:24:03]: 12128
[19:24:04]: 11929
[19:24:04]: 11932
[19:24:04]: 11932
[19:24:05]: 11922
[19:24:05]: 11930
 Close valve V24
 Close valve LRW2
[19:24:05]: CROSS H+
 Open valve LR2
[19:24:05]: 11926
[19:24:06]: 12613
[19:24:06]: 12615
[19:24:06]: 12608
[19:24:07]: 12608
[19:24:07]: 12611
[19:24:07]: 12612
[19:24:08]: 12607
[19:24:08]: 12492
[19:24:08]: 12428
[19:24:08]: 12392
[19:24:09]: 12355
[19:24:09]: 12321
[19:24:09]: 12299
[19:24:10]: 12268
[19:24:10]: 12253
[19:24:10]: 12254
[19:24:11]: 9778
[19:24:11]: 9733
[19:24:11]: 9713
[19:24:12]: 10054
[19:24:12]: 10728
[19:24:12]: 10990
[19:24:12]: 11115
[19:24:13]: 11216
[19:24:13]: 11281
[19:24:13]: 9695
[19:24:14]: 9688
[19:24:14]: 9684
[19:24:14]: 9680
[19:24:15]: 9679
[19:24:15]: 9677
[19:24:15]: 9676
[19:24:16]: 9673
[19:24:16]: 10286
[19:24:16]: 9668
[19:24:17]: 9667
[19:24:17]: 9664
[19:24:17]: 9664
[19:24:17]: 9664
[19:24:18]: 9659
[19:24:18]: 9657
[19:24:18]: 9661
[19:24:19]: 9661
[19:24:19]: 9657
[19:24:19]: 10125
[19:24:20]: 10453
[19:24:20]: 10635
[19:24:20]: 10800
[19:24:21]: 10866
[19:24:21]: 10941
[19:24:21]: 10973
[19:24:22]: 11016
[19:24:22]: 11081
[19:24:22]: 11122
[19:24:23]: 11134
[19:24:23]: 10884
[19:24:23]: 11235
[19:24:23]: 11147
[19:24:24]: 11223
 Close valve LR2
[19:24:24]: W2 OH-
 Open valve LRW2
 Open valve V24
[19:24:24]: 11257
[19:24:25]: 10773
[19:24:25]: 10715
[19:24:25]: 10879
[19:24:25]: 11280
[19:24:26]: 11585
[19:24:26]: 8938
[19:24:26]: 8954
[19:24:27]: 8964
[19:24:27]: 8973
[19:24:27]: 8991
[19:24:28]: 9000
[19:24:28]: 9005
[19:24:28]: 9017
[19:24:29]: 9022
[19:24:29]: 9029
[19:24:29]: 9040
[19:24:29]: 9043
[19:24:30]: 9048
[19:24:30]: 9057
[19:24:30]: 9054
[19:24:31]: 9058
[19:24:31]: 9063
[19:24:31]: 9070
[19:24:32]: 9071
[19:24:32]: 9078
[19:24:32]: 9081
[19:24:33]: 9079
[19:24:33]: 9080
[19:24:33]: 9082
[19:24:34]: 9092
[19:24:34]: 9092
[19:24:34]: 9091
[19:24:35]: 9093
[19:24:35]: 9096
[19:24:35]: 9101
[19:24:35]: 9104
[19:24:36]: 9104
[19:24:36]: 9103
[19:24:36]: 9106
[19:24:37]: 9109
[19:24:37]: 9106
[19:24:37]: 9109
[19:24:38]: 9111
[19:24:38]: 9109
[19:24:38]: 9117
[19:24:39]: 9119
[19:24:39]: 9112
[19:24:39]: 9113
[19:24:40]: 9117
[19:24:40]: 9115
[19:24:40]: 9122
[19:24:40]: 11603
[19:24:41]: 11923
[19:24:41]: 12023
[19:24:41]: 12070
[19:24:42]: 12125
[19:24:42]: 12148
[19:24:42]: 12144
[19:24:43]: 12175
 Close valve V24
 Close valve LRW2
[19:24:43]: SQUARE H+
 Open valve LR3
[19:24:43]: 12183
[19:24:43]: 12556
[19:24:44]: 12479
[19:24:44]: 12437
[19:24:44]: 12400
[19:24:45]: 12382
[19:24:45]: 12345
[19:24:45]: 12323
[19:24:46]: 12322
[19:24:46]: 12294
[19:24:46]: 12282
[19:24:47]: 12277
[19:24:47]: 12262
[19:24:47]: 12251
[19:24:47]: 12242
[19:24:48]: 12244
[19:24:48]: 12223
[19:24:48]: 12225
[19:24:49]: 12215
[19:24:49]: 12189
[19:24:49]: 12174
[19:24:50]: 12197
[19:24:50]: 12185
[19:24:50]: 12201
[19:24:51]: 12173
[19:24:51]: 12113
[19:24:51]: 12105
[19:24:51]: 12109
[19:24:52]: 12071
[19:24:52]: 12067
[19:24:52]: 12066
[19:24:53]: 9723
[19:24:53]: 9703
[19:24:53]: 9692
[19:24:54]: 9680
[19:24:54]: 9676
[19:24:54]: 9677
[19:24:55]: 9673
[19:24:55]: 9669
[19:24:55]: 9667
[19:24:56]: 9666
[19:24:56]: 9664
[19:24:56]: 9661
[19:24:56]: 9658
[19:24:57]: 9662
[19:24:57]: 9660
[19:24:57]: 9658
[19:24:58]: 9655
[19:24:58]: 9654
[19:24:58]: 9653
[19:24:59]: 9653
[19:24:59]: 9653
[19:24:59]: 9653
[19:25:00]: 9647
[19:25:00]: 9646
[19:25:00]: 9649
[19:25:00]: 9647
[19:25:01]: 9645
[19:25:01]: 9645
[19:25:01]: 9643
 Close valve LR3
[19:25:01]: W2 OH-
 Open valve LRW2
 Open valve V24
[19:25:02]: 9644
[19:25:02]: 9449
[19:25:02]: 8851
[19:25:03]: 8828
[19:25:03]: 8843
[19:25:03]: 8874
[19:25:04]: 8913
[19:25:04]: 8929
[19:25:04]: 8948
[19:25:05]: 8969
[19:25:05]: 8979
[19:25:05]: 8989
[19:25:06]: 9003
[19:25:06]: 9008
[19:25:06]: 9018
[19:25:06]: 9030
[19:25:07]: 9031
[19:25:07]: 9036
[19:25:07]: 9049
[19:25:08]: 9052
[19:25:08]: 9055
[19:25:08]: 9062
[19:25:09]: 9065
[19:25:09]: 9067
[19:25:09]: 9073
[19:25:10]: 9074
[19:25:10]: 9081
[19:25:10]: 9085
[19:25:10]: 9081
[19:25:11]: 9086
[19:25:11]: 9091
[19:25:11]: 9091
[19:25:12]: 9097
[19:25:12]: 9095
[19:25:12]: 9098
[19:25:13]: 9102
[19:25:13]: 9101
[19:25:13]: 9101
[19:25:14]: 9110
[19:25:14]: 9110
[19:25:14]: 9109
[19:25:14]: 9113
[19:25:15]: 9115
[19:25:15]: 9115
[19:25:15]: 9114
[19:25:16]: 9121
[19:25:16]: 9122
[19:25:16]: 9117
[19:25:17]: 9121
[19:25:17]: 9123
[19:25:17]: 9122
[19:25:18]: 9127
[19:25:18]: 9128
[19:25:18]: 9127
[19:25:19]: 9131
[19:25:19]: 9134
[19:25:19]: 9134
[19:25:19]: 9130
[19:25:20]: 9135
[19:25:20]: 9133
 Close valve V24
 Close valve LRW2
[19:25:20]: PLUS H+
 Open valve LR4
[19:25:21]: 9108
[19:25:21]: 9816
[19:25:21]: 9765
[19:25:22]: 9751
[19:25:22]: 9743
[19:25:22]: 9737
[19:25:22]: 9726
[19:25:23]: 9721
[19:25:23]: 9718
[19:25:23]: 9716
[19:25:24]: 9712
[19:25:24]: 9708
[19:25:24]: 9705
[19:25:25]: 9701
[19:25:25]: 9703
[19:25:25]: 9697
[19:25:26]: 9694
[19:25:26]: 9698
[19:25:26]: 9695
[19:25:27]: 9692
[19:25:27]: 9690
[19:25:27]: 9688
[19:25:27]: 9686
[19:25:28]: 9687
[19:25:28]: 9686
[19:25:28]: 9680
[19:25:29]: 9679
[19:25:29]: 9682
[19:25:29]: 9680
[19:25:30]: 9677
[19:25:30]: 9676
[19:25:30]: 9675
[19:25:31]: 9675
[19:25:31]: 9675
[19:25:31]: 9674
[19:25:32]: 9673
[19:25:32]: 9671
[19:25:32]: 9676
[19:25:32]: 9650
[19:25:33]: 9678
[19:25:33]: 9669
[19:25:33]: 9658
[19:25:34]: 9664
[19:25:34]: 9662
[19:25:34]: 9661
[19:25:35]: 9660
[19:25:35]: 9661
[19:25:35]: 9660
[19:25:36]: 9658
[19:25:36]: 9656
[19:25:36]: 9655
[19:25:37]: 9654
[19:25:37]: 9652
[19:25:37]: 9655
[19:25:38]: 9649
[19:25:38]: 9649
[19:25:38]: 9649
[19:25:39]: 9649
[19:25:39]: 9648
[19:25:39]: 9645
 Close valve LR4
[19:25:39]: W2 OH-
 Open valve LRW2
 Open valve V24
[19:25:40]: 9648
[19:25:40]: 9165
[19:25:40]: 8839
[19:25:41]: 8828
[19:25:41]: 8852
[19:25:41]: 8889
[19:25:42]: 8928
[19:25:42]: 8955
[19:25:42]: 8970
[19:25:43]: 8981
[19:25:43]: 8990
[19:25:43]: 9001
[19:25:44]: 9014
[19:25:44]: 9018
[19:25:44]: 9028
[19:25:44]: 9035
[19:25:45]: 9038
[19:25:45]: 9048
[19:25:45]: 9045
[19:25:46]: 9052
[19:25:46]: 9059
[19:25:46]: 9065
[19:25:47]: 9064
[19:25:47]: 9075
[19:25:47]: 9079
[19:25:48]: 9075
[19:25:48]: 9084
[19:25:48]: 9084
[19:25:49]: 9088
[19:25:49]: 9091
[19:25:49]: 9091
[19:25:50]: 9092
[19:25:50]: 9093
[19:25:50]: 9099
[19:25:50]: 9097
[19:25:51]: 9102
[19:25:51]: 9103
[19:25:51]: 8593
[19:25:52]: 9614
[19:25:52]: 10428
[19:25:52]: 10885
[19:25:53]: 11459
[19:25:53]: 11898
[19:25:53]: 11945
[19:25:54]: 12210
[19:25:54]: 12385
[19:25:54]: 12485
[19:25:55]: 12560
[19:25:55]: 12612
[19:25:55]: 12652
[19:25:55]: 12687
[19:25:56]: 12721
[19:25:56]: 12724
[19:25:56]: 12739
[19:25:57]: 12750
[19:25:57]: 12773
[19:25:57]: 12782
[19:25:58]: 12793
[19:25:58]: 12806
[19:25:58]: 12810
 Close valve V24
 Close valve LRW2
[19:25:58]: CIRCLE H+
 Open valve LR1
[19:25:59]: 12846
[19:25:59]: 13129
[19:25:59]: 12978
[19:26:00]: 12900
[19:26:00]: 12851
[19:26:00]: 12822
[19:26:01]: 12789
[19:26:01]: 12760
[19:26:01]: 12742
[19:26:01]: 12716
[19:26:02]: 12693
[19:26:02]: 12673
[19:26:02]: 12660
[19:26:03]: 12645
[19:26:03]: 12634
[19:26:03]: 12618
[19:26:04]: 12599
[19:26:04]: 12586
[19:26:04]: 12575
[19:26:05]: 12561
[19:26:05]: 12560
[19:26:05]: 9874
[19:26:05]: 9747
[19:26:06]: 9711
[19:26:06]: 9695
[19:26:06]: 9687
[19:26:07]: 9680
[19:26:07]: 9679
[19:26:07]: 9675
[19:26:08]: 9674
[19:26:08]: 9668
[19:26:08]: 9665
[19:26:09]: 9663
[19:26:09]: 9663
[19:26:09]: 9662
[19:26:10]: 9660
[19:26:10]: 9659
[19:26:10]: 9657
[19:26:10]: 9655
[19:26:11]: 9658
[19:26:11]: 9657
[19:26:11]: 9651
[19:26:12]: 9651
[19:26:12]: 9652
[19:26:12]: 9650
[19:26:13]: 9649
[19:26:13]: 9648
[19:26:13]: 9646
[19:26:14]: 9644
[19:26:14]: 9648
[19:26:14]: 9646
[19:26:15]: 9644
[19:26:15]: 9643
[19:26:15]: 9642
[19:26:15]: 9641
[19:26:16]: 9641
[19:26:16]: 9642
[19:26:16]: 9641
[19:26:17]: 9640
[19:26:17]: 9637
 Close valve LR1
[19:26:17]: W2 OH-
 Open valve LRW2
 Open valve V24
[19:26:17]: 9638
[19:26:18]: 9534
[19:26:18]: 8871
[19:26:18]: 8827
[19:26:19]: 8832
[19:26:19]: 10513
[19:26:19]: 11324
[19:26:20]: 11669
[19:26:20]: 11825
[19:26:20]: 11923
[19:26:21]: 12012
[19:26:21]: 12041
[19:26:21]: 12075
[19:26:22]: 12094
[19:26:22]: 12115
[19:26:22]: 12139
[19:26:23]: 12153
[19:26:23]: 12174
[19:26:23]: 9109
[19:26:23]: 9071
[19:26:24]: 9072
[19:26:24]: 9075
[19:26:24]: 9077
[19:26:25]: 9082
[19:26:25]: 9082
[19:26:25]: 9092
[19:26:26]: 9088
[19:26:26]: 9095
[19:26:26]: 9100
[19:26:27]: 9096
[19:26:27]: 9102
[19:26:27]: 9101
[19:26:27]: 9111
[19:26:28]: 9104
[19:26:28]: 9108
[19:26:28]: 9114
[19:26:29]: 9112
[19:26:29]: 9118
[19:26:29]: 9120
[19:26:30]: 9118
[19:26:30]: 9117
[19:26:30]: 11551
[19:26:31]: 11948
[19:26:31]: 12077
[19:26:31]: 12105
[19:26:32]: 12151
[19:26:32]: 12167
[19:26:32]: 12181
[19:26:32]: 12196
[19:26:33]: 12215
[19:26:33]: 12223
[19:26:33]: 12224
[19:26:34]: 12219
[19:26:34]: 12223
[19:26:34]: 12233
[19:26:35]: 12297
[19:26:35]: 12231
[19:26:35]: 12237
[19:26:36]: 12249
[19:26:36]: 12328
 Close valve V24
 Close valve LRW2
[19:26:36]: CROSS H+
 Open valve LR2
[19:26:36]: 12319
[19:26:37]: 12537
[19:26:37]: 12502
[19:26:37]: 12457
[19:26:38]: 12424
[19:26:38]: 12409
[19:26:38]: 12382
[19:26:38]: 12371
[19:26:39]: 12347
[19:26:39]: 12340
[19:26:39]: 12328
[19:26:40]: 12307
[19:26:40]: 12280
[19:26:40]: 12272
[19:26:41]: 12262
[19:26:41]: 12275
[19:26:41]: 12263
[19:26:42]: 12238
[19:26:42]: 12199
[19:26:42]: 12184
[19:26:43]: 12335
[19:26:43]: 12306
[19:26:43]: 12260
[19:26:43]: 12223
[19:26:44]: 12216
[19:26:44]: 12207
[19:26:44]: 12183
[19:26:45]: 12179
[19:26:45]: 12158
[19:26:45]: 12155
[19:26:46]: 12210
[19:26:46]: 9842
[19:26:46]: 9686
[19:26:47]: 9664
[19:26:47]: 9655
[19:26:47]: 9652
[19:26:47]: 9647
[19:26:48]: 9645
[19:26:48]: 9642
[19:26:48]: 9638
[19:26:49]: 9638
[19:26:49]: 9638
[19:26:49]: 9637
[19:26:50]: 9635
[19:26:50]: 9632
[19:26:50]: 9631
[19:26:51]: 9630
[19:26:51]: 9629
[19:26:51]: 9630
[19:26:52]: 9626
[19:26:52]: 9624
[19:26:52]: 9623
[19:26:52]: 9624
[19:26:53]: 9624
[19:26:53]: 9625
[19:26:53]: 9624
[19:26:54]: 9622
[19:26:54]: 9620
[19:26:54]: 9623
[19:26:55]: 9622
 Close valve LR2
[19:26:55]: W2 OH-
 Open valve LRW2
 Open valve V24
[19:26:55]: 9619
[19:26:55]: 9500
[19:26:56]: 8855
[19:26:56]: 8813
[19:26:56]: 8851
[19:26:57]: 8882
[19:26:57]: 8915
[19:26:57]: 8940
[19:26:58]: 8950
[19:26:58]: 8966
[19:26:58]: 8983
[19:26:58]: 8998
[19:26:59]: 9002
[19:26:59]: 9018
[19:26:59]: 9026
[19:27:00]: 9032
[19:27:00]: 9035
[19:27:00]: 9044
[19:27:01]: 9051
[19:27:01]: 11331
[19:27:01]: 11900
[19:27:02]: 12034
[19:27:02]: 12082
[19:27:02]: 12120
[19:27:03]: 12122
[19:27:03]: 12161
[19:27:03]: 12152
[19:27:04]: 12155
[19:27:04]: 12133
[19:27:04]: 12144
[19:27:04]: 12148
[19:27:05]: 12176
[19:27:05]: 12172
[19:27:05]: 12177
[19:27:06]: 12203
[19:27:06]: 12210
[19:27:06]: 12225
[19:27:07]: 12145
[19:27:07]: 12277
[19:27:07]: 12311
[19:27:08]: 12326
[19:27:08]: 9315
[19:27:08]: 9151
[19:27:09]: 9131
[19:27:09]: 9122
[19:27:09]: 9126
[19:27:09]: 9126
[19:27:10]: 9123
[19:27:10]: 9128
[19:27:10]: 9126
[19:27:11]: 9129
[19:27:11]: 9131
[19:27:11]: 9137
[19:27:12]: 9131
[19:27:12]: 9140
[19:27:12]: 9141
[19:27:13]: 9141
[19:27:13]: 9137
[19:27:13]: 9143
[19:27:14]: 9138
 Close valve V24
 Close valve LRW2
[19:27:14]: SQUARE H+
 Open valve LR3
[19:27:14]: 9135
[19:27:14]: 9790
[19:27:15]: 9728
[19:27:15]: 9711
[19:27:15]: 9702
[19:27:16]: 9664
[19:27:16]: 9692
[19:27:16]: 9632
[19:27:16]: 9683
[19:27:17]: 9656
[19:27:17]: 9675
[19:27:17]: 9664
[19:27:18]: 9662
[19:27:18]: 9661
[19:27:18]: 9651
[19:27:19]: 9656
[19:27:19]: 9652
[19:27:19]: 9645
[19:27:20]: 9658
[19:27:20]: 9655
[19:27:20]: 9651
[19:27:21]: 9651
[19:27:21]: 9650
[19:27:21]: 9647
[19:27:21]: 9645
[19:27:22]: 9649
[19:27:22]: 9648
[19:27:22]: 9645
[19:27:23]: 9642
[19:27:23]: 9642
[19:27:23]: 9641
[19:27:24]: 9640
[19:27:24]: 9638
[19:27:24]: 9636
[19:27:25]: 9635
[19:27:25]: 9638
[19:27:25]: 9637
[19:27:25]: 9633
[19:27:26]: 9633
[19:27:26]: 9633
[19:27:26]: 9632
[19:27:27]: 9632
[19:27:27]: 9632
[19:27:27]: 9632
[19:27:28]: 9630
[19:27:28]: 9629
[19:27:28]: 9627
[19:27:29]: 9627
[19:27:29]: 9627
[19:27:29]: 9627
[19:27:30]: 9626
[19:27:30]: 9621
[19:27:30]: 9621
[19:27:31]: 9623
[19:27:31]: 9621
[19:27:31]: 9620
[19:27:32]: 9619
[19:27:32]: 9618
[19:27:32]: 9620
[19:27:32]: 9620
 Close valve LR3
[19:27:32]: W2 OH-
 Open valve LRW2
 Open valve V24
[19:27:33]: 9616
[19:27:33]: 9477
[19:27:34]: 8844
[19:27:34]: 8812
[19:27:34]: 8852
[19:27:34]: 8917
[19:27:35]: 8955
[19:27:35]: 8978
[19:27:35]: 8995
[19:27:36]: 9011
[19:27:36]: 9019
[19:27:36]: 9029
[19:27:37]: 9033
[19:27:37]: 9039
[19:27:37]: 9051
[19:27:38]: 9054
[19:27:38]: 9059
[19:27:38]: 9063
[19:27:38]: 9071
[19:27:39]: 9075
[19:27:39]: 9077
[19:27:39]: 9085
[19:27:40]: 9083
[19:27:40]: 9093
[19:27:40]: 9097
[19:27:41]: 9093
[19:27:41]: 9099
[19:27:41]: 9104
[19:27:42]: 9108
[19:27:42]: 9107
[19:27:42]: 9112
[19:27:43]: 9117
[19:27:43]: 9113
[19:27:43]: 9116
[19:27:43]: 9120
[19:27:44]: 9124
[19:27:44]: 9124
[19:27:44]: 9126
[19:27:45]: 9127
[19:27:45]: 9130
[19:27:45]: 9130
[19:27:46]: 9138
[19:27:46]: 9139
[19:27:46]: 9135
[19:27:47]: 9139
[19:27:47]: 9143
[19:27:47]: 9140
[19:27:47]: 9143
[19:27:48]: 9146
[19:27:48]: 9146
[19:27:48]: 9150
[19:27:49]: 9150
[19:27:49]: 9147
[19:27:49]: 9150
[19:27:50]: 9155
[19:27:50]: 9153
[19:27:50]: 9157
[19:27:51]: 9155
[19:27:51]: 9156
[19:27:51]: 9160
 Close valve V24
 Close valve LRW2
[19:27:51]: PLUS H+
 Open valve LR4
[19:27:52]: 9157
[19:27:52]: 9824
[19:27:52]: 9764
[19:27:53]: 9746
[19:27:53]: 9735
[19:27:53]: 9732
[19:27:53]: 9726
[19:27:54]: 9716
[19:27:54]: 9712
[19:27:54]: 9709
[19:27:55]: 9706
[19:27:55]: 9702
[19:27:55]: 9698
[19:27:56]: 9695
[19:27:56]: 9693
[19:27:56]: 9691
[19:27:57]: 9689
[19:27:57]: 9688
[19:27:57]: 9685
[19:27:58]: 9686
[19:27:58]: 9685
[19:27:58]: 9684
[19:27:59]: 9683
[19:27:59]: 9677
[19:27:59]: 9677
[19:28:00]: 9675
[19:28:00]: 9674
[19:28:00]: 9672
[19:28:00]: 9669
[19:28:01]: 9667
[19:28:01]: 9666
[19:28:01]: 9666
[19:28:02]: 9666
[19:28:02]: 9665
[19:28:02]: 9663
[19:28:03]: 9663
[19:28:03]: 9664
[19:28:03]: 9658
[19:28:04]: 9659
[19:28:04]: 9658
[19:28:04]: 9656
[19:28:05]: 9656
[19:28:05]: 9658
[19:28:05]: 9652
[19:28:06]: 9656
[19:28:06]: 9655
[19:28:06]: 9652
[19:28:06]: 9649
[19:28:07]: 9649
[19:28:07]: 9652
[19:28:07]: 9648
[19:28:08]: 9648
[19:28:08]: 9644
[19:28:08]: 9642
[19:28:09]: 9642
[19:28:09]: 9642
[19:28:09]: 9642
[19:28:10]: 9641
[19:28:10]: 9641
[19:28:10]: 9639
 Close valve LR4
[19:28:10]: W2 OH-
 Open valve LRW2
 Open valve V24
[19:28:11]: 9622
[19:28:11]: 9373
[19:28:11]: 8838
[19:28:12]: 8821
[19:28:12]: 8858
[19:28:12]: 8918
[19:28:13]: 8959
[19:28:13]: 8987
[19:28:13]: 9007
[19:28:14]: 9011
[19:28:14]: 9028
[19:28:14]: 9036
[19:28:15]: 9051
[19:28:15]: 9054
[19:28:15]: 9059
[19:28:16]: 9067
[19:28:16]: 9071
[19:28:16]: 9077
[19:28:17]: 9088
[19:28:17]: 9093
[19:28:18]: 9101
[19:28:18]: 9101
[19:28:18]: 9107
[19:28:19]: 9107
[19:28:19]: 9117
[19:28:19]: 9121
[19:28:20]: 9123
[19:28:20]: 9123
[19:28:20]: 9131
[19:28:21]: 9134
[19:28:21]: 9136
[19:28:21]: 9135
[19:28:22]: 9138
[19:28:22]: 9140
[19:28:22]: 9146
[19:28:23]: 9148
[19:28:23]: 9145
[19:28:23]: 9149
[19:28:24]: 9152
[19:28:24]: 9149
[19:28:24]: 9152
[19:28:25]: 9157
[19:28:25]: 9152
[19:28:25]: 9159
[19:28:25]: 9157
[19:28:26]: 9161
[19:28:26]: 9164
[19:28:26]: 9163
[19:28:27]: 9168
[19:28:27]: 9169
[19:28:27]: 9168
[19:28:28]: 9167
[19:28:28]: 9166
[19:28:29]: 9173
[19:28:29]: 9171
[19:28:29]: 9175
[19:28:30]: 9174
[19:28:30]: 9177
[19:28:30]: 9180
[19:28:30]: 9181
 Close valve V24
 Close valve LRW2
[19:28:31]: CIRCLE H+
 Open valve LR1
[19:28:31]: 9175
[19:28:31]: 9841
[19:28:32]: 9790
[19:28:32]: 9771
[19:28:32]: 9759
[19:28:32]: 9749
[19:28:33]: 9744
[19:28:33]: 9740
[19:28:33]: 9733
[19:28:34]: 9725
[19:28:34]: 9727
[19:28:34]: 9723
[19:28:35]: 9721
[19:28:35]: 9715
[19:28:35]: 9712
[19:28:36]: 9710
[19:28:36]: 9706
[19:28:36]: 9703
[19:28:37]: 9706
[19:28:37]: 9699
[19:28:37]: 9698
[19:28:38]: 9697
[19:28:38]: 9698
[19:28:38]: 9695
[19:28:38]: 9694
[19:28:39]: 9692
[19:28:39]: 9692
[19:28:39]: 9686
[19:28:40]: 9687
[19:28:40]: 9686
[19:28:40]: 9685
[19:28:41]: 9684
[19:28:41]: 9684
[19:28:41]: 9678
[19:28:42]: 9681
[19:28:42]: 9678
[19:28:42]: 9677
[19:28:43]: 9675
[19:28:43]: 9674
[19:28:43]: 9673
[19:28:44]: 9671
[19:28:44]: 9668
[19:28:44]: 9671
[19:28:45]: 9668
[19:28:45]: 9667
[19:28:45]: 9668
[19:28:46]: 9663
[19:28:46]: 9666
[19:28:46]: 9662
[19:28:47]: 9661
[19:28:47]: 9663
[19:28:47]: 9657
[19:28:48]: 9658
[19:28:48]: 9659
[19:28:48]: 9654
[19:28:49]: 9657
[19:28:49]: 9654
[19:28:49]: 9654
[19:28:50]: 9654
[19:28:50]: 9653
 Close valve LR1
[19:28:50]: W2 OH-
 Open valve LRW2
 Open valve V24
[19:28:51]: 9651
[19:28:51]: 9531
[19:28:51]: 8857
[19:28:52]: 8824
[19:28:52]: 8846
[19:28:52]: 8905
[19:28:52]: 8952
[19:28:53]: 8978
[19:28:53]: 9001
[19:28:53]: 9019
[19:28:54]: 9021
[19:28:54]: 9038
[19:28:54]: 9038
[19:28:55]: 9053
[19:28:55]: 9053
[19:28:55]: 9063
[19:28:55]: 9071
[19:28:56]: 9071
[19:28:56]: 9078
[19:28:56]: 9084
[19:28:57]: 9089
[19:28:57]: 9091
[19:28:57]: 9102
[19:28:58]: 9098
[19:28:58]: 9105
[19:28:58]: 9110
[19:28:59]: 9114
[19:28:59]: 9116
[19:28:59]: 9118
[19:28:59]: 9125
[19:29:00]: 9124
[19:29:00]: 9128
[19:29:00]: 9130
[19:29:01]: 9135
[19:29:01]: 9133
[19:29:01]: 9133
[19:29:02]: 9143
[19:29:02]: 9137
[19:29:02]: 9143
[19:29:02]: 9144
[19:29:03]: 9149
[19:29:03]: 9149
[19:29:03]: 9148
[19:29:04]: 9148
[19:29:04]: 9151
[19:29:04]: 9156
[19:29:05]: 9159
[19:29:05]: 9160
[19:29:05]: 9159
[19:29:06]: 9163
[19:29:06]: 9167
[19:29:06]: 9167
[19:29:07]: 9162
[19:29:07]: 9169
[19:29:07]: 9167
[19:29:08]: 9170
[19:29:08]: 9172
[19:29:08]: 9168
[19:29:08]: 9171
[19:29:09]: 9172
 Close valve V24
 Close valve LRW2
[19:29:09]: CROSS H+
 Open valve LR2
[19:29:09]: 9090
[19:29:10]: 9791
[19:29:10]: 9761
[19:29:10]: 9753
[19:29:10]: 9747
[19:29:11]: 9742
[19:29:11]: 9736
[19:29:11]: 9731
[19:29:12]: 9724
[19:29:12]: 9722
[19:29:12]: 9718
[19:29:13]: 9716
[19:29:13]: 9714
[19:29:13]: 9709
[19:29:14]: 9711
[19:29:14]: 9709
[19:29:14]: 9706
[19:29:14]: 9700
[19:29:15]: 9703
[19:29:15]: 9699
[19:29:15]: 9697
[19:29:16]: 9696
[19:29:16]: 9694
[19:29:16]: 9693
[19:29:17]: 9689
[19:29:17]: 9686
[19:29:17]: 9685
[19:29:18]: 9684
[19:29:18]: 9686
[19:29:18]: 9683
[19:29:18]: 9683
[19:29:19]: 9681
[19:29:19]: 9680
[19:29:19]: 9678
[19:29:20]: 9679
[19:29:20]: 9679
[19:29:20]: 9672
[19:29:21]: 9676
[19:29:21]: 9670
[19:29:21]: 9670
[19:29:22]: 9670
[19:29:22]: 9670
[19:29:22]: 9669
[19:29:22]: 9667
[19:29:23]: 9667
[19:29:23]: 9666
[19:29:23]: 9663
[19:29:24]: 9665
[19:29:24]: 9665
[19:29:24]: 9664
[19:29:25]: 9659
[19:29:25]: 9657
[19:29:25]: 9659
[19:29:25]: 9658
[19:29:26]: 9657
[19:29:26]: 9656
[19:29:26]: 9656
[19:29:27]: 9652
[19:29:27]: 9652
[19:29:27]: 9655
 Close valve LR2
[19:29:27]: W2 OH-
 Open valve LRW2
 Open valve V24
[19:29:28]: 9650
[19:29:28]: 9482
[19:29:28]: 8864
[19:29:29]: 8832
[19:29:29]: 8837
[19:29:29]: 8892
[19:29:30]: 8935
[19:29:30]: 8969
[19:29:30]: 8984
[19:29:31]: 9003
[19:29:31]: 9015
[19:29:31]: 9021
[19:29:31]: 9035
[19:29:32]: 9047
[19:29:32]: 9055
[19:29:32]: 9060
[19:29:33]: 9065
[19:29:33]: 9072
[19:29:33]: 9081
[19:29:34]: 9091
[19:29:34]: 9090
[19:29:34]: 9095
[19:29:35]: 9106
[19:29:35]: 9105
[19:29:35]: 9112
[19:29:36]: 9114
[19:29:36]: 9116
[19:29:36]: 9121
[19:29:36]: 9126
