 Close valve HP_IN
 Close valve HP_OUT
 Close valve L1_OUT
 Close valve L2_OUT
 Close valve L3_OUT
 Close valve L_HP
 Close valve LR1
 Close valve LR2
 Close valve LR3
 Close valve LR4
 Close valve LRW2
 Close valve LWASTE
 Close valve R1_4
 Close valve V21
 Close valve V24
 Close valve V4
 Close valve VH
 Close valve W1
 Close valve W2
 Close valve W3
 Open valve HP_IN
 Open valve W2
 Open valve R1_4
 Open valve V21
[16:24:52]: Forward liquid flow activated
[16:24:52]: AIR
 Open valve HP_OUT
 Open valve L_HP
 Open valve V24
 Close valve V24
 Close valve L_HP
 Close valve HP_OUT
[16:25:12]: W2 OH-
 Open valve LRW2
 Open valve V24
[16:25:12]: 10070
[16:25:13]: 8459
[16:25:13]: 8516
[16:25:13]: 8515
[16:25:14]: 8557
[16:25:14]: 8594
[16:25:14]: 8622
[16:25:15]: 8657
[16:25:15]: 8682
[16:25:15]: 8725
[16:25:16]: 9294
[16:25:16]: 9336
[16:25:16]: 9393
[16:25:17]: 9437
[16:25:17]: 8663
[16:25:17]: 8675
[16:25:18]: 8843
[16:25:18]: 8961
[16:25:18]: 9051
[16:25:19]: 8896
[16:25:19]: 8481
[16:25:19]: 9033
[16:25:20]: 8483
[16:25:20]: 8659
[16:25:20]: 8749
[16:25:20]: 8821
[16:25:21]: 8533
[16:25:21]: 8441
[16:25:21]: 8460
[16:25:22]: 8460
[16:25:22]: 8460
[16:25:22]: 8459
[16:25:23]: 9239
[16:25:23]: 9534
[16:25:23]: 9530
[16:25:24]: 9548
[16:25:24]: 9569
[16:25:24]: 9597
[16:25:25]: 9626
[16:25:25]: 9654
[16:25:25]: 9683
[16:25:26]: 8533
[16:25:26]: 8440
[16:25:26]: 8436
[16:25:27]: 8452
[16:25:27]: 8498
[16:25:27]: 9124
[16:25:27]: 9544
[16:25:28]: 9651
[16:25:28]: 9635
 Close valve V24
 Close valve LRW2
[16:25:28]: W2 OH-
 Open valve LRW2
 Open valve V24
[16:25:29]: 9675
[16:25:29]: 9698
[16:25:29]: 9725
[16:25:29]: 9752
[16:25:30]: 9774
[16:25:30]: 9800
[16:25:30]: 9820
[16:25:31]: 9849
[16:25:31]: 9867
[16:25:31]: 9890
[16:25:32]: 9906
[16:25:32]: 9927
[16:25:32]: 8445
[16:25:33]: 8729
[16:25:33]: 8900
[16:25:33]: 9021
[16:25:34]: 8601
[16:25:34]: 8719
[16:25:34]: 8761
[16:25:35]: 8463
[16:25:35]: 8478
[16:25:35]: 8477
[16:25:35]: 8476
[16:25:36]: 8487
[16:25:36]: 9202
[16:25:36]: 9546
[16:25:37]: 9762
[16:25:37]: 9896
[16:25:37]: 9961
[16:25:38]: 9960
[16:25:38]: 9962
[16:25:38]: 9962
[16:25:39]: 9969
[16:25:39]: 9979
[16:25:39]: 9993
[16:25:40]: 9999
[16:25:40]: 8603
[16:25:40]: 8870
[16:25:41]: 9019
[16:25:41]: 8495
[16:25:41]: 8476
[16:25:42]: 8471
[16:25:42]: 8472
[16:25:42]: 8482
[16:25:42]: 8480
[16:25:43]: 8481
[16:25:43]: 8480
[16:25:43]: 8481
[16:25:44]: 8480
[16:25:44]: 8482
 Close valve V24
 Close valve LRW2
[16:25:44]: W2 OH-
 Open valve LRW2
 Open valve V24
[16:25:44]: 8898
[16:25:45]: 8983
[16:25:45]: 9002
[16:25:45]: 9189
[16:25:46]: 9533
[16:25:46]: 9744
[16:25:46]: 9883
[16:25:47]: 9963
[16:25:47]: 10024
[16:25:47]: 10070
[16:25:48]: 10107
[16:25:48]: 10138
[16:25:48]: 10155
[16:25:49]: 10168
[16:25:49]: 10169
[16:25:49]: 10169
[16:25:50]: 10165
[16:25:50]: 10173
[16:25:50]: 10178
[16:25:51]: 10182
[16:25:51]: 10187
[16:25:51]: 10193
[16:25:52]: 8553
[16:25:52]: 8508
[16:25:52]: 8641
[16:25:53]: 8791
[16:25:53]: 8969
[16:25:53]: 9078
[16:25:53]: 9184
[16:25:54]: 9268
[16:25:54]: 9354
[16:25:54]: 9416
[16:25:55]: 9494
[16:25:55]: 9556
[16:25:55]: 8595
[16:25:56]: 8484
[16:25:56]: 8603
[16:25:56]: 8764
[16:25:57]: 8914
[16:25:57]: 9040
[16:25:57]: 9140
[16:25:58]: 9239
[16:25:58]: 9330
[16:25:58]: 9404
[16:25:59]: 9464
[16:25:59]: 8478
[16:25:59]: 8470
[16:25:59]: 8466
[16:26:00]: 8465
[16:26:00]: 8475
 Close valve V24
 Close valve LRW2
[16:26:00]: Loop start
[16:26:00]: W2 OH-
 Open valve LRW2
 Open valve V24
[16:26:01]: 8476
[16:26:01]: 8475
[16:26:01]: 8475
[16:26:02]: 8476
[16:26:02]: 8477
[16:26:02]: 8477
[16:26:02]: 8476
[16:26:03]: 8477
[16:26:03]: 8478
[16:26:03]: 8477
[16:26:04]: 8478
[16:26:04]: 8478
[16:26:04]: 8478
[16:26:05]: 8478
[16:26:05]: 8482
[16:26:05]: 8483
[16:26:06]: 8484
[16:26:06]: 8485
[16:26:06]: 8485
[16:26:07]: 8487
[16:26:07]: 8487
[16:26:07]: 8488
[16:26:08]: 8488
[16:26:08]: 8488
[16:26:08]: 8489
[16:26:09]: 8489
[16:26:09]: 8489
[16:26:09]: 8490
[16:26:10]: 8489
[16:26:10]: 8491
[16:26:10]: 8492
[16:26:11]: 8493
[16:26:11]: 8495
[16:26:11]: 8495
[16:26:11]: 8496
[16:26:12]: 8497
[16:26:12]: 8498
[16:26:12]: 8498
[16:26:13]: 8497
[16:26:13]: 8498
[16:26:13]: 8499
[16:26:14]: 8499
[16:26:14]: 8624
[16:26:14]: 9564
[16:26:15]: 9802
[16:26:15]: 9925
[16:26:15]: 10021
[16:26:16]: 10093
[16:26:16]: 10159
[16:26:16]: 10212
 Close valve V24
 Close valve LRW2
[16:26:16]: CIRCLE H+
 Open valve LR1
[16:26:17]: 10277
[16:26:17]: 8486
[16:26:17]: 8472
[16:26:18]: 8467
[16:26:18]: 8463
[16:26:18]: 8520
[16:26:19]: 8460
[16:26:19]: 8456
[16:26:19]: 8454
[16:26:20]: 8455
[16:26:20]: 8454
[16:26:20]: 8454
[16:26:21]: 8455
[16:26:21]: 8456
[16:26:21]: 8456
[16:26:22]: 8455
[16:26:22]: 8454
[16:26:22]: 8489
[16:26:23]: 8522
[16:26:23]: 8551
[16:26:23]: 8465
[16:26:24]: 8453
[16:26:24]: 8455
[16:26:24]: 8453
[16:26:25]: 8451
[16:26:25]: 8454
[16:26:25]: 8451
[16:26:25]: 8451
[16:26:26]: 8453
[16:26:26]: 8452
[16:26:26]: 8455
[16:26:27]: 8456
[16:26:27]: 8455
[16:26:27]: 8452
[16:26:28]: 8454
[16:26:28]: 8451
[16:26:28]: 8450
[16:26:29]: 8449
[16:26:29]: 8455
[16:26:29]: 8453
[16:26:30]: 8451
[16:26:30]: 8454
[16:26:30]: 8450
[16:26:31]: 8455
[16:26:31]: 8452
[16:26:31]: 8455
[16:26:31]: 8449
[16:26:32]: 8450
[16:26:32]: 8455
[16:26:32]: 8453
 Close valve LR1
[16:26:32]: W2 OH-
 Open valve LRW2
 Open valve V24
[16:26:33]: 8460
[16:26:33]: 8453
[16:26:34]: 8452
[16:26:34]: 8452
[16:26:34]: 8455
[16:26:34]: 8454
[16:26:35]: 8453
[16:26:35]: 8457
[16:26:35]: 8455
[16:26:36]: 8457
[16:26:36]: 8458
[16:26:36]: 8627
[16:26:37]: 8467
[16:26:37]: 8435
[16:26:37]: 8444
[16:26:38]: 8459
[16:26:38]: 8508
[16:26:38]: 9377
[16:26:39]: 8475
[16:26:39]: 8475
[16:26:39]: 8472
[16:26:40]: 8472
[16:26:40]: 8472
[16:26:40]: 8474
[16:26:40]: 8476
[16:26:41]: 8479
[16:26:41]: 8493
[16:26:41]: 9101
[16:26:42]: 9606
[16:26:42]: 8719
[16:26:42]: 8855
[16:26:43]: 9298
[16:26:43]: 9343
[16:26:43]: 9391
[16:26:44]: 9962
[16:26:44]: 9930
[16:26:44]: 9909
[16:26:45]: 9916
[16:26:45]: 9929
[16:26:45]: 10189
[16:26:45]: 10149
[16:26:46]: 10144
[16:26:46]: 10263
[16:26:46]: 10307
[16:26:47]: 10295
[16:26:47]: 10277
[16:26:47]: 10271
[16:26:48]: 10259
[16:26:48]: 10265
[16:26:48]: 10284
 Close valve V24
 Close valve LRW2
[16:26:48]: CROSS H+
 Open valve LR2
[16:26:49]: 10459
[16:26:49]: 8470
[16:26:49]: 8467
[16:26:50]: 8472
[16:26:50]: 8469
[16:26:50]: 8465
[16:26:51]: 8462
[16:26:51]: 8458
[16:26:51]: 8456
[16:26:52]: 8455
[16:26:52]: 8454
[16:26:52]: 8453
[16:26:53]: 8452
[16:26:53]: 8456
[16:26:53]: 8452
[16:26:53]: 8452
[16:26:54]: 8452
[16:26:54]: 8451
[16:26:54]: 8451
[16:26:55]: 8453
[16:26:55]: 8452
[16:26:55]: 8452
[16:26:56]: 8452
[16:26:56]: 8453
[16:26:56]: 8453
[16:26:57]: 8452
[16:26:57]: 8452
[16:26:57]: 8452
[16:26:58]: 8453
[16:26:58]: 8453
[16:26:58]: 8451
[16:26:58]: 8452
[16:26:59]: 8453
[16:26:59]: 8452
[16:26:59]: 8451
[16:27:00]: 8452
[16:27:00]: 8452
[16:27:00]: 8451
[16:27:01]: 8451
[16:27:01]: 8450
[16:27:01]: 8451
[16:27:02]: 8451
[16:27:02]: 8450
[16:27:02]: 8450
[16:27:03]: 8450
[16:27:03]: 8449
[16:27:03]: 8450
[16:27:03]: 8450
[16:27:04]: 8450
[16:27:04]: 8449
 Close valve LR2
[16:27:04]: W2 OH-
 Open valve LRW2
 Open valve V24
[16:27:05]: 8450
[16:27:05]: 8449
[16:27:05]: 8448
[16:27:06]: 8451
[16:27:06]: 8451
[16:27:06]: 8451
[16:27:07]: 8452
[16:27:07]: 8453
[16:27:07]: 8484
[16:27:07]: 8453
[16:27:08]: 8455
[16:27:08]: 8455
[16:27:08]: 8455
[16:27:09]: 8456
[16:27:09]: 8457
[16:27:09]: 8459
[16:27:10]: 8459
[16:27:10]: 8460
[16:27:10]: 8461
[16:27:11]: 8467
[16:27:11]: 8468
[16:27:11]: 8450
[16:27:12]: 8773
[16:27:12]: 8473
[16:27:12]: 9238
[16:27:13]: 9591
[16:27:13]: 9787
[16:27:13]: 9883
[16:27:13]: 9964
[16:27:14]: 10019
[16:27:14]: 10051
[16:27:14]: 10076
[16:27:15]: 10078
[16:27:15]: 10093
[16:27:15]: 10114
[16:27:16]: 10131
[16:27:16]: 10146
[16:27:16]: 10157
[16:27:17]: 10173
[16:27:17]: 10188
[16:27:17]: 10207
[16:27:18]: 10221
[16:27:18]: 10229
[16:27:18]: 10243
[16:27:19]: 10259
[16:27:19]: 10294
[16:27:19]: 10317
[16:27:19]: 10326
[16:27:20]: 10340
[16:27:20]: 10358
 Close valve V24
 Close valve LRW2
[16:27:20]: SQUARE H+
 Open valve LR3
[16:27:21]: 10378
[16:27:21]: 8473
[16:27:21]: 8472
[16:27:22]: 8466
[16:27:22]: 8450
[16:27:22]: 8448
[16:27:23]: 8447
[16:27:23]: 8443
[16:27:23]: 8440
[16:27:23]: 8438
[16:27:24]: 8437
[16:27:24]: 8437
[16:27:24]: 8436
[16:27:25]: 8435
[16:27:25]: 8435
[16:27:25]: 8436
[16:27:26]: 8435
[16:27:26]: 8435
[16:27:26]: 8435
[16:27:27]: 8436
[16:27:27]: 8436
[16:27:27]: 8435
[16:27:28]: 8435
[16:27:28]: 8436
[16:27:28]: 8435
[16:27:29]: 8436
[16:27:29]: 8436
[16:27:29]: 8436
[16:27:29]: 8436
[16:27:30]: 8436
[16:27:30]: 8436
[16:27:30]: 8435
[16:27:31]: 8435
[16:27:31]: 8436
[16:27:31]: 8435
[16:27:32]: 8435
[16:27:32]: 8435
[16:27:32]: 8434
[16:27:33]: 8435
[16:27:33]: 8435
[16:27:33]: 8435
[16:27:34]: 8434
[16:27:34]: 8433
[16:27:34]: 8434
[16:27:35]: 8435
[16:27:35]: 8435
[16:27:35]: 8435
[16:27:35]: 8435
[16:27:36]: 8435
[16:27:36]: 8437
 Close valve LR3
[16:27:36]: W2 OH-
 Open valve LRW2
 Open valve V24
[16:27:37]: 8438
[16:27:37]: 8439
[16:27:37]: 8439
[16:27:37]: 8438
[16:27:38]: 8439
[16:27:38]: 8440
[16:27:38]: 8441
[16:27:39]: 8443
[16:27:39]: 8444
[16:27:39]: 8446
[16:27:40]: 8447
[16:27:40]: 8447
[16:27:40]: 8448
[16:27:41]: 8448
[16:27:41]: 8451
[16:27:41]: 8453
[16:27:42]: 8452
[16:27:42]: 8451
[16:27:42]: 8455
[16:27:43]: 8460
[16:27:43]: 8467
[16:27:43]: 8487
[16:27:44]: 8464
[16:27:44]: 8703
[16:27:44]: 8464
[16:27:44]: 8845
[16:27:45]: 9531
[16:27:45]: 9326
[16:27:45]: 8468
[16:27:46]: 8464
[16:27:46]: 8464
[16:27:46]: 8465
[16:27:47]: 8464
[16:27:47]: 8464
[16:27:47]: 8678
[16:27:48]: 8992
[16:27:48]: 8474
[16:27:48]: 8469
[16:27:49]: 8468
[16:27:49]: 8501
[16:27:49]: 8859
[16:27:49]: 8666
[16:27:50]: 8466
[16:27:50]: 8467
[16:27:50]: 8474
[16:27:51]: 8477
[16:27:51]: 8482
[16:27:51]: 8484
[16:27:52]: 8488
[16:27:52]: 8491
 Close valve V24
 Close valve LRW2
[16:27:52]: PLUS H+
 Open valve LR4
[16:27:52]: 8495
[16:27:53]: 8475
[16:27:53]: 8471
[16:27:53]: 8472
[16:27:54]: 8460
[16:27:54]: 8453
[16:27:54]: 8455
[16:27:55]: 8452
[16:27:55]: 8449
[16:27:55]: 8448
[16:27:56]: 8446
[16:27:56]: 8445
[16:27:56]: 8447
[16:27:56]: 8445
[16:27:57]: 8444
[16:27:57]: 8443
[16:27:57]: 8443
[16:27:58]: 8444
[16:27:58]: 8443
[16:27:58]: 8443
[16:27:59]: 8443
[16:27:59]: 8443
[16:27:59]: 8442
[16:28:00]: 8443
[16:28:00]: 8443
[16:28:00]: 8442
[16:28:01]: 8442
[16:28:01]: 8445
[16:28:01]: 8445
[16:28:01]: 8445
[16:28:02]: 8446
[16:28:02]: 8446
[16:28:03]: 8446
[16:28:03]: 8448
[16:28:03]: 8448
[16:28:03]: 8448
[16:28:04]: 8448
[16:28:04]: 8449
[16:28:04]: 8450
[16:28:05]: 8449
[16:28:05]: 8448
[16:28:05]: 8448
[16:28:06]: 8448
[16:28:06]: 8447
[16:28:06]: 8448
[16:28:07]: 8449
[16:28:07]: 8448
[16:28:07]: 8449
[16:28:08]: 8449
[16:28:08]: 8448
 Close valve LR4
[16:28:08]: W2 OH-
 Open valve LRW2
 Open valve V24
[16:28:08]: 8442
[16:28:09]: 8437
[16:28:09]: 8438
[16:28:09]: 8438
[16:28:10]: 8441
[16:28:10]: 8437
[16:28:10]: 8439
[16:28:11]: 8440
[16:28:11]: 8440
[16:28:11]: 8440
[16:28:12]: 8440
[16:28:12]: 8441
[16:28:12]: 8442
[16:28:13]: 8443
[16:28:13]: 8442
[16:28:13]: 8445
[16:28:13]: 8446
[16:28:14]: 8446
[16:28:14]: 8448
[16:28:14]: 8448
[16:28:15]: 8449
[16:28:15]: 8452
[16:28:15]: 8452
[16:28:16]: 8709
[16:28:16]: 9051
[16:28:16]: 8490
[16:28:17]: 8456
[16:28:17]: 9394
[16:28:17]: 8715
[16:28:18]: 8459
[16:28:18]: 8699
[16:28:18]: 8460
[16:28:19]: 8791
[16:28:19]: 8463
[16:28:19]: 8460
[16:28:19]: 9614
[16:28:20]: 9832
[16:28:20]: 8460
[16:28:20]: 8460
[16:28:21]: 8820
[16:28:21]: 9105
[16:28:21]: 9311
[16:28:22]: 9471
[16:28:22]: 9607
[16:28:22]: 9691
[16:28:23]: 9619
[16:28:23]: 8464
[16:28:23]: 8462
[16:28:24]: 8458
[16:28:24]: 8432
 Close valve V24
 Close valve LRW2
[16:28:24]: CIRCLE H+
 Open valve LR1
[16:28:24]: 9059
[16:28:25]: 8462
[16:28:25]: 8464
[16:28:25]: 8462
[16:28:26]: 8450
[16:28:26]: 8438
[16:28:26]: 8442
[16:28:27]: 8446
[16:28:27]: 8442
[16:28:27]: 8438
[16:28:28]: 8434
[16:28:28]: 8432
[16:28:28]: 8440
[16:28:29]: 8433
[16:28:29]: 8433
[16:28:29]: 8433
[16:28:29]: 8435
[16:28:30]: 8435
[16:28:30]: 8432
[16:28:30]: 8440
[16:28:31]: 8439
[16:28:31]: 8438
[16:28:32]: 8435
[16:28:32]: 8440
[16:28:32]: 8437
[16:28:32]: 8436
[16:28:33]: 8424
[16:28:33]: 8439
[16:28:33]: 8434
[16:28:34]: 8438
[16:28:34]: 8435
[16:28:34]: 8433
[16:28:35]: 8438
[16:28:35]: 8439
[16:28:35]: 8436
[16:28:36]: 8434
[16:28:36]: 8441
[16:28:36]: 8442
[16:28:37]: 8434
[16:28:37]: 8437
[16:28:37]: 8441
[16:28:38]: 8442
[16:28:38]: 8436
[16:28:38]: 8439
[16:28:38]: 8437
[16:28:39]: 8435
[16:28:39]: 8436
[16:28:39]: 8436
[16:28:40]: 8441
[16:28:40]: 8438
 Close valve LR1
[16:28:40]: W2 OH-
 Open valve LRW2
 Open valve V24
[16:28:41]: 8439
[16:28:41]: 8446
[16:28:41]: 8444
[16:28:42]: 8458
[16:28:42]: 8444
[16:28:42]: 8441
[16:28:42]: 8441
[16:28:43]: 8443
[16:28:43]: 8445
[16:28:44]: 8445
[16:28:44]: 8447
[16:28:44]: 8446
[16:28:44]: 8447
[16:28:45]: 8450
[16:28:45]: 8447
[16:28:45]: 8448
[16:28:46]: 8451
[16:28:46]: 8449
[16:28:46]: 8448
[16:28:47]: 8452
[16:28:47]: 8454
[16:28:47]: 8453
[16:28:48]: 8456
[16:28:48]: 8454
[16:28:48]: 8458
[16:28:49]: 8456
[16:28:49]: 8456
[16:28:49]: 8463
[16:28:49]: 8464
[16:28:50]: 8465
[16:28:50]: 8506
[16:28:50]: 8542
[16:28:51]: 8523
[16:28:51]: 8541
[16:28:51]: 8656
[16:28:52]: 9387
[16:28:52]: 9666
[16:28:52]: 9867
[16:28:53]: 9932
[16:28:53]: 9958
[16:28:53]: 10029
[16:28:54]: 9888
[16:28:54]: 10026
[16:28:54]: 10011
[16:28:54]: 9862
[16:28:55]: 9717
[16:28:55]: 9245
[16:28:55]: 9407
[16:28:56]: 8684
[16:28:56]: 8459
 Close valve V24
 Close valve LRW2
[16:28:56]: CROSS H+
 Open valve LR2
[16:28:57]: 8937
[16:28:57]: 8490
[16:28:57]: 8487
[16:28:58]: 8473
[16:28:58]: 8460
[16:28:58]: 8449
[16:28:59]: 8450
[16:28:59]: 8448
[16:28:59]: 8446
[16:28:59]: 8445
[16:29:00]: 8445
[16:29:00]: 8446
[16:29:00]: 8445
[16:29:01]: 8444
[16:29:01]: 8445
[16:29:01]: 8445
[16:29:02]: 8445
[16:29:02]: 8444
[16:29:02]: 8444
[16:29:03]: 8444
[16:29:03]: 8444
[16:29:03]: 8444
[16:29:04]: 8444
[16:29:04]: 8444
[16:29:04]: 8445
[16:29:04]: 8445
[16:29:05]: 8445
[16:29:05]: 8444
[16:29:05]: 8444
[16:29:06]: 8445
[16:29:06]: 8446
[16:29:06]: 8445
[16:29:07]: 8446
[16:29:07]: 8446
[16:29:07]: 8445
[16:29:08]: 8445
[16:29:08]: 8446
[16:29:08]: 8445
[16:29:09]: 8446
[16:29:09]: 8445
[16:29:09]: 8446
[16:29:10]: 8446
[16:29:10]: 8446
[16:29:10]: 8446
[16:29:10]: 8446
[16:29:11]: 8446
[16:29:11]: 8447
[16:29:12]: 8447
[16:29:12]: 8447
[16:29:12]: 8447
 Close valve LR2
[16:29:12]: W2 OH-
 Open valve LRW2
 Open valve V24
[16:29:13]: 8447
[16:29:13]: 8447
[16:29:13]: 8447
[16:29:14]: 8447
[16:29:14]: 8447
[16:29:14]: 8449
[16:29:14]: 8449
[16:29:15]: 8448
[16:29:15]: 8449
[16:29:15]: 8447
[16:29:16]: 8448
[16:29:16]: 8451
[16:29:16]: 8452
[16:29:17]: 8453
[16:29:17]: 8452
[16:29:17]: 8453
[16:29:18]: 8452
[16:29:18]: 8455
[16:29:18]: 8456
[16:29:19]: 8456
[16:29:19]: 8456
[16:29:19]: 8456
[16:29:20]: 8457
[16:29:20]: 8460
[16:29:20]: 8460
[16:29:21]: 8461
[16:29:21]: 8462
[16:29:21]: 8463
[16:29:21]: 8462
[16:29:22]: 8463
[16:29:22]: 8465
[16:29:22]: 8466
[16:29:23]: 8467
[16:29:23]: 8468
[16:29:23]: 8469
[16:29:24]: 8470
[16:29:24]: 8472
[16:29:24]: 8471
[16:29:25]: 8474
[16:29:25]: 8475
[16:29:25]: 8476
[16:29:26]: 8478
[16:29:26]: 8478
[16:29:26]: 8479
[16:29:27]: 8481
[16:29:27]: 8482
[16:29:27]: 8483
[16:29:28]: 8485
[16:29:28]: 8487
[16:29:28]: 8488
 Close valve V24
 Close valve LRW2
[16:29:28]: SQUARE H+
 Open valve LR3
[16:29:29]: 8491
[16:29:29]: 8478
[16:29:29]: 8480
[16:29:30]: 8473
[16:29:30]: 8460
[16:29:30]: 8461
[16:29:31]: 8458
[16:29:31]: 8456
[16:29:31]: 8454
[16:29:32]: 8453
[16:29:32]: 8453
[16:29:32]: 8453
[16:29:33]: 8453
[16:29:33]: 8453
[16:29:33]: 8453
[16:29:33]: 8453
[16:29:34]: 8451
[16:29:34]: 8451
[16:29:34]: 8451
[16:29:35]: 8451
[16:29:35]: 8451
[16:29:35]: 8450
[16:29:36]: 8451
[16:29:36]: 8451
[16:29:36]: 8451
[16:29:37]: 8451
[16:29:37]: 8450
[16:29:37]: 8450
[16:29:38]: 8451
[16:29:38]: 8451
[16:29:38]: 8450
[16:29:39]: 8450
[16:29:39]: 8450
[16:29:39]: 8451
[16:29:40]: 8449
[16:29:40]: 8450
[16:29:40]: 8450
[16:29:41]: 8450
[16:29:41]: 8450
[16:29:41]: 8451
[16:29:42]: 8451
[16:29:42]: 8451
[16:29:42]: 8449
[16:29:43]: 8450
[16:29:43]: 8450
[16:29:43]: 8451
[16:29:43]: 8451

