 Close valve HP_IN
 Close valve HP_OUT
 Close valve L1_OUT
 Close valve L2_OUT
 Close valve L3_OUT
 Close valve L_HP
 Close valve LR1
 Close valve LR2
 Close valve LR3
 Close valve LR4
 Close valve LRW2
 Close valve LWASTE
 Close valve R1_4
 Close valve V21
 Close valve V24
 Close valve V4
 Close valve VH
 Close valve W1
 Close valve W2
 Close valve W3
 Open valve HP_IN
 Open valve W2
 Open valve R1_4
 Open valve V21
[16:41:05]: Forward liquid flow activated
[16:41:05]: Loop start
[16:41:05]: W2 OH-
 Open valve LRW2
 Open valve V24
[16:41:05]: 9621
[16:41:06]: 9027
[16:41:06]: 8967
[16:41:06]: 8948
[16:41:07]: 8933
[16:41:07]: 8928
[16:41:07]: 8934
[16:41:08]: 8913
[16:41:08]: 8890
[16:41:08]: 8870
[16:41:09]: 8857
[16:41:09]: 8854
[16:41:09]: 8856
[16:41:10]: 8846
[16:41:10]: 8852
[16:41:10]: 8839
[16:41:11]: 8841
[16:41:11]: 8849
[16:41:11]: 8846
[16:41:12]: 8828
[16:41:12]: 8840
[16:41:12]: 8854
[16:41:12]: 8858
[16:41:13]: 8845
[16:41:13]: 8862
[16:41:13]: 8882
[16:41:14]: 8883
[16:41:14]: 8875
[16:41:14]: 8900
[16:41:15]: 8893
[16:41:15]: 8912
[16:41:15]: 8927
[16:41:16]: 8908
[16:41:16]: 8919
[16:41:16]: 8936
[16:41:16]: 8928
[16:41:17]: 8928
[16:41:17]: 8935
[16:41:17]: 8950
[16:41:18]: 8959
[16:41:18]: 8943
[16:41:18]: 8949
[16:41:19]: 8963
[16:41:19]: 8975
[16:41:19]: 8977
[16:41:20]: 8959
[16:41:20]: 8971
[16:41:20]: 8983
[16:41:21]: 8963
[16:41:21]: 8967
[16:41:21]: 8979
[16:41:22]: 8990
[16:41:22]: 8991
[16:41:22]: 8973
[16:41:22]: 8983
[16:41:23]: 8994
[16:41:23]: 8975
[16:41:23]: 8979
[16:41:24]: 8990
[16:41:24]: 9000
 Close valve V24
 Close valve LRW2
[16:41:24]: CIRCLE H+
 Open valve LR1
[16:41:25]: 8986
[16:41:25]: 9673
[16:41:25]: 9607
[16:41:25]: 9583
[16:41:26]: 9572
[16:41:26]: 9565
[16:41:26]: 9561
[16:41:27]: 9556
[16:41:27]: 9551
[16:41:27]: 9547
[16:41:28]: 9544
[16:41:28]: 9540
[16:41:28]: 9540
[16:41:29]: 9538
[16:41:29]: 9533
[16:41:29]: 9532
[16:41:29]: 9531
[16:41:30]: 9530
[16:41:30]: 9529
[16:41:30]: 9527
[16:41:31]: 9526
[16:41:31]: 9527
[16:41:31]: 9527
[16:41:32]: 9526
[16:41:32]: 9525
[16:41:32]: 9524
[16:41:33]: 9524
[16:41:33]: 9524
[16:41:33]: 9524
[16:41:34]: 9521
[16:41:34]: 9522
[16:41:34]: 9523
[16:41:35]: 9522
[16:41:35]: 9523
[16:41:35]: 9523
[16:41:36]: 9521
[16:41:36]: 9523
[16:41:36]: 9523
[16:41:36]: 9522
[16:41:37]: 9522
[16:41:37]: 9523
[16:41:37]: 9523
[16:41:38]: 9522
[16:41:38]: 9522
[16:41:38]: 9523
[16:41:39]: 9523
[16:41:39]: 9524
[16:41:39]: 9524
[16:41:40]: 9524
[16:41:40]: 9524
[16:41:40]: 9526
[16:41:41]: 9526
[16:41:41]: 9524
[16:41:41]: 9525
[16:41:42]: 9525
[16:41:42]: 9526
[16:41:42]: 9527
[16:41:42]: 9527
[16:41:43]: 9526
[16:41:43]: 9526
 Close valve LR1
[16:41:43]: W2 OH-
 Open valve LRW2
 Open valve V24
[16:41:44]: 9513
[16:41:44]: 9495
[16:41:44]: 9485
[16:41:44]: 9487
[16:41:45]: 9174
[16:41:45]: 8827
[16:41:45]: 8814
[16:41:46]: 8814
[16:41:46]: 8807
[16:41:46]: 8795
[16:41:47]: 8784
[16:41:47]: 8776
[16:41:47]: 8792
[16:41:48]: 8782
[16:41:48]: 8774
[16:41:48]: 8782
[16:41:49]: 8783
[16:41:49]: 8765
[16:41:49]: 8770
[16:41:49]: 8782
[16:41:50]: 8787
[16:41:50]: 8769
[16:41:50]: 8778
[16:41:51]: 8796
[16:41:51]: 8810
[16:41:51]: 8816
[16:41:52]: 8821
[16:41:52]: 8849
[16:41:52]: 8855
[16:41:53]: 8861
[16:41:53]: 8869
[16:41:53]: 8884
[16:41:54]: 8889
[16:41:54]: 8919
[16:41:54]: 8924
[16:41:55]: 8923
[16:41:55]: 8923
[16:41:55]: 8925
[16:41:56]: 8947
[16:41:56]: 8944
[16:41:56]: 8941
[16:41:57]: 8959
[16:41:57]: 8952
[16:41:57]: 8959
[16:41:58]: 8954
[16:41:58]: 8967
[16:41:58]: 8957
[16:41:58]: 8968
[16:41:59]: 8976
[16:41:59]: 8961
[16:41:59]: 8964
[16:42:00]: 8974
[16:42:00]: 8974
[16:42:00]: 8972
[16:42:01]: 8989
[16:42:01]: 8987
[16:42:01]: 8982
[16:42:02]: 8988
[16:42:02]: 8979
[16:42:02]: 8993
 Close valve V24
 Close valve LRW2
[16:42:02]: CROSS H+
 Open valve LR2
[16:42:03]: 8912
[16:42:03]: 9631
[16:42:03]: 9574
[16:42:04]: 9556
[16:42:04]: 9547
[16:42:04]: 9540
[16:42:05]: 9534
[16:42:05]: 9532
[16:42:05]: 9528
[16:42:06]: 9524
[16:42:06]: 9521
[16:42:06]: 9519
[16:42:07]: 9517
[16:42:07]: 9516
[16:42:07]: 9515
[16:42:08]: 9513
[16:42:08]: 9512
[16:42:08]: 9509
[16:42:08]: 9509
[16:42:09]: 9509
[16:42:09]: 9508
[16:42:09]: 9507
[16:42:10]: 9506
[16:42:10]: 9505
[16:42:10]: 9504
[16:42:11]: 9506
[16:42:11]: 9505
[16:42:11]: 9503
[16:42:12]: 9504
[16:42:12]: 9503
[16:42:12]: 9503
[16:42:13]: 9504
[16:42:13]: 9504
[16:42:13]: 9504
[16:42:13]: 9502
[16:42:14]: 9502
[16:42:14]: 9502
[16:42:14]: 9503
[16:42:15]: 9503
[16:42:15]: 9502
[16:42:15]: 9502
[16:42:16]: 9504
[16:42:16]: 9504
[16:42:16]: 9504
[16:42:17]: 9504
[16:42:17]: 9503
[16:42:17]: 9504
[16:42:18]: 9504
[16:42:18]: 9505
[16:42:18]: 9505
[16:42:18]: 9503
[16:42:19]: 9503
[16:42:19]: 9506
[16:42:19]: 9506
[16:42:20]: 9505
[16:42:20]: 9506
[16:42:20]: 9505
[16:42:21]: 9505
[16:42:21]: 9507
[16:42:21]: 9508
 Close valve LR2
[16:42:21]: W2 OH-
 Open valve LRW2
 Open valve V24
[16:42:22]: 9496
[16:42:22]: 9481
[16:42:22]: 9478
[16:42:23]: 9458
[16:42:23]: 9252
[16:42:23]: 8817
[16:42:24]: 8800
[16:42:24]: 8800
[16:42:24]: 8786
[16:42:25]: 8773
[16:42:25]: 8765
[16:42:25]: 8767
[16:42:26]: 8769
[16:42:26]: 8756
[16:42:26]: 8760
[16:42:27]: 8770
[16:42:27]: 8753
[16:42:27]: 8752
[16:42:28]: 8759
[16:42:28]: 8772
[16:42:28]: 8777
[16:42:28]: 8763
[16:42:29]: 8775
[16:42:29]: 8783
[16:42:29]: 8789
[16:42:30]: 8802
[16:42:30]: 8820
[16:42:30]: 8847
[16:42:31]: 8848
[16:42:31]: 8860
[16:42:31]: 8879
[16:42:32]: 8886
[16:42:32]: 8916
[16:42:32]: 8920
[16:42:33]: 8921
[16:42:33]: 8924
[16:42:33]: 8933
[16:42:34]: 8948
[16:42:34]: 8946
[16:42:34]: 8946
[16:42:34]: 8969
[16:42:35]: 8968
[16:42:35]: 8962
[16:42:35]: 8975
[16:42:36]: 8982
[16:42:36]: 8981
[16:42:36]: 8975
[16:42:37]: 8987
[16:42:37]: 8978
[16:42:37]: 8978
[16:42:38]: 8996
[16:42:38]: 8994
[16:42:38]: 8987
[16:42:39]: 8986
[16:42:39]: 8992
[16:42:39]: 9002
[16:42:40]: 9008
[16:42:40]: 9006
[16:42:40]: 9001
[16:42:40]: 8997
 Close valve V24
 Close valve LRW2
[16:42:41]: SQUARE H+
 Open valve LR3
[16:42:41]: 8885
[16:42:41]: 9563
[16:42:42]: 9530
[16:42:42]: 9523
[16:42:42]: 9518
[16:42:42]: 9513
[16:42:43]: 9511
[16:42:43]: 9508
[16:42:43]: 9505
[16:42:44]: 9501
[16:42:44]: 9498
[16:42:44]: 9495
[16:42:45]: 9493
[16:42:45]: 9491
[16:42:45]: 9488
[16:42:46]: 9487
[16:42:46]: 9486
[16:42:46]: 9485
[16:42:47]: 9484
[16:42:47]: 9481
[16:42:48]: 9480
[16:42:48]: 9479
[16:42:48]: 9478
[16:42:49]: 9478
[16:42:49]: 9477
[16:42:49]: 9475
[16:42:50]: 9477
[16:42:50]: 9475
[16:42:50]: 9475
[16:42:51]: 9475
[16:42:51]: 9473
[16:42:51]: 9473
[16:42:52]: 9473
[16:42:52]: 9474
[16:42:52]: 9472

