 Close valve HP_IN
 Close valve HP_OUT
 Close valve L1_OUT
 Close valve L2_OUT
 Close valve L3_OUT
 Close valve L_HP
 Close valve LR1
 Close valve LR2
 Close valve LR3
 Close valve LR4
 Close valve LRW2
 Close valve LWASTE
 Close valve R1_4
 Close valve V21
 Close valve V24
 Close valve V4
 Close valve VH
 Close valve W1
 Close valve W2
 Close valve W3
 Open valve HP_IN
 Open valve W2
 Open valve R1_4
 Open valve V21
[15:27:34]: Forward liquid flow activated
[15:27:34]: AIR
 Open valve HP_OUT
 Open valve L_HP
 Open valve V24
 Close valve V24
 Close valve L_HP
 Close valve HP_OUT
[15:27:54]: W2 OH-
 Open valve LRW2
 Open valve V24
[15:27:55]: 9367
[15:27:55]: 8710
[15:27:55]: 8662
[15:27:56]: 8647
[15:27:56]: 8652
[15:27:56]: 8665
[15:27:57]: 8670
[15:27:57]: 8671
[15:27:57]: 8674
[15:27:57]: 8678
[15:27:58]: 8679
[15:27:58]: 8678
[15:27:58]: 8681
[15:27:59]: 8685
[15:27:59]: 8687
[15:27:59]: 8683
[15:28:00]: 8692
[15:28:00]: 8688
[15:28:00]: 8695
[15:28:01]: 8702
 Close valve V24
 Close valve LRW2
[15:28:01]: W2 OH-
 Open valve LRW2
 Open valve V24
[15:28:01]: 8688
[15:28:01]: 8695
[15:28:02]: 8706
[15:28:02]: 8695
[15:28:02]: 8697
[15:28:03]: 8705
[15:28:03]: 8716
[15:28:03]: 8707
[15:28:04]: 8705
[15:28:04]: 8725
[15:28:04]: 8721
[15:28:04]: 8710
[15:28:05]: 8726
[15:28:05]: 8731
[15:28:05]: 8710
[15:28:06]: 8715
[15:28:06]: 8725
[15:28:06]: 8720
[15:28:07]: 8715
[15:28:07]: 8719
 Close valve V24
 Close valve LRW2
[15:28:07]: W2 OH-
 Open valve LRW2
 Open valve V24
[15:28:07]: 8724
[15:28:08]: 8727
[15:28:08]: 8736
[15:28:08]: 8734
[15:28:09]: 8728
[15:28:09]: 8729
[15:28:09]: 8736
[15:28:10]: 8739
[15:28:10]: 8733
[15:28:10]: 8749
[15:28:11]: 8749
[15:28:11]: 8743
[15:28:11]: 8744
[15:28:12]: 8755
[15:28:12]: 8741
[15:28:12]: 8745
[15:28:12]: 8764
[15:28:13]: 8753
[15:28:13]: 8762
[15:28:13]: 8770
 Close valve V24
 Close valve LRW2
[15:28:14]: W2 OH-
 Open valve LRW2
 Open valve V24
[15:28:14]: 8771
[15:28:14]: 8774
[15:28:15]: 8768
[15:28:15]: 8760
[15:28:15]: 8774
[15:28:16]: 8760
[15:28:16]: 8760
[15:28:16]: 8767
[15:28:17]: 8778
[15:28:17]: 8782
[15:28:17]: 8763
[15:28:17]: 8780
[15:28:18]: 8773
[15:28:18]: 8769
[15:28:18]: 8768
[15:28:19]: 8784
[15:28:19]: 8778
[15:28:19]: 8780
[15:28:20]: 8788
[15:28:20]: 8771
 Close valve V24
 Close valve LRW2
[15:28:20]: W2 OH-
 Open valve LRW2
 Open valve V24
[15:28:20]: 8779
[15:28:21]: 8775
[15:28:21]: 8792
[15:28:21]: 8775
[15:28:22]: 8778
[15:28:22]: 8786
[15:28:22]: 8781
[15:28:23]: 8777
[15:28:23]: 8793
[15:28:23]: 8790
[15:28:24]: 8788
[15:28:24]: 8796
[15:28:24]: 8783
[15:28:25]: 8795
[15:28:25]: 8792
[15:28:25]: 8800
[15:28:25]: 8787
[15:28:26]: 8787
[15:28:26]: 8800
[15:28:26]: 8789
 Close valve V24
 Close valve LRW2
[15:28:27]: W2 OH-
 Open valve LRW2
 Open valve V24
[15:28:27]: 8798
[15:28:27]: 8792
[15:28:28]: 8799
[15:28:28]: 8802
[15:28:28]: 8789
[15:28:29]: 8793
[15:28:29]: 8791
[15:28:29]: 8808
[15:28:30]: 8793
[15:28:30]: 8797
[15:28:30]: 8800
[15:28:30]: 8804
[15:28:31]: 8794
[15:28:31]: 8799
[15:28:31]: 8803
[15:28:32]: 8799
[15:28:32]: 8799
[15:28:32]: 8813
[15:28:33]: 8807
[15:28:33]: 8801
 Close valve V24
 Close valve LRW2
[15:28:33]: W2 OH-
 Open valve LRW2
 Open valve V24
[15:28:33]: 8803
[15:28:34]: 8811
[15:28:34]: 8807
[15:28:34]: 8814
[15:28:35]: 8817
[15:28:35]: 8803
[15:28:35]: 8807
[15:28:36]: 8811
[15:28:36]: 8806
[15:28:36]: 8819
[15:28:37]: 8806
[15:28:37]: 8808
[15:28:37]: 8814
[15:28:37]: 8822
[15:28:38]: 8809
[15:28:38]: 8810
[15:28:38]: 8817
[15:28:39]: 8812
[15:28:39]: 8809
[15:28:39]: 8824
 Close valve V24
 Close valve LRW2
[15:28:39]: W2 OH-
 Open valve LRW2
 Open valve V24
[15:28:40]: 8820
[15:28:40]: 8812
[15:28:40]: 8825
[15:28:41]: 8823
[15:28:41]: 8817
[15:28:41]: 8813
[15:28:42]: 8824
[15:28:42]: 8824
[15:28:42]: 8815
[15:28:43]: 8820
[15:28:43]: 8825
[15:28:43]: 8826
[15:28:44]: 8815
[15:28:44]: 8820
[15:28:44]: 8819
[15:28:44]: 8816
[15:28:45]: 8816
[15:28:45]: 8824
[15:28:45]: 8820
[15:28:46]: 8816
 Close valve V24
 Close valve LRW2
[15:28:46]: W2 OH-
 Open valve LRW2
 Open valve V24
[15:28:46]: 8819
[15:28:47]: 8827
[15:28:47]: 8820
[15:28:47]: 8818
[15:28:47]: 8830
[15:28:48]: 8826
[15:28:48]: 8823
[15:28:48]: 8828
[15:28:49]: 8820
[15:28:49]: 8820
[15:28:49]: 8829
[15:28:50]: 8822
[15:28:50]: 8829
[15:28:50]: 8822
[15:28:51]: 8820
[15:28:51]: 8833
[15:28:51]: 8821
[15:28:51]: 8824
[15:28:52]: 8830
[15:28:52]: 8822
 Close valve V24
 Close valve LRW2
[15:28:52]: W2 OH-
 Open valve LRW2
 Open valve V24
[15:28:52]: 8832
[15:28:53]: 8822
[15:28:53]: 8825
[15:28:53]: 8828
[15:28:54]: 8824
[15:28:54]: 8823
[15:28:54]: 8823
[15:28:55]: 8825
[15:28:55]: 8830
[15:28:55]: 8835
[15:28:56]: 8824
[15:28:56]: 8824
[15:28:56]: 8834
[15:28:57]: 8829
[15:28:57]: 8826
[15:28:57]: 8837
[15:28:57]: 8826
[15:28:58]: 8828
[15:28:58]: 8834
[15:28:58]: 8829
 Close valve V24
 Close valve LRW2
[15:28:59]: Loop start
[15:28:59]: W2 OH-
 Open valve LRW2
 Open valve V24
[15:28:59]: 8838
[15:28:59]: 9253
[15:29:00]: 9496
[15:29:00]: 9550
[15:29:00]: 9823
[15:29:01]: 9621
[15:29:01]: 9658
[15:29:01]: 9686
[15:29:02]: 9718
[15:29:02]: 9750
[15:29:02]: 9780
[15:29:03]: 9809
[15:29:03]: 9836
[15:29:03]: 9856
[15:29:03]: 9883
[15:29:04]: 9906
[15:29:04]: 9498
[15:29:04]: 9583
[15:29:05]: 9643
[15:29:05]: 9689
 Close valve V24
 Close valve LRW2
[15:29:06]: CIRCLE H+
 Open valve LR1
[15:29:06]: 8733
[15:29:07]: 9448
[15:29:07]: 9468
[15:29:07]: 9468
[15:29:08]: 9467
[15:29:08]: 9467
[15:29:08]: 9465
[15:29:09]: 9465
[15:29:09]: 9463
[15:29:09]: 9462
[15:29:10]: 9461
[15:29:10]: 9461
[15:29:10]: 9460
[15:29:11]: 9458
[15:29:11]: 9458
[15:29:11]: 9457
[15:29:11]: 9455
[15:29:12]: 9452
[15:29:12]: 9454
[15:29:12]: 9453
 Close valve LR1
[15:29:13]: W2 OH-
 Open valve LRW2
 Open valve V24
[15:29:14]: 9444
[15:29:14]: 9428
[15:29:15]: 9420
[15:29:15]: 9413
[15:29:15]: 9405
[15:29:15]: 9389
[15:29:16]: 9327
[15:29:16]: 8763
[15:29:16]: 8699
[15:29:17]: 8688
[15:29:17]: 8693
[15:29:17]: 8720
[15:29:18]: 8726
[15:29:18]: 8746
[15:29:18]: 8761
[15:29:19]: 8768
[15:29:19]: 8780
[15:29:19]: 8781
[15:29:19]: 8793
[15:29:20]: 8793
 Close valve V24
 Close valve LRW2
[15:29:21]: CROSS H+
 Open valve LR2
[15:29:21]: 9459
[15:29:22]: 9477
[15:29:22]: 9479
[15:29:22]: 9477
[15:29:23]: 9477
[15:29:23]: 9474
[15:29:23]: 9475
[15:29:23]: 9473
[15:29:24]: 9472
[15:29:24]: 9473
[15:29:24]: 9471
[15:29:25]: 9470
[15:29:25]: 9470
[15:29:25]: 9469
[15:29:26]: 9467
[15:29:26]: 9466
[15:29:26]: 9467
[15:29:27]: 9466
[15:29:27]: 9464
[15:29:27]: 9463
 Close valve LR2
[15:29:28]: W2 OH-
 Open valve LRW2
 Open valve V24
[15:29:29]: 9446
[15:29:29]: 9440
[15:29:29]: 9439
[15:29:30]: 9434
[15:29:30]: 9431
[15:29:30]: 9427
[15:29:31]: 9425
[15:29:31]: 9421
[15:29:31]: 9409
[15:29:32]: 9400
[15:29:32]: 9387
[15:29:32]: 9374
[15:29:32]: 9359
[15:29:33]: 9239
[15:29:33]: 8730
[15:29:33]: 8689
[15:29:34]: 8677
[15:29:34]: 8671
[15:29:34]: 8698
[15:29:35]: 8719
 Close valve V24
 Close valve LRW2
[15:29:36]: SQUARE H+
 Open valve LR3
[15:29:36]: 9451
[15:29:37]: 9457
[15:29:37]: 9459
[15:29:37]: 9458
[15:29:37]: 9458
[15:29:38]: 9459
[15:29:38]: 9459
[15:29:38]: 9459
[15:29:39]: 9456
[15:29:39]: 9456
[15:29:39]: 9455
[15:29:40]: 9453
[15:29:40]: 9452
[15:29:40]: 9451
[15:29:41]: 9452
[15:29:41]: 9451
[15:29:41]: 9449
[15:29:42]: 9449
[15:29:42]: 9448
[15:29:42]: 9448
 Close valve LR3
[15:29:43]: W2 OH-
 Open valve LRW2
 Open valve V24
[15:29:44]: 9436
[15:29:44]: 9424
[15:29:44]: 9419
[15:29:45]: 9416
[15:29:45]: 9415
[15:29:45]: 9412
[15:29:45]: 9403
[15:29:46]: 9401
[15:29:46]: 9398
[15:29:46]: 9393
[15:29:47]: 9383
[15:29:47]: 9374
[15:29:47]: 9363
[15:29:48]: 9332
[15:29:48]: 9221
[15:29:48]: 8703
[15:29:49]: 8663
[15:29:49]: 8653
[15:29:49]: 8667
[15:29:50]: 8665
 Close valve V24
 Close valve LRW2
[15:29:51]: PLUS H+
 Open valve LR4
[15:29:51]: 9424
[15:29:51]: 9425
[15:29:52]: 9446
[15:29:52]: 9433
[15:29:52]: 9433
[15:29:53]: 9433
[15:29:53]: 9433
[15:29:53]: 9430
[15:29:53]: 9430
[15:29:54]: 9432
[15:29:54]: 9431
[15:29:54]: 9430
[15:29:55]: 9430
[15:29:55]: 9429
[15:29:55]: 9429
[15:29:56]: 9428
[15:29:56]: 9426
[15:29:56]: 9425
[15:29:57]: 9426
[15:29:57]: 9425
 Close valve LR4
[15:29:58]: W2 OH-
 Open valve LRW2
 Open valve V24
[15:29:58]: 9429
[15:29:59]: 9389
[15:29:59]: 9388
[15:29:59]: 9389
[15:30:00]: 9382
[15:30:00]: 9348
[15:30:00]: 9382
[15:30:00]: 9384
[15:30:01]: 9368
[15:30:01]: 9362
[15:30:01]: 9337
[15:30:02]: 9284
[15:30:02]: 9289
[15:30:02]: 8683
[15:30:03]: 8680
[15:30:03]: 8740
[15:30:03]: 8765
[15:30:04]: 8790
[15:30:04]: 8796
[15:30:04]: 8797
 Close valve V24
 Close valve LRW2
[15:30:05]: CIRCLE H+
 Open valve LR1
[15:30:06]: 9409
[15:30:06]: 9411
[15:30:06]: 9413
[15:30:07]: 9408
[15:30:07]: 9412
[15:30:07]: 9412
[15:30:08]: 9412
[15:30:08]: 9413
[15:30:08]: 9410
[15:30:09]: 9410
[15:30:09]: 9410
[15:30:09]: 9411
[15:30:09]: 9410
[15:30:10]: 9409
[15:30:10]: 9410
[15:30:10]: 9409
[15:30:11]: 9407
[15:30:11]: 9406
[15:30:11]: 9408
[15:30:12]: 9405
 Close valve LR1
[15:30:13]: W2 OH-
 Open valve LRW2
 Open valve V24
[15:30:13]: 9373
[15:30:14]: 9379
[15:30:14]: 9373
[15:30:14]: 9372
[15:30:14]: 9367
[15:30:15]: 9365
[15:30:15]: 9350
[15:30:15]: 9348
[15:30:16]: 9328
[15:30:16]: 9194
[15:30:16]: 8738
[15:30:17]: 8709
[15:30:17]: 8693
[15:30:17]: 8697
[15:30:18]: 8736
[15:30:18]: 8754
[15:30:18]: 8756
[15:30:18]: 8766
[15:30:19]: 8785
[15:30:19]: 8794
 Close valve V24
 Close valve LRW2
[15:30:20]: CROSS H+
 Open valve LR2
[15:30:21]: 9406
[15:30:21]: 9427
[15:30:21]: 9429
[15:30:22]: 9429
[15:30:22]: 9427
[15:30:22]: 9426
[15:30:22]: 9426
[15:30:23]: 9427
[15:30:23]: 9426
[15:30:23]: 9424
[15:30:24]: 9424
[15:30:24]: 9423
[15:30:24]: 9422
[15:30:25]: 9421
[15:30:25]: 9421
[15:30:25]: 9418
[15:30:26]: 9420
[15:30:26]: 9418
[15:30:26]: 9418
[15:30:27]: 9418
 Close valve LR2
[15:30:28]: W2 OH-
 Open valve LRW2
 Open valve V24
[15:30:28]: 9395
[15:30:28]: 9396
[15:30:29]: 9392
[15:30:29]: 9388
[15:30:29]: 9385
[15:30:30]: 9381
[15:30:30]: 9380
[15:30:30]: 9375
[15:30:31]: 9368
[15:30:31]: 9350
[15:30:31]: 9359
[15:30:31]: 9340
[15:30:32]: 9317
[15:30:32]: 9240
[15:30:32]: 8937
[15:30:33]: 8700
[15:30:33]: 8700
[15:30:33]: 8706
[15:30:34]: 8707
[15:30:34]: 8714
 Close valve V24
 Close valve LRW2
[15:30:35]: SQUARE H+
 Open valve LR3
[15:30:35]: 9402
[15:30:36]: 9409
[15:30:36]: 9414
[15:30:36]: 9414
[15:30:37]: 9413
[15:30:37]: 9413
[15:30:37]: 9415
[15:30:38]: 9415
[15:30:38]: 9415
[15:30:38]: 9415
[15:30:39]: 9415
[15:30:39]: 9415
[15:30:39]: 9413
[15:30:40]: 9412
[15:30:40]: 9413
[15:30:40]: 9412
[15:30:40]: 9410
[15:30:41]: 9410
[15:30:41]: 9409
[15:30:41]: 9409
 Close valve LR3
[15:30:42]: W2 OH-
 Open valve LRW2
 Open valve V24
[15:30:43]: 9392
[15:30:43]: 9387
[15:30:44]: 9382
[15:30:44]: 9380
[15:30:44]: 9379
[15:30:44]: 9376
[15:30:45]: 9371
[15:30:45]: 9360
[15:30:45]: 9354
[15:30:46]: 9364
[15:30:46]: 9355
[15:30:46]: 9342
[15:30:47]: 9333
[15:30:47]: 9318
[15:30:47]: 9298
[15:30:48]: 9109
[15:30:48]: 8687
[15:30:48]: 8679
[15:30:49]: 8692
[15:30:49]: 8713
 Close valve V24
 Close valve LRW2
[15:30:50]: PLUS H+
 Open valve LR4
[15:30:50]: 9375
[15:30:51]: 9397
[15:30:51]: 9400
[15:30:51]: 9400
[15:30:52]: 9400
[15:30:52]: 9401
[15:30:52]: 9400
[15:30:53]: 9399
[15:30:53]: 9399
[15:30:53]: 9401
[15:30:54]: 9399
[15:30:54]: 9398
[15:30:54]: 9398
[15:30:55]: 9398
[15:30:55]: 9396
[15:30:55]: 9395
[15:30:55]: 9397
[15:30:56]: 9395
[15:30:56]: 9395
[15:30:56]: 9396
 Close valve LR4
[15:30:57]: W2 OH-
 Open valve LRW2
 Open valve V24
[15:30:58]: 9388
[15:30:58]: 9372
[15:30:58]: 9368
[15:30:59]: 9363
[15:30:59]: 9349
[15:30:59]: 9347
[15:31:00]: 9356
[15:31:00]: 9345
[15:31:00]: 9344
[15:31:01]: 9333
[15:31:01]: 9318
[15:31:01]: 9246
[15:31:02]: 8994
[15:31:02]: 8709
[15:31:02]: 8669
[15:31:03]: 8687
[15:31:03]: 8688
[15:31:03]: 8695
[15:31:03]: 8716
[15:31:04]: 8759
 Close valve V24
 Close valve LRW2
[15:31:05]: CIRCLE H+
 Open valve LR1
[15:31:05]: 9395
[15:31:06]: 9385
[15:31:06]: 9385
[15:31:06]: 9383
[15:31:07]: 9383
[15:31:07]: 9384
[15:31:07]: 9383
[15:31:08]: 9382
[15:31:08]: 9381
[15:31:08]: 9385
[15:31:08]: 9384
[15:31:09]: 9383
[15:31:09]: 9384
[15:31:09]: 9381
[15:31:10]: 9382
[15:31:10]: 9381
[15:31:10]: 9379
[15:31:11]: 9380
[15:31:11]: 9377
[15:31:11]: 9380
 Close valve LR1
[15:31:12]: W2 OH-
 Open valve LRW2
 Open valve V24
[15:31:13]: 9376
[15:31:13]: 9353
[15:31:13]: 9339
[15:31:13]: 9349
[15:31:14]: 9343
[15:31:14]: 9333
[15:31:14]: 9334
[15:31:15]: 9340
[15:31:15]: 9335
[15:31:15]: 9322
[15:31:16]: 9305
[15:31:16]: 9231
[15:31:16]: 8697
[15:31:17]: 8657
[15:31:17]: 8671
[15:31:17]: 8687
[15:31:18]: 8724
[15:31:18]: 8747
[15:31:18]: 8757
[15:31:19]: 8763
 Close valve V24
 Close valve LRW2
[15:31:20]: CROSS H+
 Open valve LR2
[15:31:20]: 9381
[15:31:21]: 9405
[15:31:21]: 9408
[15:31:21]: 9407
[15:31:22]: 9405
[15:31:22]: 9403
[15:31:22]: 9402
[15:31:23]: 9404
[15:31:23]: 9403
[15:31:23]: 9402
[15:31:23]: 9401
[15:31:24]: 9402
[15:31:24]: 9402
[15:31:24]: 9400
[15:31:25]: 9399
[15:31:25]: 9399
[15:31:25]: 9399
[15:31:26]: 9399
[15:31:26]: 9397
[15:31:26]: 9397
 Close valve LR2
[15:31:27]: W2 OH-
 Open valve LRW2
 Open valve V24
[15:31:28]: 9386
[15:31:28]: 9376
[15:31:29]: 9373
[15:31:29]: 9369
[15:31:29]: 9367
[15:31:30]: 9366
[15:31:30]: 9363
[15:31:30]: 9347
[15:31:31]: 9346
[15:31:31]: 9336
[15:31:31]: 9329
[15:31:32]: 9324
[15:31:32]: 9320
[15:31:32]: 9246
[15:31:33]: 9109
[15:31:33]: 8673
[15:31:33]: 8668
[15:31:34]: 8686
[15:31:34]: 8695
[15:31:34]: 8716
 Close valve V24
 Close valve LRW2
[15:31:35]: SQUARE H+
 Open valve LR3
[15:31:36]: 9386
[15:31:36]: 9396
[15:31:36]: 9400
[15:31:37]: 9400
[15:31:37]: 9400
[15:31:37]: 9401
[15:31:37]: 9401
[15:31:38]: 9400
[15:31:38]: 9402
[15:31:38]: 9402
[15:31:39]: 9401
[15:31:39]: 9401
[15:31:39]: 9400
[15:31:40]: 9399
[15:31:40]: 9399
[15:31:40]: 9398
[15:31:41]: 9398
[15:31:41]: 9397
[15:31:41]: 9397
[15:31:42]: 9398
 Close valve LR3
[15:31:43]: W2 OH-
 Open valve LRW2
 Open valve V24
[15:31:43]: 9391
[15:31:43]: 9373
[15:31:44]: 9370
[15:31:44]: 9366
[15:31:44]: 9366
[15:31:45]: 9362
[15:31:45]: 9354
[15:31:45]: 9348
[15:31:46]: 9350
[15:31:46]: 9347
[15:31:46]: 9337
[15:31:47]: 9325
[15:31:47]: 9318
[15:31:47]: 9312
[15:31:47]: 9243
[15:31:48]: 9138
[15:31:48]: 8691
[15:31:48]: 8674
[15:31:49]: 8649
[15:31:49]: 8683
 Close valve V24
 Close valve LRW2
[15:31:50]: PLUS H+
 Open valve LR4
[15:31:51]: 9372
[15:31:51]: 9381
[15:31:51]: 9384
[15:31:51]: 9383
[15:31:52]: 9383
[15:31:52]: 9384
[15:31:52]: 9384
[15:31:53]: 9385
[15:31:53]: 9386
[15:31:53]: 9384
[15:31:54]: 9384
[15:31:54]: 9385
[15:31:54]: 9385
[15:31:55]: 9384
[15:31:55]: 9384
[15:31:55]: 9383
[15:31:56]: 9382
[15:31:56]: 9381
[15:31:56]: 9383
[15:31:56]: 9383
 Close valve LR4
[15:31:58]: W2 OH-
 Open valve LRW2
 Open valve V24
[15:31:58]: 9374
[15:31:58]: 9359
[15:31:59]: 9356
[15:31:59]: 9355
[15:31:59]: 9350
[15:31:59]: 9347
[15:32:00]: 9349
[15:32:00]: 9343
[15:32:00]: 9338
[15:32:01]: 9332
[15:32:01]: 9321
[15:32:01]: 9294
[15:32:02]: 9221
[15:32:02]: 8774
[15:32:02]: 8649
[15:32:03]: 8669
[15:32:03]: 8679
[15:32:03]: 8686
[15:32:04]: 8710
[15:32:04]: 8747
 Close valve V24
 Close valve LRW2
[15:32:05]: CIRCLE H+
 Open valve LR1
[15:32:05]: 9371
[15:32:06]: 9376
[15:32:06]: 9374
[15:32:06]: 9373
[15:32:07]: 9374
[15:32:07]: 9373
[15:32:07]: 9373
[15:32:08]: 9372
[15:32:08]: 9374
[15:32:08]: 9371
[15:32:09]: 9370
[15:32:09]: 9373
[15:32:09]: 9370
[15:32:09]: 9371
[15:32:10]: 9370
[15:32:10]: 9368
[15:32:10]: 9367
[15:32:11]: 9367
[15:32:11]: 9368
[15:32:11]: 9369
 Close valve LR1
[15:32:12]: W2 OH-
 Open valve LRW2
 Open valve V24
[15:32:13]: 9361
[15:32:13]: 9342
[15:32:13]: 9342
[15:32:14]: 9342
[15:32:14]: 9341
[15:32:14]: 9338
[15:32:15]: 9331
[15:32:15]: 9316
[15:32:15]: 9310
[15:32:16]: 9252
[15:32:16]: 8733
[15:32:16]: 8662
[15:32:17]: 8650
[15:32:17]: 8644
[15:32:17]: 8688
[15:32:17]: 8683
[15:32:18]: 8710
[15:32:18]: 8738
[15:32:18]: 8754
[15:32:19]: 8762
 Close valve V24
 Close valve LRW2
[15:32:20]: CROSS H+
 Open valve LR2
[15:32:20]: 9379
[15:32:21]: 9396
[15:32:21]: 9400
[15:32:21]: 9399
[15:32:21]: 9397
[15:32:22]: 9397
[15:32:22]: 9396
[15:32:22]: 9396
[15:32:23]: 9397
[15:32:23]: 9395
[15:32:23]: 9394
[15:32:24]: 9395
[15:32:24]: 9394
[15:32:24]: 9394
[15:32:25]: 9393
[15:32:25]: 9392
[15:32:25]: 9391
[15:32:26]: 9392
[15:32:26]: 9391
[15:32:26]: 9391
 Close valve LR2
[15:32:27]: W2 OH-
 Open valve LRW2
 Open valve V24
[15:32:28]: 9385
[15:32:28]: 9369
[15:32:28]: 9364
[15:32:29]: 9362
[15:32:29]: 9359
[15:32:29]: 9355
[15:32:30]: 9356
[15:32:30]: 9354
[15:32:30]: 9346
[15:32:30]: 9337
[15:32:31]: 9338
[15:32:31]: 9329
[15:32:31]: 9310
[15:32:32]: 9289
[15:32:32]: 9192
[15:32:32]: 8696
[15:32:33]: 8673
[15:32:33]: 8645
[15:32:33]: 8687
[15:32:34]: 8683
 Close valve V24
 Close valve LRW2
[15:32:35]: SQUARE H+
 Open valve LR3
[15:32:35]: 9377
[15:32:35]: 9390
[15:32:36]: 9395
[15:32:36]: 9394
[15:32:36]: 9394
[15:32:37]: 9393
[15:32:37]: 9393
[15:32:37]: 9395
[15:32:38]: 9393
[15:32:38]: 9392
[15:32:38]: 9391
[15:32:39]: 9391
[15:32:39]: 9391
[15:32:39]: 9390
[15:32:40]: 9389
[15:32:40]: 9388
[15:32:40]: 9389
[15:32:40]: 9387
[15:32:41]: 9387
[15:32:41]: 9387
 Close valve LR3
[15:32:42]: W2 OH-
 Open valve LRW2
 Open valve V24
[15:32:43]: 9380
[15:32:43]: 9365
[15:32:43]: 9363
[15:32:44]: 9357
[15:32:44]: 9355
[15:32:44]: 9355
[15:32:44]: 9352
[15:32:45]: 9340
[15:32:45]: 9333
[15:32:45]: 9342
[15:32:46]: 9329
[15:32:46]: 9319
[15:32:46]: 9328
[15:32:47]: 9314
[15:32:47]: 9271
[15:32:47]: 9129
[15:32:48]: 8666
[15:32:48]: 8648
[15:32:48]: 8650
[15:32:49]: 8672
 Close valve V24
 Close valve LRW2
[15:32:50]: PLUS H+
 Open valve LR4
[15:32:50]: 9366
[15:32:50]: 9376
[15:32:51]: 9379
[15:32:51]: 9379
[15:32:51]: 9378
[15:32:52]: 9378
[15:32:52]: 9378
[15:32:52]: 9378
[15:32:52]: 9380
[15:32:53]: 9380
[15:32:53]: 9380
[15:32:53]: 9379
[15:32:54]: 9378
[15:32:54]: 9378
[15:32:54]: 9377
[15:32:55]: 9377
[15:32:55]: 9375
[15:32:55]: 9375
[15:32:56]: 9375
[15:32:56]: 9375
 Close valve LR4
[15:32:57]: W2 OH-
 Open valve LRW2
 Open valve V24
[15:32:58]: 9361
[15:32:58]: 9353
[15:32:58]: 9350
[15:32:58]: 9346
[15:32:59]: 9343
[15:32:59]: 9341
[15:32:59]: 9339
[15:33:00]: 9333
[15:33:00]: 9331
[15:33:00]: 9323
[15:33:01]: 9316
[15:33:01]: 9288
[15:33:01]: 9260
[15:33:02]: 8920
[15:33:02]: 8654
[15:33:02]: 8654
[15:33:03]: 8653
[15:33:03]: 8687
[15:33:03]: 8695
[15:33:03]: 8727
 Close valve V24
 Close valve LRW2
[15:33:05]: CIRCLE H+
 Open valve LR1
[15:33:05]: 9368
[15:33:05]: 9368
[15:33:06]: 9366
[15:33:06]: 9367
[15:33:06]: 9364
[15:33:07]: 9366
[15:33:07]: 9365
[15:33:07]: 9366
[15:33:07]: 9366
[15:33:08]: 9364
[15:33:08]: 9365
[15:33:08]: 9364
[15:33:09]: 9364
[15:33:09]: 9362
[15:33:09]: 9364
[15:33:10]: 9363
[15:33:10]: 9362
[15:33:10]: 9362
[15:33:11]: 9361
[15:33:11]: 9361
 Close valve LR1
[15:33:12]: W2 OH-
 Open valve LRW2
 Open valve V24
[15:33:13]: 9335
[15:33:13]: 9335
[15:33:13]: 9335
[15:33:13]: 9332
[15:33:14]: 9328
[15:33:14]: 9324
[15:33:14]: 9327
[15:33:15]: 9313
[15:33:15]: 9295
[15:33:15]: 9235
[15:33:16]: 8778
[15:33:16]: 8646
[15:33:16]: 8654
[15:33:17]: 8657
[15:33:17]: 8686
[15:33:17]: 8699
[15:33:18]: 8723
[15:33:18]: 8741
[15:33:18]: 8749
[15:33:18]: 8747
 Close valve V24
 Close valve LRW2
[15:33:20]: CROSS H+
 Open valve LR2
[15:33:20]: 9368
[15:33:20]: 9396
[15:33:21]: 9396
[15:33:21]: 9395
[15:33:21]: 9393
[15:33:22]: 9393
[15:33:22]: 9392
[15:33:22]: 9390
[15:33:22]: 9391
[15:33:23]: 9391
[15:33:23]: 9390
[15:33:23]: 9389
[15:33:24]: 9388
[15:33:24]: 9388
[15:33:24]: 9388
[15:33:25]: 9388
[15:33:25]: 9388
[15:33:25]: 9386
[15:33:26]: 9387
[15:33:26]: 9386
 Close valve LR2
[15:33:27]: W2 OH-
 Open valve LRW2
 Open valve V24
[15:33:28]: 9379
[15:33:28]: 9363
[15:33:28]: 9361
[15:33:28]: 9356
[15:33:29]: 9352
[15:33:29]: 9350
[15:33:29]: 9347
[15:33:30]: 9344
[15:33:30]: 9340
[15:33:30]: 9331
[15:33:31]: 9327
[15:33:31]: 9315
[15:33:31]: 9298
[15:33:32]: 9273
[15:33:32]: 9123
[15:33:32]: 8667
[15:33:32]: 8636
[15:33:33]: 8638
[15:33:33]: 8657
[15:33:33]: 8699
 Close valve V24
 Close valve LRW2
[15:33:34]: SQUARE H+
 Open valve LR3
[15:33:35]: 9368
[15:33:35]: 9388
[15:33:35]: 9390
[15:33:36]: 9388
[15:33:36]: 9387
[15:33:36]: 9387
[15:33:37]: 9386
[15:33:37]: 9387
[15:33:37]: 9386
[15:33:38]: 9386
[15:33:38]: 9387
[15:33:38]: 9386
[15:33:39]: 9385
[15:33:39]: 9384
[15:33:39]: 9384
[15:33:39]: 9383
[15:33:40]: 9382
[15:33:40]: 9382
[15:33:40]: 9383
[15:33:41]: 9381
 Close valve LR3
[15:33:42]: W2 OH-
 Open valve LRW2
 Open valve V24
[15:33:42]: 9374
[15:33:43]: 9359
[15:33:43]: 9354
[15:33:43]: 9350
[15:33:43]: 9350
[15:33:44]: 9347
[15:33:44]: 9343
[15:33:44]: 9343
[15:33:45]: 9337
[15:33:45]: 9332
[15:33:45]: 9325
[15:33:46]: 9319
[15:33:46]: 9315
[15:33:46]: 9295
[15:33:47]: 9260
[15:33:47]: 8899
[15:33:47]: 8663
[15:33:48]: 8656
[15:33:48]: 8666
[15:33:48]: 8669
 Close valve V24
 Close valve LRW2
[15:33:49]: PLUS H+
 Open valve LR4
[15:33:50]: 9357
[15:33:50]: 9371
[15:33:50]: 9371
[15:33:51]: 9369
[15:33:51]: 9369
[15:33:51]: 9369
[15:33:52]: 9369
[15:33:52]: 9370
[15:33:52]: 9369
[15:33:53]: 9371
[15:33:53]: 9369
[15:33:53]: 9370
[15:33:53]: 9369
[15:33:54]: 9368
[15:33:54]: 9368
[15:33:54]: 9368
[15:33:55]: 9367
[15:33:55]: 9367
[15:33:55]: 9366
[15:33:56]: 9365
 Close valve LR4
[15:33:57]: W2 OH-
 Open valve LRW2
 Open valve V24
[15:33:57]: 9347
[15:33:58]: 9344
[15:33:58]: 9338
[15:33:58]: 9337
[15:33:58]: 9333
[15:33:59]: 9331
[15:33:59]: 9329
[15:33:59]: 9324
[15:34:00]: 9316
[15:34:00]: 9316
[15:34:00]: 9305
[15:34:01]: 9286
[15:34:01]: 9257
[15:34:01]: 8833
[15:34:02]: 8662
[15:34:02]: 8660
[15:34:02]: 8676
[15:34:03]: 8696
[15:34:03]: 8725
[15:34:03]: 8740
 Close valve V24
 Close valve LRW2
[15:34:04]: CIRCLE H+
 Open valve LR1
[15:34:05]: 9449
[15:34:05]: 9365
[15:34:05]: 9357
[15:34:06]: 9357
[15:34:06]: 9356
[15:34:06]: 9355
[15:34:07]: 9355
[15:34:07]: 9354
[15:34:07]: 9355
[15:34:07]: 9354
[15:34:08]: 9354
[15:34:08]: 9355
[15:34:08]: 9353
[15:34:09]: 9353
[15:34:09]: 9352
[15:34:09]: 9354
[15:34:10]: 9351
[15:34:10]: 9350
[15:34:10]: 9353
[15:34:11]: 9352
 Close valve LR1
[15:34:12]: W2 OH-
 Open valve LRW2
 Open valve V24
[15:34:12]: 9349
[15:34:12]: 9333
[15:34:13]: 9326
[15:34:13]: 9325
[15:34:13]: 9324
[15:34:14]: 9317
[15:34:14]: 9314
[15:34:14]: 9314
[15:34:14]: 9299
[15:34:15]: 9276
[15:34:15]: 9203
[15:34:15]: 8687
[15:34:16]: 8651
[15:34:16]: 8648
[15:34:16]: 8655
[15:34:17]: 8671
[15:34:17]: 8694
[15:34:17]: 8713
[15:34:18]: 8727
[15:34:18]: 8739
 Close valve V24
 Close valve LRW2
[15:34:19]: CROSS H+
 Open valve LR2
[15:34:19]: 9465
[15:34:20]: 9389
[15:34:20]: 9384
[15:34:20]: 9384
[15:34:20]: 9382
[15:34:21]: 9381
[15:34:21]: 9380
[15:34:21]: 9378
[15:34:22]: 9379
[15:34:22]: 9379
[15:34:22]: 9378
[15:34:23]: 9376
[15:34:23]: 9376
[15:34:23]: 9376
[15:34:24]: 9375
[15:34:24]: 9375
[15:34:24]: 9375
[15:34:24]: 9373
[15:34:25]: 9372
[15:34:25]: 9372
 Close valve LR2
[15:34:26]: W2 OH-
 Open valve LRW2
 Open valve V24
[15:34:27]: 9359
[15:34:27]: 9353
[15:34:27]: 9349
[15:34:28]: 9344
[15:34:28]: 9342
[15:34:28]: 9340
[15:34:28]: 9337
[15:34:29]: 9335
[15:34:29]: 9328
[15:34:29]: 9323
[15:34:30]: 9319
[15:34:30]: 9312
[15:34:30]: 9298
[15:34:31]: 9294
[15:34:31]: 9215
[15:34:31]: 8906
[15:34:32]: 8657
[15:34:32]: 8647
[15:34:32]: 8650
[15:34:32]: 8673
 Close valve V24
 Close valve LRW2
[15:34:34]: SQUARE H+
 Open valve LR3
[15:34:34]: 9364
[15:34:34]: 9375
[15:34:35]: 9377
[15:34:35]: 9376
[15:34:35]: 9374
[15:34:35]: 9375
[15:34:36]: 9375
[15:34:36]: 9375
[15:34:36]: 9374
[15:34:37]: 9374
[15:34:37]: 9375
[15:34:37]: 9374
[15:34:38]: 9374
[15:34:38]: 9373
[15:34:38]: 9372
[15:34:39]: 9373
[15:34:39]: 9372
[15:34:39]: 9372
[15:34:39]: 9370
[15:34:40]: 9370
 Close valve LR3
[15:34:41]: W2 OH-
 Open valve LRW2
 Open valve V24
[15:34:41]: 9358
[15:34:42]: 9349
[15:34:42]: 9345
[15:34:42]: 9342
[15:34:42]: 9343
[15:34:43]: 9340
[15:34:43]: 9337
[15:34:43]: 9334
[15:34:44]: 9329
[15:34:44]: 9326
[15:34:44]: 9320
[15:34:45]: 9313
[15:34:45]: 9304
[15:34:45]: 9298
[15:34:45]: 9260
[15:34:46]: 9113
[15:34:46]: 8669
[15:34:46]: 8649
[15:34:47]: 8642
[15:34:47]: 8657
 Close valve V24
 Close valve LRW2
[15:34:48]: PLUS H+
 Open valve LR4
[15:34:48]: 9356
[15:34:49]: 9363
[15:34:49]: 9362
[15:34:49]: 9362
[15:34:50]: 9363
[15:34:50]: 9364
[15:34:50]: 9364
[15:34:51]: 9365
[15:34:51]: 9364
[15:34:51]: 9364
[15:34:52]: 9366
[15:34:52]: 9364
[15:34:52]: 9364
[15:34:53]: 9364
[15:34:53]: 9363
[15:34:53]: 9362
[15:34:53]: 9362
[15:34:54]: 9362
[15:34:54]: 9363
[15:34:54]: 9360
 Close valve LR4
[15:34:55]: W2 OH-
 Open valve LRW2
 Open valve V24
[15:34:56]: 9360
[15:34:56]: 9337
[15:34:57]: 9334
[15:34:57]: 9332
[15:34:57]: 9330
[15:34:57]: 9329
[15:34:58]: 9327
[15:34:58]: 9320
[15:34:58]: 9320
[15:34:59]: 9314
[15:34:59]: 9308
[15:34:59]: 9296
[15:35:00]: 9277
[15:35:00]: 9203
[15:35:00]: 8699
[15:35:01]: 8646
[15:35:01]: 8632
[15:35:01]: 8641
[15:35:01]: 8675
[15:35:02]: 8701
 Close valve V24
 Close valve LRW2
[15:35:03]: CIRCLE H+
 Open valve LR1
[15:35:03]: 9369
[15:35:04]: 9354
[15:35:04]: 9350
[15:35:04]: 9349
[15:35:04]: 9350
[15:35:05]: 9350
[15:35:05]: 9349
[15:35:05]: 9350
[15:35:06]: 9351
[15:35:06]: 9348
[15:35:06]: 9351
[15:35:07]: 9348
[15:35:07]: 9349
[15:35:07]: 9349
[15:35:07]: 9347
[15:35:08]: 9347
[15:35:08]: 9348
[15:35:08]: 9346
[15:35:09]: 9346
[15:35:09]: 9345
 Close valve LR1
[15:35:10]: W2 OH-
 Open valve LRW2
 Open valve V24
[15:35:11]: 9326
[15:35:11]: 9321
[15:35:11]: 9318
[15:35:11]: 9320
[15:35:12]: 9317
[15:35:12]: 9314
[15:35:12]: 9312
[15:35:13]: 9308
[15:35:13]: 9299
[15:35:13]: 9275
[15:35:14]: 9249
[15:35:14]: 9049
[15:35:14]: 8658
[15:35:14]: 8634
[15:35:15]: 8635
[15:35:15]: 8652
[15:35:15]: 8675
[15:35:16]: 8687
[15:35:16]: 8702
[15:35:16]: 8725
 Close valve V24
 Close valve LRW2
[15:35:17]: CROSS H+
 Open valve LR2
[15:35:18]: 9372
[15:35:18]: 9380
[15:35:19]: 9380
[15:35:19]: 9380
[15:35:19]: 9377
[15:35:19]: 9377
[15:35:20]: 9374
[15:35:20]: 9375
[15:35:20]: 9375
[15:35:21]: 9375
[15:35:21]: 9375
[15:35:21]: 9374
[15:35:22]: 9374
[15:35:22]: 9372
[15:35:22]: 9372
[15:35:23]: 9370
[15:35:23]: 9370
[15:35:23]: 9370
[15:35:24]: 9370
[15:35:24]: 9370
 Close valve LR2
[15:35:25]: W2 OH-
 Open valve LRW2
 Open valve V24
[15:35:25]: 9366
[15:35:26]: 9348
[15:35:26]: 9342
[15:35:26]: 9342
[15:35:27]: 9338
[15:35:27]: 9336
[15:35:27]: 9334
[15:35:27]: 9330
[15:35:28]: 9325
[15:35:28]: 9320
[15:35:28]: 9311
[15:35:29]: 9305
[15:35:29]: 9290
[15:35:29]: 9255
[15:35:30]: 9020
[15:35:30]: 8648
[15:35:30]: 8631
[15:35:31]: 8632
[15:35:31]: 8658
[15:35:31]: 8687
 Close valve V24
 Close valve LRW2
[15:35:32]: SQUARE H+
 Open valve LR3
[15:35:33]: 9371
[15:35:33]: 9375
[15:35:33]: 9376
[15:35:34]: 9375
[15:35:34]: 9374
[15:35:34]: 9373
[15:35:35]: 9375
[15:35:35]: 9375
[15:35:35]: 9375
[15:35:36]: 9374
[15:35:36]: 9373
[15:35:36]: 9373
[15:35:37]: 9372
[15:35:37]: 9371
[15:35:37]: 9372
[15:35:38]: 9370
[15:35:38]: 9370
[15:35:38]: 9370
[15:35:38]: 9370
[15:35:39]: 9370
 Close valve LR3
[15:35:40]: W2 OH-
 Open valve LRW2
 Open valve V24
[15:35:40]: 9366
[15:35:41]: 9348
[15:35:41]: 9344
[15:35:41]: 9341
[15:35:42]: 9339
[15:35:42]: 9337
[15:35:42]: 9334
[15:35:42]: 9331
[15:35:43]: 9328
[15:35:43]: 9325
[15:35:43]: 9315
[15:35:44]: 9307
[15:35:44]: 9305
[15:35:44]: 9290
[15:35:45]: 9244
[15:35:45]: 8845
[15:35:45]: 8627
[15:35:46]: 8617
[15:35:46]: 8625
[15:35:46]: 8651
 Close valve V24
 Close valve LRW2
[15:35:47]: PLUS H+
 Open valve LR4
[15:35:48]: 9365
[15:35:48]: 9363
[15:35:48]: 9362
[15:35:49]: 9363
[15:35:49]: 9363
[15:35:49]: 9363
[15:35:50]: 9363
[15:35:50]: 9362
[15:35:50]: 9364
[15:35:50]: 9364
[15:35:51]: 9363
[15:35:51]: 9363
[15:35:51]: 9363
[15:35:52]: 9361
[15:35:52]: 9361
[15:35:52]: 9361
[15:35:53]: 9360
[15:35:53]: 9361
[15:35:53]: 9359
[15:35:54]: 9359
 Close valve LR4
[15:35:55]: W2 OH-
 Open valve LRW2
 Open valve V24
[15:35:55]: 9342
[15:35:55]: 9338
[15:35:56]: 9334
[15:35:56]: 9331
[15:35:56]: 9330
[15:35:57]: 9327
[15:35:57]: 9323
[15:35:57]: 9324
[15:35:57]: 9314
[15:35:58]: 9310
[15:35:58]: 9304
[15:35:58]: 9291
[15:35:59]: 9277
[15:35:59]: 9198
[15:35:59]: 8658
[15:36:00]: 8621
[15:36:00]: 8611
[15:36:00]: 8638
[15:36:01]: 8651
[15:36:01]: 8673
 Close valve V24
 Close valve LRW2
[15:36:02]: CIRCLE H+
 Open valve LR1
[15:36:02]: 9362
[15:36:03]: 9353
[15:36:03]: 9348
[15:36:03]: 9348
[15:36:04]: 9348
[15:36:04]: 9348
[15:36:04]: 9348
[15:36:04]: 9347
[15:36:05]: 9348
[15:36:05]: 9346
[15:36:05]: 9349
[15:36:06]: 9347
[15:36:06]: 9348
[15:36:06]: 9348
[15:36:07]: 9346
[15:36:07]: 9346
[15:36:07]: 9345
[15:36:08]: 9344
[15:36:08]: 9346
[15:36:08]: 9343
 Close valve LR1
[15:36:09]: W2 OH-
 Open valve LRW2
 Open valve V24
[15:36:10]: 9324
[15:36:10]: 9323
[15:36:10]: 9318
[15:36:11]: 9319
[15:36:11]: 9319
[15:36:11]: 9312
[15:36:12]: 9315
[15:36:12]: 9309
[15:36:12]: 9295
[15:36:12]: 9286
[15:36:13]: 9267
[15:36:13]: 9060
[15:36:13]: 8640
[15:36:14]: 8616
[15:36:14]: 8625
[15:36:14]: 8636
[15:36:15]: 8656
[15:36:15]: 8687
[15:36:15]: 8698
[15:36:16]: 8715
 Close valve V24
 Close valve LRW2
[15:36:17]: CROSS H+
 Open valve LR2
[15:36:17]: 9369
[15:36:17]: 9376
[15:36:18]: 9378
[15:36:18]: 9377
[15:36:18]: 9375
[15:36:19]: 9375
[15:36:19]: 9374
[15:36:19]: 9373
[15:36:19]: 9371
[15:36:20]: 9371
[15:36:20]: 9372
[15:36:20]: 9371
[15:36:21]: 9371
[15:36:21]: 9370
[15:36:21]: 9370
[15:36:22]: 9369
[15:36:22]: 9368
[15:36:22]: 9367
[15:36:23]: 9369
[15:36:23]: 9368
 Close valve LR2
[15:36:24]: W2 OH-
 Open valve LRW2
 Open valve V24
[15:36:24]: 9351
[15:36:25]: 9348
[15:36:25]: 9343
[15:36:25]: 9340
[15:36:26]: 9340
[15:36:26]: 9335
[15:36:26]: 9333
[15:36:26]: 9333
[15:36:27]: 9331
[15:36:27]: 9321
[15:36:27]: 9320
[15:36:28]: 9312
[15:36:28]: 9302
[15:36:28]: 9291
[15:36:29]: 9252
[15:36:29]: 8822
[15:36:29]: 8608
[15:36:30]: 8603
[15:36:30]: 8614
[15:36:30]: 8647
 Close valve V24
 Close valve LRW2
[15:36:31]: SQUARE H+
 Open valve LR3
[15:36:32]: 9369
[15:36:32]: 9371
[15:36:32]: 9372
[15:36:33]: 9372
[15:36:33]: 9371
[15:36:33]: 9369
[15:36:33]: 9371
[15:36:34]: 9371
[15:36:34]: 9372
[15:36:34]: 9372
[15:36:35]: 9372
[15:36:35]: 9371
[15:36:35]: 9372
[15:36:36]: 9369
[15:36:36]: 9370
[15:36:36]: 9367
[15:36:37]: 9367
[15:36:37]: 9367
[15:36:37]: 9367
[15:36:38]: 9367
 Close valve LR3
[15:36:39]: W2 OH-
 Open valve LRW2
 Open valve V24
[15:36:39]: 9361
[15:36:39]: 9346
[15:36:40]: 9341
[15:36:40]: 9339
[15:36:40]: 9336
[15:36:41]: 9333
[15:36:41]: 9331
[15:36:41]: 9329
[15:36:42]: 9321
[15:36:42]: 9319
[15:36:42]: 9311
[15:36:43]: 9307
[15:36:43]: 9299
[15:36:43]: 9276
[15:36:44]: 9207
[15:36:44]: 8698
[15:36:44]: 8617
[15:36:44]: 8599
[15:36:45]: 8626
[15:36:45]: 8648
 Close valve V24
 Close valve LRW2
[15:36:46]: PLUS H+
 Open valve LR4
[15:36:47]: 9365
[15:36:47]: 9362
[15:36:47]: 9364
[15:36:48]: 9364
[15:36:48]: 9362
[15:36:48]: 9362
[15:36:48]: 9362
[15:36:49]: 9363
[15:36:49]: 9362
[15:36:49]: 9362
[15:36:50]: 9362
[15:36:50]: 9361
[15:36:50]: 9363
[15:36:51]: 9361
[15:36:51]: 9360
[15:36:51]: 9360
[15:36:52]: 9359
[15:36:52]: 9358
[15:36:52]: 9358
[15:36:52]: 9357
 Close valve LR4
[15:36:54]: W2 OH-
 Open valve LRW2
 Open valve V24
[15:36:54]: 9342
[15:36:54]: 9334
[15:36:55]: 9332
[15:36:55]: 9330
[15:36:55]: 9327
[15:36:56]: 9325
[15:36:56]: 9323
[15:36:56]: 9319
[15:36:57]: 9317
[15:36:57]: 9312
[15:36:57]: 9301
[15:36:57]: 9291
[15:36:58]: 9270
[15:36:58]: 9107
[15:36:58]: 8625
[15:36:59]: 8611
[15:36:59]: 8616
[15:36:59]: 8623
[15:37:00]: 8650
[15:37:00]: 8676
 Close valve V24
 Close valve LRW2
[15:37:01]: CIRCLE H+
 Open valve LR1
[15:37:01]: 9363
[15:37:02]: 9348
[15:37:02]: 9347
[15:37:02]: 9361
[15:37:03]: 9359
[15:37:03]: 9359
[15:37:03]: 9360
[15:37:04]: 9358
[15:37:04]: 9358
[15:37:04]: 9358
[15:37:05]: 9357
[15:37:05]: 9357
[15:37:05]: 9356
[15:37:05]: 9356
[15:37:06]: 9356
[15:37:06]: 9356
[15:37:06]: 9354
[15:37:07]: 9353
[15:37:07]: 9353
[15:37:07]: 9353
 Close valve LR1
[15:37:08]: W2 OH-
 Open valve LRW2
 Open valve V24
[15:37:09]: 9345
[15:37:09]: 9334
[15:37:09]: 9333
[15:37:10]: 9329
[15:37:10]: 9328
[15:37:10]: 9326
[15:37:11]: 9325
[15:37:11]: 9322
[15:37:11]: 9317
[15:37:12]: 9313
[15:37:12]: 9303
[15:37:12]: 9299
[15:37:13]: 9281
[15:37:13]: 9250
[15:37:13]: 8980
[15:37:13]: 8623
[15:37:14]: 8592
[15:37:14]: 8606
[15:37:14]: 8637
[15:37:15]: 8653
 Close valve V24
 Close valve LRW2
[15:37:16]: CROSS H+
 Open valve LR2
[15:37:16]: 9360
[15:37:16]: 9365
[15:37:17]: 9365
[15:37:17]: 9365
[15:37:17]: 9365
[15:37:18]: 9363
[15:37:18]: 9363
[15:37:18]: 9363
[15:37:19]: 9364
[15:37:19]: 9363
[15:37:19]: 9364
[15:37:20]: 9364
[15:37:20]: 9364
[15:37:20]: 9362
[15:37:20]: 9363
[15:37:21]: 9361
[15:37:21]: 9361
[15:37:21]: 9360
[15:37:22]: 9359
[15:37:22]: 9359
 Close valve LR2
[15:37:23]: W2 OH-
 Open valve LRW2
 Open valve V24
[15:37:24]: 9346
[15:37:24]: 9340
[15:37:24]: 9336
[15:37:25]: 9335
[15:37:25]: 9332
[15:37:25]: 9330
[15:37:26]: 9327
[15:37:26]: 9324
[15:37:26]: 9321
[15:37:26]: 9316
[15:37:27]: 9312
[15:37:27]: 9308
[15:37:27]: 9298
[15:37:28]: 9285
[15:37:28]: 9251
[15:37:28]: 9070
[15:37:29]: 8628
[15:37:29]: 8605
[15:37:29]: 8609
[15:37:30]: 8628
 Close valve V24
 Close valve LRW2
[15:37:31]: SQUARE H+
 Open valve LR3
[15:37:31]: 9359
[15:37:31]: 9363
[15:37:32]: 9364
[15:37:32]: 9363
[15:37:32]: 9364
[15:37:33]: 9364
[15:37:33]: 9363
[15:37:33]: 9362
[15:37:34]: 9363
[15:37:34]: 9362
[15:37:34]: 9361
[15:37:34]: 9361
[15:37:35]: 9361
[15:37:35]: 9360
[15:37:35]: 9361
[15:37:36]: 9359
[15:37:36]: 9360
[15:37:36]: 9360
[15:37:37]: 9358
[15:37:37]: 9359
 Close valve LR3
[15:37:38]: W2 OH-
 Open valve LRW2
 Open valve V24
[15:37:39]: 9353
[15:37:39]: 9339
[15:37:39]: 9337
[15:37:39]: 9333
[15:37:40]: 9331
[15:37:40]: 9329
[15:37:40]: 9327
[15:37:41]: 9323
[15:37:41]: 9317
[15:37:41]: 9318
[15:37:42]: 9306
[15:37:42]: 9300
[15:37:42]: 9296
[15:37:43]: 9280
[15:37:43]: 9227
[15:37:43]: 8960
[15:37:44]: 8616
[15:37:44]: 8593
[15:37:44]: 8612
[15:37:44]: 8641
 Close valve V24
 Close valve LRW2
[15:37:46]: PLUS H+
 Open valve LR4
[15:37:46]: 9361
[15:37:46]: 9357
[15:37:47]: 9357
[15:37:47]: 9356
[15:37:47]: 9357
[15:37:48]: 9356
[15:37:48]: 9356
[15:37:48]: 9356
[15:37:49]: 9356
[15:37:49]: 9357
[15:37:49]: 9358
[15:37:49]: 9356
[15:37:50]: 9356
[15:37:50]: 9355
[15:37:50]: 9355
[15:37:51]: 9354
[15:37:51]: 9353
[15:37:51]: 9353
[15:37:52]: 9352
[15:37:52]: 9352
 Close valve LR4
[15:37:53]: W2 OH-
 Open valve LRW2
 Open valve V24
[15:37:53]: 9346
[15:37:54]: 9332
[15:37:54]: 9328
[15:37:54]: 9324
[15:37:55]: 9323
[15:37:55]: 9320
[15:37:55]: 9320
[15:37:56]: 9317
[15:37:56]: 9311
[15:37:56]: 9308
[15:37:57]: 9298
[15:37:57]: 9287
[15:37:57]: 9275
[15:37:58]: 9195
[15:37:58]: 8670
[15:37:58]: 8606
[15:37:58]: 8591
[15:37:59]: 8620
[15:37:59]: 8651
[15:37:59]: 8664
 Close valve V24
 Close valve LRW2
[15:38:01]: CIRCLE H+
 Open valve LR1
[15:38:01]: 9359
[15:38:01]: 9346
[15:38:02]: 9344
[15:38:02]: 9343
[15:38:02]: 9342
[15:38:02]: 9343
[15:38:03]: 9343
[15:38:03]: 9342
[15:38:03]: 9344
[15:38:04]: 9341
[15:38:04]: 9341
[15:38:04]: 9343
[15:38:05]: 9342
[15:38:05]: 9340
[15:38:05]: 9339
[15:38:06]: 9340
[15:38:06]: 9339
[15:38:06]: 9338
[15:38:06]: 9338
[15:38:07]: 9338
 Close valve LR1
[15:38:08]: W2 OH-
 Open valve LRW2
 Open valve V24
[15:38:08]: 9317
[15:38:09]: 9314
[15:38:09]: 9315
[15:38:09]: 9315
[15:38:10]: 9309
[15:38:10]: 9310
[15:38:10]: 9306
[15:38:11]: 9302
[15:38:11]: 9283
[15:38:11]: 9265
[15:38:12]: 9216
[15:38:12]: 9008
[15:38:12]: 8604
[15:38:13]: 8596
[15:38:13]: 8604
[15:38:13]: 8638
[15:38:13]: 8651
[15:38:14]: 8673
[15:38:14]: 8687
[15:38:14]: 8703
 Close valve V24
 Close valve LRW2
[15:38:15]: CROSS H+
 Open valve LR2
[15:38:16]: 9365
[15:38:16]: 9372
[15:38:16]: 9371
[15:38:17]: 9370
[15:38:17]: 9371
[15:38:17]: 9369
[15:38:18]: 9368
[15:38:18]: 9368
[15:38:18]: 9368
[15:38:19]: 9367
[15:38:19]: 9367
[15:38:19]: 9366
[15:38:19]: 9365
[15:38:20]: 9364
[15:38:20]: 9363
[15:38:20]: 9364
[15:38:21]: 9362
[15:38:21]: 9362
[15:38:21]: 9362
[15:38:22]: 9361
 Close valve LR2
[15:38:23]: W2 OH-
 Open valve LRW2
 Open valve V24
[15:38:23]: 9348
[15:38:23]: 9350
[15:38:24]: 9351
[15:38:24]: 9349
[15:38:24]: 9336
[15:38:25]: 9344
[15:38:25]: 9342
[15:38:25]: 9320
[15:38:26]: 9338
[15:38:26]: 9360
[15:38:26]: 9333
[15:38:27]: 9485
[15:38:27]: 9310
[15:38:27]: 9434
[15:38:28]: 9681
[15:38:28]: 9522
[15:38:28]: 9523
[15:38:29]: 9334
[15:38:29]: 9702
[15:38:29]: 9763
 Close valve V24
 Close valve LRW2
[15:38:30]: SQUARE H+
 Open valve LR3
[15:38:31]: 9285
[15:38:31]: 9355
[15:38:31]: 9353
[15:38:32]: 9353
[15:38:32]: 9354
[15:38:32]: 9354
[15:38:33]: 9353
[15:38:33]: 9353
[15:38:33]: 9352
[15:38:33]: 9352
[15:38:34]: 9352
[15:38:34]: 9351
[15:38:34]: 9351
[15:38:35]: 9352
[15:38:35]: 9352
[15:38:35]: 9352
[15:38:36]: 9352
[15:38:36]: 9341
[15:38:36]: 9330
[15:38:37]: 9322
 Close valve LR3
[15:38:38]: W2 OH-
 Open valve LRW2
 Open valve V24
[15:38:38]: 9354
[15:38:38]: 9349
[15:38:39]: 9336
[15:38:39]: 9331
[15:38:39]: 9326
[15:38:40]: 9324
[15:38:40]: 9322
[15:38:40]: 9318
[15:38:41]: 9315
[15:38:41]: 9310
[15:38:41]: 9307
[15:38:42]: 9303
[15:38:42]: 9294
[15:38:42]: 9288
[15:38:42]: 9269
[15:38:43]: 9238
[15:38:43]: 8809
[15:38:43]: 8602
[15:38:44]: 8631
[15:38:44]: 8603
 Close valve V24
 Close valve LRW2
[15:38:45]: PLUS H+
 Open valve LR4
[15:38:45]: 9349
[15:38:46]: 9343
[15:38:46]: 9344
[15:38:46]: 9345
[15:38:47]: 9344
[15:38:47]: 9343
[15:38:47]: 9343
[15:38:48]: 9343
[15:38:48]: 9343
[15:38:48]: 9344
[15:38:49]: 9343
[15:38:49]: 9344
[15:38:49]: 9344
[15:38:50]: 9343
[15:38:50]: 9342
[15:38:50]: 9341
[15:38:50]: 9341
[15:38:51]: 9341
[15:38:51]: 9341
[15:38:51]: 9340
 Close valve LR4
[15:38:52]: W2 OH-
 Open valve LRW2
 Open valve V24
[15:38:53]: 9333
[15:38:53]: 9318
[15:38:53]: 9314
[15:38:54]: 9314
[15:38:54]: 9313
[15:38:54]: 9300
[15:38:55]: 9303
[15:38:55]: 9302
[15:38:55]: 9299
[15:38:56]: 9294
[15:38:56]: 9286
[15:38:56]: 9274
[15:38:56]: 9254
[15:38:57]: 9205
[15:38:57]: 8655
[15:38:57]: 8593
[15:38:58]: 8599
[15:38:58]: 8610
[15:38:58]: 8635
[15:38:59]: 8655
 Close valve V24
 Close valve LRW2
[15:39:00]: CIRCLE H+
 Open valve LR1
[15:39:00]: 9358
[15:39:00]: 9338
[15:39:01]: 9337
[15:39:01]: 9335
[15:39:01]: 9332
[15:39:02]: 9333
[15:39:02]: 9333
[15:39:02]: 9332
[15:39:03]: 9333
[15:39:03]: 9333
[15:39:03]: 9332
[15:39:04]: 9332
[15:39:04]: 9332
[15:39:04]: 9332
[15:39:05]: 9330
[15:39:05]: 9331
[15:39:05]: 9328
[15:39:06]: 9330
[15:39:06]: 9327
[15:39:06]: 9328
 Close valve LR1
[15:39:07]: W2 OH-
 Open valve LRW2
 Open valve V24
[15:39:08]: 9304
[15:39:08]: 9307
[15:39:08]: 9306
[15:39:09]: 9301
[15:39:09]: 9301
[15:39:09]: 9293
[15:39:10]: 9298
[15:39:10]: 9293
[15:39:10]: 9280
[15:39:11]: 9270
[15:39:11]: 9260
[15:39:11]: 9140
[15:39:11]: 8625
[15:39:12]: 8607
[15:39:12]: 8608
[15:39:12]: 8630
[15:39:13]: 8639
[15:39:13]: 8674
[15:39:13]: 8683
[15:39:14]: 8699
 Close valve V24
 Close valve LRW2
[15:39:15]: CROSS H+
 Open valve LR2
[15:39:15]: 9354
[15:39:15]: 9359
[15:39:16]: 9360
[15:39:16]: 9360
[15:39:16]: 9359
[15:39:17]: 9358
[15:39:17]: 9357
[15:39:17]: 9356
[15:39:18]: 9356
[15:39:18]: 9356
[15:39:18]: 9354
[15:39:19]: 9354
[15:39:19]: 9354
[15:39:19]: 9354
[15:39:19]: 9352
[15:39:20]: 9353
[15:39:20]: 9352
[15:39:20]: 9352
[15:39:21]: 9351
[15:39:21]: 9351
 Close valve LR2
[15:39:22]: W2 OH-
 Open valve LRW2
 Open valve V24
[15:39:22]: 9348
[15:39:23]: 9330
[15:39:23]: 9327
[15:39:23]: 9324
[15:39:24]: 9322
[15:39:24]: 9320
[15:39:24]: 9317
[15:39:25]: 9309
[15:39:25]: 9299
[15:39:25]: 9293
[15:39:26]: 9303
[15:39:26]: 9287
[15:39:26]: 9260
[15:39:27]: 9198
[15:39:27]: 8654
[15:39:27]: 8612
[15:39:27]: 8611
[15:39:28]: 8628
[15:39:28]: 8630
[15:39:28]: 8660
 Close valve V24
 Close valve LRW2
[15:39:30]: SQUARE H+
 Open valve LR3
[15:39:30]: 9356
[15:39:30]: 9358
[15:39:30]: 9358
[15:39:31]: 9358
[15:39:31]: 9358
[15:39:31]: 9357
[15:39:32]: 9358
[15:39:32]: 9358
[15:39:32]: 9357
[15:39:33]: 9358
[15:39:33]: 9356
[15:39:33]: 9356
[15:39:34]: 9357
[15:39:34]: 9356
[15:39:34]: 9355
[15:39:34]: 9355
[15:39:35]: 9355
[15:39:35]: 9354
[15:39:35]: 9354
[15:39:36]: 9352
 Close valve LR3
[15:39:37]: W2 OH-
 Open valve LRW2
 Open valve V24
[15:39:37]: 9337
[15:39:37]: 9331
[15:39:38]: 9327
[15:39:38]: 9325
[15:39:38]: 9321
[15:39:39]: 9320
[15:39:39]: 9317
[15:39:39]: 9315
[15:39:40]: 9311
[15:39:40]: 9302
[15:39:40]: 9299
[15:39:41]: 9291
[15:39:41]: 9288
[15:39:41]: 9245
[15:39:41]: 9247
[15:39:42]: 8948
[15:39:42]: 8624
[15:39:42]: 8605
[15:39:43]: 8607
[15:39:43]: 8630
 Close valve V24
 Close valve LRW2
[15:39:44]: PLUS H+
 Open valve LR4
[15:39:45]: 9375
[15:39:45]: 9349
[15:39:45]: 9348
[15:39:45]: 9349
[15:39:46]: 9348
[15:39:46]: 9347
[15:39:46]: 9348
[15:39:47]: 9347
[15:39:47]: 9346
[15:39:47]: 9348
[15:39:48]: 9346
[15:39:48]: 9348
[15:39:48]: 9347
[15:39:48]: 9345
[15:39:49]: 9345
[15:39:49]: 9344
[15:39:49]: 9344
[15:39:50]: 9344
[15:39:50]: 9343
[15:39:50]: 9342
 Close valve LR4
[15:39:51]: W2 OH-
 Open valve LRW2
 Open valve V24
[15:39:52]: 9344
[15:39:52]: 9320
[15:39:53]: 9317
[15:39:53]: 9315
[15:39:53]: 9313
[15:39:54]: 9311
[15:39:54]: 9307
[15:39:54]: 9301
[15:39:54]: 9299
[15:39:55]: 9288
[15:39:55]: 9284
[15:39:55]: 9259
[15:39:56]: 9215
[15:39:56]: 8800
[15:39:56]: 8607
[15:39:57]: 8608
[15:39:57]: 8623
[15:39:57]: 8649
[15:39:58]: 8682
[15:39:58]: 8685
 Close valve V24
 Close valve LRW2
[15:39:59]: CIRCLE H+
 Open valve LR1
[15:39:59]: 9392
[15:40:00]: 9344
[15:40:00]: 9338
[15:40:00]: 9338
[15:40:01]: 9337
[15:40:01]: 9336
[15:40:01]: 9337
[15:40:02]: 9335
[15:40:02]: 9329
[15:40:02]: 9330
[15:40:03]: 9327
[15:40:03]: 9327
[15:40:03]: 9329
[15:40:03]: 9327
[15:40:04]: 9327
[15:40:04]: 9327
[15:40:04]: 9325
[15:40:05]: 9326
[15:40:05]: 9327
[15:40:05]: 9324
 Close valve LR1
[15:40:06]: W2 OH-
 Open valve LRW2
 Open valve V24
[15:40:07]: 9321
[15:40:07]: 9301
[15:40:07]: 9303
[15:40:08]: 9301
[15:40:08]: 9301
[15:40:08]: 9299
[15:40:09]: 9293
[15:40:09]: 9289
[15:40:09]: 9272
[15:40:10]: 9262
[15:40:10]: 9225
[15:40:10]: 9109
[15:40:11]: 8634
[15:40:11]: 8624
[15:40:11]: 8643
[15:40:11]: 8674
[15:40:12]: 8674
[15:40:12]: 8690
[15:40:12]: 8710
[15:40:13]: 8721
 Close valve V24
 Close valve LRW2
[15:40:14]: CROSS H+
 Open valve LR2
[15:40:14]: 9400
[15:40:15]: 9368
[15:40:15]: 9364
[15:40:15]: 9361
[15:40:15]: 9361
[15:40:16]: 9359
[15:40:16]: 9357
[15:40:16]: 9357
[15:40:17]: 9357
[15:40:17]: 9357
[15:40:17]: 9357
[15:40:18]: 9356
[15:40:18]: 9355
[15:40:18]: 9356
[15:40:19]: 9353
[15:40:19]: 9352
[15:40:19]: 9352
[15:40:19]: 9353
[15:40:20]: 9351
[15:40:20]: 9351
 Close valve LR2
[15:40:21]: W2 OH-
 Open valve LRW2
 Open valve V24
[15:40:22]: 9340
[15:40:22]: 9332
[15:40:22]: 9326
[15:40:22]: 9324
[15:40:23]: 9322
[15:40:23]: 9318
[15:40:23]: 9316
[15:40:24]: 9313
[15:40:24]: 9307
[15:40:24]: 9304
[15:40:25]: 9298
[15:40:25]: 9287
[15:40:25]: 9275
[15:40:26]: 9250
[15:40:26]: 9091
[15:40:26]: 8628
[15:40:26]: 8613
[15:40:27]: 8627
[15:40:27]: 8662
[15:40:27]: 8696
 Close valve V24
 Close valve LRW2
[15:40:29]: SQUARE H+
 Open valve LR3
[15:40:29]: 9356
[15:40:29]: 9357
[15:40:30]: 9360
[15:40:30]: 9359
[15:40:30]: 9357
[15:40:31]: 9357
[15:40:31]: 9357
[15:40:31]: 9356
[15:40:31]: 9358
[15:40:32]: 9356
[15:40:32]: 9356
[15:40:32]: 9357
[15:40:33]: 9355
[15:40:33]: 9356
[15:40:33]: 9355
[15:40:34]: 9355
[15:40:34]: 9355
[15:40:34]: 9355
[15:40:35]: 9353
[15:40:35]: 9353
 Close valve LR3
[15:40:36]: W2 OH-
 Open valve LRW2
 Open valve V24
[15:40:36]: 9347
[15:40:37]: 9334
[15:40:37]: 9331
[15:40:37]: 9327
[15:40:38]: 9325
[15:40:38]: 9320
[15:40:38]: 9319
[15:40:39]: 9313
[15:40:39]: 9309
[15:40:39]: 9305
[15:40:40]: 9297
[15:40:40]: 9285
[15:40:40]: 9279
[15:40:40]: 9246
[15:40:41]: 9166
[15:40:41]: 8636
[15:40:41]: 8610
[15:40:42]: 8619
[15:40:42]: 8651
[15:40:42]: 8671
 Close valve V24
 Close valve LRW2
[15:40:43]: PLUS H+
 Open valve LR4
[15:40:44]: 9394
[15:40:44]: 9348
[15:40:44]: 9348
[15:40:45]: 9348
[15:40:45]: 9349
[15:40:45]: 9347
[15:40:46]: 9350
[15:40:46]: 9349
[15:40:46]: 9349
[15:40:47]: 9348
[15:40:47]: 9348
[15:40:47]: 9348
[15:40:48]: 9348
[15:40:48]: 9348
[15:40:48]: 9346
[15:40:48]: 9346
[15:40:49]: 9344
[15:40:49]: 9344
[15:40:49]: 9344
[15:40:50]: 9344
 Close valve LR4
[15:40:51]: W2 OH-
 Open valve LRW2
 Open valve V24
[15:40:51]: 9329
[15:40:52]: 9325
[15:40:52]: 9322
[15:40:52]: 9319
[15:40:52]: 9316
[15:40:53]: 9312
[15:40:53]: 9310
[15:40:53]: 9304
[15:40:54]: 9300
[15:40:54]: 9288
[15:40:54]: 9285
[15:40:55]: 9262
[15:40:55]: 9173
[15:40:55]: 8652
[15:40:56]: 8620
[15:40:56]: 8617
[15:40:56]: 8636
[15:40:57]: 8674
[15:40:57]: 8698
[15:40:57]: 8713
 Close valve V24
 Close valve LRW2
[15:40:58]: CIRCLE H+
 Open valve LR1
[15:40:59]: 9348
[15:40:59]: 9339
[15:40:59]: 9335
[15:41:00]: 9335
[15:41:00]: 9333
[15:41:00]: 9333
[15:41:00]: 9334
[15:41:01]: 9335
[15:41:01]: 9335
[15:41:01]: 9336
[15:41:02]: 9333
[15:41:02]: 9334
[15:41:02]: 9335
[15:41:03]: 9332
[15:41:03]: 9332
[15:41:03]: 9332
[15:41:04]: 9332
[15:41:04]: 9330
[15:41:04]: 9332
[15:41:05]: 9331
 Close valve LR1
[15:41:06]: W2 OH-
 Open valve LRW2
 Open valve V24
[15:41:06]: 9320
[15:41:06]: 9308
[15:41:07]: 9307
[15:41:07]: 9304
[15:41:07]: 9301
[15:41:08]: 9300
[15:41:08]: 9297
[15:41:08]: 9288
[15:41:09]: 9274
[15:41:09]: 9251
[15:41:09]: 9103
[15:41:10]: 8643

