 Close valve HP_IN
 Close valve HP_OUT
 Close valve L1_OUT
 Close valve L2_OUT
 Close valve L3_OUT
 Close valve L_HP
 Close valve LR1
 Close valve LR2
 Close valve LR3
 Close valve LR4
 Close valve LRW2
 Close valve LWASTE
 Close valve R1_4
 Close valve V21
 Close valve V24
 Close valve V4
 Close valve VH
 Close valve W1
 Close valve W2
 Close valve W3
[15:50:46]: Activate forward liquid flow
 Open valve HP_IN
 Open valve W2
 Open valve R1_4
 Open valve V21
[15:50:46]: Forward liquid flow activated
[15:50:46]: Air blow start
 Open valve HP_OUT
 Open valve L_HP
 Open valve V24
 Close valve V24
 Close valve L_HP
 Close valve HP_OUT
[15:51:46]: Air blow finish
[15:51:46]: Flow W2 start
 Open valve W2
 Open valve LRW2
 Open valve V24
 Close valve V24
 Close valve LRW2
[15:52:47]: Flow W2 finished
 Open valve W2
[15:52:47]: Loop start
 Open valve LRW2
 Open valve V24
[15:52:47]: H20 at W2
[15:52:47]: 11659
[15:52:47]: 11985
[15:52:48]: 12007
[15:52:48]: 12023
[15:52:48]: 12028
[15:52:49]: 12026
[15:52:49]: 12020
[15:52:49]: 12008
[15:52:50]: 11993
[15:52:50]: 11974
[15:52:50]: 11967
[15:52:51]: 11955
[15:52:51]: 11936
[15:52:51]: 11924
[15:52:52]: 11900
[15:52:52]: 11878
[15:52:52]: 11857
[15:52:53]: 11844
[15:52:53]: 11825
[15:52:53]: 11810
[15:52:54]: 11781
[15:52:54]: 11748
[15:52:54]: 11810
[15:52:55]: 11728
[15:52:55]: 11735
[15:52:55]: 11784
[15:52:56]: 11824
[15:52:56]: 11864
[15:52:56]: 11892
[15:52:57]: 11903
[15:52:57]: 11892
[15:52:57]: 11880
[15:52:57]: 11819
[15:52:58]: 11866
[15:52:58]: 11848
[15:52:58]: 11854
[15:52:59]: 11870
[15:52:59]: 11875
[15:52:59]: 11882
[15:53:00]: 11880
[15:53:00]: 11873
[15:53:00]: 11841
[15:53:01]: 11865
[15:53:01]: 11872
[15:53:01]: 11869
[15:53:02]: 11871
[15:53:02]: 11871
[15:53:02]: 11875
[15:53:02]: 11875
[15:53:03]: 11870
[15:53:03]: 11870
[15:53:03]: 11874
[15:53:04]: 11873
[15:53:04]: 11869
[15:53:04]: 11868
[15:53:05]: 11762
[15:53:05]: 11744
[15:53:05]: 11681
[15:53:06]: 11684
[15:53:06]: 11611
[15:53:06]: 11851
[15:53:07]: 11895
[15:53:07]: 11918
[15:53:07]: 11919
[15:53:07]: 11912
[15:53:08]: 11910
[15:53:08]: 11904
[15:53:08]: 11891
[15:53:09]: 11884
[15:53:09]: 11883
[15:53:09]: 11880
[15:53:10]: 11874
[15:53:10]: 11872
[15:53:10]: 11873
[15:53:11]: 11869
[15:53:11]: 11869
[15:53:11]: 11850
[15:53:12]: 11850
[15:53:12]: 11780
[15:53:12]: 11790
[15:53:13]: 11806
[15:53:13]: 11763
[15:53:13]: 11850
[15:53:13]: 11898
[15:53:14]: 11903
[15:53:14]: 11900
[15:53:14]: 11894
[15:53:15]: 11887
[15:53:15]: 11852
[15:53:15]: 11848
[15:53:16]: 11865
[15:53:16]: 11872
[15:53:16]: 11875
[15:53:17]: 11876
[15:53:17]: 11882
[15:53:17]: 11884
[15:53:18]: 11882
[15:53:18]: 11870
[15:53:18]: 11867
[15:53:18]: 11871
[15:53:19]: 11868
[15:53:19]: 11857
[15:53:19]: 11857
[15:53:20]: 11863
[15:53:20]: 11870
[15:53:20]: 11876
[15:53:21]: 11876
[15:53:21]: 11876
[15:53:21]: 11877
[15:53:22]: 11885
[15:53:22]: 11886
[15:53:22]: 11878
[15:53:23]: 11865
[15:53:23]: 11847
[15:53:23]: 11766
[15:53:23]: 11817
[15:53:24]: 11835
[15:53:24]: 11842
[15:53:24]: 11860
[15:53:25]: 11889
[15:53:25]: 11844
[15:53:25]: 11834
[15:53:26]: 11838
[15:53:26]: 11859
[15:53:26]: 11872
[15:53:27]: 11876
[15:53:27]: 11872
[15:53:27]: 11868
[15:53:28]: 11862
[15:53:28]: 11852
[15:53:28]: 11811
[15:53:28]: 11819
[15:53:29]: 11778
[15:53:29]: 11792
[15:53:29]: 11796
[15:53:30]: 11860
[15:53:30]: 11897
[15:53:30]: 11887
[15:53:31]: 11889
[15:53:31]: 11888
[15:53:31]: 11882
[15:53:32]: 11871
[15:53:32]: 11869
[15:53:32]: 11866
[15:53:33]: 11868
[15:53:33]: 11865
[15:53:33]: 11859
[15:53:33]: 11857
[15:53:34]: 11857
[15:53:34]: 11861
 Close valve V24
 Close valve LRW2
 Open valve LR1
[15:53:35]: pH 7.55 at LR1
[15:53:35]: 12032
[15:53:36]: 12063
[15:53:36]: 12124
[15:53:36]: 12157
[15:53:37]: 12138
[15:53:37]: 12086
[15:53:37]: 12059
[15:53:38]: 12026
[15:53:38]: 12015
[15:53:38]: 12003
[15:53:39]: 11984
[15:53:39]: 11976
[15:53:39]: 11971
[15:53:40]: 11962
[15:53:40]: 11948
[15:53:40]: 11939
[15:53:40]: 11940
[15:53:41]: 11931
[15:53:41]: 11922
[15:53:41]: 11916
[15:53:42]: 11917
[15:53:42]: 11914
[15:53:42]: 11913
[15:53:43]: 11900
[15:53:43]: 11902
[15:53:43]: 11903
[15:53:44]: 11911
[15:53:44]: 11908
[15:53:44]: 11910
[15:53:44]: 11903
[15:53:45]: 11900
[15:53:45]: 11905
[15:53:45]: 11908
[15:53:46]: 11899
[15:53:46]: 11903
[15:53:46]: 11898
[15:53:47]: 11902
[15:53:47]: 11888
[15:53:47]: 11893
[15:53:48]: 11889
[15:53:48]: 11892
[15:53:48]: 11882
[15:53:49]: 11879
[15:53:49]: 11869
[15:53:49]: 11874
[15:53:50]: 11872
[15:53:50]: 11863
[15:53:50]: 11871
[15:53:51]: 11866
[15:53:51]: 11866
[15:53:51]: 11866
[15:53:52]: 11861
[15:53:52]: 11858
[15:53:52]: 11864
[15:53:53]: 11857
[15:53:53]: 11855
[15:53:53]: 11846
[15:53:53]: 11855
[15:53:54]: 11848
[15:53:54]: 11846
[15:53:54]: 11842
[15:53:55]: 11847
[15:53:55]: 11847
[15:53:55]: 11840
[15:53:56]: 11846
[15:53:56]: 11847
[15:53:56]: 11841
[15:53:57]: 11844
[15:53:57]: 11844
[15:53:57]: 11849
[15:53:58]: 11840
[15:53:58]: 11846
[15:53:58]: 11845
[15:53:59]: 11852
[15:53:59]: 11844
[15:53:59]: 11848
[15:54:00]: 11849
[15:54:00]: 11840
[15:54:00]: 11847
[15:54:01]: 11847
[15:54:01]: 11852
[15:54:01]: 11846
[15:54:02]: 11847
[15:54:02]: 11851
[15:54:02]: 11849
[15:54:03]: 11848
[15:54:03]: 11841
[15:54:03]: 11836
[15:54:03]: 11843
[15:54:04]: 11842
[15:54:04]: 11838
[15:54:04]: 11841
[15:54:05]: 11842
[15:54:05]: 11848
[15:54:05]: 11840
[15:54:06]: 11848
[15:54:06]: 11851
[15:54:06]: 11856
[15:54:07]: 11855
[15:54:07]: 11853
[15:54:07]: 11856
[15:54:08]: 11858
[15:54:08]: 11855
[15:54:08]: 11853
[15:54:09]: 11860
[15:54:09]: 11855
[15:54:09]: 11856
[15:54:10]: 11848
[15:54:10]: 11859
[15:54:10]: 11852
[15:54:11]: 11851
[15:54:11]: 11862
[15:54:11]: 11853
[15:54:11]: 11855
[15:54:12]: 11847
[15:54:12]: 11857
[15:54:12]: 11853
[15:54:13]: 11859
[15:54:13]: 11850
[15:54:13]: 11858
[15:54:14]: 11857
[15:54:14]: 11865
[15:54:14]: 11856
[15:54:15]: 11862
[15:54:15]: 11865
[15:54:15]: 11866
[15:54:16]: 11862
[15:54:16]: 11859
[15:54:16]: 11868
[15:54:17]: 11862
[15:54:17]: 11863
[15:54:17]: 11855
[15:54:17]: 11853
[15:54:18]: 11857
[15:54:18]: 11860
[15:54:18]: 11853
[15:54:19]: 11859
[15:54:19]: 11864
[15:54:19]: 11866
[15:54:20]: 11868
[15:54:20]: 11864
[15:54:20]: 11862
[15:54:21]: 11870
[15:54:21]: 11863
[15:54:21]: 11864
[15:54:22]: 11855
[15:54:22]: 11866
[15:54:22]: 11858
[15:54:22]: 11858
[15:54:23]: 11853
 Close valve LR1
 Open valve LRW2
 Open valve V24
[15:54:24]: H20 at W2
[15:54:24]: 11862
[15:54:24]: 11871
[15:54:25]: 11932
[15:54:25]: 11966
[15:54:25]: 12023
[15:54:26]: 12067
[15:54:26]: 12092
[15:54:26]: 12117
[15:54:27]: 12133
[15:54:27]: 12151
[15:54:27]: 12163
[15:54:28]: 12176
[15:54:28]: 12182
[15:54:28]: 12203
[15:54:29]: 12202
[15:54:29]: 12214
[15:54:29]: 12213
[15:54:29]: 12219
[15:54:30]: 12230
[15:54:30]: 12238
[15:54:30]: 12235
[15:54:31]: 12247
[15:54:31]: 12253
[15:54:31]: 12266
[15:54:32]: 12258
[15:54:32]: 12268
[15:54:32]: 12266
[15:54:33]: 12275
[15:54:33]: 12266
[15:54:33]: 12263
[15:54:34]: 12267
[15:54:34]: 12259
[15:54:34]: 12271
[15:54:34]: 12257
[15:54:35]: 12250
[15:54:35]: 12272
[15:54:35]: 12271
[15:54:36]: 12275
[15:54:36]: 12283
[15:54:36]: 12295
[15:54:37]: 12300
[15:54:37]: 12305
[15:54:37]: 12297
[15:54:38]: 12272
[15:54:38]: 12279
[15:54:38]: 12267
[15:54:39]: 12249
[15:54:39]: 12243
[15:54:39]: 12249
[15:54:39]: 12236
[15:54:40]: 12238
[15:54:40]: 12219
[15:54:40]: 12219
[15:54:41]: 12191
[15:54:41]: 12219
[15:54:41]: 12198
[15:54:42]: 12216
[15:54:42]: 12199
[15:54:42]: 12190
[15:54:43]: 12161
[15:54:43]: 12186
[15:54:43]: 12202
[15:54:44]: 12179
[15:54:44]: 12174
[15:54:44]: 12144
[15:54:45]: 12113
[15:54:45]: 12134
[15:54:45]: 12117
[15:54:46]: 12095
[15:54:46]: 12083
[15:54:46]: 12073
[15:54:46]: 12064
[15:54:47]: 12041
[15:54:47]: 12048
[15:54:47]: 12082
[15:54:48]: 12080
[15:54:48]: 12074
[15:54:48]: 12043
[15:54:49]: 12018
[15:54:49]: 11982
[15:54:49]: 11974
[15:54:50]: 11998
[15:54:50]: 12032
[15:54:50]: 12032
[15:54:51]: 12006
[15:54:51]: 11990
[15:54:51]: 11968
[15:54:52]: 11963
[15:54:52]: 11966
[15:54:52]: 11964
[15:54:53]: 11993
[15:54:53]: 11994
[15:54:53]: 11985
[15:54:53]: 11973
[15:54:54]: 11969
[15:54:54]: 12030
[15:54:54]: 12037
[15:54:55]: 12035
[15:54:55]: 12010
[15:54:55]: 11991
[15:54:56]: 11961
[15:54:56]: 11952
[15:54:56]: 11947
[15:54:57]: 11945
[15:54:57]: 11982
[15:54:57]: 12028
[15:54:58]: 12028
[15:54:58]: 12029
[15:54:58]: 12039
[15:54:59]: 12020
[15:54:59]: 11986
[15:54:59]: 11964
[15:54:59]: 11981
[15:55:00]: 11982
[15:55:00]: 11972
[15:55:00]: 11959
[15:55:01]: 11950
[15:55:01]: 11933
[15:55:01]: 11931
[15:55:02]: 11930
[15:55:02]: 11930
[15:55:02]: 11923
[15:55:03]: 11923
[15:55:03]: 11926
[15:55:03]: 11925
[15:55:04]: 11923
[15:55:04]: 11918
[15:55:04]: 11916
[15:55:04]: 11920
[15:55:05]: 11919
[15:55:05]: 11914
[15:55:05]: 11914
[15:55:06]: 11916
[15:55:06]: 11916
[15:55:06]: 11909
[15:55:07]: 11911
[15:55:07]: 11913
[15:55:07]: 11913
[15:55:08]: 11907
[15:55:08]: 11907
[15:55:08]: 11910
[15:55:09]: 11903
[15:55:09]: 11904
[15:55:09]: 11906
[15:55:10]: 11911
[15:55:10]: 11913
[15:55:10]: 11912
[15:55:11]: 11916
[15:55:11]: 11913
[15:55:11]: 11907
 Close valve V24
 Close valve LRW2
 Open valve LR2
[15:55:12]: H2SO4 at LR2
[15:55:13]: 12172
[15:55:13]: 12162
[15:55:13]: 12133
[15:55:14]: 12115
[15:55:14]: 12099
[15:55:14]: 12088
[15:55:14]: 12079
[15:55:15]: 12069

