 Close valve HP_IN
 Close valve HP_OUT
 Close valve L1_OUT
 Close valve L2_OUT
 Close valve L3_OUT
 Close valve L_HP
 Close valve LR1
 Close valve LR2
 Close valve LR3
 Close valve LR4
 Close valve LRW2
 Close valve LWASTE
 Close valve R1_4
 Close valve V21
 Close valve V24
 Close valve V4
 Close valve VH
 Close valve W1
 Close valve W2
 Close valve W3
 Open valve HP_IN
 Open valve W2
 Open valve R1_4
 Open valve V21
[18:58:51]: Forward liquid flow activated
[18:58:51]: Pump W2
 Open valve LRW2
 Open valve V24
 Open valve V4
 Open valve L2_OUT
 Close valve L2_OUT
 Close valve V4
 Close valve V24
 Close valve LRW2
[18:59:21]: Loop start
[18:59:21]: W2 OH-
 Open valve LRW2
 Open valve V24
[18:59:22]: 9030
[18:59:22]: 9034
[18:59:23]: 9036
[18:59:23]: 9036
[18:59:23]: 9037
[18:59:24]: 9043
[18:59:24]: 9047
[18:59:24]: 9045
[18:59:24]: 9047
[18:59:25]: 9052
[18:59:25]: 9051
[18:59:25]: 9056
[18:59:26]: 9052
[18:59:26]: 9051
[18:59:26]: 9055
[18:59:27]: 9061
[18:59:27]: 9065
[18:59:27]: 9059
[18:59:28]: 9063
[18:59:28]: 9070
[18:59:28]: 9064
[18:59:29]: 9073
[18:59:29]: 9074
[18:59:29]: 9072
[18:59:29]: 9074
[18:59:30]: 9078
[18:59:30]: 9072
[18:59:30]: 9081
[18:59:31]: 9079
[18:59:31]: 9085
[18:59:31]: 9084
[18:59:32]: 9080
[18:59:32]: 9084
[18:59:32]: 9082
[18:59:33]: 9085
[18:59:33]: 9090
[18:59:33]: 9088
[18:59:34]: 9092
[18:59:34]: 9096
[18:59:34]: 9096
[18:59:34]: 9094
[18:59:35]: 9099
[18:59:35]: 9097
[18:59:35]: 9100
[18:59:36]: 9104
[18:59:36]: 9105
[18:59:36]: 9098
[18:59:37]: 9104
[18:59:37]: 9109
[18:59:37]: 9102
[18:59:38]: 9111
[18:59:38]: 9109
[18:59:38]: 9107
[18:59:39]: 9109
[18:59:39]: 9116
[18:59:39]: 9114
[18:59:39]: 9113
[18:59:40]: 9118
[18:59:40]: 9118
[18:59:40]: 9114
 Close valve V24
 Close valve LRW2
[18:59:41]: CIRCLE H+
 Open valve LR1
[18:59:41]: 9120
[18:59:41]: 10672
[18:59:42]: 11414
[18:59:42]: 11782
[18:59:42]: 11859
[18:59:42]: 11866
[18:59:43]: 11835
[18:59:43]: 11828
[18:59:43]: 11816
[18:59:44]: 11820
[18:59:44]: 11821
[18:59:44]: 11814
[18:59:45]: 11821
[18:59:45]: 11837
[18:59:45]: 11847
[18:59:46]: 11868
[18:59:46]: 11875
[18:59:46]: 11906
[18:59:46]: 11939
[18:59:47]: 11951
[18:59:47]: 11984
[18:59:47]: 10328
[18:59:48]: 10682
[18:59:48]: 10378
[18:59:48]: 10357
[18:59:49]: 10372
[18:59:49]: 10381
[18:59:49]: 10395
[18:59:50]: 10405
[18:59:50]: 10415
[18:59:50]: 10422
[18:59:51]: 10435
[18:59:51]: 10437
[18:59:51]: 10457
[18:59:51]: 10464
[18:59:52]: 10469
[18:59:52]: 10471
[18:59:52]: 10482
[18:59:53]: 10491
[18:59:53]: 10494
[18:59:53]: 10573
[18:59:54]: 10528
[18:59:54]: 9789
[18:59:54]: 9737
[18:59:55]: 9730
[18:59:55]: 9722
[18:59:55]: 9726
[18:59:56]: 9727
[18:59:56]: 9728
[18:59:56]: 9715
[18:59:57]: 9713
[18:59:57]: 9708
[18:59:57]: 9706
[18:59:57]: 9704
[18:59:58]: 9705
[18:59:58]: 9703
[18:59:58]: 9702
[18:59:59]: 9699
[18:59:59]: 9697
[18:59:59]: 9698
 Close valve LR1
[18:59:59]: W2 OH-
 Open valve LRW2
 Open valve V24
[19:00:00]: 9697
[19:00:00]: 9672
[19:00:00]: 8914
[19:00:01]: 8888
[19:00:01]: 8912
[19:00:01]: 8957
[19:00:02]: 8993
[19:00:02]: 9016
[19:00:02]: 9001
[19:00:03]: 8959
[19:00:03]: 8992
[19:00:03]: 9004
[19:00:04]: 9003
[19:00:04]: 9005
[19:00:04]: 9012
[19:00:05]: 9011
[19:00:05]: 9008
[19:00:05]: 9014
[19:00:05]: 9020
[19:00:06]: 9025
[19:00:06]: 9024
[19:00:06]: 9019
[19:00:07]: 9018
[19:00:07]: 9021
[19:00:07]: 9027
[19:00:08]: 9023
[19:00:08]: 9034
[19:00:08]: 9023
[19:00:09]: 9025
[19:00:09]: 9034
[19:00:09]: 9030
[19:00:10]: 9037
[19:00:10]: 9038
[19:00:10]: 9035
[19:00:10]: 9037
[19:00:11]: 9041
[19:00:11]: 9029
[19:00:11]: 9031
[19:00:12]: 9039
[19:00:12]: 9035
[19:00:12]: 9032
[19:00:13]: 9040
[19:00:13]: 9040
[19:00:13]: 9041
[19:00:14]: 9047
[19:00:14]: 9046
[19:00:14]: 9043
[19:00:15]: 9044
[19:00:15]: 9048
[19:00:15]: 9046
[19:00:15]: 9042
[19:00:16]: 9049
[19:00:16]: 9051
[19:00:16]: 9039
[19:00:17]: 9044
[19:00:17]: 9047
[19:00:17]: 9042
[19:00:18]: 9053
[19:00:18]: 9050
[19:00:18]: 9046
 Close valve V24
 Close valve LRW2
[19:00:18]: CROSS H+
 Open valve LR2
[19:00:19]: 9061
[19:00:19]: 10621
[19:00:19]: 11325
[19:00:20]: 11505
[19:00:20]: 11574
[19:00:20]: 11440
[19:00:21]: 11653
[19:00:21]: 11660
[19:00:21]: 11715
[19:00:21]: 11778
[19:00:22]: 11810
[19:00:22]: 11836
[19:00:22]: 11863
[19:00:23]: 11886
[19:00:23]: 11905
[19:00:23]: 11913
[19:00:24]: 12302
[19:00:24]: 12247
[19:00:24]: 12236
[19:00:25]: 12236
[19:00:25]: 12234
[19:00:25]: 12235
[19:00:26]: 12245
[19:00:26]: 12252
[19:00:26]: 10903
[19:00:26]: 10480
[19:00:27]: 10271
[19:00:27]: 10257
[19:00:27]: 10259
[19:00:28]: 10262
[19:00:28]: 10269
[19:00:28]: 10284
[19:00:29]: 10290
[19:00:29]: 10288
[19:00:29]: 10298
[19:00:30]: 10309
[19:00:30]: 10311
[19:00:30]: 10318
[19:00:30]: 10323
[19:00:31]: 10335
[19:00:31]: 10339
[19:00:31]: 10345
[19:00:32]: 10339
[19:00:32]: 10347
[19:00:32]: 9746
[19:00:33]: 9840
[19:00:33]: 9722
[19:00:33]: 9710
[19:00:34]: 9704
[19:00:34]: 9702
[19:00:34]: 9699
[19:00:34]: 9699
[19:00:35]: 9697
[19:00:35]: 9693
[19:00:35]: 9691
[19:00:36]: 9692
[19:00:36]: 9693
[19:00:36]: 9689
[19:00:37]: 9690
[19:00:37]: 9690
 Close valve LR2
[19:00:37]: W2 OH-
 Open valve LRW2
 Open valve V24
[19:00:38]: 9684
[19:00:38]: 9663
[19:00:38]: 8905
[19:00:38]: 8913
[19:00:39]: 8938
[19:00:39]: 8968
[19:00:39]: 8991
[19:00:40]: 9007
[19:00:40]: 8999
[19:00:40]: 8991
[19:00:41]: 9032
[19:00:41]: 9060
[19:00:41]: 9081
[19:00:42]: 9088
[19:00:42]: 9075
[19:00:42]: 9023
[19:00:42]: 9082
[19:00:43]: 9080
[19:00:43]: 9139
[19:00:43]: 9105
[19:00:44]: 9086
[19:00:44]: 9093
[19:00:44]: 9102
[19:00:45]: 9112
[19:00:45]: 9117
[19:00:45]: 9114
[19:00:46]: 9111
[19:00:46]: 9128
[19:00:46]: 9115
[19:00:46]: 9118
[19:00:47]: 9104
[19:00:47]: 9115
[19:00:47]: 9135
[19:00:48]: 9119
[19:00:48]: 9129
[19:00:48]: 9140
[19:00:49]: 9126
[19:00:49]: 9130
[19:00:49]: 9142
[19:00:50]: 9138
[19:00:50]: 9149
[19:00:50]: 9152
[19:00:50]: 9134
[19:00:51]: 9143
[19:00:51]: 9152
[19:00:51]: 9137
[19:00:52]: 9141
[19:00:52]: 9151
[19:00:52]: 9144
[19:00:53]: 9159
[19:00:53]: 9161
[19:00:53]: 9155
[19:00:54]: 9155
[19:00:54]: 9164
[19:00:54]: 9148
[19:00:55]: 9151
[19:00:55]: 9162
[19:00:55]: 9154
[19:00:55]: 9151
[19:00:56]: 9156
 Close valve V24
 Close valve LRW2
[19:00:56]: SQUARE H+
 Open valve LR3
[19:00:56]: 9153
[19:00:57]: 10355
[19:00:57]: 11360
[19:00:57]: 11540
[19:00:58]: 11638
[19:00:58]: 11564
[19:00:58]: 11515
[19:00:58]: 11125
[19:00:59]: 11472
[19:00:59]: 11622
[19:00:59]: 11609
[19:01:00]: 11655
[19:01:00]: 11691
[19:01:00]: 11717
[19:01:01]: 11726
[19:01:01]: 11759
[19:01:01]: 11767
[19:01:02]: 11783
[19:01:02]: 11797
[19:01:02]: 11815
[19:01:03]: 11828
[19:01:03]: 11837
[19:01:03]: 11844
[19:01:04]: 11852
[19:01:04]: 11858
[19:01:04]: 11798
[19:01:04]: 9918
[19:01:05]: 9919
[19:01:05]: 9901
[19:01:05]: 9902
[19:01:06]: 9900
[19:01:06]: 9883
[19:01:06]: 9861
[19:01:07]: 9849
[19:01:07]: 9838
[19:01:07]: 9819
[19:01:08]: 9809
[19:01:08]: 9799
[19:01:08]: 9789
[19:01:08]: 9777
[19:01:09]: 9751
[19:01:09]: 9745
[19:01:09]: 9709
[19:01:10]: 9706
[19:01:10]: 9709
[19:01:10]: 9723
[19:01:11]: 9724
[19:01:11]: 9722
[19:01:11]: 9720
[19:01:12]: 9719
[19:01:12]: 9720
[19:01:12]: 9718
[19:01:12]: 9714
[19:01:13]: 9713
[19:01:13]: 9713
[19:01:13]: 9711
[19:01:14]: 9708
[19:01:14]: 9706
[19:01:14]: 9706
[19:01:15]: 9705
 Close valve LR3
[19:01:15]: W2 OH-
 Open valve LRW2
 Open valve V24
[19:01:15]: 9698
[19:01:15]: 9660
[19:01:16]: 9678
[19:01:16]: 8931
[19:01:16]: 8932
[19:01:17]: 8943
[19:01:17]: 8974
[19:01:17]: 9013
[19:01:18]: 9027
[19:01:18]: 9045
[19:01:18]: 9071
[19:01:18]: 9077
[19:01:19]: 9089
[19:01:19]: 9120
[19:01:19]: 9129
[19:01:20]: 9120
[19:01:20]: 9135
[19:01:20]: 9146
[19:01:21]: 9136
[19:01:21]: 9137
[19:01:21]: 9157
[19:01:22]: 9167
[19:01:22]: 9166
[19:01:22]: 9160
[19:01:23]: 9167
[19:01:23]: 9179
[19:01:23]: 9162
[19:01:23]: 9172
[19:01:24]: 9173
[19:01:24]: 9168
[19:01:24]: 9191
[19:01:25]: 9170
[19:01:25]: 9179
[19:01:25]: 9185
[19:01:26]: 9188
[19:01:26]: 9197
[19:01:26]: 9195
[19:01:27]: 9186
[19:01:27]: 9198
[19:01:27]: 9205
[19:01:27]: 9183
[19:01:28]: 9191
[19:01:28]: 9197
[19:01:28]: 9189
[19:01:29]: 9208
[19:01:29]: 9206
[19:01:29]: 9197
[19:01:30]: 9208
[19:01:30]: 9214
[19:01:30]: 9193
[19:01:31]: 9214
[19:01:31]: 9212
[19:01:31]: 9199
[19:01:31]: 9199
[19:01:32]: 9208
[19:01:32]: 9206
[19:01:32]: 9200
[19:01:33]: 9202
[19:01:33]: 9213
[19:01:33]: 9209
 Close valve V24
 Close valve LRW2
[19:01:33]: PLUS H+
 Open valve LR4
[19:01:34]: 9265
[19:01:34]: 9035
[19:01:34]: 9004
[19:01:35]: 10986
[19:01:35]: 11368
[19:01:35]: 11412
[19:01:36]: 10404
[19:01:36]: 11373
[19:01:36]: 11524
[19:01:37]: 11496
[19:01:37]: 11586
[19:01:37]: 11610
[19:01:38]: 11605
[19:01:38]: 11664
[19:01:38]: 11699
[19:01:38]: 11730
[19:01:39]: 11742
[19:01:39]: 11762
[19:01:39]: 11783
[19:01:40]: 11791
[19:01:40]: 11806
[19:01:40]: 11819
[19:01:41]: 11820
[19:01:41]: 11833
[19:01:41]: 11832
[19:01:42]: 11837
[19:01:42]: 11848
[19:01:42]: 11857
[19:01:42]: 11858
[19:01:43]: 11870
[19:01:43]: 11878
[19:01:43]: 11875
[19:01:44]: 11886
[19:01:44]: 11886
[19:01:44]: 11892
[19:01:45]: 11895
[19:01:45]: 11904
[19:01:45]: 11905
[19:01:46]: 11932
[19:01:46]: 9840
[19:01:46]: 9790
[19:01:47]: 9780
[19:01:47]: 9763
[19:01:47]: 9754
[19:01:47]: 9745
[19:01:48]: 9745
[19:01:48]: 9742
[19:01:48]: 9743
[19:01:49]: 9744
[19:01:49]: 9746
[19:01:49]: 9747
[19:01:50]: 9746
[19:01:50]: 9748
[19:01:50]: 9749
[19:01:51]: 9747
[19:01:51]: 9746
[19:01:51]: 9742
[19:01:52]: 9739
[19:01:52]: 9743
[19:01:52]: 9741
 Close valve LR4
[19:01:52]: W2 OH-
 Open valve LRW2
 Open valve V24
[19:01:53]: 9727
[19:01:53]: 9532
[19:01:53]: 8910
[19:01:54]: 8906
[19:01:54]: 8911
[19:01:54]: 8924
[19:01:55]: 8936
[19:01:55]: 8952
[19:01:55]: 8960
[19:01:55]: 8960
[19:01:56]: 8970
[19:01:56]: 8972
[19:01:56]: 8973
[19:01:57]: 8987
[19:01:57]: 8988
[19:01:57]: 8986
[19:01:58]: 8993
[19:01:58]: 8995
[19:01:58]: 8994
[19:01:59]: 8996
[19:01:59]: 9002
[19:01:59]: 9002
[19:02:00]: 8994
[19:02:00]: 9000
[19:02:00]: 9005
[19:02:00]: 8998
[19:02:01]: 8999
[19:02:01]: 9005
[19:02:01]: 9002
[19:02:02]: 8999
[19:02:02]: 9010
[19:02:02]: 9000
[19:02:03]: 9010
[19:02:03]: 9010
[19:02:03]: 9011
[19:02:04]: 9009
[19:02:04]: 9009
[19:02:04]: 9014
[19:02:04]: 9013
[19:02:05]: 9005
[19:02:05]: 9010
[19:02:05]: 9010
[19:02:06]: 9007
[19:02:06]: 9014
[19:02:06]: 9006
[19:02:07]: 9007
[19:02:07]: 9011
[19:02:07]: 9007
[19:02:08]: 9017
[19:02:08]: 9016
[19:02:08]: 9013
[19:02:08]: 9015
[19:02:09]: 9008
[19:02:09]: 9012
[19:02:09]: 9011
[19:02:10]: 9008
[19:02:10]: 9018
[19:02:10]: 9016
[19:02:11]: 9010
[19:02:11]: 9015
 Close valve V24
 Close valve LRW2
[19:02:11]: CIRCLE H+
 Open valve LR1
[19:02:11]: 9005
[19:02:12]: 9799
[19:02:12]: 9792
[19:02:12]: 9793
[19:02:13]: 9790
[19:02:13]: 9770
[19:02:13]: 9761
[19:02:14]: 9770
[19:02:14]: 9771
[19:02:14]: 9768
[19:02:15]: 9765
[19:02:15]: 9763
[19:02:15]: 9760
[19:02:16]: 9758
[19:02:16]: 9746
[19:02:16]: 9747
[19:02:16]: 9746
[19:02:17]: 9745
[19:02:17]: 9739
[19:02:17]: 9736
[19:02:18]: 9733
[19:02:18]: 9729
[19:02:18]: 9726
[19:02:19]: 9721
[19:02:19]: 9723
[19:02:19]: 9721
[19:02:20]: 9714
[19:02:20]: 9713
[19:02:20]: 9712
[19:02:21]: 9710
[19:02:21]: 9709
[19:02:21]: 9708
[19:02:21]: 9704
[19:02:22]: 9706
[19:02:22]: 9705
[19:02:22]: 9703
[19:02:23]: 9699
[19:02:23]: 9700
[19:02:23]: 9698
[19:02:24]: 9697
[19:02:24]: 9695
[19:02:24]: 9694
[19:02:25]: 9693
[19:02:25]: 9693
[19:02:25]: 9693
[19:02:26]: 9692
[19:02:26]: 9692
[19:02:26]: 9690
[19:02:26]: 9688
[19:02:27]: 9691
[19:02:27]: 9690
[19:02:27]: 9689
[19:02:28]: 9686
[19:02:28]: 9686
[19:02:28]: 9685
[19:02:29]: 9684
[19:02:29]: 9683
[19:02:29]: 9681
[19:02:30]: 9684
[19:02:30]: 9683
 Close valve LR1
[19:02:30]: W2 OH-
 Open valve LRW2
 Open valve V24
[19:02:30]: 9678
[19:02:31]: 9644
[19:02:31]: 9503
[19:02:31]: 8876
[19:02:32]: 8861
[19:02:32]: 8857
[19:02:32]: 8865
[19:02:32]: 8880
[19:02:33]: 8896
[19:02:33]: 8899
[19:02:33]: 8900
[19:02:34]: 8909
[19:02:34]: 8913
[19:02:34]: 8905
[19:02:35]: 8918
[19:02:35]: 8918
[19:02:35]: 8918
[19:02:36]: 8929
[19:02:36]: 8926
[19:02:36]: 8928
[19:02:37]: 8933
[19:02:37]: 8928
[19:02:37]: 8933
[19:02:38]: 8940
[19:02:38]: 8941
[19:02:38]: 8939
[19:02:39]: 8939
[19:02:39]: 8936
[19:02:39]: 8938
[19:02:39]: 8943
[19:02:40]: 8948
[19:02:40]: 8947
[19:02:40]: 8942
[19:02:41]: 8948
[19:02:41]: 8953
[19:02:41]: 8943
[19:02:42]: 8954
[19:02:42]: 8951
[19:02:42]: 8948
[19:02:43]: 8951
[19:02:43]: 8948
[19:02:43]: 8953
[19:02:44]: 8950
[19:02:44]: 8957
[19:02:44]: 8958
[19:02:44]: 8949
[19:02:45]: 8953
[19:02:45]: 8957
[19:02:45]: 8952
[19:02:46]: 8952
[19:02:46]: 8959
[19:02:46]: 8955
[19:02:47]: 8953
[19:02:47]: 8964
[19:02:47]: 8952
[19:02:48]: 8954
[19:02:48]: 8960
[19:02:48]: 8956
[19:02:48]: 8960
[19:02:49]: 8962
 Close valve V24
 Close valve LRW2
[19:02:49]: CROSS H+
 Open valve LR2
[19:02:49]: 8930
[19:02:50]: 9723
[19:02:50]: 9713
[19:02:50]: 9708
[19:02:51]: 9707
[19:02:51]: 9700
[19:02:51]: 9695
[19:02:52]: 9694
[19:02:52]: 9695
[19:02:52]: 9686
[19:02:53]: 9686
[19:02:53]: 9684
[19:02:53]: 9686
[19:02:54]: 9682
[19:02:54]: 9680
[19:02:54]: 9681
[19:02:54]: 9679
[19:02:55]: 9675
[19:02:55]: 9673
[19:02:55]: 9681
[19:02:56]: 9677
[19:02:56]: 9675
[19:02:56]: 9677
[19:02:57]: 9675
[19:02:57]: 9671
[19:02:57]: 9674
[19:02:58]: 9669
[19:02:58]: 9666
[19:02:58]: 9674
[19:02:58]: 9664
[19:02:59]: 9666
[19:02:59]: 9670
[19:02:59]: 9670
[19:03:00]: 9664
[19:03:00]: 9665
[19:03:00]: 9664
[19:03:01]: 9661
[19:03:01]: 9669
[19:03:01]: 9667
[19:03:02]: 9659
[19:03:02]: 9663
[19:03:02]: 9665
[19:03:03]: 9659
[19:03:03]: 9659
[19:03:03]: 9663
[19:03:03]: 9658
[19:03:04]: 9655
[19:03:04]: 9655
[19:03:04]: 9658
[19:03:05]: 9661
[19:03:05]: 9659
[19:03:05]: 9656
[19:03:06]: 9658
[19:03:06]: 9661
[19:03:06]: 9659
[19:03:07]: 9651
[19:03:07]: 9654
[19:03:07]: 9657
[19:03:08]: 9651
[19:03:08]: 9651
 Close valve LR2
[19:03:08]: W2 OH-
 Open valve LRW2
 Open valve V24
[19:03:08]: 9651
[19:03:09]: 9580
[19:03:09]: 9048
[19:03:09]: 8855
[19:03:10]: 8838
[19:03:10]: 8856
[19:03:10]: 8879
[19:03:11]: 8884
[19:03:11]: 8911
[19:03:11]: 8923
[19:03:11]: 8944
[19:03:12]: 8944
[19:03:12]: 8956
[19:03:12]: 8970
[19:03:13]: 8982
[19:03:13]: 8989
[19:03:13]: 8993
[19:03:14]: 9000
[19:03:14]: 9009
[19:03:14]: 9015
[19:03:15]: 9021
[19:03:15]: 9026
[19:03:15]: 9035
[19:03:16]: 9031
[19:03:16]: 9038
[19:03:16]: 9047
[19:03:16]: 9050
[19:03:17]: 9052
[19:03:17]: 9057
[19:03:17]: 9066
[19:03:18]: 9066
[19:03:18]: 9074
[19:03:18]: 9079
[19:03:19]: 9076
[19:03:19]: 9085
[19:03:19]: 9086
[19:03:20]: 9088
[19:03:20]: 9094
[19:03:20]: 9097
[19:03:20]: 9100
[19:03:21]: 9101
[19:03:21]: 9106
[19:03:21]: 9101
[19:03:22]: 9103
[19:03:22]: 9113
[19:03:22]: 9109
[19:03:23]: 9109
[19:03:23]: 9120
[19:03:23]: 9115
[19:03:24]: 9120
[19:03:24]: 9125
[19:03:24]: 9123
[19:03:25]: 9130
[19:03:25]: 9126
[19:03:25]: 9132
[19:03:25]: 9130
[19:03:26]: 9135
[19:03:26]: 9138
[19:03:26]: 9133
[19:03:27]: 9137
 Close valve V24
 Close valve LRW2
[19:03:27]: SQUARE H+
 Open valve LR3
[19:03:27]: 9125
[19:03:27]: 9820
[19:03:28]: 9771
[19:03:28]: 9759
[19:03:28]: 9753
[19:03:29]: 9748
[19:03:29]: 9742
[19:03:29]: 9736
[19:03:30]: 9737
[19:03:30]: 9733
[19:03:30]: 9729
[19:03:31]: 9725
[19:03:31]: 9723
[19:03:31]: 9721
[19:03:31]: 9718
[19:03:32]: 9719
[19:03:32]: 9718
[19:03:32]: 9712
[19:03:33]: 9710
[19:03:33]: 9710
[19:03:33]: 9711
[19:03:34]: 9709
[19:03:34]: 9708
[19:03:34]: 9706
[19:03:35]: 9706
[19:03:35]: 9706
[19:03:35]: 9702
[19:03:35]: 9700
[19:03:36]: 9699
[19:03:36]: 9702
[19:03:36]: 9700
[19:03:37]: 9698
[19:03:37]: 9697
[19:03:37]: 9696
[19:03:38]: 9694
[19:03:38]: 9692
[19:03:38]: 9697
[19:03:39]: 9691
[19:03:39]: 9693
[19:03:39]: 9691
[19:03:40]: 9690
[19:03:40]: 9691
[19:03:40]: 9692
[19:03:41]: 9686
[19:03:41]: 9690
[19:03:41]: 9688
[19:03:42]: 9686
[19:03:42]: 9686
[19:03:42]: 9687
[19:03:43]: 9685
[19:03:43]: 9686
[19:03:43]: 9685
[19:03:43]: 9683
[19:03:44]: 9681
[19:03:44]: 9682
[19:03:44]: 9683
[19:03:45]: 9679
[19:03:45]: 9677
[19:03:45]: 9677
[19:03:46]: 9678
 Close valve LR3
[19:03:46]: W2 OH-
 Open valve LRW2
 Open valve V24
[19:03:46]: 9674
[19:03:46]: 9640
[19:03:47]: 9429
[19:03:47]: 8873
[19:03:47]: 8856
[19:03:48]: 8875
[19:03:48]: 8921
[19:03:48]: 8957
[19:03:49]: 8983
[19:03:49]: 9005
[19:03:49]: 9024
[19:03:50]: 9034
[19:03:50]: 9041
[19:03:50]: 9046
[19:03:51]: 9053
[19:03:51]: 9063
[19:03:51]: 9073
[19:03:52]: 9081
[19:03:52]: 9080
[19:03:52]: 9087
[19:03:53]: 9094
[19:03:53]: 9096
[19:03:53]: 9099
[19:03:53]: 9111
[19:03:54]: 9114
[19:03:54]: 9115
[19:03:54]: 9122
[19:03:55]: 9126
[19:03:55]: 9127
[19:03:55]: 9127
[19:03:56]: 9136
[19:03:56]: 9133
[19:03:56]: 9139
[19:03:57]: 9143
[19:03:57]: 9144
[19:03:57]: 9144
[19:03:58]: 9143
[19:03:58]: 9153
[19:03:58]: 9154
[19:03:59]: 9156
[19:03:59]: 9156
[19:03:59]: 9160
[19:03:59]: 9155
[19:04:00]: 9159
[19:04:00]: 9162
[19:04:00]: 9160
[19:04:01]: 9160
[19:04:01]: 9163
[19:04:01]: 9168
[19:04:02]: 9172
[19:04:02]: 9172
[19:04:02]: 9170
[19:04:03]: 9175
[19:04:03]: 9178
[19:04:03]: 9178
[19:04:04]: 9177
[19:04:04]: 9175
[19:04:04]: 9182
[19:04:05]: 9177
[19:04:05]: 9179
 Close valve V24
 Close valve LRW2
[19:04:05]: PLUS H+
 Open valve LR4
[19:04:05]: 9126
[19:04:06]: 9844
[19:04:06]: 9793
[19:04:06]: 9787
[19:04:07]: 9778
[19:04:07]: 9771
[19:04:07]: 9766
[19:04:08]: 9761
[19:04:08]: 9756
[19:04:08]: 9755
[19:04:09]: 9752
[19:04:09]: 9750
[19:04:09]: 9746
[19:04:10]: 9742
[19:04:10]: 9741
[19:04:10]: 9739
[19:04:10]: 9737
[19:04:11]: 9737
[19:04:11]: 9730
[19:04:11]: 9734
[19:04:12]: 9730
[19:04:12]: 9729
[19:04:12]: 9727
[19:04:13]: 9727
[19:04:13]: 9727
[19:04:13]: 9721
[19:04:14]: 9720
[19:04:14]: 9720
[19:04:14]: 9721
[19:04:15]: 9721
[19:04:15]: 9719
[19:04:15]: 9719
[19:04:16]: 9718
[19:04:16]: 9715
[19:04:16]: 9713
[19:04:17]: 9713
[19:04:17]: 9712
[19:04:17]: 9713
[19:04:18]: 9712
[19:04:18]: 9711
[19:04:18]: 9708
[19:04:19]: 9708
[19:04:19]: 9707
[19:04:19]: 9705
[19:04:20]: 9703
[19:04:20]: 9701
[19:04:20]: 9701
[19:04:20]: 9702
[19:04:21]: 9702
[19:04:21]: 9701
[19:04:21]: 9700
[19:04:22]: 9701
[19:04:22]: 9701
[19:04:22]: 9700
[19:04:23]: 9695
[19:04:23]: 9696
[19:04:23]: 9696
[19:04:24]: 9694
[19:04:24]: 9695
[19:04:24]: 9695
 Close valve LR4
[19:04:24]: W2 OH-
 Open valve LRW2
 Open valve V24
[19:04:25]: 9689
[19:04:25]: 9648
[19:04:25]: 9223
[19:04:26]: 8877
[19:04:26]: 8865
[19:04:26]: 8881
[19:04:27]: 8929
[19:04:27]: 8972
[19:04:27]: 8998
[19:04:28]: 9019
[19:04:28]: 9038
[19:04:28]: 9053
[19:04:28]: 9059
[19:04:29]: 9062
[19:04:29]: 9074
