 Close valve HP_IN
 Close valve HP_OUT
 Close valve L1_OUT
 Close valve L2_OUT
 Close valve L3_OUT
 Close valve L_HP
 Close valve LR1
 Close valve LR2
 Close valve LR3
 Close valve LR4
 Close valve LRW2
 Close valve LWASTE
 Close valve R1_4
 Close valve V21
 Close valve V24
 Close valve V4
 Close valve VH
 Close valve W1
 Close valve W2
 Close valve W3
 Open valve HP_IN
 Open valve W2
 Open valve R1_4
 Open valve V21
[15:44:27]: Forward liquid flow activated
[15:44:27]: AIR
 Open valve HP_OUT
 Open valve L_HP
 Open valve V24
 Close valve V24
 Close valve L_HP
 Close valve HP_OUT
[15:44:48]: W2 OH-
 Open valve LRW2
 Open valve V24
[15:44:49]: 8625
[15:44:50]: 8587
[15:44:50]: 8585
[15:44:50]: 8602
[15:44:51]: 8625
[15:44:51]: 8636
[15:44:51]: 8644
[15:44:52]: 8644
[15:44:52]: 8647
[15:44:52]: 8652
[15:44:53]: 8656
[15:44:53]: 8651
[15:44:53]: 8652
[15:44:54]: 8656
[15:44:54]: 8658
[15:44:54]: 8659
[15:44:54]: 8661
[15:44:55]: 8664
[15:44:55]: 8662
[15:44:55]: 8667
[15:44:56]: 8668
[15:44:56]: 8669
[15:44:56]: 8670
[15:44:57]: 8671
[15:44:57]: 8674
[15:44:57]: 8674
[15:44:58]: 8674
[15:44:58]: 8675
[15:44:58]: 8680
[15:44:59]: 8681
 Close valve V24
 Close valve LRW2
[15:45:00]: W2 OH-
 Open valve LRW2
 Open valve V24
[15:45:01]: 8682
[15:45:01]: 8697
[15:45:02]: 8698
[15:45:02]: 8693
[15:45:02]: 8691
[15:45:03]: 8702
[15:45:03]: 8703
[15:45:03]: 8700
[15:45:04]: 8699
[15:45:04]: 8705
[15:45:04]: 8698
[15:45:05]: 8699
[15:45:05]: 8708
[15:45:05]: 8704
[15:45:05]: 8702
[15:45:06]: 8712
[15:45:06]: 8713
[15:45:06]: 8710
[15:45:07]: 8707
[15:45:07]: 8716
[15:45:07]: 8718
[15:45:08]: 8709
[15:45:08]: 8714
[15:45:08]: 8720
[15:45:09]: 8712
[15:45:09]: 8712
[15:45:09]: 8724
[15:45:09]: 8714
[15:45:10]: 8718
[15:45:10]: 8720
 Close valve V24
 Close valve LRW2
[15:45:11]: W2 OH-
 Open valve LRW2
 Open valve V24
[15:45:13]: 8731
[15:45:13]: 8726
[15:45:13]: 8724
[15:45:14]: 8733
[15:45:14]: 8730
[15:45:14]: 8727
[15:45:15]: 8731
[15:45:15]: 8735
[15:45:15]: 8734
[15:45:15]: 8731
[15:45:16]: 8732
[15:45:16]: 8738
[15:45:16]: 8733
[15:45:17]: 8732
[15:45:17]: 8743
[15:45:17]: 8742
[15:45:18]: 8735
[15:45:18]: 8742
[15:45:18]: 8739
[15:45:19]: 8742
[15:45:19]: 8739
[15:45:19]: 8743
[15:45:20]: 8743
[15:45:20]: 8750
[15:45:20]: 8748
[15:45:21]: 8744
[15:45:21]: 8749
[15:45:21]: 8745
[15:45:21]: 8752
[15:45:22]: 8746
 Close valve V24
 Close valve LRW2
[15:45:23]: W2 OH-
 Open valve LRW2
 Open valve V24
[15:45:24]: 8762
[15:45:25]: 8756
[15:45:25]: 8757
[15:45:25]: 8759
[15:45:26]: 8750
[15:45:26]: 8752
[15:45:26]: 8755
[15:45:27]: 8752
[15:45:27]: 8751
[15:45:27]: 8754
[15:45:27]: 8758
[15:45:28]: 8757
[15:45:28]: 8756
[15:45:28]: 8757
[15:45:29]: 8760
[15:45:29]: 8765
[15:45:29]: 8760
[15:45:30]: 8760
[15:45:30]: 8763
[15:45:30]: 8767
[15:45:31]: 8763
[15:45:31]: 8762
[15:45:31]: 8764
[15:45:32]: 8770
[15:45:32]: 8767
[15:45:32]: 8765
[15:45:33]: 8773
[15:45:33]: 8772
[15:45:33]: 8773
[15:45:33]: 8766
 Close valve V24
 Close valve LRW2
[15:45:35]: W2 OH-
 Open valve LRW2
 Open valve V24
[15:45:36]: 8781
[15:45:36]: 8773
[15:45:37]: 8769
[15:45:37]: 8768
[15:45:37]: 8770
[15:45:38]: 8773
[15:45:38]: 8775
[15:45:38]: 8773
[15:45:39]: 8775
[15:45:39]: 8771
[15:45:39]: 8771
[15:45:40]: 8770
[15:45:40]: 8778
[15:45:40]: 8777
[15:45:40]: 8773
[15:45:41]: 8779
[15:45:41]: 8775
[15:45:41]: 8774
[15:45:42]: 8779
[15:45:42]: 8777
[15:45:42]: 8781
[15:45:43]: 8779
[15:45:43]: 8777
[15:45:43]: 8778
[15:45:44]: 8780
[15:45:44]: 8778
[15:45:44]: 8777
[15:45:45]: 8778
[15:45:45]: 8783
[15:45:45]: 8780
 Close valve V24
 Close valve LRW2
[15:45:46]: W2 OH-
 Open valve LRW2
 Open valve V24
[15:45:48]: 8790
[15:45:48]: 8785
[15:45:48]: 8781
[15:45:49]: 8776
[15:45:49]: 8777
[15:45:49]: 8779
[15:45:50]: 8781
[15:45:50]: 8780
[15:45:50]: 8784
[15:45:51]: 8781
[15:45:51]: 8782
[15:45:51]: 8785
[15:45:51]: 8785
[15:45:52]: 8780
[15:45:52]: 8783
[15:45:52]: 8787
[15:45:53]: 8781
[15:45:53]: 8781
[15:45:53]: 8783
[15:45:54]: 8782
[15:45:54]: 8783
[15:45:54]: 8787
[15:45:55]: 8785
[15:45:55]: 8783
[15:45:55]: 8791
[15:45:56]: 8790
[15:45:56]: 8787
[15:45:56]: 8785
[15:45:57]: 8790
[15:45:57]: 8790
 Close valve V24
 Close valve LRW2
[15:45:58]: W2 OH-
 Open valve LRW2
 Open valve V24
[15:45:59]: 8813
[15:46:00]: 8806
[15:46:00]: 8790
[15:46:00]: 8783
[15:46:01]: 8778
[15:46:01]: 8777
[15:46:01]: 8782
[15:46:02]: 8787
[15:46:02]: 8790
[15:46:02]: 8788
[15:46:02]: 8787
[15:46:03]: 8789
[15:46:03]: 8792
[15:46:03]: 8794
[15:46:04]: 8788
[15:46:04]: 8792
[15:46:04]: 8791
[15:46:05]: 8790
[15:46:05]: 8794
[15:46:05]: 8793
[15:46:06]: 8790
[15:46:06]: 8789
[15:46:06]: 8789
[15:46:07]: 8792
[15:46:07]: 8790
[15:46:07]: 8795
[15:46:08]: 8790
[15:46:08]: 8792
[15:46:08]: 8796
[15:46:09]: 8791
 Close valve V24
 Close valve LRW2
[15:46:10]: W2 OH-
 Open valve LRW2
 Open valve V24
[15:46:11]: 8830
[15:46:11]: 8813
[15:46:12]: 8793
[15:46:12]: 8784
[15:46:12]: 8784
[15:46:13]: 8781
[15:46:13]: 8782
[15:46:13]: 8787
[15:46:14]: 8794
[15:46:14]: 8797
[15:46:14]: 8797
[15:46:15]: 8795
[15:46:15]: 8798
[15:46:15]: 8797
[15:46:16]: 8794
[15:46:16]: 8798
[15:46:16]: 8800
[15:46:17]: 8800
[15:46:17]: 8799
[15:46:17]: 8794
[15:46:18]: 8799
[15:46:18]: 8796
[15:46:18]: 8799
[15:46:18]: 8802
[15:46:19]: 8797
[15:46:19]: 8795
[15:46:19]: 8798
[15:46:20]: 8801
[15:46:20]: 8801
[15:46:20]: 8799
 Close valve V24
 Close valve LRW2
[15:46:21]: W2 OH-
 Open valve LRW2
 Open valve V24
[15:46:23]: 8833
[15:46:23]: 8818
[15:46:24]: 8799
[15:46:24]: 8787
[15:46:24]: 8784
[15:46:25]: 8789
[15:46:25]: 8793
[15:46:25]: 8791
[15:46:26]: 8796
[15:46:26]: 8799
[15:46:26]: 8797
[15:46:26]: 8798
[15:46:27]: 8796
[15:46:27]: 8803
[15:46:27]: 8802
[15:46:28]: 8797
[15:46:28]: 8802
[15:46:28]: 8799
[15:46:29]: 8797
[15:46:29]: 8803
[15:46:29]: 8800
[15:46:30]: 8804
[15:46:30]: 8799
[15:46:30]: 8798
[15:46:31]: 8805
[15:46:31]: 8803
[15:46:31]: 8800
[15:46:31]: 8798
[15:46:32]: 8806
[15:46:32]: 8805
 Close valve V24
 Close valve LRW2
[15:46:33]: W2 OH-
 Open valve LRW2
 Open valve V24
[15:46:35]: 8825
[15:46:35]: 8817
[15:46:35]: 8807
[15:46:36]: 8795
[15:46:36]: 8788
[15:46:36]: 8795
[15:46:36]: 8795
[15:46:37]: 8798
[15:46:37]: 8799
[15:46:37]: 8802
[15:46:38]: 8802
[15:46:38]: 8803
[15:46:38]: 8806
[15:46:39]: 8806
[15:46:39]: 8812
[15:46:39]: 8812
[15:46:40]: 8813
[15:46:40]: 8816
[15:46:40]: 8816
[15:46:41]: 8808
[15:46:41]: 8815
[15:46:41]: 8812
[15:46:41]: 8809
[15:46:42]: 8813
[15:46:42]: 8810
[15:46:42]: 8808
[15:46:43]: 8815
[15:46:43]: 8813
[15:46:43]: 8810
[15:46:44]: 8808
 Close valve V24
 Close valve LRW2
[15:46:45]: Loop start
[15:46:45]: W2 OH-
 Open valve LRW2
 Open valve V24
[15:46:46]: 8836
[15:46:47]: 8831
[15:46:47]: 8814
[15:46:47]: 8801
[15:46:48]: 8804
[15:46:48]: 8802
[15:46:48]: 8793
[15:46:48]: 8796
[15:46:49]: 8801
[15:46:49]: 8796
[15:46:49]: 8794
[15:46:50]: 8804
[15:46:50]: 8803
[15:46:50]: 8801
[15:46:51]: 8807
[15:46:51]: 8801
[15:46:51]: 8805
[15:46:52]: 8805
[15:46:52]: 8803
[15:46:52]: 8803
[15:46:53]: 8806
[15:46:53]: 8808
[15:46:53]: 8807
[15:46:53]: 8807
[15:46:54]: 8815
[15:46:54]: 8813
[15:46:54]: 8810
[15:46:55]: 8815
[15:46:55]: 8810
[15:46:55]: 8812
 Close valve V24
 Close valve LRW2
[15:46:57]: CIRCLE H+
 Open valve LR1
[15:46:57]: 8792
[15:46:58]: 9405
[15:46:58]: 9438
[15:46:58]: 9440
[15:46:59]: 9439
[15:46:59]: 9436
[15:46:59]: 9429
[15:47:00]: 9430
[15:47:00]: 9426
[15:47:00]: 9424
[15:47:01]: 9427
[15:47:01]: 9425
[15:47:01]: 9424
[15:47:01]: 9423
[15:47:02]: 9423
[15:47:02]: 9421
[15:47:02]: 9422
[15:47:03]: 9421
[15:47:03]: 9421
[15:47:03]: 9420
[15:47:04]: 9419
[15:47:04]: 9418
[15:47:04]: 9417
[15:47:05]: 9417
[15:47:05]: 9415
[15:47:05]: 9414
[15:47:06]: 9413
[15:47:06]: 9415
[15:47:06]: 9413
[15:47:07]: 9412
 Close valve LR1
[15:47:07]: W2 OH-
 Open valve LRW2
 Open valve V24
[15:47:09]: 8690
[15:47:09]: 9389
[15:47:09]: 9381
[15:47:09]: 9374
[15:47:10]: 9361
[15:47:10]: 9343
[15:47:10]: 9220
[15:47:11]: 8701
[15:47:11]: 8684
[15:47:11]: 8691
[15:47:12]: 8717
[15:47:12]: 8729
[15:47:12]: 8745
[15:47:13]: 8750
[15:47:13]: 8762
[15:47:13]: 8781
[15:47:13]: 8782
[15:47:14]: 8779
[15:47:14]: 8787
[15:47:14]: 8793
[15:47:15]: 8789
[15:47:15]: 8802
[15:47:15]: 8800
[15:47:16]: 8797
[15:47:16]: 8795
[15:47:16]: 8807
[15:47:17]: 8805
[15:47:17]: 8802
[15:47:17]: 8808
[15:47:18]: 8813
 Close valve V24
 Close valve LRW2
[15:47:19]: CROSS H+
 Open valve LR2
[15:47:19]: 9195
[15:47:20]: 9430
[15:47:20]: 9432
[15:47:20]: 9435
[15:47:21]: 9436
[15:47:21]: 9436
[15:47:21]: 9437
[15:47:22]: 9437
[15:47:22]: 9436
[15:47:22]: 9434
[15:47:23]: 9433
[15:47:23]: 9433
[15:47:23]: 9433
[15:47:24]: 9432
[15:47:24]: 9430
[15:47:24]: 9429
[15:47:25]: 9429
[15:47:25]: 9429
[15:47:25]: 9428
[15:47:26]: 9428
[15:47:26]: 9426
[15:47:26]: 9424
[15:47:26]: 9424
[15:47:27]: 9424
[15:47:27]: 9422
[15:47:27]: 9422
[15:47:28]: 9421
[15:47:28]: 9422
[15:47:28]: 9421
[15:47:29]: 9420
 Close valve LR2
[15:47:29]: W2 OH-
 Open valve LRW2
 Open valve V24
[15:47:31]: 9415
[15:47:31]: 9395
[15:47:31]: 9390
[15:47:32]: 9378
[15:47:32]: 9382
[15:47:32]: 9377
[15:47:33]: 9370
[15:47:33]: 9363
[15:47:33]: 9353
[15:47:33]: 9341
[15:47:34]: 9337
[15:47:34]: 9315
[15:47:34]: 9093
[15:47:35]: 8703
[15:47:35]: 8666
[15:47:35]: 8674
[15:47:36]: 8686
[15:47:36]: 8709
[15:47:36]: 8729
[15:47:37]: 8741
[15:47:37]: 8749
[15:47:37]: 8766
[15:47:38]: 8765
[15:47:38]: 8781
[15:47:38]: 8779
[15:47:38]: 8787
[15:47:39]: 8787
[15:47:39]: 8786
[15:47:39]: 8789
[15:47:40]: 8799
 Close valve V24
 Close valve LRW2
[15:47:41]: SQUARE H+
 Open valve LR3
[15:47:42]: 9381
[15:47:42]: 9428
[15:47:42]: 9429
[15:47:43]: 9427
[15:47:43]: 9426
[15:47:43]: 9425
[15:47:44]: 9425
[15:47:44]: 9426
[15:47:44]: 9424
[15:47:45]: 9424
[15:47:45]: 9423
[15:47:45]: 9423
[15:47:46]: 9423
[15:47:46]: 9419
[15:47:46]: 9420
[15:47:47]: 9419
[15:47:47]: 9419
[15:47:47]: 9417
[15:47:48]: 9416
[15:47:48]: 9417
[15:47:48]: 9417
[15:47:49]: 9416
[15:47:49]: 9415
[15:47:49]: 9414
[15:47:49]: 9414
[15:47:50]: 9413
[15:47:50]: 9412
[15:47:50]: 9411
[15:47:51]: 9411
[15:47:51]: 9410
 Close valve LR3
[15:47:52]: W2 OH-
 Open valve LRW2
 Open valve V24
[15:47:53]: 8692
[15:47:53]: 9383
[15:47:54]: 9380
[15:47:54]: 9375
[15:47:54]: 9364
[15:47:55]: 9358
[15:47:55]: 9366
[15:47:55]: 9345
[15:47:56]: 9342
[15:47:56]: 9340
[15:47:56]: 9335
[15:47:56]: 9336
[15:47:57]: 9326
[15:47:57]: 9314
[15:47:57]: 9316
[15:47:58]: 9271
[15:47:58]: 8898
[15:47:58]: 8669
[15:47:59]: 8657
[15:47:59]: 8648
[15:47:59]: 8662
[15:48:00]: 8703
[15:48:00]: 8721
[15:48:00]: 8732
[15:48:01]: 8742
[15:48:01]: 8767
[15:48:01]: 8772
[15:48:01]: 8768
[15:48:02]: 8780
[15:48:02]: 8778
 Close valve V24
 Close valve LRW2
[15:48:03]: PLUS H+
 Open valve LR4
[15:48:04]: 9378
[15:48:04]: 9428
[15:48:05]: 9408
[15:48:05]: 9408
[15:48:05]: 9409
[15:48:06]: 9407
[15:48:06]: 9409
[15:48:06]: 9409
[15:48:06]: 9407
[15:48:07]: 9408
[15:48:07]: 9406
[15:48:07]: 9405
[15:48:08]: 9404
[15:48:08]: 9402
[15:48:08]: 9401
[15:48:09]: 9401
[15:48:09]: 9403
[15:48:09]: 9402
[15:48:10]: 9401
[15:48:10]: 9400
[15:48:10]: 9397
[15:48:11]: 9396
[15:48:11]: 9395
[15:48:11]: 9394
[15:48:12]: 9396
[15:48:12]: 9393
[15:48:12]: 9393
[15:48:12]: 9393
[15:48:13]: 9392
[15:48:13]: 9391
 Close valve LR4
[15:48:14]: W2 OH-
 Open valve LRW2
 Open valve V24
[15:48:15]: 8673
[15:48:15]: 9371
[15:48:16]: 9361
[15:48:16]: 9355
[15:48:16]: 9356
[15:48:17]: 9354
[15:48:17]: 9347
[15:48:17]: 9337
[15:48:18]: 9331
[15:48:18]: 9334
[15:48:18]: 9319
[15:48:19]: 9286
[15:48:19]: 9190
[15:48:19]: 8710
[15:48:19]: 8665
[15:48:20]: 8632
[15:48:20]: 8648
[15:48:20]: 8671
[15:48:21]: 8676
[15:48:21]: 8711
[15:48:21]: 8729
[15:48:22]: 8751
[15:48:22]: 8742
[15:48:22]: 8752
[15:48:23]: 8773
[15:48:23]: 8762
[15:48:23]: 8776
[15:48:23]: 8776
[15:48:24]: 8777
[15:48:24]: 8796
 Close valve V24
 Close valve LRW2
[15:48:25]: CIRCLE H+
 Open valve LR1
[15:48:26]: 9371
[15:48:26]: 9406
[15:48:27]: 9395
[15:48:27]: 9394
[15:48:27]: 9392
[15:48:28]: 9387
[15:48:28]: 9387
[15:48:28]: 9388
[15:48:29]: 9384
[15:48:29]: 9384
[15:48:29]: 9382
[15:48:30]: 9381
[15:48:30]: 9381
[15:48:30]: 9381
[15:48:31]: 9380
[15:48:31]: 9380
[15:48:31]: 9382
[15:48:32]: 9381
[15:48:32]: 9376
[15:48:32]: 9377
[15:48:32]: 9378
[15:48:33]: 9377
[15:48:33]: 9375
[15:48:33]: 9375
[15:48:34]: 9377
[15:48:34]: 9377
[15:48:34]: 9372
[15:48:35]: 9372
[15:48:35]: 9374
[15:48:35]: 9372
 Close valve LR1
[15:48:36]: W2 OH-
 Open valve LRW2
 Open valve V24
[15:48:37]: 8645
[15:48:38]: 9347
[15:48:38]: 9347
[15:48:38]: 9335
[15:48:39]: 9336
[15:48:39]: 9319
[15:48:39]: 9307
[15:48:39]: 9292
[15:48:40]: 9292
[15:48:40]: 9266
[15:48:40]: 8708
[15:48:41]: 8647
[15:48:41]: 8636
[15:48:41]: 8660
[15:48:42]: 8665
[15:48:42]: 8679
[15:48:42]: 8716
[15:48:43]: 8731
[15:48:43]: 8723
[15:48:43]: 8738
[15:48:44]: 8744
[15:48:44]: 8754
[15:48:44]: 8768
[15:48:44]: 8768
[15:48:45]: 8784
[15:48:45]: 8791
[15:48:45]: 8776
[15:48:46]: 8783
[15:48:46]: 8792
[15:48:46]: 8788
 Close valve V24
 Close valve LRW2
[15:48:47]: CROSS H+
 Open valve LR2
[15:48:48]: 9311
[15:48:49]: 9417
[15:48:49]: 9414
[15:48:49]: 9414
[15:48:50]: 9415
[15:48:50]: 9414
[15:48:50]: 9413
[15:48:50]: 9413
[15:48:51]: 9413
[15:48:51]: 9411
[15:48:51]: 9410
[15:48:52]: 9409
[15:48:52]: 9408
[15:48:52]: 9408
[15:48:53]: 9407
[15:48:53]: 9406
[15:48:53]: 9404
[15:48:54]: 9403
[15:48:54]: 9404
[15:48:54]: 9403
[15:48:54]: 9402
[15:48:55]: 9402
[15:48:55]: 9401
[15:48:55]: 9402
[15:48:56]: 9401
[15:48:56]: 9399
[15:48:56]: 9399
[15:48:57]: 9399
[15:48:57]: 9398
[15:48:57]: 9398
 Close valve LR2
[15:48:58]: W2 OH-
 Open valve LRW2
 Open valve V24
[15:48:59]: 8979
[15:49:00]: 9380
[15:49:00]: 9379
[15:49:00]: 9371
[15:49:01]: 9369
[15:49:01]: 9360
[15:49:01]: 9355
[15:49:02]: 9350
[15:49:02]: 9339
[15:49:02]: 9331
[15:49:02]: 9339
[15:49:03]: 9308
[15:49:03]: 9300
[15:49:03]: 9285
[15:49:04]: 9103
[15:49:04]: 8809
[15:49:04]: 8671
[15:49:05]: 8653
[15:49:05]: 8644
[15:49:05]: 8661
[15:49:06]: 8705
[15:49:06]: 8720
[15:49:06]: 8729
[15:49:07]: 8740
[15:49:07]: 8751
[15:49:07]: 8773
[15:49:08]: 8766
[15:49:08]: 8773
[15:49:08]: 8792
[15:49:08]: 8782
 Close valve V24
 Close valve LRW2
[15:49:10]: SQUARE H+
 Open valve LR3
[15:49:10]: 9373
[15:49:11]: 9424
[15:49:11]: 9416
[15:49:11]: 9414
[15:49:12]: 9412
[15:49:12]: 9410
[15:49:12]: 9410
[15:49:13]: 9409
[15:49:13]: 9407
[15:49:13]: 9405
[15:49:14]: 9405
[15:49:14]: 9404
[15:49:14]: 9403
[15:49:15]: 9402
[15:49:15]: 9402
[15:49:15]: 9402
[15:49:15]: 9399
[15:49:16]: 9400
[15:49:16]: 9399
[15:49:16]: 9398
[15:49:17]: 9397
[15:49:17]: 9396
[15:49:17]: 9396
[15:49:18]: 9396
[15:49:18]: 9396
[15:49:18]: 9396
[15:49:19]: 9394
[15:49:19]: 9396
[15:49:19]: 9396
[15:49:19]: 9395
 Close valve LR3
[15:49:20]: W2 OH-
 Open valve LRW2
 Open valve V24
[15:49:21]: 8661
[15:49:22]: 9380
[15:49:22]: 9375
[15:49:22]: 9372
[15:49:23]: 9368
[15:49:23]: 9356
[15:49:23]: 9355
[15:49:24]: 9353
[15:49:24]: 9357
[15:49:24]: 9339
[15:49:25]: 9333
[15:49:25]: 9341
[15:49:25]: 9329
[15:49:26]: 9313
[15:49:26]: 9166
[15:49:26]: 8658
[15:49:26]: 8641
[15:49:27]: 8641
[15:49:27]: 8674
[15:49:27]: 8717
[15:49:28]: 8740
[15:49:28]: 8742
[15:49:28]: 8745
[15:49:29]: 8755
[15:49:29]: 8766
[15:49:29]: 8779
[15:49:30]: 8767
[15:49:30]: 8782
[15:49:30]: 8773
[15:49:31]: 8780
 Close valve V24
 Close valve LRW2
[15:49:32]: PLUS H+
 Open valve LR4
[15:49:33]: 9365
[15:49:33]: 9409
[15:49:33]: 9406
[15:49:34]: 9408
[15:49:34]: 9407
[15:49:34]: 9405
[15:49:35]: 9404
[15:49:35]: 9404
[15:49:35]: 9401
[15:49:36]: 9401
[15:49:36]: 9400
[15:49:36]: 9399
[15:49:37]: 9399
[15:49:37]: 9398
[15:49:37]: 9399
[15:49:38]: 9396
[15:49:38]: 9396
[15:49:38]: 9396
[15:49:39]: 9397
[15:49:39]: 9394
[15:49:39]: 9394
[15:49:40]: 9395
[15:49:40]: 9395
[15:49:40]: 9395
[15:49:41]: 9394
[15:49:41]: 9391
[15:49:41]: 9390
[15:49:42]: 9389
[15:49:42]: 9389
[15:49:42]: 9390
 Close valve LR4
[15:49:43]: W2 OH-
 Open valve LRW2
 Open valve V24
[15:49:44]: 8645
[15:49:45]: 9370
[15:49:45]: 9367
[15:49:45]: 9364
[15:49:46]: 9359
[15:49:46]: 9311
[15:49:46]: 9338
[15:49:47]: 9349
[15:49:47]: 9340
[15:49:47]: 9322
[15:49:48]: 9314
[15:49:48]: 9246
[15:49:48]: 8662
[15:49:49]: 8630
[15:49:49]: 8627
[15:49:49]: 8640
[15:49:49]: 8678
[15:49:50]: 8699
[15:49:50]: 8735
[15:49:50]: 8737
[15:49:51]: 8758
[15:49:51]: 8755
[15:49:51]: 8769
[15:49:52]: 8784
[15:49:52]: 8786
[15:49:52]: 8786
[15:49:53]: 8792
[15:49:53]: 8780
[15:49:53]: 8786
[15:49:54]: 8791
 Close valve V24
 Close valve LRW2
[15:49:55]: CIRCLE H+
 Open valve LR1
[15:49:56]: 9348
[15:49:56]: 9399
[15:49:56]: 9394
[15:49:57]: 9394
[15:49:57]: 9394
[15:49:57]: 9392
[15:49:58]: 9392
[15:49:58]: 9389
[15:49:58]: 9387
[15:49:59]: 9386
[15:49:59]: 9389
[15:49:59]: 9387
[15:50:00]: 9385
[15:50:00]: 9376
[15:50:00]: 9379
[15:50:01]: 9383
[15:50:01]: 9386
[15:50:01]: 9384
[15:50:02]: 9379
[15:50:02]: 9375
[15:50:02]: 9373
[15:50:03]: 9381
[15:50:03]: 9377
[15:50:03]: 9378
[15:50:03]: 9382
[15:50:04]: 9381
[15:50:04]: 9370
[15:50:04]: 9379
[15:50:05]: 9374
[15:50:05]: 9370
 Close valve LR1
[15:50:06]: W2 OH-
 Open valve LRW2
 Open valve V24
[15:50:07]: 8640
[15:50:07]: 9363
[15:50:08]: 9360
[15:50:08]: 9350
[15:50:08]: 9334
[15:50:09]: 9329
[15:50:09]: 9329
[15:50:09]: 9290
[15:50:10]: 8712
[15:50:10]: 8656
[15:50:10]: 8644
[15:50:11]: 8656
[15:50:11]: 8667
[15:50:11]: 8690
[15:50:12]: 8718
[15:50:12]: 8743
[15:50:12]: 8744
[15:50:13]: 8764
[15:50:13]: 8761
[15:50:13]: 8777
[15:50:14]: 8775
[15:50:14]: 8774
[15:50:14]: 8796
[15:50:15]: 8794
[15:50:15]: 8790
[15:50:15]: 8799
[15:50:15]: 8805
[15:50:16]: 8804
[15:50:16]: 8796
[15:50:16]: 8805
 Close valve V24
 Close valve LRW2
[15:50:18]: CROSS H+
 Open valve LR2
[15:50:18]: 9194
[15:50:19]: 9445
[15:50:19]: 9435
[15:50:19]: 9434
[15:50:20]: 9431
[15:50:20]: 9432
[15:50:20]: 9431
[15:50:21]: 9431
[15:50:21]: 9431
[15:50:21]: 9428
[15:50:22]: 9427
[15:50:22]: 9427
[15:50:22]: 9425
[15:50:23]: 9424
[15:50:23]: 9424
[15:50:23]: 9423
[15:50:23]: 9421
[15:50:24]: 9420
[15:50:24]: 9422
[15:50:24]: 9420
[15:50:25]: 9417
[15:50:25]: 9416
[15:50:25]: 9415
[15:50:26]: 9414
[15:50:26]: 9414
[15:50:26]: 9413
[15:50:27]: 9413
[15:50:27]: 9411
[15:50:27]: 9412
[15:50:28]: 9410
 Close valve LR2
[15:50:28]: W2 OH-
 Open valve LRW2
 Open valve V24
[15:50:30]: 8721
[15:50:30]: 9397
[15:50:30]: 9392
[15:50:31]: 9393
[15:50:31]: 9369
[15:50:31]: 9391
[15:50:31]: 9379
[15:50:32]: 9366
[15:50:32]: 9368
[15:50:32]: 9350
[15:50:33]: 9337
[15:50:33]: 9340
[15:50:33]: 9316
[15:50:34]: 9134
[15:50:34]: 8669
[15:50:34]: 8659
[15:50:35]: 8674
[15:50:35]: 8705
[15:50:35]: 8710
[15:50:36]: 8750
[15:50:36]: 8765
[15:50:36]: 8758
[15:50:37]: 8773
[15:50:37]: 8785
[15:50:37]: 8793
[15:50:38]: 8794
[15:50:38]: 8792
[15:50:38]: 8799
[15:50:38]: 8792
[15:50:39]: 8799
 Close valve V24
 Close valve LRW2
[15:50:40]: SQUARE H+
 Open valve LR3
[15:50:41]: 9400
[15:50:41]: 9438
[15:50:41]: 9436
[15:50:42]: 9436
[15:50:42]: 9435
[15:50:42]: 9434
[15:50:43]: 9434
[15:50:43]: 9433
[15:50:43]: 9430
[15:50:44]: 9429
[15:50:44]: 9428
[15:50:44]: 9427
[15:50:45]: 9427
[15:50:45]: 9426
[15:50:45]: 9425
[15:50:46]: 9424
[15:50:46]: 9423
[15:50:46]: 9424
[15:50:46]: 9423
[15:50:47]: 9422
[15:50:47]: 9422
[15:50:47]: 9421
[15:50:48]: 9418
[15:50:48]: 9418
[15:50:48]: 9416
[15:50:49]: 9416
[15:50:49]: 9415
[15:50:49]: 9415
[15:50:50]: 9414
[15:50:50]: 9413
 Close valve LR3
[15:50:50]: W2 OH-
 Open valve LRW2
 Open valve V24
[15:50:52]: 8774
[15:50:52]: 9400
[15:50:53]: 9395
[15:50:53]: 9391
[15:50:53]: 9385
[15:50:54]: 9384
[15:50:54]: 9378
[15:50:54]: 9380
[15:50:54]: 9357
[15:50:55]: 9358
[15:50:55]: 9362
[15:50:55]: 9348
[15:50:56]: 9333
[15:50:56]: 9322
[15:50:56]: 9326
[15:50:57]: 9225
[15:50:57]: 8791
[15:50:57]: 8768
[15:50:58]: 8783
[15:50:58]: 8816
[15:50:58]: 8835
[15:50:59]: 8868
[15:50:59]: 8895
[15:50:59]: 8903
[15:51:00]: 8928
[15:51:00]: 8932
[15:51:00]: 8929
[15:51:00]: 8939
[15:51:01]: 8933
[15:51:01]: 8950
 Close valve V24
 Close valve LRW2
[15:51:02]: PLUS H+
 Open valve LR4
[15:51:03]: 9392
[15:51:04]: 8826
[15:51:04]: 8782
[15:51:04]: 8813
[15:51:04]: 8862
[15:51:05]: 8888
[15:51:05]: 8898
[15:51:05]: 8907
[15:51:06]: 8915
[15:51:06]: 8916
[15:51:06]: 8912
[15:51:07]: 8915
[15:51:07]: 8921
[15:51:07]: 8917
[15:51:08]: 8924
[15:51:08]: 8924
[15:51:08]: 8914
[15:51:09]: 8915
[15:51:09]: 8926
[15:51:09]: 8916
[15:51:09]: 8924
[15:51:10]: 8923
[15:51:10]: 8929
[15:51:10]: 8920
[15:51:11]: 8926
[15:51:11]: 8931
[15:51:11]: 8921
[15:51:12]: 8923
[15:51:12]: 8929
[15:51:12]: 8928
 Close valve LR4
[15:51:13]: W2 OH-
 Open valve LRW2
 Open valve V24
[15:51:14]: 9402
[15:51:15]: 9389
[15:51:15]: 9390
[15:51:15]: 9383
[15:51:16]: 9376
[15:51:16]: 9349
[15:51:16]: 9273
[15:51:17]: 8818
[15:51:17]: 8789
[15:51:17]: 8773
[15:51:18]: 8794
[15:51:18]: 8821
[15:51:18]: 8843
[15:51:19]: 8872
[15:51:19]: 8891
[15:51:19]: 8916
[15:51:19]: 8931
[15:51:20]: 8923
[15:51:20]: 8939
[15:51:20]: 8934
[15:51:21]: 8941
[15:51:21]: 8944
[15:51:21]: 8949
[15:51:22]: 8946
[15:51:22]: 8955
[15:51:22]: 8953
[15:51:23]: 8951
[15:51:23]: 8961
[15:51:23]: 8952
[15:51:23]: 8955
 Close valve V24
 Close valve LRW2
[15:51:25]: CIRCLE H+
 Open valve LR1
[15:51:25]: 9466
[15:51:26]: 9458
[15:51:26]: 9446
[15:51:26]: 9443
[15:51:27]: 9441
[15:51:27]: 9441
[15:51:27]: 9440
[15:51:28]: 9434
[15:51:28]: 9432
[15:51:28]: 9435
[15:51:29]: 9432
[15:51:29]: 9431
[15:51:29]: 9430
[15:51:30]: 9428
[15:51:30]: 9426
[15:51:30]: 9427
[15:51:30]: 9427
[15:51:31]: 9426
[15:51:31]: 9424
[15:51:31]: 9422
[15:51:32]: 9423
[15:51:32]: 9420
[15:51:32]: 9419
[15:51:33]: 9420
[15:51:33]: 9420
[15:51:33]: 9419
[15:51:34]: 9418
[15:51:34]: 9415
[15:51:34]: 9416
[15:51:35]: 9413
 Close valve LR1
[15:51:35]: W2 OH-
 Open valve LRW2
 Open valve V24
[15:51:37]: 8764
[15:51:37]: 9378
[15:51:37]: 9375
[15:51:37]: 9367
[15:51:38]: 9360
[15:51:38]: 9355
[15:51:38]: 9333
[15:51:39]: 9315
[15:51:39]: 9089
[15:51:39]: 8769
[15:51:40]: 8759
[15:51:40]: 8762
[15:51:40]: 8781
[15:51:41]: 8804
[15:51:41]: 8827
[15:51:41]: 8841
[15:51:42]: 8867
[15:51:42]: 8871
[15:51:42]: 8881
[15:51:42]: 8890
[15:51:43]: 8894
[15:51:43]: 8903
[15:51:43]: 8901
[15:51:44]: 8903
[15:51:44]: 8908
[15:51:44]: 8915
[15:51:45]: 8919
[15:51:45]: 8921
[15:51:45]: 8923
[15:51:46]: 8924
 Close valve V24
 Close valve LRW2
[15:51:47]: CROSS H+
 Open valve LR2
[15:51:48]: 9445
[15:51:48]: 9459
[15:51:48]: 9450
[15:51:49]: 9451
[15:51:49]: 9452
[15:51:49]: 9452
[15:51:50]: 9451
[15:51:50]: 9450
[15:51:50]: 9448
[15:51:50]: 9446
[15:51:51]: 9446
[15:51:51]: 9445
[15:51:51]: 9442
[15:51:52]: 9443
[15:51:52]: 9442
[15:51:52]: 9440
[15:51:53]: 9440
[15:51:53]: 9439
[15:51:53]: 9438
[15:51:54]: 9437
[15:51:54]: 9437
[15:51:54]: 9435
[15:51:54]: 9436
[15:51:55]: 9435
[15:51:55]: 9432
[15:51:55]: 9432
[15:51:56]: 9431
[15:51:56]: 9431
[15:51:56]: 9430
[15:51:57]: 9430
 Close valve LR2
[15:51:57]: W2 OH-
 Open valve LRW2
 Open valve V24
[15:51:59]: 8818
[15:51:59]: 9398
[15:51:59]: 9393
[15:52:00]: 9390
[15:52:00]: 9385
[15:52:00]: 9382
[15:52:00]: 9377
[15:52:01]: 9369
[15:52:01]: 9363
[15:52:01]: 9358
[15:52:02]: 9351
[15:52:02]: 9343
[15:52:02]: 9327
[15:52:03]: 9298
[15:52:03]: 9013
[15:52:03]: 8764
[15:52:04]: 8738
[15:52:04]: 8758
[15:52:04]: 8775
[15:52:05]: 8802
[15:52:05]: 8836
[15:52:05]: 8846
[15:52:05]: 8866
[15:52:06]: 8876
[15:52:06]: 8882
[15:52:06]: 8892
[15:52:07]: 8897
[15:52:07]: 8900
[15:52:07]: 8902
[15:52:08]: 8905
 Close valve V24
 Close valve LRW2
[15:52:09]: SQUARE H+
 Open valve LR3
[15:52:10]: 9473
[15:52:10]: 9446
[15:52:10]: 9443
[15:52:11]: 9440
[15:52:11]: 9441
[15:52:11]: 9438
[15:52:12]: 9437
[15:52:12]: 9435
[15:52:12]: 9433
[15:52:12]: 9432
[15:52:13]: 9431
[15:52:13]: 9428
[15:52:13]: 9428
[15:52:14]: 9427
[15:52:14]: 9424
[15:52:14]: 9425
[15:52:15]: 9424
[15:52:15]: 9423
[15:52:15]: 9422
[15:52:16]: 9421
[15:52:16]: 9421
[15:52:16]: 9419
[15:52:17]: 9418
[15:52:17]: 9419
[15:52:17]: 9417
[15:52:17]: 9417
[15:52:18]: 9417
[15:52:18]: 9416
[15:52:18]: 9416
[15:52:19]: 9414
 Close valve LR3
[15:52:19]: W2 OH-
 Open valve LRW2
 Open valve V24
[15:52:21]: 8762
[15:52:21]: 9383
[15:52:21]: 9381
[15:52:22]: 9376
[15:52:22]: 9373
[15:52:22]: 9369
[15:52:22]: 9367
[15:52:23]: 9363
[15:52:23]: 9355
[15:52:23]: 9353
[15:52:24]: 9345
[15:52:24]: 9340
[15:52:24]: 9331
[15:52:25]: 9314
[15:52:25]: 9273
[15:52:25]: 8877
[15:52:25]: 8750
[15:52:26]: 8737
[15:52:26]: 8759
[15:52:26]: 8787
[15:52:27]: 8809
[15:52:27]: 8828
[15:52:27]: 8847
[15:52:28]: 8854
[15:52:28]: 8861
[15:52:28]: 8878
[15:52:29]: 8882
[15:52:29]: 8882
[15:52:29]: 8890
[15:52:30]: 8891
 Close valve V24
 Close valve LRW2
[15:52:31]: PLUS H+
 Open valve LR4
[15:52:32]: 9422
[15:52:32]: 9421
[15:52:32]: 9424
[15:52:32]: 9425
[15:52:33]: 9425
[15:52:33]: 9425
[15:52:33]: 9425
[15:52:34]: 9423
[15:52:34]: 9423
[15:52:34]: 9420
[15:52:35]: 9419
[15:52:35]: 9419
[15:52:35]: 9415
[15:52:36]: 9414
[15:52:36]: 9413
[15:52:36]: 9412
[15:52:36]: 9411
[15:52:37]: 9411
[15:52:37]: 9410
[15:52:37]: 9410
[15:52:38]: 9409
[15:52:38]: 9409
[15:52:38]: 9406
[15:52:39]: 9408
[15:52:39]: 9407
[15:52:39]: 9407
[15:52:39]: 9406
[15:52:40]: 9404
[15:52:40]: 9404
[15:52:40]: 9404
 Close valve LR4
[15:52:41]: W2 OH-
 Open valve LRW2
 Open valve V24
[15:52:42]: 8734
[15:52:43]: 9372
[15:52:43]: 9368
[15:52:43]: 9367
[15:52:44]: 9361
[15:52:44]: 9356
[15:52:44]: 9354
[15:52:45]: 9349
[15:52:45]: 9340
[15:52:45]: 9334
[15:52:46]: 9323
[15:52:46]: 9304
[15:52:46]: 9265
[15:52:46]: 8869
[15:52:47]: 8736
[15:52:47]: 8723
[15:52:47]: 8743
[15:52:48]: 8755
[15:52:48]: 8786
[15:52:48]: 8811
[15:52:49]: 8827
[15:52:49]: 8850
[15:52:49]: 8860
[15:52:50]: 8864
[15:52:50]: 8874
[15:52:50]: 8875
[15:52:51]: 8882
[15:52:51]: 8887
[15:52:51]: 8888
[15:52:51]: 8886
 Close valve V24
 Close valve LRW2
[15:52:53]: CIRCLE H+
 Open valve LR1
[15:52:53]: 9416
[15:52:54]: 9416
[15:52:54]: 9411
[15:52:54]: 9411
[15:52:55]: 9413
[15:52:55]: 9410
[15:52:55]: 9406
[15:52:56]: 9406
[15:52:56]: 9408
[15:52:56]: 9404
[15:52:57]: 9401
[15:52:57]: 9400
[15:52:57]: 9398
[15:52:57]: 9400
[15:52:58]: 9399
[15:52:58]: 9397
[15:52:58]: 9395
[15:52:59]: 9394
[15:52:59]: 9394
[15:52:59]: 9394
[15:53:00]: 9392
[15:53:00]: 9392
[15:53:00]: 9390
[15:53:01]: 9392
[15:53:01]: 9389
[15:53:01]: 9391
[15:53:02]: 9387
[15:53:02]: 9389
[15:53:02]: 9387
[15:53:02]: 9386
 Close valve LR1
[15:53:03]: W2 OH-
 Open valve LRW2
 Open valve V24
[15:53:04]: 8725
[15:53:05]: 9354
[15:53:05]: 9354
[15:53:05]: 9350
[15:53:06]: 9345
[15:53:06]: 9340
[15:53:06]: 9334
[15:53:07]: 9326
[15:53:07]: 9303
[15:53:07]: 9255
[15:53:08]: 8817
[15:53:08]: 8728
[15:53:08]: 8704
[15:53:08]: 8727
[15:53:09]: 8750
[15:53:09]: 8764
[15:53:09]: 8791
[15:53:10]: 8805
[15:53:10]: 8818
[15:53:10]: 8834
[15:53:11]: 8837
[15:53:11]: 8846
[15:53:11]: 8856
[15:53:12]: 8861
[15:53:12]: 8865
[15:53:12]: 8869
[15:53:12]: 8877
[15:53:13]: 8876
[15:53:13]: 8880
[15:53:13]: 8883
 Close valve V24
 Close valve LRW2
[15:53:14]: CROSS H+
 Open valve LR2
[15:53:15]: 9403
[15:53:16]: 9429
[15:53:16]: 9430
[15:53:16]: 9431
[15:53:17]: 9428
[15:53:17]: 9426
[15:53:17]: 9425
[15:53:18]: 9425
[15:53:18]: 9423
[15:53:18]: 9423
[15:53:18]: 9421
[15:53:19]: 9419
[15:53:19]: 9418
[15:53:19]: 9418
[15:53:20]: 9415
[15:53:20]: 9414
[15:53:20]: 9414
[15:53:21]: 9414
[15:53:21]: 9412
[15:53:21]: 9412
[15:53:22]: 9411
[15:53:22]: 9410
[15:53:22]: 9411
[15:53:22]: 9410
[15:53:23]: 9409
[15:53:23]: 9407
[15:53:23]: 9408
[15:53:24]: 9407
[15:53:24]: 9406
[15:53:24]: 9407
 Close valve LR2
[15:53:25]: W2 OH-
 Open valve LRW2
 Open valve V24
[15:53:26]: 8789
[15:53:27]: 9378
[15:53:27]: 9374
[15:53:27]: 9370
[15:53:28]: 9366
[15:53:28]: 9362
[15:53:28]: 9357
[15:53:29]: 9353
[15:53:29]: 9349
[15:53:29]: 9341
[15:53:29]: 9335
[15:53:30]: 9323
[15:53:30]: 9310
[15:53:30]: 9284
[15:53:31]: 9101
[15:53:31]: 8746
[15:53:31]: 8726
[15:53:32]: 8728
[15:53:32]: 8761
[15:53:32]: 8773
[15:53:33]: 8799
[15:53:33]: 8821
[15:53:33]: 8842
[15:53:34]: 8848
[15:53:34]: 8853
[15:53:34]: 8866
[15:53:34]: 8871
[15:53:35]: 8867
[15:53:35]: 8876
[15:53:35]: 8872
 Close valve V24
 Close valve LRW2
[15:53:37]: SQUARE H+
 Open valve LR3
[15:53:37]: 9402
[15:53:38]: 9422
[15:53:38]: 9427
[15:53:38]: 9427
[15:53:39]: 9426
[15:53:39]: 9426
[15:53:39]: 9424
[15:53:40]: 9423
[15:53:40]: 9421
[15:53:40]: 9419
[15:53:40]: 9416
[15:53:41]: 9415
[15:53:41]: 9415
[15:53:41]: 9414
[15:53:42]: 9413
[15:53:42]: 9412
[15:53:42]: 9411
[15:53:43]: 9412
[15:53:43]: 9411
[15:53:43]: 9410
[15:53:44]: 9410
[15:53:44]: 9409
[15:53:44]: 9408
[15:53:45]: 9407
[15:53:45]: 9407
[15:53:45]: 9407
[15:53:45]: 9406
[15:53:46]: 9405
[15:53:46]: 9406
[15:53:46]: 9404
 Close valve LR3
[15:53:47]: W2 OH-
 Open valve LRW2
 Open valve V24
[15:53:48]: 8942
[15:53:49]: 9373
[15:53:49]: 9371
[15:53:49]: 9368
[15:53:50]: 9363
[15:53:50]: 9358
[15:53:50]: 9355
[15:53:51]: 9353
[15:53:51]: 9351
[15:53:51]: 9338
[15:53:52]: 9337
[15:53:52]: 9331
[15:53:52]: 9323
[15:53:52]: 9300
[15:53:53]: 9261
[15:53:53]: 8775
[15:53:53]: 8716
[15:53:54]: 8725
[15:53:54]: 8746
[15:53:54]: 8783
[15:53:55]: 8813
[15:53:55]: 8820
[15:53:55]: 8837
[15:53:56]: 8849
[15:53:56]: 8850
[15:53:56]: 8861
[15:53:57]: 8866
[15:53:57]: 8866
[15:53:57]: 8868
[15:53:58]: 8870
 Close valve V24
 Close valve LRW2
[15:53:59]: PLUS H+
 Open valve LR4
[15:54:00]: 9383
[15:54:00]: 9393
[15:54:00]: 9402
[15:54:00]: 9406
[15:54:01]: 9406
[15:54:01]: 9408
[15:54:01]: 9407
[15:54:02]: 9406
[15:54:02]: 9406
[15:54:02]: 9407
[15:54:03]: 9406
[15:54:03]: 9405
[15:54:03]: 9405
[15:54:04]: 9403
[15:54:04]: 9402
[15:54:04]: 9403
[15:54:05]: 9402
[15:54:05]: 9401
[15:54:05]: 9401
[15:54:06]: 9399
[15:54:06]: 9399
[15:54:06]: 9398
[15:54:06]: 9397
[15:54:07]: 9398
[15:54:07]: 9397
[15:54:07]: 9396
[15:54:08]: 9396
[15:54:08]: 9395
[15:54:08]: 9394
[15:54:09]: 9393
 Close valve LR4
[15:54:09]: W2 OH-
 Open valve LRW2
 Open valve V24
[15:54:11]: 8785
[15:54:11]: 9361
[15:54:11]: 9360
[15:54:12]: 9358
[15:54:12]: 9353
[15:54:12]: 9350
[15:54:13]: 9347
[15:54:13]: 9344
[15:54:13]: 9340
[15:54:14]: 9334
[15:54:14]: 9326
[15:54:14]: 9314
[15:54:15]: 9296
[15:54:15]: 9234
[15:54:15]: 8737
[15:54:15]: 8722
[15:54:16]: 8692
[15:54:16]: 8717
[15:54:16]: 8750
[15:54:17]: 8783
[15:54:17]: 8810
[15:54:17]: 8824
[15:54:18]: 8835
[15:54:18]: 8838
[15:54:18]: 8852
[15:54:19]: 8853
[15:54:19]: 8853
[15:54:19]: 8858
[15:54:20]: 8859
[15:54:20]: 8861
 Close valve V24
 Close valve LRW2
[15:54:21]: CIRCLE H+
 Open valve LR1
[15:54:22]: 9419
[15:54:22]: 9402
[15:54:22]: 9399
[15:54:23]: 9399
[15:54:23]: 9398
[15:54:23]: 9397
[15:54:24]: 9396
[15:54:24]: 9394
[15:54:24]: 9393
[15:54:25]: 9392
[15:54:25]: 9389
[15:54:25]: 9388
[15:54:26]: 9389
[15:54:26]: 9387
[15:54:26]: 9387
[15:54:27]: 9385
[15:54:27]: 9385
[15:54:27]: 9384
[15:54:27]: 9384
[15:54:28]: 9384
[15:54:28]: 9381
[15:54:28]: 9380
[15:54:29]: 9383
[15:54:29]: 9381
[15:54:29]: 9379
[15:54:30]: 9379
[15:54:30]: 9379
[15:54:30]: 9379
[15:54:31]: 9377
[15:54:31]: 9377
 Close valve LR1
[15:54:31]: W2 OH-
 Open valve LRW2
 Open valve V24
[15:54:33]: 8699
[15:54:33]: 9347
[15:54:33]: 9346
[15:54:34]: 9346
[15:54:34]: 9342
[15:54:34]: 9335
[15:54:35]: 9338
[15:54:35]: 9332
[15:54:35]: 9325
[15:54:36]: 9317
[15:54:36]: 9297
[15:54:36]: 9244
[15:54:36]: 8878
[15:54:37]: 8704
[15:54:37]: 8688
[15:54:37]: 8713
[15:54:38]: 8719
[15:54:38]: 8751
[15:54:38]: 8777
[15:54:39]: 8794
[15:54:39]: 8813
[15:54:39]: 8819
[15:54:39]: 8833
[15:54:40]: 8841
[15:54:40]: 8836
[15:54:40]: 8844
[15:54:41]: 8855
[15:54:41]: 8861
[15:54:41]: 8854
[15:54:42]: 8865
 Close valve V24
 Close valve LRW2
[15:54:43]: CROSS H+
 Open valve LR2
[15:54:44]: 9389
[15:54:44]: 9411
[15:54:44]: 9418
[15:54:45]: 9417
[15:54:45]: 9415
[15:54:45]: 9415
[15:54:46]: 9413
[15:54:46]: 9415
[15:54:46]: 9413
[15:54:47]: 9410
[15:54:47]: 9409
[15:54:47]: 9408
[15:54:47]: 9408
[15:54:48]: 9407
[15:54:48]: 9406
[15:54:48]: 9406
[15:54:49]: 9405
[15:54:49]: 9404
[15:54:49]: 9402
[15:54:50]: 9402
[15:54:50]: 9401
[15:54:50]: 9402
[15:54:51]: 9402
[15:54:51]: 9401
[15:54:51]: 9399
[15:54:51]: 9399
[15:54:52]: 9398
[15:54:52]: 9396
[15:54:52]: 9398
[15:54:53]: 9398
 Close valve LR2
[15:54:53]: W2 OH-
 Open valve LRW2
 Open valve V24
[15:54:55]: 8707
[15:54:55]: 9370
[15:54:55]: 9365
[15:54:56]: 9363
[15:54:56]: 9359
[15:54:56]: 9354
[15:54:56]: 9351
[15:54:57]: 9347
[15:54:57]: 9345
[15:54:57]: 9337
[15:54:58]: 9325
[15:54:58]: 9318
[15:54:58]: 9310
[15:54:59]: 9286
[15:54:59]: 9064
[15:54:59]: 8719
[15:55:00]: 8688
[15:55:00]: 8713
[15:55:00]: 8733
[15:55:01]: 8759
[15:55:01]: 8789
[15:55:01]: 8812
[15:55:02]: 8823
[15:55:02]: 8839
[15:55:02]: 8836
[15:55:03]: 8844
[15:55:03]: 8852
[15:55:03]: 8858
[15:55:04]: 8859
[15:55:04]: 8861
 Close valve V24
 Close valve LRW2
[15:55:05]: SQUARE H+
 Open valve LR3
[15:55:06]: 9396
[15:55:06]: 9415
[15:55:07]: 9421
[15:55:07]: 9421
[15:55:07]: 9418
[15:55:08]: 9418
[15:55:08]: 9416
[15:55:08]: 9415
[15:55:09]: 9413
[15:55:09]: 9412
[15:55:09]: 9411
[15:55:10]: 9410
[15:55:10]: 9408
[15:55:10]: 9407
[15:55:11]: 9406
[15:55:11]: 9406
[15:55:11]: 9405
[15:55:12]: 9405
[15:55:12]: 9404
[15:55:12]: 9404
[15:55:12]: 9404
[15:55:13]: 9402
[15:55:13]: 9403
[15:55:13]: 9402
[15:55:14]: 9400
[15:55:14]: 9400
[15:55:15]: 9399
[15:55:15]: 9399
[15:55:15]: 9398
[15:55:16]: 9398
 Close valve LR3
[15:55:16]: W2 OH-
 Open valve LRW2
 Open valve V24
[15:55:18]: 8733
[15:55:18]: 9371
[15:55:18]: 9368
[15:55:19]: 9365
[15:55:19]: 9359
[15:55:19]: 9355
[15:55:20]: 9352
[15:55:20]: 9350
[15:55:20]: 9347
[15:55:20]: 9342
[15:55:21]: 9326
[15:55:21]: 9329
[15:55:21]: 9318
[15:55:22]: 9299
[15:55:22]: 9258
[15:55:22]: 8751
[15:55:23]: 8708
[15:55:23]: 8716
[15:55:23]: 8729
[15:55:24]: 8767
[15:55:24]: 8800
[15:55:24]: 8816
[15:55:25]: 8822
[15:55:25]: 8827
[15:55:25]: 8845
[15:55:26]: 8841
[15:55:26]: 8843
[15:55:26]: 8857
[15:55:27]: 8854
[15:55:27]: 8861
 Close valve V24
 Close valve LRW2
[15:55:28]: PLUS H+
 Open valve LR4
[15:55:29]: 9386
[15:55:29]: 9401
[15:55:30]: 9407
[15:55:30]: 9407
[15:55:30]: 9407
[15:55:31]: 9406
[15:55:31]: 9406
[15:55:31]: 9403
[15:55:32]: 9400
[15:55:32]: 9401
[15:55:32]: 9400
[15:55:32]: 9399
[15:55:33]: 9398
[15:55:33]: 9397
[15:55:33]: 9396
[15:55:34]: 9395
[15:55:34]: 9394
[15:55:34]: 9395
[15:55:35]: 9393
[15:55:35]: 9395
[15:55:35]: 9392
[15:55:36]: 9392
[15:55:36]: 9391
[15:55:36]: 9391
[15:55:37]: 9391
[15:55:37]: 9391
[15:55:37]: 9389
[15:55:37]: 9390
[15:55:38]: 9390
[15:55:38]: 9389
 Close valve LR4
[15:55:39]: W2 OH-
 Open valve LRW2
 Open valve V24
[15:55:40]: 8724
[15:55:40]: 9359
[15:55:41]: 9358
[15:55:41]: 9355
[15:55:41]: 9351
[15:55:42]: 9348
[15:55:42]: 9344
[15:55:42]: 9342
[15:55:43]: 9339
[15:55:43]: 9332
[15:55:43]: 9346
[15:55:43]: 9316
[15:55:44]: 9294
[15:55:44]: 9236
[15:55:44]: 8781
[15:55:45]: 8693
[15:55:45]: 8687
[15:55:45]: 8711
[15:55:46]: 8738
[15:55:46]: 8780
[15:55:46]: 8798
[15:55:47]: 8805
[15:55:47]: 8819
[15:55:47]: 8822
[15:55:47]: 8826
[15:55:48]: 8833
[15:55:48]: 8841
[15:55:48]: 8843
[15:55:49]: 8842
[15:55:49]: 8855
 Close valve V24
 Close valve LRW2
[15:55:50]: CIRCLE H+
 Open valve LR1
[15:55:51]: 9404
[15:55:51]: 9398
[15:55:52]: 9397
[15:55:52]: 9398
[15:55:52]: 9397
[15:55:53]: 9397
[15:55:53]: 9395
[15:55:53]: 9394
[15:55:53]: 9391
[15:55:54]: 9391
[15:55:54]: 9390
[15:55:54]: 9389
[15:55:55]: 9387
[15:55:55]: 9389
[15:55:55]: 9386
[15:55:56]: 9387
[15:55:56]: 9386
[15:55:56]: 9385
[15:55:57]: 9384
[15:55:57]: 9386
[15:55:57]: 9382
[15:55:57]: 9382
[15:55:58]: 9381
[15:55:58]: 9381
[15:55:58]: 9379
[15:55:59]: 9377
[15:55:59]: 9376
[15:55:59]: 9376
[15:56:00]: 9377
[15:56:00]: 9375
 Close valve LR1
[15:56:01]: W2 OH-
 Open valve LRW2
 Open valve V24
[15:56:02]: 8699
[15:56:02]: 9343
[15:56:03]: 9345
[15:56:03]: 9343
[15:56:03]: 9340
[15:56:04]: 9333
[15:56:04]: 9332
[15:56:04]: 9327
[15:56:04]: 9320
[15:56:05]: 9308
[15:56:05]: 9281
[15:56:05]: 9154
[15:56:06]: 8727
[15:56:06]: 8705
[15:56:06]: 8689
[15:56:07]: 8719
[15:56:07]: 8752
[15:56:07]: 8754
[15:56:08]: 8778
[15:56:08]: 8794
[15:56:08]: 8803
[15:56:09]: 8823
[15:56:09]: 8825
[15:56:09]: 8825
[15:56:10]: 8837
[15:56:10]: 8844
[15:56:10]: 8840
[15:56:10]: 8843
[15:56:11]: 8847
[15:56:11]: 8853
 Close valve V24
 Close valve LRW2
[15:56:12]: CROSS H+
 Open valve LR2
[15:56:13]: 9377
[15:56:13]: 9409
[15:56:14]: 9417
[15:56:14]: 9418
[15:56:14]: 9415
[15:56:15]: 9413
[15:56:15]: 9412
[15:56:15]: 9412
[15:56:15]: 9410
[15:56:16]: 9408
[15:56:16]: 9408
[15:56:16]: 9407
[15:56:17]: 9407
[15:56:17]: 9406
[15:56:17]: 9404
[15:56:18]: 9403
[15:56:18]: 9404
[15:56:18]: 9403
[15:56:19]: 9402
[15:56:19]: 9401
[15:56:19]: 9400
[15:56:19]: 9400
[15:56:20]: 9399
[15:56:20]: 9399
[15:56:20]: 9398
[15:56:21]: 9398
[15:56:21]: 9396
[15:56:21]: 9396
[15:56:22]: 9395
[15:56:22]: 9397
 Close valve LR2
[15:56:23]: W2 OH-
 Open valve LRW2
 Open valve V24
[15:56:24]: 8933
[15:56:24]: 9371
[15:56:25]: 9368
[15:56:25]: 9365
[15:56:25]: 9360
[15:56:26]: 9356
[15:56:26]: 9353
[15:56:26]: 9350
[15:56:26]: 9344
[15:56:27]: 9341
[15:56:27]: 9334
[15:56:27]: 9325
[15:56:28]: 9313
[15:56:28]: 9280
[15:56:28]: 9201
[15:56:29]: 8719
[15:56:29]: 8677
[15:56:29]: 8698
[15:56:30]: 8701
[15:56:30]: 8741
[15:56:30]: 8768
[15:56:30]: 8780
[15:56:31]: 8805
[15:56:31]: 8810
[15:56:31]: 8815
[15:56:32]: 8832
[15:56:32]: 8836
[15:56:32]: 8832
[15:56:33]: 8841
[15:56:33]: 8839
 Close valve V24
 Close valve LRW2
[15:56:34]: SQUARE H+
 Open valve LR3
[15:56:35]: 9391
[15:56:35]: 9412
[15:56:35]: 9416
[15:56:36]: 9415
[15:56:36]: 9412
[15:56:36]: 9411
[15:56:37]: 9411
[15:56:37]: 9410
[15:56:37]: 9408
[15:56:38]: 9407
[15:56:38]: 9405
[15:56:38]: 9405
[15:56:39]: 9404
[15:56:39]: 9401
[15:56:39]: 9401
[15:56:40]: 9401
[15:56:40]: 9400
[15:56:40]: 9399
[15:56:40]: 9400
[15:56:41]: 9400
[15:56:41]: 9398
[15:56:41]: 9398
[15:56:42]: 9396
[15:56:42]: 9396
[15:56:42]: 9396
[15:56:43]: 9395
[15:56:43]: 9395
[15:56:43]: 9396
[15:56:44]: 9393
[15:56:44]: 9394
 Close valve LR3
[15:56:44]: W2 OH-
 Open valve LRW2
 Open valve V24
[15:56:46]: 8720
[15:56:46]: 9369
[15:56:46]: 9365
[15:56:47]: 9341
[15:56:47]: 9356
[15:56:47]: 9350
[15:56:48]: 9362
[15:56:48]: 9377
[15:56:48]: 9407
[15:56:49]: 9459
[15:56:49]: 9589
[15:56:49]: 9671
[15:56:50]: 9739
[15:56:50]: 9497
[15:56:50]: 9525
[15:56:51]: 9706
[15:56:51]: 9814
[15:56:51]: 9881
[15:56:51]: 9924
[15:56:52]: 9959
[15:56:52]: 10002
[15:56:52]: 9461
[15:56:53]: 9671
[15:56:53]: 9399
[15:56:53]: 9446
[15:56:54]: 9651
[15:56:54]: 9744
[15:56:54]: 9819
[15:56:54]: 9372
[15:56:55]: 9372
 Close valve V24
 Close valve LRW2
[15:56:56]: PLUS H+
 Open valve LR4
[15:56:57]: 8613
[15:56:57]: 9392
[15:56:57]: 9386
[15:56:58]: 9384
[15:56:58]: 9383
[15:56:58]: 9382
[15:56:59]: 9381
[15:56:59]: 9382
[15:56:59]: 9381
[15:57:00]: 9381
[15:57:00]: 9381
[15:57:00]: 9380
[15:57:01]: 9380
[15:57:01]: 9380
[15:57:01]: 9380
[15:57:01]: 9379
[15:57:02]: 9377
[15:57:02]: 9377
[15:57:02]: 9377
[15:57:03]: 9375
[15:57:03]: 9372
[15:57:03]: 9370
[15:57:04]: 9370
[15:57:04]: 9370
[15:57:04]: 9368
[15:57:05]: 9368
[15:57:05]: 9370
[15:57:05]: 9369
[15:57:06]: 9368
[15:57:06]: 9366
 Close valve LR4
[15:57:06]: W2 OH-
 Open valve LRW2
 Open valve V24
[15:57:08]: 8651
[15:57:08]: 9353
[15:57:09]: 9349
[15:57:09]: 9343
[15:57:09]: 9336
[15:57:10]: 9335
[15:57:10]: 9327
[15:57:10]: 9322
[15:57:10]: 9315
[15:57:11]: 9304
[15:57:11]: 9276
[15:57:11]: 9160
[15:57:12]: 8772
[15:57:12]: 8635
[15:57:12]: 8630
[15:57:13]: 8637
[15:57:13]: 8669
[15:57:13]: 8680
[15:57:14]: 8699
[15:57:14]: 8712
[15:57:14]: 8719
[15:57:15]: 8732

