 Close valve HP_IN
 Close valve HP_OUT
 Close valve L1_OUT
 Close valve L2_OUT
 Close valve L3_OUT
 Close valve L_HP
 Close valve LR1
 Close valve LR2
 Close valve LR3
 Close valve LR4
 Close valve LRW2
 Close valve LWASTE
 Close valve R1_4
 Close valve V21
 Close valve V24
 Close valve V4
 Close valve VH
 Close valve W1
 Close valve W2
 Close valve W3
[14:05:57]: Activate forward liquid flow
 Open valve HP_IN
 Open valve W2
 Open valve R1_4
 Open valve V21
[14:05:57]: Forward liquid flow activated
[14:05:57]: Air blow start
 Open valve HP_OUT
 Open valve L_HP
 Open valve V24
 Close valve V24
 Close valve L_HP
 Close valve HP_OUT
[14:06:58]: Air blow finish
[14:06:58]: Flow W2 start
 Open valve W2
 Open valve LRW2
 Open valve V24
 Close valve V24
 Close valve LRW2
[14:07:59]: Flow W2 finished
 Open valve W2
[14:07:59]: Loop start
 Open valve LRW2
 Open valve V24
[14:07:59]: H20 at W2
[14:07:59]: 11534
[14:07:59]: 11525
[14:08:00]: 11519
[14:08:00]: 11515
[14:08:00]: 11511
[14:08:01]: 11500
[14:08:01]: 11487
[14:08:01]: 11499
[14:08:01]: 11497
[14:08:02]: 11496
[14:08:02]: 11493
[14:08:02]: 11488
[14:08:03]: 11486
[14:08:03]: 11485
[14:08:03]: 11480
[14:08:04]: 11474
[14:08:04]: 11471
[14:08:04]: 11473
[14:08:05]: 11482
[14:08:05]: 11479
[14:08:05]: 11482
[14:08:06]: 11489
[14:08:06]: 11489
[14:08:06]: 11479
[14:08:06]: 11490
[14:08:07]: 11493
[14:08:07]: 11480
[14:08:07]: 11480
[14:08:08]: 11476
[14:08:08]: 11480
[14:08:08]: 11479
[14:08:09]: 11475
[14:08:09]: 11475
[14:08:09]: 11473
[14:08:10]: 11467
[14:08:10]: 11467
[14:08:10]: 11460
[14:08:10]: 11471
[14:08:11]: 11457
[14:08:11]: 11467
[14:08:11]: 11459
[14:08:12]: 11461
[14:08:12]: 11459
[14:08:12]: 11447
[14:08:13]: 11448
[14:08:13]: 11408
[14:08:13]: 11393
[14:08:13]: 11364
[14:08:14]: 11329
[14:08:14]: 11411
[14:08:14]: 11247
[14:08:15]: 11431
[14:08:15]: 11310
[14:08:15]: 11243
[14:08:16]: 11454
[14:08:16]: 11543
[14:08:16]: 11582
[14:08:17]: 11536
[14:08:17]: 11507
[14:08:17]: 11495
[14:08:17]: 11500
[14:08:18]: 11498
[14:08:18]: 11489
[14:08:18]: 11489
[14:08:19]: 11486
[14:08:19]: 11491
[14:08:19]: 11369
[14:08:20]: 11489
[14:08:20]: 11307
[14:08:20]: 11403
[14:08:21]: 11466
[14:08:21]: 11459
[14:08:21]: 11369
[14:08:22]: 11387
[14:08:22]: 11481
[14:08:22]: 11466
[14:08:22]: 11528
[14:08:23]: 11544
[14:08:23]: 11538
[14:08:23]: 11562
[14:08:24]: 11526
[14:08:24]: 11526
[14:08:24]: 11507
[14:08:25]: 11498
[14:08:25]: 11494
[14:08:25]: 11483
[14:08:26]: 11477
[14:08:26]: 11469
[14:08:26]: 11457
[14:08:26]: 11460
[14:08:27]: 11457
[14:08:27]: 11455
[14:08:27]: 11450
[14:08:28]: 11448
[14:08:28]: 11447
[14:08:28]: 11440
[14:08:29]: 11458
[14:08:29]: 11449
[14:08:29]: 11450
[14:08:30]: 11454
[14:08:30]: 11456
[14:08:30]: 11454
[14:08:31]: 11455
[14:08:31]: 11456
[14:08:31]: 11458
[14:08:32]: 11457
[14:08:32]: 11449
[14:08:32]: 11448
[14:08:33]: 11445
[14:08:33]: 11441
[14:08:33]: 11438
[14:08:33]: 11439
[14:08:34]: 11450
[14:08:34]: 11443
[14:08:34]: 11439
[14:08:35]: 11439
[14:08:35]: 11437
[14:08:35]: 11439
[14:08:36]: 11442
[14:08:36]: 11443
[14:08:36]: 11429
[14:08:37]: 11430
[14:08:37]: 11433
[14:08:37]: 11436
[14:08:37]: 11436
[14:08:38]: 11435
[14:08:38]: 11432
[14:08:38]: 11436
[14:08:39]: 11430
[14:08:39]: 11429
[14:08:39]: 11441
[14:08:40]: 11441
[14:08:40]: 11440
[14:08:40]: 11433
[14:08:41]: 11439
[14:08:41]: 11436
[14:08:41]: 11435
[14:08:41]: 11435
[14:08:42]: 11435
[14:08:42]: 11433
[14:08:42]: 11437
[14:08:43]: 11440
[14:08:43]: 11429
[14:08:43]: 11428
[14:08:44]: 11430
[14:08:44]: 11432
[14:08:44]: 11433
[14:08:45]: 11431
[14:08:45]: 11431
[14:08:45]: 11432
 Close valve V24
 Close valve LRW2
 Open valve LR1
[14:08:46]: pH 7.55 at LR1
[14:08:47]: 11623
[14:08:47]: 11644
[14:08:47]: 11705
[14:08:48]: 11724
[14:08:48]: 11732
[14:08:48]: 11699
[14:08:49]: 11652
[14:08:49]: 11628
[14:08:49]: 11592
[14:08:49]: 11557
[14:08:50]: 11539
[14:08:50]: 11526
[14:08:50]: 11511
[14:08:51]: 11496
[14:08:51]: 11488
[14:08:51]: 11472
[14:08:52]: 11456
[14:08:52]: 11432
[14:08:52]: 11434
[14:08:53]: 11418
[14:08:53]: 11398
[14:08:53]: 11392
[14:08:53]: 11375
[14:08:54]: 11383
[14:08:54]: 11366
[14:08:54]: 11362
[14:08:55]: 11397
[14:08:55]: 11391
[14:08:55]: 11389
[14:08:56]: 11316
[14:08:56]: 11278
[14:08:56]: 11382
[14:08:57]: 11261
[14:08:57]: 11265
[14:08:57]: 11125
[14:08:57]: 11251
[14:08:58]: 11297
[14:08:58]: 11314
[14:08:58]: 11339
[14:08:59]: 11345
[14:08:59]: 11313
[14:08:59]: 11317
[14:09:00]: 11330
[14:09:00]: 11319
[14:09:00]: 11315
[14:09:01]: 11319
[14:09:01]: 11321
[14:09:01]: 11311
[14:09:01]: 11329
[14:09:02]: 11323
[14:09:02]: 11322
[14:09:02]: 11308
[14:09:03]: 11313
[14:09:03]: 11317
[14:09:03]: 11309
[14:09:04]: 11307
[14:09:04]: 11294
[14:09:04]: 11316
[14:09:05]: 11312
[14:09:05]: 11298
[14:09:05]: 11313
[14:09:06]: 11268
[14:09:06]: 11280
[14:09:06]: 11241
[14:09:06]: 11207
[14:09:07]: 11242
[14:09:07]: 11261
[14:09:07]: 11327
[14:09:08]: 11361
[14:09:08]: 11395
[14:09:08]: 11380
[14:09:09]: 11371
[14:09:09]: 11368
[14:09:09]: 11354
[14:09:10]: 11341
[14:09:10]: 11333
[14:09:10]: 11335
[14:09:11]: 11327
[14:09:11]: 11316
[14:09:11]: 11302
[14:09:11]: 11293
[14:09:12]: 11286
[14:09:12]: 11250
[14:09:12]: 11230
[14:09:13]: 11257
[14:09:13]: 11210
[14:09:13]: 11179
[14:09:14]: 11175
[14:09:14]: 11069
[14:09:14]: 11130
[14:09:15]: 10590
[14:09:15]: 10972
[14:09:15]: 10629
[14:09:16]: 11206
[14:09:16]: 11563
[14:09:16]: 11577
[14:09:16]: 11542
[14:09:17]: 11485
[14:09:17]: 11370
[14:09:17]: 11331
[14:09:18]: 11297
[14:09:18]: 11317
[14:09:18]: 11367
[14:09:19]: 11354
[14:09:19]: 11324
[14:09:19]: 11319
[14:09:20]: 11261
[14:09:20]: 11274
[14:09:20]: 11287
[14:09:21]: 11291
[14:09:21]: 11288
[14:09:21]: 11303
[14:09:21]: 11307
[14:09:22]: 11305
[14:09:22]: 11288
[14:09:22]: 11299
[14:09:23]: 11286
[14:09:23]: 11293
[14:09:23]: 11289
[14:09:24]: 11281
[14:09:24]: 11287
[14:09:24]: 11292
[14:09:25]: 11267
[14:09:25]: 11266
[14:09:25]: 11274
[14:09:25]: 11275
[14:09:26]: 11266
[14:09:26]: 11266
[14:09:26]: 11273
[14:09:27]: 11266
[14:09:27]: 11275
[14:09:27]: 11256
[14:09:28]: 11250
[14:09:28]: 11256
[14:09:28]: 11266
[14:09:29]: 11262
[14:09:29]: 11258
[14:09:29]: 11273
[14:09:29]: 11258
[14:09:30]: 11267
[14:09:30]: 11260
[14:09:30]: 11250
[14:09:31]: 11275
[14:09:31]: 11273
[14:09:31]: 11254
[14:09:32]: 11263
[14:09:32]: 11269
[14:09:32]: 11253
[14:09:33]: 11265
[14:09:33]: 11260
 Close valve LR1
 Open valve LRW2
 Open valve V24
[14:09:34]: H20 at W2
[14:09:34]: 11426
[14:09:35]: 11576
[14:09:35]: 11671
[14:09:35]: 11732
[14:09:36]: 11750
[14:09:36]: 11763
[14:09:36]: 11795
[14:09:36]: 11815
[14:09:37]: 11832
[14:09:37]: 11823
[14:09:37]: 11837
[14:09:38]: 11785
[14:09:38]: 11776
[14:09:38]: 11746
[14:09:39]: 11737
[14:09:39]: 11689
[14:09:39]: 11674
[14:09:39]: 11672
[14:09:40]: 11734
[14:09:40]: 11696
[14:09:40]: 11587
[14:09:41]: 11544
[14:09:41]: 11423
[14:09:41]: 11467
[14:09:42]: 11702
[14:09:42]: 11698
[14:09:42]: 11772
[14:09:43]: 11791
[14:09:43]: 11666
[14:09:43]: 11933
[14:09:44]: 12006
[14:09:44]: 12055
[14:09:44]: 12111
[14:09:45]: 12115
[14:09:45]: 12036
[14:09:45]: 11976
[14:09:45]: 11912
[14:09:46]: 11875
[14:09:46]: 11843
[14:09:46]: 11803
[14:09:47]: 11787
[14:09:47]: 11746
[14:09:47]: 11698
[14:09:48]: 11683
[14:09:48]: 11668
[14:09:48]: 11649
[14:09:48]: 11618
[14:09:49]: 11589
[14:09:49]: 11570
[14:09:49]: 11550
[14:09:50]: 11539
[14:09:50]: 11527
[14:09:50]: 11517
[14:09:51]: 11509
[14:09:51]: 11501
[14:09:51]: 11517
[14:09:52]: 11523
[14:09:52]: 11431
[14:09:52]: 11459
[14:09:53]: 11504
[14:09:53]: 11573
[14:09:53]: 11521
[14:09:53]: 11567
[14:09:54]: 11603
[14:09:54]: 11629
[14:09:54]: 11582
[14:09:55]: 11628
[14:09:55]: 11684
[14:09:55]: 11702
[14:09:56]: 11699
[14:09:56]: 11631
[14:09:56]: 11579
[14:09:57]: 11519
[14:09:57]: 11468
[14:09:57]: 11501
[14:09:57]: 11360
[14:09:58]: 11497
[14:09:58]: 11546
[14:09:58]: 11525
[14:09:59]: 11560
[14:09:59]: 11570
[14:09:59]: 11548
[14:10:00]: 11524
[14:10:00]: 11511
[14:10:00]: 11498
[14:10:01]: 11485
[14:10:01]: 11487
[14:10:01]: 11489
[14:10:01]: 11469
[14:10:02]: 11474
[14:10:02]: 11458
[14:10:02]: 11458
[14:10:03]: 11448
[14:10:03]: 11441
[14:10:03]: 11442
[14:10:04]: 11444
[14:10:04]: 11447
[14:10:04]: 11453
[14:10:05]: 11436
[14:10:05]: 11445
[14:10:05]: 11458
[14:10:06]: 11652
[14:10:06]: 11748
[14:10:06]: 11668
[14:10:06]: 11624
[14:10:07]: 11577
[14:10:07]: 11543
[14:10:07]: 11505
[14:10:08]: 11491
[14:10:08]: 11336
[14:10:08]: 11434
[14:10:09]: 11455
[14:10:09]: 11446
[14:10:09]: 11465
[14:10:10]: 11476
[14:10:10]: 11470
[14:10:10]: 11463
[14:10:10]: 11453
[14:10:11]: 11442
[14:10:11]: 11435
[14:10:11]: 11376
[14:10:12]: 11373
[14:10:12]: 11301
[14:10:12]: 11383
[14:10:13]: 11416
[14:10:13]: 11418
[14:10:13]: 11420
[14:10:14]: 11379
[14:10:14]: 11343
[14:10:14]: 11421
[14:10:14]: 11434
[14:10:15]: 11419
[14:10:15]: 11421
[14:10:15]: 11391
[14:10:16]: 11430
[14:10:16]: 11483
[14:10:16]: 11466
[14:10:17]: 11470
[14:10:17]: 11473
[14:10:17]: 11455
[14:10:18]: 11448
[14:10:18]: 11437
[14:10:18]: 11441
[14:10:18]: 11435
[14:10:19]: 11416
[14:10:19]: 11423
[14:10:19]: 11420
[14:10:20]: 11412
[14:10:20]: 11410
[14:10:20]: 11412
 Close valve V24
 Close valve LRW2
 Open valve LR2
[14:10:22]: H2SO4 at LR2
[14:10:22]: 11569
[14:10:22]: 11583
[14:10:23]: 11693
[14:10:23]: 11331
[14:10:23]: 11188
[14:10:23]: 11119
[14:10:24]: 11090
[14:10:24]: 11048
[14:10:24]: 11023
[14:10:25]: 11014
[14:10:25]: 10991
[14:10:25]: 10953
[14:10:26]: 10949
[14:10:26]: 10943
[14:10:26]: 10934
[14:10:27]: 10919
[14:10:27]: 10923
[14:10:27]: 10896
[14:10:28]: 10898
[14:10:28]: 10890
[14:10:28]: 10899
[14:10:28]: 10894
[14:10:29]: 10879
[14:10:29]: 10874
[14:10:29]: 10857
[14:10:30]: 10875
[14:10:30]: 10888
[14:10:30]: 10879
[14:10:31]: 10846
[14:10:31]: 10850
[14:10:31]: 10857
[14:10:32]: 10865
[14:10:32]: 10866
[14:10:32]: 10923
[14:10:32]: 10877
[14:10:33]: 10889
[14:10:33]: 10881
[14:10:33]: 10887
[14:10:34]: 10896
[14:10:34]: 10919
[14:10:34]: 10865
[14:10:35]: 10856
[14:10:35]: 10892
[14:10:35]: 10881
[14:10:36]: 10885
[14:10:36]: 10900
[14:10:36]: 10853
[14:10:36]: 10898
[14:10:37]: 10856
[14:10:37]: 10869
[14:10:37]: 10877
[14:10:38]: 10876
[14:10:38]: 10916
[14:10:38]: 10949
[14:10:39]: 10953
[14:10:39]: 10960
[14:10:39]: 10986
[14:10:40]: 10985
[14:10:40]: 10966
[14:10:40]: 10976
[14:10:40]: 10991
[14:10:41]: 10963
[14:10:41]: 10974
[14:10:41]: 10985
[14:10:42]: 10939
[14:10:42]: 10922
[14:10:42]: 11000
[14:10:43]: 11033
[14:10:43]: 11023
[14:10:43]: 11069
[14:10:44]: 11074
[14:10:44]: 11057
[14:10:44]: 11083
[14:10:45]: 10998
[14:10:45]: 10994
[14:10:45]: 11019
[14:10:45]: 11011
[14:10:46]: 11009
[14:10:46]: 10993
[14:10:46]: 11031
[14:10:47]: 11017
[14:10:47]: 10995
[14:10:47]: 11029
[14:10:48]: 11039
[14:10:48]: 11029
[14:10:48]: 11005
[14:10:49]: 11027
[14:10:49]: 10994
[14:10:49]: 11002
[14:10:49]: 11029
[14:10:50]: 11000
[14:10:50]: 10994
[14:10:50]: 10993
[14:10:51]: 11024
[14:10:51]: 10981
[14:10:51]: 11029
[14:10:52]: 11058
[14:10:52]: 11086
[14:10:52]: 11063
[14:10:53]: 11065
[14:10:53]: 10987
[14:10:53]: 11009
[14:10:54]: 11055
[14:10:54]: 11036
[14:10:54]: 11013
[14:10:54]: 11037
[14:10:55]: 11015
[14:10:55]: 11009
[14:10:55]: 11031
[14:10:56]: 11014
[14:10:56]: 11003
[14:10:56]: 11006
[14:10:57]: 11038
[14:10:57]: 11021
[14:10:57]: 11029
[14:10:58]: 11013
[14:10:58]: 11011
[14:10:58]: 11039
[14:10:58]: 11013
[14:10:59]: 11033
[14:10:59]: 11050
[14:10:59]: 11011
[14:11:00]: 11013
[14:11:00]: 11027
[14:11:00]: 11027
[14:11:01]: 11042
[14:11:01]: 11049
[14:11:01]: 11041
[14:11:02]: 11029
[14:11:02]: 11047
[14:11:02]: 11058
[14:11:02]: 11045
[14:11:03]: 11025
[14:11:03]: 11039
[14:11:03]: 11025
[14:11:04]: 11032
[14:11:04]: 11049
[14:11:04]: 11034
[14:11:05]: 11046
[14:11:05]: 11054
[14:11:05]: 11015
[14:11:06]: 11016
[14:11:06]: 11049
[14:11:06]: 11032
[14:11:06]: 11043
[14:11:07]: 11025
[14:11:07]: 11023
[14:11:07]: 11037
[14:11:08]: 11022
[14:11:08]: 11027
 Close valve LR2
 Open valve LRW2
 Open valve V24
[14:11:09]: H20 at W2
[14:11:09]: 11054
[14:11:10]: 11128
[14:11:10]: 11435
[14:11:10]: 11512
[14:11:11]: 11716
[14:11:11]: 11736
[14:11:11]: 11693
[14:11:12]: 11613
[14:11:12]: 11624
[14:11:12]: 11605
[14:11:13]: 11517
[14:11:13]: 11695
[14:11:13]: 11758
[14:11:14]: 11727
[14:11:14]: 11683
[14:11:14]: 11696
[14:11:14]: 11663
[14:11:15]: 11615
[14:11:15]: 11589
[14:11:15]: 11561
[14:11:16]: 11594
[14:11:16]: 11579
[14:11:16]: 11583
[14:11:17]: 11642
[14:11:17]: 11603
[14:11:17]: 11574
[14:11:18]: 11563
[14:11:18]: 11560
[14:11:18]: 11673
[14:11:18]: 11710
[14:11:19]: 11699
[14:11:19]: 11635
[14:11:19]: 11605
[14:11:20]: 11594
[14:11:20]: 11610
[14:11:20]: 11607
[14:11:21]: 11627
[14:11:21]: 11604
[14:11:21]: 11602
[14:11:21]: 11584
[14:11:22]: 11577
[14:11:22]: 11564
[14:11:22]: 11586
[14:11:23]: 11617
[14:11:23]: 11612
[14:11:23]: 11647
[14:11:24]: 11650
[14:11:24]: 11649
[14:11:24]: 11634
[14:11:25]: 11648
[14:11:25]: 11648
[14:11:25]: 11649
[14:11:25]: 11649
[14:11:26]: 11649
[14:11:26]: 11637
[14:11:26]: 11630
[14:11:27]: 11623
[14:11:27]: 11632
[14:11:27]: 11622
[14:11:28]: 11602
[14:11:28]: 11597
[14:11:28]: 11584
[14:11:29]: 11570
[14:11:29]: 11552
[14:11:29]: 11547
[14:11:30]: 11541
[14:11:30]: 11528
[14:11:30]: 11525
[14:11:30]: 11528
[14:11:31]: 11517
[14:11:31]: 11516
[14:11:31]: 11513
[14:11:32]: 11514
[14:11:32]: 11520
[14:11:32]: 11521
[14:11:33]: 11507
[14:11:33]: 11509
[14:11:33]: 11515
[14:11:34]: 11514
[14:11:34]: 11514
[14:11:34]: 11515
[14:11:34]: 11517
[14:11:35]: 11515
[14:11:35]: 11512
[14:11:35]: 11511
[14:11:36]: 11512
[14:11:36]: 11523
[14:11:36]: 11519
[14:11:37]: 11517
[14:11:37]: 11518
[14:11:37]: 11519
[14:11:38]: 11517
[14:11:38]: 11513
[14:11:38]: 11510
[14:11:38]: 11522
[14:11:39]: 11509
[14:11:39]: 11509
[14:11:39]: 11517
[14:11:40]: 11508
[14:11:40]: 11510
[14:11:40]: 11511
[14:11:41]: 11510
[14:11:41]: 11508
[14:11:41]: 11504
[14:11:42]: 11511
[14:11:42]: 11508
[14:11:42]: 11497
[14:11:42]: 11509
[14:11:43]: 11507
[14:11:43]: 11499
[14:11:43]: 11502
[14:11:44]: 11501
[14:11:44]: 11499
[14:11:44]: 11501
[14:11:45]: 11494
[14:11:45]: 11490
[14:11:45]: 11502
[14:11:45]: 11501
[14:11:46]: 11488
[14:11:46]: 11492
[14:11:46]: 11493
[14:11:47]: 11492
[14:11:47]: 11491
[14:11:47]: 11491
[14:11:48]: 11489
[14:11:48]: 11495
[14:11:48]: 11482
[14:11:49]: 11493
[14:11:49]: 11479
[14:11:49]: 11486
[14:11:49]: 11492
[14:11:50]: 11488
[14:11:50]: 11576
[14:11:50]: 11543
[14:11:51]: 11532
[14:11:51]: 11510
[14:11:51]: 11498
[14:11:52]: 11478
[14:11:52]: 11474
[14:11:52]: 11473
[14:11:53]: 11477
[14:11:53]: 11474
[14:11:53]: 11463
[14:11:54]: 11467
[14:11:54]: 11468
[14:11:54]: 11466
[14:11:54]: 11479
[14:11:55]: 11479
[14:11:55]: 11471
[14:11:55]: 11475
 Close valve V24
 Close valve LRW2
 Open valve LR1
[14:11:57]: pH 7.55 at LR1
[14:11:57]: 11716
[14:11:57]: 11754
[14:11:57]: 11741
[14:11:58]: 11761
[14:11:58]: 11756
[14:11:58]: 11750
[14:11:59]: 11742
[14:11:59]: 11739
[14:11:59]: 11753
[14:12:00]: 11752
[14:12:00]: 11748
[14:12:00]: 11771
[14:12:01]: 11762
[14:12:01]: 11748
[14:12:01]: 11769
[14:12:01]: 11783
[14:12:02]: 11783
[14:12:02]: 11772
[14:12:02]: 11784
[14:12:03]: 11772
[14:12:03]: 11795
[14:12:03]: 11801
[14:12:04]: 11764
[14:12:04]: 11767
[14:12:04]: 11803
[14:12:05]: 11758
[14:12:05]: 11773
[14:12:05]: 11771
[14:12:05]: 11746
[14:12:06]: 11741
[14:12:06]: 11743
[14:12:06]: 11727
[14:12:07]: 11759
[14:12:07]: 11723
[14:12:07]: 11729
[14:12:08]: 11737
[14:12:08]: 11717
[14:12:08]: 11712
[14:12:09]: 11722
[14:12:09]: 11707
[14:12:09]: 11717
[14:12:09]: 11698
[14:12:10]: 11701
[14:12:10]: 11714
[14:12:10]: 11710
[14:12:11]: 11698
[14:12:11]: 11707
[14:12:11]: 11707
[14:12:12]: 11693
[14:12:12]: 11706
[14:12:12]: 11709
[14:12:13]: 11685
[14:12:13]: 11709
[14:12:13]: 11706
[14:12:13]: 11693
[14:12:14]: 11689
[14:12:14]: 11695
[14:12:14]: 11706
[14:12:15]: 11703
[14:12:15]: 11699
[14:12:15]: 11705
[14:12:16]: 11692
[14:12:16]: 11686
[14:12:16]: 11711
[14:12:17]: 11712
[14:12:17]: 11705
[14:12:17]: 11712
[14:12:17]: 11697
[14:12:18]: 11703
[14:12:18]: 11699
[14:12:18]: 11694
[14:12:19]: 11683
[14:12:19]: 11687
[14:12:19]: 11656
[14:12:20]: 11685
[14:12:20]: 11689
[14:12:20]: 11708
[14:12:21]: 11730
[14:12:21]: 11750
[14:12:21]: 11752
[14:12:21]: 11758
[14:12:22]: 11754
[14:12:22]: 11738
[14:12:22]: 11739
[14:12:23]: 11747
[14:12:23]: 11742
[14:12:23]: 11751
[14:12:24]: 11751
[14:12:24]: 11748
[14:12:24]: 11760
[14:12:25]: 11769
[14:12:25]: 11752
[14:12:25]: 11777
[14:12:25]: 11778
[14:12:26]: 11780
[14:12:26]: 11790
[14:12:26]: 11796
[14:12:27]: 11799
[14:12:27]: 11812
[14:12:27]: 11801
[14:12:28]: 11800
[14:12:28]: 11822
[14:12:28]: 11816
[14:12:29]: 11816
[14:12:29]: 11816
[14:12:29]: 11822
[14:12:30]: 11829
[14:12:30]: 11822
[14:12:30]: 11815
[14:12:30]: 11833
[14:12:31]: 11818
[14:12:31]: 11825
[14:12:31]: 11822
[14:12:32]: 11821
[14:12:32]: 11828
[14:12:32]: 11823
[14:12:33]: 11835
[14:12:33]: 11822
[14:12:33]: 11840
[14:12:33]: 11839
[14:12:34]: 11834
[14:12:34]: 11826
[14:12:34]: 11834
[14:12:35]: 11827
[14:12:35]: 11831
[14:12:35]: 11829
[14:12:36]: 11824
[14:12:36]: 11843
[14:12:36]: 11843
[14:12:37]: 11827
[14:12:37]: 11841
[14:12:37]: 11833
[14:12:37]: 11836
[14:12:38]: 11830
[14:12:38]: 11833
[14:12:38]: 11838
[14:12:39]: 11828
[14:12:39]: 11825
[14:12:39]: 11844
[14:12:40]: 11839
[14:12:40]: 11832
[14:12:40]: 11830
[14:12:41]: 11836
[14:12:41]: 11830
[14:12:41]: 11827
[14:12:41]: 11846
[14:12:42]: 11848
[14:12:42]: 11840
[14:12:42]: 11840
[14:12:43]: 11844
 Close valve LR1
 Open valve LRW2
 Open valve V24
[14:12:44]: H20 at W2
[14:12:44]: 11909
[14:12:44]: 11895
[14:12:45]: 11913
[14:12:45]: 11912
[14:12:45]: 11908
[14:12:46]: 11903
[14:12:46]: 11885
[14:12:46]: 11893
[14:12:47]: 11936
[14:12:47]: 11908
[14:12:47]: 11927
[14:12:48]: 11888
[14:12:48]: 11888
[14:12:48]: 11935
[14:12:48]: 11899
[14:12:49]: 11909
[14:12:49]: 11934
[14:12:49]: 11856
[14:12:50]: 11935
[14:12:50]: 11922
[14:12:50]: 11892
[14:12:51]: 11921
[14:12:51]: 11900
[14:12:51]: 11898
[14:12:52]: 11928
[14:12:52]: 11918
[14:12:52]: 11932
[14:12:52]: 11911
[14:12:53]: 11898
[14:12:53]: 11942
[14:12:53]: 11895
[14:12:54]: 11909
[14:12:54]: 11924
[14:12:54]: 11926
[14:12:55]: 11907
[14:12:55]: 11919
[14:12:55]: 11930
[14:12:56]: 11898
[14:12:56]: 11905
[14:12:56]: 11917
[14:12:56]: 11903
[14:12:57]: 11893
[14:12:57]: 11904
[14:12:57]: 11902
[14:12:58]: 11881
[14:12:58]: 11909
[14:12:58]: 11905
[14:12:59]: 11889
[14:12:59]: 11885
[14:12:59]: 11893
[14:13:00]: 11870
[14:13:00]: 11875
[14:13:00]: 11881
[14:13:00]: 11862
[14:13:01]: 11881
[14:13:01]: 11882
[14:13:01]: 11841
[14:13:02]: 11821
[14:13:02]: 11844
[14:13:02]: 11812
[14:13:03]: 11839
[14:13:03]: 11801
[14:13:03]: 11774
[14:13:04]: 11769
[14:13:04]: 11817
[14:13:04]: 11855
[14:13:05]: 11845
[14:13:05]: 11868
[14:13:05]: 11867
[14:13:05]: 11830
[14:13:06]: 11852
[14:13:06]: 11847
[14:13:06]: 11836
[14:13:07]: 11865
[14:13:07]: 11827
[14:13:07]: 11829
[14:13:08]: 11850
[14:13:08]: 11834
[14:13:08]: 11823
[14:13:08]: 11844
[14:13:09]: 11818
[14:13:09]: 11827
[14:13:09]: 11816
[14:13:10]: 11828
[14:13:10]: 11794
[14:13:10]: 11816
[14:13:11]: 11774
[14:13:11]: 11770
[14:13:11]: 11706
[14:13:12]: 11662
[14:13:12]: 11561
[14:13:12]: 11612
[14:13:13]: 11459
[14:13:13]: 11530
[14:13:13]: 11558
[14:13:13]: 11610
[14:13:14]: 11659
[14:13:14]: 11703
[14:13:14]: 11729
[14:13:15]: 11683
[14:13:15]: 11699
[14:13:15]: 11716
[14:13:16]: 11670
[14:13:16]: 11657
[14:13:16]: 11695
[14:13:17]: 11667
[14:13:17]: 11645
[14:13:17]: 11640
[14:13:17]: 11617
[14:13:18]: 11644
[14:13:18]: 11621
[14:13:18]: 11632
[14:13:19]: 11586
[14:13:19]: 11584
[14:13:19]: 11618
[14:13:20]: 11598
[14:13:20]: 11581
[14:13:20]: 11581
[14:13:21]: 11603
[14:13:21]: 11582
[14:13:21]: 11600
[14:13:21]: 11604
[14:13:22]: 11732
[14:13:22]: 11736
[14:13:22]: 11699
[14:13:23]: 11725
[14:13:23]: 11726
[14:13:23]: 11754
[14:13:24]: 11766
[14:13:24]: 11741
[14:13:24]: 11796
[14:13:25]: 11794
[14:13:25]: 11716
[14:13:25]: 11731
[14:13:25]: 11669
[14:13:26]: 11650
[14:13:26]: 11619
[14:13:26]: 11594
[14:13:27]: 11597
[14:13:27]: 11575
[14:13:27]: 11581
[14:13:28]: 11606
[14:13:28]: 11564
[14:13:28]: 11590
[14:13:28]: 11575
[14:13:29]: 11559
[14:13:29]: 11608
[14:13:29]: 11613
[14:13:30]: 11644
[14:13:30]: 11620
 Close valve V24
 Close valve LRW2
 Open valve LR2
[14:13:31]: H2SO4 at LR2
[14:13:31]: 11659
[14:13:32]: 11840
[14:13:32]: 11898
[14:13:32]: 11890
[14:13:33]: 11918
[14:13:33]: 11915
[14:13:33]: 11899
[14:13:34]: 11893
[14:13:34]: 11859
[14:13:34]: 11847
[14:13:35]: 11845
[14:13:35]: 11827
[14:13:35]: 11823
[14:13:35]: 11815
[14:13:36]: 11769
[14:13:36]: 11780
[14:13:36]: 11716
[14:13:37]: 11753
[14:13:37]: 11772
[14:13:37]: 11756
[14:13:38]: 11789
[14:13:38]: 11782
[14:13:38]: 11909
[14:13:38]: 11826
[14:13:39]: 11920
[14:13:39]: 11988
[14:13:39]: 12017
[14:13:40]: 12017
[14:13:40]: 11975
[14:13:40]: 12004
[14:13:41]: 11975
[14:13:41]: 12029
[14:13:41]: 12039
[14:13:42]: 12019
[14:13:42]: 12017
[14:13:42]: 12049
[14:13:42]: 11985
[14:13:43]: 11989
[14:13:43]: 12053
[14:13:43]: 12004
[14:13:44]: 12042
[14:13:44]: 12009
[14:13:44]: 12011
[14:13:45]: 11913
[14:13:45]: 11739
[14:13:45]: 11661
[14:13:46]: 11634
[14:13:46]: 11597
[14:13:46]: 11647
[14:13:47]: 11622
[14:13:47]: 11628
[14:13:47]: 11626
[14:13:47]: 11609
[14:13:48]: 11618
[14:13:48]: 11605
[14:13:48]: 11590
[14:13:49]: 11615
[14:13:49]: 11581
[14:13:49]: 11580
[14:13:50]: 11600
[14:13:50]: 11587
[14:13:50]: 11590
[14:13:50]: 11569
[14:13:51]: 11583
[14:13:51]: 11584
[14:13:51]: 11569
[14:13:52]: 11575
[14:13:52]: 11583
[14:13:52]: 11580
[14:13:53]: 11569
[14:13:53]: 11560
[14:13:53]: 11567
[14:13:54]: 11566
[14:13:54]: 11545
[14:13:54]: 11532
[14:13:55]: 11553
[14:13:55]: 11523
[14:13:55]: 11530
[14:13:55]: 11553
[14:13:56]: 11552
[14:13:56]: 11537
[14:13:56]: 11526
[14:13:57]: 11541
[14:13:57]: 11539
[14:13:57]: 11523
[14:13:58]: 11532
[14:13:58]: 11525
[14:13:58]: 11540
[14:13:58]: 11521
[14:13:59]: 11542
[14:13:59]: 11544
[14:13:59]: 11514
[14:14:00]: 11540
[14:14:00]: 11529
[14:14:00]: 11518
[14:14:01]: 11531
[14:14:01]: 11514
[14:14:01]: 11516
[14:14:01]: 11524
[14:14:02]: 11526
[14:14:02]: 11525
[14:14:02]: 11503
[14:14:03]: 11501
[14:14:03]: 11527
[14:14:03]: 11501
[14:14:04]: 11507
[14:14:04]: 11515
[14:14:04]: 11518
[14:14:05]: 11502
[14:14:05]: 11513
[14:14:05]: 11500
[14:14:05]: 11508
[14:14:06]: 11493
[14:14:06]: 11513
[14:14:06]: 11489
[14:14:07]: 11505
[14:14:07]: 11493
[14:14:07]: 11497
[14:14:08]: 11501
[14:14:08]: 11495
[14:14:08]: 11482
[14:14:09]: 11494
[14:14:09]: 11475
[14:14:09]: 11469
[14:14:09]: 11496
[14:14:10]: 11494
[14:14:10]: 11475
[14:14:10]: 11481
[14:14:11]: 11469
[14:14:11]: 11469
[14:14:11]: 11480
[14:14:12]: 11471
[14:14:12]: 11459
[14:14:12]: 11482
[14:14:13]: 11482
[14:14:13]: 11457
[14:14:13]: 11462
[14:14:13]: 11464
[14:14:14]: 11467
[14:14:14]: 11468
[14:14:14]: 11453
[14:14:15]: 11465
[14:14:15]: 11457
[14:14:15]: 11457
[14:14:16]: 11447
[14:14:16]: 11457
[14:14:16]: 11462
[14:14:16]: 11434
[14:14:17]: 11438
[14:14:17]: 11453
 Close valve LR2
 Open valve LRW2
 Open valve V24
[14:14:18]: H20 at W2
[14:14:19]: 11455
[14:14:19]: 11493
[14:14:19]: 11542
[14:14:19]: 11570
[14:14:20]: 11595
[14:14:20]: 11630
[14:14:20]: 11637
[14:14:21]: 11650
[14:14:21]: 11663
[14:14:21]: 11695
[14:14:22]: 11690
[14:14:22]: 11724
[14:14:22]: 11736
[14:14:22]: 11729
[14:14:23]: 11754
[14:14:23]: 11757
[14:14:23]: 11763
[14:14:24]: 11782
[14:14:24]: 11784
[14:14:24]: 11785
[14:14:25]: 11804
[14:14:25]: 11812
[14:14:25]: 11816
[14:14:26]: 11806
[14:14:26]: 11819
[14:14:26]: 11829
[14:14:27]: 11824
[14:14:27]: 11839
[14:14:27]: 11841
[14:14:27]: 11848
[14:14:28]: 11850
[14:14:28]: 11848
[14:14:28]: 11849
[14:14:29]: 11874
[14:14:29]: 11874
[14:14:29]: 11871
[14:14:30]: 11879
[14:14:30]: 11875
[14:14:30]: 11878
[14:14:30]: 11896
[14:14:31]: 11889
[14:14:31]: 11896
[14:14:31]: 11885
[14:14:32]: 11902
[14:14:32]: 11910
[14:14:32]: 11907
[14:14:33]: 11896
[14:14:33]: 11907
[14:14:33]: 11916
[14:14:34]: 11914
[14:14:34]: 11905
[14:14:34]: 11901
[14:14:35]: 11899
[14:14:35]: 11887
[14:14:35]: 11892
[14:14:35]: 11903
[14:14:36]: 11899
[14:14:36]: 11913
[14:14:36]: 11928
[14:14:37]: 11923
[14:14:37]: 11915
[14:14:37]: 11920
[14:14:38]: 11914
[14:14:38]: 11928
[14:14:38]: 11940
[14:14:38]: 11915
[14:14:39]: 11940
[14:14:39]: 11933
[14:14:39]: 11923
[14:14:40]: 11921
[14:14:40]: 11928
[14:14:40]: 11935
[14:14:41]: 11944
[14:14:41]: 11940
[14:14:41]: 11941
[14:14:42]: 11947
[14:14:42]: 11928
[14:14:42]: 11947
[14:14:42]: 11946
[14:14:43]: 11926
[14:14:43]: 11943
[14:14:43]: 11936
[14:14:44]: 11943
[14:14:44]: 11938
[14:14:44]: 11947
[14:14:45]: 11944
[14:14:45]: 11952
[14:14:45]: 11947
[14:14:46]: 11945
[14:14:46]: 11959
[14:14:46]: 11966
[14:14:46]: 11953
[14:14:47]: 11958
[14:14:47]: 11964
[14:14:47]: 11965
[14:14:48]: 11962
[14:14:48]: 11965
[14:14:48]: 11964
[14:14:49]: 11967
[14:14:49]: 11963
[14:14:49]: 11984
[14:14:50]: 11986
[14:14:50]: 11987
[14:14:50]: 11976
[14:14:50]: 11985
[14:14:51]: 11982
[14:14:51]: 11991
[14:14:51]: 11988
[14:14:52]: 11990
[14:14:52]: 11993
[14:14:52]: 11989
[14:14:53]: 11999
[14:14:53]: 11995
[14:14:53]: 12000
[14:14:53]: 12014
[14:14:54]: 12014
[14:14:54]: 12010
[14:14:54]: 12012
[14:14:55]: 12019
[14:14:55]: 12015
[14:14:55]: 12016
[14:14:56]: 12005
[14:14:56]: 12002
[14:14:56]: 12005
[14:14:57]: 11994
[14:14:57]: 12005
[14:14:57]: 12011
[14:14:57]: 11993
[14:14:58]: 12007
[14:14:58]: 12007
[14:14:58]: 11996
[14:14:59]: 12002
[14:14:59]: 12007
[14:14:59]: 12006
[14:15:00]: 12007
[14:15:00]: 12005
[14:15:00]: 12000
[14:15:01]: 11999
[14:15:01]: 12010
[14:15:01]: 11998
[14:15:01]: 12000
[14:15:02]: 12000
[14:15:02]: 12009
[14:15:02]: 12008
[14:15:03]: 12006
[14:15:03]: 12007
[14:15:03]: 12007
[14:15:04]: 12002
[14:15:04]: 11999
[14:15:04]: 11999
 Close valve V24
 Close valve LRW2
 Open valve LR1
[14:15:05]: pH 7.55 at LR1
[14:15:06]: 11789
[14:15:06]: 11184
[14:15:06]: 11638
[14:15:07]: 11640
[14:15:07]: 11728
[14:15:07]: 11778
[14:15:08]: 11826
[14:15:08]: 11882
[14:15:08]: 11927
[14:15:08]: 11928
[14:15:09]: 11946
[14:15:09]: 11962
[14:15:09]: 11964
[14:15:10]: 11979
[14:15:10]: 11984
[14:15:10]: 11981
[14:15:11]: 11990
[14:15:11]: 11991
[14:15:11]: 12000
[14:15:11]: 12010
[14:15:12]: 12012
[14:15:12]: 11999
[14:15:12]: 12019
[14:15:13]: 12009
[14:15:13]: 12020
[14:15:13]: 12016
[14:15:14]: 12026
[14:15:14]: 12019
[14:15:14]: 12022
[14:15:15]: 12030
[14:15:15]: 12027
[14:15:15]: 12036
[14:15:15]: 12043
[14:15:16]: 12023
[14:15:16]: 12028
[14:15:16]: 12048
[14:15:17]: 12043
[14:15:17]: 12043
[14:15:17]: 12051
[14:15:18]: 12042
[14:15:18]: 12047
[14:15:18]: 12051
[14:15:18]: 12050
[14:15:19]: 12059
[14:15:19]: 12045
[14:15:19]: 12043
[14:15:20]: 12066
[14:15:20]: 12063
[14:15:20]: 12057
[14:15:21]: 12063
[14:15:21]: 12056
[14:15:21]: 12058
[14:15:22]: 12068
[14:15:22]: 12068
[14:15:22]: 12068
[14:15:22]: 12059
[14:15:23]: 12072
[14:15:23]: 12076
[14:15:23]: 12052
[14:15:24]: 12055
[14:15:24]: 12061
[14:15:24]: 12041
[14:15:25]: 12029
[14:15:25]: 12033
[14:15:25]: 12032
[14:15:25]: 12043
[14:15:26]: 11999
[14:15:26]: 12009
[14:15:26]: 11993
[14:15:27]: 11925
[14:15:27]: 12010
[14:15:27]: 12048
[14:15:28]: 12050
[14:15:28]: 12069
[14:15:28]: 12098
[14:15:29]: 12027
[14:15:29]: 12096
[14:15:29]: 12142
[14:15:29]: 12159
[14:15:30]: 12148
[14:15:30]: 12151
[14:15:30]: 12148
[14:15:31]: 12167
[14:15:31]: 12146
[14:15:31]: 12146
[14:15:32]: 12149
[14:15:32]: 12140
[14:15:32]: 12138
[14:15:33]: 12145
[14:15:33]: 12136
[14:15:33]: 12139
[14:15:33]: 12128
[14:15:34]: 12140
[14:15:34]: 12143
[14:15:34]: 12138
[14:15:35]: 12121
[14:15:35]: 12135
[14:15:35]: 12126
[14:15:36]: 12130
[14:15:36]: 12134
[14:15:36]: 12122
[14:15:36]: 12133
[14:15:37]: 12122
[14:15:37]: 12131
[14:15:37]: 12124
[14:15:38]: 12129
[14:15:38]: 12134
[14:15:38]: 12102
[14:15:39]: 12089
[14:15:39]: 12108
[14:15:39]: 12110
[14:15:40]: 12109
[14:15:40]: 12117
[14:15:40]: 12107
[14:15:40]: 12083
[14:15:41]: 12087
[14:15:41]: 12068
[14:15:41]: 12069
[14:15:42]: 12101
[14:15:42]: 12090
[14:15:42]: 12085
[14:15:43]: 12101
[14:15:43]: 12101
[14:15:43]: 12107
[14:15:43]: 12124
[14:15:44]: 12118
[14:15:44]: 12130
[14:15:44]: 12127
[14:15:45]: 12123
[14:15:45]: 12149
[14:15:45]: 12149
[14:15:46]: 12133
[14:15:46]: 12141
[14:15:46]: 12151
[14:15:47]: 12138
[14:15:47]: 12153
[14:15:47]: 12142
[14:15:47]: 12148
[14:15:48]: 12146
[14:15:48]: 12137
[14:15:48]: 12125
[14:15:49]: 12128
[14:15:49]: 12141
[14:15:49]: 12138
[14:15:50]: 12154
[14:15:50]: 12148
[14:15:50]: 12150
[14:15:51]: 12153
[14:15:51]: 12154

