 Close valve HP_IN
 Close valve HP_OUT
 Close valve L1_OUT
 Close valve L2_OUT
 Close valve L3_OUT
 Close valve L_HP
 Close valve LR1
 Close valve LR2
 Close valve LR3
 Close valve LR4
 Close valve LRW2
 Close valve LWASTE
 Close valve R1_4
 Close valve V21
 Close valve V24
 Close valve V4
 Close valve VH
 Close valve W1
 Close valve W2
 Close valve W3
 Open valve HP_IN
 Open valve W2
 Open valve R1_4
 Open valve V21
[15:11:43]: Forward liquid flow activated
[15:11:43]: AIR
 Open valve HP_OUT
 Open valve L_HP
 Open valve V24
 Close valve V24
 Close valve L_HP
 Close valve HP_OUT
[15:12:04]: W2 OH-
 Open valve LRW2
[15:12:04]: 12787
[15:12:04]: 9504
[15:12:05]: 8978
[15:12:05]: 8751
[15:12:05]: 8666
[15:12:06]: 8639
[15:12:06]: 8599
[15:12:06]: 8563
[15:12:06]: 8555
[15:12:07]: 8547
[15:12:07]: 8576
[15:12:07]: 8537
[15:12:08]: 8569
[15:12:08]: 8551
[15:12:08]: 8554
[15:12:09]: 8553
[15:12:09]: 8554
[15:12:09]: 8559
[15:12:09]: 8561
[15:12:10]: 8561
 Close valve LRW2
[15:12:10]: Loop start
[15:12:10]: W2 OH-
 Open valve LRW2
[15:12:10]: 8564
[15:12:11]: 8568
[15:12:11]: 8579
[15:12:11]: 8573
[15:12:11]: 8581
[15:12:12]: 8581
[15:12:12]: 8592
[15:12:12]: 8589
[15:12:13]: 8593
[15:12:13]: 8601
[15:12:13]: 8600
[15:12:14]: 8606
[15:12:14]: 8607
[15:12:14]: 8614
[15:12:14]: 8609
[15:12:15]: 8621
[15:12:15]: 8623
[15:12:15]: 8617
[15:12:16]: 8626
[15:12:16]: 8626
 Close valve LRW2
[15:12:17]: CIRCLE H+
 Open valve LR1
[15:12:17]: 8642
[15:12:18]: 9349
[15:12:18]: 9330
[15:12:18]: 9318
[15:12:19]: 9316
[15:12:19]: 9314
[15:12:19]: 9311
[15:12:20]: 9310
[15:12:20]: 9307
[15:12:20]: 9304
[15:12:20]: 9303
[15:12:21]: 9304
[15:12:21]: 9305
[15:12:21]: 9303
[15:12:22]: 9302
[15:12:22]: 9303
[15:12:22]: 9303
[15:12:23]: 9302
[15:12:23]: 9301
[15:12:23]: 9299
 Close valve LR1
[15:12:24]: W2 OH-
 Open valve LRW2
[15:12:25]: 9301
[15:12:25]: 8649
[15:12:25]: 8657
[15:12:26]: 8690
[15:12:26]: 8711
[15:12:26]: 8737
[15:12:26]: 8739
[15:12:27]: 8757
[15:12:27]: 8761
[15:12:27]: 8756
[15:12:28]: 8763
[15:12:28]: 8771
[15:12:28]: 8772
[15:12:29]: 8779
[15:12:29]: 8777
[15:12:29]: 8779
[15:12:30]: 8781
[15:12:30]: 8787
[15:12:30]: 8791
[15:12:31]: 8785
 Close valve LRW2
[15:12:32]: CROSS H+
 Open valve LR2
[15:12:32]: 9351
[15:12:32]: 9374
[15:12:33]: 9366
[15:12:33]: 9375
[15:12:33]: 9373
[15:12:34]: 9375
[15:12:34]: 9377
[15:12:34]: 9377
[15:12:34]: 9376
[15:12:35]: 9376
[15:12:35]: 9378
[15:12:35]: 9380
[15:12:36]: 9381
[15:12:36]: 9380
[15:12:36]: 9380
[15:12:37]: 9381
[15:12:37]: 9380
[15:12:37]: 9379
[15:12:38]: 9380
[15:12:38]: 9380
 Close valve LR2
[15:12:39]: W2 OH-
 Open valve LRW2
[15:12:39]: 9372
[15:12:40]: 8774
[15:12:40]: 8717
[15:12:40]: 8754
[15:12:41]: 8780
[15:12:41]: 8791
[15:12:41]: 8807
[15:12:41]: 8819
[15:12:42]: 8821
[15:12:42]: 8817
[15:12:42]: 8822
[15:12:43]: 8818
[15:12:43]: 8817
[15:12:43]: 8822
[15:12:44]: 8827
[15:12:44]: 8827
[15:12:44]: 8834
[15:12:45]: 8826
[15:12:45]: 8829
[15:12:45]: 8838
 Close valve LRW2
[15:12:46]: SQUARE H+
 Open valve LR3
[15:12:47]: 9405
[15:12:47]: 9424
[15:12:47]: 9432
[15:12:48]: 9427
[15:12:48]: 9425
[15:12:48]: 9424
[15:12:48]: 9426
[15:12:49]: 9423
[15:12:49]: 9423
[15:12:49]: 9424
[15:12:50]: 9422
[15:12:50]: 9419
[15:12:50]: 9419
[15:12:51]: 9418
[15:12:51]: 9419
[15:12:51]: 9421
[15:12:52]: 9417
[15:12:52]: 9417
[15:12:52]: 9417
[15:12:52]: 9412
 Close valve LR3
[15:12:53]: W2 OH-
 Open valve LRW2
[15:12:54]: 9407
[15:12:54]: 8785
[15:12:54]: 8836
[15:12:55]: 8850
[15:12:55]: 8875
[15:12:55]: 8872
[15:12:56]: 8893
[15:12:56]: 8880
[15:12:56]: 8885
[15:12:57]: 8896
[15:12:57]: 8897
[15:12:57]: 8906
[15:12:58]: 8913
[15:12:58]: 8895
[15:12:58]: 8900
[15:12:58]: 8912
[15:12:59]: 8907
[15:12:59]: 8910
[15:12:59]: 8903
[15:13:00]: 8918
 Close valve LRW2
[15:13:01]: PLUS H+
 Open valve LR4
[15:13:01]: 9439
[15:13:01]: 9438
[15:13:02]: 9440
[15:13:02]: 9440
[15:13:02]: 9440
[15:13:03]: 9444
[15:13:03]: 9444
[15:13:03]: 9443
[15:13:03]: 9439
[15:13:04]: 9438
[15:13:04]: 9437
[15:13:04]: 9435
[15:13:05]: 9433
[15:13:05]: 9433
[15:13:05]: 9432
[15:13:06]: 9431
[15:13:06]: 9431
[15:13:06]: 9428
[15:13:07]: 9427
[15:13:07]: 9428
 Close valve LR4
[15:13:08]: W2 OH-
 Open valve LRW2
[15:13:08]: 9419
[15:13:09]: 8781
[15:13:09]: 8736
[15:13:09]: 8726
[15:13:10]: 8728
[15:13:10]: 8714
[15:13:10]: 8709
[15:13:10]: 8725
[15:13:11]: 8718
[15:13:11]: 8713
[15:13:11]: 8715
[15:13:12]: 8708
[15:13:12]: 8724
[15:13:12]: 8709
[15:13:13]: 8723
[15:13:13]: 8711
[15:13:13]: 8718
[15:13:13]: 8727
[15:13:14]: 8713
[15:13:14]: 8713
 Close valve LRW2
[15:13:15]: CIRCLE H+
 Open valve LR1
[15:13:15]: 9417
[15:13:16]: 9422
[15:13:16]: 9423
[15:13:16]: 9427
[15:13:17]: 9428
[15:13:17]: 9433
[15:13:17]: 9432
[15:13:18]: 9431
[15:13:18]: 9431
[15:13:18]: 9430
[15:13:19]: 9426
[15:13:19]: 9427
[15:13:19]: 9424
[15:13:19]: 9423
[15:13:20]: 9422
[15:13:20]: 9421
[15:13:20]: 9420
[15:13:21]: 9419
[15:13:21]: 9419
[15:13:21]: 9419
 Close valve LR1
[15:13:22]: W2 OH-
 Open valve LRW2
[15:13:23]: 9426
[15:13:23]: 8818
[15:13:23]: 8875
[15:13:24]: 8925
[15:13:24]: 8960
[15:13:24]: 8971
[15:13:25]: 8983
[15:13:25]: 8988
[15:13:25]: 8988
[15:13:26]: 9001
[15:13:26]: 8992
[15:13:26]: 8997
[15:13:26]: 9005
[15:13:27]: 9002
[15:13:27]: 9009
[15:13:27]: 9011
[15:13:28]: 9003
[15:13:28]: 9008
[15:13:28]: 9014
[15:13:29]: 9006
 Close valve LRW2
[15:13:30]: CROSS H+
 Open valve LR2
[15:13:30]: 9469
[15:13:30]: 9481
[15:13:31]: 9484
[15:13:31]: 9484
[15:13:31]: 9483
[15:13:32]: 9482
[15:13:32]: 9482
[15:13:32]: 9481
[15:13:33]: 9479
[15:13:33]: 9478
[15:13:33]: 9475
[15:13:33]: 9475
[15:13:34]: 9473
[15:13:34]: 9472
[15:13:34]: 9470
[15:13:35]: 9470
[15:13:35]: 9469
[15:13:35]: 9466
[15:13:36]: 9467
[15:13:36]: 9466
 Close valve LR2
[15:13:37]: W2 OH-
 Open valve LRW2
[15:13:37]: 9459
[15:13:38]: 8918
[15:13:38]: 8882
[15:13:38]: 8933
[15:13:39]: 8938
[15:13:39]: 8959
[15:13:39]: 8975
[15:13:39]: 8975
[15:13:40]: 8984
[15:13:40]: 8988
[15:13:40]: 8987
[15:13:41]: 8998
[15:13:41]: 8998
[15:13:41]: 8993
[15:13:42]: 8998
[15:13:42]: 8997
[15:13:42]: 8996
[15:13:43]: 9004
[15:13:43]: 8998
[15:13:43]: 9002
 Close valve LRW2
[15:13:44]: SQUARE H+
 Open valve LR3
[15:13:45]: 9507
[15:13:45]: 9499
[15:13:45]: 9505
[15:13:45]: 9504
[15:13:46]: 9504
[15:13:46]: 9503
[15:13:46]: 9503
[15:13:47]: 9502
[15:13:47]: 9500
[15:13:47]: 9498
[15:13:48]: 9496
[15:13:48]: 9496
[15:13:48]: 9493
[15:13:49]: 9494
[15:13:49]: 9491
[15:13:49]: 9491
[15:13:49]: 9490
[15:13:50]: 9488
[15:13:50]: 9487
[15:13:50]: 9487
 Close valve LR3
[15:13:51]: W2 OH-
 Open valve LRW2
[15:13:52]: 9476
[15:13:52]: 8985
[15:13:52]: 8951
[15:13:53]: 8975
[15:13:53]: 9012
[15:13:53]: 9023
[15:13:54]: 9032
[15:13:54]: 9038
[15:13:54]: 9042
[15:13:55]: 9046
[15:13:55]: 9048
[15:13:55]: 9050
[15:13:55]: 9050
[15:13:56]: 9050
[15:13:56]: 9053
[15:13:56]: 9054
[15:13:57]: 9053
[15:13:57]: 9054
[15:13:57]: 9055
[15:13:58]: 9055
 Close valve LRW2
[15:13:59]: PLUS H+
 Open valve LR4
[15:13:59]: 9524
[15:13:59]: 9499
[15:14:00]: 9506
[15:14:00]: 9506
[15:14:00]: 9507
[15:14:01]: 9506
[15:14:01]: 9506
[15:14:01]: 9503
[15:14:02]: 9504
[15:14:02]: 9502
[15:14:02]: 9500
[15:14:02]: 9497
[15:14:03]: 9496
[15:14:03]: 9495
[15:14:03]: 9494
[15:14:04]: 9491
[15:14:04]: 9492
[15:14:04]: 9491
[15:14:05]: 9487
[15:14:05]: 9486
 Close valve LR4
[15:14:06]: W2 OH-
 Open valve LRW2
[15:14:06]: 9471
[15:14:07]: 8939
[15:14:07]: 8948
[15:14:07]: 8994
[15:14:08]: 9023
[15:14:08]: 9005
[15:14:08]: 9017
[15:14:09]: 9029
[15:14:09]: 9034
[15:14:09]: 9043
[15:14:09]: 9047
[15:14:10]: 9050
[15:14:10]: 9051
[15:14:10]: 9052
[15:14:11]: 9053
[15:14:11]: 9052
[15:14:11]: 9057
[15:14:12]: 9057
[15:14:12]: 9056
[15:14:12]: 9058
 Close valve LRW2
[15:14:13]: CIRCLE H+
 Open valve LR1
[15:14:14]: 9534
[15:14:14]: 9511
[15:14:14]: 9510
[15:14:15]: 9507
[15:14:15]: 9508
[15:14:15]: 9507
[15:14:16]: 9504
[15:14:16]: 9502
[15:14:16]: 9502
[15:14:17]: 9497
[15:14:17]: 9499
[15:14:17]: 9498
[15:14:17]: 9494
[15:14:18]: 9492
[15:14:18]: 9492
[15:14:18]: 9490
[15:14:19]: 9489
[15:14:19]: 9487
[15:14:19]: 9485
[15:14:20]: 9483
 Close valve LR1
[15:14:21]: W2 OH-
 Open valve LRW2
[15:14:21]: 9478
[15:14:21]: 8890
[15:14:22]: 8917
[15:14:22]: 8963
[15:14:22]: 8997
[15:14:23]: 9012
[15:14:23]: 9022
[15:14:23]: 9031
[15:14:23]: 9030
[15:14:24]: 9037
[15:14:24]: 9040
[15:14:24]: 9039
[15:14:25]: 9041
[15:14:25]: 9049
[15:14:25]: 9048
[15:14:26]: 9050
[15:14:26]: 9049
[15:14:26]: 9049
[15:14:26]: 9055
[15:14:27]: 9051
 Close valve LRW2
[15:14:28]: CROSS H+
 Open valve LR2
[15:14:28]: 9538
[15:14:29]: 9531
[15:14:29]: 9530
[15:14:29]: 9530
[15:14:29]: 9527
[15:14:30]: 9526
[15:14:30]: 9525
[15:14:30]: 9524
[15:14:31]: 9521
[15:14:31]: 9519
[15:14:31]: 9519
[15:14:32]: 9516
[15:14:32]: 9514
[15:14:32]: 9515
[15:14:33]: 9514
[15:14:33]: 9513
[15:14:33]: 9510
[15:14:33]: 9510
[15:14:34]: 9509
[15:14:34]: 9507
 Close valve LR2
[15:14:35]: W2 OH-
 Open valve LRW2
[15:14:35]: 9494
[15:14:36]: 8937
[15:14:36]: 8917
[15:14:36]: 8962
[15:14:37]: 8996
[15:14:37]: 9013
[15:14:37]: 9023
[15:14:38]: 9022
[15:14:38]: 9032
[15:14:38]: 9030
[15:14:39]: 9037
[15:14:39]: 9037
[15:14:39]: 9043
[15:14:39]: 9046
[15:14:40]: 9039
[15:14:40]: 9042
[15:14:40]: 9047
[15:14:41]: 9044
[15:14:41]: 9046
[15:14:41]: 9046
 Close valve LRW2
[15:14:42]: SQUARE H+
 Open valve LR3
[15:14:43]: 9541
[15:14:43]: 9532
[15:14:43]: 9520
[15:14:44]: 9532
[15:14:44]: 9532
[15:14:44]: 9532
[15:14:45]: 9531
[15:14:45]: 9528
[15:14:45]: 9526
[15:14:46]: 9526
[15:14:46]: 9524
[15:14:46]: 9521
[15:14:47]: 9519
[15:14:47]: 9518
[15:14:47]: 9517
[15:14:47]: 9515
[15:14:48]: 9513
[15:14:48]: 9512
[15:14:48]: 9513
[15:14:49]: 9512
 Close valve LR3
[15:14:50]: W2 OH-
 Open valve LRW2
[15:14:50]: 9505
[15:14:50]: 8928
[15:14:51]: 8928
[15:14:51]: 8965
[15:14:51]: 8990
[15:14:52]: 9009
[15:14:52]: 9029
[15:14:52]: 9024
[15:14:53]: 9038
[15:14:53]: 9040
[15:14:53]: 9036
[15:14:53]: 9040
[15:14:54]: 9041
[15:14:54]: 9045
[15:14:54]: 9045
[15:14:55]: 9041
[15:14:55]: 9047
[15:14:55]: 9050
[15:14:56]: 9041
[15:14:56]: 9044
 Close valve LRW2
[15:14:57]: PLUS H+
 Open valve LR4
[15:14:57]: 9556
[15:14:58]: 9523
[15:14:58]: 9528
[15:14:58]: 9524
[15:14:59]: 9521
[15:14:59]: 9521
[15:14:59]: 9521
[15:15:00]: 9520
[15:15:00]: 9517
[15:15:01]: 9516
[15:15:01]: 9514
[15:15:01]: 9511
[15:15:02]: 9512
[15:15:02]: 9509
[15:15:02]: 9509
[15:15:03]: 9508
[15:15:03]: 9504
[15:15:03]: 9502
[15:15:04]: 9501
[15:15:04]: 9500
 Close valve LR4
[15:15:05]: W2 OH-
 Open valve LRW2
[15:15:06]: 9489
[15:15:06]: 8919
[15:15:06]: 8915
[15:15:07]: 8958
[15:15:07]: 8999
[15:15:07]: 9010
[15:15:08]: 9013
[15:15:08]: 9027
[15:15:08]: 9023
[15:15:09]: 9030
[15:15:09]: 9030
[15:15:09]: 8995
[15:15:10]: 9011
[15:15:10]: 9019
[15:15:10]: 9035
[15:15:11]: 9037
[15:15:11]: 9037
[15:15:11]: 9042
[15:15:11]: 9042
[15:15:12]: 9039
 Close valve LRW2
[15:15:13]: CIRCLE H+
 Open valve LR1
[15:15:13]: 9565
[15:15:14]: 9519
[15:15:14]: 9521
[15:15:14]: 9516
[15:15:15]: 9516
[15:15:15]: 9515
[15:15:15]: 9514
[15:15:15]: 9513
[15:15:16]: 9507
[15:15:16]: 9506
[15:15:16]: 9505
[15:15:17]: 9503
[15:15:17]: 9503
[15:15:17]: 9500
[15:15:18]: 9498
[15:15:18]: 9497
[15:15:18]: 9497
[15:15:19]: 9497
[15:15:19]: 9495
[15:15:19]: 9494
 Close valve LR1
[15:15:20]: W2 OH-
 Open valve LRW2
[15:15:21]: 9487
[15:15:21]: 8884
[15:15:21]: 8902
[15:15:22]: 8948
[15:15:22]: 8988
[15:15:22]: 8992
[15:15:23]: 8978
[15:15:23]: 8995
[15:15:23]: 9007
[15:15:23]: 9008
[15:15:24]: 9016
[15:15:24]: 9024
[15:15:24]: 9028
[15:15:25]: 9028
[15:15:25]: 9027
[15:15:25]: 9032
[15:15:26]: 9034
[15:15:26]: 9034
[15:15:26]: 9036
[15:15:27]: 9038
 Close valve LRW2
[15:15:28]: CROSS H+
 Open valve LR2
[15:15:28]: 9570
[15:15:28]: 9532
[15:15:29]: 9537
[15:15:29]: 9534
[15:15:29]: 9532
[15:15:30]: 9531
[15:15:30]: 9530
[15:15:30]: 9529
[15:15:31]: 9525
[15:15:31]: 9523
[15:15:31]: 9524
[15:15:31]: 9520
[15:15:32]: 9519
[15:15:32]: 9519
[15:15:32]: 9517
[15:15:33]: 9516
[15:15:33]: 9515
[15:15:33]: 9512
[15:15:34]: 9511
[15:15:34]: 9511
 Close valve LR2
[15:15:35]: W2 OH-
 Open valve LRW2
[15:15:36]: 9503
[15:15:36]: 8884
[15:15:36]: 8917
[15:15:36]: 8940
[15:15:37]: 8977
[15:15:37]: 8996
[15:15:37]: 9003
[15:15:38]: 9007
[15:15:38]: 9010
[15:15:38]: 9013
[15:15:39]: 9023
[15:15:39]: 9022
[15:15:39]: 9024
[15:15:40]: 9027
[15:15:40]: 9028
[15:15:40]: 9030
[15:15:41]: 9026
[15:15:41]: 9027
[15:15:41]: 9034
[15:15:42]: 9032
 Close valve LRW2
[15:15:43]: SQUARE H+
 Open valve LR3
[15:15:43]: 9569
[15:15:43]: 9546
[15:15:44]: 9537
[15:15:44]: 9537
[15:15:44]: 9536
[15:15:45]: 9534
[15:15:45]: 9533
[15:15:45]: 9531
[15:15:45]: 9531
[15:15:46]: 9529
[15:15:46]: 9526
[15:15:46]: 9525
[15:15:47]: 9523
[15:15:47]: 9523
[15:15:47]: 9521
[15:15:48]: 9520
[15:15:48]: 9517
[15:15:48]: 9518
[15:15:49]: 9516
[15:15:49]: 9515
 Close valve LR3
[15:15:50]: W2 OH-
 Open valve LRW2
[15:15:50]: 9493
[15:15:51]: 8939
[15:15:51]: 8899
[15:15:51]: 8931
[15:15:52]: 8967
[15:15:52]: 8989
[15:15:52]: 8992
[15:15:52]: 9000
[15:15:53]: 9007
[15:15:53]: 9010
[15:15:53]: 9010
[15:15:54]: 9015
[15:15:54]: 9019
[15:15:54]: 9023
[15:15:55]: 9018
[15:15:55]: 9021
[15:15:55]: 9023
[15:15:56]: 9024
[15:15:56]: 9023
[15:15:56]: 9024
 Close valve LRW2
[15:15:57]: PLUS H+
 Open valve LR4
[15:15:58]: 9575
[15:15:58]: 8943
[15:15:58]: 8922
[15:15:59]: 8963
[15:15:59]: 8981
[15:15:59]: 9013
[15:16:00]: 9019
[15:16:00]: 9024
[15:16:00]: 9027
[15:16:00]: 9013
[15:16:01]: 9018
[15:16:01]: 9026
[15:16:01]: 9024
[15:16:02]: 9031
[15:16:02]: 9032
[15:16:02]: 9028
[15:16:03]: 9031
[15:16:03]: 9033
[15:16:03]: 9030
[15:16:04]: 9032
 Close valve LR4
[15:16:05]: W2 OH-
 Open valve LRW2
[15:16:05]: 9584
[15:16:05]: 8923
[15:16:06]: 8920
[15:16:06]: 8965
[15:16:06]: 8992
[15:16:06]: 9005
[15:16:07]: 9015
[15:16:07]: 9024
[15:16:07]: 9025
[15:16:08]: 9028
[15:16:08]: 9033
[15:16:08]: 9036
[15:16:09]: 9032
[15:16:09]: 9032
[15:16:09]: 9038
[15:16:10]: 9037
[15:16:10]: 9036
[15:16:10]: 9039
[15:16:11]: 9039
[15:16:11]: 9038
 Close valve LRW2
[15:16:12]: CIRCLE H+
 Open valve LR1
[15:16:12]: 9566
[15:16:13]: 9545
[15:16:13]: 9548
[15:16:13]: 9548
[15:16:14]: 9547
[15:16:14]: 9545
[15:16:14]: 9543
[15:16:14]: 9540
[15:16:15]: 9537
[15:16:15]: 9538
[15:16:15]: 9532
[15:16:16]: 9531
[15:16:16]: 9532
[15:16:16]: 9529
[15:16:17]: 9528
[15:16:17]: 9527
[15:16:17]: 9523
[15:16:18]: 9525
[15:16:18]: 9523
[15:16:18]: 9522
 Close valve LR1
[15:16:19]: W2 OH-
 Open valve LRW2
[15:16:20]: 9498
[15:16:20]: 8883
[15:16:20]: 8882
[15:16:21]: 8929
[15:16:21]: 8943
[15:16:21]: 8967
[15:16:21]: 8981
[15:16:22]: 8989
[15:16:22]: 8995
[15:16:22]: 9002
[15:16:23]: 9003
[15:16:23]: 9005
[15:16:23]: 9012
[15:16:24]: 9011
[15:16:24]: 9015
[15:16:24]: 9018
[15:16:25]: 9018
[15:16:25]: 9020
[15:16:25]: 9022
[15:16:25]: 9022
 Close valve LRW2
[15:16:26]: CROSS H+
 Open valve LR2
[15:16:27]: 9616
[15:16:27]: 9563
[15:16:27]: 9546
[15:16:28]: 9541
[15:16:28]: 9538
[15:16:28]: 9537
[15:16:29]: 9537
[15:16:29]: 9535
[15:16:29]: 9535
[15:16:30]: 9533
[15:16:30]: 9529
[15:16:30]: 9528
[15:16:31]: 9528
[15:16:31]: 9527
[15:16:31]: 9524
[15:16:32]: 9523
[15:16:32]: 9522
[15:16:32]: 9521
[15:16:32]: 9521
[15:16:33]: 9518
 Close valve LR2
[15:16:34]: W2 OH-
 Open valve LRW2
[15:16:34]: 9492
[15:16:34]: 8942
[15:16:35]: 8875
[15:16:35]: 8908
[15:16:35]: 8947
[15:16:36]: 8968
[15:16:36]: 8980
[15:16:36]: 8987
[15:16:37]: 8992
[15:16:37]: 8996
[15:16:37]: 9001
[15:16:38]: 9001
[15:16:38]: 9003
[15:16:38]: 9008
[15:16:38]: 9009
[15:16:39]: 9010
[15:16:39]: 9011
[15:16:39]: 9013
[15:16:40]: 9013
[15:16:40]: 9015
 Close valve LRW2
[15:16:41]: SQUARE H+
 Open valve LR3
[15:16:42]: 9592
[15:16:42]: 9574
[15:16:42]: 9544
[15:16:43]: 9543
[15:16:43]: 9540
[15:16:43]: 9540
[15:16:43]: 9540
[15:16:44]: 9537
[15:16:44]: 9535
[15:16:44]: 9533
[15:16:45]: 9532
[15:16:45]: 9530
[15:16:45]: 9528
[15:16:46]: 9529
[15:16:46]: 9527
[15:16:46]: 9526
[15:16:47]: 9523
[15:16:47]: 9522
[15:16:47]: 9521
[15:16:48]: 9521
 Close valve LR3
[15:16:49]: W2 OH-
 Open valve LRW2
[15:16:49]: 9503
[15:16:49]: 8931
[15:16:50]: 8868
[15:16:50]: 8900
[15:16:50]: 8930
[15:16:51]: 8961
[15:16:51]: 8973
[15:16:51]: 8980
[15:16:51]: 8985
[15:16:52]: 8989
[15:16:52]: 8991
[15:16:52]: 8994
[15:16:53]: 8996
[15:16:53]: 8999
[15:16:53]: 9001
[15:16:54]: 9002
[15:16:54]: 9004
[15:16:54]: 9005
[15:16:55]: 9007
[15:16:55]: 9009
 Close valve LRW2
[15:16:56]: PLUS H+
 Open valve LR4
[15:16:56]: 9524
[15:16:57]: 9526
[15:16:57]: 9546
[15:16:57]: 9534
[15:16:58]: 9532
[15:16:58]: 9532
[15:16:58]: 9530
[15:16:59]: 9530
[15:16:59]: 9528
[15:16:59]: 9526
[15:16:59]: 9523
[15:17:00]: 9523
[15:17:00]: 9520
[15:17:00]: 9518
[15:17:01]: 9517
[15:17:01]: 9517
[15:17:01]: 9516
[15:17:02]: 9513
[15:17:02]: 9512
[15:17:02]: 9511
 Close valve LR4
[15:17:03]: W2 OH-
 Open valve LRW2
[15:17:04]: 9501
[15:17:04]: 8876
[15:17:04]: 8865
[15:17:05]: 8898
[15:17:05]: 8936
[15:17:05]: 8953
[15:17:06]: 8967
[15:17:06]: 8974
[15:17:06]: 8978
[15:17:06]: 8983
[15:17:07]: 8986
[15:17:07]: 8989
[15:17:07]: 8991
[15:17:08]: 8993
[15:17:08]: 8994
[15:17:08]: 8997
[15:17:09]: 8999
[15:17:09]: 8999
[15:17:09]: 9001
[15:17:10]: 9003
 Close valve LRW2
[15:17:11]: CIRCLE H+
 Open valve LR1
[15:17:11]: 9546
[15:17:11]: 9570
[15:17:12]: 9530
[15:17:12]: 9523
[15:17:12]: 9524
[15:17:13]: 9520
[15:17:13]: 9519
[15:17:13]: 9519
[15:17:13]: 9516
[15:17:14]: 9515
[15:17:14]: 9513
[15:17:14]: 9512
[15:17:15]: 9511
[15:17:15]: 9508
[15:17:15]: 9509
[15:17:16]: 9505
[15:17:16]: 9505
[15:17:16]: 9505
[15:17:17]: 9503
[15:17:17]: 9501
 Close valve LR1
[15:17:18]: W2 OH-
 Open valve LRW2
[15:17:18]: 9498
[15:17:19]: 8859
[15:17:19]: 8850
[15:17:19]: 8890
[15:17:20]: 8921
[15:17:20]: 8942
[15:17:20]: 8954
[15:17:20]: 8961
[15:17:21]: 8968
[15:17:21]: 8973
[15:17:21]: 8976
[15:17:22]: 8981
[15:17:22]: 8985
[15:17:22]: 8985
[15:17:23]: 8987
[15:17:23]: 8989
[15:17:23]: 8992
[15:17:24]: 8993
[15:17:24]: 8994
[15:17:24]: 8995
 Close valve LRW2
[15:17:25]: CROSS H+
 Open valve LR2
[15:17:26]: 9524
[15:17:26]: 9578
[15:17:26]: 9544
[15:17:27]: 9537
[15:17:27]: 9538
[15:17:27]: 9536
[15:17:27]: 9532
[15:17:28]: 9532
[15:17:28]: 9529
[15:17:28]: 9527
[15:17:29]: 9526
[15:17:29]: 9524
[15:17:29]: 9521
[15:17:30]: 9521
[15:17:30]: 9520
[15:17:30]: 9518
[15:17:31]: 9516
[15:17:31]: 9515
[15:17:31]: 9514
[15:17:31]: 9513
 Close valve LR2
[15:17:33]: W2 OH-
 Open valve LRW2
[15:17:33]: 9507
[15:17:33]: 8883
[15:17:33]: 8844
[15:17:34]: 8888
[15:17:34]: 8922
[15:17:34]: 8943
[15:17:35]: 8951
[15:17:35]: 8960
[15:17:35]: 8965
[15:17:36]: 8968
[15:17:36]: 8971
[15:17:36]: 8974
[15:17:37]: 8977
[15:17:37]: 8979
[15:17:37]: 8980
[15:17:37]: 8983
[15:17:38]: 8984
[15:17:38]: 8985
[15:17:38]: 8987
[15:17:39]: 8988
 Close valve LRW2
[15:17:40]: SQUARE H+
 Open valve LR3
[15:17:40]: 9519
[15:17:40]: 9552
[15:17:41]: 9535
[15:17:41]: 9533
[15:17:41]: 9534
[15:17:42]: 9533
[15:17:42]: 9532
[15:17:42]: 9531
[15:17:43]: 9528
[15:17:43]: 9526
[15:17:43]: 9526
[15:17:44]: 9525
[15:17:44]: 9522
[15:17:44]: 9522
[15:17:45]: 9520
[15:17:45]: 9518
[15:17:45]: 9517
[15:17:45]: 9515
[15:17:46]: 9514
[15:17:46]: 9513
 Close valve LR3
[15:17:47]: W2 OH-
 Open valve LRW2
[15:17:47]: 9526
[15:17:48]: 8919
[15:17:48]: 8844
[15:17:48]: 8876
[15:17:49]: 8913
[15:17:49]: 8935
[15:17:49]: 8948
[15:17:50]: 8955
[15:17:50]: 8971
[15:17:50]: 8975
[15:17:51]: 8977
[15:17:51]: 8979
[15:17:51]: 8982
[15:17:52]: 8984
[15:17:52]: 8984
[15:17:52]: 8986
[15:17:52]: 8987
[15:17:53]: 8988
[15:17:53]: 8989
[15:17:53]: 8990
 Close valve LRW2
[15:17:55]: PLUS H+
 Open valve LR4
[15:17:55]: 9493
[15:17:55]: 9495
[15:17:56]: 9507
[15:17:56]: 9505
[15:17:56]: 9505
[15:17:56]: 9504
[15:17:57]: 9504
[15:17:57]: 9503
[15:17:57]: 9501
[15:17:58]: 9499
[15:17:58]: 9498
[15:17:58]: 9497
[15:17:59]: 9495
[15:17:59]: 9494
[15:17:59]: 9495
[15:18:00]: 9492
[15:18:00]: 9492
[15:18:00]: 9491
[15:18:01]: 9490
[15:18:01]: 9489
 Close valve LR4
[15:18:02]: W2 OH-
 Open valve LRW2
[15:18:02]: 9474
[15:18:03]: 8884
[15:18:03]: 8847
[15:18:03]: 8881
[15:18:04]: 8914
[15:18:04]: 8936
[15:18:04]: 8945
[15:18:05]: 8952
[15:18:05]: 8957
[15:18:05]: 8960
[15:18:05]: 8963
[15:18:06]: 8966
[15:18:06]: 8969
[15:18:06]: 8971
[15:18:07]: 8973
[15:18:07]: 8975
[15:18:07]: 8976
[15:18:08]: 8977
[15:18:08]: 8978
[15:18:08]: 8979
 Close valve LRW2
[15:18:09]: CIRCLE H+
 Open valve LR1
[15:18:10]: 9501
[15:18:10]: 9505
[15:18:10]: 9507
[15:18:11]: 9506
[15:18:11]: 9504
[15:18:11]: 9504
[15:18:11]: 9502
[15:18:12]: 9500
[15:18:12]: 9499
[15:18:12]: 9498
[15:18:13]: 9496
[15:18:13]: 9495
[15:18:13]: 9494
[15:18:14]: 9492
[15:18:14]: 9491
[15:18:14]: 9490
[15:18:15]: 9488
[15:18:15]: 9488
[15:18:15]: 9486
[15:18:16]: 9485
 Close valve LR1
[15:18:17]: W2 OH-
 Open valve LRW2
[15:18:17]: 9483
[15:18:17]: 8877
[15:18:18]: 8841
[15:18:18]: 8874
[15:18:18]: 8906
[15:18:18]: 8928
[15:18:19]: 8936
[15:18:19]: 8945
[15:18:19]: 8948
[15:18:20]: 8952
[15:18:20]: 8954
[15:18:20]: 8957
[15:18:21]: 8959
[15:18:21]: 8961
[15:18:21]: 8963
[15:18:22]: 8966
[15:18:22]: 8967
[15:18:22]: 8970
[15:18:22]: 8970
[15:18:23]: 8972
 Close valve LRW2
[15:18:24]: CROSS H+
 Open valve LR2
[15:18:24]: 9499
[15:18:25]: 9530
[15:18:25]: 9517
[15:18:25]: 9517
[15:18:25]: 9512
[15:18:26]: 9511
[15:18:26]: 9512
[15:18:26]: 9510
[15:18:27]: 9508
[15:18:27]: 9506
[15:18:27]: 9505
[15:18:28]: 9503
[15:18:28]: 9501
[15:18:28]: 9501
[15:18:29]: 9501
[15:18:29]: 9499
[15:18:29]: 9498
[15:18:29]: 9499
[15:18:30]: 9498
[15:18:30]: 9497
 Close valve LR2
[15:18:31]: W2 OH-
 Open valve LRW2
[15:18:31]: 9489
[15:18:32]: 8874
[15:18:32]: 8838
[15:18:32]: 8878
[15:18:33]: 8907
[15:18:33]: 8926
[15:18:33]: 8936
[15:18:34]: 8942
[15:18:34]: 8947
[15:18:34]: 8951
[15:18:35]: 8955
[15:18:35]: 8957
[15:18:35]: 8958
[15:18:36]: 8960
[15:18:36]: 8961
[15:18:36]: 8963
[15:18:36]: 8965
[15:18:37]: 8967
[15:18:37]: 8969
[15:18:37]: 8971
 Close valve LRW2
[15:18:38]: SQUARE H+
 Open valve LR3
[15:18:39]: 9500
[15:18:39]: 9523
[15:18:39]: 9513
[15:18:40]: 9513
[15:18:40]: 9513
[15:18:40]: 9513
[15:18:41]: 9511
[15:18:41]: 9510
[15:18:41]: 9507
[15:18:42]: 9507
[15:18:42]: 9506
[15:18:42]: 9504
[15:18:43]: 9501
[15:18:43]: 9501
[15:18:43]: 9498
[15:18:43]: 9498
[15:18:44]: 9498
[15:18:44]: 9497
[15:18:44]: 9496
[15:18:45]: 9495
 Close valve LR3
[15:18:46]: W2 OH-
 Open valve LRW2
[15:18:46]: 9493
[15:18:46]: 9489
[15:18:47]: 9483
[15:18:47]: 9492
[15:18:47]: 9493
[15:18:48]: 9490
[15:18:48]: 9485
[15:18:48]: 9483
[15:18:49]: 9476
[15:18:49]: 9472
[15:18:49]: 9473
[15:18:50]: 9471
[15:18:50]: 9469
[15:18:50]: 9469
[15:18:50]: 9467
[15:18:51]: 9466
[15:18:51]: 9419
[15:18:51]: 9461
[15:18:52]: 9461
[15:18:52]: 9474
 Close valve LRW2
[15:18:53]: PLUS H+
 Open valve LR4
[15:18:53]: 9850
[15:18:54]: 9484
[15:18:54]: 9469
[15:18:54]: 9471
[15:18:55]: 9472
[15:18:55]: 9474
[15:18:55]: 9472
[15:18:56]: 9473
[15:18:56]: 9473
[15:18:56]: 9472
[15:18:56]: 9472
[15:18:57]: 9471
[15:18:57]: 9469
[15:18:57]: 9469
[15:18:58]: 9469
[15:18:58]: 9468
[15:18:58]: 9467
[15:18:59]: 9466
[15:18:59]: 9466
[15:18:59]: 9467
 Close valve LR4
[15:19:00]: W2 OH-
 Open valve LRW2
[15:19:01]: 9461
[15:19:01]: 8756
[15:19:01]: 8754
[15:19:02]: 8782
[15:19:02]: 8813
[15:19:02]: 8832
[15:19:02]: 8848
[15:19:03]: 8855
[15:19:03]: 8861
[15:19:03]: 8863
[15:19:04]: 8870
[15:19:04]: 8848
[15:19:04]: 8867
[15:19:05]: 8875
[15:19:05]: 8875
[15:19:05]: 8877
[15:19:06]: 8885
[15:19:06]: 8879
[15:19:06]: 8883
[15:19:06]: 8887
 Close valve LRW2
[15:19:07]: CIRCLE H+
 Open valve LR1
[15:19:08]: 9489
[15:19:08]: 9469
[15:19:08]: 9470
[15:19:09]: 9468
[15:19:09]: 9468
[15:19:09]: 9468
[15:19:10]: 9475
[15:19:10]: 9475
[15:19:10]: 9473
[15:19:11]: 9473
[15:19:11]: 9471
[15:19:11]: 9469
[15:19:12]: 9466
[15:19:12]: 9465
[15:19:12]: 9464
[15:19:12]: 9462
[15:19:13]: 9461
[15:19:13]: 9460
[15:19:13]: 9462
[15:19:14]: 9461
 Close valve LR1
[15:19:15]: W2 OH-
 Open valve LRW2
[15:19:15]: 9451
[15:19:15]: 8763
[15:19:16]: 8764
[15:19:16]: 8789
[15:19:16]: 8829
[15:19:17]: 8853
[15:19:17]: 8864
[15:19:17]: 8860
[15:19:18]: 8872
[15:19:18]: 8867
[15:19:18]: 8869
[15:19:19]: 8875
[15:19:19]: 8874
[15:19:19]: 8877
[15:19:19]: 8885
[15:19:20]: 8882
[15:19:20]: 8887
[15:19:20]: 8891
[15:19:21]: 8891
[15:19:21]: 8888
 Close valve LRW2
[15:19:22]: CROSS H+
 Open valve LR2
[15:19:22]: 9484
[15:19:23]: 9496
[15:19:23]: 9498
[15:19:23]: 9500
[15:19:24]: 9499
[15:19:24]: 9498
[15:19:24]: 9497
[15:19:25]: 9495
[15:19:25]: 9495
[15:19:25]: 9494
[15:19:26]: 9491
[15:19:26]: 9492
[15:19:26]: 9491
[15:19:26]: 9490
[15:19:27]: 9489
[15:19:27]: 9487
[15:19:27]: 9487
[15:19:28]: 9486
[15:19:28]: 9486
[15:19:28]: 9484
 Close valve LR2
[15:19:29]: W2 OH-
 Open valve LRW2
[15:19:30]: 9473
[15:19:30]: 8773
[15:19:30]: 8769
[15:19:31]: 8802
[15:19:31]: 8830
[15:19:31]: 8848
[15:19:32]: 8850
[15:19:32]: 8854
[15:19:32]: 8858
[15:19:33]: 8860
[15:19:33]: 8865
[15:19:33]: 8870
[15:19:33]: 8869
[15:19:34]: 8878
[15:19:34]: 8872
[15:19:34]: 8879
[15:19:35]: 8881
[15:19:35]: 8887
[15:19:35]: 8888
[15:19:36]: 8879
 Close valve LRW2
[15:19:37]: SQUARE H+
 Open valve LR3
[15:19:37]: 9493
[15:19:37]: 9493
[15:19:38]: 9505
[15:19:38]: 9505
[15:19:38]: 9505
[15:19:39]: 9504
[15:19:39]: 9503
[15:19:39]: 9503
[15:19:39]: 9502
[15:19:40]: 9499
[15:19:40]: 9498
[15:19:40]: 9499
[15:19:41]: 9498
[15:19:41]: 9497
[15:19:41]: 9495
[15:19:42]: 9495
[15:19:42]: 9493
[15:19:42]: 9492
[15:19:42]: 9491
[15:19:43]: 9490
 Close valve LR3
[15:19:44]: W2 OH-
 Open valve LRW2
[15:19:44]: 9477
[15:19:45]: 8802
[15:19:45]: 8760
[15:19:45]: 8785
[15:19:45]: 8822
[15:19:46]: 8840
[15:19:46]: 8855
[15:19:46]: 8862
[15:19:47]: 8856
[15:19:47]: 8862
[15:19:47]: 8865
[15:19:48]: 8870
[15:19:48]: 8877
[15:19:48]: 8877
[15:19:49]: 8880
[15:19:49]: 8873
[15:19:49]: 8883
[15:19:49]: 8875
[15:19:50]: 8879
[15:19:50]: 8884
 Close valve LRW2
[15:19:51]: PLUS H+
 Open valve LR4
[15:19:52]: 9497
[15:19:52]: 9489
[15:19:52]: 9494
[15:19:52]: 9499
[15:19:53]: 9500
[15:19:53]: 9501
[15:19:53]: 9501
[15:19:54]: 9500
[15:19:54]: 9499
[15:19:54]: 9499
[15:19:55]: 9496
[15:19:55]: 9497
[15:19:55]: 9494
[15:19:55]: 9495
[15:19:56]: 9492
[15:19:56]: 9491
[15:19:56]: 9491
[15:19:57]: 9488
[15:19:57]: 9485
[15:19:57]: 9484
 Close valve LR4
[15:19:58]: W2 OH-
 Open valve LRW2
[15:19:59]: 9465
[15:19:59]: 8757
[15:19:59]: 8756
[15:20:00]: 8786
[15:20:00]: 8819
[15:20:00]: 8837
[15:20:01]: 8855
[15:20:01]: 8856
[15:20:01]: 8859
[15:20:01]: 8858
[15:20:02]: 8866
[15:20:02]: 8871
[15:20:02]: 8870
[15:20:03]: 8869
[15:20:03]: 8876
[15:20:03]: 8870
[15:20:04]: 8880
[15:20:04]: 8882
[15:20:04]: 8883
[15:20:05]: 8883
 Close valve LRW2
[15:20:06]: CIRCLE H+
 Open valve LR1
[15:20:06]: 9495
[15:20:06]: 9484
[15:20:07]: 9486
[15:20:07]: 9486
[15:20:07]: 9487
[15:20:07]: 9486
[15:20:08]: 9486
[15:20:08]: 9485
[15:20:08]: 9484
[15:20:09]: 9484
[15:20:09]: 9484
[15:20:09]: 9478
[15:20:10]: 9480
[15:20:10]: 9478
[15:20:10]: 9478
[15:20:10]: 9475
[15:20:11]: 9474
[15:20:11]: 9473
[15:20:11]: 9473
[15:20:12]: 9471
 Close valve LR1
[15:20:13]: W2 OH-
 Open valve LRW2
[15:20:13]: 9460
[15:20:13]: 8752
[15:20:14]: 8758
[15:20:14]: 8776
[15:20:14]: 8812
[15:20:15]: 8833
[15:20:15]: 8841
[15:20:15]: 8849
[15:20:16]: 8849
[15:20:16]: 8850
[15:20:16]: 8855
[15:20:16]: 8865
[15:20:17]: 8863
[15:20:17]: 8871
[15:20:17]: 8870
[15:20:18]: 8870
[15:20:18]: 8868
[15:20:18]: 8874
[15:20:19]: 8880
[15:20:19]: 8877
 Close valve LRW2
[15:20:20]: CROSS H+
 Open valve LR2
[15:20:20]: 9495
[15:20:21]: 9498
[15:20:21]: 9506
[15:20:21]: 9510
[15:20:22]: 9509
[15:20:22]: 9508
[15:20:22]: 9507
[15:20:22]: 9508
[15:20:23]: 9506
[15:20:23]: 9503
[15:20:23]: 9501
[15:20:24]: 9501
[15:20:24]: 9500
[15:20:24]: 9499
[15:20:25]: 9498
[15:20:25]: 9496
[15:20:25]: 9497
[15:20:26]: 9495
[15:20:26]: 9493
[15:20:26]: 9492
 Close valve LR2
[15:20:27]: W2 OH-
 Open valve LRW2
[15:20:28]: 9483
[15:20:28]: 8785
[15:20:28]: 8732
[15:20:29]: 8776
[15:20:29]: 8802
[15:20:29]: 8825
[15:20:29]: 8844
[15:20:30]: 8848
[15:20:30]: 8847
[15:20:30]: 8846
[15:20:31]: 8849
[15:20:31]: 8860
[15:20:31]: 8855
[15:20:32]: 8862
[15:20:32]: 8860
[15:20:32]: 8867
[15:20:33]: 8870
[15:20:33]: 8862
[15:20:33]: 8867
[15:20:33]: 8873
 Close valve LRW2
[15:20:35]: SQUARE H+
 Open valve LR3
[15:20:35]: 9500
[15:20:35]: 9503
[15:20:36]: 9499
[15:20:36]: 9509
[15:20:36]: 9509
[15:20:36]: 9509
[15:20:37]: 9509
[15:20:37]: 9508
[15:20:37]: 9505
[15:20:38]: 9505
[15:20:38]: 9504
[15:20:38]: 9503
[15:20:39]: 9499
[15:20:39]: 9500
[15:20:39]: 9497
[15:20:40]: 9498
[15:20:40]: 9496
[15:20:40]: 9495
[15:20:40]: 9494
[15:20:41]: 9493
 Close valve LR3
[15:20:42]: W2 OH-
 Open valve LRW2
[15:20:42]: 9477
[15:20:43]: 8798
[15:20:43]: 8749
[15:20:43]: 8780
[15:20:43]: 8810
[15:20:44]: 8829
[15:20:44]: 8834
[15:20:44]: 8839
[15:20:45]: 8846
[15:20:45]: 8853
[15:20:45]: 8847
[15:20:46]: 8859
[15:20:46]: 8861
[15:20:46]: 8863
[15:20:47]: 8863
[15:20:47]: 8861
[15:20:47]: 8865
[15:20:47]: 8870
[15:20:48]: 8862
[15:20:48]: 8865
 Close valve LRW2
[15:20:49]: PLUS H+
 Open valve LR4
[15:20:50]: 9503
[15:20:50]: 9498
[15:20:50]: 9494
[15:20:50]: 9492
[15:20:51]: 9503
[15:20:51]: 9502
[15:20:51]: 9502
[15:20:52]: 9501
[15:20:52]: 9500
[15:20:52]: 9498
[15:20:53]: 9498
[15:20:53]: 9495
[15:20:53]: 9496
[15:20:54]: 9494
[15:20:54]: 9492
[15:20:54]: 9491
[15:20:55]: 9489
[15:20:55]: 9488
[15:20:55]: 9487
[15:20:55]: 9485
 Close valve LR4
[15:20:57]: W2 OH-
 Open valve LRW2
[15:20:57]: 9473
[15:20:57]: 8758
[15:20:57]: 8726
[15:20:58]: 8769
[15:20:58]: 8806
[15:20:58]: 8821
[15:20:59]: 8837
[15:20:59]: 8844
[15:20:59]: 8838
[15:21:00]: 8845
[15:21:00]: 8848
[15:21:00]: 8847
[15:21:01]: 8859
[15:21:01]: 8851
[15:21:01]: 8854
[15:21:01]: 8860
[15:21:02]: 8865
[15:21:02]: 8861
[15:21:03]: 8860
[15:21:03]: 8868
 Close valve LRW2
[15:21:04]: CIRCLE H+
 Open valve LR1
[15:21:04]: 9492
[15:21:05]: 9487
[15:21:05]: 9484
[15:21:05]: 9483
[15:21:05]: 9488
[15:21:06]: 9487
[15:21:06]: 9491
[15:21:06]: 9492
[15:21:07]: 9488
[15:21:07]: 9487
[15:21:07]: 9485
[15:21:08]: 9485
[15:21:08]: 9483
[15:21:08]: 9481
[15:21:09]: 9483
[15:21:09]: 9482
[15:21:09]: 9480
[15:21:10]: 9479
[15:21:10]: 9476
[15:21:10]: 9474
 Close valve LR1
[15:21:11]: W2 OH-
 Open valve LRW2
[15:21:12]: 9463
[15:21:12]: 8726
[15:21:12]: 8745
[15:21:13]: 8766
[15:21:13]: 8810
[15:21:13]: 8826
[15:21:14]: 8825
[15:21:14]: 8840
[15:21:14]: 8845
[15:21:14]: 8844
[15:21:15]: 8848
[15:21:15]: 8848
[15:21:15]: 8846
[15:21:16]: 8850
[15:21:16]: 8860
[15:21:16]: 8856
[15:21:17]: 8863
[15:21:17]: 8858
[15:21:17]: 8858
[15:21:18]: 8868
 Close valve LRW2
[15:21:19]: CROSS H+
 Open valve LR2
[15:21:19]: 9490
[15:21:19]: 9502
[15:21:20]: 9506
[15:21:20]: 9511
[15:21:20]: 9508
[15:21:21]: 9509
[15:21:21]: 9509
[15:21:21]: 9506
[15:21:21]: 9505
[15:21:22]: 9503
[15:21:22]: 9503
[15:21:22]: 9502
[15:21:23]: 9500
[15:21:23]: 9499
[15:21:23]: 9500
[15:21:24]: 9499
[15:21:24]: 9497
[15:21:24]: 9498
[15:21:25]: 9497
[15:21:25]: 9496
 Close valve LR2
[15:21:26]: W2 OH-
 Open valve LRW2
[15:21:26]: 9493
[15:21:27]: 8818
[15:21:27]: 8716
[15:21:27]: 8765
[15:21:28]: 8803
[15:21:28]: 8811
[15:21:28]: 8825
[15:21:28]: 8833
[15:21:29]: 8837
[15:21:29]: 8845
[15:21:29]: 8840
[15:21:30]: 8844
[15:21:30]: 8847
[15:21:30]: 8853
[15:21:31]: 8843
[15:21:31]: 8857
[15:21:31]: 8857
[15:21:32]: 8854
[15:21:32]: 8857
[15:21:32]: 8854
 Close valve LRW2
[15:21:33]: SQUARE H+
 Open valve LR3
[15:21:34]: 9495
[15:21:34]: 9503
[15:21:34]: 9510
[15:21:35]: 9512
[15:21:35]: 9511
[15:21:35]: 9512
[15:21:35]: 9510
[15:21:36]: 9511
[15:21:36]: 9508
[15:21:36]: 9506
[15:21:37]: 9504
[15:21:37]: 9502
[15:21:37]: 9500
[15:21:38]: 9498
[15:21:38]: 9496
[15:21:38]: 9497
[15:21:39]: 9496
[15:21:39]: 9495
[15:21:39]: 9494
[15:21:39]: 9493
 Close valve LR3
[15:21:41]: W2 OH-
 Open valve LRW2
[15:21:41]: 9481
[15:21:41]: 8738
[15:21:42]: 8719
[15:21:42]: 8760
[15:21:42]: 8805
[15:21:42]: 8819
[15:21:43]: 8828
[15:21:43]: 8837
[15:21:43]: 8834
[15:21:44]: 8839
[15:21:44]: 8841
[15:21:44]: 8841
[15:21:45]: 8848
[15:21:45]: 8843
[15:21:45]: 8854
[15:21:46]: 8846
[15:21:46]: 8855
[15:21:46]: 8851
[15:21:46]: 8856
[15:21:47]: 8852
 Close valve LRW2
[15:21:48]: PLUS H+
 Open valve LR4
[15:21:48]: 9487
[15:21:48]: 9492
[15:21:49]: 9494
[15:21:49]: 9500
[15:21:49]: 9501
[15:21:50]: 9501
[15:21:50]: 9500
[15:21:50]: 9500
[15:21:51]: 9500
[15:21:51]: 9496
[15:21:51]: 9498
[15:21:52]: 9496
[15:21:52]: 9493
[15:21:52]: 9491
[15:21:52]: 9489
[15:21:53]: 9488
[15:21:53]: 9487
[15:21:53]: 9485
[15:21:54]: 9486
[15:21:54]: 9483
 Close valve LR4
[15:21:55]: W2 OH-
 Open valve LRW2
[15:21:55]: 9479
[15:21:56]: 8734
[15:21:56]: 8722
[15:21:56]: 8755
[15:21:57]: 8798
[15:21:57]: 8807
[15:21:57]: 8816
[15:21:58]: 8832
[15:21:58]: 8827
[15:21:58]: 8834
[15:21:58]: 8835
[15:21:59]: 8833
[15:21:59]: 8837
[15:21:59]: 8837
[15:22:00]: 8852
[15:22:00]: 8842
[15:22:00]: 8847
[15:22:01]: 8851
[15:22:01]: 8852
[15:22:01]: 8848
 Close valve LRW2
[15:22:02]: CIRCLE H+
 Open valve LR1
[15:22:03]: 9490
[15:22:03]: 9486
[15:22:03]: 9484
[15:22:04]: 9487
[15:22:04]: 9488
[15:22:04]: 9489
[15:22:04]: 9492
[15:22:05]: 9490
[15:22:05]: 9490
[15:22:05]: 9487
[15:22:06]: 9485
[15:22:06]: 9483
[15:22:06]: 9481
[15:22:07]: 9483
[15:22:07]: 9479
[15:22:07]: 9478
[15:22:08]: 9479
[15:22:08]: 9477
[15:22:08]: 9477
[15:22:08]: 9476
 Close valve LR1
[15:22:10]: W2 OH-
 Open valve LRW2
[15:22:10]: 9466
[15:22:10]: 8718
[15:22:11]: 8721
[15:22:11]: 8764
[15:22:11]: 8791
[15:22:11]: 8803
[15:22:12]: 8824
[15:22:12]: 8817
[15:22:12]: 8826
[15:22:13]: 8832
[15:22:13]: 8831
[15:22:13]: 8833
[15:22:14]: 8845
[15:22:14]: 8839
[15:22:14]: 8841
[15:22:14]: 8853
[15:22:15]: 8843
[15:22:15]: 8846
[15:22:15]: 8852
[15:22:16]: 8851
 Close valve LRW2
[15:22:17]: CROSS H+
 Open valve LR2
[15:22:17]: 9488
[15:22:18]: 9500
[15:22:18]: 9503
[15:22:18]: 9507
[15:22:18]: 9507
[15:22:19]: 9505
[15:22:19]: 9505
[15:22:19]: 9505
[15:22:20]: 9503
[15:22:20]: 9503
[15:22:20]: 9501
[15:22:21]: 9500
[15:22:21]: 9498
[15:22:21]: 9496
[15:22:21]: 9495
[15:22:22]: 9494
[15:22:22]: 9494
[15:22:22]: 9492
[15:22:23]: 9491
[15:22:23]: 9492
 Close valve LR2
[15:22:24]: W2 OH-
 Open valve LRW2
[15:22:24]: 9474
[15:22:25]: 8745
[15:22:25]: 8718
[15:22:25]: 8758
[15:22:26]: 8797
[15:22:26]: 8809
[15:22:26]: 8822
[15:22:27]: 8831
[15:22:27]: 8820
[15:22:27]: 8826
[15:22:27]: 8834
[15:22:28]: 8833
[15:22:28]: 8840
[15:22:28]: 8832
[15:22:29]: 8844
[15:22:29]: 8835
[15:22:29]: 8838
[15:22:30]: 8846
[15:22:30]: 8844
[15:22:30]: 8851
 Close valve LRW2
[15:22:31]: SQUARE H+
 Open valve LR3
[15:22:32]: 9518
[15:22:32]: 9493
[15:22:32]: 9503
[15:22:33]: 9506
[15:22:33]: 9505
[15:22:33]: 9506
[15:22:33]: 9505
[15:22:34]: 9506
[15:22:34]: 9504
[15:22:34]: 9501
[15:22:35]: 9501
[15:22:35]: 9498
[15:22:35]: 9499
[15:22:36]: 9496
[15:22:36]: 9497
[15:22:36]: 9496
[15:22:36]: 9494
[15:22:37]: 9494
[15:22:37]: 9494
[15:22:37]: 9492
 Close valve LR3
[15:22:38]: W2 OH-
 Open valve LRW2
[15:22:39]: 9474
[15:22:39]: 8769
[15:22:39]: 8722
[15:22:40]: 8755
[15:22:40]: 8788
[15:22:40]: 8809
[15:22:41]: 8813
[15:22:41]: 8816
[15:22:41]: 8821
[15:22:42]: 8833
[15:22:42]: 8828
[15:22:42]: 8836
[15:22:42]: 8842
[15:22:43]: 8833
[15:22:43]: 8845
[15:22:43]: 8813
[15:22:44]: 8824
[15:22:44]: 8838
[15:22:44]: 8836
[15:22:45]: 8848
 Close valve LRW2
[15:22:46]: PLUS H+
 Open valve LR4
[15:22:46]: 9569
[15:22:46]: 9495
[15:22:47]: 9571
[15:22:47]: 9507
[15:22:47]: 9503
[15:22:48]: 9502
[15:22:48]: 9501
[15:22:48]: 9501
[15:22:48]: 9498
[15:22:49]: 9499
[15:22:49]: 9497
[15:22:49]: 9497
[15:22:50]: 9493
[15:22:50]: 9492
[15:22:50]: 9492
[15:22:51]: 9492
[15:22:51]: 9491
[15:22:51]: 9490
[15:22:51]: 9489
[15:22:52]: 9487
 Close valve LR4
[15:22:53]: W2 OH-
 Open valve LRW2
[15:22:53]: 9467
[15:22:54]: 8715
[15:22:54]: 8716
[15:22:54]: 8764
[15:22:55]: 8801
[15:22:55]: 8813
[15:22:55]: 8809
[15:22:55]: 8824
[15:22:56]: 8832
[15:22:56]: 8821
[15:22:56]: 8825
[15:22:57]: 8835
[15:22:57]: 8832
[15:22:57]: 8840
[15:22:58]: 8835
[15:22:58]: 8846
[15:22:58]: 8837
[15:22:59]: 8839
[15:22:59]: 8817
[15:22:59]: 8823
 Close valve LRW2
[15:23:00]: CIRCLE H+
 Open valve LR1
[15:23:01]: 9555
[15:23:01]: 9481
[15:23:01]: 9485
[15:23:02]: 9511
[15:23:02]: 9494
[15:23:02]: 9493
[15:23:03]: 9492
[15:23:03]: 9491
[15:23:03]: 9491
[15:23:03]: 9488
[15:23:04]: 9488
[15:23:04]: 9486
[15:23:04]: 9485
[15:23:05]: 9483
[15:23:05]: 9482
[15:23:05]: 9481
[15:23:06]: 9480
[15:23:06]: 9479
[15:23:06]: 9479
[15:23:06]: 9478
 Close valve LR1
[15:23:08]: W2 OH-
 Open valve LRW2
[15:23:08]: 9481
[15:23:08]: 8708
[15:23:08]: 8714
[15:23:09]: 8750
[15:23:09]: 8778
[15:23:09]: 8797
[15:23:10]: 8815
[15:23:10]: 8810
[15:23:10]: 8825
[15:23:11]: 8827
[15:23:11]: 8828
[15:23:11]: 8835
[15:23:12]: 8819
[15:23:12]: 8819
[15:23:12]: 8834
[15:23:12]: 8836
[15:23:13]: 8839
[15:23:13]: 8839
[15:23:13]: 8839
[15:23:14]: 8848
 Close valve LRW2
[15:23:15]: CROSS H+
 Open valve LR2
[15:23:15]: 9545
[15:23:15]: 9511
[15:23:16]: 9554
[15:23:16]: 9521
[15:23:16]: 9516
[15:23:17]: 9510
[15:23:17]: 9507
[15:23:17]: 9504
[15:23:17]: 9503
[15:23:18]: 9500
[15:23:18]: 9500
[15:23:18]: 9497
[15:23:19]: 9497
[15:23:19]: 9495
[15:23:19]: 9494
[15:23:20]: 9493
[15:23:20]: 9493
[15:23:20]: 9491
[15:23:21]: 9490
[15:23:21]: 9489
 Close valve LR2
[15:23:22]: W2 OH-
 Open valve LRW2
[15:23:22]: 9479
[15:23:23]: 8748
[15:23:23]: 8720
[15:23:23]: 8764
[15:23:24]: 8790
[15:23:24]: 8813
[15:23:24]: 8823
[15:23:24]: 8825
[15:23:25]: 8819
[15:23:25]: 8827
[15:23:25]: 8834
[15:23:26]: 8833
[15:23:26]: 8825
[15:23:26]: 8833
[15:23:27]: 8831
[15:23:27]: 8833
[15:23:27]: 8830
[15:23:28]: 8843
[15:23:28]: 8832
[15:23:28]: 8835
 Close valve LRW2
[15:23:29]: SQUARE H+
 Open valve LR3
[15:23:30]: 9486
[15:23:30]: 9498
[15:23:30]: 9502
[15:23:30]: 9505
[15:23:31]: 9507
[15:23:31]: 9507
[15:23:31]: 9507
[15:23:32]: 9506
[15:23:32]: 9506
[15:23:32]: 9504
[15:23:33]: 9502
[15:23:33]: 9504
[15:23:33]: 9503
[15:23:33]: 9500
[15:23:34]: 9500
[15:23:34]: 9500
[15:23:34]: 9498
[15:23:35]: 9498
[15:23:35]: 9497
[15:23:35]: 9496
 Close valve LR3
[15:23:36]: W2 OH-
 Open valve LRW2
[15:23:37]: 9468
[15:23:37]: 8742
[15:23:37]: 8718
[15:23:38]: 8752
[15:23:38]: 8797
[15:23:38]: 8802
[15:23:39]: 8823
[15:23:39]: 8817
[15:23:39]: 8825
[15:23:39]: 8825
[15:23:40]: 8834
[15:23:40]: 8840
[15:23:40]: 8839
[15:23:41]: 8808
[15:23:41]: 8826
[15:23:41]: 8829
[15:23:42]: 8831
[15:23:42]: 8844
[15:23:42]: 8845
[15:23:43]: 8845
 Close valve LRW2
[15:23:44]: PLUS H+
 Open valve LR4
[15:23:44]: 9483
[15:23:44]: 9478
[15:23:45]: 9565
[15:23:45]: 9504
[15:23:45]: 9497

