 Close valve HP_IN
 Close valve HP_OUT
 Close valve L1_OUT
 Close valve L2_OUT
 Close valve L3_OUT
 Close valve L_HP
 Close valve LR1
 Close valve LR2
 Close valve LR3
 Close valve LR4
 Close valve LRW2
 Close valve LWASTE
 Close valve R1_4
 Close valve V21
 Close valve V24
 Close valve V4
 Close valve VH
 Close valve W1
 Close valve W2
 Close valve W3
 Open valve HP_IN
 Open valve W2
 Open valve R1_4
 Open valve V21
[11:15:01]: Forward liquid flow activated
[11:15:01]: AIR
 Open valve HP_OUT
 Open valve L_HP
 Open valve V24
 Close valve V24
 Close valve L_HP
 Close valve HP_OUT
[11:15:21]: W2 OH-
 Open valve LRW2
 Open valve V24
[11:15:22]: 12886
[11:15:22]: 12891
[11:15:22]: 12889
[11:15:23]: 12889
[11:15:23]: 12893
[11:15:23]: 12890
[11:15:24]: 9600
[11:15:24]: 9101
[11:15:24]: 8965
[11:15:25]: 8912
[11:15:25]: 8895
[11:15:25]: 8887
[11:15:26]: 8876
[11:15:26]: 8872
[11:15:26]: 8868
[11:15:26]: 8866
[11:15:27]: 8865
[11:15:27]: 8864
[11:15:27]: 8863
[11:15:28]: 8862
[11:15:28]: 8861
[11:15:28]: 8861
[11:15:29]: 8874
[11:15:29]: 8870
[11:15:29]: 8869
[11:15:30]: 8868
[11:15:30]: 8868
[11:15:30]: 8867
[11:15:30]: 8866
[11:15:31]: 8866
[11:15:31]: 8866
[11:15:31]: 8865
[11:15:32]: 8865
[11:15:32]: 8864
[11:15:32]: 8865
[11:15:33]: 8865
[11:15:33]: 8863
[11:15:33]: 8863
[11:15:34]: 8864
[11:15:34]: 8863
[11:15:34]: 8863
[11:15:34]: 8862
[11:15:35]: 8863
[11:15:35]: 8862
[11:15:35]: 8862
[11:15:36]: 8862
[11:15:36]: 8861
[11:15:36]: 8862
[11:15:37]: 8862
[11:15:37]: 8861
[11:15:37]: 8861
[11:15:38]: 8861
[11:15:38]: 8861
[11:15:38]: 8860
[11:15:38]: 8860
[11:15:39]: 8860
[11:15:39]: 8861
[11:15:39]: 8860
[11:15:40]: 8860
[11:15:40]: 8861
 Close valve V24
 Close valve LRW2
[11:15:40]: W2 OH-
 Open valve LRW2
 Open valve V24
[11:15:40]: 8860
[11:15:41]: 8860
[11:15:41]: 8860
[11:15:41]: 8859
[11:15:42]: 8859
[11:15:42]: 8860
[11:15:42]: 8859
[11:15:43]: 8859
[11:15:43]: 8859
[11:15:43]: 8860
[11:15:43]: 8859
[11:15:44]: 8859
[11:15:44]: 8859
[11:15:44]: 8859
[11:15:45]: 8859
[11:15:45]: 8859
[11:15:45]: 8859
[11:15:46]: 8859
[11:15:46]: 8858
[11:15:46]: 8859
[11:15:47]: 8858
[11:15:47]: 8858
[11:15:47]: 8858
[11:15:47]: 8859
[11:15:48]: 8858
[11:15:48]: 8859
[11:15:48]: 8858
[11:15:49]: 8858
[11:15:49]: 8859
[11:15:49]: 8858
[11:15:50]: 8858
[11:15:50]: 8858
[11:15:50]: 8859
[11:15:51]: 8859
[11:15:51]: 8858
[11:15:51]: 8858
[11:15:51]: 8858
[11:15:52]: 8858
[11:15:52]: 8858
[11:15:52]: 8858
[11:15:53]: 8859
[11:15:53]: 8857
[11:15:53]: 8859
[11:15:54]: 8859
[11:15:54]: 8857
[11:15:54]: 8859
[11:15:54]: 8857
[11:15:55]: 8857
[11:15:55]: 8858
[11:15:55]: 8858
[11:15:56]: 8858
[11:15:56]: 8858
[11:15:56]: 8858
[11:15:57]: 8858
[11:15:57]: 8857
[11:15:57]: 8857
[11:15:58]: 8859
[11:15:58]: 8858
[11:15:58]: 8857
[11:15:58]: 8857
 Close valve V24
 Close valve LRW2
[11:15:59]: W2 OH-
 Open valve LRW2
 Open valve V24
[11:15:59]: 8857
[11:15:59]: 8857
[11:16:00]: 8858
[11:16:00]: 8858
[11:16:00]: 8858
[11:16:01]: 8858
[11:16:01]: 8858
[11:16:01]: 8857
[11:16:01]: 8857
[11:16:02]: 8858
[11:16:02]: 8857
[11:16:02]: 8858
[11:16:03]: 8858
[11:16:03]: 8858
[11:16:03]: 8858
[11:16:04]: 8858
[11:16:04]: 8858
[11:16:04]: 8858
[11:16:05]: 8858
[11:16:05]: 8858
[11:16:05]: 8857
[11:16:06]: 8857
[11:16:06]: 8858
[11:16:06]: 8858
[11:16:06]: 8857
[11:16:07]: 8858
[11:16:07]: 8858
[11:16:07]: 8858
[11:16:08]: 8859
[11:16:08]: 8857
[11:16:08]: 8859
[11:16:09]: 8859
[11:16:09]: 8858
[11:16:09]: 8858
[11:16:10]: 8858
[11:16:10]: 8858
[11:16:10]: 8858
[11:16:10]: 8858
[11:16:11]: 8858
[11:16:11]: 8857
[11:16:11]: 8859
[11:16:12]: 8859
[11:16:12]: 8857
[11:16:12]: 8859
[11:16:13]: 8858
[11:16:13]: 8858
[11:16:13]: 8858
[11:16:14]: 8858
[11:16:14]: 8858
[11:16:14]: 8859
[11:16:14]: 8859
[11:16:15]: 8858
[11:16:15]: 8857
[11:16:15]: 8859
[11:16:16]: 8859
[11:16:16]: 8858
[11:16:16]: 8859
[11:16:17]: 8858
[11:16:17]: 8859
[11:16:17]: 8858
 Close valve V24
 Close valve LRW2
[11:16:17]: Loop start
[11:16:17]: W2 OH-
 Open valve LRW2
 Open valve V24
[11:16:18]: 8858
[11:16:18]: 8858
[11:16:18]: 8859
[11:16:19]: 8858
[11:16:19]: 8858
[11:16:19]: 8858
[11:16:20]: 8858
[11:16:20]: 8858
[11:16:20]: 8859
[11:16:21]: 8859
[11:16:21]: 8859
[11:16:21]: 8859
[11:16:21]: 8859
[11:16:22]: 8858
[11:16:22]: 8860
[11:16:22]: 8859
[11:16:23]: 8858
[11:16:23]: 8859
[11:16:23]: 8860
[11:16:24]: 8859
[11:16:24]: 8859
[11:16:24]: 8859
[11:16:25]: 8860
[11:16:25]: 8860
[11:16:25]: 8860
[11:16:26]: 8859
[11:16:26]: 8859
[11:16:26]: 8860
[11:16:26]: 8860
[11:16:27]: 8860
[11:16:27]: 8860
[11:16:27]: 8860
[11:16:28]: 8860
[11:16:28]: 8859
[11:16:28]: 8860
[11:16:29]: 8861
[11:16:29]: 8860
[11:16:29]: 8859
[11:16:30]: 8860
[11:16:30]: 8860
[11:16:30]: 8860
[11:16:30]: 8860
[11:16:31]: 8860
[11:16:31]: 8860
[11:16:31]: 8860
[11:16:32]: 8860
[11:16:32]: 8860
[11:16:32]: 8860
[11:16:33]: 8860
[11:16:33]: 8860
[11:16:33]: 8860
[11:16:34]: 8861
[11:16:34]: 8860
[11:16:34]: 8861
[11:16:34]: 8861
[11:16:35]: 8861
[11:16:35]: 8860
[11:16:35]: 8860
[11:16:36]: 8860
[11:16:36]: 8861
 Close valve V24
 Close valve LRW2
[11:16:36]: CIRCLE H+
 Open valve LR1
[11:16:37]: 8860
[11:16:37]: 8918
[11:16:37]: 9519
[11:16:37]: 9702
[11:16:38]: 9825
[11:16:38]: 9907
[11:16:38]: 9968
[11:16:39]: 10040
[11:16:39]: 10075
[11:16:39]: 10116
[11:16:40]: 10153
[11:16:40]: 10179
[11:16:40]: 10211
[11:16:41]: 10239
[11:16:41]: 10265
[11:16:41]: 10281
[11:16:41]: 10303
[11:16:42]: 10345
[11:16:42]: 10372
[11:16:42]: 10382
[11:16:43]: 10398
[11:16:43]: 10422
[11:16:43]: 10435
[11:16:44]: 10438
[11:16:44]: 10458
[11:16:44]: 10460
[11:16:45]: 10474
[11:16:45]: 10485
[11:16:45]: 10497
[11:16:45]: 10507
[11:16:46]: 10510
[11:16:46]: 10517
[11:16:46]: 10523
[11:16:47]: 10539
[11:16:47]: 10534
[11:16:47]: 10541
[11:16:48]: 10556
[11:16:48]: 10560
[11:16:48]: 10559
[11:16:49]: 10565
[11:16:49]: 10572
[11:16:49]: 10576
[11:16:49]: 10576
[11:16:50]: 10577
[11:16:50]: 10588
[11:16:50]: 10590
[11:16:51]: 10590
[11:16:51]: 10593
[11:16:51]: 8894
[11:16:52]: 8876
[11:16:52]: 8875
[11:16:52]: 8875
[11:16:53]: 8875
[11:16:53]: 8875
[11:16:53]: 8874
[11:16:53]: 8875
[11:16:54]: 8875
[11:16:54]: 8874
[11:16:54]: 8874
[11:16:55]: 8875
 Close valve LR1
[11:16:55]: W2 OH-
 Open valve LRW2
 Open valve V24
[11:16:55]: 8875
[11:16:55]: 8862
[11:16:56]: 8861
[11:16:56]: 8860
[11:16:56]: 8864
[11:16:57]: 8861
[11:16:57]: 8865
[11:16:57]: 8862
[11:16:58]: 8861
[11:16:58]: 8862
[11:16:58]: 8861
[11:16:58]: 8861
[11:16:59]: 8861
[11:16:59]: 8861
[11:16:59]: 8861
[11:17:00]: 8862
[11:17:00]: 8862
[11:17:00]: 8862
[11:17:01]: 8861
[11:17:01]: 8862
[11:17:01]: 8862
[11:17:02]: 8862
[11:17:02]: 8862
[11:17:02]: 8862
[11:17:02]: 8862
[11:17:03]: 8863
[11:17:03]: 8862
[11:17:03]: 8863
[11:17:04]: 8863
[11:17:04]: 8862
[11:17:04]: 8863
[11:17:05]: 8863
[11:17:05]: 8863
[11:17:05]: 8863
[11:17:06]: 8863
[11:17:06]: 8863
[11:17:06]: 8863
[11:17:06]: 8863
[11:17:07]: 8863
[11:17:07]: 8862
[11:17:07]: 8864
[11:17:08]: 8864
[11:17:08]: 8863
[11:17:08]: 8863
[11:17:09]: 8863
[11:17:09]: 8863
[11:17:09]: 8863
[11:17:10]: 8863
[11:17:10]: 8863
[11:17:10]: 8863
[11:17:11]: 8864
[11:17:11]: 8864
[11:17:11]: 8864
[11:17:11]: 8864
[11:17:12]: 8864
[11:17:12]: 8864
[11:17:12]: 8864
[11:17:13]: 8863
[11:17:13]: 8863
[11:17:13]: 8864
 Close valve V24
 Close valve LRW2
[11:17:13]: CROSS H+
 Open valve LR2
[11:17:14]: 9116
[11:17:14]: 9819
[11:17:15]: 9901
[11:17:15]: 9968
[11:17:15]: 10044
[11:17:15]: 10090
[11:17:16]: 10131
[11:17:16]: 10168
[11:17:16]: 10194
[11:17:17]: 10225
[11:17:17]: 10255
[11:17:17]: 10281
[11:17:18]: 10297
[11:17:18]: 10320
[11:17:18]: 10348
[11:17:19]: 10367
[11:17:19]: 10377
[11:17:19]: 10394
[11:17:19]: 10414
[11:17:20]: 10428
[11:17:20]: 10434
[11:17:20]: 10452
[11:17:21]: 10458
[11:17:21]: 10475
[11:17:21]: 10480
[11:17:22]: 10491
[11:17:22]: 10506
[11:17:22]: 10507
[11:17:23]: 10515
[11:17:23]: 10490
[11:17:23]: 10474
[11:17:24]: 10463
[11:17:24]: 10464
[11:17:24]: 10446
[11:17:24]: 10447
[11:17:25]: 10389
[11:17:25]: 10289
[11:17:25]: 10189
[11:17:26]: 9981
[11:17:26]: 9829
[11:17:26]: 9774
[11:17:27]: 9769
[11:17:27]: 9771
[11:17:27]: 9774
[11:17:28]: 10101
[11:17:28]: 10076
[11:17:28]: 10079
[11:17:28]: 10137
[11:17:29]: 8891
[11:17:29]: 8886
[11:17:29]: 8884
[11:17:30]: 9759
[11:17:30]: 9913
[11:17:30]: 10035
[11:17:31]: 10088
[11:17:31]: 10192
[11:17:31]: 10248
[11:17:32]: 10190
[11:17:32]: 10258
[11:17:32]: 10310
 Close valve LR2
[11:17:32]: W2 OH-
 Open valve LRW2
 Open valve V24
[11:17:33]: 8878
[11:17:33]: 8873
[11:17:33]: 8870
[11:17:34]: 8869
[11:17:34]: 8864
[11:17:34]: 8863
[11:17:34]: 8865
[11:17:35]: 8864
[11:17:35]: 8866
[11:17:35]: 8862
[11:17:36]: 8865
[11:17:36]: 8863
[11:17:36]: 8861
[11:17:37]: 8870
[11:17:37]: 8867
[11:17:37]: 8868
[11:17:38]: 8864
[11:17:38]: 8863
[11:17:38]: 8865
[11:17:38]: 8865
[11:17:39]: 8865
[11:17:39]: 8864
[11:17:39]: 8864
[11:17:40]: 8864
[11:17:40]: 8864
[11:17:40]: 8863
[11:17:41]: 8865
[11:17:41]: 8865
[11:17:41]: 8866
[11:17:42]: 8864
[11:17:42]: 8865
[11:17:42]: 8864
[11:17:42]: 8864
[11:17:43]: 8864
[11:17:43]: 8864
[11:17:43]: 8869
[11:17:44]: 8864
[11:17:44]: 8865
[11:17:44]: 8864
[11:17:45]: 8865
[11:17:45]: 8865
[11:17:45]: 8865
[11:17:46]: 8864
[11:17:46]: 8865
[11:17:46]: 8865
[11:17:47]: 8865
[11:17:47]: 8865
[11:17:47]: 8865
[11:17:47]: 8865
[11:17:48]: 8864
[11:17:48]: 8866
[11:17:48]: 8866
[11:17:49]: 8865
[11:17:49]: 8866
[11:17:49]: 8865
[11:17:50]: 8865
[11:17:50]: 8865
[11:17:50]: 8865
[11:17:50]: 8866
[11:17:51]: 8866
 Close valve V24
 Close valve LRW2
[11:17:51]: SQUARE H+
 Open valve LR3
[11:17:51]: 8879
[11:17:52]: 9535
[11:17:52]: 9754
[11:17:52]: 9885
[11:17:52]: 9973
[11:17:53]: 10028
[11:17:53]: 10080
[11:17:53]: 10117
[11:17:54]: 10156
[11:17:54]: 10193
[11:17:54]: 10217
[11:17:55]: 10252
[11:17:55]: 10278
[11:17:55]: 10293
[11:17:56]: 10315
[11:17:56]: 10335
[11:17:56]: 10353
[11:17:57]: 10371
[11:17:57]: 10392
[11:17:57]: 10407
[11:17:57]: 10414
[11:17:58]: 10428
[11:17:58]: 10441
[11:17:58]: 10458
[11:17:59]: 10440
[11:17:59]: 10463
[11:17:59]: 10469
[11:18:00]: 10478
[11:18:00]: 10492
[11:18:00]: 10502
[11:18:01]: 10500
[11:18:01]: 10508
[11:18:01]: 10515
[11:18:01]: 10530
[11:18:02]: 10534
[11:18:02]: 10535
[11:18:02]: 10545
[11:18:03]: 10545
[11:18:03]: 10549
[11:18:03]: 10562
[11:18:04]: 10557
[11:18:04]: 10561
[11:18:04]: 10577
[11:18:05]: 10581
[11:18:05]: 10582
[11:18:05]: 10580
[11:18:06]: 10588
[11:18:06]: 8885
[11:18:06]: 8884
[11:18:06]: 8884
[11:18:07]: 8883
[11:18:07]: 8884
[11:18:07]: 8884
[11:18:08]: 8883
[11:18:08]: 8883
[11:18:08]: 8884
[11:18:09]: 8884
[11:18:09]: 8884
[11:18:09]: 8884
[11:18:10]: 8885
 Close valve LR3
[11:18:10]: W2 OH-
 Open valve LRW2
 Open valve V24
[11:18:10]: 8886
[11:18:10]: 8872
[11:18:11]: 8871
[11:18:11]: 8875
[11:18:11]: 8874
[11:18:11]: 8870
[11:18:12]: 8870
[11:18:12]: 8873
[11:18:12]: 8869
[11:18:13]: 8873
[11:18:13]: 8870
[11:18:13]: 8870
[11:18:14]: 8870
[11:18:14]: 8870
[11:18:14]: 8871
[11:18:15]: 8871
[11:18:15]: 8870
[11:18:15]: 8871
[11:18:15]: 8870
[11:18:16]: 8872
[11:18:16]: 8870
[11:18:16]: 8872
[11:18:17]: 8869
[11:18:17]: 8871
[11:18:17]: 8871
[11:18:18]: 8872
[11:18:18]: 8871
[11:18:18]: 8874
[11:18:19]: 8870
[11:18:19]: 8871
[11:18:19]: 8872
[11:18:19]: 8874
[11:18:20]: 8871
[11:18:20]: 8872
[11:18:20]: 8872
[11:18:21]: 8872
[11:18:21]: 8872
[11:18:21]: 8872
[11:18:22]: 8872
[11:18:22]: 8873
[11:18:22]: 8872
[11:18:22]: 8872
[11:18:23]: 8871
[11:18:23]: 8873
[11:18:23]: 8871
[11:18:24]: 8871
[11:18:24]: 8873
[11:18:24]: 8871
[11:18:25]: 8872
[11:18:25]: 8872
[11:18:25]: 8872
[11:18:26]: 8872
[11:18:26]: 8872
[11:18:26]: 8872
[11:18:26]: 8872
[11:18:27]: 8872
[11:18:27]: 8871
[11:18:27]: 8873
[11:18:28]: 8873
[11:18:28]: 8873
 Close valve V24
 Close valve LRW2
[11:18:28]: PLUS H+
 Open valve LR4
[11:18:28]: 8872
[11:18:29]: 9199
[11:18:29]: 9609
[11:18:29]: 8956
[11:18:30]: 9337
[11:18:30]: 9164
[11:18:30]: 9627
[11:18:31]: 9809
[11:18:31]: 9254
[11:18:31]: 9312
[11:18:32]: 9696
[11:18:32]: 9844
[11:18:32]: 9925
[11:18:32]: 9994
[11:18:33]: 10048
[11:18:33]: 10095
[11:18:33]: 10140
[11:18:34]: 10170
[11:18:34]: 10200
[11:18:34]: 10222
[11:18:35]: 10254
[11:18:35]: 10276
[11:18:35]: 10290
[11:18:36]: 10310
[11:18:36]: 10328
[11:18:36]: 10346
[11:18:37]: 10362
[11:18:37]: 10377
[11:18:37]: 10392
[11:18:38]: 10410
[11:18:38]: 10424
[11:18:38]: 10436
[11:18:38]: 10446
[11:18:39]: 10460
[11:18:39]: 10463
[11:18:39]: 10473
[11:18:40]: 10489
[11:18:40]: 10491
[11:18:40]: 10506
[11:18:41]: 10515
[11:18:41]: 9739
[11:18:41]: 10025
[11:18:42]: 9154
[11:18:42]: 8887
[11:18:42]: 8883
[11:18:42]: 8888
[11:18:43]: 8887
[11:18:43]: 8887
[11:18:43]: 8887
[11:18:44]: 8887
[11:18:44]: 8888
[11:18:44]: 8888
[11:18:45]: 8888
[11:18:45]: 8888
[11:18:45]: 8888
[11:18:46]: 8888
[11:18:46]: 8889
[11:18:46]: 8889
[11:18:46]: 8889
[11:18:47]: 8889
 Close valve LR4
[11:18:47]: W2 OH-
 Open valve LRW2
 Open valve V24
[11:18:47]: 8890
[11:18:48]: 8887
[11:18:48]: 8879
[11:18:48]: 8878
[11:18:49]: 8879
[11:18:49]: 8880
[11:18:49]: 8879
[11:18:50]: 8878
[11:18:50]: 8878
[11:18:50]: 8878
[11:18:50]: 8878
[11:18:51]: 8878
[11:18:51]: 8878
[11:18:51]: 8878
[11:18:52]: 8879
[11:18:52]: 8878
[11:18:52]: 8879
[11:18:53]: 8879
[11:18:53]: 8879
[11:18:53]: 8879
[11:18:54]: 8879
[11:18:54]: 8879
[11:18:54]: 8879
[11:18:54]: 8880
[11:18:55]: 8880
[11:18:55]: 8879
[11:18:55]: 8879
[11:18:56]: 8879
[11:18:56]: 8879
[11:18:56]: 8880
[11:18:57]: 8879
[11:18:57]: 8879
[11:18:57]: 8880
[11:18:58]: 8880
[11:18:58]: 8880
[11:18:58]: 8879
[11:18:59]: 8880
[11:18:59]: 8880
[11:18:59]: 8880
[11:18:59]: 8880
[11:19:00]: 8880
[11:19:00]: 8880
[11:19:00]: 8880
[11:19:01]: 8881
[11:19:01]: 8880
[11:19:01]: 8881
[11:19:02]: 8881
[11:19:02]: 8881
[11:19:02]: 8882
[11:19:02]: 8881
[11:19:03]: 8881
[11:19:03]: 8881
[11:19:03]: 8882
[11:19:04]: 8882
[11:19:04]: 8882
[11:19:04]: 8883
[11:19:05]: 8883
[11:19:05]: 8884
[11:19:05]: 8884
[11:19:06]: 8884
 Close valve V24
 Close valve LRW2
[11:19:06]: CIRCLE H+
 Open valve LR1
[11:19:06]: 8885
[11:19:06]: 8890
[11:19:07]: 8897
[11:19:07]: 8899
[11:19:07]: 8900
[11:19:08]: 8900
[11:19:08]: 8901
[11:19:08]: 8901
[11:19:09]: 8901
[11:19:09]: 8901
[11:19:09]: 8901
[11:19:10]: 8902
[11:19:10]: 8901
[11:19:10]: 8902
[11:19:10]: 8902
[11:19:11]: 8903
[11:19:11]: 8903
[11:19:11]: 8902
[11:19:12]: 8903
[11:19:12]: 8903
[11:19:12]: 8903
[11:19:13]: 8904
[11:19:13]: 8904
[11:19:13]: 8904
[11:19:13]: 8904
[11:19:14]: 8905
[11:19:14]: 8904
[11:19:14]: 8905
[11:19:15]: 8906
[11:19:15]: 8905
[11:19:15]: 8905
[11:19:16]: 8906
[11:19:16]: 8907
[11:19:16]: 8906
[11:19:17]: 8906
[11:19:17]: 8907
[11:19:17]: 8908
[11:19:17]: 8907
[11:19:18]: 8908
[11:19:18]: 8908
[11:19:18]: 8908
[11:19:19]: 8909
[11:19:19]: 8908
[11:19:19]: 8909
[11:19:20]: 8910
[11:19:20]: 8910
[11:19:20]: 8909
[11:19:21]: 8910
[11:19:21]: 8911
[11:19:21]: 8911
[11:19:21]: 8911
[11:19:22]: 8911
[11:19:22]: 8912
[11:19:22]: 8911
[11:19:23]: 8912
[11:19:23]: 8912
[11:19:23]: 8913
[11:19:24]: 8912
[11:19:24]: 8913
[11:19:24]: 8913
 Close valve LR1
[11:19:24]: W2 OH-
 Open valve LRW2
 Open valve V24
[11:19:25]: 8914
[11:19:25]: 8912
[11:19:25]: 8909
[11:19:26]: 8905
[11:19:26]: 8906
[11:19:26]: 8903
[11:19:27]: 8902
[11:19:27]: 8902
[11:19:27]: 8900
[11:19:28]: 8900
[11:19:28]: 8900
[11:19:28]: 8900
[11:19:29]: 8900
[11:19:29]: 8900
[11:19:29]: 8900
[11:19:30]: 8900
[11:19:30]: 8900
[11:19:30]: 8900
[11:19:30]: 8900
[11:19:31]: 8900
[11:19:31]: 8900
[11:19:31]: 8900
[11:19:32]: 8899
[11:19:32]: 8901
[11:19:32]: 8900
[11:19:33]: 8901
[11:19:33]: 8900
[11:19:33]: 8900
[11:19:34]: 8900
[11:19:34]: 8900
[11:19:34]: 8900
[11:19:35]: 8900
[11:19:35]: 8900
[11:19:35]: 8900
[11:19:35]: 8901
[11:19:36]: 8901
[11:19:36]: 8900
[11:19:36]: 8901
[11:19:37]: 8901
[11:19:37]: 8900
[11:19:37]: 8900
[11:19:38]: 8900
[11:19:38]: 8901
[11:19:38]: 8901
[11:19:39]: 8900
[11:19:39]: 8900
[11:19:39]: 8901
[11:19:39]: 8901
[11:19:40]: 8900
[11:19:40]: 8901
[11:19:40]: 8901
[11:19:41]: 8901
[11:19:41]: 8901
[11:19:41]: 8901
[11:19:42]: 8901
[11:19:42]: 8900
[11:19:42]: 8902
[11:19:43]: 8901
[11:19:43]: 8902
[11:19:43]: 8901
 Close valve V24
 Close valve LRW2
[11:19:43]: CROSS H+
 Open valve LR2
[11:19:44]: 8901
[11:19:44]: 8900
[11:19:44]: 8902
[11:19:45]: 8905
[11:19:45]: 8908
[11:19:45]: 8910
[11:19:46]: 8912
[11:19:46]: 8913
[11:19:46]: 8913
[11:19:46]: 8914
[11:19:47]: 8915
[11:19:47]: 8914
[11:19:47]: 8915
[11:19:48]: 8915
[11:19:48]: 8915
[11:19:48]: 8916
[11:19:49]: 8915
[11:19:49]: 8915
[11:19:49]: 8916
[11:19:49]: 8916
[11:19:50]: 8916
[11:19:50]: 8916
[11:19:50]: 8916
[11:19:51]: 8916
[11:19:51]: 8916
[11:19:51]: 8917
[11:19:52]: 8917
[11:19:52]: 8917
[11:19:52]: 8917
[11:19:53]: 8917
[11:19:53]: 8918
[11:19:53]: 8917
[11:19:53]: 8918
[11:19:54]: 8918
[11:19:54]: 8918
[11:19:54]: 8918
[11:19:55]: 8918
[11:19:55]: 8918
[11:19:55]: 8919
[11:19:56]: 8918
[11:19:56]: 8919
[11:19:56]: 8919
[11:19:57]: 8920
[11:19:57]: 8919
[11:19:57]: 8920
[11:19:58]: 8919
[11:19:58]: 8920
[11:19:58]: 8920
[11:19:59]: 8920
[11:19:59]: 8921
[11:19:59]: 8920
[11:19:59]: 8920
[11:20:00]: 8921
[11:20:00]: 8921
[11:20:00]: 8921
[11:20:01]: 8921
[11:20:01]: 8922
[11:20:01]: 8922
[11:20:02]: 8922
[11:20:02]: 8922
 Close valve LR2
[11:20:02]: W2 OH-
 Open valve LRW2
 Open valve V24
[11:20:02]: 8922
[11:20:03]: 8921
[11:20:03]: 8920
[11:20:03]: 8917
[11:20:04]: 8918
[11:20:04]: 8915
[11:20:04]: 8914
[11:20:05]: 8913
[11:20:05]: 8912
[11:20:05]: 8911
[11:20:05]: 8911
[11:20:06]: 8910
[11:20:06]: 8911
[11:20:06]: 8910
[11:20:07]: 8910
[11:20:07]: 8911
[11:20:07]: 8911
[11:20:08]: 8911
[11:20:08]: 8910
[11:20:08]: 8911
[11:20:09]: 8911
[11:20:09]: 8911
[11:20:09]: 8910
[11:20:09]: 8910
[11:20:10]: 8911
[11:20:10]: 8910
[11:20:10]: 8911
[11:20:11]: 8911
[11:20:11]: 8910
[11:20:11]: 8911
[11:20:12]: 8911
[11:20:12]: 8911
[11:20:12]: 8911
[11:20:12]: 8911
[11:20:13]: 8911
[11:20:13]: 8911
[11:20:13]: 8911
[11:20:14]: 8912
[11:20:14]: 8911
[11:20:14]: 8912
[11:20:15]: 8911
[11:20:15]: 8911
[11:20:15]: 8911
[11:20:16]: 8911
[11:20:16]: 8911
[11:20:16]: 8911
[11:20:16]: 8912
[11:20:17]: 8912
[11:20:17]: 8911
[11:20:17]: 8911
[11:20:18]: 8911
[11:20:18]: 8912
[11:20:18]: 8912
[11:20:19]: 8911
[11:20:19]: 8911
[11:20:19]: 8912
[11:20:20]: 8911
[11:20:20]: 8911
[11:20:20]: 8912
[11:20:20]: 8912
 Close valve V24
 Close valve LRW2
[11:20:21]: SQUARE H+
 Open valve LR3
[11:20:21]: 8912
[11:20:21]: 8917
[11:20:22]: 8922
[11:20:22]: 8925
[11:20:22]: 8927
[11:20:22]: 8928
[11:20:23]: 8927
[11:20:23]: 8928
[11:20:23]: 8929
[11:20:24]: 8929
[11:20:24]: 8928
[11:20:24]: 8929
[11:20:25]: 8929
[11:20:25]: 8928
[11:20:25]: 8929
[11:20:26]: 8929
[11:20:26]: 8929
[11:20:26]: 8929
[11:20:26]: 8929
[11:20:27]: 8929
[11:20:27]: 8930
[11:20:27]: 8930
[11:20:28]: 8930
[11:20:28]: 8930
[11:20:28]: 8930
[11:20:29]: 8931
[11:20:29]: 8931
[11:20:29]: 8930
[11:20:30]: 8931
[11:20:30]: 8931
[11:20:30]: 8931
[11:20:31]: 8931
[11:20:31]: 8931
[11:20:31]: 8931
[11:20:32]: 8932
[11:20:32]: 8932
[11:20:32]: 8933
[11:20:32]: 8932
[11:20:33]: 8932
[11:20:33]: 8932
[11:20:33]: 8933
[11:20:34]: 8933
[11:20:34]: 8933
[11:20:34]: 8934
[11:20:35]: 8934
[11:20:35]: 8934
[11:20:35]: 8933
[11:20:36]: 8934
[11:20:36]: 8934
[11:20:36]: 8934
[11:20:36]: 8934
[11:20:37]: 8934
[11:20:37]: 8934
[11:20:37]: 8935
[11:20:38]: 8935
[11:20:38]: 8935
[11:20:38]: 8936
[11:20:39]: 8936
[11:20:39]: 8936
[11:20:39]: 8936
 Close valve LR3
[11:20:39]: W2 OH-
 Open valve LRW2
 Open valve V24
[11:20:40]: 8937
[11:20:40]: 8934
[11:20:40]: 8933
[11:20:41]: 8930
[11:20:41]: 8928
[11:20:41]: 8926
[11:20:42]: 8925
[11:20:42]: 8925
[11:20:42]: 8925
[11:20:43]: 8924
[11:20:43]: 8923
[11:20:43]: 8923
[11:20:44]: 8922
[11:20:44]: 8923
[11:20:44]: 8922
[11:20:44]: 8922
[11:20:45]: 8923
[11:20:45]: 8923
[11:20:45]: 8923
[11:20:46]: 8923
[11:20:46]: 8923
[11:20:46]: 8923
[11:20:47]: 8923
[11:20:47]: 8923
[11:20:47]: 8923
[11:20:47]: 8924
[11:20:48]: 8923
[11:20:48]: 8924
[11:20:48]: 8924
[11:20:49]: 8923
[11:20:49]: 8924
[11:20:49]: 8923
[11:20:50]: 8923
[11:20:50]: 8924
[11:20:50]: 8927
[11:20:50]: 8926
[11:20:51]: 8925
[11:20:51]: 8926
[11:20:51]: 8925
[11:20:52]: 8924
[11:20:52]: 8926
[11:20:52]: 8924
[11:20:53]: 8926
[11:20:53]: 8925
[11:20:53]: 8925
[11:20:54]: 8925
[11:20:54]: 8925
[11:20:54]: 8925
[11:20:54]: 8925
[11:20:55]: 8925
[11:20:55]: 8926
[11:20:55]: 8926
[11:20:56]: 8926
[11:20:56]: 8926
[11:20:56]: 8925
[11:20:57]: 8925
[11:20:57]: 8925
[11:20:57]: 8926
[11:20:58]: 8926
[11:20:58]: 8926
 Close valve V24
 Close valve LRW2
[11:20:58]: PLUS H+
 Open valve LR4
[11:20:58]: 8926
[11:20:59]: 8926
[11:20:59]: 8928
[11:20:59]: 8932
[11:21:00]: 8935
[11:21:00]: 8935
[11:21:00]: 8937
[11:21:00]: 8936
[11:21:01]: 8937
[11:21:01]: 8937
[11:21:01]: 8938
[11:21:02]: 8938
[11:21:02]: 8937
[11:21:02]: 8938
[11:21:03]: 8938
[11:21:03]: 8937
[11:21:03]: 8938
[11:21:03]: 8938
[11:21:04]: 8938
[11:21:04]: 8939
[11:21:04]: 8939
[11:21:05]: 8939
[11:21:05]: 8939
[11:21:05]: 8939
[11:21:06]: 8939
[11:21:06]: 8939
[11:21:06]: 8939
[11:21:07]: 8939
[11:21:07]: 8939
[11:21:07]: 8940
[11:21:07]: 8940
[11:21:08]: 8940
[11:21:08]: 8940
[11:21:08]: 8940
[11:21:09]: 8940
[11:21:09]: 8941
[11:21:09]: 8941
[11:21:10]: 8941
[11:21:10]: 8941
[11:21:10]: 8941
[11:21:11]: 8941
[11:21:11]: 8942
[11:21:11]: 8941
[11:21:11]: 8942
[11:21:12]: 8942
[11:21:12]: 8942
[11:21:12]: 8942
[11:21:13]: 8942
[11:21:13]: 8942
[11:21:13]: 8942
[11:21:13]: 8942
[11:21:14]: 8943
[11:21:14]: 8942
[11:21:14]: 8943
[11:21:15]: 8943
[11:21:15]: 8943
[11:21:15]: 8944
[11:21:16]: 8943
[11:21:16]: 8944
[11:21:16]: 8943
 Close valve LR4
[11:21:16]: W2 OH-
 Open valve LRW2
 Open valve V24
[11:21:17]: 8945
[11:21:17]: 8944
[11:21:17]: 8942
[11:21:17]: 8941
[11:21:18]: 8939
[11:21:18]: 8938
[11:21:18]: 8937
[11:21:19]: 8936
[11:21:19]: 8936
[11:21:19]: 8935
[11:21:20]: 8936
[11:21:20]: 8935
[11:21:20]: 8934
[11:21:21]: 8935
[11:21:21]: 8935
[11:21:21]: 8934
[11:21:21]: 8935
[11:21:22]: 8934
[11:21:22]: 8935
[11:21:22]: 8935
[11:21:23]: 8935
[11:21:23]: 8935
[11:21:23]: 8935
[11:21:24]: 8934
[11:21:24]: 8935
[11:21:24]: 8935
[11:21:24]: 8936
[11:21:25]: 8935
[11:21:25]: 8935
[11:21:25]: 8935
[11:21:26]: 8935
[11:21:26]: 8935
[11:21:26]: 8935
[11:21:27]: 8934
[11:21:27]: 8936
[11:21:27]: 8936
[11:21:28]: 8935
[11:21:28]: 8935
[11:21:28]: 8935
[11:21:28]: 8935
[11:21:29]: 8935
[11:21:29]: 8936
[11:21:29]: 8935
[11:21:30]: 8936
[11:21:30]: 8936
[11:21:30]: 8935
[11:21:31]: 8935
[11:21:31]: 8935
[11:21:31]: 8935
[11:21:31]: 8935
[11:21:32]: 8935
[11:21:32]: 8935
[11:21:32]: 8935
[11:21:33]: 8935
[11:21:33]: 8936
[11:21:33]: 8936
[11:21:34]: 8935
[11:21:34]: 8935
[11:21:34]: 8936
[11:21:35]: 8935
 Close valve V24
 Close valve LRW2
[11:21:35]: CIRCLE H+
 Open valve LR1
[11:21:35]: 8936
[11:21:35]: 8936
[11:21:36]: 8938
[11:21:36]: 8940
[11:21:36]: 8941
[11:21:36]: 8941
[11:21:37]: 8942
[11:21:37]: 8942
[11:21:37]: 8943
[11:21:38]: 8943
[11:21:38]: 8943
[11:21:38]: 8943
[11:21:39]: 8943
[11:21:39]: 8943
[11:21:39]: 8943
[11:21:39]: 8944
[11:21:40]: 8944
[11:21:40]: 8943
[11:21:40]: 8943
[11:21:41]: 8943
[11:21:41]: 8944
[11:21:41]: 8944
[11:21:42]: 8944
[11:21:42]: 8944
[11:21:42]: 8944
[11:21:42]: 8944
[11:21:43]: 8944
[11:21:43]: 8944
[11:21:43]: 8945
[11:21:44]: 8944
[11:21:44]: 8944
[11:21:44]: 8945
[11:21:45]: 8944
[11:21:45]: 8945
[11:21:45]: 8945
[11:21:45]: 8945
[11:21:46]: 8945
[11:21:46]: 8945
[11:21:46]: 8946
[11:21:47]: 8945
[11:21:47]: 8945
[11:21:47]: 8946
[11:21:48]: 8946
[11:21:48]: 8945
[11:21:48]: 8946
[11:21:48]: 8946
[11:21:49]: 8946
[11:21:49]: 8946
[11:21:49]: 8947
[11:21:50]: 8946
[11:21:50]: 8946
[11:21:50]: 8947
[11:21:51]: 8947
[11:21:51]: 8947
[11:21:51]: 8947
[11:21:52]: 8947
[11:21:52]: 8947
[11:21:52]: 8947
[11:21:52]: 8948
[11:21:53]: 8948
 Close valve LR1
[11:21:53]: W2 OH-
 Open valve LRW2
 Open valve V24
[11:21:53]: 8951
[11:21:54]: 8951
[11:21:54]: 8949
[11:21:54]: 8947
[11:21:55]: 8946
[11:21:55]: 8944
[11:21:55]: 8943
[11:21:56]: 8943
[11:21:56]: 8942
[11:21:56]: 8941
[11:21:57]: 8942
[11:21:57]: 8944
[11:21:57]: 8942
[11:21:57]: 8942
[11:21:58]: 8941
[11:21:58]: 8942
[11:21:58]: 8941
[11:21:59]: 8941
[11:21:59]: 8941
[11:21:59]: 8942
[11:22:00]: 8941
[11:22:00]: 8941
[11:22:00]: 8942
[11:22:00]: 8942
[11:22:01]: 8942
[11:22:01]: 8942
[11:22:01]: 8942
[11:22:02]: 8942
[11:22:02]: 8941
[11:22:02]: 8943
[11:22:03]: 8942
[11:22:03]: 8942
[11:22:03]: 8942
[11:22:04]: 8942
[11:22:04]: 8942
[11:22:04]: 8942
[11:22:04]: 8942
[11:22:05]: 8942
[11:22:05]: 8943
[11:22:05]: 8941
[11:22:06]: 8941
[11:22:06]: 8943
[11:22:06]: 8942
[11:22:07]: 8943
[11:22:07]: 8942
[11:22:07]: 8942
[11:22:07]: 8942
[11:22:08]: 8942
[11:22:08]: 8942
[11:22:08]: 8943
[11:22:09]: 8942
[11:22:09]: 8942
[11:22:09]: 8943
[11:22:10]: 8942
[11:22:10]: 8942
[11:22:10]: 8943
[11:22:11]: 8943
[11:22:11]: 8943
[11:22:11]: 8943
[11:22:11]: 8943
 Close valve V24
 Close valve LRW2
[11:22:12]: CROSS H+
 Open valve LR2
[11:22:12]: 8943
[11:22:12]: 8943
[11:22:12]: 8948
[11:22:13]: 8952
[11:22:13]: 8953
[11:22:13]: 8954
[11:22:14]: 8954
[11:22:14]: 8955
[11:22:14]: 8956
[11:22:15]: 8956
[11:22:15]: 8955
[11:22:15]: 8955
[11:22:16]: 8955
[11:22:16]: 8956
[11:22:16]: 8956
[11:22:16]: 8956
[11:22:17]: 8956
[11:22:17]: 8956
[11:22:17]: 8957
[11:22:18]: 8957
[11:22:18]: 8956
[11:22:18]: 8957
[11:22:19]: 8957
[11:22:19]: 8957
[11:22:19]: 8957
[11:22:19]: 8957
[11:22:20]: 8957
[11:22:20]: 8958
[11:22:20]: 8957
[11:22:21]: 8957
[11:22:21]: 8958
[11:22:21]: 8958
[11:22:22]: 8958
[11:22:22]: 8959
[11:22:22]: 8958
[11:22:22]: 8959
[11:22:23]: 8959
[11:22:23]: 8959
[11:22:23]: 8959
[11:22:24]: 8959
[11:22:24]: 8959
[11:22:24]: 8959
[11:22:25]: 8960
[11:22:25]: 8960
[11:22:25]: 8959
[11:22:25]: 8960
[11:22:26]: 8960
[11:22:26]: 8960
[11:22:26]: 8961
[11:22:27]: 8960
[11:22:27]: 8961
[11:22:27]: 8960
[11:22:28]: 8961
[11:22:28]: 8961
[11:22:28]: 8961
[11:22:29]: 8961
[11:22:29]: 8961
[11:22:29]: 8962
[11:22:29]: 8961
[11:22:30]: 8962
 Close valve LR2
[11:22:30]: W2 OH-
 Open valve LRW2
 Open valve V24
[11:22:30]: 8963
[11:22:30]: 8963
[11:22:31]: 8960
[11:22:31]: 8959
[11:22:31]: 8957
[11:22:32]: 8956
[11:22:32]: 8954
[11:22:32]: 8954
[11:22:33]: 8953
[11:22:33]: 8953
[11:22:33]: 8953
[11:22:33]: 8952
[11:22:34]: 8951
[11:22:34]: 8952
[11:22:34]: 8951
[11:22:35]: 8951
[11:22:35]: 8952
[11:22:35]: 8952
[11:22:36]: 8951
[11:22:36]: 8952
[11:22:36]: 8951
[11:22:37]: 8951
[11:22:37]: 8952
[11:22:37]: 8952
[11:22:37]: 8951
[11:22:38]: 8952
[11:22:38]: 8951
[11:22:38]: 8951
[11:22:39]: 8951
[11:22:39]: 8952
[11:22:39]: 8952
[11:22:40]: 8952
[11:22:40]: 8952
[11:22:40]: 8952
[11:22:40]: 8952
[11:22:41]: 8952
[11:22:41]: 8951
[11:22:41]: 8952
[11:22:42]: 8951
[11:22:42]: 8951
[11:22:42]: 8952
[11:22:43]: 8952
[11:22:43]: 8952
[11:22:43]: 8952
[11:22:44]: 8952
[11:22:44]: 8952
[11:22:44]: 8952
[11:22:44]: 8953
[11:22:45]: 8951
[11:22:45]: 8951
[11:22:45]: 8953
[11:22:46]: 8952
[11:22:46]: 8952
[11:22:46]: 8952
[11:22:47]: 8952
[11:22:47]: 8952
[11:22:47]: 8952
[11:22:47]: 8952
[11:22:48]: 8952
[11:22:48]: 8952
 Close valve V24
 Close valve LRW2
[11:22:48]: SQUARE H+
 Open valve LR3
[11:22:48]: 8952
[11:22:49]: 8951
[11:22:49]: 8951
[11:22:49]: 8951
[11:22:50]: 8952
[11:22:50]: 8952
[11:22:50]: 8953
[11:22:51]: 8954
[11:22:51]: 8954
[11:22:51]: 8954
[11:22:52]: 8954
[11:22:52]: 8954
[11:22:52]: 8954
[11:22:52]: 8954
[11:22:53]: 8954
[11:22:53]: 8954
[11:22:53]: 8955
[11:22:54]: 8954
[11:22:54]: 8955
[11:22:54]: 8955
[11:22:55]: 8954
[11:22:55]: 8954
[11:22:55]: 8954
[11:22:56]: 8955
[11:22:56]: 8955
[11:22:56]: 8954
[11:22:56]: 8955
[11:22:57]: 8955
[11:22:57]: 8955
[11:22:57]: 8955
[11:22:58]: 8955
[11:22:58]: 8955
[11:22:58]: 8955
[11:22:59]: 8955
[11:22:59]: 8955
[11:22:59]: 8956
[11:23:00]: 8955
[11:23:00]: 8955
[11:23:00]: 8955
[11:23:00]: 8955
[11:23:01]: 8956
[11:23:01]: 8955
[11:23:01]: 8955
[11:23:02]: 8956
[11:23:02]: 8956
[11:23:02]: 8956
[11:23:03]: 8956
[11:23:03]: 8956
[11:23:03]: 8956
[11:23:03]: 8956
[11:23:04]: 8956
[11:23:04]: 8956
[11:23:04]: 8956
[11:23:05]: 8957
[11:23:05]: 8956
[11:23:05]: 8957
[11:23:06]: 8956
[11:23:06]: 8957
[11:23:06]: 8956
[11:23:07]: 8956
 Close valve LR3
[11:23:07]: W2 OH-
 Open valve LRW2
 Open valve V24
[11:23:07]: 8956
[11:23:07]: 8966
[11:23:08]: 8965
[11:23:08]: 8962
[11:23:08]: 8961
[11:23:09]: 8959
[11:23:09]: 8959
[11:23:09]: 8958
[11:23:10]: 8958
[11:23:10]: 8957
[11:23:10]: 8957
[11:23:10]: 8957
[11:23:11]: 8956
[11:23:11]: 8956
[11:23:11]: 8956
[11:23:12]: 8956
[11:23:12]: 8956
[11:23:12]: 8955
[11:23:13]: 8956
[11:23:13]: 8955
[11:23:13]: 8956
[11:23:14]: 8956
[11:23:14]: 8956
[11:23:14]: 8956
[11:23:14]: 8956
[11:23:15]: 8956
[11:23:15]: 8956
[11:23:15]: 8957
[11:23:16]: 8956
[11:23:16]: 8957
[11:23:16]: 8956
[11:23:17]: 8957
[11:23:17]: 8957
[11:23:17]: 8956
[11:23:17]: 8956
[11:23:18]: 8957
[11:23:18]: 8956
[11:23:18]: 8956
[11:23:19]: 8957
[11:23:19]: 8956
[11:23:19]: 8957
[11:23:20]: 8957
[11:23:20]: 8956
[11:23:20]: 8957
[11:23:20]: 8957
[11:23:21]: 8956
[11:23:21]: 8957
[11:23:21]: 8956
[11:23:22]: 8957
[11:23:22]: 8957
[11:23:22]: 8957
[11:23:23]: 8957
[11:23:23]: 8957
[11:23:23]: 8957
[11:23:23]: 8956
[11:23:24]: 8958
[11:23:24]: 8956
[11:23:24]: 8958
[11:23:25]: 8957
[11:23:25]: 8957
 Close valve V24
 Close valve LRW2
[11:23:25]: PLUS H+
 Open valve LR4
[11:23:25]: 8958
[11:23:26]: 8957
[11:23:26]: 8956
[11:23:26]: 8958
[11:23:27]: 8960
[11:23:27]: 8962
[11:23:27]: 8963
[11:23:28]: 8964
[11:23:28]: 8964
[11:23:28]: 8965
[11:23:28]: 8965
[11:23:29]: 8966
[11:23:29]: 8966
[11:23:29]: 8966
[11:23:30]: 8966
[11:23:30]: 8966
[11:23:30]: 8967
[11:23:31]: 8966
[11:23:31]: 8967
[11:23:31]: 8966
[11:23:31]: 8967
[11:23:32]: 8967
[11:23:32]: 8967
[11:23:32]: 8967
[11:23:33]: 8967
[11:23:33]: 8967
[11:23:33]: 8967
[11:23:34]: 8967
[11:23:34]: 8968
[11:23:34]: 8968
[11:23:34]: 8967
[11:23:35]: 8968
[11:23:35]: 8967
[11:23:35]: 8968
[11:23:36]: 8968
[11:23:36]: 8968
[11:23:36]: 8968
[11:23:37]: 8968
[11:23:37]: 8968
[11:23:37]: 8968
[11:23:37]: 8968
[11:23:38]: 8968
[11:23:38]: 8969
[11:23:38]: 8968
[11:23:39]: 8969
[11:23:39]: 8969
[11:23:39]: 8969
[11:23:40]: 8969
[11:23:40]: 8969
[11:23:40]: 8969
[11:23:41]: 8969
[11:23:41]: 8969
[11:23:41]: 8970
[11:23:41]: 8970
[11:23:42]: 8970
[11:23:42]: 8969
[11:23:42]: 8970
[11:23:43]: 8970
[11:23:43]: 8970
[11:23:43]: 8970
 Close valve LR4
[11:23:43]: W2 OH-
 Open valve LRW2
 Open valve V24
[11:23:44]: 8973
[11:23:44]: 8973
[11:23:44]: 8970
[11:23:45]: 8969
[11:23:45]: 8968
[11:23:45]: 8967
[11:23:46]: 8965
[11:23:46]: 8965
[11:23:46]: 8965
[11:23:47]: 8964
[11:23:47]: 8964
[11:23:47]: 8964
[11:23:47]: 8963
[11:23:48]: 8963
[11:23:48]: 8963
[11:23:48]: 8963
[11:23:49]: 8963
[11:23:49]: 8964
[11:23:49]: 8963
[11:23:50]: 8963
[11:23:50]: 8964
[11:23:50]: 8963
[11:23:50]: 8963
[11:23:51]: 8963
[11:23:51]: 8964
[11:23:51]: 8964
[11:23:52]: 8963
[11:23:52]: 8963
[11:23:52]: 8964
[11:23:53]: 8964
[11:23:53]: 8963
[11:23:53]: 8963
[11:23:53]: 8964
[11:23:54]: 8963
[11:23:54]: 8963
[11:23:54]: 8963
[11:23:55]: 8964
[11:23:55]: 8964
[11:23:55]: 8964
[11:23:56]: 8964
[11:23:56]: 8964
[11:23:56]: 8964
[11:23:57]: 8964
[11:23:57]: 8963
[11:23:57]: 8965
[11:23:57]: 8965
[11:23:58]: 8964
[11:23:58]: 8964
[11:23:58]: 8964
[11:23:59]: 8964
[11:23:59]: 8964
[11:23:59]: 8964
[11:24:00]: 8964
[11:24:00]: 8965
[11:24:00]: 8964
[11:24:01]: 8964
[11:24:01]: 8964
[11:24:01]: 8964
[11:24:02]: 8964
[11:24:02]: 8964
 Close valve V24
 Close valve LRW2
[11:24:02]: CIRCLE H+
 Open valve LR1
[11:24:02]: 8964
[11:24:03]: 8966
[11:24:03]: 8970
[11:24:03]: 8972
[11:24:04]: 8975
[11:24:04]: 8976
[11:24:04]: 8976
[11:24:04]: 8976
[11:24:05]: 8977
[11:24:05]: 8977
[11:24:05]: 8977
[11:24:06]: 8978
[11:24:06]: 8977
[11:24:06]: 8978
[11:24:07]: 8978
[11:24:07]: 8978
[11:24:07]: 8978
[11:24:07]: 8978
[11:24:08]: 8978
[11:24:08]: 8979
[11:24:08]: 8978
[11:24:09]: 8979
[11:24:09]: 8979
[11:24:09]: 8979
[11:24:10]: 8979
[11:24:10]: 8979
[11:24:10]: 8980
[11:24:10]: 8980
[11:24:11]: 8979
[11:24:11]: 8980
[11:24:11]: 8980
[11:24:12]: 8980
[11:24:12]: 8980
[11:24:12]: 8980
[11:24:13]: 8980
[11:24:13]: 8981
[11:24:13]: 8980
[11:24:13]: 8981
[11:24:14]: 8981
[11:24:14]: 8981
[11:24:14]: 8982
[11:24:15]: 8982
[11:24:15]: 8981
[11:24:15]: 8982
[11:24:16]: 8981
[11:24:16]: 8982
[11:24:16]: 8982
[11:24:16]: 8982
[11:24:17]: 8983
[11:24:17]: 8983
[11:24:17]: 8982
[11:24:18]: 8982
[11:24:18]: 8983
[11:24:18]: 8983
[11:24:19]: 8983
[11:24:19]: 8983
[11:24:19]: 8984
[11:24:20]: 8983
[11:24:20]: 8983
[11:24:20]: 8984
 Close valve LR1
[11:24:20]: W2 OH-
 Open valve LRW2
 Open valve V24
[11:24:21]: 8985
[11:24:21]: 8984
[11:24:21]: 8981
[11:24:21]: 8979
[11:24:22]: 8979
[11:24:22]: 8977
[11:24:22]: 8976
[11:24:23]: 8975
[11:24:23]: 8975
[11:24:23]: 8975
[11:24:24]: 8974
[11:24:24]: 8975
[11:24:24]: 8973
[11:24:25]: 8974
[11:24:25]: 8973
[11:24:25]: 8974
[11:24:25]: 8973
[11:24:26]: 8972
[11:24:26]: 8974
[11:24:26]: 8972
[11:24:27]: 8973
[11:24:27]: 8973
[11:24:27]: 8973
[11:24:28]: 8973
[11:24:28]: 8973
[11:24:28]: 8973
[11:24:28]: 8973
[11:24:29]: 8974
[11:24:29]: 8973
[11:24:29]: 8973
[11:24:30]: 8973
[11:24:30]: 8973
[11:24:30]: 8973
[11:24:31]: 8973
[11:24:31]: 8973
[11:24:31]: 8973
[11:24:32]: 8974
[11:24:32]: 8974
[11:24:32]: 8973
[11:24:32]: 8972
[11:24:33]: 8973
[11:24:33]: 8973
[11:24:33]: 8973
[11:24:34]: 8973
[11:24:34]: 8973
[11:24:34]: 8974
[11:24:35]: 8974
[11:24:35]: 8974
[11:24:35]: 8973
[11:24:36]: 8973
[11:24:36]: 8973
[11:24:36]: 8973
[11:24:37]: 8973
[11:24:37]: 8974
[11:24:37]: 8974
[11:24:37]: 8974
[11:24:38]: 8973
[11:24:38]: 8973
[11:24:38]: 8973
[11:24:39]: 8973
 Close valve V24
 Close valve LRW2
[11:24:39]: CROSS H+
 Open valve LR2
[11:24:39]: 8973
[11:24:40]: 8972
[11:24:40]: 8973
[11:24:40]: 8972
[11:24:40]: 8974
[11:24:41]: 8975
[11:24:41]: 8975
[11:24:41]: 8976
[11:24:42]: 8977
[11:24:42]: 8976
[11:24:42]: 8977
[11:24:43]: 8976
[11:24:43]: 8976
[11:24:43]: 8977
[11:24:43]: 8976
[11:24:44]: 8976
[11:24:44]: 8977
[11:24:44]: 8977
[11:24:45]: 8977
[11:24:45]: 8977
[11:24:45]: 8977
[11:24:46]: 8977
[11:24:46]: 8978
[11:24:46]: 8978
[11:24:46]: 8977
[11:24:47]: 8977
[11:24:47]: 8978
[11:24:47]: 8977
[11:24:48]: 8978
[11:24:48]: 8978
[11:24:48]: 8977
[11:24:49]: 8978
[11:24:49]: 8978
[11:24:49]: 8977
[11:24:49]: 8978
[11:24:50]: 8978
[11:24:50]: 8977
[11:24:50]: 8978
[11:24:51]: 8978
[11:24:51]: 8978
[11:24:51]: 8978
[11:24:52]: 8978
[11:24:52]: 8978
[11:24:52]: 8978
[11:24:52]: 8978
[11:24:53]: 8979
[11:24:53]: 8978
[11:24:53]: 8979
[11:24:54]: 8979
[11:24:54]: 8978
[11:24:54]: 8979
[11:24:55]: 8979
[11:24:55]: 8978
[11:24:55]: 8979
[11:24:55]: 8979
[11:24:56]: 8979
[11:24:56]: 8979
[11:24:56]: 8979
[11:24:57]: 8979
[11:24:57]: 8979
 Close valve LR2
[11:24:57]: W2 OH-
 Open valve LRW2
 Open valve V24
[11:24:57]: 8980
[11:24:58]: 8987
[11:24:58]: 8984
[11:24:58]: 8982
[11:24:59]: 8981
[11:24:59]: 8979
[11:24:59]: 8980
[11:25:00]: 8978
[11:25:00]: 8978
[11:25:00]: 8976
[11:25:00]: 8976
[11:25:01]: 8977
[11:25:01]: 8976
[11:25:01]: 8976
[11:25:02]: 8976
[11:25:02]: 8976
[11:25:02]: 8976
[11:25:03]: 8976
[11:25:03]: 8976
[11:25:03]: 8977
[11:25:03]: 8976
[11:25:04]: 8976
[11:25:04]: 8977
[11:25:04]: 8976
[11:25:05]: 8977
[11:25:05]: 8976
[11:25:05]: 8976
[11:25:06]: 8977
[11:25:06]: 8976
[11:25:06]: 8977
[11:25:06]: 8976
[11:25:07]: 8976
[11:25:07]: 8977
[11:25:07]: 8976
[11:25:08]: 8977
[11:25:08]: 8976
[11:25:08]: 8977
[11:25:09]: 8977
[11:25:09]: 8976
[11:25:09]: 8976
[11:25:09]: 8977
[11:25:10]: 8977
[11:25:10]: 8977
[11:25:10]: 8977
[11:25:11]: 8977
[11:25:11]: 8976
[11:25:11]: 8977
[11:25:12]: 8977
[11:25:12]: 8976
[11:25:12]: 8977
[11:25:12]: 8977
[11:25:13]: 8977
[11:25:13]: 8977
[11:25:13]: 8977
[11:25:14]: 8977
[11:25:14]: 8977
[11:25:14]: 8977
[11:25:15]: 8977
[11:25:15]: 8977
[11:25:15]: 8977
 Close valve V24
 Close valve LRW2
[11:25:15]: SQUARE H+
 Open valve LR3
[11:25:16]: 8977
[11:25:16]: 8977
[11:25:16]: 8978
[11:25:16]: 8981
[11:25:17]: 8983
[11:25:17]: 8984
[11:25:17]: 8985
[11:25:18]: 8985
[11:25:18]: 8986
[11:25:18]: 8987
[11:25:19]: 8987
[11:25:19]: 8987
[11:25:19]: 8987
[11:25:20]: 8987
[11:25:20]: 8987
[11:25:20]: 8988
[11:25:20]: 8988
[11:25:21]: 8987
[11:25:21]: 8988
[11:25:21]: 8988
[11:25:22]: 8988
[11:25:22]: 8988
[11:25:22]: 8988
[11:25:23]: 8988
[11:25:23]: 8988
[11:25:23]: 8989
[11:25:23]: 8988
[11:25:24]: 8988
[11:25:24]: 8989
[11:25:24]: 8989
[11:25:25]: 8989
[11:25:25]: 8989
[11:25:25]: 8989
[11:25:26]: 8989
[11:25:26]: 8990
[11:25:26]: 8989
[11:25:26]: 8989
[11:25:27]: 8990
[11:25:27]: 8990
[11:25:27]: 8990
[11:25:28]: 8990
[11:25:28]: 8990
[11:25:28]: 8991
[11:25:29]: 8990
[11:25:29]: 8990
[11:25:29]: 8991
[11:25:30]: 8990
[11:25:30]: 8990
[11:25:30]: 8991
[11:25:30]: 8991
[11:25:31]: 8991
[11:25:31]: 8991
[11:25:31]: 8991
[11:25:32]: 8991
[11:25:32]: 8991
[11:25:32]: 8992
[11:25:33]: 8992
[11:25:33]: 8992
[11:25:33]: 8992
[11:25:34]: 8992
 Close valve LR3
[11:25:34]: W2 OH-
 Open valve LRW2
 Open valve V24
[11:25:34]: 8993
[11:25:34]: 8995
[11:25:35]: 8992
[11:25:35]: 8990
[11:25:35]: 8989
[11:25:36]: 8989
[11:25:36]: 8988
[11:25:36]: 8987
[11:25:36]: 8986
[11:25:37]: 8986
[11:25:37]: 8985
[11:25:37]: 8985
[11:25:38]: 8985
[11:25:38]: 8984
[11:25:38]: 8984
[11:25:39]: 8983
[11:25:39]: 8983
[11:25:39]: 8983
[11:25:39]: 8985
[11:25:40]: 8983
[11:25:40]: 8984
[11:25:40]: 8984
[11:25:41]: 8984
[11:25:41]: 8984
[11:25:41]: 8983
[11:25:42]: 8984
[11:25:42]: 8984
[11:25:42]: 8983
[11:25:42]: 8983
[11:25:43]: 8984
[11:25:43]: 8983
[11:25:43]: 8984
[11:25:44]: 8984
[11:25:44]: 8983
[11:25:44]: 8984
[11:25:45]: 8983
[11:25:45]: 8983
[11:25:45]: 8983
[11:25:45]: 8984
[11:25:46]: 8984
[11:25:46]: 8983
[11:25:46]: 8983
[11:25:47]: 8984
[11:25:47]: 8983
[11:25:47]: 8984
[11:25:48]: 8984
[11:25:48]: 8984
[11:25:48]: 8984
[11:25:49]: 8984
[11:25:49]: 8983
[11:25:49]: 8984
[11:25:49]: 8983
[11:25:50]: 8984
[11:25:50]: 8983
[11:25:50]: 8985
[11:25:51]: 8984
[11:25:51]: 8984
[11:25:51]: 8984
[11:25:52]: 8984
[11:25:52]: 8984
 Close valve V24
 Close valve LRW2
[11:25:52]: PLUS H+
 Open valve LR4
[11:25:52]: 8983
[11:25:53]: 8983
[11:25:53]: 8983
[11:25:53]: 8983
[11:25:53]: 8982
[11:25:54]: 8983
[11:25:54]: 8983
[11:25:54]: 8983
[11:25:55]: 8983
[11:25:55]: 8983
[11:25:55]: 8984
[11:25:56]: 8984
[11:25:56]: 8983
[11:25:56]: 8984
[11:25:56]: 8983
[11:25:57]: 8984
[11:25:57]: 8984
[11:25:57]: 8983
[11:25:58]: 8984
[11:25:58]: 8984
[11:25:58]: 8983
[11:25:59]: 8983
[11:25:59]: 8983
[11:25:59]: 8984
[11:26:00]: 8984
[11:26:00]: 8983
[11:26:00]: 8984
[11:26:00]: 8984
[11:26:01]: 8984
[11:26:01]: 8984
[11:26:01]: 8983
[11:26:02]: 8984
[11:26:02]: 8984
[11:26:02]: 8983
[11:26:03]: 8984
[11:26:03]: 8984
[11:26:03]: 8984
[11:26:03]: 8983
[11:26:04]: 8984
[11:26:04]: 8984
[11:26:04]: 8984
[11:26:05]: 8984
[11:26:05]: 8984
[11:26:05]: 8984
[11:26:06]: 8984
[11:26:06]: 8984
[11:26:06]: 8984
[11:26:06]: 8984
[11:26:07]: 8985
[11:26:07]: 8984
[11:26:07]: 8985
[11:26:08]: 8985
[11:26:08]: 8984
[11:26:08]: 8985
[11:26:09]: 8984
[11:26:09]: 8984
[11:26:09]: 8985
[11:26:09]: 8984
[11:26:10]: 8984
[11:26:10]: 8985
 Close valve LR4
[11:26:10]: W2 OH-
 Open valve LRW2
 Open valve V24
[11:26:11]: 8985
[11:26:11]: 8996
[11:26:11]: 8994
[11:26:11]: 8992
[11:26:12]: 8991
[11:26:12]: 8989
[11:26:12]: 8989
[11:26:13]: 8988
[11:26:13]: 8988
[11:26:13]: 8987
[11:26:14]: 8988
[11:26:14]: 8987
[11:26:14]: 8986
[11:26:14]: 8986
[11:26:15]: 8986
[11:26:15]: 8986
[11:26:15]: 8986
[11:26:16]: 8986
[11:26:16]: 8986
[11:26:16]: 8986
[11:26:17]: 8986
[11:26:17]: 8987
[11:26:17]: 8986
[11:26:17]: 8986
[11:26:18]: 8987
[11:26:18]: 8987
[11:26:18]: 8987
[11:26:19]: 8987
[11:26:19]: 8986
[11:26:19]: 8986
[11:26:20]: 8987
[11:26:20]: 8987
[11:26:20]: 8986
[11:26:20]: 8986
[11:26:21]: 8987
[11:26:21]: 8986
[11:26:21]: 8987
[11:26:22]: 8987
[11:26:22]: 8986
[11:26:22]: 8987
[11:26:23]: 8987
[11:26:23]: 8987
[11:26:23]: 8987
[11:26:24]: 8987
[11:26:24]: 8987
[11:26:24]: 8987
[11:26:24]: 8987
[11:26:25]: 8986
[11:26:25]: 8988
[11:26:25]: 8987
[11:26:26]: 8987
[11:26:26]: 8988
[11:26:26]: 8987
[11:26:27]: 8987
[11:26:27]: 8987
[11:26:27]: 8987
[11:26:27]: 8987
[11:26:28]: 8987
[11:26:28]: 8988
[11:26:28]: 8987
 Close valve V24
 Close valve LRW2
[11:26:29]: CIRCLE H+
 Open valve LR1
[11:26:29]: 8987
[11:26:29]: 8985
[11:26:30]: 8987
[11:26:30]: 8986
[11:26:30]: 8987
[11:26:30]: 8987
[11:26:31]: 8988
[11:26:31]: 8987
[11:26:31]: 8988
[11:26:32]: 8989
[11:26:32]: 8988
[11:26:32]: 8988
[11:26:33]: 8989
[11:26:33]: 8989
[11:26:33]: 8988
[11:26:33]: 8989
[11:26:34]: 8989
[11:26:34]: 8989
[11:26:34]: 8989
[11:26:35]: 8989
[11:26:35]: 8989
[11:26:35]: 8989
[11:26:36]: 8989
[11:26:36]: 8989
[11:26:36]: 8989
[11:26:37]: 8989
[11:26:37]: 8989
[11:26:37]: 8990
[11:26:37]: 8989
[11:26:38]: 8990
[11:26:38]: 8989
[11:26:38]: 8989
[11:26:39]: 8990
[11:26:39]: 8990
[11:26:39]: 8990
[11:26:40]: 8990
[11:26:40]: 8989
[11:26:40]: 8989
[11:26:41]: 8989
[11:26:41]: 8990
[11:26:41]: 8990
[11:26:41]: 8990
[11:26:42]: 8990
[11:26:42]: 8990
[11:26:42]: 8990
[11:26:43]: 8990
[11:26:43]: 8991
[11:26:43]: 8991
[11:26:44]: 8991
[11:26:44]: 8990
[11:26:44]: 8991
[11:26:45]: 8991
[11:26:45]: 8990
[11:26:45]: 8991
[11:26:45]: 8991
[11:26:46]: 8990
[11:26:46]: 8991
[11:26:46]: 8990
[11:26:47]: 8990
[11:26:47]: 8991
 Close valve LR1
[11:26:47]: W2 OH-
 Open valve LRW2
 Open valve V24
[11:26:48]: 8999
[11:26:48]: 9001
[11:26:48]: 8999
[11:26:48]: 8997
[11:26:49]: 8996
[11:26:49]: 8995
[11:26:49]: 8994
[11:26:50]: 8993
[11:26:50]: 8992
[11:26:50]: 8993
[11:26:51]: 8992
[11:26:51]: 8991
[11:26:51]: 8992
[11:26:51]: 8992
[11:26:52]: 8990
[11:26:52]: 8991
[11:26:52]: 8990
[11:26:53]: 8990
[11:26:53]: 8991
[11:26:53]: 8991
[11:26:54]: 8991
[11:26:54]: 8991
[11:26:54]: 8990
[11:26:55]: 8991
[11:26:55]: 8990
[11:26:55]: 8991
[11:26:55]: 8991
[11:26:56]: 8990
[11:26:56]: 8991
[11:26:56]: 8990
[11:26:57]: 8991
[11:26:57]: 8991
[11:26:57]: 8991
[11:26:58]: 8991
[11:26:58]: 8991
[11:26:58]: 8992
[11:26:58]: 8991
[11:26:59]: 8992
[11:26:59]: 8992
[11:26:59]: 8991
[11:27:00]: 8991
[11:27:00]: 8992
[11:27:00]: 8991
[11:27:01]: 8991
[11:27:01]: 8991
[11:27:01]: 8991
[11:27:01]: 8991
[11:27:02]: 8991
[11:27:02]: 8992
[11:27:02]: 8992
[11:27:03]: 8992
[11:27:03]: 8992
[11:27:03]: 8991
[11:27:04]: 8992
[11:27:04]: 8992
[11:27:04]: 8991
[11:27:04]: 8991
[11:27:05]: 8992
[11:27:05]: 8992
[11:27:05]: 8992
 Close valve V24
 Close valve LRW2
[11:27:05]: CROSS H+
 Open valve LR2
[11:27:06]: 8992
[11:27:06]: 8990
[11:27:06]: 8992
[11:27:07]: 8994
[11:27:07]: 8996
[11:27:07]: 8997
[11:27:08]: 8998
[11:27:08]: 8999
[11:27:08]: 9000
[11:27:09]: 9000
[11:27:09]: 9000
[11:27:09]: 9000
[11:27:09]: 9000
[11:27:10]: 9001
[11:27:10]: 9001
[11:27:10]: 9000
[11:27:11]: 9001
[11:27:11]: 9001
[11:27:11]: 9000
[11:27:12]: 9001
[11:27:12]: 9001
[11:27:12]: 9001
[11:27:12]: 9002
[11:27:13]: 9002
[11:27:13]: 9001
[11:27:13]: 9001
[11:27:14]: 9002
[11:27:14]: 9002
[11:27:14]: 9002
[11:27:15]: 9002
[11:27:15]: 9002
[11:27:15]: 9002
[11:27:16]: 9003
[11:27:16]: 9003
[11:27:16]: 9002
[11:27:16]: 9002
[11:27:17]: 9002
[11:27:17]: 9003
[11:27:17]: 9003
[11:27:18]: 9004
[11:27:18]: 9004
[11:27:18]: 9003
[11:27:19]: 9004
[11:27:19]: 9004
[11:27:19]: 9003
[11:27:19]: 9003
[11:27:20]: 9004
[11:27:20]: 9004
[11:27:20]: 9004
[11:27:21]: 9004
[11:27:21]: 9005
[11:27:21]: 9004
[11:27:22]: 9005
[11:27:22]: 9005
[11:27:22]: 9004
[11:27:23]: 9004
[11:27:23]: 9005
[11:27:23]: 9005
[11:27:23]: 9005
[11:27:24]: 9005
 Close valve LR2
[11:27:24]: W2 OH-
 Open valve LRW2
 Open valve V24
[11:27:24]: 9007
[11:27:25]: 9009
[11:27:25]: 9006
[11:27:25]: 9005
[11:27:25]: 9003
[11:27:26]: 9002
[11:27:26]: 9000
[11:27:26]: 8999
[11:27:27]: 9000
[11:27:27]: 8999
[11:27:27]: 8998
[11:27:28]: 8999
[11:27:28]: 8998
[11:27:28]: 8998
[11:27:29]: 8998
[11:27:29]: 8998
[11:27:29]: 8998
[11:27:29]: 8998
[11:27:30]: 8998
[11:27:30]: 8999
[11:27:30]: 8997
[11:27:31]: 8999
[11:27:31]: 8998
[11:27:31]: 8998
[11:27:32]: 8998
[11:27:32]: 8998
[11:27:32]: 8998
[11:27:33]: 8998
[11:27:33]: 8998
[11:27:33]: 8998
[11:27:33]: 8998
[11:27:34]: 8998
[11:27:34]: 8999
[11:27:34]: 8999
[11:27:35]: 8998
[11:27:35]: 8998
[11:27:35]: 8998
[11:27:36]: 8998
[11:27:36]: 8998
[11:27:36]: 8998
[11:27:37]: 8998
[11:27:37]: 8999
[11:27:37]: 8998
[11:27:37]: 8998
[11:27:38]: 8999
[11:27:38]: 8999
[11:27:38]: 8998
[11:27:39]: 8999
[11:27:39]: 8999
[11:27:39]: 8999
[11:27:40]: 8999
[11:27:40]: 8998
[11:27:40]: 8998
[11:27:41]: 8998
[11:27:41]: 8999
[11:27:41]: 8999
[11:27:41]: 8998
[11:27:42]: 8999
[11:27:42]: 8999
[11:27:42]: 8999
 Close valve V24
 Close valve LRW2
[11:27:43]: SQUARE H+
 Open valve LR3
[11:27:43]: 8998
[11:27:43]: 8998
[11:27:44]: 8998
[11:27:44]: 8998
[11:27:44]: 8998
[11:27:45]: 8997
[11:27:45]: 8998
[11:27:45]: 8998
[11:27:46]: 8998
[11:27:46]: 8998
[11:27:46]: 8997
[11:27:46]: 8998
[11:27:47]: 8998
[11:27:47]: 8998
[11:27:47]: 8998
[11:27:48]: 8998
[11:27:48]: 8998
[11:27:48]: 8998
[11:27:49]: 8998
[11:27:49]: 8998
[11:27:49]: 8998
[11:27:50]: 8998
[11:27:50]: 8998
[11:27:50]: 8998
[11:27:50]: 8998
[11:27:51]: 8998
[11:27:51]: 8998
[11:27:51]: 8998
[11:27:52]: 8998
[11:27:52]: 8998
[11:27:52]: 8999
[11:27:53]: 8998
[11:27:53]: 8998
[11:27:53]: 8998
[11:27:54]: 8999
[11:27:54]: 8999
[11:27:54]: 8999
[11:27:55]: 8999
[11:27:55]: 8998
[11:27:55]: 8998
[11:27:55]: 8998
[11:27:56]: 8999
[11:27:56]: 8999
[11:27:56]: 8999
[11:27:57]: 8999
[11:27:57]: 8999
[11:27:57]: 8998
[11:27:58]: 8999
[11:27:58]: 8999
[11:27:58]: 8999
[11:27:58]: 8999
[11:27:59]: 8999
[11:27:59]: 8999
[11:27:59]: 8999
[11:28:00]: 8999
[11:28:00]: 8999
[11:28:00]: 8999
[11:28:01]: 8999
[11:28:01]: 8999
[11:28:01]: 8999
 Close valve LR3
[11:28:01]: W2 OH-
 Open valve LRW2
 Open valve V24
[11:28:02]: 9000
[11:28:02]: 9011
[11:28:02]: 9010
[11:28:03]: 9008
[11:28:03]: 9005
[11:28:03]: 9004
[11:28:04]: 9003
[11:28:04]: 9002
[11:28:04]: 9001
[11:28:05]: 9002
[11:28:05]: 9001
[11:28:05]: 9001
[11:28:05]: 9001
[11:28:06]: 9001
[11:28:06]: 9000
[11:28:06]: 9001
[11:28:07]: 9001
[11:28:07]: 9001
[11:28:07]: 9000
[11:28:08]: 9001
[11:28:08]: 9001
[11:28:08]: 9001
[11:28:09]: 9001
[11:28:09]: 9001
[11:28:09]: 9001
[11:28:09]: 9001
[11:28:10]: 9001
[11:28:10]: 9001
[11:28:10]: 9001
[11:28:11]: 9000
[11:28:11]: 9000
[11:28:11]: 9002
[11:28:12]: 9000
[11:28:12]: 9001
[11:28:12]: 9001
[11:28:12]: 9001
[11:28:13]: 9001
[11:28:13]: 9001
[11:28:13]: 9002
[11:28:14]: 9002
[11:28:14]: 9001
[11:28:14]: 9001
[11:28:15]: 9002
[11:28:15]: 9002
[11:28:15]: 9001
[11:28:16]: 9001
[11:28:16]: 9002
[11:28:16]: 9002
[11:28:16]: 9002
[11:28:17]: 9002
[11:28:17]: 9002
[11:28:17]: 9001
[11:28:18]: 9002
[11:28:18]: 9001
[11:28:18]: 9002
[11:28:19]: 9002
[11:28:19]: 9001
[11:28:19]: 9002
[11:28:19]: 9002
[11:28:20]: 9002
 Close valve V24
 Close valve LRW2
[11:28:20]: PLUS H+
 Open valve LR4
[11:28:20]: 9001
[11:28:21]: 9001
[11:28:21]: 9000
[11:28:21]: 9001
[11:28:21]: 9000
[11:28:22]: 9000
[11:28:22]: 9000
[11:28:22]: 9000
[11:28:23]: 9000
[11:28:23]: 9000
[11:28:23]: 9001
[11:28:24]: 9001
[11:28:24]: 9000
[11:28:24]: 9001
[11:28:25]: 9000
[11:28:25]: 9000
[11:28:25]: 9000
[11:28:25]: 9000
[11:28:26]: 9000
[11:28:26]: 9001
[11:28:26]: 9001
[11:28:27]: 9000
[11:28:27]: 9000
[11:28:27]: 9001
[11:28:28]: 9000
[11:28:28]: 9000
[11:28:28]: 9000
[11:28:28]: 9001
[11:28:29]: 9001
[11:28:29]: 9001
[11:28:29]: 9000
[11:28:30]: 9001
[11:28:30]: 9000
[11:28:30]: 9000
[11:28:31]: 9001
[11:28:31]: 9000
[11:28:31]: 9000
[11:28:31]: 9000
[11:28:32]: 9001
[11:28:32]: 9000
[11:28:32]: 9001
[11:28:33]: 9001
[11:28:33]: 9000
[11:28:33]: 9000
[11:28:34]: 9001
[11:28:34]: 9000
[11:28:34]: 9001
[11:28:34]: 9000
[11:28:35]: 9000
[11:28:35]: 9000
[11:28:35]: 9001
[11:28:36]: 9001
[11:28:36]: 9001
[11:28:36]: 9001
[11:28:37]: 9001
[11:28:37]: 9001
[11:28:37]: 9001
[11:28:38]: 9001
[11:28:38]: 9001
[11:28:38]: 9001
 Close valve LR4
[11:28:38]: W2 OH-
 Open valve LRW2
 Open valve V24
[11:28:39]: 9002
[11:28:39]: 9012
[11:28:39]: 9012
[11:28:39]: 9009
[11:28:40]: 9009
[11:28:40]: 9007
[11:28:40]: 9008
[11:28:41]: 9007
[11:28:41]: 9006
[11:28:41]: 9005
[11:28:42]: 9004
[11:28:42]: 9004
[11:28:42]: 9004
[11:28:42]: 9004
[11:28:43]: 9004
[11:28:43]: 9004
[11:28:43]: 9004
[11:28:44]: 9005
[11:28:44]: 9003
[11:28:44]: 9004
[11:28:45]: 9004
[11:28:45]: 9004
[11:28:45]: 9004
[11:28:46]: 9004
[11:28:46]: 9005
[11:28:46]: 9005
[11:28:47]: 9004
[11:28:47]: 9004
[11:28:47]: 9004
[11:28:48]: 9004
[11:28:48]: 9005
[11:28:48]: 9004
[11:28:48]: 9005
[11:28:49]: 9005
[11:28:49]: 9005
[11:28:49]: 9004
[11:28:50]: 9005
[11:28:50]: 9005
[11:28:50]: 9005
[11:28:51]: 9005
[11:28:51]: 9005
[11:28:51]: 9005
[11:28:52]: 9004
[11:28:52]: 9004
[11:28:52]: 9005
[11:28:52]: 9005
[11:28:53]: 9004
[11:28:53]: 9005
[11:28:53]: 9004
[11:28:54]: 9005
[11:28:54]: 9005
[11:28:54]: 9005
[11:28:55]: 9005
[11:28:55]: 9005
[11:28:55]: 9005
[11:28:55]: 9005
[11:28:56]: 9006
[11:28:56]: 9006
[11:28:56]: 9005
[11:28:57]: 9005
 Close valve V24
 Close valve LRW2
[11:28:57]: CIRCLE H+
 Open valve LR1
[11:28:57]: 9005
[11:28:57]: 9005
[11:28:58]: 9007
[11:28:58]: 9010
[11:28:58]: 9011
[11:28:59]: 9012
[11:28:59]: 9013
[11:28:59]: 9014
[11:29:00]: 9014
[11:29:00]: 9014
[11:29:00]: 9014
[11:29:01]: 9014
[11:29:01]: 9014
[11:29:01]: 9015
[11:29:01]: 9015
[11:29:02]: 9014
[11:29:02]: 9015
[11:29:02]: 9015
[11:29:03]: 9015
[11:29:03]: 9015
[11:29:03]: 9015
[11:29:04]: 9015
[11:29:04]: 9016
[11:29:04]: 9015
[11:29:05]: 9016
[11:29:05]: 9015
[11:29:05]: 9015
[11:29:05]: 9016
[11:29:06]: 9015
[11:29:06]: 9016
[11:29:06]: 9016
[11:29:07]: 9016
[11:29:07]: 9016
[11:29:07]: 9016
[11:29:08]: 9017
[11:29:08]: 9016
[11:29:08]: 9016
[11:29:08]: 9016
[11:29:09]: 9016
[11:29:09]: 9017
[11:29:09]: 9017
[11:29:10]: 9017
[11:29:10]: 9017
[11:29:10]: 9018
[11:29:11]: 9018
[11:29:11]: 9017
[11:29:11]: 9017
[11:29:12]: 9018
[11:29:12]: 9017
[11:29:12]: 9018
[11:29:12]: 9018
[11:29:13]: 9018
[11:29:13]: 9019
[11:29:13]: 9018
[11:29:14]: 9019
[11:29:14]: 9018
[11:29:14]: 9019
[11:29:15]: 9019
[11:29:15]: 9019
[11:29:15]: 9019
 Close valve LR1
[11:29:15]: W2 OH-
 Open valve LRW2
 Open valve V24
[11:29:16]: 9021
[11:29:16]: 9022
[11:29:16]: 9020
[11:29:17]: 9018
[11:29:17]: 9017
[11:29:17]: 9015
[11:29:17]: 9014
[11:29:18]: 9014
[11:29:18]: 9012
[11:29:18]: 9012
[11:29:19]: 9013
[11:29:19]: 9012
[11:29:19]: 9011
[11:29:20]: 9011
[11:29:20]: 9011
[11:29:20]: 9011
[11:29:20]: 9011
[11:29:21]: 9010
[11:29:21]: 9011
[11:29:21]: 9012
[11:29:22]: 9011
[11:29:22]: 9011
[11:29:22]: 9011
[11:29:23]: 9011
[11:29:23]: 9011
[11:29:23]: 9012
[11:29:24]: 9012
[11:29:24]: 9011
[11:29:24]: 9011
[11:29:25]: 9011
[11:29:25]: 9011
[11:29:25]: 9011
[11:29:25]: 9011
[11:29:26]: 9011
[11:29:26]: 9011
[11:29:26]: 9011
[11:29:27]: 9011
[11:29:27]: 9011
[11:29:27]: 9012
[11:29:28]: 9012
[11:29:28]: 9011
[11:29:28]: 9011
[11:29:29]: 9011
[11:29:29]: 9011
[11:29:29]: 9011
[11:29:29]: 9012
[11:29:30]: 9012
[11:29:30]: 9012
[11:29:30]: 9012
[11:29:31]: 9011
[11:29:31]: 9011
[11:29:31]: 9011
[11:29:32]: 9011
[11:29:32]: 9012
[11:29:32]: 9011
[11:29:33]: 9011
[11:29:33]: 9012
[11:29:33]: 9011
[11:29:33]: 9012
[11:29:34]: 9012
 Close valve V24
 Close valve LRW2
[11:29:34]: CROSS H+
 Open valve LR2
[11:29:34]: 9011
[11:29:35]: 9011
[11:29:35]: 9015
[11:29:35]: 9017
[11:29:35]: 9020
[11:29:36]: 9021
[11:29:36]: 9022
[11:29:36]: 9023
[11:29:37]: 9023
[11:29:37]: 9023
[11:29:37]: 9023
[11:29:38]: 9023
[11:29:38]: 9023
[11:29:38]: 9024
[11:29:38]: 9023
[11:29:39]: 9023
[11:29:39]: 9024
[11:29:39]: 9023
[11:29:40]: 9024
[11:29:40]: 9024
[11:29:40]: 9024
[11:29:41]: 9024
[11:29:41]: 9024
[11:29:41]: 9024
[11:29:41]: 9025
[11:29:42]: 9025
[11:29:42]: 9024
[11:29:42]: 9025
[11:29:43]: 9025
[11:29:43]: 9024
[11:29:43]: 9025
[11:29:44]: 9026
[11:29:44]: 9025
[11:29:44]: 9026
[11:29:44]: 9025
[11:29:45]: 9025
[11:29:45]: 9026
[11:29:45]: 9025
[11:29:46]: 9026
[11:29:46]: 9026
[11:29:46]: 9026
[11:29:47]: 9026
[11:29:47]: 9027
[11:29:47]: 9026
[11:29:48]: 9027
[11:29:48]: 9027
[11:29:48]: 9026
[11:29:48]: 9027
[11:29:49]: 9027
[11:29:49]: 9027
[11:29:49]: 9027
[11:29:50]: 9028
[11:29:50]: 9027
[11:29:50]: 9027
[11:29:51]: 9028
[11:29:51]: 9027
[11:29:51]: 9028
[11:29:51]: 9028
[11:29:52]: 9028
[11:29:52]: 9028
 Close valve LR2
[11:29:52]: W2 OH-
 Open valve LRW2
 Open valve V24
[11:29:53]: 9031
[11:29:53]: 9030
[11:29:53]: 9028
[11:29:53]: 9025
[11:29:54]: 9024
[11:29:54]: 9023
[11:29:54]: 9021
[11:29:55]: 9020
[11:29:55]: 9020
[11:29:55]: 9020
[11:29:56]: 9020
[11:29:56]: 9019
[11:29:56]: 9018
[11:29:56]: 9018
[11:29:57]: 9019
[11:29:57]: 9017
[11:29:57]: 9018
[11:29:58]: 9018
[11:29:58]: 9017
[11:29:58]: 9018
[11:29:59]: 9018
[11:29:59]: 9018
[11:29:59]: 9018
[11:30:00]: 9017
[11:30:00]: 9017
[11:30:00]: 9018
[11:30:00]: 9017
[11:30:01]: 9017
[11:30:01]: 9017
[11:30:01]: 9018
[11:30:02]: 9018
[11:30:02]: 9018
[11:30:02]: 9018
[11:30:03]: 9017
[11:30:03]: 9017
[11:30:03]: 9018
[11:30:03]: 9017
[11:30:04]: 9018
[11:30:04]: 9017
[11:30:04]: 9018
[11:30:05]: 9018
[11:30:05]: 9017
[11:30:05]: 9018
[11:30:06]: 9017
[11:30:06]: 9017
[11:30:06]: 9017
[11:30:07]: 9017
[11:30:07]: 9018
[11:30:07]: 9017
[11:30:07]: 9017
[11:30:08]: 9018
[11:30:08]: 9018
[11:30:08]: 9017
[11:30:09]: 9018
[11:30:09]: 9018
[11:30:09]: 9017
[11:30:10]: 9017
[11:30:10]: 9018
[11:30:10]: 9017
[11:30:11]: 9017
 Close valve V24
 Close valve LRW2
[11:30:11]: SQUARE H+
 Open valve LR3
[11:30:11]: 9017
[11:30:12]: 9017
[11:30:12]: 9016
[11:30:12]: 9016
[11:30:12]: 9016
[11:30:13]: 9016
[11:30:13]: 9015
[11:30:13]: 9016
[11:30:14]: 9016
[11:30:14]: 9016
[11:30:14]: 9015
[11:30:15]: 9015
[11:30:15]: 9015
[11:30:15]: 9016
[11:30:16]: 9015
[11:30:16]: 9015
[11:30:16]: 9015
[11:30:16]: 9015
[11:30:17]: 9015
[11:30:17]: 9016
[11:30:17]: 9015
[11:30:18]: 9015
[11:30:18]: 9016
[11:30:18]: 9015
[11:30:19]: 9015
[11:30:19]: 9015
[11:30:19]: 9015
[11:30:19]: 9015
[11:30:20]: 9015
[11:30:20]: 9015
[11:30:20]: 9015
[11:30:21]: 9015
[11:30:21]: 9015
[11:30:21]: 9015
[11:30:22]: 9015
[11:30:22]: 9015
[11:30:22]: 9015
[11:30:23]: 9015
[11:30:23]: 9015
[11:30:23]: 9015
[11:30:23]: 9015
[11:30:24]: 9015
[11:30:24]: 9015
[11:30:24]: 9015
[11:30:25]: 9014
[11:30:25]: 9015
[11:30:25]: 9015
[11:30:26]: 9015
[11:30:26]: 9015
[11:30:26]: 9015
[11:30:26]: 9015
[11:30:27]: 9015
[11:30:27]: 9015
[11:30:27]: 9015
[11:30:28]: 9015
[11:30:28]: 9015
[11:30:28]: 9015
[11:30:29]: 9015
[11:30:29]: 9015
[11:30:29]: 9015
 Close valve LR3
[11:30:29]: W2 OH-
 Open valve LRW2
 Open valve V24
[11:30:30]: 9027
[11:30:30]: 9030
[11:30:30]: 9027
[11:30:31]: 9025
[11:30:31]: 9024
[11:30:31]: 9021
[11:30:32]: 9021
[11:30:32]: 9021
[11:30:32]: 9020
[11:30:33]: 9020
[11:30:33]: 9020
[11:30:33]: 9019
[11:30:34]: 9019
[11:30:34]: 9018
[11:30:34]: 9019
[11:30:34]: 9018
[11:30:35]: 9018
[11:30:35]: 9018
[11:30:35]: 9019
[11:30:36]: 9019
[11:30:36]: 9018
[11:30:36]: 9019
[11:30:37]: 9019
[11:30:37]: 9018
[11:30:37]: 9019
[11:30:38]: 9019
[11:30:38]: 9019
[11:30:38]: 9019
[11:30:39]: 9019
[11:30:39]: 9019
[11:30:39]: 9019
[11:30:39]: 9018
[11:30:40]: 9018
[11:30:40]: 9019
[11:30:40]: 9018
[11:30:41]: 9019
[11:30:41]: 9019
[11:30:41]: 9019
[11:30:42]: 9019
[11:30:42]: 9019
[11:30:42]: 9019
[11:30:43]: 9019
[11:30:43]: 9019
[11:30:43]: 9018
[11:30:43]: 9019
[11:30:44]: 9020
[11:30:44]: 9018
[11:30:44]: 9020
[11:30:45]: 9018
[11:30:45]: 9019
[11:30:45]: 9019
[11:30:46]: 9019
[11:30:46]: 9019
[11:30:46]: 9019
[11:30:46]: 9019
[11:30:47]: 9019
[11:30:47]: 9019
[11:30:47]: 9020
[11:30:48]: 9018
[11:30:48]: 9018
 Close valve V24
 Close valve LRW2
[11:30:48]: PLUS H+
 Open valve LR4
[11:30:48]: 9019
[11:30:49]: 9018
[11:30:49]: 9019
[11:30:49]: 9018
[11:30:50]: 9017
[11:30:50]: 9018
[11:30:50]: 9017
[11:30:51]: 9017
[11:30:51]: 9017
[11:30:51]: 9017
[11:30:52]: 9017
[11:30:52]: 9017
[11:30:52]: 9017
[11:30:52]: 9017
[11:30:53]: 9017
[11:30:53]: 9017
[11:30:53]: 9017
[11:30:54]: 9017
[11:30:54]: 9017
[11:30:54]: 9017
[11:30:55]: 9017
[11:30:55]: 9017
[11:30:55]: 9017
[11:30:55]: 9017
[11:30:56]: 9017
[11:30:56]: 9016
[11:30:56]: 9017
[11:30:57]: 9017
[11:30:57]: 9017
[11:30:57]: 9017
[11:30:58]: 9017
[11:30:58]: 9017
[11:30:58]: 9017
[11:30:59]: 9017
[11:30:59]: 9017
[11:30:59]: 9017
[11:30:59]: 9016
[11:31:00]: 9017
[11:31:00]: 9016
[11:31:00]: 9017
[11:31:01]: 9017
[11:31:01]: 9017
[11:31:01]: 9017
[11:31:02]: 9017
[11:31:02]: 9017
[11:31:02]: 9017
[11:31:03]: 9017
[11:31:03]: 9017
[11:31:03]: 9017
[11:31:03]: 9017
[11:31:04]: 9017
[11:31:04]: 9017
[11:31:04]: 9017
[11:31:05]: 9017
[11:31:05]: 9017
[11:31:05]: 9017
[11:31:06]: 9017
[11:31:06]: 9017
[11:31:06]: 9017
[11:31:07]: 9017
 Close valve LR4
[11:31:07]: W2 OH-
 Open valve LRW2
 Open valve V24
[11:31:07]: 9026
[11:31:07]: 9030
[11:31:08]: 9027
[11:31:08]: 9026
[11:31:08]: 9025
[11:31:09]: 9024
[11:31:09]: 9024
[11:31:09]: 9023
[11:31:10]: 9023
[11:31:10]: 9022
[11:31:10]: 9022
[11:31:10]: 9022
[11:31:11]: 9020
[11:31:11]: 9020
[11:31:11]: 9021
[11:31:12]: 9020
[11:31:12]: 9020
[11:31:12]: 9020
[11:31:13]: 9020
[11:31:13]: 9021
[11:31:13]: 9020
[11:31:13]: 9020
[11:31:14]: 9021
[11:31:14]: 9021
[11:31:14]: 9020
[11:31:15]: 9021
[11:31:15]: 9021
[11:31:15]: 9020
[11:31:16]: 9021
[11:31:16]: 9021
[11:31:16]: 9021
[11:31:16]: 9021
[11:31:17]: 9021
[11:31:17]: 9020
[11:31:17]: 9021
[11:31:18]: 9020
[11:31:18]: 9020
[11:31:18]: 9020
[11:31:19]: 9021
[11:31:19]: 9021
[11:31:19]: 9021
[11:31:20]: 9021
[11:31:20]: 9021
[11:31:20]: 9022
[11:31:21]: 9020
[11:31:21]: 9020
[11:31:21]: 9021
[11:31:21]: 9021
[11:31:22]: 9021
[11:31:22]: 9021
[11:31:22]: 9021
[11:31:23]: 9020
[11:31:23]: 9020
[11:31:23]: 9022
[11:31:24]: 9021
[11:31:24]: 9021
[11:31:24]: 9021
[11:31:25]: 9021
[11:31:25]: 9021
[11:31:25]: 9022
 Close valve V24
 Close valve LRW2
[11:31:25]: CIRCLE H+
 Open valve LR1
[11:31:26]: 9021
[11:31:26]: 9021
[11:31:26]: 9020
[11:31:27]: 9020
[11:31:27]: 9020
[11:31:27]: 9019
[11:31:28]: 9019
[11:31:28]: 9019
[11:31:28]: 9019
[11:31:29]: 9019
[11:31:29]: 9019
[11:31:29]: 9019
[11:31:29]: 9019
[11:31:30]: 9019
[11:31:30]: 9019
[11:31:30]: 9019
[11:31:31]: 9019
[11:31:31]: 9019
[11:31:31]: 9019
[11:31:32]: 9019
[11:31:32]: 9019
[11:31:32]: 9019
[11:31:32]: 9018
[11:31:33]: 9019
[11:31:33]: 9018
[11:31:33]: 9019
[11:31:34]: 9018
[11:31:34]: 9019
[11:31:34]: 9019
[11:31:35]: 9018
[11:31:35]: 9019
[11:31:35]: 9019
[11:31:36]: 9019
[11:31:36]: 9018
[11:31:36]: 9018
[11:31:36]: 9018
[11:31:37]: 9019
[11:31:37]: 9019
[11:31:37]: 9019
[11:31:38]: 9019
[11:31:38]: 9019
[11:31:38]: 9019
[11:31:39]: 9019
[11:31:39]: 9019
[11:31:39]: 9019
[11:31:40]: 9019
[11:31:40]: 9019
[11:31:40]: 9019
[11:31:41]: 9019
[11:31:41]: 9019
[11:31:41]: 9019
[11:31:41]: 9019
[11:31:42]: 9019
[11:31:42]: 9019
[11:31:42]: 9019
[11:31:43]: 9019
[11:31:43]: 9019
[11:31:43]: 9019
[11:31:44]: 9019
[11:31:44]: 9019
 Close valve LR1
[11:31:44]: W2 OH-
 Open valve LRW2
 Open valve V24
[11:31:44]: 9029
[11:31:45]: 9032
[11:31:45]: 9031
[11:31:45]: 9029
[11:31:46]: 9027
[11:31:46]: 9026
[11:31:46]: 9026
[11:31:47]: 9026
[11:31:47]: 9025
[11:31:47]: 9024
[11:31:47]: 9024
[11:31:48]: 9023
[11:31:48]: 9022
[11:31:48]: 9023
[11:31:49]: 9022
[11:31:49]: 9023
[11:31:49]: 9023
[11:31:50]: 9023
[11:31:50]: 9023
[11:31:50]: 9022
[11:31:51]: 9022
[11:31:51]: 9022
[11:31:51]: 9023
[11:31:52]: 9023
[11:31:52]: 9023
[11:31:52]: 9023
[11:31:52]: 9023
[11:31:53]: 9023
[11:31:53]: 9024
[11:31:53]: 9022
[11:31:54]: 9023
[11:31:54]: 9024
[11:31:54]: 9023
[11:31:55]: 9023
[11:31:55]: 9023
[11:31:55]: 9023
[11:31:56]: 9024
[11:31:56]: 9023
[11:31:56]: 9024
[11:31:56]: 9024
[11:31:57]: 9023
[11:31:57]: 9024
[11:31:57]: 9023
[11:31:58]: 9023
[11:31:58]: 9024
[11:31:58]: 9023
[11:31:59]: 9024
[11:31:59]: 9023
[11:31:59]: 9023
[11:31:59]: 9023
[11:32:00]: 9024
[11:32:00]: 9024
[11:32:00]: 9023
[11:32:01]: 9024
[11:32:01]: 9024
[11:32:01]: 9023
[11:32:02]: 9024
[11:32:02]: 9024
[11:32:02]: 9024
[11:32:02]: 9024
 Close valve V24
 Close valve LRW2
[11:32:03]: CROSS H+
 Open valve LR2
[11:32:03]: 9024
[11:32:03]: 9023
[11:32:04]: 9026
[11:32:04]: 9029
[11:32:04]: 9031
[11:32:04]: 9032
[11:32:05]: 9033
[11:32:05]: 9034
[11:32:05]: 9034
[11:32:06]: 9034
[11:32:06]: 9035
[11:32:06]: 9034
[11:32:07]: 9035
[11:32:07]: 9035
[11:32:07]: 9036
[11:32:07]: 9036
[11:32:08]: 9035
[11:32:08]: 9036
[11:32:08]: 9035
[11:32:09]: 9035
[11:32:09]: 9036
[11:32:09]: 9036
[11:32:10]: 9036
[11:32:10]: 9037
[11:32:10]: 9036
[11:32:10]: 9036
[11:32:11]: 9037
[11:32:11]: 9036
[11:32:11]: 9037
[11:32:12]: 9037
[11:32:12]: 9036
[11:32:12]: 9037
[11:32:13]: 9037
[11:32:13]: 9037
[11:32:13]: 9038
[11:32:14]: 9037
[11:32:14]: 9037
[11:32:14]: 9037
[11:32:14]: 9038
[11:32:15]: 9038
[11:32:15]: 9038
[11:32:15]: 9038
[11:32:16]: 9038
[11:32:16]: 9039
[11:32:16]: 9038
[11:32:17]: 9038
[11:32:17]: 9039
[11:32:17]: 9039
[11:32:17]: 9039
[11:32:18]: 9039
[11:32:18]: 9039
[11:32:18]: 9039
[11:32:19]: 9040
[11:32:19]: 9039
[11:32:19]: 9040
[11:32:20]: 9039
[11:32:20]: 9039
[11:32:20]: 9040
[11:32:20]: 9040
[11:32:21]: 9040
 Close valve LR2
[11:32:21]: W2 OH-
 Open valve LRW2
 Open valve V24
[11:32:21]: 9042
[11:32:22]: 9042
[11:32:22]: 9040
[11:32:22]: 9036
[11:32:22]: 9036
[11:32:23]: 9035
[11:32:23]: 9035
[11:32:23]: 9033
[11:32:24]: 9033
[11:32:24]: 9033
[11:32:24]: 9032
[11:32:25]: 9032
[11:32:25]: 9031
[11:32:25]: 9030
[11:32:26]: 9030
[11:32:26]: 9031
[11:32:26]: 9031
[11:32:26]: 9030
[11:32:27]: 9031
[11:32:27]: 9030
[11:32:27]: 9030
[11:32:28]: 9031
[11:32:28]: 9031
[11:32:28]: 9030
[11:32:29]: 9030
[11:32:29]: 9030
[11:32:29]: 9031
[11:32:30]: 9031
[11:32:30]: 9031
[11:32:30]: 9030
[11:32:30]: 9031
[11:32:31]: 9030
[11:32:31]: 9030
[11:32:31]: 9031
[11:32:32]: 9030
[11:32:32]: 9030
[11:32:32]: 9030
[11:32:33]: 9030
[11:32:33]: 9030
[11:32:33]: 9031
[11:32:34]: 9030
[11:32:34]: 9030
[11:32:34]: 9031
[11:32:34]: 9030
[11:32:35]: 9030
[11:32:35]: 9030
[11:32:35]: 9030
[11:32:36]: 9030
[11:32:36]: 9031
[11:32:36]: 9031
[11:32:37]: 9031
[11:32:37]: 9030
[11:32:37]: 9030
[11:32:38]: 9030
[11:32:38]: 9030
[11:32:38]: 9030
[11:32:38]: 9030
[11:32:39]: 9030
[11:32:39]: 9031
[11:32:39]: 9031
 Close valve V24
 Close valve LRW2
[11:32:40]: SQUARE H+
 Open valve LR3
[11:32:40]: 9030
[11:32:40]: 9030
[11:32:40]: 9029
[11:32:41]: 9030
[11:32:41]: 9030
[11:32:41]: 9032
[11:32:42]: 9032
[11:32:42]: 9032
[11:32:42]: 9033
[11:32:43]: 9032
[11:32:43]: 9032
[11:32:43]: 9032
[11:32:44]: 9033
[11:32:44]: 9033
[11:32:44]: 9032
[11:32:44]: 9033
[11:32:45]: 9032
[11:32:45]: 9033
[11:32:45]: 9033
[11:32:46]: 9033
[11:32:46]: 9033
[11:32:46]: 9033
[11:32:47]: 9033
[11:32:47]: 9033
[11:32:47]: 9033
[11:32:47]: 9033
[11:32:48]: 9034
[11:32:48]: 9033
[11:32:48]: 9034
[11:32:49]: 9034
[11:32:49]: 9033
[11:32:49]: 9033
[11:32:50]: 9034
[11:32:50]: 9034
[11:32:50]: 9033
[11:32:50]: 9033
[11:32:51]: 9034
[11:32:51]: 9034
[11:32:51]: 9033
[11:32:52]: 9033
[11:32:52]: 9033
[11:32:52]: 9034
[11:32:53]: 9034
[11:32:53]: 9034
[11:32:53]: 9034
[11:32:54]: 9034
[11:32:54]: 9034
[11:32:54]: 9034
[11:32:55]: 9034
[11:32:55]: 9034
[11:32:55]: 9034
[11:32:55]: 9034
[11:32:56]: 9034
[11:32:56]: 9034
[11:32:56]: 9034
[11:32:57]: 9034
[11:32:57]: 9035
[11:32:57]: 9034
[11:32:58]: 9034
[11:32:58]: 9035
 Close valve LR3
[11:32:58]: W2 OH-
 Open valve LRW2
 Open valve V24
[11:32:58]: 9038
[11:32:59]: 9044
[11:32:59]: 9041
[11:32:59]: 9039
[11:33:00]: 9040
[11:33:00]: 9037
[11:33:00]: 9037
[11:33:00]: 9036
[11:33:01]: 9035
[11:33:01]: 9034
[11:33:01]: 9034
[11:33:02]: 9033
[11:33:02]: 9032
[11:33:02]: 9033
[11:33:03]: 9033
[11:33:03]: 9033
[11:33:03]: 9033
[11:33:03]: 9032
[11:33:04]: 9033
[11:33:04]: 9032
[11:33:04]: 9032
[11:33:05]: 9032
[11:33:05]: 9032
[11:33:05]: 9032
[11:33:06]: 9033
[11:33:06]: 9032
[11:33:06]: 9033
[11:33:06]: 9032
[11:33:07]: 9033
[11:33:07]: 9033
[11:33:07]: 9032
[11:33:08]: 9032
[11:33:08]: 9032
[11:33:08]: 9033
[11:33:09]: 9033
[11:33:09]: 9033
[11:33:09]: 9032
[11:33:09]: 9032
[11:33:10]: 9033
[11:33:10]: 9032
[11:33:10]: 9032
[11:33:11]: 9032
[11:33:11]: 9032
[11:33:11]: 9032
[11:33:12]: 9032
[11:33:12]: 9032
[11:33:12]: 9033
[11:33:13]: 9032
[11:33:13]: 9032
[11:33:13]: 9033
[11:33:13]: 9032
[11:33:14]: 9032
[11:33:14]: 9033
[11:33:14]: 9032
[11:33:15]: 9032
[11:33:15]: 9032
[11:33:15]: 9032
[11:33:16]: 9033
[11:33:16]: 9033
[11:33:16]: 9032
 Close valve V24
 Close valve LRW2
[11:33:16]: PLUS H+
 Open valve LR4
[11:33:17]: 9032
[11:33:17]: 9031
[11:33:17]: 9031
[11:33:18]: 9032
[11:33:18]: 9034
[11:33:18]: 9036
[11:33:19]: 9036
[11:33:19]: 9037
[11:33:19]: 9037
[11:33:19]: 9038
[11:33:20]: 9037
[11:33:20]: 9037
[11:33:20]: 9038
[11:33:21]: 9037
[11:33:21]: 9037
[11:33:21]: 9038
[11:33:22]: 9038
[11:33:22]: 9038
[11:33:22]: 9038
[11:33:22]: 9038
[11:33:23]: 9038
[11:33:23]: 9039
[11:33:23]: 9038
[11:33:24]: 9038
[11:33:24]: 9039
[11:33:24]: 9038
[11:33:25]: 9039
[11:33:25]: 9039
[11:33:25]: 9038
[11:33:25]: 9039
[11:33:26]: 9039
[11:33:26]: 9038
[11:33:26]: 9039
[11:33:27]: 9039
[11:33:27]: 9039
[11:33:27]: 9039
[11:33:28]: 9039
[11:33:28]: 9039
[11:33:28]: 9040
[11:33:28]: 9039
[11:33:29]: 9040
[11:33:29]: 9040
[11:33:29]: 9039
[11:33:30]: 9039
[11:33:30]: 9040
[11:33:30]: 9039
[11:33:31]: 9039
[11:33:31]: 9040
[11:33:31]: 9040
[11:33:31]: 9040
[11:33:32]: 9040
[11:33:32]: 9040
[11:33:32]: 9040
[11:33:33]: 9040
[11:33:33]: 9040
[11:33:33]: 9041
[11:33:34]: 9040
[11:33:34]: 9041
[11:33:34]: 9040
[11:33:35]: 9040
 Close valve LR4
[11:33:35]: W2 OH-
 Open valve LRW2
 Open valve V24
[11:33:35]: 9042
[11:33:35]: 9045
[11:33:36]: 9044
[11:33:36]: 9041
[11:33:36]: 9042
[11:33:37]: 9040
[11:33:37]: 9040
[11:33:37]: 9038
[11:33:37]: 9038
[11:33:38]: 9037
[11:33:38]: 9037
[11:33:38]: 9037
[11:33:39]: 9036
[11:33:39]: 9036
[11:33:39]: 9036
[11:33:40]: 9036
[11:33:40]: 9036
[11:33:40]: 9036
[11:33:41]: 9036
[11:33:41]: 9035
[11:33:41]: 9036
[11:33:42]: 9035
[11:33:42]: 9035
[11:33:42]: 9036
[11:33:42]: 9037
[11:33:43]: 9035
[11:33:43]: 9036
[11:33:43]: 9036
[11:33:44]: 9036
[11:33:44]: 9036
[11:33:44]: 9036
[11:33:45]: 9036
[11:33:45]: 9035
[11:33:45]: 9035
[11:33:46]: 9036
[11:33:46]: 9035
[11:33:46]: 9035
[11:33:46]: 9036
[11:33:47]: 9035
[11:33:47]: 9036
[11:33:47]: 9036
[11:33:48]: 9036
[11:33:48]: 9036
[11:33:48]: 9035
[11:33:49]: 9036
[11:33:49]: 9037
[11:33:49]: 9035
[11:33:50]: 9035
[11:33:50]: 9036
[11:33:50]: 9036
[11:33:50]: 9036
[11:33:51]: 9036
[11:33:51]: 9036
[11:33:51]: 9036
[11:33:52]: 9036
[11:33:52]: 9035
[11:33:52]: 9037
[11:33:53]: 9036
[11:33:53]: 9035
[11:33:53]: 9036
 Close valve V24
 Close valve LRW2
[11:33:53]: CIRCLE H+
 Open valve LR1
[11:33:54]: 9036
[11:33:54]: 9035
[11:33:54]: 9035
[11:33:55]: 9035
[11:33:55]: 9034
[11:33:55]: 9034
[11:33:56]: 9034
[11:33:56]: 9034
[11:33:56]: 9034
[11:33:56]: 9033
[11:33:57]: 9033
[11:33:57]: 9034
[11:33:57]: 9034
[11:33:58]: 9033
[11:33:58]: 9034
[11:33:58]: 9034
[11:33:59]: 9033
[11:33:59]: 9034
[11:33:59]: 9034
[11:33:59]: 9033
[11:34:00]: 9033
[11:34:00]: 9034
[11:34:00]: 9034
[11:34:01]: 9033
[11:34:01]: 9033
[11:34:01]: 9033
[11:34:02]: 9033
[11:34:02]: 9033
[11:34:02]: 9033
[11:34:03]: 9033
[11:34:03]: 9033
[11:34:03]: 9033
[11:34:03]: 9034
[11:34:04]: 9033
[11:34:04]: 9034
[11:34:04]: 9034
[11:34:05]: 9033
[11:34:05]: 9033
[11:34:05]: 9033
[11:34:06]: 9033
[11:34:06]: 9033
[11:34:06]: 9033
[11:34:06]: 9033
[11:34:07]: 9033
[11:34:07]: 9034
[11:34:07]: 9033
[11:34:08]: 9034
[11:34:08]: 9034
[11:34:08]: 9033
[11:34:09]: 9033
[11:34:09]: 9033
[11:34:09]: 9033
[11:34:10]: 9033
[11:34:10]: 9033
[11:34:10]: 9033
[11:34:10]: 9033
[11:34:11]: 9034
[11:34:11]: 9034
[11:34:11]: 9033
[11:34:12]: 9034
 Close valve LR1
[11:34:12]: W2 OH-
 Open valve LRW2
 Open valve V24
[11:34:12]: 9040
[11:34:12]: 9046
[11:34:13]: 9045
[11:34:13]: 9042
[11:34:13]: 9042
[11:34:14]: 9041
[11:34:14]: 9040
[11:34:14]: 9039
[11:34:15]: 9038
[11:34:15]: 9038
[11:34:15]: 9037
[11:34:16]: 9038
[11:34:16]: 9038
[11:34:16]: 9036
[11:34:16]: 9037
[11:34:17]: 9037
[11:34:17]: 9036
[11:34:17]: 9037
[11:34:18]: 9036
[11:34:18]: 9037
[11:34:18]: 9037
[11:34:19]: 9037
[11:34:19]: 9036
[11:34:19]: 9036
[11:34:19]: 9037
[11:34:20]: 9037
[11:34:20]: 9036
[11:34:20]: 9036
[11:34:21]: 9037
[11:34:21]: 9037
[11:34:21]: 9037
[11:34:22]: 9037
[11:34:22]: 9036
[11:34:22]: 9037
[11:34:23]: 9038
[11:34:23]: 9038
[11:34:23]: 9038
[11:34:23]: 9036
[11:34:24]: 9036
[11:34:24]: 9037
[11:34:24]: 9037
[11:34:25]: 9038
[11:34:25]: 9037
[11:34:25]: 9037
[11:34:26]: 9037
[11:34:26]: 9037
[11:34:26]: 9037
[11:34:26]: 9038
[11:34:27]: 9036
[11:34:27]: 9036
[11:34:27]: 9038
[11:34:28]: 9036
[11:34:28]: 9038
[11:34:28]: 9037
[11:34:29]: 9038
[11:34:29]: 9037
[11:34:29]: 9037
[11:34:29]: 9037
[11:34:30]: 9037
[11:34:30]: 9037
 Close valve V24
 Close valve LRW2
[11:34:30]: CROSS H+
 Open valve LR2
[11:34:30]: 9037
[11:34:31]: 9036
[11:34:31]: 9036
[11:34:31]: 9036
[11:34:32]: 9036
[11:34:32]: 9037
[11:34:32]: 9038
[11:34:33]: 9037
[11:34:33]: 9038
[11:34:33]: 9037
[11:34:33]: 9038
[11:34:34]: 9038
[11:34:34]: 9037
[11:34:34]: 9038
[11:34:35]: 9038
[11:34:35]: 9038
[11:34:35]: 9038
[11:34:36]: 9038
[11:34:36]: 9038
[11:34:36]: 9039
[11:34:37]: 9038
[11:34:37]: 9038
[11:34:37]: 9039
[11:34:37]: 9039
[11:34:38]: 9038
[11:34:38]: 9038
[11:34:38]: 9038
[11:34:39]: 9039
[11:34:39]: 9039
[11:34:39]: 9038
[11:34:40]: 9038
[11:34:40]: 9039
[11:34:40]: 9038
[11:34:40]: 9039
[11:34:41]: 9038
[11:34:41]: 9039
[11:34:41]: 9038
[11:34:42]: 9038
[11:34:42]: 9039
[11:34:42]: 9038
[11:34:43]: 9039
[11:34:43]: 9039
[11:34:43]: 9039
[11:34:44]: 9038
[11:34:44]: 9038
[11:34:44]: 9039
[11:34:44]: 9039
[11:34:45]: 9039
[11:34:45]: 9039
[11:34:45]: 9039
[11:34:46]: 9039
[11:34:46]: 9039
[11:34:46]: 9039
[11:34:47]: 9039
[11:34:47]: 9039
[11:34:47]: 9039
[11:34:48]: 9040
[11:34:48]: 9040
[11:34:48]: 9039
[11:34:48]: 9040
 Close valve LR2
[11:34:49]: W2 OH-
 Open valve LRW2
 Open valve V24
[11:34:49]: 9050
[11:34:49]: 9048
[11:34:50]: 9048
[11:34:50]: 9044
[11:34:50]: 9044
[11:34:51]: 9043
[11:34:51]: 9042
[11:34:51]: 9041
[11:34:52]: 9041
[11:34:52]: 9040
[11:34:52]: 9040
[11:34:52]: 9039
[11:34:53]: 9038
[11:34:53]: 9038
[11:34:53]: 9039
[11:34:54]: 9039
[11:34:54]: 9039
[11:34:54]: 9039
[11:34:55]: 9039
[11:34:55]: 9039
[11:34:55]: 9039
[11:34:55]: 9039
[11:34:56]: 9038
[11:34:56]: 9039
[11:34:56]: 9038
[11:34:57]: 9040
[11:34:57]: 9039
[11:34:57]: 9039
[11:34:58]: 9039
[11:34:58]: 9039
[11:34:58]: 9039
[11:34:59]: 9039
[11:34:59]: 9038
[11:34:59]: 9040
[11:34:59]: 9038
[11:35:00]: 9040
[11:35:00]: 9038
[11:35:00]: 9040
[11:35:01]: 9039
[11:35:01]: 9039
[11:35:01]: 9039
[11:35:02]: 9039
[11:35:02]: 9039
[11:35:02]: 9039
[11:35:02]: 9039
[11:35:03]: 9039
[11:35:03]: 9039
[11:35:03]: 9040
[11:35:04]: 9038
[11:35:04]: 9039
[11:35:04]: 9040
[11:35:05]: 9040
[11:35:05]: 9039
[11:35:05]: 9039
[11:35:05]: 9039
[11:35:06]: 9039
[11:35:06]: 9039
[11:35:06]: 9039
[11:35:07]: 9040
[11:35:07]: 9040
 Close valve V24
 Close valve LRW2
[11:35:07]: SQUARE H+
 Open valve LR3
[11:35:07]: 9038
[11:35:08]: 9052
[11:35:08]: 9053
[11:35:08]: 9054
[11:35:09]: 9054
[11:35:09]: 9054
[11:35:09]: 9055
[11:35:09]: 9055
[11:35:10]: 9055
[11:35:10]: 9055
[11:35:10]: 9055
[11:35:11]: 9055
[11:35:11]: 9056
[11:35:11]: 9055
[11:35:12]: 9056
[11:35:12]: 9056
[11:35:12]: 9055
[11:35:12]: 9056
[11:35:13]: 9056
[11:35:13]: 9056
[11:35:13]: 9056
[11:35:14]: 9056
[11:35:14]: 9057
[11:35:14]: 9056
[11:35:15]: 9056
[11:35:15]: 9056
[11:35:15]: 9057
[11:35:15]: 9057
[11:35:16]: 9057
[11:35:16]: 9058
[11:35:16]: 9057
[11:35:17]: 9057
[11:35:17]: 9057
[11:35:17]: 9058
[11:35:18]: 9058
[11:35:18]: 9059
[11:35:18]: 9059
[11:35:19]: 9059
[11:35:19]: 9058
[11:35:19]: 9058
[11:35:19]: 9059
[11:35:20]: 9059
[11:35:20]: 9059
[11:35:20]: 9059
[11:35:21]: 9060
[11:35:21]: 9060
[11:35:21]: 9059
[11:35:22]: 9060
[11:35:22]: 9060
[11:35:22]: 9060
[11:35:23]: 9060
[11:35:23]: 9060
[11:35:23]: 9060
[11:35:23]: 9061
[11:35:24]: 9061
[11:35:24]: 9061
[11:35:24]: 9060
[11:35:25]: 9061
[11:35:25]: 9061
[11:35:25]: 9062
 Close valve LR3
[11:35:25]: W2 OH-
 Open valve LRW2
 Open valve V24
[11:35:26]: 9063
[11:35:26]: 9061
[11:35:26]: 9058
[11:35:27]: 9056
[11:35:27]: 9056
[11:35:27]: 9053
[11:35:28]: 9053
[11:35:28]: 9051
[11:35:28]: 9051
[11:35:29]: 9050
[11:35:29]: 9050
[11:35:29]: 9049
[11:35:29]: 9048
[11:35:30]: 9048
[11:35:30]: 9048
[11:35:30]: 9048
[11:35:31]: 9048
[11:35:31]: 9048
[11:35:31]: 9047
[11:35:32]: 9048
[11:35:32]: 9047
[11:35:32]: 9047
[11:35:32]: 9048
[11:35:33]: 9048
[11:35:33]: 9048
[11:35:33]: 9047
[11:35:34]: 9047
[11:35:34]: 9048
[11:35:34]: 9047
[11:35:35]: 9047
[11:35:35]: 9048
[11:35:35]: 9047
[11:35:36]: 9048
[11:35:36]: 9048
[11:35:36]: 9047
[11:35:36]: 9048
[11:35:37]: 9047
[11:35:37]: 9047
[11:35:37]: 9047
[11:35:38]: 9047
[11:35:38]: 9047
[11:35:38]: 9047
[11:35:39]: 9047
[11:35:39]: 9047
[11:35:39]: 9048
[11:35:39]: 9048
[11:35:40]: 9046
[11:35:40]: 9047
[11:35:40]: 9047
[11:35:41]: 9046
[11:35:41]: 9047
[11:35:41]: 9047
[11:35:42]: 9047
[11:35:42]: 9047
[11:35:42]: 9047
[11:35:42]: 9046
[11:35:43]: 9046
[11:35:43]: 9046
[11:35:43]: 9047
[11:35:44]: 9047
 Close valve V24
 Close valve LRW2
[11:35:44]: PLUS H+
 Open valve LR4
[11:35:44]: 9047
[11:35:44]: 9046
[11:35:45]: 9045
[11:35:45]: 9045
[11:35:45]: 9046
[11:35:46]: 9046
[11:35:46]: 9047
[11:35:46]: 9047
[11:35:47]: 9047
[11:35:47]: 9048
[11:35:47]: 9048
[11:35:48]: 9047
[11:35:48]: 9047
[11:35:48]: 9048
[11:35:48]: 9047
[11:35:49]: 9047
[11:35:49]: 9048
[11:35:49]: 9048
[11:35:50]: 9047
[11:35:50]: 9047
[11:35:50]: 9048
[11:35:51]: 9048
[11:35:51]: 9047
[11:35:51]: 9048
[11:35:51]: 9048
[11:35:52]: 9047
[11:35:52]: 9048
[11:35:52]: 9047
[11:35:53]: 9048
[11:35:53]: 9048
[11:35:53]: 9047
[11:35:54]: 9048
[11:35:54]: 9048
[11:35:54]: 9047
[11:35:55]: 9048
[11:35:55]: 9047
[11:35:55]: 9048
[11:35:55]: 9047
[11:35:56]: 9047
[11:35:56]: 9048
[11:35:56]: 9047
[11:35:57]: 9048
[11:35:57]: 9048
[11:35:57]: 9047
[11:35:58]: 9048
[11:35:58]: 9048
[11:35:58]: 9047
[11:35:58]: 9047
[11:35:59]: 9048
[11:35:59]: 9048
[11:35:59]: 9047
[11:36:00]: 9048
[11:36:00]: 9048
[11:36:00]: 9048
[11:36:01]: 9048
[11:36:01]: 9048
[11:36:01]: 9048
[11:36:01]: 9047
[11:36:02]: 9048
[11:36:02]: 9048
 Close valve LR4
[11:36:02]: W2 OH-
 Open valve LRW2
 Open valve V24
[11:36:03]: 9052
[11:36:03]: 9058
[11:36:03]: 9056
[11:36:03]: 9053
[11:36:04]: 9054
[11:36:04]: 9052
[11:36:04]: 9050
[11:36:05]: 9051
[11:36:05]: 9049
[11:36:05]: 9049
[11:36:06]: 9048
[11:36:06]: 9047
[11:36:06]: 9047
[11:36:06]: 9047
[11:36:07]: 9047
[11:36:07]: 9048
[11:36:07]: 9046
[11:36:08]: 9046
[11:36:08]: 9047
[11:36:08]: 9047
[11:36:09]: 9047
[11:36:09]: 9047
[11:36:09]: 9047
[11:36:10]: 9047
[11:36:10]: 9046
[11:36:10]: 9046
[11:36:11]: 9046
[11:36:11]: 9046
[11:36:11]: 9047
[11:36:11]: 9047
[11:36:12]: 9047
[11:36:12]: 9047
[11:36:12]: 9047
[11:36:13]: 9048
[11:36:13]: 9048
[11:36:13]: 9046
[11:36:14]: 9046
[11:36:14]: 9047
[11:36:14]: 9047
[11:36:14]: 9047
[11:36:15]: 9047
[11:36:15]: 9047
[11:36:15]: 9047
[11:36:16]: 9047
[11:36:16]: 9048
[11:36:16]: 9046
[11:36:17]: 9046
[11:36:17]: 9048
[11:36:17]: 9047
[11:36:18]: 9047
[11:36:18]: 9047
[11:36:18]: 9047
[11:36:18]: 9047
[11:36:19]: 9047
[11:36:19]: 9047
[11:36:19]: 9047
[11:36:20]: 9047
[11:36:20]: 9048
[11:36:20]: 9046
[11:36:21]: 9048
 Close valve V24
 Close valve LRW2
[11:36:21]: CIRCLE H+
 Open valve LR1
[11:36:21]: 9046
[11:36:21]: 9045
[11:36:22]: 9046
[11:36:22]: 9046
[11:36:22]: 9046
[11:36:23]: 9045
[11:36:23]: 9045
[11:36:23]: 9045
[11:36:24]: 9045
[11:36:24]: 9045
[11:36:24]: 9045
[11:36:24]: 9045
[11:36:25]: 9045
[11:36:25]: 9045
[11:36:25]: 9045
[11:36:26]: 9045
[11:36:26]: 9045
[11:36:26]: 9045
[11:36:27]: 9045
[11:36:27]: 9045
[11:36:27]: 9045
[11:36:27]: 9045
[11:36:28]: 9045
[11:36:28]: 9045
[11:36:28]: 9045
[11:36:29]: 9045
[11:36:29]: 9045
[11:36:29]: 9045
[11:36:30]: 9045
[11:36:30]: 9044
[11:36:30]: 9044
[11:36:30]: 9044
[11:36:31]: 9045
[11:36:31]: 9045
[11:36:31]: 9045
[11:36:32]: 9045
[11:36:32]: 9045
[11:36:32]: 9045
[11:36:33]: 9045
[11:36:33]: 9045
[11:36:33]: 9045
[11:36:33]: 9045
[11:36:34]: 9044
[11:36:34]: 9045
[11:36:34]: 9045
[11:36:35]: 9045
[11:36:35]: 9045
[11:36:35]: 9045
[11:36:36]: 9045
[11:36:36]: 9045
[11:36:36]: 9045
[11:36:37]: 9045
[11:36:37]: 9045
[11:36:37]: 9045
[11:36:37]: 9045
[11:36:38]: 9044
[11:36:38]: 9044
[11:36:38]: 9045
[11:36:39]: 9044
[11:36:39]: 9045
 Close valve LR1
[11:36:39]: W2 OH-
 Open valve LRW2
 Open valve V24
[11:36:40]: 9053
[11:36:40]: 9064
[11:36:40]: 9063
[11:36:41]: 9063
[11:36:41]: 9063
[11:36:41]: 9067
[11:36:41]: 9060
[11:36:42]: 9057
[11:36:42]: 9063
[11:36:42]: 9064
[11:36:43]: 9061
[11:36:43]: 9066
[11:36:43]: 9066
[11:36:44]: 9052
[11:36:44]: 9050
[11:36:44]: 9051
[11:36:44]: 9050
[11:36:45]: 9050
[11:36:45]: 9049
[11:36:45]: 9049
[11:36:46]: 9051
[11:36:46]: 9050
[11:36:46]: 9051
[11:36:47]: 9051
[11:36:47]: 9052
[11:36:47]: 9053
[11:36:48]: 9052
[11:36:48]: 9053
[11:36:48]: 9052
[11:36:48]: 9052
[11:36:49]: 9053
[11:36:49]: 9053
[11:36:49]: 9053
[11:36:50]: 9053
[11:36:50]: 9053
[11:36:50]: 9054
[11:36:51]: 9053
[11:36:51]: 9054
[11:36:51]: 9053
[11:36:51]: 9053
[11:36:52]: 9054
[11:36:52]: 9054
[11:36:52]: 9054
[11:36:53]: 9055
[11:36:53]: 9055
[11:36:53]: 9054
[11:36:54]: 9055
[11:36:54]: 9054
[11:36:54]: 9055
[11:36:54]: 9055
[11:36:55]: 9054
[11:36:55]: 9055
[11:36:55]: 9055
[11:36:56]: 9055
[11:36:56]: 9055
[11:36:56]: 9055
[11:36:57]: 9055
[11:36:57]: 9055
[11:36:57]: 9055
[11:36:57]: 9055
 Close valve V24
 Close valve LRW2
[11:36:58]: CROSS H+
 Open valve LR2
[11:36:58]: 9052
[11:36:58]: 9056
[11:36:59]: 9063
[11:36:59]: 9063
[11:36:59]: 9063
[11:36:59]: 9063
[11:37:00]: 9063
[11:37:00]: 9064
[11:37:00]: 9063
[11:37:01]: 9064
[11:37:01]: 9064
[11:37:01]: 9063
[11:37:02]: 9064
[11:37:02]: 9064
[11:37:02]: 9064
[11:37:02]: 9064
[11:37:03]: 9065
[11:37:03]: 9064
[11:37:03]: 9064
[11:37:04]: 9065
[11:37:04]: 9065
[11:37:04]: 9064
[11:37:05]: 9064
[11:37:05]: 9065
[11:37:05]: 9065
[11:37:05]: 9065
[11:37:06]: 9065
[11:37:06]: 9065
[11:37:06]: 9066
[11:37:07]: 9066
[11:37:07]: 9065
[11:37:07]: 9065
[11:37:08]: 9066
[11:37:08]: 9066
[11:37:08]: 9066
[11:37:09]: 9066
[11:37:09]: 9066
[11:37:09]: 9067
[11:37:09]: 9066
[11:37:10]: 9066
[11:37:10]: 9067
[11:37:10]: 9066
[11:37:11]: 9067
[11:37:11]: 9067
[11:37:11]: 9066
[11:37:11]: 9067
[11:37:12]: 9067
[11:37:12]: 9067
[11:37:12]: 9067
[11:37:13]: 9068
[11:37:13]: 9067
[11:37:13]: 9068
[11:37:14]: 9068
[11:37:14]: 9067
[11:37:14]: 9067
[11:37:15]: 9067
[11:37:15]: 9068
[11:37:15]: 9068
[11:37:15]: 9068
[11:37:16]: 9068
 Close valve LR2
[11:37:16]: W2 OH-
 Open valve LRW2
 Open valve V24
[11:37:16]: 9068
[11:37:16]: 9070
[11:37:17]: 9068
[11:37:17]: 9065
[11:37:17]: 9065
[11:37:18]: 9063
[11:37:18]: 9061
[11:37:18]: 9061
[11:37:19]: 9060
[11:37:19]: 9058
[11:37:19]: 9058
[11:37:19]: 9057
[11:37:20]: 9056
[11:37:20]: 9057
[11:37:20]: 9056
[11:37:21]: 9057
[11:37:21]: 9057
[11:37:21]: 9057
[11:37:22]: 9056
[11:37:22]: 9057
[11:37:22]: 9056
[11:37:23]: 9056
[11:37:23]: 9056
[11:37:23]: 9056
[11:37:24]: 9055
[11:37:24]: 9055
[11:37:24]: 9056
[11:37:24]: 9055
[11:37:25]: 9055
[11:37:25]: 9056
[11:37:25]: 9055
[11:37:26]: 9055
[11:37:26]: 9056
[11:37:26]: 9055
[11:37:27]: 9055
[11:37:27]: 9056
[11:37:27]: 9056
[11:37:27]: 9055
[11:37:28]: 9056
[11:37:28]: 9055
[11:37:28]: 9055
[11:37:29]: 9055
[11:37:29]: 9056
[11:37:29]: 9056
[11:37:30]: 9055
[11:37:30]: 9055
[11:37:30]: 9056
[11:37:31]: 9055
[11:37:31]: 9055
[11:37:31]: 9056
[11:37:31]: 9056
[11:37:32]: 9055
[11:37:32]: 9055
[11:37:32]: 9055
[11:37:33]: 9055
[11:37:33]: 9055
[11:37:33]: 9055
[11:37:34]: 9055
[11:37:34]: 9056
[11:37:34]: 9055
 Close valve V24
 Close valve LRW2
[11:37:34]: SQUARE H+
 Open valve LR3
[11:37:35]: 9054
[11:37:35]: 9056
[11:37:35]: 9061
[11:37:35]: 9064
[11:37:36]: 9067
[11:37:36]: 9068
[11:37:36]: 9068
[11:37:37]: 9069
[11:37:37]: 9069
[11:37:37]: 9069
[11:37:38]: 9068
[11:37:38]: 9068
[11:37:38]: 9069
[11:37:39]: 9069
[11:37:39]: 9069
[11:37:39]: 9069
[11:37:39]: 9070
[11:37:40]: 9069
[11:37:40]: 9070
[11:37:40]: 9070
[11:37:41]: 9069
[11:37:41]: 9069
[11:37:41]: 9070
[11:37:42]: 9070
[11:37:42]: 9070
[11:37:42]: 9070
[11:37:42]: 9071
[11:37:43]: 9070
[11:37:43]: 9071
[11:37:43]: 9070
[11:37:44]: 9071
[11:37:44]: 9071
[11:37:44]: 9071
[11:37:45]: 9071
[11:37:45]: 9071
[11:37:45]: 9071
[11:37:45]: 9072
[11:37:46]: 9071
[11:37:46]: 9071
[11:37:46]: 9072
[11:37:47]: 9071
[11:37:47]: 9071
[11:37:47]: 9072
[11:37:48]: 9072
[11:37:48]: 9072
[11:37:48]: 9072
[11:37:49]: 9073
[11:37:49]: 9073
[11:37:49]: 9073
[11:37:49]: 9072
[11:37:50]: 9073
[11:37:50]: 9073
[11:37:50]: 9073
[11:37:51]: 9073
[11:37:51]: 9073
[11:37:51]: 9074
[11:37:52]: 9074
[11:37:52]: 9073
[11:37:52]: 9074
[11:37:53]: 9073
 Close valve LR3
[11:37:53]: W2 OH-
 Open valve LRW2
 Open valve V24
[11:37:53]: 9075
[11:37:53]: 9074
[11:37:54]: 9073
[11:37:54]: 9070
[11:37:54]: 9069
[11:37:54]: 9067
[11:37:55]: 9066
[11:37:55]: 9065
[11:37:55]: 9064
[11:37:56]: 9064
[11:37:56]: 9063
[11:37:56]: 9061
[11:37:57]: 9062
[11:37:57]: 9062
[11:37:57]: 9061
[11:37:57]: 9062
[11:37:58]: 9061
[11:37:58]: 9061
[11:37:58]: 9061
[11:37:59]: 9061
[11:37:59]: 9061
[11:37:59]: 9061
[11:38:00]: 9061
[11:38:00]: 9060
[11:38:00]: 9061
[11:38:00]: 9060
[11:38:01]: 9061
[11:38:01]: 9061
[11:38:01]: 9061
[11:38:02]: 9060
[11:38:02]: 9060
[11:38:02]: 9060
[11:38:03]: 9061
[11:38:03]: 9060
[11:38:03]: 9061
[11:38:04]: 9061
[11:38:04]: 9060
[11:38:04]: 9060
[11:38:04]: 9061
[11:38:05]: 9060
[11:38:05]: 9060
[11:38:05]: 9060
[11:38:06]: 9060
[11:38:06]: 9060
[11:38:06]: 9060
[11:38:07]: 9060
[11:38:07]: 9061
[11:38:07]: 9060
[11:38:07]: 9060
[11:38:08]: 9060
[11:38:08]: 9060
[11:38:08]: 9060
[11:38:09]: 9060
[11:38:09]: 9060
[11:38:09]: 9060
[11:38:10]: 9060
[11:38:10]: 9060
[11:38:10]: 9060
[11:38:10]: 9059
[11:38:11]: 9060
 Close valve V24
 Close valve LRW2
[11:38:11]: PLUS H+
 Open valve LR4
[11:38:11]: 9060
[11:38:12]: 9058
[11:38:12]: 9058
[11:38:12]: 9058
[11:38:13]: 9058
[11:38:13]: 9058
[11:38:13]: 9059
[11:38:13]: 9058
[11:38:14]: 9058
[11:38:14]: 9059
[11:38:14]: 9059
[11:38:15]: 9059
[11:38:15]: 9059
[11:38:15]: 9058
[11:38:16]: 9058
[11:38:16]: 9059
[11:38:16]: 9058
[11:38:17]: 9058
[11:38:17]: 9058
[11:38:17]: 9059
[11:38:17]: 9058
[11:38:18]: 9058
[11:38:18]: 9059
[11:38:18]: 9058
[11:38:19]: 9059
[11:38:19]: 9058
[11:38:19]: 9059
[11:38:20]: 9058
[11:38:20]: 9058
[11:38:20]: 9059
[11:38:20]: 9058
[11:38:21]: 9059
[11:38:21]: 9059
[11:38:21]: 9058
[11:38:22]: 9058
[11:38:22]: 9059
[11:38:22]: 9058
[11:38:23]: 9059
[11:38:23]: 9059
[11:38:23]: 9058
[11:38:24]: 9059
[11:38:24]: 9059
[11:38:24]: 9058
[11:38:24]: 9058
[11:38:25]: 9059
[11:38:25]: 9058
[11:38:25]: 9058
[11:38:26]: 9058
[11:38:26]: 9058
[11:38:26]: 9058
[11:38:26]: 9058
[11:38:27]: 9058
[11:38:27]: 9059
[11:38:27]: 9058
[11:38:28]: 9058
[11:38:28]: 9058
[11:38:28]: 9058
[11:38:29]: 9058
[11:38:29]: 9058
[11:38:29]: 9058
 Close valve LR4
[11:38:29]: W2 OH-
 Open valve LRW2
 Open valve V24
[11:38:30]: 9058
[11:38:30]: 9069
[11:38:30]: 9067
[11:38:31]: 9066
[11:38:31]: 9065
[11:38:31]: 9063
[11:38:32]: 9062
[11:38:32]: 9062
[11:38:32]: 9061
[11:38:32]: 9061
[11:38:33]: 9060
[11:38:33]: 9059
[11:38:33]: 9059
[11:38:34]: 9059
[11:38:34]: 9059
[11:38:34]: 9059
[11:38:35]: 9059
[11:38:35]: 9059
[11:38:35]: 9059
[11:38:36]: 9059
[11:38:36]: 9059
[11:38:36]: 9059
[11:38:36]: 9059
[11:38:37]: 9059
[11:38:37]: 9059
[11:38:37]: 9059
[11:38:38]: 9059
[11:38:38]: 9059
[11:38:38]: 9059
[11:38:39]: 9059
[11:38:39]: 9059
[11:38:39]: 9059
[11:38:40]: 9058
[11:38:40]: 9059
[11:38:40]: 9059
[11:38:40]: 9059
[11:38:41]: 9059
[11:38:41]: 9059
[11:38:41]: 9058
[11:38:42]: 9058
[11:38:42]: 9058
[11:38:42]: 9059
[11:38:43]: 9059
[11:38:43]: 9059
[11:38:43]: 9059
[11:38:44]: 9058
[11:38:44]: 9058
[11:38:44]: 9059
[11:38:45]: 9058
[11:38:45]: 9059
[11:38:45]: 9058
[11:38:45]: 9058
[11:38:46]: 9058
[11:38:46]: 9059
[11:38:46]: 9059
[11:38:47]: 9058
[11:38:47]: 9058
[11:38:47]: 9059
[11:38:48]: 9058
[11:38:48]: 9058
 Close valve V24
 Close valve LRW2
[11:38:48]: CIRCLE H+
 Open valve LR1
[11:38:48]: 9058
[11:38:49]: 9058
[11:38:49]: 9057
[11:38:49]: 9058
[11:38:50]: 9059
[11:38:50]: 9059
[11:38:50]: 9060
[11:38:50]: 9060
[11:38:51]: 9060
[11:38:51]: 9060
[11:38:51]: 9060
[11:38:52]: 9060
[11:38:52]: 9060
[11:38:52]: 9060
[11:38:53]: 9060
[11:38:53]: 9060
[11:38:53]: 9060
[11:38:54]: 9060
[11:38:54]: 9061
[11:38:54]: 9061
[11:38:54]: 9060
[11:38:55]: 9060
[11:38:55]: 9060
[11:38:55]: 9060
[11:38:56]: 9060
[11:38:56]: 9060
[11:38:56]: 9060
[11:38:57]: 9060
[11:38:57]: 9060
[11:38:57]: 9060
[11:38:57]: 9061
[11:38:58]: 9061
[11:38:58]: 9061
[11:38:58]: 9061
[11:38:59]: 9060
[11:38:59]: 9060
[11:38:59]: 9061
[11:39:00]: 9061
[11:39:00]: 9061
[11:39:00]: 9060
[11:39:01]: 9060
[11:39:01]: 9060
[11:39:01]: 9060
[11:39:02]: 9061
[11:39:02]: 9061
[11:39:02]: 9061
[11:39:02]: 9060
[11:39:03]: 9060
[11:39:03]: 9060
[11:39:03]: 9061
[11:39:04]: 9060
[11:39:04]: 9061
[11:39:04]: 9061
[11:39:05]: 9060
[11:39:05]: 9061
[11:39:05]: 9060
[11:39:05]: 9061
[11:39:06]: 9061
[11:39:06]: 9061
[11:39:06]: 9061
 Close valve LR1
[11:39:06]: W2 OH-
 Open valve LRW2
 Open valve V24
[11:39:07]: 9063
[11:39:07]: 9069
[11:39:07]: 9069
[11:39:08]: 9067
[11:39:08]: 9065
[11:39:08]: 9065
[11:39:09]: 9063
[11:39:09]: 9063
[11:39:09]: 9062
[11:39:10]: 9062
[11:39:10]: 9061
[11:39:10]: 9060
[11:39:11]: 9060
[11:39:11]: 9061
[11:39:11]: 9060
[11:39:11]: 9061
[11:39:12]: 9060
[11:39:12]: 9060
[11:39:12]: 9060
[11:39:13]: 9060
[11:39:13]: 9060
[11:39:13]: 9060
[11:39:14]: 9060
[11:39:14]: 9060
[11:39:14]: 9059
[11:39:14]: 9059
[11:39:15]: 9059
[11:39:15]: 9059
[11:39:15]: 9060
[11:39:16]: 9060
[11:39:16]: 9060
[11:39:16]: 9059
[11:39:17]: 9059
[11:39:17]: 9059
[11:39:17]: 9060
[11:39:18]: 9059
[11:39:18]: 9059
[11:39:18]: 9060
[11:39:19]: 9059
[11:39:19]: 9060
[11:39:19]: 9060
[11:39:19]: 9059
[11:39:20]: 9059
[11:39:20]: 9060
[11:39:20]: 9059
[11:39:21]: 9059
[11:39:21]: 9060
[11:39:21]: 9059
[11:39:22]: 9060
[11:39:22]: 9060
[11:39:22]: 9059
[11:39:22]: 9060
[11:39:23]: 9060
[11:39:23]: 9059
[11:39:23]: 9060
[11:39:24]: 9060
[11:39:24]: 9059
[11:39:24]: 9060
[11:39:25]: 9060
[11:39:25]: 9060
 Close valve V24
 Close valve LRW2
[11:39:25]: CROSS H+
 Open valve LR2
[11:39:25]: 9058
[11:39:26]: 9059
[11:39:26]: 9058
[11:39:26]: 9057
[11:39:27]: 9058
[11:39:27]: 9058
[11:39:27]: 9057
[11:39:28]: 9058
[11:39:28]: 9058
[11:39:28]: 9057
[11:39:29]: 9058
[11:39:29]: 9057
[11:39:29]: 9058
[11:39:29]: 9057
[11:39:30]: 9057
[11:39:30]: 9058
[11:39:30]: 9057
[11:39:31]: 9057
[11:39:31]: 9057
[11:39:31]: 9057
[11:39:32]: 9057
[11:39:32]: 9057
[11:39:32]: 9057
[11:39:32]: 9057
[11:39:33]: 9057
[11:39:33]: 9057
[11:39:33]: 9057
[11:39:34]: 9057
[11:39:34]: 9058
[11:39:34]: 9057
[11:39:34]: 9058
[11:39:35]: 9058
[11:39:35]: 9057
[11:39:35]: 9058
[11:39:36]: 9058
[11:39:36]: 9058
[11:39:36]: 9058
[11:39:37]: 9058
[11:39:37]: 9058
[11:39:37]: 9058
[11:39:38]: 9058
[11:39:38]: 9058
[11:39:38]: 9057
[11:39:38]: 9058
[11:39:39]: 9058
[11:39:39]: 9058
[11:39:39]: 9057
[11:39:40]: 9058
[11:39:40]: 9058
[11:39:40]: 9058
[11:39:41]: 9058
[11:39:41]: 9058
[11:39:41]: 9058
[11:39:42]: 9058
[11:39:42]: 9058
[11:39:42]: 9058
[11:39:42]: 9058
[11:39:43]: 9058
[11:39:43]: 9058
[11:39:43]: 9058
 Close valve LR2
[11:39:43]: W2 OH-
 Open valve LRW2
 Open valve V24
[11:39:44]: 9063
[11:39:44]: 9071
[11:39:44]: 9069
[11:39:45]: 9066
[11:39:45]: 9066
[11:39:45]: 9065
[11:39:46]: 9063
[11:39:46]: 9063
[11:39:46]: 9062
[11:39:46]: 9061
[11:39:47]: 9060
[11:39:47]: 9060
[11:39:47]: 9060
[11:39:48]: 9060
[11:39:48]: 9060
[11:39:48]: 9060
[11:39:49]: 9059
[11:39:49]: 9059
[11:39:49]: 9059
[11:39:50]: 9060
[11:39:50]: 9060
[11:39:50]: 9059
[11:39:51]: 9059
[11:39:51]: 9059
[11:39:51]: 9060
[11:39:51]: 9060
[11:39:52]: 9059
[11:39:52]: 9059
[11:39:52]: 9059
[11:39:53]: 9059
[11:39:53]: 9060
[11:39:53]: 9060
[11:39:54]: 9059
[11:39:54]: 9059
[11:39:54]: 9059
[11:39:55]: 9059
[11:39:55]: 9059
[11:39:55]: 9059

