 Close valve HP_IN
 Close valve HP_OUT
 Close valve L1_OUT
 Close valve L2_OUT
 Close valve L3_OUT
 Close valve L_HP
 Close valve LR1
 Close valve LR2
 Close valve LR3
 Close valve LR4
 Close valve LRW2
 Close valve LWASTE
 Close valve R1_4
 Close valve V21
 Close valve V24
 Close valve V4
 Close valve VH
 Close valve W1
 Close valve W2
 Close valve W3
 Open valve HP_IN
 Open valve W2
 Open valve R1_4
 Open valve V21
[16:05:39]: Forward liquid flow activated
[16:05:39]: AIR
 Open valve HP_OUT
 Open valve L_HP
 Open valve V24
 Open valve V21
 Open valve V4
 Close valve V4
 Close valve V21
 Close valve V24
 Close valve L_HP
 Close valve HP_OUT
[16:06:10]: Pump W2
 Open valve LRW2
 Open valve V24
 Open valve V4
 Open valve L2_OUT
 Close valve L2_OUT
 Close valve V4
 Close valve V24
 Close valve LRW2
[16:06:41]: Loop start
[16:06:41]: W2 OH-
 Open valve LRW2
 Open valve V24
[16:06:41]: 9058
[16:06:42]: 9059
[16:06:42]: 9060
[16:06:42]: 9061
[16:06:42]: 9062
[16:06:43]: 9058
[16:06:43]: 9063
[16:06:43]: 9056
[16:06:44]: 9060
[16:06:44]: 9058
[16:06:44]: 9065
[16:06:45]: 9069
[16:06:45]: 9074
[16:06:45]: 9069
[16:06:46]: 9063
[16:06:46]: 9084
[16:06:46]: 9072
[16:06:47]: 9084
[16:06:47]: 9070
[16:06:47]: 9068
[16:06:48]: 9074
[16:06:48]: 9086
[16:06:48]: 9076
[16:06:49]: 9092
[16:06:49]: 9095
[16:06:49]: 9074
[16:06:49]: 9081
[16:06:50]: 9093
[16:06:50]: 9097
[16:06:50]: 9097
[16:06:51]: 9080
[16:06:51]: 9091
[16:06:51]: 9098
[16:06:52]: 9076
[16:06:52]: 9081
[16:06:52]: 9092
[16:06:53]: 9082
[16:06:53]: 9077
[16:06:53]: 9100
[16:06:54]: 9094
[16:06:54]: 9084
[16:06:54]: 9095
[16:06:54]: 9081
[16:06:55]: 9095
[16:06:55]: 9083
[16:06:55]: 9095
[16:06:56]: 9082
[16:06:56]: 9078
[16:06:56]: 9082
[16:06:57]: 9094
[16:06:57]: 9084
[16:06:57]: 9098
[16:06:58]: 9101
[16:06:58]: 9095
[16:06:58]: 9085
[16:06:58]: 9097
[16:06:59]: 9082
[16:06:59]: 9080
[16:06:59]: 9102
[16:07:00]: 9094
 Close valve V24
 Close valve LRW2
[16:07:00]: CIRCLE H+
 Open valve LR1
[16:07:00]: 9033
[16:07:00]: 9754
[16:07:01]: 9736
[16:07:01]: 9726
[16:07:01]: 9721
[16:07:02]: 9718
[16:07:02]: 9719
[16:07:02]: 9719
[16:07:03]: 9720
[16:07:03]: 9726
[16:07:03]: 9721
[16:07:04]: 9723
[16:07:04]: 9729
[16:07:04]: 9726
[16:07:05]: 9730
[16:07:05]: 9731
[16:07:05]: 9731
[16:07:05]: 9734
[16:07:06]: 9735
[16:07:06]: 9737
[16:07:06]: 9741
[16:07:07]: 9742
[16:07:07]: 9737
[16:07:07]: 9740
[16:07:08]: 9744
[16:07:08]: 9743
[16:07:08]: 9746
[16:07:09]: 9746
[16:07:09]: 9747
[16:07:09]: 9751
[16:07:09]: 9749
[16:07:10]: 9748
[16:07:10]: 9755
[16:07:10]: 9755
[16:07:11]: 9754
[16:07:11]: 9754
[16:07:11]: 9756
[16:07:12]: 9757
[16:07:12]: 9757
[16:07:12]: 9760
[16:07:13]: 9759
[16:07:13]: 9762
[16:07:13]: 9764
[16:07:13]: 9760
[16:07:14]: 9763
[16:07:14]: 9762
[16:07:14]: 9764
[16:07:15]: 9765
[16:07:15]: 9764
[16:07:15]: 9769
[16:07:16]: 9764
[16:07:16]: 9765
[16:07:16]: 9768
[16:07:17]: 9769
[16:07:17]: 9769
[16:07:17]: 9770
[16:07:18]: 9772
[16:07:18]: 9769
[16:07:18]: 9768
[16:07:19]: 9775
 Close valve LR1
[16:07:19]: W2 OH-
 Open valve LRW2
 Open valve V24
[16:07:19]: 9754
[16:07:19]: 9803
[16:07:20]: 9811
[16:07:20]: 9807
[16:07:20]: 9813
[16:07:21]: 9828
[16:07:21]: 9710
[16:07:21]: 9149
[16:07:22]: 9130
[16:07:22]: 9122
[16:07:22]: 9108
[16:07:22]: 9079
[16:07:23]: 9078
[16:07:23]: 9076
[16:07:23]: 9051
[16:07:24]: 9066
[16:07:24]: 9057
[16:07:24]: 9047
[16:07:25]: 9058
[16:07:25]: 9045
[16:07:25]: 9044
[16:07:26]: 9068
[16:07:26]: 9064
[16:07:26]: 9080
[16:07:27]: 9065
[16:07:27]: 9081
[16:07:27]: 9083
[16:07:28]: 9092
[16:07:28]: 9110
[16:07:28]: 9127
[16:07:28]: 9117
[16:07:29]: 9126
[16:07:29]: 9138
[16:07:29]: 9151
[16:07:30]: 9135
[16:07:30]: 9160
[16:07:30]: 9159
[16:07:31]: 9154
[16:07:31]: 9165
[16:07:31]: 9156
[16:07:32]: 9155
[16:07:32]: 9174
[16:07:32]: 9169
[16:07:32]: 9172
[16:07:33]: 9162
[16:07:33]: 9169
[16:07:33]: 9177
[16:07:34]: 9177
[16:07:34]: 9187
[16:07:34]: 9187
[16:07:35]: 9172
[16:07:35]: 9185
[16:07:35]: 9178
[16:07:36]: 9172
[16:07:36]: 9193
[16:07:36]: 9190
[16:07:36]: 9195
[16:07:37]: 9187
[16:07:37]: 9180
[16:07:37]: 9195
 Close valve V24
 Close valve LRW2
[16:07:38]: CROSS H+
 Open valve LR2
[16:07:38]: 9128
[16:07:38]: 9813
[16:07:38]: 9767
[16:07:39]: 9748
[16:07:39]: 9743
[16:07:39]: 9739
[16:07:40]: 9737
[16:07:40]: 9737
[16:07:40]: 9734
[16:07:41]: 9733
[16:07:41]: 9733
[16:07:41]: 9737
[16:07:42]: 9735
[16:07:42]: 9737
[16:07:42]: 9739
[16:07:42]: 9740
[16:07:43]: 9742
[16:07:43]: 9741
[16:07:43]: 9742
[16:07:44]: 9743
[16:07:44]: 9749
[16:07:44]: 9749
[16:07:45]: 9749
[16:07:45]: 9750
[16:07:45]: 9752
[16:07:46]: 9754
[16:07:46]: 9754
[16:07:46]: 9754
[16:07:46]: 9760
[16:07:47]: 9761
[16:07:47]: 9761
[16:07:47]: 9762
[16:07:48]: 9763
[16:07:48]: 9764
[16:07:48]: 9764
[16:07:49]: 9768
[16:07:49]: 9770
[16:07:49]: 9771
[16:07:50]: 9768
[16:07:50]: 9770
[16:07:50]: 9771
[16:07:51]: 9770
[16:07:51]: 9770
[16:07:51]: 9770
[16:07:51]: 9769
[16:07:52]: 9770
[16:07:52]: 9775
[16:07:52]: 9774
[16:07:53]: 9773
[16:07:53]: 9771
[16:07:53]: 9774
[16:07:54]: 9774
[16:07:54]: 9778
[16:07:54]: 9779
[16:07:55]: 9779
[16:07:55]: 9775
[16:07:55]: 9777
[16:07:56]: 9777
[16:07:56]: 9776
[16:07:56]: 9774
 Close valve LR2
[16:07:56]: W2 OH-
 Open valve LRW2
 Open valve V24
[16:07:57]: 9755
[16:07:57]: 9809
[16:07:57]: 9816
[16:07:58]: 9817
[16:07:58]: 9816
[16:07:58]: 9811
[16:07:59]: 9812
[16:07:59]: 9803
[16:07:59]: 9803
[16:07:59]: 9795
[16:08:00]: 9790
[16:08:00]: 9788
[16:08:00]: 9763
[16:08:01]: 9707
[16:08:01]: 9570
[16:08:01]: 9126
[16:08:02]: 9087
[16:08:02]: 9059
[16:08:02]: 9047
[16:08:03]: 9056
[16:08:03]: 9044
[16:08:03]: 9033
[16:08:04]: 9030
[16:08:04]: 9046
[16:08:04]: 9040
[16:08:05]: 9043
[16:08:05]: 9053
[16:08:05]: 9044
[16:08:05]: 9047
[16:08:06]: 9045
[16:08:06]: 9045
[16:08:06]: 9058
[16:08:07]: 9076
[16:08:07]: 9069
[16:08:07]: 9076
[16:08:08]: 9102
[16:08:08]: 9105
[16:08:08]: 9107
[16:08:09]: 9112
[16:08:09]: 9125
[16:08:09]: 9143
[16:08:10]: 9142
[16:08:10]: 9154
[16:08:10]: 9150
[16:08:11]: 9163
[16:08:11]: 9172
[16:08:11]: 9154
[16:08:11]: 9161
[16:08:12]: 9175
[16:08:12]: 9169
[16:08:12]: 9182
[16:08:13]: 9186
[16:08:13]: 9169
[16:08:13]: 9177
[16:08:14]: 9182
[16:08:14]: 9176
[16:08:14]: 9193
[16:08:14]: 9175
[16:08:15]: 9175
[16:08:15]: 9184
 Close valve V24
 Close valve LRW2
[16:08:15]: SQUARE H+
 Open valve LR3
[16:08:16]: 9189
[16:08:16]: 9818
[16:08:16]: 9752
[16:08:17]: 9738
[16:08:17]: 9731
[16:08:17]: 9727
[16:08:17]: 9726
[16:08:18]: 9725
[16:08:18]: 9724
[16:08:18]: 9726
[16:08:19]: 9727
[16:08:19]: 9724
[16:08:19]: 9725
[16:08:20]: 9730
[16:08:20]: 9730
[16:08:20]: 9730
[16:08:21]: 9731
[16:08:21]: 9732
[16:08:21]: 9734
[16:08:21]: 9736
[16:08:22]: 9734
[16:08:22]: 9735
[16:08:22]: 9741
[16:08:23]: 9740
[16:08:23]: 9742
[16:08:23]: 9742
[16:08:24]: 9744
[16:08:24]: 9747
[16:08:24]: 9745
[16:08:25]: 9746
[16:08:25]: 9751
[16:08:25]: 9752
[16:08:26]: 9750
[16:08:26]: 9754
[16:08:26]: 9754
[16:08:27]: 9756
[16:08:27]: 9755
[16:08:27]: 9755
[16:08:27]: 9756
[16:08:28]: 9758
[16:08:28]: 9761
[16:08:28]: 9761
[16:08:29]: 9762
[16:08:29]: 9763
[16:08:29]: 9765
[16:08:30]: 9767
[16:08:30]: 9765
[16:08:30]: 9765
[16:08:31]: 9766
[16:08:31]: 9768
[16:08:31]: 9770
[16:08:32]: 9770
[16:08:32]: 9770
[16:08:32]: 9772
[16:08:32]: 9774
[16:08:33]: 9776
[16:08:33]: 9769
[16:08:33]: 9773
[16:08:34]: 9776
[16:08:34]: 9777
 Close valve LR3
[16:08:34]: W2 OH-
 Open valve LRW2
 Open valve V24
[16:08:34]: 9738
[16:08:35]: 9812
[16:08:35]: 9828
[16:08:35]: 9826
[16:08:36]: 9819
[16:08:36]: 9815
[16:08:36]: 9807
[16:08:37]: 9805
[16:08:37]: 9805
[16:08:37]: 9805
[16:08:38]: 9805
[16:08:38]: 9807
[16:08:38]: 9786
[16:08:38]: 9795
[16:08:39]: 9735
[16:08:39]: 9127
[16:08:39]: 9117
[16:08:40]: 9107
[16:08:40]: 9062
[16:08:40]: 9059
[16:08:41]: 9056
[16:08:41]: 9043
[16:08:41]: 9062
[16:08:42]: 9105
[16:08:42]: 9042
[16:08:42]: 9051
[16:08:42]: 9039
[16:08:43]: 9051
[16:08:43]: 9045
[16:08:43]: 9048
[16:08:44]: 9043
[16:08:44]: 9064
[16:08:44]: 9046
[16:08:45]: 9070
[16:08:45]: 9067
[16:08:45]: 9069
[16:08:46]: 9102
[16:08:46]: 9109
[16:08:46]: 9110
[16:08:46]: 9124
[16:08:47]: 9125
[16:08:47]: 9129
[16:08:47]: 9143
[16:08:48]: 9157
[16:08:48]: 9154
[16:08:48]: 9155
[16:08:49]: 9165
[16:08:49]: 9177
[16:08:49]: 9170
[16:08:50]: 9169
[16:08:50]: 9177
[16:08:50]: 9189
[16:08:51]: 9190
[16:08:51]: 9174
[16:08:51]: 9194
[16:08:51]: 9189
[16:08:52]: 9191
[16:08:52]: 9201
[16:08:52]: 9182
[16:08:53]: 9186
 Close valve V24
 Close valve LRW2
[16:08:53]: PLUS H+
 Open valve LR4
[16:08:53]: 9205
[16:08:54]: 9805
[16:08:54]: 9738
[16:08:54]: 9722
[16:08:55]: 9718
[16:08:55]: 9717
[16:08:55]: 9717
[16:08:56]: 9717
[16:08:56]: 9718
[16:08:56]: 9718
[16:08:56]: 9717
[16:08:57]: 9717
[16:08:57]: 9719
[16:08:57]: 9717
[16:08:58]: 9721
[16:08:58]: 9719
[16:08:58]: 9721
[16:08:59]: 9722
[16:08:59]: 9723
[16:08:59]: 9724
[16:09:00]: 9725
[16:09:00]: 9726
[16:09:00]: 9726
[16:09:01]: 9726
[16:09:01]: 9727
[16:09:01]: 9727
[16:09:02]: 9727
[16:09:02]: 9731
[16:09:02]: 9732
[16:09:02]: 9730
[16:09:03]: 9734
[16:09:03]: 9734
[16:09:03]: 9733
[16:09:04]: 9735
[16:09:04]: 9736
[16:09:04]: 9737
[16:09:05]: 9736
[16:09:05]: 9736
[16:09:05]: 9737
[16:09:06]: 9738
[16:09:06]: 9741
[16:09:06]: 9741
[16:09:07]: 9741
[16:09:07]: 9742
[16:09:07]: 9742
[16:09:07]: 9742
[16:09:08]: 9746
[16:09:08]: 9746
[16:09:08]: 9747
[16:09:09]: 9745
[16:09:09]: 9747
[16:09:09]: 9747
[16:09:10]: 9747
[16:09:10]: 9747
[16:09:10]: 9747
[16:09:11]: 9751
[16:09:11]: 9751
[16:09:11]: 9751
[16:09:12]: 9751
[16:09:12]: 9751
 Close valve LR4
[16:09:12]: W2 OH-
 Open valve LRW2
 Open valve V24
[16:09:12]: 9727
[16:09:13]: 9785
[16:09:13]: 9793
[16:09:13]: 9789
[16:09:14]: 9789
[16:09:14]: 9788
[16:09:14]: 9785
[16:09:15]: 9785
[16:09:15]: 9778
[16:09:15]: 9764
[16:09:15]: 9771
[16:09:16]: 9752
[16:09:16]: 9609
[16:09:16]: 9110
[16:09:17]: 9094
[16:09:17]: 9052
[16:09:17]: 9053
[16:09:18]: 9029
[16:09:18]: 9021
[16:09:18]: 9021
[16:09:19]: 9024
[16:09:19]: 9018
[16:09:19]: 9002
[16:09:20]: 9010
[16:09:20]: 9014
[16:09:20]: 9007
[16:09:20]: 9024
[16:09:21]: 9025
[16:09:21]: 9013
[16:09:21]: 9026
[16:09:22]: 9040
[16:09:22]: 9026
[16:09:22]: 9036
[16:09:23]: 9059
[16:09:23]: 9051
[16:09:23]: 9068
[16:09:24]: 9084
[16:09:24]: 9106
[16:09:24]: 9125
[16:09:25]: 9112
[16:09:25]: 9123
[16:09:25]: 9132
[16:09:26]: 9135
[16:09:26]: 9148
[16:09:26]: 9164
[16:09:26]: 9152
[16:09:27]: 9153
[16:09:27]: 9165
[16:09:27]: 9161
[16:09:28]: 9183
[16:09:28]: 9180
[16:09:28]: 9174
[16:09:29]: 9181
[16:09:29]: 9193
[16:09:29]: 9173
[16:09:30]: 9181
[16:09:30]: 9189
[16:09:30]: 9182
[16:09:31]: 9186
[16:09:31]: 9196
 Close valve V24
 Close valve LRW2
[16:09:31]: CIRCLE H+
 Open valve LR1
[16:09:31]: 9049
[16:09:32]: 9730
[16:09:32]: 9668
[16:09:32]: 9662
[16:09:33]: 9660
[16:09:33]: 9659
[16:09:33]: 9656
[16:09:34]: 9656
[16:09:34]: 9658
[16:09:34]: 9658
[16:09:34]: 9658
[16:09:35]: 9657
[16:09:35]: 9656
[16:09:35]: 9658
[16:09:36]: 9658
[16:09:36]: 9656
[16:09:36]: 9656
[16:09:37]: 9659
[16:09:37]: 9658
[16:09:37]: 9659
[16:09:38]: 9659
[16:09:38]: 9659
[16:09:38]: 9661
[16:09:38]: 9659
[16:09:39]: 9660
[16:09:39]: 11105
[16:09:39]: 11348
[16:09:40]: 10716
[16:09:40]: 10607
[16:09:40]: 10285
[16:09:41]: 11371
[16:09:41]: 11403
[16:09:41]: 11382
[16:09:42]: 10810
[16:09:42]: 11024
[16:09:42]: 11140
[16:09:42]: 9656
[16:09:43]: 11563
[16:09:43]: 11682
[16:09:43]: 11769
[16:09:44]: 11814
[16:09:44]: 11842
[16:09:44]: 11858
[16:09:45]: 11876
[16:09:45]: 11893
[16:09:45]: 11903
[16:09:46]: 11912
[16:09:46]: 11913
[16:09:46]: 11920
[16:09:47]: 11926
[16:09:47]: 11937
[16:09:47]: 11934
[16:09:47]: 11938
[16:09:48]: 11948
[16:09:48]: 11943
[16:09:48]: 10648
[16:09:49]: 10907
[16:09:49]: 10813
[16:09:49]: 10842
[16:09:50]: 10854
 Close valve LR1
[16:09:50]: W2 OH-
 Open valve LRW2
 Open valve V24
[16:09:50]: 9705
[16:09:51]: 9764
[16:09:51]: 9762
[16:09:51]: 9756
[16:09:52]: 9748
[16:09:52]: 9739
[16:09:52]: 9739
[16:09:52]: 9036
[16:09:53]: 8999
[16:09:53]: 8996
[16:09:53]: 8993
[16:09:54]: 8988
[16:09:54]: 8986
[16:09:54]: 8982
[16:09:55]: 8976
[16:09:55]: 8975
[16:09:55]: 8971
[16:09:56]: 8975
[16:09:56]: 8970
[16:09:56]: 8972
[16:09:56]: 8972
[16:09:57]: 8975
[16:09:57]: 8978
[16:09:57]: 8984
[16:09:58]: 8990
[16:09:58]: 8997
[16:09:58]: 9010
[16:09:59]: 9020
[16:09:59]: 9025
[16:09:59]: 9035
[16:10:00]: 9043
[16:10:00]: 9049
[16:10:00]: 9058
[16:10:01]: 9062
[16:10:01]: 9065
[16:10:01]: 9068
[16:10:01]: 9077
[16:10:02]: 9079
[16:10:02]: 9080
[16:10:02]: 9081
[16:10:03]: 9087
[16:10:03]: 9085
[16:10:03]: 9088
[16:10:04]: 9089
[16:10:04]: 9096
[16:10:04]: 9095
[16:10:05]: 9095
[16:10:05]: 9098
[16:10:05]: 9100
[16:10:06]: 9100
[16:10:06]: 9100
[16:10:06]: 9104
[16:10:06]: 9100
[16:10:07]: 9100
[16:10:07]: 9106
[16:10:07]: 9104
[16:10:08]: 9104
[16:10:08]: 9108
[16:10:08]: 9108
[16:10:09]: 9106
 Close valve V24
 Close valve LRW2
[16:10:09]: CROSS H+
 Open valve LR2
[16:10:09]: 9274
[16:10:10]: 9650
[16:10:10]: 9895
[16:10:10]: 10758
[16:10:11]: 10910
[16:10:11]: 11661
[16:10:11]: 11969
[16:10:11]: 12075
[16:10:12]: 12028
[16:10:12]: 12021
[16:10:12]: 12080
[16:10:13]: 12103
[16:10:13]: 12149
[16:10:13]: 12193
[16:10:14]: 12206
[16:10:14]: 12219
[16:10:14]: 12224
[16:10:15]: 12227
[16:10:15]: 12228
[16:10:15]: 12229
[16:10:16]: 12230
[16:10:16]: 12231
[16:10:16]: 12230
[16:10:17]: 12223
[16:10:17]: 12227
[16:10:17]: 12226
[16:10:18]: 12220
[16:10:18]: 12224
[16:10:18]: 12222
[16:10:18]: 12219
[16:10:19]: 12210
[16:10:19]: 12167
[16:10:19]: 12215
[16:10:20]: 12227
[16:10:20]: 12232
[16:10:20]: 12232
[16:10:21]: 12232
[16:10:21]: 12230
[16:10:21]: 12228
[16:10:22]: 12221
[16:10:22]: 12219
[16:10:22]: 12222
[16:10:23]: 12215
[16:10:23]: 12218
[16:10:23]: 12216
[16:10:24]: 12214
[16:10:24]: 12207
[16:10:24]: 12206
[16:10:24]: 12205
[16:10:25]: 12214
[16:10:25]: 12218
[16:10:25]: 12216
[16:10:26]: 12209
[16:10:26]: 12213
[16:10:26]: 12212
[16:10:27]: 12210
[16:10:27]: 12204
[16:10:27]: 12202
[16:10:28]: 12206
[16:10:28]: 12198
 Close valve LR2
[16:10:28]: W2 OH-
 Open valve LRW2
 Open valve V24
[16:10:28]: 9796
[16:10:29]: 9786
[16:10:29]: 9740
[16:10:29]: 9715
[16:10:30]: 9703
[16:10:30]: 9704
[16:10:30]: 9685
[16:10:31]: 9403
[16:10:31]: 8975
[16:10:31]: 8974
[16:10:31]: 8975
[16:10:32]: 8970
[16:10:32]: 8970
[16:10:32]: 8967
[16:10:33]: 8963
[16:10:33]: 8959
[16:10:33]: 8956
[16:10:34]: 8956
[16:10:34]: 8957
[16:10:34]: 8959
[16:10:35]: 8960
[16:10:35]: 8961
[16:10:35]: 8963
[16:10:36]: 8968
[16:10:36]: 8980
[16:10:36]: 8990
[16:10:37]: 9003
[16:10:37]: 9014
[16:10:37]: 9023
[16:10:38]: 9033
[16:10:38]: 9047
[16:10:38]: 9055
[16:10:39]: 9060
[16:10:39]: 9069
[16:10:39]: 9073
[16:10:40]: 9075
[16:10:40]: 9083
[16:10:40]: 9087
[16:10:41]: 9089
[16:10:41]: 9093
[16:10:41]: 9095
[16:10:41]: 9095
[16:10:42]: 9100
[16:10:42]: 9098
[16:10:42]: 9099
[16:10:43]: 9107
[16:10:43]: 9102
[16:10:43]: 9106
[16:10:44]: 9108
[16:10:44]: 9107
[16:10:44]: 9113
[16:10:44]: 9109
[16:10:45]: 9112
[16:10:45]: 9115
[16:10:45]: 9113
[16:10:46]: 9118
[16:10:46]: 9120
[16:10:46]: 9120
[16:10:47]: 9118
[16:10:47]: 9121
 Close valve V24
 Close valve LRW2
[16:10:47]: SQUARE H+
 Open valve LR3
[16:10:47]: 8993
[16:10:48]: 9737
[16:10:48]: 9676
[16:10:48]: 9643
[16:10:49]: 9631
[16:10:49]: 9624
[16:10:49]: 9616
[16:10:50]: 9613
[16:10:50]: 9615
[16:10:50]: 9615
[16:10:51]: 9613
[16:10:51]: 9612
[16:10:51]: 9613
[16:10:51]: 9616
[16:10:52]: 9612
[16:10:52]: 9613
[16:10:52]: 9611
[16:10:53]: 9612
[16:10:53]: 9610
[16:10:53]: 9610
[16:10:54]: 9612
[16:10:54]: 9610
[16:10:54]: 9610
[16:10:55]: 9612
[16:10:55]: 9612
[16:10:55]: 9610
[16:10:55]: 9612
[16:10:56]: 9611
[16:10:56]: 9611
[16:10:56]: 9611
[16:10:57]: 9612
[16:10:57]: 9612
[16:10:57]: 9614
[16:10:58]: 9613
[16:10:58]: 9613
[16:10:58]: 9614
[16:10:59]: 9614
[16:10:59]: 9616
[16:10:59]: 9616
[16:11:00]: 9616
[16:11:00]: 9615
[16:11:00]: 9615
[16:11:00]: 9617
[16:11:01]: 9617
[16:11:01]: 9616
[16:11:01]: 9616
[16:11:02]: 9616
[16:11:02]: 9619
[16:11:02]: 9619
[16:11:03]: 9619
[16:11:03]: 9619
[16:11:03]: 9619
[16:11:04]: 9619
[16:11:04]: 9618
[16:11:04]: 9618
[16:11:04]: 9619
[16:11:05]: 9619
[16:11:05]: 9619
[16:11:05]: 9621
[16:11:06]: 9621
 Close valve LR3
[16:11:06]: W2 OH-
 Open valve LRW2
 Open valve V24
[16:11:06]: 9599
[16:11:06]: 9695
[16:11:07]: 9708
[16:11:07]: 9711
[16:11:07]: 9709
[16:11:08]: 9701
[16:11:08]: 9700
[16:11:08]: 9692
[16:11:09]: 9690
[16:11:09]: 9683
[16:11:09]: 9677
[16:11:09]: 9661
[16:11:10]: 9668
[16:11:10]: 8971
[16:11:10]: 9665
[16:11:11]: 9662
[16:11:11]: 9604
[16:11:11]: 9632
[16:11:12]: 8964
[16:11:12]: 8963
[16:11:12]: 8959
[16:11:13]: 9664
[16:11:13]: 8957
[16:11:13]: 8959
[16:11:13]: 8930
[16:11:14]: 8914
[16:11:14]: 8921
[16:11:14]: 8919
[16:11:15]: 8902
[16:11:15]: 8923
[16:11:15]: 8892
[16:11:16]: 8892
[16:11:16]: 8940
[16:11:16]: 8906
[16:11:17]: 8905
[16:11:17]: 8921
[16:11:17]: 8913
[16:11:17]: 8894
[16:11:18]: 8908
[16:11:18]: 8895
[16:11:18]: 8894
[16:11:19]: 8927
[16:11:19]: 8901
[16:11:19]: 8923
[16:11:20]: 8928
[16:11:20]: 8948
[16:11:20]: 8973
[16:11:21]: 8953
[16:11:21]: 8976
[16:11:21]: 9006
[16:11:21]: 9028
[16:11:22]: 9028
[16:11:22]: 9018
[16:11:22]: 9041
[16:11:23]: 9025
[16:11:23]: 9058
[16:11:23]: 9062
[16:11:24]: 9052
[16:11:24]: 9053
[16:11:24]: 9071
 Close valve V24
 Close valve LRW2
[16:11:24]: PLUS H+
 Open valve LR4
[16:11:25]: 8947
[16:11:25]: 9663
[16:11:25]: 9609
[16:11:26]: 9591
[16:11:26]: 9586
[16:11:26]: 9582
[16:11:27]: 9582
[16:11:27]: 9582
[16:11:27]: 9581
[16:11:28]: 9580
[16:11:28]: 9577
[16:11:28]: 9576
[16:11:28]: 9575
[16:11:29]: 9575
[16:11:29]: 9573
[16:11:29]: 9572
[16:11:30]: 9573
[16:11:30]: 9572
[16:11:30]: 9571
[16:11:31]: 9569
[16:11:31]: 9568
[16:11:31]: 9569
[16:11:32]: 9569
[16:11:32]: 9567
[16:11:32]: 9567
[16:11:33]: 9568
[16:11:33]: 9566
[16:11:33]: 9568
[16:11:33]: 9568
[16:11:34]: 9567
[16:11:34]: 9567
[16:11:34]: 9567
[16:11:35]: 9567
[16:11:35]: 9567
[16:11:35]: 9566
[16:11:36]: 9568
[16:11:36]: 9568
[16:11:36]: 9566
[16:11:37]: 9569
[16:11:37]: 9568
[16:11:37]: 9568
[16:11:37]: 9568
[16:11:38]: 9569
[16:11:38]: 9570
[16:11:38]: 9570
[16:11:39]: 9570
[16:11:39]: 9568
[16:11:39]: 9570
[16:11:40]: 9569
[16:11:40]: 9569
[16:11:40]: 9569
[16:11:41]: 9569
[16:11:41]: 9569
[16:11:41]: 9570
[16:11:42]: 9570
[16:11:42]: 9571
[16:11:42]: 9570
[16:11:43]: 9572
[16:11:43]: 9570
[16:11:43]: 9572
 Close valve LR4
[16:11:43]: W2 OH-
 Open valve LRW2
 Open valve V24
[16:11:44]: 9562
[16:11:44]: 9651
[16:11:44]: 9669
[16:11:45]: 9669
[16:11:45]: 9664
[16:11:45]: 9661
[16:11:46]: 9655
[16:11:46]: 9651
[16:11:46]: 9647
[16:11:46]: 9639
[16:11:47]: 9634
[16:11:47]: 9636
[16:11:47]: 9630
[16:11:48]: 9621
[16:11:48]: 9378
[16:11:48]: 8954
[16:11:49]: 8938
[16:11:49]: 8907
[16:11:49]: 8914
[16:11:50]: 8892
[16:11:50]: 8876
[16:11:50]: 8907
[16:11:50]: 8900
[16:11:51]: 8873
[16:11:51]: 8886
[16:11:51]: 8892
[16:11:52]: 8859
[16:11:52]: 8867
[16:11:52]: 8886
[16:11:53]: 8866
[16:11:53]: 8865
[16:11:53]: 8878
[16:11:54]: 8904
[16:11:54]: 8897
[16:11:54]: 8905
[16:11:55]: 8918
[16:11:55]: 8934
[16:11:55]: 8961
[16:11:55]: 8968
[16:11:56]: 8968
[16:11:56]: 9012
[16:11:56]: 9013
[16:11:57]: 8997
[16:11:57]: 9020
[16:11:57]: 9039
[16:11:58]: 9037
[16:11:58]: 9018
[16:11:58]: 9039
[16:11:59]: 9026
[16:11:59]: 9052
[16:11:59]: 9060
[16:11:59]: 9028
[16:12:00]: 9061
[16:12:00]: 9049
[16:12:00]: 9070
[16:12:01]: 9039
[16:12:01]: 9070
[16:12:01]: 9057
[16:12:02]: 9046
[16:12:02]: 9077
 Close valve V24
 Close valve LRW2
[16:12:02]: CIRCLE H+
 Open valve LR1
[16:12:02]: 9683
[16:12:03]: 11506
[16:12:03]: 11893
[16:12:03]: 12212
[16:12:04]: 12390
[16:12:04]: 12542
[16:12:04]: 12696
[16:12:05]: 12802
[16:12:05]: 12932
[16:12:05]: 13017
[16:12:05]: 13099
[16:12:06]: 13164
[16:12:06]: 13222
[16:12:06]: 13265
[16:12:07]: 13308
[16:12:07]: 13340
[16:12:07]: 13366
[16:12:08]: 13382
[16:12:08]: 13399
[16:12:08]: 13411
[16:12:09]: 13424
[16:12:09]: 13433
[16:12:09]: 13439
[16:12:10]: 13442
[16:12:10]: 13447
[16:12:10]: 13451
[16:12:11]: 13443
[16:12:11]: 13426
[16:12:11]: 13437
[16:12:11]: 13443

