 Close valve HP_IN
 Close valve HP_OUT
 Close valve L1_OUT
 Close valve L2_OUT
 Close valve L3_OUT
 Close valve L_HP
 Close valve LR1
 Close valve LR2
 Close valve LR3
 Close valve LR4
 Close valve LRW2
 Close valve LWASTE
 Close valve R1_4
 Close valve V21
 Close valve V24
 Close valve V4
 Close valve VH
 Close valve W1
 Close valve W2
 Close valve W3
[16:46:40]: Activate forward liquid flow
 Open valve HP_IN
 Open valve W2
 Open valve R1_4
 Open valve V21
[16:46:40]: Forward liquid flow activated
[16:46:40]: Air blow start
 Open valve HP_OUT
 Open valve L_HP
 Open valve V24
 Close valve V24
 Close valve L_HP
 Close valve HP_OUT
[16:47:40]: Air blow finish
[16:47:40]: Flow W2 start
 Open valve W2
 Open valve LRW2
 Open valve V24
 Close valve V24
 Close valve LRW2
[16:48:41]: Flow W2 finished
 Open valve W2
[16:48:41]: Loop start
 Open valve LRW2
 Open valve V24
[16:48:41]: H20 at W2
[16:48:41]: 12413
[16:48:41]: 12256
[16:48:42]: 12198
[16:48:42]: 12147
[16:48:42]: 12049
[16:48:43]: 12011
[16:48:43]: 11962
[16:48:43]: 11949
[16:48:44]: 11910
[16:48:44]: 11892
[16:48:44]: 11861
[16:48:44]: 11840
[16:48:45]: 11799
[16:48:45]: 11776
[16:48:45]: 11743
[16:48:46]: 11721
[16:48:46]: 11705
[16:48:46]: 11706
[16:48:47]: 11668
[16:48:47]: 11649
[16:48:47]: 11642
[16:48:48]: 11610
[16:48:48]: 11595
[16:48:48]: 11585
[16:48:49]: 11562
[16:48:49]: 11542
[16:48:49]: 11523
[16:48:50]: 11505
[16:48:50]: 11495
[16:48:50]: 11465
[16:48:51]: 11450
[16:48:51]: 11439
[16:48:51]: 11423
[16:48:52]: 11396
[16:48:52]: 11380
[16:48:52]: 11366
[16:48:53]: 11363
[16:48:53]: 11335
[16:48:53]: 11319
[16:48:54]: 11295
[16:48:54]: 11282
[16:48:54]: 11270
[16:48:55]: 11247
[16:48:55]: 11236
[16:48:55]: 11227
[16:48:56]: 11213
[16:48:56]: 11200
[16:48:56]: 11180
[16:48:57]: 11170
[16:48:57]: 11160
[16:48:57]: 11148
[16:48:57]: 11134
[16:48:58]: 11125
[16:48:58]: 11114
[16:48:58]: 11113
[16:48:59]: 11093
[16:48:59]: 11100
[16:48:59]: 11084
[16:49:00]: 11076
[16:49:00]: 11060
[16:49:00]: 11035
[16:49:01]: 11029
[16:49:01]: 11020
[16:49:01]: 11019
[16:49:02]: 10996
[16:49:02]: 10984
[16:49:02]: 10976
[16:49:02]: 10969
[16:49:03]: 10961
[16:49:03]: 10942
[16:49:03]: 10934
[16:49:04]: 10924
[16:49:04]: 10915
[16:49:04]: 10906
[16:49:05]: 10897
[16:49:05]: 10891
[16:49:05]: 10891
[16:49:06]: 10879
[16:49:06]: 10864
[16:49:06]: 10859
[16:49:06]: 10851
[16:49:07]: 10843
[16:49:07]: 10846
[16:49:07]: 10830
[16:49:08]: 10822
[16:49:08]: 10815
[16:49:08]: 10811
[16:49:09]: 10822
[16:49:09]: 10799
[16:49:09]: 10786
[16:49:10]: 10777
[16:49:10]: 10759
[16:49:10]: 10753
[16:49:11]: 10750
[16:49:11]: 10747
[16:49:11]: 10736
[16:49:11]: 10738
[16:49:12]: 10730
[16:49:12]: 10717
[16:49:12]: 10758
[16:49:13]: 10898
[16:49:13]: 10859
[16:49:13]: 10836
[16:49:14]: 10798
[16:49:14]: 10772
[16:49:14]: 10829
[16:49:15]: 10762
[16:49:15]: 10718
[16:49:15]: 10689
[16:49:15]: 10691
[16:49:16]: 10658
[16:49:16]: 10658
[16:49:16]: 10644
[16:49:17]: 10630
[16:49:17]: 10619
[16:49:17]: 10613
[16:49:18]: 10601
[16:49:18]: 10590
[16:49:18]: 10591
[16:49:19]: 10577
[16:49:19]: 10558
[16:49:19]: 10551
[16:49:20]: 10546
[16:49:20]: 10540
[16:49:20]: 10529
[16:49:20]: 10524
[16:49:21]: 10519
[16:49:21]: 10519
[16:49:21]: 10501
[16:49:22]: 10494
[16:49:22]: 10490
[16:49:22]: 10484
[16:49:23]: 10472
[16:49:23]: 10467
[16:49:23]: 10460
[16:49:24]: 10457
[16:49:24]: 10452
[16:49:24]: 10437
[16:49:25]: 10431
[16:49:25]: 10430
[16:49:25]: 10425
[16:49:26]: 10414
[16:49:26]: 10410
[16:49:26]: 10411
[16:49:26]: 10403
[16:49:27]: 10389
[16:49:27]: 10384
[16:49:27]: 10379
[16:49:28]: 10377
[16:49:28]: 10375
 Close valve V24
 Close valve LRW2
 Open valve LR1
[16:49:29]: pH 7.55 at LR1
[16:49:29]: 9447
[16:49:30]: 9499
[16:49:30]: 9561
[16:49:30]: 9631
[16:49:31]: 9699
[16:49:31]: 9729
[16:49:31]: 9758
[16:49:32]: 9771
[16:49:32]: 9784
[16:49:32]: 9792
[16:49:33]: 9804
[16:49:33]: 9810
[16:49:33]: 9815
[16:49:33]: 9820
[16:49:34]: 9828
[16:49:34]: 9832
[16:49:34]: 9835
[16:49:35]: 9838
[16:49:35]: 9841
[16:49:35]: 9849
[16:49:36]: 9852
[16:49:36]: 9855
[16:49:36]: 9857
[16:49:37]: 9860
[16:49:37]: 9867
[16:49:37]: 9870
[16:49:37]: 9873
[16:49:38]: 9874
[16:49:38]: 9877
[16:49:38]: 9883
[16:49:39]: 9886
[16:49:39]: 9889
[16:49:39]: 9890
[16:49:40]: 9893
[16:49:40]: 9895
[16:49:40]: 9902
[16:49:41]: 9905
[16:49:41]: 9906
[16:49:41]: 9909
[16:49:41]: 9916
[16:49:42]: 9919
[16:49:42]: 9922
[16:49:42]: 9923
[16:49:43]: 9930
[16:49:43]: 9933
[16:49:43]: 9935
[16:49:44]: 9937
[16:49:44]: 9939
[16:49:44]: 9947
[16:49:45]: 9949
[16:49:45]: 9952
[16:49:45]: 9953
[16:49:46]: 9956
[16:49:46]: 9963
[16:49:46]: 9966
[16:49:46]: 9967
[16:49:47]: 9970
[16:49:47]: 9973
[16:49:47]: 9980
[16:49:48]: 9983
[16:49:48]: 9985
[16:49:48]: 9986
[16:49:49]: 9989
[16:49:49]: 9996
[16:49:49]: 9999
[16:49:50]: 10000
[16:49:50]: 10003
[16:49:50]: 10010
[16:49:50]: 10013
[16:49:51]: 10014
[16:49:51]: 10016
[16:49:51]: 10019
[16:49:52]: 10026
[16:49:52]: 10029
[16:49:52]: 10030
[16:49:53]: 10032
[16:49:53]: 10039
[16:49:53]: 10042
[16:49:54]: 10043
[16:49:54]: 10045
[16:49:54]: 10053
[16:49:55]: 10055
[16:49:55]: 10058
[16:49:55]: 10059
[16:49:55]: 10061
[16:49:56]: 10068
[16:49:56]: 10071
[16:49:56]: 10071
[16:49:57]: 10074
[16:49:57]: 10076
[16:49:57]: 10084
[16:49:58]: 10084
[16:49:58]: 10086
[16:49:58]: 10089
[16:49:59]: 10096
[16:49:59]: 10099
[16:49:59]: 10099
[16:50:00]: 10102
[16:50:00]: 10105
[16:50:00]: 10112
[16:50:00]: 10114
[16:50:01]: 10114
[16:50:01]: 10117
[16:50:01]: 10124
[16:50:02]: 10124
[16:50:02]: 10127
[16:50:02]: 10134
[16:50:03]: 10137
[16:50:03]: 10139
[16:50:03]: 10139
[16:50:04]: 10141
[16:50:04]: 10144
[16:50:04]: 10151
[16:50:05]: 10154
[16:50:05]: 10153
[16:50:05]: 10156
[16:50:05]: 10163
[16:50:06]: 10166
[16:50:06]: 10165
[16:50:06]: 10167
[16:50:07]: 10175
[16:50:07]: 10176
[16:50:07]: 10176
[16:50:08]: 10178
[16:50:08]: 10180
[16:50:08]: 10188
[16:50:09]: 10187
[16:50:09]: 10189
[16:50:09]: 10191
[16:50:10]: 10198
[16:50:10]: 10201
[16:50:10]: 10199
[16:50:10]: 10202
[16:50:11]: 10204
[16:50:11]: 10211
[16:50:11]: 10213
[16:50:12]: 10212
[16:50:12]: 10214
[16:50:12]: 10216
[16:50:13]: 10223
[16:50:13]: 10226
[16:50:13]: 10224
[16:50:14]: 10231
[16:50:14]: 10233
[16:50:14]: 10236
[16:50:15]: 10234
[16:50:15]: 10236
[16:50:15]: 10244
[16:50:15]: 10246
[16:50:16]: 10244
 Close valve LR1
 Open valve LRW2
 Open valve V24
[16:50:17]: H20 at W2
[16:50:17]: 10258
[16:50:18]: 10264
[16:50:18]: 10277
[16:50:18]: 10285
[16:50:18]: 10297
[16:50:19]: 10315
[16:50:19]: 10319
[16:50:19]: 10322
[16:50:20]: 10327
[16:50:20]: 10339
[16:50:20]: 10341
[16:50:21]: 10340
[16:50:21]: 10342
[16:50:21]: 10344
[16:50:22]: 10351
[16:50:22]: 10356
[16:50:22]: 10352
[16:50:23]: 10357
[16:50:23]: 10364
[16:50:23]: 10366
[16:50:23]: 10364
[16:50:24]: 10364
[16:50:24]: 10361
[16:50:24]: 10368
[16:50:25]: 10365
[16:50:25]: 10361
[16:50:25]: 10360
[16:50:26]: 10363
[16:50:26]: 10368
[16:50:26]: 10375
[16:50:27]: 10370
[16:50:27]: 10372
[16:50:27]: 10379
[16:50:27]: 10374
[16:50:28]: 10377
[16:50:28]: 10366
[16:50:28]: 10378
[16:50:29]: 10365
[16:50:29]: 10369
[16:50:29]: 10358
[16:50:30]: 10372
[16:50:30]: 10363
[16:50:30]: 10383
[16:50:31]: 10364
[16:50:31]: 10382
[16:50:31]: 10371
[16:50:32]: 10379
[16:50:32]: 10366
[16:50:32]: 10364
[16:50:32]: 10353
[16:50:33]: 10351
[16:50:33]: 10349
[16:50:33]: 10337
[16:50:34]: 10342
[16:50:34]: 10363
[16:50:34]: 10347
[16:50:35]: 10359
[16:50:35]: 10353
[16:50:35]: 10342
[16:50:36]: 10385
[16:50:36]: 10356
[16:50:36]: 10378
[16:50:37]: 10360
[16:50:37]: 10358
[16:50:37]: 10368
[16:50:38]: 10360
[16:50:38]: 10362
[16:50:38]: 10334
[16:50:39]: 10314
[16:50:39]: 10324
[16:50:39]: 10327
[16:50:40]: 10340
[16:50:40]: 10350
[16:50:40]: 10343
[16:50:41]: 10319
[16:50:41]: 10323
[16:50:41]: 10309
[16:50:42]: 10309
[16:50:42]: 10329
[16:50:42]: 10312
[16:50:43]: 10317
[16:50:43]: 10313
[16:50:43]: 10312
[16:50:44]: 10295
[16:50:44]: 10336
[16:50:44]: 10318
[16:50:45]: 10303
[16:50:45]: 10310
[16:50:45]: 10305
[16:50:46]: 10286
[16:50:46]: 10267
[16:50:46]: 10271
[16:50:47]: 10266
[16:50:47]: 10255
[16:50:47]: 10272
[16:50:48]: 10258
[16:50:48]: 10291
[16:50:48]: 10277
[16:50:49]: 10281
[16:50:49]: 10265
[16:50:49]: 10267
[16:50:50]: 10247
[16:50:50]: 10236
[16:50:50]: 10220
[16:50:51]: 10243
[16:50:51]: 10245
[16:50:51]: 10239
[16:50:52]: 10246
[16:50:52]: 10248
[16:50:52]: 10247
[16:50:53]: 10247
[16:50:53]: 10233
[16:50:53]: 10225
[16:50:54]: 10207
[16:50:54]: 10233
[16:50:54]: 10223
[16:50:55]: 10223
[16:50:55]: 10242
[16:50:55]: 10244
[16:50:56]: 10252
[16:50:56]: 10263
[16:50:56]: 10278
[16:50:56]: 10289
[16:50:57]: 10276
[16:50:57]: 10263
[16:50:57]: 10263
[16:50:58]: 10251
[16:50:58]: 10256
[16:50:58]: 10249
[16:50:59]: 10246
[16:50:59]: 10238
[16:50:59]: 10235
[16:51:00]: 10242
[16:51:00]: 10232
[16:51:00]: 10244
[16:51:01]: 10247
[16:51:01]: 10233
[16:51:01]: 10235
[16:51:01]: 10220
[16:51:02]: 10233
[16:51:02]: 10230
[16:51:02]: 10232
[16:51:03]: 10218
[16:51:03]: 10219
[16:51:03]: 10220
[16:51:04]: 10195
[16:51:04]: 10181
[16:51:04]: 10204
[16:51:05]: 10201
[16:51:05]: 10204
 Close valve V24
 Close valve LRW2
 Open valve LR2
[16:51:06]: H2SO4 at LR2
[16:51:06]: 10070
[16:51:07]: 10070
[16:51:07]: 10069
[16:51:07]: 10067
[16:51:08]: 10060
[16:51:08]: 10045
[16:51:08]: 10037
[16:51:09]: 10029
[16:51:09]: 10020
[16:51:09]: 10013
[16:51:09]: 9999
[16:51:10]: 9993
[16:51:10]: 9988
[16:51:10]: 9983
[16:51:11]: 9979
[16:51:11]: 9970
[16:51:11]: 9968
[16:51:12]: 9961
[16:51:12]: 9959
[16:51:12]: 9959
[16:51:13]: 9954
[16:51:13]: 9953
[16:51:13]: 9954
[16:51:14]: 9953
[16:51:14]: 9949
[16:51:14]: 9948
[16:51:15]: 9951
[16:51:15]: 9950
[16:51:15]: 9947
[16:51:16]: 9947
[16:51:16]: 9950
[16:51:16]: 9947
[16:51:17]: 9950
[16:51:17]: 9950
[16:51:17]: 9947
[16:51:18]: 9950
[16:51:18]: 9950
[16:51:18]: 9947
[16:51:19]: 9947
[16:51:19]: 9950
[16:51:19]: 9950
[16:51:20]: 9948
[16:51:20]: 9951
[16:51:20]: 9951
[16:51:21]: 9949
[16:51:21]: 9952
[16:51:21]: 9952
[16:51:22]: 9949
[16:51:22]: 9949
[16:51:22]: 9952
[16:51:23]: 9950
[16:51:23]: 9949
[16:51:23]: 9953
[16:51:24]: 9950
[16:51:24]: 9950
[16:51:24]: 9953
[16:51:25]: 9953
[16:51:25]: 9951
[16:51:25]: 9951
[16:51:26]: 9954
[16:51:26]: 9954
[16:51:26]: 9952
[16:51:27]: 9952
[16:51:27]: 9952
[16:51:27]: 9955
[16:51:28]: 9955
[16:51:28]: 9953
[16:51:28]: 9953
[16:51:28]: 9956
[16:51:29]: 9956
[16:51:29]: 9953
[16:51:29]: 9956
[16:51:30]: 9957
[16:51:30]: 9956
[16:51:30]: 9953
[16:51:31]: 9956
[16:51:31]: 9956
[16:51:31]: 9956
[16:51:32]: 9953
[16:51:32]: 9953
[16:51:32]: 9956
[16:51:33]: 9956
[16:51:33]: 9953
[16:51:33]: 9953
[16:51:34]: 9956
[16:51:34]: 9956
[16:51:34]: 9953
[16:51:34]: 9953
[16:51:35]: 9953
[16:51:35]: 9956
[16:51:35]: 9956
[16:51:36]: 9953
[16:51:36]: 9953
[16:51:36]: 9953
[16:51:37]: 9955
[16:51:37]: 9955
[16:51:37]: 9952
[16:51:38]: 9953
[16:51:38]: 9956
[16:51:38]: 9957
[16:51:38]: 9953
[16:51:39]: 9954
[16:51:39]: 9953
[16:51:39]: 9956
[16:51:40]: 9956
[16:51:40]: 9953
[16:51:40]: 9953
[16:51:41]: 9952
[16:51:41]: 9955
[16:51:41]: 9955
[16:51:42]: 9952
[16:51:42]: 9952
[16:51:42]: 9952
[16:51:42]: 9954
[16:51:43]: 9955
[16:51:43]: 9952
[16:51:43]: 9952
[16:51:44]: 9951
[16:51:44]: 9954
[16:51:44]: 9954
[16:51:45]: 9951
[16:51:45]: 9950
[16:51:45]: 9953
[16:51:46]: 9953
[16:51:46]: 9953
[16:51:46]: 9950
[16:51:47]: 9950
[16:51:47]: 9952
[16:51:47]: 9953
[16:51:48]: 9949
[16:51:48]: 9952
[16:51:48]: 9952
[16:51:48]: 9952
[16:51:49]: 9949
[16:51:49]: 9948
[16:51:49]: 9951
[16:51:50]: 9951
[16:51:50]: 9952
[16:51:50]: 9948
[16:51:51]: 9948
[16:51:51]: 9951
[16:51:51]: 9950
[16:51:52]: 9947
[16:51:52]: 9947
[16:51:52]: 9949
[16:51:52]: 9949
[16:51:53]: 9946
[16:51:53]: 9946
[16:51:53]: 9946
[16:51:54]: 9949
 Close valve LR2
 Open valve LRW2
 Open valve V24
[16:51:55]: H20 at W2
[16:51:55]: 9951
[16:51:55]: 9948
[16:51:56]: 9962
[16:51:56]: 9980
[16:51:56]: 9988
[16:51:57]: 9999
[16:51:57]: 10238
[16:51:57]: 10269
[16:51:58]: 10007
[16:51:58]: 10010
[16:51:58]: 10012
[16:51:59]: 10016
[16:51:59]: 10023
[16:51:59]: 10029
[16:52:00]: 10028
[16:52:00]: 10035
[16:52:00]: 10039
[16:52:01]: 10037
[16:52:01]: 10044
[16:52:01]: 10046
[16:52:02]: 10044
[16:52:02]: 10054
[16:52:02]: 10053
[16:52:03]: 10050
[16:52:03]: 10056
[16:52:03]: 10053
[16:52:04]: 10051
[16:52:04]: 10060
[16:52:04]: 10054
[16:52:05]: 10055
[16:52:05]: 10063
[16:52:05]: 10056
[16:52:06]: 10058
[16:52:06]: 10068
[16:52:06]: 10056
[16:52:07]: 10062
[16:52:07]: 10053
[16:52:07]: 10058
[16:52:08]: 10055
[16:52:08]: 10050
[16:52:08]: 10059
[16:52:09]: 10061
[16:52:09]: 10069
[16:52:09]: 10061
[16:52:10]: 10061
[16:52:10]: 10048
[16:52:10]: 10062
[16:52:11]: 10046
[16:52:11]: 10050
[16:52:11]: 10039
[16:52:12]: 10044
[16:52:12]: 10043
[16:52:12]: 10036
[16:52:13]: 10039
[16:52:13]: 10035
[16:52:13]: 10032
[16:52:14]: 10030
[16:52:14]: 10029
[16:52:14]: 10038
[16:52:14]: 10043
[16:52:15]: 10034
[16:52:15]: 10036
[16:52:15]: 10036
[16:52:16]: 10035
[16:52:16]: 10021
[16:52:16]: 10021
[16:52:17]: 10012
[16:52:17]: 10016
[16:52:17]: 10018
[16:52:18]: 10006
[16:52:18]: 10005
[16:52:18]: 10006
[16:52:19]: 10009
[16:52:19]: 10001
[16:52:19]: 10006
[16:52:19]: 10007
[16:52:20]: 10015
[16:52:20]: 10008
[16:52:20]: 9998
[16:52:21]: 10001
[16:52:21]: 9989
[16:52:21]: 9994
[16:52:22]: 9998
[16:52:22]: 9989
[16:52:22]: 9995
[16:52:23]: 9995
[16:52:23]: 9990
[16:52:23]: 9983
[16:52:24]: 9985
[16:52:24]: 9987
[16:52:24]: 9996
[16:52:24]: 9971
[16:52:25]: 9984
[16:52:25]: 9979
[16:52:25]: 9986
[16:52:26]: 9984
[16:52:26]: 9983
[16:52:26]: 9990
[16:52:27]: 9989
[16:52:27]: 9987
[16:52:27]: 9978
[16:52:28]: 9952
[16:52:28]: 9979
[16:52:28]: 10007
[16:52:28]: 10002
[16:52:29]: 9963
[16:52:29]: 9969
[16:52:29]: 9980
[16:52:30]: 9947
[16:52:30]: 9954
[16:52:30]: 10002
[16:52:31]: 10019
[16:52:31]: 10027
[16:52:31]: 10036
[16:52:32]: 10005
[16:52:32]: 9993
[16:52:32]: 10000
[16:52:33]: 9958
[16:52:33]: 9927
[16:52:33]: 9969
[16:52:34]: 10015
[16:52:34]: 9981
[16:52:34]: 10006
[16:52:34]: 10012
[16:52:35]: 10007
[16:52:35]: 10008
[16:52:35]: 9999
[16:52:36]: 10006
[16:52:36]: 10016
[16:52:36]: 10008
[16:52:37]: 10006
[16:52:37]: 10014
[16:52:37]: 10017
[16:52:38]: 10026
[16:52:38]: 10022
[16:52:38]: 10023
[16:52:39]: 10019
[16:52:39]: 10019
[16:52:39]: 10016
[16:52:39]: 10016
[16:52:40]: 10002
[16:52:40]: 9995
[16:52:40]: 10003
[16:52:41]: 10009
[16:52:41]: 10005
[16:52:41]: 10002
[16:52:42]: 9992
[16:52:42]: 9995
[16:52:42]: 10021
[16:52:43]: 10009
 Close valve V24
 Close valve LRW2
 Open valve LR1
[16:52:44]: pH 7.55 at LR1
[16:52:44]: 9879
[16:52:44]: 9882
[16:52:45]: 9892
[16:52:45]: 9889
[16:52:45]: 9881
[16:52:45]: 9876
[16:52:46]: 9870
[16:52:46]: 9864
[16:52:46]: 9853
[16:52:47]: 9848
[16:52:47]: 9842
[16:52:47]: 9838
[16:52:48]: 9834
[16:52:48]: 9826
[16:52:48]: 9823
[16:52:49]: 9821
[16:52:49]: 9821
[16:52:49]: 9817
[16:52:50]: 9818
[16:52:50]: 9820
[16:52:50]: 9820
[16:52:50]: 9821
[16:52:51]: 9821
[16:52:51]: 9822
[16:52:51]: 9823
[16:52:52]: 9828
[16:52:52]: 9831
[16:52:52]: 9832
[16:52:53]: 9834
[16:52:53]: 9836
[16:52:53]: 9841
[16:52:54]: 9843
[16:52:54]: 9846
[16:52:54]: 9849
[16:52:55]: 9857
[16:52:55]: 9859
[16:52:55]: 9863
[16:52:55]: 9871
[16:52:56]: 9874
[16:52:56]: 9877
[16:52:56]: 9879
[16:52:57]: 9882
[16:52:57]: 9889
[16:52:57]: 9892
[16:52:58]: 9894
[16:52:58]: 9898
[16:52:58]: 9906
[16:52:59]: 9909
[16:52:59]: 9911
[16:52:59]: 9914
[16:53:00]: 9921
[16:53:00]: 9923
[16:53:00]: 9927
[16:53:00]: 9928
[16:53:01]: 9931
[16:53:01]: 9938
[16:53:01]: 9942
[16:53:02]: 9943
[16:53:02]: 9947
[16:53:02]: 9948
[16:53:03]: 9954
[16:53:03]: 9957
[16:53:03]: 9959
[16:53:04]: 9962
[16:53:04]: 9969
[16:53:04]: 9970
[16:53:05]: 9973
[16:53:05]: 9975
[16:53:05]: 9982
[16:53:06]: 9983
[16:53:06]: 9986
[16:53:06]: 9988
[16:53:06]: 9995
[16:53:07]: 9998
[16:53:07]: 9999
[16:53:07]: 10001
[16:53:08]: 10008
[16:53:08]: 10011
[16:53:08]: 10013
[16:53:09]: 10014
[16:53:09]: 10015
[16:53:09]: 10022
[16:53:10]: 10024
[16:53:10]: 10025
[16:53:10]: 10026
[16:53:11]: 10028
[16:53:11]: 10036
[16:53:11]: 10038
[16:53:11]: 10038
[16:53:12]: 10040
[16:53:12]: 10047
[16:53:12]: 10049
[16:53:13]: 10049
[16:53:13]: 10051
[16:53:13]: 10058
[16:53:14]: 10060
[16:53:14]: 10059
[16:53:14]: 10062
[16:53:15]: 10069
[16:53:15]: 10070
[16:53:15]: 10070
[16:53:16]: 10071
[16:53:16]: 10077
[16:53:16]: 10079
[16:53:17]: 10081
[16:53:17]: 10080
[16:53:17]: 10082
[16:53:17]: 10088
[16:53:18]: 10090
[16:53:18]: 10088
[16:53:18]: 10090
[16:53:19]: 10091
[16:53:19]: 10097
[16:53:19]: 10096
[16:53:20]: 10097
[16:53:20]: 10098
[16:53:20]: 10104
[16:53:21]: 10106
[16:53:21]: 10107
[16:53:21]: 10105
[16:53:21]: 10107
[16:53:22]: 10112
[16:53:22]: 10114
[16:53:22]: 10112
[16:53:23]: 10113
[16:53:23]: 10114
[16:53:23]: 10120
[16:53:24]: 10121
[16:53:24]: 10119
[16:53:24]: 10120
[16:53:25]: 10126
[16:53:25]: 10127
[16:53:25]: 10125
[16:53:26]: 10126
[16:53:26]: 10132
[16:53:26]: 10133
[16:53:27]: 10130
[16:53:27]: 10132
[16:53:27]: 10137
[16:53:27]: 10139
[16:53:28]: 10136
[16:53:28]: 10137
[16:53:28]: 10143
[16:53:29]: 10144
[16:53:29]: 10145
[16:53:29]: 10142
[16:53:30]: 10143
[16:53:30]: 10144
[16:53:30]: 10149
[16:53:31]: 10150
 Close valve LR1
 Open valve LRW2
 Open valve V24
[16:53:32]: H20 at W2
[16:53:32]: 10158
[16:53:32]: 10168
[16:53:33]: 10183
[16:53:33]: 10196
[16:53:33]: 10207
[16:53:33]: 10217
[16:53:34]: 10235
[16:53:34]: 10242
[16:53:34]: 10243
[16:53:35]: 10243
[16:53:35]: 10246
[16:53:35]: 10256
[16:53:36]: 10262
[16:53:36]: 10266
[16:53:36]: 10269
[16:53:37]: 10271
[16:53:37]: 10277
[16:53:37]: 10279
[16:53:38]: 10276
[16:53:38]: 10283
[16:53:38]: 10285
[16:53:38]: 10281
[16:53:39]: 10285
[16:53:39]: 10289
[16:53:39]: 10293
[16:53:40]: 10294
[16:53:40]: 10292
[16:53:40]: 10290
[16:53:41]: 10284
[16:53:41]: 10292
[16:53:41]: 10290
[16:53:42]: 10286
[16:53:42]: 10289
[16:53:42]: 10290
[16:53:43]: 10297
[16:53:43]: 10287
[16:53:43]: 10301
[16:53:43]: 10299
[16:53:44]: 10315
[16:53:44]: 10302
[16:53:44]: 10311
[16:53:45]: 10302
[16:53:45]: 10316
[16:53:45]: 10300
[16:53:46]: 10307
[16:53:46]: 10295
[16:53:46]: 10303
[16:53:47]: 10295
[16:53:47]: 10291
[16:53:47]: 10292
[16:53:48]: 10292
[16:53:48]: 10299
[16:53:48]: 10285
[16:53:49]: 10301
[16:53:49]: 10295
[16:53:49]: 10285
[16:53:50]: 10293
[16:53:50]: 10286
[16:53:50]: 10277
[16:53:51]: 10284
[16:53:51]: 10281
[16:53:51]: 10293
[16:53:52]: 10279
[16:53:52]: 10276
[16:53:52]: 10286
[16:53:53]: 10273
[16:53:53]: 10289
[16:53:53]: 10283
[16:53:54]: 10263
[16:53:54]: 10262
[16:53:54]: 10261
[16:53:55]: 10259
[16:53:55]: 10255
[16:53:55]: 10261
[16:53:56]: 10245
[16:53:56]: 10256
[16:53:56]: 10249
[16:53:57]: 10240
[16:53:57]: 10260
[16:53:57]: 10272
[16:53:58]: 10221
[16:53:58]: 10234
[16:53:58]: 10228
[16:53:59]: 10248
[16:53:59]: 10254
[16:53:59]: 10222
[16:54:00]: 10224
[16:54:00]: 10232
[16:54:00]: 10236
[16:54:01]: 10180
[16:54:01]: 10189
[16:54:01]: 10314
[16:54:02]: 10284
[16:54:02]: 10270
[16:54:02]: 10184
[16:54:03]: 10186
[16:54:03]: 10281
[16:54:03]: 10268
[16:54:04]: 10249
[16:54:04]: 10174
[16:54:04]: 10175
[16:54:05]: 10173
[16:54:05]: 10263
[16:54:05]: 10282
[16:54:06]: 10236
[16:54:06]: 10266
[16:54:06]: 10260
[16:54:07]: 10268
[16:54:07]: 10256
[16:54:07]: 10239
[16:54:08]: 10212
[16:54:08]: 10230
[16:54:08]: 10240
[16:54:09]: 10246
[16:54:09]: 10256
[16:54:09]: 10269
[16:54:10]: 10243
[16:54:10]: 10330
[16:54:10]: 10385
[16:54:11]: 10344
[16:54:11]: 10244
[16:54:12]: 10044
[16:54:12]: 10079
[16:54:12]: 10311
[16:54:13]: 10166
[16:54:13]: 10223
[16:54:13]: 10193
[16:54:14]: 10061
[16:54:14]: 10042
[16:54:14]: 10255
[16:54:15]: 10243
[16:54:15]: 10238
[16:54:15]: 10121
[16:54:16]: 10121
[16:54:16]: 10105
[16:54:16]: 10187
[16:54:17]: 10278
[16:54:17]: 10218
[16:54:17]: 10265
[16:54:18]: 10268
[16:54:18]: 10297
[16:54:18]: 10310
[16:54:19]: 10332
[16:54:19]: 10331
[16:54:19]: 10337
[16:54:20]: 10327
[16:54:20]: 10352
[16:54:20]: 10298
[16:54:21]: 10337
[16:54:21]: 10340
 Close valve V24
 Close valve LRW2
 Open valve LR2
[16:54:22]: H2SO4 at LR2
[16:54:22]: 10030
[16:54:23]: 10039
[16:54:23]: 10039
[16:54:23]: 10032
[16:54:24]: 10028
[16:54:24]: 10022
[16:54:24]: 10010
[16:54:24]: 10005
[16:54:25]: 10000
[16:54:25]: 9996
[16:54:25]: 9992
[16:54:26]: 9984
[16:54:26]: 9981
[16:54:26]: 9980
[16:54:27]: 9974
[16:54:27]: 9972
[16:54:27]: 9973
[16:54:28]: 9972
[16:54:28]: 9968
[16:54:28]: 9968
[16:54:29]: 9970
[16:54:29]: 9970
[16:54:29]: 9967
[16:54:30]: 9968
[16:54:30]: 9971
[16:54:30]: 9972
[16:54:31]: 9969
[16:54:31]: 9969
[16:54:31]: 9969
[16:54:31]: 9973
[16:54:32]: 9973
[16:54:32]: 9973
[16:54:32]: 9971
[16:54:33]: 9971
[16:54:33]: 9975
[16:54:33]: 9975
[16:54:34]: 9973
[16:54:34]: 9973
[16:54:34]: 9977
[16:54:35]: 9977
[16:54:35]: 9975
[16:54:35]: 9975
[16:54:36]: 9979
[16:54:36]: 9979
[16:54:36]: 9980
[16:54:36]: 9980
[16:54:37]: 9981
[16:54:37]: 9984
[16:54:37]: 9985
[16:54:38]: 9983
[16:54:38]: 9983
[16:54:38]: 9987
[16:54:39]: 9987
[16:54:39]: 9985
[16:54:39]: 9988
[16:54:40]: 9989
[16:54:40]: 9987
[16:54:40]: 9987
[16:54:41]: 9991
[16:54:41]: 9991
[16:54:41]: 9989
[16:54:42]: 9989
[16:54:42]: 9990
[16:54:42]: 9994
[16:54:43]: 9994
[16:54:43]: 9991
[16:54:43]: 9995
[16:54:44]: 9995
[16:54:44]: 9996
[16:54:44]: 9993
[16:54:44]: 9994
[16:54:45]: 9997
[16:54:45]: 9998
[16:54:45]: 9995
[16:54:46]: 9998
[16:54:46]: 9999
[16:54:46]: 9996
[16:54:47]: 9996
[16:54:47]: 10000
[16:54:47]: 10001
[16:54:48]: 9998
[16:54:48]: 9998
[16:54:48]: 10002
[16:54:49]: 10001
[16:54:49]: 10002
[16:54:49]: 9999
[16:54:50]: 9999
[16:54:50]: 10003
[16:54:50]: 10003
[16:54:50]: 10005
[16:54:51]: 10002
[16:54:51]: 10003
[16:54:51]: 10003
[16:54:52]: 10006
[16:54:52]: 10006
[16:54:52]: 10004
[16:54:53]: 10004
[16:54:53]: 10005
[16:54:53]: 10008
[16:54:54]: 10009
[16:54:54]: 10006
[16:54:54]: 10009
[16:54:55]: 10010
[16:54:55]: 10007
[16:54:55]: 10007
[16:54:55]: 10011
[16:54:56]: 10012
[16:54:56]: 10012
[16:54:56]: 10009
[16:54:57]: 10009
[16:54:57]: 10009
[16:54:57]: 10013
[16:54:58]: 10013
[16:54:58]: 10011
[16:54:58]: 10011
[16:54:58]: 10012
[16:54:59]: 10016
[16:54:59]: 10017
[16:54:59]: 10017
[16:55:00]: 10014
[16:55:00]: 10014
[16:55:00]: 10019
[16:55:01]: 10019
[16:55:01]: 10020
[16:55:01]: 10016
[16:55:02]: 10017
[16:55:02]: 10021
[16:55:02]: 10022
[16:55:02]: 10022
[16:55:03]: 10019
[16:55:03]: 10019
[16:55:03]: 10023
[16:55:04]: 10023
[16:55:04]: 10023
[16:55:04]: 10019
[16:55:05]: 10020
[16:55:05]: 10020
[16:55:05]: 10023
[16:55:05]: 10023
[16:55:06]: 10020
[16:55:06]: 10020
[16:55:06]: 10024
[16:55:07]: 10023
[16:55:07]: 10023
[16:55:07]: 10020
[16:55:08]: 10020
[16:55:08]: 10024
[16:55:08]: 10024
[16:55:09]: 10024
[16:55:09]: 10021
 Close valve LR2
 Open valve LRW2
 Open valve V24
[16:55:10]: H20 at W2
[16:55:10]: 10033
[16:55:11]: 10033
[16:55:11]: 10047
[16:55:11]: 10057
[16:55:12]: 10075
[16:55:12]: 10082
[16:55:12]: 10091
[16:55:12]: 10099
[16:55:13]: 10106
[16:55:13]: 10110
[16:55:13]: 10118
[16:55:14]: 10122
[16:55:14]: 10123
[16:55:14]: 10125
[16:55:15]: 10131
[16:55:15]: 10136
[16:55:15]: 10134
[16:55:16]: 10139
[16:55:16]: 10146
[16:55:16]: 10150
[16:55:17]: 10148
[16:55:17]: 10152
[16:55:17]: 10157
[16:55:18]: 10155
[16:55:18]: 10157
[16:55:18]: 10164
[16:55:19]: 10161
[16:55:19]: 10159
[16:55:19]: 10171
[16:55:20]: 10164
[16:55:20]: 10168
[16:55:20]: 10171
[16:55:21]: 10165
[16:55:21]: 10170
[16:55:21]: 10174
[16:55:22]: 10166
[16:55:22]: 10175
[16:55:22]: 10177
[16:55:23]: 10168
[16:55:23]: 10179
[16:55:23]: 10169
[16:55:24]: 10181
[16:55:24]: 10169
[16:55:24]: 10173
[16:55:25]: 10161
[16:55:25]: 10171
[16:55:25]: 10159
[16:55:26]: 10159
[16:55:26]: 10172
[16:55:26]: 10174
[16:55:27]: 10158
[16:55:27]: 10156
[16:55:27]: 10156
[16:55:27]: 10163
[16:55:28]: 10148
[16:55:28]: 10162
[16:55:28]: 10158
[16:55:29]: 10169
[16:55:29]: 10164
[16:55:29]: 10167
[16:55:30]: 10151
[16:55:30]: 10143
[16:55:30]: 10143
[16:55:31]: 10145
[16:55:31]: 10138
[16:55:31]: 10139
[16:55:31]: 10142
[16:55:32]: 10151
[16:55:32]: 10156
[16:55:32]: 10140
[16:55:33]: 10133
[16:55:33]: 10143
[16:55:33]: 10132
[16:55:34]: 10129
[16:55:34]: 10120
[16:55:34]: 10127
[16:55:35]: 10115
[16:55:35]: 10134
[16:55:35]: 10144
[16:55:35]: 10143
[16:55:36]: 10125
[16:55:36]: 10135
[16:55:36]: 10108
[16:55:37]: 10118
[16:55:37]: 10116
[16:55:37]: 10108
[16:55:38]: 10124
[16:55:38]: 10100
[16:55:38]: 10097
[16:55:39]: 10121
[16:55:39]: 10121
[16:55:39]: 10176
[16:55:39]: 10147
[16:55:40]: 10123
[16:55:40]: 10106
[16:55:40]: 10111
[16:55:41]: 10112
[16:55:41]: 10106
[16:55:41]: 10102
[16:55:42]: 10094
[16:55:42]: 10102
[16:55:42]: 10110
[16:55:43]: 10094
[16:55:43]: 10092
[16:55:43]: 10120
[16:55:43]: 10107
[16:55:44]: 10095
[16:55:44]: 10106
[16:55:44]: 10139
[16:55:45]: 10131
[16:55:45]: 10116
[16:55:45]: 10136
[16:55:46]: 10106
[16:55:46]: 10104
[16:55:46]: 10118
[16:55:47]: 10129
[16:55:47]: 10142
[16:55:47]: 10177
[16:55:48]: 10179
[16:55:48]: 10177
[16:55:48]: 10174
[16:55:48]: 10148
[16:55:49]: 10153
[16:55:49]: 10161
[16:55:49]: 10163
[16:55:50]: 10137
[16:55:50]: 10132
[16:55:50]: 10153
[16:55:51]: 10164
[16:55:51]: 10169
[16:55:51]: 10187
[16:55:51]: 10185
[16:55:52]: 10178
[16:55:52]: 10155
[16:55:52]: 10166
[16:55:53]: 10170
[16:55:53]: 10164
[16:55:53]: 10166
[16:55:54]: 10170
[16:55:54]: 10175
[16:55:54]: 10168
[16:55:55]: 10168
[16:55:55]: 10158
[16:55:55]: 10183
[16:55:55]: 10199
[16:55:56]: 10191
[16:55:56]: 10184
[16:55:56]: 10184
[16:55:57]: 10181
[16:55:57]: 10180
 Close valve V24
 Close valve LRW2
 Open valve LR1
[16:55:58]: pH 7.55 at LR1
[16:55:58]: 9944
[16:55:59]: 9950
[16:55:59]: 9955
[16:55:59]: 9954
[16:56:00]: 9951
[16:56:00]: 9946
[16:56:00]: 9935
[16:56:00]: 9930
[16:56:01]: 9925
[16:56:01]: 9921
[16:56:01]: 9917
[16:56:02]: 9909
[16:56:02]: 9908
[16:56:02]: 9907
[16:56:03]: 9902
[16:56:03]: 9902
[16:56:03]: 9902
[16:56:04]: 9905
[16:56:04]: 9906
[16:56:04]: 9906
[16:56:05]: 9911
[16:56:05]: 9913
[16:56:05]: 9914
[16:56:06]: 9920
[16:56:06]: 9922
[16:56:06]: 9924
[16:56:07]: 9927
[16:56:07]: 9934
[16:56:07]: 9937
[16:56:08]: 9940
[16:56:08]: 9943
[16:56:08]: 9951
[16:56:09]: 9953
[16:56:09]: 9961
[16:56:09]: 9964
[16:56:10]: 9966
[16:56:10]: 9969
[16:56:10]: 9976
[16:56:11]: 9979
[16:56:11]: 9981
[16:56:11]: 9984
[16:56:12]: 9991
[16:56:12]: 9994
[16:56:12]: 9998
[16:56:12]: 9999
[16:56:13]: 10002
[16:56:13]: 10005
[16:56:13]: 10013
[16:56:14]: 10017
[16:56:14]: 10018
[16:56:14]: 10021
[16:56:15]: 10028
[16:56:15]: 10031
[16:56:15]: 10034
[16:56:16]: 10034
[16:56:16]: 10037
[16:56:16]: 10044
[16:56:16]: 10047
[16:56:17]: 10050
[16:56:17]: 10051
[16:56:17]: 10058
[16:56:18]: 10061
[16:56:18]: 10063
[16:56:18]: 10063
[16:56:19]: 10065
[16:56:19]: 10068
[16:56:19]: 10075
[16:56:19]: 10077
[16:56:20]: 10080
[16:56:20]: 10080
[16:56:20]: 10082
[16:56:21]: 10085
[16:56:21]: 10092
[16:56:21]: 10094
[16:56:22]: 10094
[16:56:22]: 10096
[16:56:22]: 10103
[16:56:23]: 10105
[16:56:23]: 10107
[16:56:23]: 10107
[16:56:23]: 10109
[16:56:24]: 10116
[16:56:24]: 10119
[16:56:24]: 10121
[16:56:25]: 10120
[16:56:25]: 10122
[16:56:25]: 10129
[16:56:26]: 10131
[16:56:26]: 10130
[16:56:26]: 10132
[16:56:27]: 10139
[16:56:27]: 10141
[16:56:27]: 10143
[16:56:28]: 10142
[16:56:28]: 10143
[16:56:28]: 10150
[16:56:28]: 10153
[16:56:29]: 10151
[16:56:29]: 10153
[16:56:29]: 10159
[16:56:30]: 10161
[16:56:30]: 10163
[16:56:30]: 10162
[16:56:31]: 10163
[16:56:31]: 10170
[16:56:31]: 10171
[16:56:32]: 10170
[16:56:32]: 10172
[16:56:32]: 10179
[16:56:33]: 10180
[16:56:33]: 10178
[16:56:33]: 10180
[16:56:33]: 10182
[16:56:34]: 10188
[16:56:34]: 10190
[16:56:34]: 10192
[16:56:35]: 10190
[16:56:35]: 10191
[16:56:35]: 10198
[16:56:36]: 10199
[16:56:36]: 10197
[16:56:36]: 10198
[16:56:36]: 10199
[16:56:37]: 10206
[16:56:37]: 10207
[16:56:37]: 10209
[16:56:38]: 10206
[16:56:38]: 10208
[16:56:38]: 10214
[16:56:39]: 10215
[16:56:39]: 10212
[16:56:39]: 10213
[16:56:40]: 10219
[16:56:40]: 10219
[16:56:40]: 10220
[16:56:40]: 10218
[16:56:41]: 10219
[16:56:41]: 10220
[16:56:41]: 10227
[16:56:42]: 10228
[16:56:42]: 10229
[16:56:42]: 10227
[16:56:43]: 10228
[16:56:43]: 10234
[16:56:43]: 10235
[16:56:44]: 10233
[16:56:44]: 10233
[16:56:44]: 10239
[16:56:45]: 10240
[16:56:45]: 10237
 Close valve LR1
 Open valve LRW2
 Open valve V24
[16:56:46]: H20 at W2
[16:56:46]: 10249
[16:56:47]: 10260
[16:56:47]: 10274
[16:56:47]: 10288
[16:56:48]: 10310
[16:56:48]: 10319
[16:56:48]: 10325
[16:56:48]: 10330
[16:56:49]: 10343
[16:56:49]: 10348
[16:56:49]: 10353
[16:56:50]: 10355
[16:56:50]: 10360
[16:56:50]: 10361
[16:56:51]: 10366
[16:56:51]: 10362
[16:56:51]: 10365
[16:56:52]: 10364
[16:56:52]: 10373
[16:56:52]: 10368
[16:56:53]: 10368
[16:56:53]: 10377
[16:56:53]: 10374
[16:56:54]: 10375
[16:56:54]: 10370
[16:56:54]: 10380
[16:56:55]: 10375
[16:56:55]: 10371
[16:56:55]: 10380
[16:56:56]: 10371
[16:56:56]: 10368
[16:56:56]: 10372
[16:56:56]: 10360
[16:56:57]: 10361
[16:56:57]: 10374
[16:56:57]: 10361
[16:56:58]: 10374
[16:56:58]: 10376
[16:56:58]: 10379
[16:56:59]: 10379
[16:56:59]: 10370
[16:56:59]: 10385
[16:57:00]: 10367
[16:57:00]: 10358
[16:57:00]: 10356
[16:57:00]: 10356
[16:57:01]: 10357
[16:57:01]: 10364
[16:57:01]: 10382
[16:57:02]: 10371
[16:57:02]: 10376
[16:57:02]: 10382
[16:57:03]: 10374
[16:57:03]: 10357
[16:57:03]: 10364
[16:57:04]: 10374
[16:57:04]: 10360
[16:57:04]: 10369
[16:57:05]: 10340
[16:57:05]: 10350
[16:57:05]: 10342
[16:57:05]: 10352
[16:57:06]: 10364
[16:57:06]: 10349
[16:57:06]: 10349
[16:57:07]: 10357
[16:57:07]: 10338
[16:57:07]: 10342
[16:57:08]: 10326
[16:57:08]: 10336
[16:57:08]: 10314
[16:57:09]: 10313
[16:57:09]: 10295
[16:57:09]: 10311
[16:57:09]: 10302
[16:57:10]: 10308
[16:57:10]: 10314
[16:57:10]: 10304
[16:57:11]: 10299
[16:57:11]: 10301
[16:57:11]: 10290
[16:57:12]: 10281
[16:57:12]: 10273
[16:57:12]: 10263
[16:57:13]: 10276
[16:57:13]: 10270
[16:57:13]: 10285
[16:57:13]: 10266
[16:57:14]: 10274
[16:57:14]: 10261
[16:57:14]: 10255
[16:57:15]: 10259
[16:57:15]: 10244
[16:57:15]: 10241
[16:57:16]: 10252
[16:57:16]: 10235
[16:57:16]: 10248
[16:57:17]: 10235
[16:57:17]: 10240
[16:57:17]: 10246
[16:57:17]: 10249
[16:57:18]: 10238
[16:57:18]: 10253
[16:57:18]: 10231
[16:57:19]: 10255
[16:57:19]: 10239
[16:57:19]: 10235
[16:57:20]: 10231
[16:57:20]: 10236
[16:57:20]: 10239
[16:57:20]: 10237
[16:57:21]: 10248
[16:57:21]: 10225
[16:57:21]: 10228
[16:57:22]: 10216
[16:57:22]: 10213
[16:57:22]: 10203
[16:57:23]: 10220
[16:57:23]: 10237
[16:57:23]: 10224
[16:57:23]: 10227
[16:57:24]: 10206
[16:57:24]: 10218
[16:57:24]: 10197
[16:57:25]: 10179
[16:57:25]: 10191
[16:57:25]: 10188
[16:57:26]: 10191
[16:57:26]: 10188
[16:57:26]: 10190
[16:57:27]: 10194
[16:57:27]: 10203
[16:57:27]: 10385
[16:57:28]: 10320
[16:57:28]: 10382
[16:57:28]: 10431
[16:57:28]: 10173
[16:57:29]: 10175
[16:57:29]: 10294
[16:57:29]: 10192
[16:57:30]: 10143
[16:57:30]: 10263
[16:57:30]: 10267
[16:57:31]: 10168
[16:57:31]: 10245
[16:57:31]: 10309
[16:57:31]: 10229
[16:57:32]: 10157
[16:57:32]: 10215
[16:57:32]: 10256
 Close valve V24
 Close valve LRW2
 Open valve LR2
[16:57:33]: H2SO4 at LR2
[16:57:34]: 10196
[16:57:34]: 10195
[16:57:34]: 10184
[16:57:35]: 10176
[16:57:35]: 10168
[16:57:35]: 10157
[16:57:36]: 10136
[16:57:36]: 10126
[16:57:36]: 10116
[16:57:37]: 10107
[16:57:37]: 10099
[16:57:37]: 10084
[16:57:38]: 10078
[16:57:38]: 10074
[16:57:38]: 10063
[16:57:39]: 10059
[16:57:39]: 10058
[16:57:39]: 10050
[16:57:40]: 10050
[16:57:40]: 10048
[16:57:40]: 10042
[16:57:41]: 10041
[16:57:41]: 10043
[16:57:41]: 10038
[16:57:42]: 10038
[16:57:42]: 10040
[16:57:42]: 10040
[16:57:43]: 10036
[16:57:43]: 10039
[16:57:43]: 10038
[16:57:44]: 10035
[16:57:44]: 10038
[16:57:44]: 10038
[16:57:45]: 10034
[16:57:45]: 10035
[16:57:45]: 10035
[16:57:45]: 10039
[16:57:46]: 10039
[16:57:46]: 10035
[16:57:46]: 10035
[16:57:47]: 10035
[16:57:47]: 10038
[16:57:47]: 10039
[16:57:48]: 10035
[16:57:48]: 10036
[16:57:48]: 10039
[16:57:49]: 10039
[16:57:49]: 10036
[16:57:49]: 10036
[16:57:50]: 10039
[16:57:50]: 10039
[16:57:50]: 10039
[16:57:50]: 10036
[16:57:51]: 10036
[16:57:51]: 10039
[16:57:51]: 10039
[16:57:52]: 10040
[16:57:52]: 10040
[16:57:52]: 10036
[16:57:53]: 10036
[16:57:53]: 10040
[16:57:53]: 10040
[16:57:53]: 10040
[16:57:54]: 10037
[16:57:54]: 10041
[16:57:54]: 10041
[16:57:55]: 10038
[16:57:55]: 10038
[16:57:55]: 10041
[16:57:56]: 10038
[16:57:56]: 10038
[16:57:57]: 10042
[16:57:57]: 10039
[16:57:57]: 10038
[16:57:57]: 10042
[16:57:58]: 10042
[16:57:58]: 10039
[16:57:58]: 10039
[16:57:59]: 10039
[16:57:59]: 10043
[16:57:59]: 10043
[16:58:00]: 10040
[16:58:00]: 10040
[16:58:00]: 10043
[16:58:01]: 10043
[16:58:01]: 10043
[16:58:01]: 10040
[16:58:02]: 10040
[16:58:02]: 10044
[16:58:02]: 10044
[16:58:02]: 10041
[16:58:03]: 10042
[16:58:03]: 10045
[16:58:03]: 10045
[16:58:04]: 10046
[16:58:04]: 10042
[16:58:04]: 10042
[16:58:05]: 10042
[16:58:05]: 10045
[16:58:05]: 10046
[16:58:05]: 10042
[16:58:06]: 10043
[16:58:06]: 10043
[16:58:06]: 10046
[16:58:07]: 10047
[16:58:07]: 10047
[16:58:07]: 10043
[16:58:08]: 10043
[16:58:08]: 10047
[16:58:08]: 10047
[16:58:09]: 10047
[16:58:09]: 10043
[16:58:09]: 10043
[16:58:09]: 10045
[16:58:10]: 10042
[16:58:10]: 10042
[16:58:10]: 10042
[16:58:11]: 10046
[16:58:11]: 10046
[16:58:11]: 10046
[16:58:12]: 10043
[16:58:12]: 10043
[16:58:12]: 10046
[16:58:13]: 10046
[16:58:13]: 10043
[16:58:13]: 10043
[16:58:13]: 10043
[16:58:14]: 10046
[16:58:14]: 10047
[16:58:14]: 10044
[16:58:15]: 10045
[16:58:15]: 10048
[16:58:15]: 10048
[16:58:16]: 10045
[16:58:16]: 10044
[16:58:16]: 10048
[16:58:17]: 10048
[16:58:17]: 10048
[16:58:17]: 10045
[16:58:18]: 10045
[16:58:18]: 10048
[16:58:18]: 10048
[16:58:18]: 10048
[16:58:19]: 10045
[16:58:19]: 10045
[16:58:19]: 10048
[16:58:20]: 10048
[16:58:20]: 10048
[16:58:20]: 10044
[16:58:21]: 10044
 Close valve LR2
 Open valve LRW2
 Open valve V24
[16:58:22]: H20 at W2
[16:58:22]: 10055
[16:58:22]: 10057
[16:58:23]: 10071
[16:58:23]: 10085
[16:58:23]: 10096
[16:58:23]: 10106
[16:58:24]: 10116
[16:58:24]: 10121
[16:58:24]: 10128
[16:58:25]: 10132
[16:58:25]: 10138
[16:58:25]: 10151
[16:58:26]: 10155
[16:58:26]: 10156
[16:58:26]: 10163
[16:58:27]: 10171
[16:58:27]: 10175
[16:58:27]: 10177
[16:58:27]: 10178
[16:58:28]: 10179
[16:58:28]: 10189
[16:58:28]: 10183
[16:58:29]: 10187
[16:58:29]: 10183
[16:58:29]: 10191
[16:58:30]: 10189
[16:58:30]: 10187
[16:58:30]: 10197
[16:58:31]: 10193
[16:58:31]: 10193
[16:58:31]: 10204
[16:58:32]: 10200
[16:58:32]: 10196
[16:58:32]: 10195
[16:58:33]: 10199
[16:58:33]: 10206
[16:58:33]: 10205
[16:58:34]: 10208
[16:58:34]: 10218
[16:58:34]: 10199
[16:58:35]: 10218
[16:58:35]: 10205
[16:58:35]: 10221
[16:58:36]: 10208
[16:58:36]: 10214
[16:58:36]: 10225
[16:58:37]: 10212
[16:58:37]: 10226
[16:58:37]: 10215
[16:58:38]: 10221
[16:58:38]: 10207
[16:58:38]: 10225
[16:58:39]: 10216
[16:58:39]: 10224
[16:58:39]: 10230
[16:58:40]: 10218
[16:58:40]: 10215
[16:58:40]: 10198
[16:58:41]: 10218
[16:58:41]: 10207
[16:58:41]: 10228
[16:58:42]: 10217
[16:58:42]: 10210
[16:58:42]: 10205
[16:58:43]: 10197
[16:58:43]: 10224
[16:58:43]: 10225
[16:58:44]: 10224
[16:58:44]: 10213
[16:58:44]: 10191
[16:58:45]: 10183
[16:58:45]: 10195
[16:58:45]: 10178
[16:58:46]: 10198
[16:58:46]: 10187
[16:58:46]: 10193
[16:58:47]: 10198
[16:58:47]: 10166
[16:58:47]: 10187
[16:58:48]: 10193
[16:58:48]: 10180
[16:58:48]: 10174
[16:58:49]: 10172
[16:58:49]: 10162
[16:58:49]: 10155
[16:58:50]: 10135
[16:58:50]: 10145
[16:58:50]: 10154
[16:58:51]: 10153
[16:58:51]: 10167
[16:58:51]: 10170
[16:58:52]: 10159
[16:58:52]: 10136
[16:58:52]: 10163
[16:58:53]: 10205
[16:58:53]: 10206
[16:58:53]: 10158
[16:58:54]: 10093
[16:58:54]: 10083
[16:58:54]: 10084
[16:58:55]: 10121
[16:58:55]: 10075
[16:58:55]: 10110
[16:58:56]: 10092
[16:58:56]: 10115
[16:58:56]: 10063
[16:58:57]: 10130
[16:58:57]: 10118
[16:58:57]: 10115
[16:58:58]: 10118
[16:58:58]: 10118
[16:58:58]: 10144
[16:58:59]: 10127
[16:58:59]: 10119
[16:58:59]: 10197
[16:59:00]: 10263
[16:59:00]: 10281
[16:59:00]: 10182
[16:59:01]: 10254
[16:59:01]: 10270
[16:59:01]: 9972
[16:59:02]: 10042
[16:59:02]: 10046
[16:59:02]: 10044
[16:59:03]: 10045
[16:59:03]: 10045
[16:59:03]: 10049
[16:59:04]: 10047
[16:59:04]: 10048
[16:59:04]: 10049
[16:59:05]: 10054
[16:59:05]: 10052
[16:59:05]: 10053
[16:59:06]: 10059
[16:59:06]: 10057
[16:59:06]: 10059
[16:59:07]: 10065
[16:59:07]: 10064
[16:59:07]: 10066
[16:59:08]: 10074
[16:59:08]: 10078
[16:59:08]: 10102
[16:59:09]: 10133
[16:59:09]: 10117
[16:59:09]: 10084
[16:59:10]: 10086
[16:59:10]: 10094
[16:59:10]: 10097
[16:59:11]: 10097
[16:59:11]: 10100
 Close valve V24
 Close valve LRW2
 Open valve LR1
[16:59:12]: pH 7.55 at LR1
[16:59:12]: 10111
[16:59:13]: 10110
[16:59:13]: 10104
[16:59:13]: 10087
[16:59:13]: 10066
[16:59:14]: 10035
[16:59:14]: 10011
[16:59:14]: 9972
[16:59:15]: 9949
[16:59:15]: 9920
[16:59:15]: 9901
[16:59:16]: 9873
[16:59:16]: 9857
[16:59:16]: 9841
[16:59:17]: 9822
[16:59:17]: 9809
[16:59:17]: 9788
[16:59:18]: 9776
[16:59:18]: 9762
[16:59:18]: 9746
[16:59:18]: 9737
[16:59:19]: 9728
[16:59:19]: 9719
[16:59:19]: 9708
[16:59:20]: 9699
[16:59:20]: 9685
[16:59:20]: 9677
[16:59:21]: 9671
[16:59:21]: 9668
[16:59:21]: 9661
[16:59:22]: 9659
[16:59:22]: 9658
[16:59:22]: 9659
[16:59:23]: 9660
[16:59:23]: 9659
[16:59:23]: 9660
[16:59:23]: 9660
[16:59:24]: 9661
[16:59:24]: 9661
[16:59:24]: 9662
[16:59:25]: 9664
[16:59:25]: 9668
[16:59:25]: 9670
[16:59:26]: 9671
[16:59:26]: 9672
[16:59:26]: 9677
[16:59:27]: 9678
[16:59:27]: 9680
[16:59:27]: 9684
[16:59:28]: 9685
[16:59:28]: 9687
[16:59:28]: 9691
[16:59:29]: 9693
[16:59:29]: 9694
[16:59:29]: 9695
[16:59:30]: 9700
[16:59:30]: 9701
[16:59:30]: 9701
[16:59:31]: 9702
[16:59:31]: 9706
[16:59:31]: 9708
[16:59:32]: 9708
[16:59:32]: 9710
[16:59:32]: 9714
[16:59:32]: 9716
[16:59:33]: 9716
[16:59:33]: 9719
[16:59:33]: 9722
[16:59:34]: 9724
[16:59:34]: 9724
[16:59:34]: 9726
[16:59:35]: 9729
[16:59:35]: 9731
[16:59:35]: 9731
[16:59:36]: 9732
[16:59:36]: 9733
[16:59:36]: 9736
[16:59:37]: 9737
[16:59:37]: 9737
[16:59:37]: 9738
[16:59:38]: 9741
[16:59:38]: 9742
[16:59:38]: 9742
[16:59:38]: 9743
[16:59:39]: 9744
[16:59:39]: 9747
[16:59:39]: 9746
[16:59:40]: 9747
[16:59:40]: 9750
[16:59:40]: 9751
[16:59:41]: 9751
[16:59:41]: 9751
[16:59:41]: 9755
[16:59:42]: 9755
[16:59:42]: 9755
[16:59:42]: 9755
[16:59:43]: 9756

