 Close valve HP_IN
 Close valve HP_OUT
 Close valve L1_OUT
 Close valve L2_OUT
 Close valve L3_OUT
 Close valve L_HP
 Close valve LR1
 Close valve LR2
 Close valve LR3
 Close valve LR4
 Close valve LRW2
 Close valve LWASTE
 Close valve R1_4
 Close valve V21
 Close valve V24
 Close valve V4
 Close valve VH
 Close valve W1
 Close valve W2
 Close valve W3
[15:13:28]: Activate forward liquid flow
 Open valve HP_IN
 Open valve W2
 Open valve R1_4
 Open valve V21
[15:13:28]: Forward liquid flow activated
[15:13:28]: Air blow start
 Open valve HP_OUT
 Open valve L_HP
 Open valve V24
 Close valve V24
 Close valve L_HP
 Close valve HP_OUT
[15:14:28]: Air blow finish
[15:14:28]: Flow W2 start
 Open valve W2
 Open valve LRW2
 Open valve V24
 Close valve V24
 Close valve LRW2
[15:15:29]: Flow W2 finished
 Open valve W2
[15:15:29]: Loop start
 Open valve LRW2
 Open valve V24
[15:15:29]: H20 at W2
[15:15:29]: 13632
[15:15:29]: 13630
[15:15:30]: 13630
[15:15:30]: 13630
[15:15:30]: 13632
[15:15:30]: 13632
[15:15:31]: 13630
[15:15:31]: 13630
[15:15:31]: 13630
[15:15:32]: 13632
[15:15:32]: 13632
[15:15:32]: 13630
[15:15:33]: 13630
[15:15:33]: 13630
[15:15:33]: 13632
[15:15:34]: 13632
[15:15:34]: 13631
[15:15:34]: 13631
[15:15:35]: 13632
[15:15:35]: 13631
[15:15:35]: 13631
[15:15:36]: 13632
[15:15:36]: 13632
[15:15:36]: 13632
[15:15:36]: 13631
[15:15:37]: 13631
[15:15:37]: 13630
[15:15:37]: 13632
[15:15:38]: 13632
[15:15:38]: 13630
[15:15:38]: 13632
[15:15:39]: 13632
[15:15:39]: 13632
[15:15:39]: 13631
[15:15:40]: 13631
[15:15:40]: 13632
[15:15:40]: 13632
[15:15:40]: 13632
[15:15:41]: 13631
[15:15:41]: 13631
[15:15:41]: 13632
[15:15:42]: 13632
[15:15:42]: 13631
[15:15:42]: 13630
[15:15:43]: 13632
[15:15:43]: 13632
[15:15:43]: 13630
[15:15:44]: 13630
[15:15:44]: 13632
[15:15:44]: 13632
[15:15:45]: 13631
[15:15:45]: 13631
[15:15:45]: 13632
[15:15:46]: 13630
[15:15:46]: 13631
[15:15:46]: 13632
[15:15:47]: 13632
[15:15:47]: 13632
[15:15:47]: 13631
[15:15:47]: 13631
[15:15:48]: 13632
[15:15:48]: 13632
[15:15:48]: 13631
[15:15:49]: 13630
[15:15:49]: 13631
[15:15:49]: 13632
[15:15:50]: 13632
[15:15:50]: 13630
[15:15:50]: 13630
[15:15:51]: 13632
[15:15:51]: 13632
[15:15:51]: 13630
[15:15:52]: 13630
[15:15:52]: 13632
[15:15:52]: 13632
[15:15:52]: 13630
[15:15:53]: 13630
[15:15:53]: 13630
[15:15:53]: 13632
[15:15:54]: 13632
[15:15:54]: 13632
[15:15:54]: 13630
[15:15:55]: 13631
[15:15:55]: 13632
[15:15:55]: 13632
[15:15:56]: 13630
[15:15:56]: 13630
[15:15:56]: 13632
[15:15:57]: 13632
[15:15:57]: 13630
[15:15:57]: 13630
[15:15:57]: 13632
[15:15:58]: 13632
[15:15:58]: 13630
[15:15:58]: 13630
[15:15:59]: 13632
[15:15:59]: 13632
[15:15:59]: 13632
[15:16:00]: 13630
[15:16:00]: 13631
[15:16:00]: 13632
[15:16:01]: 13631
[15:16:01]: 13632
[15:16:01]: 13632
[15:16:02]: 13631
[15:16:02]: 13632
[15:16:02]: 13631
[15:16:03]: 13631
[15:16:03]: 13632
[15:16:03]: 13632
[15:16:04]: 13631
[15:16:04]: 13632
[15:16:05]: 13631
[15:16:05]: 13632
[15:16:05]: 13632
[15:16:06]: 13631
[15:16:06]: 13630
[15:16:06]: 13632
[15:16:07]: 13631
[15:16:07]: 13632
[15:16:07]: 13632
[15:16:08]: 13631
[15:16:08]: 13632
[15:16:08]: 13632
[15:16:09]: 13631
[15:16:09]: 13631
[15:16:09]: 13632
[15:16:10]: 13632
[15:16:10]: 13631
[15:16:10]: 13632
[15:16:11]: 13632
[15:16:11]: 13632
[15:16:11]: 13631
[15:16:11]: 13632
[15:16:12]: 13632
[15:16:12]: 13632
[15:16:12]: 13631
[15:16:13]: 13631
[15:16:13]: 13632
[15:16:13]: 13632
[15:16:14]: 13632
[15:16:14]: 13631
[15:16:14]: 13631
[15:16:15]: 13632
[15:16:15]: 13632
[15:16:15]: 13631
[15:16:16]: 13631
[15:16:16]: 13631
[15:16:16]: 13632
[15:16:16]: 13632
 Close valve V24
 Close valve LRW2
 Open valve LR1
[15:16:17]: pH 7.55 at LR1
[15:16:18]: 13631
[15:16:18]: 13631
[15:16:18]: 13632
[15:16:19]: 13633
[15:16:19]: 13633
[15:16:19]: 13631
[15:16:20]: 13631
[15:16:20]: 13633
[15:16:20]: 13631
[15:16:21]: 13631
[15:16:21]: 13633
[15:16:21]: 13633
[15:16:22]: 13631
[15:16:22]: 13633
[15:16:22]: 13633
[15:16:23]: 13631
[15:16:23]: 13631
[15:16:23]: 13633
[15:16:24]: 13633
[15:16:24]: 13631
[15:16:24]: 13631
[15:16:25]: 13633
[15:16:25]: 13633
[15:16:25]: 13631
[15:16:26]: 13631
[15:16:26]: 13633
[15:16:26]: 13631
[15:16:27]: 13631
[15:16:27]: 13633
[15:16:27]: 13631
[15:16:28]: 13631
[15:16:28]: 13633
[15:16:28]: 13633
[15:16:28]: 13631
[15:16:29]: 13631
[15:16:29]: 13633
[15:16:30]: 13631
[15:16:30]: 13631
[15:16:30]: 13633
[15:16:31]: 13631
[15:16:31]: 13631
[15:16:31]: 13633
[15:16:32]: 13631
[15:16:32]: 13633
[15:16:32]: 13633
[15:16:33]: 13631
[15:16:33]: 13633
[15:16:33]: 13632
[15:16:34]: 13631
[15:16:34]: 13633
[15:16:34]: 13631
[15:16:35]: 13631
[15:16:35]: 13632
[15:16:35]: 13632
[15:16:36]: 13631
[15:16:36]: 13631
[15:16:36]: 13632
[15:16:37]: 13632
[15:16:37]: 13631
[15:16:37]: 13631
[15:16:38]: 13632
[15:16:38]: 13632
[15:16:38]: 13631
[15:16:39]: 13632
[15:16:39]: 13631
[15:16:39]: 13631
[15:16:40]: 13632
[15:16:40]: 13631
[15:16:40]: 13631
[15:16:41]: 13632
[15:16:41]: 13631
[15:16:41]: 13631
[15:16:42]: 13631
[15:16:42]: 13632
[15:16:42]: 13631
[15:16:43]: 13631
[15:16:43]: 13632
[15:16:43]: 13632
[15:16:44]: 13631
[15:16:44]: 13631
[15:16:44]: 13632
[15:16:45]: 13632
[15:16:45]: 13631
[15:16:45]: 13632
[15:16:46]: 13632
[15:16:46]: 13631
[15:16:46]: 13631
[15:16:46]: 13631
[15:16:47]: 13632
[15:16:47]: 13632
[15:16:47]: 13631
[15:16:48]: 13631
[15:16:48]: 13632
[15:16:48]: 13632
[15:16:49]: 13632
[15:16:49]: 13631
[15:16:49]: 13632
[15:16:50]: 13632
[15:16:50]: 13631
[15:16:50]: 13632
[15:16:51]: 13632
[15:16:51]: 13632
[15:16:51]: 13631
[15:16:52]: 13631
[15:16:52]: 13632
[15:16:52]: 13632
[15:16:52]: 13631
[15:16:53]: 13631
[15:16:53]: 13632
[15:16:53]: 13632
[15:16:54]: 13632
[15:16:54]: 13631
[15:16:54]: 13631
[15:16:55]: 13631
[15:16:55]: 13632
[15:16:55]: 13631
[15:16:56]: 13631
[15:16:56]: 13631
[15:16:56]: 13632
[15:16:56]: 13632
[15:16:57]: 13631
[15:16:57]: 13631
[15:16:57]: 13632
[15:16:58]: 13632
[15:16:58]: 13630
[15:16:59]: 13632
[15:16:59]: 13630
[15:16:59]: 13630
[15:17:00]: 13632
[15:17:00]: 13632
[15:17:00]: 13630
[15:17:00]: 13630
[15:17:01]: 13630
[15:17:01]: 13632
[15:17:01]: 13632
[15:17:02]: 13630
[15:17:02]: 13630
[15:17:02]: 13632
[15:17:03]: 13632
[15:17:03]: 13630
[15:17:03]: 13630
[15:17:04]: 13630
[15:17:04]: 13632
[15:17:04]: 13632
[15:17:04]: 13632
[15:17:05]: 13630
[15:17:05]: 13630
[15:17:05]: 13632
[15:17:06]: 13632
[15:17:06]: 13630
 Close valve LR1
 Open valve LRW2
 Open valve V24
[15:17:07]: H20 at W2
[15:17:07]: 13631
[15:17:08]: 13632
[15:17:08]: 13630
[15:17:08]: 13632
[15:17:09]: 13632
[15:17:09]: 13632
[15:17:09]: 13630
[15:17:10]: 13630
[15:17:10]: 13632
[15:17:10]: 13632
[15:17:11]: 13632
[15:17:11]: 13630
[15:17:11]: 13630
[15:17:12]: 13632
[15:17:12]: 13630
[15:17:12]: 13630
[15:17:13]: 13632
[15:17:13]: 13630
[15:17:13]: 13630
[15:17:14]: 13631
[15:17:14]: 13632
[15:17:14]: 13631
[15:17:14]: 13630
[15:17:15]: 13630
[15:17:15]: 13630
[15:17:15]: 13631
[15:17:16]: 13631
[15:17:16]: 13630
[15:17:16]: 13630
[15:17:17]: 13631
[15:17:17]: 13631
[15:17:17]: 13630
[15:17:18]: 13630
[15:17:18]: 13631
[15:17:18]: 13631
[15:17:19]: 13630
[15:17:19]: 13630
[15:17:19]: 13631
[15:17:19]: 13631
[15:17:20]: 13631
[15:17:20]: 13631
[15:17:20]: 13630
[15:17:21]: 13630
[15:17:21]: 13631
[15:17:21]: 13630
[15:17:22]: 13630
[15:17:22]: 13630
[15:17:22]: 13631
[15:17:23]: 13631
[15:17:23]: 13630
[15:17:23]: 13630
[15:17:23]: 13630
[15:17:24]: 13631
[15:17:24]: 13631
[15:17:24]: 13630
[15:17:25]: 13630
[15:17:25]: 13631
[15:17:25]: 13631
[15:17:26]: 13631
[15:17:26]: 13630
[15:17:26]: 13631
[15:17:27]: 13631
[15:17:27]: 13630
[15:17:27]: 13630
[15:17:28]: 13630
[15:17:28]: 13631
[15:17:28]: 13631
[15:17:28]: 13630
[15:17:29]: 13630
[15:17:29]: 13631
[15:17:29]: 13631
[15:17:30]: 13631
[15:17:30]: 13630
[15:17:30]: 13630
[15:17:31]: 13630
[15:17:31]: 13631
[15:17:31]: 13631
[15:17:32]: 13630
[15:17:32]: 13630
[15:17:32]: 13631
[15:17:33]: 13631
[15:17:33]: 13630
[15:17:33]: 13631
[15:17:34]: 13631
[15:17:34]: 13630
[15:17:34]: 13631
[15:17:35]: 13631
[15:17:35]: 13631
[15:17:35]: 13630
[15:17:35]: 13630
[15:17:36]: 13631
[15:17:36]: 13631
[15:17:36]: 13630
[15:17:37]: 13630
[15:17:37]: 13631
[15:17:37]: 13631
[15:17:38]: 13630
[15:17:38]: 13630
[15:17:38]: 13631
[15:17:39]: 13631
[15:17:39]: 13630
[15:17:39]: 13630
[15:17:40]: 13631
[15:17:40]: 13630
[15:17:40]: 13631
[15:17:41]: 13630
[15:17:41]: 13630
[15:17:41]: 13631
[15:17:42]: 13630
[15:17:42]: 13630
[15:17:42]: 13631
[15:17:43]: 13631
[15:17:43]: 13630
[15:17:43]: 13631
[15:17:44]: 13630
[15:17:44]: 13630
[15:17:44]: 13631
[15:17:45]: 13631
[15:17:45]: 13630
[15:17:45]: 13630
[15:17:46]: 13631
[15:17:46]: 13631
[15:17:46]: 13630
[15:17:47]: 13631
[15:17:47]: 13631
[15:17:47]: 13630
[15:17:48]: 13631
[15:17:48]: 13631
[15:17:48]: 13630
[15:17:49]: 13630
[15:17:49]: 13631
[15:17:49]: 13631
[15:17:50]: 13630
[15:17:50]: 13631
[15:17:50]: 13631
[15:17:51]: 13630
[15:17:51]: 13631
[15:17:52]: 13630
[15:17:52]: 13631
[15:17:52]: 13631
[15:17:52]: 13631
[15:17:53]: 13630
[15:17:53]: 13630
[15:17:53]: 13631
[15:17:54]: 13630
[15:17:54]: 13630
[15:17:54]: 13631
[15:17:55]: 13631
[15:17:55]: 13630
[15:17:55]: 13630
 Close valve V24
 Close valve LRW2
 Open valve LR2
[15:17:56]: H2SO4 at LR2
[15:17:57]: 13631
[15:17:57]: 13630
[15:17:57]: 13630
[15:17:58]: 13631
[15:17:58]: 13631
[15:17:58]: 13630
[15:17:59]: 13630
[15:17:59]: 13631
[15:17:59]: 13631
[15:18:00]: 13630
[15:18:00]: 13630
[15:18:00]: 13630
[15:18:01]: 13631
[15:18:01]: 13631
[15:18:01]: 13631
[15:18:01]: 13630
[15:18:02]: 13630
[15:18:02]: 13631
[15:18:02]: 13631
[15:18:03]: 13631
[15:18:03]: 13630
[15:18:03]: 13630
[15:18:04]: 13631
[15:18:04]: 13632
[15:18:04]: 13630
[15:18:04]: 13630
[15:18:05]: 13630
[15:18:05]: 13632
[15:18:05]: 13632
[15:18:06]: 13630
[15:18:06]: 13630
[15:18:06]: 13630
[15:18:07]: 13632
[15:18:07]: 13632
[15:18:07]: 13630
[15:18:08]: 13630
[15:18:08]: 13632
[15:18:08]: 13632
[15:18:09]: 13632
[15:18:09]: 13630
[15:18:09]: 13630
[15:18:09]: 13632
[15:18:10]: 13632
[15:18:10]: 13630
[15:18:10]: 13630
[15:18:11]: 13632
[15:18:11]: 13632
[15:18:11]: 13630
[15:18:12]: 13630
[15:18:12]: 13632
[15:18:12]: 13632
[15:18:13]: 13632
[15:18:13]: 13630
[15:18:13]: 13630
[15:18:13]: 13632
[15:18:14]: 13632
[15:18:14]: 13632
[15:18:14]: 13632
[15:18:15]: 13630
[15:18:15]: 13630
[15:18:15]: 13632
[15:18:16]: 13632
[15:18:16]: 13630
[15:18:16]: 13631
[15:18:17]: 13632
[15:18:17]: 13632
[15:18:17]: 13631
[15:18:18]: 13630
[15:18:18]: 13632
[15:18:18]: 13632
[15:18:18]: 13632
[15:18:19]: 13630
[15:18:19]: 13631
[15:18:19]: 13632
[15:18:20]: 13632
[15:18:20]: 13631
[15:18:20]: 13631
[15:18:21]: 13632
[15:18:21]: 13632
[15:18:21]: 13631
[15:18:22]: 13631
[15:18:22]: 13632
[15:18:22]: 13632
[15:18:23]: 13631
[15:18:23]: 13631
[15:18:23]: 13632
[15:18:24]: 13632
[15:18:24]: 13631
[15:18:24]: 13632
[15:18:25]: 13632
[15:18:25]: 13631
[15:18:25]: 13632
[15:18:26]: 13632
[15:18:26]: 13632
[15:18:26]: 13631
[15:18:26]: 13631
[15:18:27]: 13632
[15:18:27]: 13632
[15:18:27]: 13632
[15:18:28]: 13631
[15:18:28]: 13632
[15:18:28]: 13632
[15:18:29]: 13632
[15:18:29]: 13631
[15:18:29]: 13631
[15:18:30]: 13632
[15:18:30]: 13632
[15:18:30]: 13632
[15:18:31]: 13631
[15:18:31]: 13631
[15:18:31]: 13631
[15:18:31]: 13632
[15:18:32]: 13632
[15:18:32]: 13631
[15:18:32]: 13631
[15:18:33]: 13632
[15:18:33]: 13632
[15:18:33]: 13631
[15:18:34]: 13631
[15:18:34]: 13632
[15:18:34]: 13632
[15:18:35]: 13631
[15:18:35]: 13631
[15:18:35]: 13631
[15:18:36]: 13632
[15:18:36]: 13633
[15:18:36]: 13631
[15:18:36]: 13631
[15:18:37]: 13633
[15:18:37]: 13632
[15:18:37]: 13631
[15:18:38]: 13633
[15:18:38]: 13633
[15:18:38]: 13631
[15:18:39]: 13631
[15:18:39]: 13633
[15:18:39]: 13633
[15:18:40]: 13631
[15:18:40]: 13633
[15:18:40]: 13633
[15:18:41]: 13631
[15:18:41]: 13633
[15:18:41]: 13633
[15:18:42]: 13633
[15:18:42]: 13631
[15:18:42]: 13633
[15:18:43]: 13633
[15:18:43]: 13631
[15:18:43]: 13631
[15:18:44]: 13633
 Close valve LR2
 Open valve LRW2
 Open valve V24
[15:18:45]: H20 at W2
[15:18:45]: 13631
[15:18:45]: 13631
[15:18:46]: 13633
[15:18:46]: 13632
[15:18:46]: 13631
[15:18:47]: 13633
[15:18:47]: 13633
[15:18:47]: 13631
[15:18:48]: 13633
[15:18:48]: 13633
[15:18:48]: 13631
[15:18:49]: 13631
[15:18:49]: 13633
[15:18:49]: 13631
[15:18:50]: 13631
[15:18:50]: 13633
[15:18:50]: 13633
[15:18:51]: 13631
[15:18:51]: 13631
[15:18:51]: 13633
[15:18:52]: 13633
[15:18:52]: 13631
[15:18:52]: 13631
[15:18:53]: 13633
[15:18:53]: 13631
[15:18:53]: 13631
[15:18:54]: 13631
[15:18:54]: 13632
[15:18:54]: 13632
[15:18:54]: 13631
[15:18:55]: 13631
[15:18:55]: 13631
[15:18:55]: 13632
[15:18:56]: 13632
[15:18:56]: 13631
[15:18:56]: 13631
[15:18:57]: 13632
[15:18:57]: 13631
[15:18:57]: 13631
[15:18:58]: 13631
[15:18:58]: 13632
[15:18:58]: 13632
[15:18:59]: 13632
[15:18:59]: 13631
[15:18:59]: 13631
[15:18:59]: 13632
[15:19:00]: 13632
[15:19:00]: 13632
[15:19:00]: 13631
[15:19:01]: 13631
[15:19:01]: 13630
[15:19:01]: 13632
[15:19:02]: 13632
[15:19:02]: 13631
[15:19:02]: 13630
[15:19:03]: 13632
[15:19:03]: 13632
[15:19:03]: 13632
[15:19:03]: 13631
[15:19:04]: 13631
[15:19:04]: 13632
[15:19:04]: 13632
[15:19:05]: 13632
[15:19:05]: 13631
[15:19:05]: 13631
[15:19:06]: 13632
[15:19:06]: 13632
[15:19:06]: 13632
[15:19:06]: 13631
[15:19:07]: 13631
[15:19:07]: 13631
[15:19:07]: 13632
[15:19:08]: 13632
[15:19:08]: 13632
[15:19:08]: 13630
[15:19:09]: 13631
[15:19:09]: 13632
[15:19:09]: 13632
[15:19:10]: 13630
[15:19:10]: 13632
[15:19:10]: 13632
[15:19:11]: 13632
[15:19:11]: 13631
[15:19:11]: 13630
[15:19:11]: 13630
[15:19:12]: 13632
[15:19:12]: 13632
[15:19:12]: 13630
[15:19:13]: 13630
[15:19:13]: 13632
[15:19:13]: 13632
[15:19:14]: 13632
[15:19:14]: 13630
[15:19:14]: 13631
[15:19:15]: 13632
[15:19:15]: 13632
[15:19:15]: 13630
[15:19:15]: 13630
[15:19:16]: 13630
[15:19:16]: 13632
[15:19:16]: 13632
[15:19:17]: 13632
[15:19:17]: 13630
[15:19:17]: 13630
[15:19:18]: 13632
[15:19:18]: 13630
[15:19:18]: 13630
[15:19:19]: 13630
[15:19:19]: 13632
[15:19:19]: 13632
[15:19:20]: 13630
[15:19:20]: 13630
[15:19:20]: 13632
[15:19:20]: 13632
[15:19:21]: 13632
[15:19:21]: 13630
[15:19:21]: 13630
[15:19:22]: 13632
[15:19:22]: 13632
[15:19:22]: 13630
[15:19:23]: 13630
[15:19:23]: 13630
[15:19:23]: 13632
[15:19:23]: 13632
[15:19:24]: 13632
[15:19:24]: 13630
[15:19:24]: 13630
[15:19:25]: 13630
[15:19:25]: 13631
[15:19:25]: 13631
[15:19:26]: 13630
[15:19:26]: 13630
[15:19:26]: 13631
[15:19:27]: 13631
[15:19:27]: 13630
[15:19:27]: 13630
[15:19:28]: 13631
[15:19:28]: 13631
[15:19:28]: 13631
[15:19:28]: 13630
[15:19:29]: 13630
[15:19:29]: 13630
[15:19:29]: 13631
[15:19:30]: 13631
[15:19:30]: 13628
[15:19:30]: 13628
[15:19:31]: 13627
[15:19:31]: 13628
[15:19:31]: 13629
[15:19:31]: 13628
 Close valve V24
 Close valve LRW2
 Open valve LR1
[15:19:33]: pH 7.55 at LR1
[15:19:33]: 13631
[15:19:33]: 13631
[15:19:33]: 13631
[15:19:34]: 13630
[15:19:34]: 13630
[15:19:34]: 13630
[15:19:35]: 13632
[15:19:35]: 13631
[15:19:35]: 13630
[15:19:36]: 13630
[15:19:36]: 13631
[15:19:36]: 13631
[15:19:37]: 13630
[15:19:37]: 13630
[15:19:37]: 13630
[15:19:38]: 13631
[15:19:38]: 13631
[15:19:38]: 13631
[15:19:38]: 13630
[15:19:39]: 13630
[15:19:39]: 13631
[15:19:39]: 13631
[15:19:40]: 13630
[15:19:40]: 13629
[15:19:40]: 13630
[15:19:41]: 13631
[15:19:41]: 13631
[15:19:41]: 13631
[15:19:41]: 13630
[15:19:42]: 13630
[15:19:42]: 13630
[15:19:42]: 13631
[15:19:43]: 13630
[15:19:43]: 13630
[15:19:43]: 13630
[15:19:44]: 13631
[15:19:44]: 13631
[15:19:44]: 13630
[15:19:45]: 13630
[15:19:45]: 13630
[15:19:45]: 13631
[15:19:46]: 13631
[15:19:46]: 13630
[15:19:46]: 13630
[15:19:46]: 13631
[15:19:47]: 13631
[15:19:47]: 13630
[15:19:47]: 13630
[15:19:48]: 13631
[15:19:48]: 13631
[15:19:48]: 13631
[15:19:49]: 13629
[15:19:49]: 13629
[15:19:49]: 13630
[15:19:50]: 13630
[15:19:50]: 13628
[15:19:50]: 13628
[15:19:50]: 13628
[15:19:51]: 13629
[15:19:51]: 13629
[15:19:51]: 13630
[15:19:52]: 13629
[15:19:52]: 13629
[15:19:52]: 13630
[15:19:53]: 13631
[15:19:53]: 13629
[15:19:53]: 13629
[15:19:54]: 13630
[15:19:54]: 13631
[15:19:54]: 13632
[15:19:54]: 13630
[15:19:55]: 13630
[15:19:55]: 13630
[15:19:55]: 13631
[15:19:56]: 13632
[15:19:56]: 13630
[15:19:56]: 13630
[15:19:57]: 13632
[15:19:57]: 13632
[15:19:57]: 13630
[15:19:58]: 13630
[15:19:58]: 13630
[15:19:58]: 13632
[15:19:58]: 13632
[15:19:59]: 13630
[15:19:59]: 13630
[15:19:59]: 13630
[15:20:00]: 13632
[15:20:00]: 13632
[15:20:00]: 13630
[15:20:01]: 13631
[15:20:01]: 13632
[15:20:01]: 13632
[15:20:02]: 13630
[15:20:02]: 13630
[15:20:02]: 13632
[15:20:03]: 13632
[15:20:03]: 13630
[15:20:03]: 13630
[15:20:04]: 13632
[15:20:04]: 13632
[15:20:04]: 13630
[15:20:04]: 13630
[15:20:05]: 13632
[15:20:05]: 13632
[15:20:05]: 13632
[15:20:06]: 13630
[15:20:06]: 13630
[15:20:06]: 13632
[15:20:07]: 13632
[15:20:07]: 13630
[15:20:07]: 13630
[15:20:08]: 13630
[15:20:08]: 13632
[15:20:08]: 13632
[15:20:09]: 13630
[15:20:09]: 13630
[15:20:09]: 13632
[15:20:09]: 13632
[15:20:10]: 13630
[15:20:10]: 13630
[15:20:10]: 13632
[15:20:11]: 13630
[15:20:11]: 13630
[15:20:11]: 13632
[15:20:12]: 13632
[15:20:12]: 13630
[15:20:12]: 13630
[15:20:13]: 13632
[15:20:13]: 13632
[15:20:13]: 13630
[15:20:14]: 13630
[15:20:14]: 13631
[15:20:14]: 13630
[15:20:15]: 13632
[15:20:15]: 13631
[15:20:15]: 13630
[15:20:16]: 13630
[15:20:16]: 13631
[15:20:16]: 13630
[15:20:17]: 13630
[15:20:17]: 13631
[15:20:17]: 13631
[15:20:18]: 13630
[15:20:18]: 13630
[15:20:18]: 13631
[15:20:19]: 13631
[15:20:19]: 13632
[15:20:19]: 13630
[15:20:20]: 13630
 Close valve LR1
 Open valve LRW2
 Open valve V24
[15:20:21]: H20 at W2
[15:20:21]: 13630
[15:20:21]: 13630
[15:20:22]: 13632
[15:20:22]: 13632
[15:20:22]: 13630
[15:20:23]: 13630
[15:20:23]: 13632
[15:20:23]: 13632
[15:20:24]: 13631
[15:20:24]: 13630
[15:20:24]: 13630
[15:20:24]: 13631
[15:20:25]: 13631
[15:20:25]: 13630
[15:20:25]: 13630
[15:20:26]: 13631
[15:20:26]: 13631
[15:20:26]: 13630
[15:20:27]: 13630
[15:20:27]: 13631
[15:20:27]: 13631
[15:20:28]: 13630
[15:20:28]: 13630
[15:20:28]: 13631
[15:20:29]: 13631
[15:20:29]: 13630
[15:20:29]: 13631
[15:20:30]: 13631
[15:20:30]: 13631
[15:20:30]: 13630
[15:20:31]: 13630
[15:20:31]: 13631
[15:20:31]: 13631
[15:20:31]: 13630
[15:20:32]: 13630
[15:20:32]: 13630
[15:20:32]: 13631
[15:20:33]: 13631
[15:20:33]: 13630
[15:20:33]: 13631
[15:20:34]: 13631
[15:20:34]: 13631
[15:20:34]: 13630
[15:20:35]: 13630
[15:20:35]: 13631
[15:20:35]: 13631
[15:20:36]: 13631
[15:20:36]: 13630
[15:20:36]: 13630
[15:20:36]: 13631
[15:20:37]: 13631
[15:20:37]: 13630
[15:20:37]: 13630
[15:20:38]: 13631
[15:20:38]: 13631
[15:20:38]: 13630
[15:20:39]: 13630
[15:20:39]: 13631
[15:20:39]: 13631
[15:20:40]: 13630
[15:20:40]: 13630
[15:20:40]: 13631
[15:20:41]: 13631
[15:20:41]: 13630
[15:20:41]: 13630
[15:20:42]: 13630
[15:20:42]: 13631
[15:20:42]: 13631
[15:20:42]: 13630
[15:20:43]: 13630
[15:20:43]: 13631
[15:20:43]: 13631
[15:20:44]: 13630
[15:20:44]: 13630
[15:20:44]: 13631
[15:20:45]: 13631
[15:20:45]: 13630
[15:20:45]: 13631
[15:20:46]: 13631
[15:20:46]: 13631
[15:20:46]: 13630
[15:20:47]: 13630
[15:20:47]: 13631
[15:20:47]: 13631
[15:20:48]: 13630
[15:20:48]: 13630
[15:20:48]: 13630
[15:20:49]: 13632
[15:20:49]: 13630
[15:20:49]: 13630
[15:20:49]: 13632
[15:20:50]: 13632
[15:20:50]: 13632
[15:20:50]: 13630
[15:20:51]: 13630
[15:20:51]: 13632
[15:20:51]: 13632
[15:20:52]: 13630
[15:20:52]: 13630
[15:20:52]: 13632
[15:20:53]: 13632
[15:20:53]: 13630
[15:20:53]: 13632
[15:20:54]: 13632
[15:20:54]: 13630
[15:20:54]: 13630
[15:20:55]: 13632
[15:20:55]: 13632
[15:20:55]: 13630
[15:20:56]: 13630
[15:20:56]: 13630
[15:20:56]: 13632
[15:20:56]: 13632
[15:20:57]: 13630
[15:20:57]: 13630
[15:20:57]: 13632
[15:20:58]: 13632
[15:20:58]: 13630
[15:20:58]: 13630
[15:20:59]: 13630
[15:20:59]: 13632
[15:20:59]: 13630
[15:21:00]: 13630
[15:21:00]: 13632
[15:21:00]: 13632
[15:21:01]: 13632
[15:21:01]: 13630
[15:21:01]: 13630
[15:21:01]: 13630
[15:21:02]: 13632
[15:21:02]: 13632
[15:21:02]: 13630
[15:21:03]: 13630
[15:21:03]: 13632
[15:21:03]: 13632
[15:21:04]: 13630
[15:21:04]: 13630
[15:21:04]: 13632
[15:21:05]: 13632
[15:21:05]: 13632
[15:21:05]: 13630
[15:21:06]: 13630
[15:21:06]: 13632
[15:21:06]: 13632
[15:21:06]: 13632
[15:21:07]: 13630
[15:21:07]: 13630
[15:21:07]: 13632
[15:21:08]: 13632
[15:21:08]: 13630
 Close valve V24
 Close valve LRW2
 Open valve LR2
[15:21:09]: H2SO4 at LR2
[15:21:09]: 13632
[15:21:10]: 13632
[15:21:10]: 13630
[15:21:10]: 13630
[15:21:11]: 13632
[15:21:11]: 13632
[15:21:11]: 13630
[15:21:12]: 13630
[15:21:12]: 13632
[15:21:12]: 13632
[15:21:13]: 13632
[15:21:13]: 13630
[15:21:13]: 13630
[15:21:13]: 13630
[15:21:14]: 13632
[15:21:14]: 13632
[15:21:14]: 13630
[15:21:15]: 13630
[15:21:15]: 13632
[15:21:15]: 13632
[15:21:16]: 13630
[15:21:16]: 13630
[15:21:16]: 13630
[15:21:17]: 13632
[15:21:17]: 13632
[15:21:17]: 13630
[15:21:17]: 13630
[15:21:18]: 13632
[15:21:18]: 13632
[15:21:18]: 13632
[15:21:19]: 13630
[15:21:19]: 13630
[15:21:19]: 13632
[15:21:20]: 13632
[15:21:20]: 13631
[15:21:20]: 13631
[15:21:21]: 13630
[15:21:21]: 13632
[15:21:21]: 13632
[15:21:22]: 13630
[15:21:22]: 13630
[15:21:22]: 13631
[15:21:22]: 13632
[15:21:23]: 13632
[15:21:23]: 13631
[15:21:23]: 13631
[15:21:24]: 13632
[15:21:24]: 13632
[15:21:24]: 13631
[15:21:25]: 13631
[15:21:25]: 13631
[15:21:25]: 13632
[15:21:25]: 13632
[15:21:26]: 13632
[15:21:26]: 13631
[15:21:26]: 13631
[15:21:27]: 13631
[15:21:27]: 13632
[15:21:27]: 13632
[15:21:28]: 13631
[15:21:28]: 13631
[15:21:28]: 13632
[15:21:29]: 13638
[15:21:29]: 13638
[15:21:29]: 13636
[15:21:29]: 13638
[15:21:30]: 13636
[15:21:30]: 13636
[15:21:30]: 13638
[15:21:31]: 13636
[15:21:31]: 13636
[15:21:31]: 13637
[15:21:32]: 13636
[15:21:32]: 13636
[15:21:32]: 13637
[15:21:32]: 13636
[15:21:33]: 13637
[15:21:33]: 13637
[15:21:33]: 13636
[15:21:34]: 13637
[15:21:34]: 13637
[15:21:34]: 13636
[15:21:35]: 13636
[15:21:35]: 13637
[15:21:35]: 13637
[15:21:36]: 13636
[15:21:36]: 13636
[15:21:36]: 13637
[15:21:36]: 13636
[15:21:37]: 13636
[15:21:37]: 13636
[15:21:37]: 13636
[15:21:38]: 13636
[15:21:38]: 13636
[15:21:38]: 13636
[15:21:38]: 13637
[15:21:39]: 13636
[15:21:39]: 13636
[15:21:39]: 13638
[15:21:40]: 13636
[15:21:40]: 13636
[15:21:40]: 13638
[15:21:41]: 13638
[15:21:41]: 13636
[15:21:41]: 13636
[15:21:42]: 13638
[15:21:42]: 13636
[15:21:42]: 13638
[15:21:42]: 13636
[15:21:43]: 13637
[15:21:43]: 13637
[15:21:43]: 13636
[15:21:44]: 13637
[15:21:44]: 13638
[15:21:44]: 13636
[15:21:45]: 13638
[15:21:45]: 13636
[15:21:45]: 13638
[15:21:45]: 13638
[15:21:46]: 13636
[15:21:46]: 13636
[15:21:46]: 13638
[15:21:47]: 13636
[15:21:47]: 13636
[15:21:47]: 13638
[15:21:48]: 13636
[15:21:48]: 13638
[15:21:48]: 13638
[15:21:48]: 13636
[15:21:49]: 13636
[15:21:49]: 13636
[15:21:49]: 13636
[15:21:50]: 13638
[15:21:50]: 13636
[15:21:50]: 13636
[15:21:51]: 13638
[15:21:51]: 13636
[15:21:51]: 13636
[15:21:51]: 13638
[15:21:52]: 13638
[15:21:52]: 13638
[15:21:52]: 13636
[15:21:53]: 13638
[15:21:53]: 13638
[15:21:53]: 13638
[15:21:54]: 13636
[15:21:54]: 13636
[15:21:54]: 13638
[15:21:55]: 13636
[15:21:55]: 13638
 Close valve LR2
 Open valve LRW2
 Open valve V24
[15:21:56]: H20 at W2
[15:21:56]: 13636
[15:21:57]: 13638
[15:21:57]: 13636
[15:21:57]: 13638
[15:21:57]: 13636
[15:21:58]: 13638
[15:21:58]: 13638
[15:21:58]: 13638
[15:21:59]: 13636
[15:21:59]: 13636
[15:21:59]: 13638
[15:22:00]: 13636
[15:22:00]: 13636
[15:22:00]: 13638
[15:22:00]: 13638
[15:22:01]: 13636
[15:22:01]: 13636
[15:22:01]: 13638
[15:22:02]: 13636
[15:22:02]: 13636
[15:22:02]: 13636
[15:22:03]: 13638
[15:22:03]: 13638
[15:22:03]: 13636
[15:22:03]: 13636
[15:22:04]: 13638
[15:22:04]: 13638
[15:22:04]: 13636
[15:22:05]: 13638
[15:22:05]: 13638
[15:22:05]: 13636
[15:22:06]: 13637
[15:22:06]: 13637
[15:22:06]: 13636
[15:22:06]: 13638
[15:22:07]: 13637
[15:22:07]: 13636
[15:22:07]: 13638
[15:22:08]: 13636
[15:22:08]: 13636
[15:22:08]: 13637
[15:22:09]: 13636
[15:22:09]: 13636
[15:22:09]: 13637
[15:22:10]: 13637
[15:22:10]: 13636
[15:22:10]: 13636
[15:22:10]: 13637
[15:22:11]: 13637
[15:22:11]: 13637
[15:22:11]: 13636
[15:22:12]: 13637
[15:22:12]: 13637
[15:22:12]: 13636
[15:22:12]: 13637
[15:22:13]: 13637
[15:22:13]: 13636
[15:22:13]: 13637
[15:22:14]: 13636
[15:22:14]: 13635
[15:22:14]: 13637
[15:22:15]: 13636
[15:22:15]: 13636
[15:22:15]: 13637
[15:22:16]: 13635
[15:22:16]: 13631
[15:22:16]: 13631
[15:22:16]: 13633
[15:22:17]: 13633
[15:22:17]: 13631
[15:22:17]: 13631
[15:22:18]: 13633
[15:22:18]: 13633
[15:22:18]: 13631
[15:22:19]: 13631
[15:22:19]: 13633
[15:22:19]: 13632
[15:22:20]: 13632
[15:22:20]: 13631
[15:22:20]: 13631
[15:22:20]: 13631
[15:22:21]: 13632
[15:22:21]: 13632
[15:22:21]: 13631
[15:22:22]: 13631
[15:22:22]: 13631
[15:22:22]: 13633
[15:22:23]: 13632
[15:22:23]: 13631
[15:22:23]: 13633
[15:22:24]: 13633
[15:22:24]: 13632
[15:22:24]: 13632
[15:22:25]: 13631
[15:22:25]: 13631
[15:22:25]: 13632
[15:22:25]: 13632
[15:22:26]: 13631
[15:22:26]: 13631
[15:22:26]: 13631
[15:22:27]: 13633
[15:22:27]: 13632
[15:22:27]: 13631
[15:22:28]: 13631
[15:22:28]: 13633
[15:22:28]: 13633
[15:22:29]: 13633
[15:22:29]: 13631
[15:22:29]: 13631
[15:22:29]: 13631
[15:22:30]: 13632
[15:22:30]: 13633
[15:22:30]: 13631
[15:22:31]: 13631
[15:22:31]: 13631
[15:22:31]: 13633
[15:22:32]: 13632
[15:22:32]: 13633
[15:22:32]: 13631
[15:22:32]: 13631
[15:22:33]: 13633
[15:22:33]: 13633
[15:22:33]: 13631
[15:22:34]: 13631
[15:22:34]: 13631
[15:22:34]: 13633
[15:22:35]: 13633
[15:22:35]: 13631
[15:22:35]: 13631
[15:22:36]: 13631
[15:22:36]: 13633
[15:22:36]: 13632
[15:22:36]: 13632
[15:22:37]: 13631
[15:22:37]: 13631
[15:22:37]: 13633
[15:22:38]: 13633
[15:22:38]: 13631
[15:22:38]: 13633
[15:22:39]: 13633
[15:22:39]: 13633
[15:22:39]: 13631
[15:22:40]: 13631
[15:22:40]: 13632
[15:22:40]: 13633
[15:22:41]: 13631
[15:22:41]: 13631
[15:22:41]: 13631
[15:22:41]: 13633
[15:22:42]: 13633
 Close valve V24
 Close valve LRW2
 Open valve LR1
[15:22:43]: pH 7.55 at LR1
[15:22:43]: 13631
[15:22:43]: 13633
[15:22:44]: 13633
[15:22:44]: 13633
[15:22:44]: 13632
[15:22:45]: 13632
[15:22:45]: 13633
[15:22:45]: 13633
[15:22:46]: 13633
[15:22:46]: 13632
[15:22:46]: 13631
[15:22:47]: 13633
[15:22:47]: 13633
[15:22:47]: 13633
[15:22:47]: 13631
[15:22:48]: 13631
[15:22:48]: 13633
[15:22:48]: 13633
[15:22:49]: 13631
[15:22:49]: 13631
[15:22:49]: 13633
[15:22:50]: 13633
[15:22:50]: 13633
[15:22:50]: 13631
[15:22:51]: 13631
[15:22:51]: 13631
[15:22:51]: 13633
[15:22:51]: 13633
[15:22:52]: 13631
[15:22:52]: 13631
[15:22:52]: 13633
[15:22:53]: 13631
[15:22:53]: 13633
[15:22:53]: 13632
[15:22:54]: 13631
[15:22:54]: 13633
[15:22:54]: 13633
[15:22:55]: 13631
[15:22:55]: 13631
[15:22:55]: 13633
[15:22:55]: 13633
[15:22:56]: 13633
[15:22:56]: 13631
[15:22:56]: 13631
[15:22:57]: 13633
[15:22:57]: 13633
[15:22:57]: 13633
[15:22:58]: 13631
[15:22:58]: 13631
[15:22:58]: 13631
[15:22:59]: 13633
[15:22:59]: 13633
[15:22:59]: 13631
[15:22:59]: 13631
[15:23:00]: 13631
[15:23:00]: 13632
[15:23:00]: 13632
[15:23:01]: 13631
[15:23:01]: 13631
[15:23:01]: 13632
[15:23:02]: 13632
[15:23:02]: 13632
[15:23:02]: 13631
[15:23:03]: 13631
[15:23:03]: 13631
[15:23:03]: 13632
[15:23:03]: 13632
[15:23:04]: 13632
[15:23:04]: 13631
[15:23:04]: 13632
[15:23:05]: 13632
[15:23:05]: 13632
[15:23:05]: 13631
[15:23:06]: 13632
[15:23:06]: 13633
[15:23:06]: 13631
[15:23:07]: 13631
[15:23:07]: 13633
[15:23:07]: 13632
[15:23:08]: 13632
[15:23:08]: 13631
[15:23:08]: 13631
[15:23:09]: 13632
[15:23:09]: 13632
[15:23:09]: 13631
[15:23:09]: 13631
[15:23:10]: 13632
[15:23:10]: 13632
[15:23:10]: 13631
[15:23:11]: 13631
[15:23:11]: 13632
[15:23:11]: 13632
[15:23:12]: 13631
[15:23:12]: 13631
[15:23:12]: 13632
[15:23:13]: 13632

