 Close valve HP_IN
 Close valve HP_OUT
 Close valve L1_OUT
 Close valve L2_OUT
 Close valve L3_OUT
 Close valve L_HP
 Close valve LR1
 Close valve LR2
 Close valve LR3
 Close valve LR4
 Close valve LRW2
 Close valve LWASTE
 Close valve R1_4
 Close valve V21
 Close valve V24
 Close valve V4
 Close valve VH
 Close valve W1
 Close valve W2
 Close valve W3
 Open valve HP_IN
 Open valve W2
 Open valve R1_4
 Open valve V21
[17:56:00]: Forward liquid flow activated
[17:56:00]: AIR
 Open valve HP_OUT
 Open valve L_HP
 Open valve V24
 Close valve V24
 Close valve L_HP
 Close valve HP_OUT
[17:56:20]: W2 OH-
 Open valve LRW2
 Open valve V24
[17:56:20]: 12867
[17:56:21]: 12866
[17:56:21]: 12865
[17:56:21]: 12864
[17:56:22]: 10840
[17:56:22]: 9706
[17:56:22]: 9527
[17:56:23]: 9380
[17:56:23]: 9306
[17:56:23]: 9151
[17:56:24]: 9059
[17:56:24]: 9108
[17:56:24]: 9075
[17:56:24]: 9042
[17:56:25]: 9023
[17:56:25]: 9008
[17:56:25]: 8992
[17:56:26]: 8982
[17:56:26]: 8971
[17:56:26]: 8958
[17:56:27]: 8951
[17:56:27]: 8946
[17:56:27]: 8937
[17:56:28]: 8930
[17:56:28]: 8928
[17:56:28]: 8926
[17:56:29]: 8920
[17:56:29]: 8916
[17:56:29]: 8919
[17:56:29]: 8917
[17:56:30]: 8910
[17:56:30]: 8912
[17:56:30]: 8905
[17:56:31]: 8902
[17:56:31]: 8909
[17:56:31]: 8906
[17:56:32]: 8902
[17:56:32]: 8905
[17:56:32]: 8905
[17:56:33]: 8902
[17:56:33]: 8899
[17:56:33]: 8903
[17:56:34]: 8901
[17:56:34]: 8902
[17:56:34]: 8897
[17:56:34]: 8901
[17:56:35]: 8896
[17:56:35]: 8893
[17:56:35]: 8895
[17:56:36]: 8901
 Close valve V24
 Close valve LRW2
[17:56:36]: W2 OH-
 Open valve LRW2
 Open valve V24
[17:56:36]: 8875
[17:56:37]: 8841
[17:56:37]: 8843
[17:56:37]: 9538
[17:56:37]: 9546
[17:56:38]: 9541
[17:56:38]: 9544
[17:56:38]: 9540
[17:56:39]: 9537
[17:56:39]: 9543
[17:56:39]: 9538
[17:56:40]: 9547
[17:56:40]: 9540
[17:56:40]: 9543
[17:56:41]: 9518
[17:56:41]: 9545
[17:56:41]: 9549
[17:56:42]: 9587
[17:56:42]: 9518
[17:56:42]: 9520
[17:56:43]: 9745
[17:56:43]: 10027
[17:56:43]: 9621
[17:56:44]: 9596
[17:56:44]: 9796
[17:56:44]: 9809
[17:56:44]: 9816
[17:56:45]: 9879
[17:56:45]: 9959
[17:56:45]: 10004
[17:56:46]: 10080
[17:56:46]: 9613
[17:56:46]: 10497
[17:56:47]: 10200
[17:56:47]: 9778
[17:56:47]: 10233
[17:56:48]: 10279
[17:56:48]: 10163
[17:56:48]: 10222
[17:56:48]: 9776
[17:56:49]: 10007
[17:56:49]: 10182
[17:56:49]: 10509
[17:56:50]: 10521
[17:56:50]: 10504
[17:56:50]: 10548
[17:56:51]: 9539
[17:56:51]: 9532
[17:56:51]: 9830
[17:56:52]: 10181
 Close valve V24
 Close valve LRW2
[17:56:52]: W2 OH-
 Open valve LRW2
 Open valve V24
[17:56:52]: 8842
[17:56:53]: 8852
[17:56:53]: 8887
[17:56:53]: 8906
[17:56:54]: 8915
[17:56:54]: 8920
[17:56:54]: 8926
[17:56:54]: 8929
[17:56:55]: 8937
[17:56:55]: 8929
[17:56:55]: 8936
[17:56:56]: 8937
[17:56:56]: 8931
[17:56:56]: 8931
[17:56:57]: 8946
[17:56:57]: 8939
[17:56:57]: 8940
[17:56:58]: 8935
[17:56:58]: 8936
[17:56:58]: 8944
[17:56:59]: 8940
[17:56:59]: 8936
[17:56:59]: 8941
[17:56:59]: 8943
[17:57:00]: 8917
[17:57:00]: 8939
[17:57:00]: 8939
[17:57:01]: 8936
[17:57:01]: 8933
[17:57:01]: 8931
[17:57:02]: 8935
[17:57:02]: 8929
[17:57:02]: 8947
[17:57:03]: 8939
[17:57:03]: 8937
[17:57:03]: 8944
[17:57:04]: 8936
[17:57:04]: 8939
[17:57:04]: 8934
[17:57:04]: 8939
[17:57:05]: 8935
[17:57:05]: 8932
[17:57:05]: 8933
[17:57:06]: 8937
[17:57:06]: 8914
[17:57:06]: 8940
[17:57:07]: 8937
[17:57:07]: 8933
[17:57:07]: 8942
[17:57:08]: 8939
 Close valve V24
 Close valve LRW2
[17:57:08]: Loop start
[17:57:08]: W2 OH-
 Open valve LRW2
 Open valve V24
[17:57:08]: 8921
[17:57:08]: 8934
[17:57:09]: 8937
[17:57:09]: 8938
[17:57:09]: 8934
[17:57:10]: 8935
[17:57:10]: 8940
[17:57:10]: 8937
[17:57:11]: 8941
[17:57:11]: 8935
[17:57:11]: 8933
[17:57:12]: 8935
[17:57:12]: 8940
[17:57:12]: 8936
[17:57:13]: 8934
[17:57:13]: 8943
[17:57:13]: 8940
[17:57:13]: 8937
[17:57:14]: 8942
[17:57:14]: 8935
[17:57:14]: 8933
[17:57:15]: 8944
[17:57:15]: 8941
[17:57:15]: 8938
[17:57:16]: 8943
[17:57:16]: 8944
[17:57:16]: 8935
[17:57:17]: 8939
[17:57:17]: 8944
[17:57:17]: 8936
[17:57:17]: 8938
[17:57:18]: 8938
[17:57:18]: 8943
[17:57:18]: 8938
[17:57:19]: 8936
[17:57:19]: 8945
[17:57:19]: 8936
[17:57:20]: 8946
[17:57:20]: 8945
[17:57:20]: 8942
[17:57:21]: 8938
[17:57:21]: 8946
[17:57:21]: 8945
[17:57:22]: 8942
[17:57:22]: 8938
[17:57:22]: 8946
[17:57:23]: 8947
[17:57:23]: 8937
[17:57:23]: 8941
[17:57:23]: 8938
 Close valve V24
 Close valve LRW2
[17:57:24]: CIRCLE H+
 Open valve LR1
[17:57:24]: 8914
[17:57:24]: 10235
[17:57:25]: 11111
[17:57:25]: 11268
[17:57:25]: 11505
[17:57:25]: 11549
[17:57:26]: 11706
[17:57:26]: 11737
[17:57:26]: 11810
[17:57:27]: 11750
[17:57:27]: 11658
[17:57:27]: 11605
[17:57:28]: 11540
[17:57:28]: 11490
[17:57:28]: 11457
[17:57:29]: 11415
[17:57:29]: 11389
[17:57:29]: 11371
[17:57:30]: 11345
[17:57:30]: 11324
[17:57:30]: 11297
[17:57:30]: 11279
[17:57:31]: 11272
[17:57:31]: 11256
[17:57:31]: 11234
[17:57:32]: 11218
[17:57:32]: 11212
[17:57:32]: 11203
[17:57:33]: 11192
[17:57:33]: 11181
[17:57:33]: 11176
[17:57:34]: 9898
[17:57:34]: 10120
[17:57:34]: 10404
[17:57:34]: 10537
[17:57:35]: 10625
[17:57:35]: 10675
[17:57:35]: 10719
[17:57:36]: 10753
[17:57:36]: 10789
[17:57:36]: 10813
[17:57:37]: 10819
[17:57:37]: 10835
[17:57:37]: 10848
[17:57:38]: 10858
[17:57:38]: 10873
[17:57:38]: 10871
[17:57:39]: 10871
[17:57:39]: 10861
[17:57:39]: 10860
 Close valve LR1
[17:57:39]: W2 OH-
 Open valve LRW2
 Open valve V24
[17:57:40]: 9606
[17:57:40]: 9581
[17:57:40]: 8835
[17:57:41]: 9557
[17:57:41]: 8792
[17:57:41]: 8810
[17:57:42]: 8830
[17:57:42]: 8828
[17:57:42]: 8857
[17:57:42]: 8826
[17:57:43]: 8881
[17:57:43]: 8898
[17:57:43]: 8913
[17:57:44]: 8909
[17:57:44]: 8908
[17:57:44]: 8921
[17:57:45]: 8889
[17:57:45]: 8870
[17:57:45]: 8859
[17:57:46]: 8870
[17:57:46]: 8861
[17:57:46]: 8881
[17:57:47]: 8823
[17:57:47]: 8906
[17:57:47]: 8915
[17:57:47]: 8906
[17:57:48]: 8927
[17:57:48]: 8924
[17:57:48]: 8925
[17:57:49]: 8932
[17:57:49]: 8932
[17:57:49]: 8920
[17:57:50]: 8923
[17:57:50]: 8932
[17:57:50]: 8934
[17:57:51]: 8921
[17:57:51]: 8926
[17:57:51]: 8928
[17:57:52]: 8932
[17:57:52]: 8920
[17:57:52]: 8934
[17:57:52]: 8920
[17:57:53]: 8926
[17:57:53]: 8926
[17:57:53]: 8929
[17:57:54]: 8956
[17:57:54]: 8937
[17:57:54]: 8928
[17:57:55]: 8933
[17:57:55]: 8937
 Close valve V24
 Close valve LRW2
[17:57:55]: CROSS H+
 Open valve LR2
[17:57:55]: 8932
[17:57:56]: 10186
[17:57:56]: 10665
[17:57:56]: 10970
[17:57:57]: 11167
[17:57:57]: 11294
[17:57:57]: 11900
[17:57:58]: 11745
[17:57:58]: 11675
[17:57:58]: 11644
[17:57:58]: 11616
[17:57:59]: 11591
[17:57:59]: 11559
[17:57:59]: 11534
[17:58:00]: 11511
[17:58:00]: 11488
[17:58:00]: 11478
[17:58:01]: 11458
[17:58:01]: 11440
[17:58:01]: 11419
[17:58:02]: 11406
[17:58:02]: 11390
[17:58:02]: 11379
[17:58:03]: 11363
[17:58:03]: 11349
[17:58:03]: 11344
[17:58:03]: 11326
[17:58:04]: 11318
[17:58:04]: 11331
[17:58:04]: 11313
[17:58:05]: 11306
[17:58:05]: 11293
[17:58:05]: 11360
[17:58:06]: 11311
[17:58:06]: 11286
[17:58:06]: 11276
[17:58:07]: 11256
[17:58:07]: 11242
[17:58:07]: 11241
[17:58:07]: 11224
[17:58:08]: 11216
[17:58:08]: 11217
[17:58:08]: 11209
[17:58:09]: 11201
[17:58:09]: 11194
[17:58:09]: 11187
[17:58:10]: 11181
[17:58:10]: 11091
[17:58:10]: 11125
[17:58:11]: 11177
 Close valve LR2
[17:58:11]: W2 OH-
 Open valve LRW2
 Open valve V24
[17:58:11]: 9662
[17:58:11]: 8955
[17:58:12]: 8846
[17:58:12]: 8773
[17:58:12]: 8784
[17:58:13]: 8784
[17:58:13]: 8783
[17:58:13]: 8775
[17:58:14]: 8775
[17:58:14]: 9561
[17:58:14]: 9578
[17:58:14]: 8783
[17:58:15]: 8752
[17:58:15]: 8829
[17:58:15]: 8862
[17:58:16]: 8805
[17:58:16]: 8896
[17:58:16]: 8878
[17:58:17]: 8866
[17:58:17]: 9601
[17:58:17]: 8811
[17:58:18]: 9122
[17:58:18]: 8792
[17:58:18]: 8860
[17:58:19]: 9572
[17:58:19]: 9567
[17:58:19]: 9543
[17:58:19]: 8790
[17:58:20]: 8863
[17:58:20]: 8895
[17:58:20]: 8889
[17:58:21]: 8902
[17:58:21]: 8927
[17:58:21]: 9004
[17:58:22]: 9580
[17:58:22]: 9547
[17:58:22]: 8768
[17:58:23]: 8802
[17:58:23]: 8818
[17:58:23]: 8828
[17:58:24]: 8839
[17:58:24]: 8841
[17:58:24]: 8845
[17:58:24]: 8832
[17:58:25]: 9531
[17:58:25]: 8774
[17:58:25]: 9481
[17:58:26]: 9329
[17:58:26]: 8781
[17:58:26]: 9528
 Close valve V24
 Close valve LRW2
[17:58:26]: SQUARE H+
 Open valve LR3
[17:58:27]: 8755
[17:58:27]: 9582
[17:58:27]: 9798
[17:58:28]: 9713
[17:58:28]: 9876
[17:58:28]: 10022
[17:58:29]: 10092
[17:58:29]: 10207
[17:58:29]: 10276
[17:58:30]: 10296
[17:58:30]: 10331
[17:58:30]: 10366
[17:58:31]: 10402
[17:58:31]: 10379
[17:58:31]: 10157
[17:58:31]: 10159
[17:58:32]: 10150
[17:58:32]: 10186
[17:58:32]: 10217
[17:58:33]: 10246
[17:58:33]: 10271
[17:58:33]: 10293
[17:58:34]: 10348
[17:58:34]: 10360
[17:58:34]: 10420
[17:58:35]: 10462
[17:58:35]: 10487
[17:58:35]: 10527
[17:58:36]: 10548
[17:58:36]: 9576
[17:58:36]: 9571
[17:58:36]: 9564
[17:58:37]: 9554
[17:58:37]: 9548
[17:58:37]: 9551
[17:58:38]: 9556
[17:58:38]: 9558
[17:58:38]: 9561
[17:58:39]: 9563
[17:58:39]: 9564
[17:58:39]: 9568
[17:58:40]: 9569
[17:58:40]: 9568
[17:58:40]: 9566
[17:58:40]: 9568
[17:58:41]: 9567
[17:58:41]: 9566
[17:58:41]: 9565
[17:58:42]: 9565
[17:58:42]: 9566
 Close valve LR3
[17:58:42]: W2 OH-
 Open valve LRW2
 Open valve V24
[17:58:43]: 9567
[17:58:43]: 9437
[17:58:43]: 8971
[17:58:43]: 9322
[17:58:44]: 8807
[17:58:44]: 8854
[17:58:44]: 8875
[17:58:45]: 9603
[17:58:45]: 9530
[17:58:45]: 9535
[17:58:46]: 9533
[17:58:46]: 8737
[17:58:46]: 9500
[17:58:47]: 9506
[17:58:47]: 8740
[17:58:47]: 8735
[17:58:47]: 8781
[17:58:48]: 8810
[17:58:48]: 8826
[17:58:48]: 8858
[17:58:49]: 8882
[17:58:49]: 8893
[17:58:49]: 8886
[17:58:50]: 8880
[17:58:50]: 8874
[17:58:50]: 8889
[17:58:51]: 8912
[17:58:51]: 8896
[17:58:51]: 8880
[17:58:51]: 8907
[17:58:52]: 8926
[17:58:52]: 8922
[17:58:52]: 8929
[17:58:53]: 8938
[17:58:53]: 8939
[17:58:53]: 8936
[17:58:54]: 8934
[17:58:54]: 9614
[17:58:54]: 9584
[17:58:55]: 9578
[17:58:55]: 9521
[17:58:55]: 8789
[17:58:55]: 8798
[17:58:56]: 8850
[17:58:56]: 9535
[17:58:56]: 8783
[17:58:57]: 9601
[17:58:57]: 9507
[17:58:57]: 9470
[17:58:58]: 8780
 Close valve V24
 Close valve LRW2
[17:58:58]: PLUS H+
 Open valve LR4
[17:58:58]: 8762
[17:58:58]: 9980
[17:58:59]: 9894
[17:58:59]: 10046
[17:58:59]: 10155
[17:59:00]: 10217
[17:59:00]: 10272
[17:59:00]: 10321
[17:59:01]: 10362
[17:59:01]: 10397
[17:59:01]: 10420
[17:59:01]: 10448
[17:59:02]: 10477
[17:59:02]: 10501
[17:59:02]: 10514
[17:59:03]: 10534
[17:59:03]: 10557
[17:59:03]: 10565
[17:59:04]: 10581
[17:59:04]: 10596
[17:59:04]: 10610
[17:59:05]: 10624
[17:59:05]: 10732
[17:59:05]: 10702
[17:59:06]: 10665
[17:59:06]: 10629
[17:59:06]: 10638
[17:59:07]: 10628
[17:59:07]: 10612
[17:59:07]: 9613
[17:59:07]: 9565
[17:59:08]: 9558
[17:59:08]: 9553
[17:59:08]: 9553
[17:59:09]: 9557
[17:59:09]: 9557
[17:59:09]: 9558
[17:59:10]: 9558
[17:59:10]: 9560
[17:59:10]: 9561
[17:59:11]: 9562
[17:59:11]: 9563
[17:59:11]: 9564
[17:59:12]: 9563
[17:59:12]: 9564
[17:59:12]: 9564
[17:59:13]: 9562
[17:59:13]: 9563
[17:59:13]: 9563
[17:59:13]: 9563
 Close valve LR4
[17:59:14]: W2 OH-
 Open valve LRW2
 Open valve V24
[17:59:14]: 9559
[17:59:14]: 9573
[17:59:15]: 9535
[17:59:15]: 9527
[17:59:15]: 9503
[17:59:15]: 9541
[17:59:16]: 9507
[17:59:16]: 9511
[17:59:16]: 9504
[17:59:17]: 9477
[17:59:17]: 8821
[17:59:17]: 8762
[17:59:18]: 8793
[17:59:18]: 8796
[17:59:18]: 8831
[17:59:19]: 8823
[17:59:19]: 8826
[17:59:19]: 8836
[17:59:20]: 8838
[17:59:20]: 8818
[17:59:20]: 8852
[17:59:20]: 8852
[17:59:21]: 8810
[17:59:21]: 8809
[17:59:21]: 9539
[17:59:22]: 9515
[17:59:22]: 9494
[17:59:22]: 8763
[17:59:23]: 8757
[17:59:23]: 9509
[17:59:23]: 9473
[17:59:24]: 8840
[17:59:24]: 8768
[17:59:24]: 8771
[17:59:25]: 8762
[17:59:25]: 9495
[17:59:25]: 8776
[17:59:26]: 9533
[17:59:26]: 9505
[17:59:26]: 8861
[17:59:26]: 8773
[17:59:27]: 8823
[17:59:27]: 9349
[17:59:27]: 8762
[17:59:28]: 8760
[17:59:28]: 8782
[17:59:28]: 8799
[17:59:29]: 8807
[17:59:29]: 8799
[17:59:29]: 8803
 Close valve V24
 Close valve LRW2
[17:59:29]: CIRCLE H+
 Open valve LR1
[17:59:30]: 8810
[17:59:30]: 9573
[17:59:30]: 9576
[17:59:31]: 9573
[17:59:31]: 9568
[17:59:31]: 9565
[17:59:32]: 9557
[17:59:32]: 9555
[17:59:32]: 9550
[17:59:33]: 9548
[17:59:33]: 9544
[17:59:33]: 9542
[17:59:33]: 9540
[17:59:34]: 9538
[17:59:34]: 9538
[17:59:34]: 9538
[17:59:35]: 9536
[17:59:35]: 9534
[17:59:35]: 9534
[17:59:36]: 9533
[17:59:36]: 9533
[17:59:36]: 9533
[17:59:37]: 9532
[17:59:37]: 9530
[17:59:37]: 9531
[17:59:37]: 9529
[17:59:38]: 9529
[17:59:38]: 9530
[17:59:38]: 9527
[17:59:39]: 9528
[17:59:39]: 9528
[17:59:39]: 9528
[17:59:40]: 9527
[17:59:40]: 9526
[17:59:40]: 9525
[17:59:41]: 9524
[17:59:41]: 9524
[17:59:41]: 9524
[17:59:42]: 9524
[17:59:42]: 9523
[17:59:42]: 9523
[17:59:43]: 9523
[17:59:43]: 9522
[17:59:43]: 9521
[17:59:44]: 9521
[17:59:44]: 9521
[17:59:44]: 9521
[17:59:44]: 9520
[17:59:45]: 9520
[17:59:45]: 9522
 Close valve LR1
[17:59:45]: W2 OH-
 Open valve LRW2
 Open valve V24
[17:59:46]: 9511
[17:59:46]: 9508
[17:59:46]: 9507
[17:59:47]: 9502
[17:59:47]: 9496
[17:59:47]: 9486
[17:59:47]: 9502
[17:59:48]: 9500
[17:59:48]: 9487
[17:59:48]: 9477
[17:59:49]: 9492
[17:59:49]: 9483
[17:59:49]: 9458
[17:59:50]: 9458
[17:59:50]: 9413
[17:59:50]: 9013
[17:59:51]: 8888
[17:59:51]: 8779
[17:59:51]: 8745
[17:59:51]: 8754
[17:59:52]: 8767
[17:59:52]: 8759
[17:59:52]: 8783
[17:59:53]: 8785
[17:59:53]: 8797
[17:59:53]: 8786
[17:59:54]: 8798
[17:59:54]: 8796
[17:59:54]: 8795
[17:59:55]: 8797
[17:59:55]: 8805
[17:59:55]: 8809
[17:59:56]: 8806
[17:59:56]: 8801
[17:59:56]: 8803
[17:59:57]: 8792
[17:59:57]: 8815
[17:59:57]: 8807
[17:59:58]: 8801
[17:59:58]: 8799
[17:59:58]: 8796
[17:59:59]: 8808
[17:59:59]: 8812
[17:59:59]: 8791
[17:59:59]: 8796
[18:00:00]: 8796
[18:00:00]: 8798
[18:00:00]: 8793
[18:00:01]: 8793
[18:00:01]: 8796
 Close valve V24
 Close valve LRW2
[18:00:01]: CROSS H+
 Open valve LR2
[18:00:02]: 8766
[18:00:02]: 9565
[18:00:02]: 9575
[18:00:02]: 9575
[18:00:03]: 9571
[18:00:03]: 9567
[18:00:03]: 9564
[18:00:04]: 9561
[18:00:04]: 9556
[18:00:04]: 9555
[18:00:05]: 9552
[18:00:05]: 9549
[18:00:05]: 9547
[18:00:05]: 9547
[18:00:06]: 9545
[18:00:06]: 9544
[18:00:06]: 9544
[18:00:07]: 9543
[18:00:07]: 9541
[18:00:07]: 9541
[18:00:08]: 9540
[18:00:08]: 9541
[18:00:08]: 9541
[18:00:09]: 9540
[18:00:09]: 9540
[18:00:09]: 9539
[18:00:10]: 9539
[18:00:10]: 9538
[18:00:10]: 9539
[18:00:10]: 9539
[18:00:11]: 9536
[18:00:11]: 9536
[18:00:11]: 9536
[18:00:12]: 9536
[18:00:12]: 9536
[18:00:12]: 9536
[18:00:13]: 9535
[18:00:13]: 9535
[18:00:13]: 9535
[18:00:14]: 9535
[18:00:14]: 9533
[18:00:14]: 9533
[18:00:14]: 9534
[18:00:15]: 9533
[18:00:15]: 9533
[18:00:15]: 9532
[18:00:16]: 9532
[18:00:16]: 9533
[18:00:16]: 9532
[18:00:17]: 9532
 Close valve LR2
[18:00:17]: W2 OH-
 Open valve LRW2
 Open valve V24
[18:00:17]: 9515
[18:00:17]: 9513
[18:00:18]: 9513
[18:00:18]: 9510
[18:00:18]: 9494
[18:00:19]: 9488
[18:00:19]: 9498
[18:00:19]: 9493
[18:00:20]: 9482
[18:00:20]: 9475
[18:00:20]: 9486
[18:00:21]: 9486
[18:00:21]: 9472
[18:00:21]: 9466
[18:00:21]: 9423
[18:00:22]: 9121
[18:00:22]: 8763
[18:00:22]: 8737
[18:00:23]: 8752
[18:00:23]: 9459
[18:00:23]: 8844
[18:00:24]: 9458
[18:00:24]: 8776
[18:00:24]: 8778
[18:00:25]: 8705
[18:00:25]: 9478
[18:00:25]: 9475
[18:00:25]: 9458
[18:00:26]: 9446
[18:00:26]: 9428
[18:00:26]: 9399
[18:00:27]: 9159
[18:00:27]: 8753
[18:00:27]: 8731
[18:00:28]: 8734
[18:00:28]: 9433
[18:00:28]: 9385
[18:00:29]: 8765
[18:00:29]: 8773
[18:00:29]: 8766
[18:00:29]: 8824
[18:00:30]: 8763
[18:00:30]: 8748
[18:00:30]: 8771
[18:00:31]: 8814
[18:00:31]: 8772
[18:00:31]: 8768
[18:00:32]: 8762
[18:00:32]: 8788
[18:00:32]: 8741
 Close valve V24
 Close valve LRW2
[18:00:32]: SQUARE H+
 Open valve LR3
[18:00:33]: 9418
[18:00:33]: 9527
[18:00:33]: 9542
[18:00:34]: 9544
[18:00:34]: 9544
[18:00:34]: 9542
[18:00:35]: 9539
[18:00:35]: 9535
[18:00:35]: 9532
[18:00:36]: 9530
[18:00:36]: 9529
[18:00:36]: 9528
[18:00:37]: 9526
[18:00:37]: 9525
[18:00:37]: 9523
[18:00:37]: 9523
[18:00:38]: 9521
[18:00:38]: 9520
[18:00:38]: 9521
[18:00:39]: 9519
[18:00:39]: 9519
[18:00:39]: 9518
[18:00:40]: 9517
[18:00:40]: 9517
[18:00:40]: 9517
[18:00:41]: 9516
[18:00:41]: 9515
[18:00:41]: 9515
[18:00:42]: 9515
[18:00:42]: 9515
[18:00:42]: 9515
[18:00:43]: 9514
[18:00:43]: 9514
[18:00:43]: 9515
[18:00:44]: 9514
[18:00:44]: 9514
[18:00:44]: 9513
[18:00:45]: 9513
[18:00:45]: 9513
[18:00:45]: 9512
[18:00:45]: 9512
[18:00:46]: 9511
[18:00:46]: 9512
[18:00:46]: 9512
[18:00:47]: 9511
[18:00:47]: 9510
[18:00:47]: 9510
[18:00:48]: 9510
[18:00:48]: 9511
[18:00:48]: 9510
 Close valve LR3
[18:00:48]: W2 OH-
 Open valve LRW2
 Open valve V24
[18:00:49]: 9490
[18:00:49]: 9507
[18:00:49]: 9509
[18:00:50]: 9494
[18:00:50]: 9502
[18:00:50]: 9505
[18:00:51]: 9482
[18:00:51]: 9478
[18:00:51]: 9478
[18:00:51]: 9480
[18:00:52]: 9457
[18:00:52]: 8797
[18:00:52]: 9478
[18:00:53]: 9464
[18:00:53]: 9473
[18:00:53]: 9457
[18:00:54]: 9465
[18:00:54]: 9456
[18:00:54]: 9460
[18:00:55]: 9447
[18:00:55]: 9455
[18:00:55]: 9445
[18:00:56]: 9441
[18:00:56]: 9439
[18:00:56]: 9452
[18:00:57]: 9444
[18:00:57]: 9436
[18:00:57]: 9430
[18:00:58]: 9443
[18:00:58]: 9430
[18:00:58]: 9440
[18:00:58]: 9430
[18:00:59]: 8728
[18:00:59]: 8754
[18:00:59]: 8730
[18:01:00]: 8739
[18:01:00]: 8745
[18:01:00]: 8736
[18:01:01]: 8805
[18:01:01]: 8902
[18:01:01]: 9427
[18:01:02]: 9146
[18:01:02]: 8740
[18:01:02]: 8736
[18:01:02]: 8734
[18:01:03]: 8749
[18:01:03]: 8749
[18:01:03]: 8755
[18:01:04]: 8738
[18:01:04]: 8768
 Close valve V24
 Close valve LRW2
[18:01:04]: PLUS H+
 Open valve LR4
[18:01:04]: 8748
[18:01:05]: 8790
[18:01:05]: 8815
[18:01:05]: 8825
[18:01:06]: 8839
[18:01:06]: 8844
[18:01:06]: 8843
[18:01:07]: 8841
[18:01:07]: 8848
[18:01:07]: 8839
[18:01:08]: 8839
[18:01:08]: 8843
[18:01:08]: 8844
[18:01:08]: 8840
[18:01:09]: 8851
[18:01:09]: 8851
[18:01:09]: 8839
[18:01:10]: 8845
[18:01:10]: 8844
[18:01:10]: 8840
[18:01:11]: 8841
[18:01:11]: 8850
[18:01:11]: 8846
[18:01:12]: 8841
[18:01:12]: 8841
[18:01:12]: 8853
[18:01:13]: 8848
[18:01:13]: 8849
[18:01:13]: 8855
[18:01:13]: 8853
[18:01:14]: 8846
[18:01:14]: 8852
[18:01:14]: 8851
[18:01:15]: 8848
[18:01:15]: 8861
[18:01:15]: 8860
[18:01:16]: 8851
[18:01:16]: 8857
[18:01:16]: 8855
[18:01:17]: 8852
[18:01:17]: 8854
[18:01:17]: 8861
[18:01:17]: 8864
[18:01:18]: 8863
[18:01:18]: 8866
[18:01:18]: 8854
[18:01:19]: 8857
[18:01:19]: 8864
[18:01:19]: 8859
[18:01:20]: 8866
 Close valve LR4
[18:01:20]: W2 OH-
 Open valve LRW2
 Open valve V24
[18:01:20]: 9625
[18:01:20]: 9535
[18:01:21]: 9504
[18:01:21]: 9487
[18:01:21]: 9468
[18:01:22]: 9488
[18:01:22]: 9470
[18:01:22]: 9471
[18:01:23]: 9450
[18:01:23]: 9443
[18:01:23]: 9458
[18:01:24]: 9454
[18:01:24]: 9419
[18:01:24]: 9419
[18:01:24]: 9341
[18:01:25]: 8745
[18:01:25]: 8753
[18:01:25]: 8742
[18:01:26]: 8756
[18:01:26]: 8780
[18:01:26]: 8773
[18:01:27]: 8760
[18:01:27]: 8772
[18:01:27]: 8772
[18:01:28]: 8774
[18:01:28]: 8771
[18:01:28]: 8790
[18:01:29]: 8802
[18:01:29]: 8778
[18:01:29]: 8790
[18:01:29]: 8794
[18:01:30]: 8774
[18:01:30]: 8783
[18:01:30]: 8789
[18:01:31]: 8775
[18:01:31]: 8775
[18:01:31]: 8792
[18:01:32]: 8784
[18:01:32]: 8795
[18:01:32]: 8791
[18:01:33]: 8774
[18:01:33]: 8785
[18:01:33]: 8778
[18:01:34]: 8770
[18:01:34]: 8768
[18:01:34]: 8803
[18:01:35]: 8789
[18:01:35]: 8786
[18:01:35]: 8832
[18:01:35]: 8807
 Close valve V24
 Close valve LRW2
[18:01:36]: CIRCLE H+
 Open valve LR1
[18:01:36]: 8751
[18:01:36]: 9536
[18:01:37]: 9543
[18:01:37]: 9544
[18:01:37]: 9542
[18:01:38]: 9540
[18:01:38]: 9533
[18:01:38]: 9531
[18:01:38]: 9528
[18:01:39]: 9525
[18:01:39]: 9523
[18:01:39]: 9521
[18:01:40]: 9519
[18:01:40]: 9517
[18:01:40]: 9515
[18:01:41]: 9513
[18:01:41]: 9513
[18:01:41]: 9512
[18:01:42]: 9511
[18:01:42]: 9509
[18:01:42]: 9509
[18:01:42]: 9508
[18:01:43]: 9507
[18:01:43]: 9507
[18:01:43]: 9506
[18:01:44]: 9506
[18:01:44]: 9504
[18:01:44]: 9504
[18:01:45]: 9503
[18:01:45]: 9503
[18:01:45]: 9502
[18:01:46]: 9502
[18:01:46]: 9502
[18:01:46]: 9500
[18:01:47]: 9499
[18:01:47]: 9499
[18:01:47]: 9499
[18:01:48]: 9499
[18:01:48]: 9499
[18:01:48]: 9498
[18:01:48]: 9499
[18:01:49]: 9498
[18:01:49]: 9497
[18:01:49]: 9496
[18:01:50]: 9496
[18:01:50]: 9494
[18:01:50]: 9494
[18:01:51]: 9493
[18:01:51]: 9492
[18:01:51]: 9493
 Close valve LR1
[18:01:51]: W2 OH-
 Open valve LRW2
 Open valve V24
[18:01:52]: 9483
[18:01:52]: 9471
[18:01:52]: 9474
[18:01:53]: 9458
[18:01:53]: 9472
[18:01:53]: 9453
[18:01:54]: 9454
[18:01:54]: 9455
[18:01:54]: 9455
[18:01:54]: 9455
[18:01:55]: 9428
[18:01:55]: 9434
[18:01:55]: 9411
[18:01:56]: 9400
[18:01:56]: 9396
[18:01:56]: 9315
[18:01:57]: 9354
[18:01:57]: 8788
[18:01:57]: 8731
[18:01:58]: 8732
[18:01:58]: 8744
[18:01:58]: 8723
[18:01:58]: 8752
[18:01:59]: 8758
[18:01:59]: 8750
[18:01:59]: 8767
[18:02:00]: 8770
[18:02:00]: 8741
[18:02:00]: 8745
[18:02:01]: 8765
[18:02:01]: 8758
[18:02:01]: 8769
[18:02:02]: 8777
[18:02:02]: 8775
[18:02:02]: 8758
[18:02:03]: 8769
[18:02:03]: 8777
[18:02:03]: 8771
[18:02:04]: 8774
[18:02:04]: 8751
[18:02:04]: 8777
[18:02:05]: 8769
[18:02:05]: 8762
[18:02:05]: 8754
[18:02:05]: 8781
[18:02:06]: 8775
[18:02:06]: 8760
[18:02:06]: 8760
[18:02:07]: 8780
[18:02:07]: 8758
 Close valve V24
 Close valve LRW2
[18:02:07]: CROSS H+
 Open valve LR2
[18:02:08]: 9317
[18:02:08]: 9536
[18:02:08]: 9536
[18:02:09]: 9538
[18:02:09]: 9538
[18:02:09]: 9535
[18:02:09]: 9531
[18:02:10]: 9527
[18:02:10]: 9523
[18:02:10]: 9519
[18:02:11]: 9518
[18:02:11]: 9516
[18:02:11]: 9513
[18:02:12]: 9512
[18:02:12]: 9511
[18:02:12]: 9511
[18:02:12]: 9509
[18:02:13]: 9508
[18:02:13]: 9509
[18:02:13]: 9507
[18:02:14]: 9507
[18:02:14]: 9506
[18:02:14]: 9507
[18:02:15]: 9506
[18:02:15]: 9506
[18:02:15]: 9505
[18:02:16]: 9505
[18:02:16]: 9505
[18:02:16]: 9503
[18:02:16]: 9504
[18:02:17]: 9504
[18:02:17]: 9503
[18:02:17]: 9504
[18:02:18]: 9504
[18:02:18]: 9503
[18:02:18]: 9502
[18:02:19]: 9502
[18:02:19]: 9502
[18:02:19]: 9502
[18:02:20]: 9502
[18:02:20]: 9502
[18:02:20]: 9500
[18:02:20]: 9501
[18:02:21]: 9501
[18:02:21]: 9501
[18:02:21]: 9500
[18:02:22]: 9500
[18:02:22]: 9501
[18:02:22]: 9500
[18:02:23]: 9500
 Close valve LR2
[18:02:23]: W2 OH-
 Open valve LRW2
 Open valve V24
[18:02:23]: 9486
[18:02:23]: 9479
[18:02:24]: 9478
[18:02:24]: 9476
[18:02:24]: 9460
[18:02:24]: 9468
[18:02:25]: 9458
[18:02:25]: 9459
[18:02:25]: 9447
[18:02:26]: 9440
[18:02:26]: 9452
[18:02:26]: 9441
[18:02:27]: 9433
[18:02:27]: 9439
[18:02:27]: 9423
[18:02:28]: 9421
[18:02:28]: 9430
[18:02:28]: 9417
[18:02:28]: 9423
[18:02:29]: 9417
[18:02:29]: 9424
[18:02:29]: 9404
[18:02:30]: 9391
[18:02:30]: 9387
[18:02:30]: 9392
[18:02:31]: 9391
[18:02:31]: 9341
[18:02:31]: 8745
[18:02:32]: 8731
[18:02:32]: 8730
[18:02:32]: 8731
[18:02:32]: 8769
[18:02:33]: 8782
[18:02:33]: 8771
[18:02:33]: 8792
[18:02:34]: 8786
[18:02:34]: 8796
[18:02:34]: 8788
[18:02:35]: 8806
[18:02:35]: 8809
[18:02:35]: 8792
[18:02:35]: 8805
[18:02:36]: 8798
[18:02:36]: 8804
[18:02:36]: 8815
[18:02:37]: 8794
[18:02:37]: 8797
[18:02:37]: 8806
[18:02:38]: 8798
[18:02:38]: 8811
 Close valve V24
 Close valve LRW2
[18:02:38]: SQUARE H+
 Open valve LR3
[18:02:38]: 8796
[18:02:39]: 9582
[18:02:39]: 9548
[18:02:39]: 9548
[18:02:40]: 9543
[18:02:40]: 9540
[18:02:40]: 9536
[18:02:40]: 9531
[18:02:41]: 9527
[18:02:41]: 9524
[18:02:41]: 9521
[18:02:42]: 9519
[18:02:42]: 9516
[18:02:42]: 9516
[18:02:43]: 9514
[18:02:43]: 9512
[18:02:43]: 9511
[18:02:44]: 9510
[18:02:44]: 9510
[18:02:44]: 9509
[18:02:44]: 9507
[18:02:45]: 9508
[18:02:45]: 9506
[18:02:45]: 9505
[18:02:46]: 9505
[18:02:46]: 9506
[18:02:46]: 9504
[18:02:47]: 9505
[18:02:47]: 9505
[18:02:47]: 9505
[18:02:47]: 9504
[18:02:48]: 9504
[18:02:48]: 9504
[18:02:48]: 9504
[18:02:49]: 9502
[18:02:49]: 9503
[18:02:49]: 9502
[18:02:50]: 9502
[18:02:50]: 9503
[18:02:50]: 9503
[18:02:51]: 9502
[18:02:51]: 9502
[18:02:51]: 9502
[18:02:51]: 9502
[18:02:52]: 9502
[18:02:52]: 9502
[18:02:52]: 9501
[18:02:53]: 9501
[18:02:53]: 9502
[18:02:53]: 9500
 Close valve LR3
[18:02:53]: W2 OH-
 Open valve LRW2
 Open valve V24
[18:02:54]: 9483
[18:02:54]: 9485
[18:02:54]: 9419
[18:02:55]: 9483
[18:02:55]: 9464
[18:02:55]: 9466
[18:02:56]: 9464
[18:02:56]: 9464
[18:02:56]: 9457
[18:02:56]: 9449
[18:02:57]: 9455
[18:02:57]: 9444
[18:02:57]: 9453
[18:02:58]: 9469
[18:02:58]: 9449
[18:02:58]: 9449
[18:02:59]: 9440
[18:02:59]: 9441
[18:02:59]: 9439
[18:02:59]: 9408
[18:03:00]: 9392
[18:03:00]: 9229
[18:03:00]: 8719
[18:03:01]: 8739
[18:03:01]: 8742
[18:03:01]: 8768
[18:03:02]: 8778
[18:03:02]: 8786
[18:03:02]: 8786
[18:03:03]: 8777
[18:03:03]: 8797
[18:03:03]: 8781
[18:03:04]: 8789
[18:03:04]: 8786
[18:03:04]: 8797
[18:03:04]: 8798
[18:03:05]: 8784
[18:03:05]: 8792
[18:03:05]: 8795
[18:03:06]: 8785
[18:03:06]: 8787
[18:03:06]: 8803
[18:03:07]: 8797
[18:03:07]: 8792
[18:03:07]: 8791
[18:03:08]: 8800
[18:03:08]: 8799
[18:03:08]: 8792
[18:03:09]: 8811
[18:03:09]: 8806
 Close valve V24
 Close valve LRW2
[18:03:09]: PLUS H+
 Open valve LR4
[18:03:09]: 8795
[18:03:10]: 9538
[18:03:10]: 9551
[18:03:10]: 9544
[18:03:11]: 9543
[18:03:11]: 9539
[18:03:11]: 9537
[18:03:11]: 9533
[18:03:12]: 9529
[18:03:12]: 9526
[18:03:12]: 9523
[18:03:13]: 9521
[18:03:13]: 9519
[18:03:13]: 9516
[18:03:14]: 9514
[18:03:14]: 9513
[18:03:14]: 9512
[18:03:15]: 9512
[18:03:15]: 9511
[18:03:15]: 9511
[18:03:15]: 9510
[18:03:16]: 9508
[18:03:16]: 9509
[18:03:16]: 9508
[18:03:17]: 9508
[18:03:17]: 9506
[18:03:17]: 9506
[18:03:18]: 9507
[18:03:18]: 9507
[18:03:18]: 9506
[18:03:19]: 9507
[18:03:19]: 9507
[18:03:19]: 9505
[18:03:20]: 9505
[18:03:20]: 9504
[18:03:20]: 9505
[18:03:20]: 9504
[18:03:21]: 9504
[18:03:21]: 9505
[18:03:21]: 9504
[18:03:22]: 9504
[18:03:22]: 9503
[18:03:22]: 9504
[18:03:23]: 9504
[18:03:23]: 9503
[18:03:23]: 9503
[18:03:24]: 9502
[18:03:24]: 9503
[18:03:24]: 9503
[18:03:24]: 9504
 Close valve LR4
[18:03:25]: W2 OH-
 Open valve LRW2
 Open valve V24
[18:03:25]: 9487
[18:03:25]: 9470
[18:03:26]: 9530
[18:03:26]: 9540
[18:03:26]: 9481
[18:03:26]: 9462
[18:03:27]: 9474
[18:03:27]: 9463
[18:03:27]: 9453
[18:03:28]: 9115
[18:03:28]: 9455
[18:03:28]: 9484
[18:03:29]: 9475
[18:03:29]: 9440
[18:03:29]: 9443
[18:03:29]: 9429
[18:03:30]: 9427
[18:03:30]: 9445
[18:03:30]: 9403
[18:03:31]: 9367
[18:03:31]: 9342
[18:03:31]: 9360
[18:03:32]: 8730
[18:03:32]: 8757
[18:03:32]: 8743
[18:03:33]: 8763
[18:03:33]: 8782
[18:03:33]: 8782
[18:03:33]: 8791
[18:03:34]: 8812
[18:03:34]: 8789
[18:03:34]: 8812
[18:03:35]: 8799
[18:03:35]: 8817
[18:03:35]: 8800
[18:03:36]: 8797
[18:03:36]: 8822
[18:03:36]: 8815
[18:03:37]: 8804
[18:03:37]: 8802
[18:03:37]: 8828
[18:03:37]: 8823
[18:03:38]: 8831
[18:03:38]: 8802
[18:03:38]: 8808
[18:03:39]: 8818
[18:03:39]: 8814
[18:03:39]: 8831
[18:03:40]: 8810
[18:03:40]: 8807
 Close valve V24
 Close valve LRW2
[18:03:40]: CIRCLE H+
 Open valve LR1
[18:03:41]: 8836
[18:03:41]: 9540
[18:03:41]: 9534
[18:03:42]: 9530
[18:03:42]: 9527
[18:03:42]: 9522
[18:03:43]: 9517
[18:03:43]: 9513
[18:03:43]: 9509
[18:03:44]: 9505
[18:03:44]: 9502
[18:03:44]: 9501
[18:03:45]: 9499
[18:03:45]: 9497
[18:03:45]: 9497
[18:03:46]: 9496
[18:03:46]: 9493
[18:03:46]: 9493
[18:03:46]: 9492
[18:03:47]: 9491
[18:03:47]: 9490
[18:03:47]: 9489
[18:03:48]: 9488
[18:03:48]: 9487
[18:03:48]: 9488
[18:03:49]: 9487
[18:03:49]: 9485
[18:03:49]: 9484
[18:03:50]: 9485
[18:03:50]: 9484
[18:03:50]: 9484
[18:03:50]: 9483
[18:03:51]: 9483
[18:03:51]: 9484
[18:03:51]: 9484
[18:03:52]: 9482
[18:03:52]: 9482
[18:03:52]: 9483
[18:03:53]: 9482
[18:03:53]: 9481
[18:03:53]: 9481
[18:03:54]: 9482
[18:03:54]: 9480
[18:03:54]: 9480
[18:03:55]: 9480
[18:03:55]: 9480
[18:03:55]: 9480
[18:03:56]: 9480
[18:03:56]: 9479
[18:03:56]: 9478
 Close valve LR1
[18:03:56]: W2 OH-
 Open valve LRW2
 Open valve V24
[18:03:57]: 9467
[18:03:57]: 9461
[18:03:57]: 9460
[18:03:58]: 9458
[18:03:58]: 9466
[18:03:58]: 9463
[18:03:58]: 9458
[18:03:59]: 9442
[18:03:59]: 9439
[18:03:59]: 9426
[18:04:00]: 9101
[18:04:00]: 9443
[18:04:00]: 9416
[18:04:01]: 9315
[18:04:01]: 8725
[18:04:01]: 8718
[18:04:02]: 8721
[18:04:02]: 8742
[18:04:02]: 8765
[18:04:02]: 8791
[18:04:03]: 8796
[18:04:03]: 8816
[18:04:03]: 8801
[18:04:04]: 8817
[18:04:04]: 8812
[18:04:04]: 8829
[18:04:05]: 8833
[18:04:05]: 8827
[18:04:05]: 8820
[18:04:06]: 8823
[18:04:06]: 8824
[18:04:06]: 8836
[18:04:07]: 8824
[18:04:07]: 8822
[18:04:07]: 8840
[18:04:08]: 8837
[18:04:08]: 8824
[18:04:08]: 8822
[18:04:09]: 8841
[18:04:09]: 8837
[18:04:09]: 8828
[18:04:09]: 8823
[18:04:10]: 8830
[18:04:10]: 8840
[18:04:10]: 8817
[18:04:11]: 8813
[18:04:11]: 8819
[18:04:11]: 8826
[18:04:12]: 8836
[18:04:12]: 8831
 Close valve V24
 Close valve LRW2
[18:04:12]: CROSS H+
 Open valve LR2
[18:04:13]: 8826
[18:04:13]: 9558
[18:04:13]: 9552
[18:04:14]: 9548
[18:04:14]: 9544
[18:04:14]: 9539
[18:04:14]: 9536
[18:04:15]: 9533
[18:04:15]: 9529
[18:04:15]: 9526
[18:04:16]: 9524
[18:04:16]: 9520
[18:04:16]: 9520
[18:04:17]: 9518
[18:04:17]: 9516
[18:04:17]: 9514
[18:04:18]: 9512
[18:04:18]: 9511
[18:04:18]: 9510
[18:04:18]: 9510
[18:04:19]: 9510
[18:04:19]: 9508
[18:04:19]: 9507
[18:04:20]: 9507
[18:04:20]: 9507
[18:04:20]: 9506
[18:04:21]: 9506
[18:04:21]: 9505
[18:04:21]: 9506
[18:04:22]: 9505
[18:04:22]: 9504
[18:04:22]: 9505
[18:04:22]: 9503
[18:04:23]: 9503
[18:04:23]: 9503
[18:04:23]: 9504
[18:04:24]: 9503
[18:04:24]: 9502
[18:04:24]: 9502
[18:04:25]: 9502
[18:04:25]: 9501
[18:04:25]: 9502
[18:04:26]: 9501
[18:04:26]: 9500
[18:04:26]: 9502
[18:04:26]: 9501
[18:04:27]: 9500
[18:04:27]: 9501
[18:04:27]: 9500
[18:04:28]: 9500
 Close valve LR2
[18:04:28]: W2 OH-
 Open valve LRW2
 Open valve V24
[18:04:28]: 9486
[18:04:28]: 9482
[18:04:29]: 9474
[18:04:29]: 9474
[18:04:29]: 9470
[18:04:30]: 9458
[18:04:30]: 9470
[18:04:30]: 9461
[18:04:31]: 9453
[18:04:31]: 9456
[18:04:31]: 9450
[18:04:32]: 9445
[18:04:32]: 9420
[18:04:32]: 9410
[18:04:33]: 9381
[18:04:33]: 8753
[18:04:33]: 8714
[18:04:33]: 8731
[18:04:34]: 8757
[18:04:34]: 8775
[18:04:34]: 8758
[18:04:35]: 8766
[18:04:35]: 8776
[18:04:35]: 8764
[18:04:36]: 8765
[18:04:36]: 8768
[18:04:36]: 8786
[18:04:36]: 8767
[18:04:37]: 8770
[18:04:37]: 8782
[18:04:37]: 8776
[18:04:38]: 8781
[18:04:38]: 8788
[18:04:38]: 8770
[18:04:39]: 8774
[18:04:39]: 8786
[18:04:39]: 8789
[18:04:40]: 8787
[18:04:40]: 8788
[18:04:40]: 8771
[18:04:40]: 8783
[18:04:41]: 8773
[18:04:41]: 8784
[18:04:41]: 8768
[18:04:42]: 8767
[18:04:42]: 8774
[18:04:42]: 8779
[18:04:43]: 8772
[18:04:43]: 8786
[18:04:43]: 8769
 Close valve V24
 Close valve LRW2
[18:04:43]: SQUARE H+
 Open valve LR3
[18:04:44]: 8752
[18:04:44]: 9547
[18:04:44]: 9546
[18:04:45]: 9543
[18:04:45]: 9540
[18:04:45]: 9536
[18:04:45]: 9533
[18:04:46]: 9530
[18:04:46]: 9525
[18:04:46]: 9521
[18:04:47]: 9518
[18:04:47]: 9517
[18:04:47]: 9514
[18:04:48]: 9512
[18:04:48]: 9511
[18:04:48]: 9510
[18:04:49]: 9508
[18:04:49]: 9507
[18:04:49]: 9508
[18:04:49]: 9507
[18:04:50]: 9505
[18:04:50]: 9504
[18:04:50]: 9505
[18:04:51]: 9504
[18:04:51]: 9503
[18:04:51]: 9503
[18:04:52]: 9502
[18:04:52]: 9502
[18:04:52]: 9503
[18:04:53]: 9501
[18:04:53]: 9501
[18:04:53]: 9502
[18:04:53]: 9502
[18:04:54]: 9501
[18:04:54]: 9501
[18:04:54]: 9501
[18:04:55]: 9500
[18:04:55]: 9500
[18:04:55]: 9500
[18:04:56]: 9500
[18:04:56]: 9500
[18:04:56]: 9499
[18:04:57]: 9498
[18:04:57]: 9498
[18:04:57]: 9498
[18:04:57]: 9498
[18:04:58]: 9497
[18:04:58]: 9498
[18:04:58]: 9498
[18:04:59]: 9498
 Close valve LR3
[18:04:59]: W2 OH-
 Open valve LRW2
 Open valve V24
[18:04:59]: 9479
[18:04:59]: 9480
[18:05:00]: 9477
[18:05:00]: 9473
[18:05:00]: 9466
[18:05:01]: 9469
[18:05:01]: 9453
[18:05:01]: 9458
[18:05:02]: 9456
[18:05:02]: 9439
[18:05:02]: 9451
[18:05:03]: 9432
[18:05:03]: 9435
[18:05:03]: 9440
[18:05:04]: 9433
[18:05:04]: 9435
[18:05:04]: 9432
[18:05:04]: 9410
[18:05:05]: 9411
[18:05:05]: 9400
[18:05:05]: 9382
[18:05:06]: 9016
[18:05:06]: 8724
[18:05:06]: 8721
[18:05:07]: 8745
[18:05:07]: 8741
[18:05:07]: 8765
[18:05:08]: 8768
[18:05:08]: 8762
[18:05:08]: 8772
[18:05:08]: 8753
[18:05:09]: 8755
[18:05:09]: 8767
[18:05:09]: 8760
[18:05:10]: 8757
[18:05:10]: 8779
[18:05:10]: 8760
[18:05:11]: 8764
[18:05:11]: 8769
[18:05:11]: 8772
[18:05:12]: 8768
[18:05:12]: 8763
[18:05:12]: 8785
[18:05:12]: 8765
[18:05:13]: 8767
[18:05:13]: 8778
[18:05:13]: 8772
[18:05:14]: 8775
[18:05:14]: 8770
[18:05:14]: 8782
 Close valve V24
 Close valve LRW2
[18:05:14]: PLUS H+
 Open valve LR4
[18:05:15]: 8728
[18:05:15]: 9501
[18:05:15]: 9532
[18:05:16]: 9532
[18:05:16]: 9530
[18:05:16]: 9528
[18:05:17]: 9525
[18:05:17]: 9521
[18:05:17]: 9519
[18:05:17]: 9516
[18:05:18]: 9513
[18:05:18]: 9509
[18:05:18]: 9509
[18:05:19]: 9506
[18:05:19]: 9504
[18:05:19]: 9503
[18:05:20]: 9502
[18:05:20]: 9500
[18:05:20]: 9501
[18:05:21]: 9500
[18:05:21]: 9499
[18:05:21]: 9498
[18:05:22]: 9499
[18:05:22]: 9498
[18:05:22]: 9497
[18:05:22]: 9497
[18:05:23]: 9497
[18:05:23]: 9496
[18:05:23]: 9497
[18:05:24]: 9495
[18:05:24]: 9495
[18:05:24]: 9496
[18:05:25]: 9495
[18:05:25]: 9494
[18:05:25]: 9494
[18:05:26]: 9494
[18:05:26]: 9493
[18:05:26]: 9494
[18:05:26]: 9493
[18:05:27]: 9493
[18:05:27]: 9494
[18:05:27]: 9492
[18:05:28]: 9493
[18:05:28]: 9493
[18:05:28]: 9493
[18:05:29]: 9493
[18:05:29]: 9493
[18:05:29]: 9493
[18:05:30]: 9492
[18:05:30]: 9491
 Close valve LR4
[18:05:30]: W2 OH-
 Open valve LRW2
 Open valve V24
[18:05:30]: 9477
[18:05:31]: 9474
[18:05:31]: 9473
[18:05:31]: 9464
[18:05:32]: 9463
[18:05:32]: 9463
[18:05:32]: 9447
[18:05:33]: 9457
[18:05:33]: 9449
[18:05:33]: 8776
[18:05:34]: 9445
[18:05:34]: 9448
[18:05:34]: 9424
[18:05:34]: 9421
[18:05:35]: 9431
[18:05:35]: 9413
[18:05:35]: 9409
[18:05:36]: 9388
[18:05:36]: 8729
[18:05:36]: 8703
[18:05:37]: 8721
[18:05:37]: 8749
[18:05:37]: 8749
[18:05:37]: 8759
[18:05:38]: 8777
[18:05:38]: 8753
[18:05:38]: 8773
[18:05:39]: 8771
[18:05:39]: 8765
[18:05:39]: 8769
[18:05:40]: 8762
[18:05:40]: 8760
[18:05:40]: 8783
[18:05:41]: 8760
[18:05:41]: 8774
[18:05:41]: 8768
[18:05:41]: 8787
[18:05:42]: 8784
[18:05:42]: 8778
[18:05:42]: 8783
[18:05:43]: 8785
[18:05:43]: 8776
[18:05:43]: 8801
[18:05:44]: 8777
[18:05:44]: 8785
[18:05:44]: 8796
[18:05:45]: 8785
[18:05:45]: 8785
[18:05:45]: 8802
[18:05:45]: 8783
 Close valve V24
 Close valve LRW2
[18:05:46]: CIRCLE H+
 Open valve LR1
[18:05:46]: 8780
[18:05:46]: 9523
[18:05:47]: 9522
[18:05:47]: 9520
[18:05:47]: 9515
[18:05:47]: 9511
[18:05:48]: 9507
[18:05:48]: 9503
[18:05:48]: 9499
[18:05:49]: 9497
[18:05:49]: 9494
[18:05:49]: 9491
[18:05:50]: 9490
[18:05:50]: 9488
[18:05:50]: 9485
[18:05:51]: 9485
[18:05:51]: 9484
[18:05:51]: 9482
[18:05:51]: 9481
[18:05:52]: 9480
[18:05:52]: 9480
[18:05:52]: 9478
[18:05:53]: 9479
[18:05:53]: 9478
[18:05:53]: 9476
[18:05:54]: 9477
[18:05:54]: 9476
[18:05:54]: 9475
[18:05:55]: 9474
[18:05:55]: 9474
[18:05:55]: 9474
[18:05:55]: 9473
[18:05:56]: 9474
[18:05:56]: 9473
[18:05:56]: 9472
[18:05:57]: 9473
[18:05:57]: 9473
[18:05:57]: 9472
[18:05:58]: 9471
[18:05:58]: 9471
[18:05:58]: 9471
[18:05:58]: 9471
[18:05:59]: 9470
[18:05:59]: 9469
[18:05:59]: 9470
[18:06:00]: 9469
[18:06:00]: 9470
[18:06:00]: 9468
[18:06:01]: 9470
[18:06:01]: 9468
 Close valve LR1
[18:06:01]: W2 OH-
 Open valve LRW2
 Open valve V24
[18:06:01]: 9455
[18:06:02]: 9447
[18:06:02]: 9446
[18:06:02]: 9449
[18:06:03]: 9436
[18:06:03]: 9442
[18:06:03]: 9431
[18:06:03]: 9438
[18:06:04]: 9435
[18:06:04]: 9428
[18:06:04]: 9419
[18:06:05]: 9410
[18:06:05]: 9392
[18:06:05]: 9389
[18:06:06]: 9257
[18:06:06]: 8698
[18:06:06]: 8722
[18:06:07]: 8745
[18:06:07]: 8781
[18:06:07]: 8786
[18:06:07]: 8780
[18:06:08]: 8786
[18:06:08]: 8792
[18:06:08]: 8801
[18:06:09]: 8794
[18:06:09]: 8788
[18:06:09]: 8807
[18:06:10]: 8795
[18:06:10]: 8804
[18:06:10]: 8791
[18:06:10]: 8806
[18:06:11]: 8819
[18:06:11]: 8798
[18:06:11]: 8806
[18:06:12]: 8816
[18:06:12]: 8801
[18:06:12]: 8799
[18:06:13]: 8818
[18:06:13]: 8807
[18:06:13]: 8809
[18:06:13]: 8807
[18:06:14]: 8801
[18:06:14]: 8798
[18:06:14]: 8807
[18:06:15]: 8807
[18:06:15]: 8805
[18:06:15]: 8827
[18:06:16]: 8822
[18:06:16]: 8808
[18:06:16]: 8818
 Close valve V24
 Close valve LRW2
[18:06:16]: CROSS H+
 Open valve LR2
[18:06:17]: 8752
[18:06:17]: 9550
[18:06:17]: 9542
[18:06:18]: 9537
[18:06:18]: 9532
[18:06:18]: 9528
[18:06:19]: 9523
[18:06:19]: 9520
[18:06:19]: 9515
[18:06:20]: 9513
[18:06:20]: 9509
[18:06:20]: 9507
[18:06:21]: 9504
[18:06:21]: 9502
[18:06:21]: 9501
[18:06:22]: 9500
[18:06:22]: 9500
[18:06:22]: 9498
[18:06:22]: 9498
[18:06:23]: 9497
[18:06:23]: 9496
[18:06:23]: 9495
[18:06:24]: 9494
[18:06:24]: 9493
[18:06:24]: 9494
[18:06:25]: 9494
[18:06:25]: 9493
[18:06:25]: 9492
[18:06:26]: 9492
[18:06:26]: 9492
[18:06:26]: 9491
[18:06:26]: 9492
[18:06:27]: 9490
[18:06:27]: 9490
[18:06:27]: 9491
[18:06:28]: 9490
[18:06:28]: 9490
[18:06:28]: 9489
[18:06:29]: 9489
[18:06:29]: 9489
[18:06:29]: 9489
[18:06:30]: 9489
[18:06:30]: 9488
[18:06:30]: 9488
[18:06:30]: 9487
[18:06:31]: 9487
[18:06:31]: 9488
[18:06:31]: 9488
[18:06:32]: 9487
[18:06:32]: 9487
 Close valve LR2
[18:06:32]: W2 OH-
 Open valve LRW2
 Open valve V24
[18:06:33]: 9473
[18:06:33]: 9466
[18:06:33]: 9463
[18:06:34]: 9462
[18:06:34]: 9459
[18:06:34]: 9489
[18:06:34]: 9453
[18:06:35]: 9444
[18:06:35]: 9448
[18:06:35]: 9433
[18:06:36]: 9443
[18:06:36]: 9429
[18:06:36]: 9423
[18:06:37]: 9415
[18:06:37]: 9412
[18:06:37]: 9378
[18:06:38]: 8751
[18:06:38]: 8709
[18:06:38]: 8759
[18:06:38]: 8770
[18:06:39]: 8768
[18:06:39]: 8786
[18:06:39]: 8802
[18:06:40]: 8795
[18:06:40]: 8788
[18:06:40]: 8785
[18:06:41]: 8808
[18:06:41]: 8803
[18:06:41]: 8789
[18:06:42]: 9467
[18:06:42]: 9428
[18:06:42]: 9393
[18:06:43]: 8701
[18:06:43]: 8717
[18:06:43]: 8752
[18:06:43]: 8772
[18:06:44]: 8799
[18:06:44]: 8792
[18:06:44]: 8805
[18:06:45]: 8794
[18:06:45]: 8794
[18:06:45]: 8819
[18:06:46]: 8816
[18:06:46]: 8803
[18:06:46]: 8805
[18:06:46]: 8801
[18:06:47]: 8812
[18:06:47]: 8808
[18:06:47]: 8796
[18:06:48]: 8813
 Close valve V24
 Close valve LRW2
[18:06:48]: SQUARE H+
 Open valve LR3
[18:06:48]: 8811
[18:06:48]: 9543
[18:06:49]: 9540
[18:06:49]: 9537
[18:06:49]: 9534
[18:06:50]: 9530
[18:06:50]: 9525
[18:06:50]: 9522
[18:06:51]: 9518
[18:06:51]: 9514
[18:06:51]: 9511
[18:06:52]: 9508
[18:06:52]: 9506
[18:06:52]: 9504
[18:06:52]: 9503
[18:06:53]: 9502
[18:06:53]: 9500
[18:06:53]: 9499
[18:06:54]: 9499
[18:06:54]: 9497
[18:06:54]: 9498
[18:06:55]: 9496
[18:06:55]: 9495
[18:06:55]: 9495
[18:06:55]: 9495
[18:06:56]: 9494
[18:06:56]: 9494
[18:06:56]: 9493
[18:06:57]: 9494
[18:06:57]: 9494
[18:06:57]: 9492
[18:06:58]: 9493
[18:06:58]: 9493
[18:06:58]: 9492
[18:06:59]: 9493
[18:06:59]: 9493
[18:06:59]: 9492
[18:06:59]: 9492
[18:07:00]: 9491
[18:07:00]: 9491
[18:07:00]: 9490
[18:07:01]: 9492
[18:07:01]: 9492
[18:07:01]: 9490
[18:07:02]: 9490
[18:07:02]: 9491
[18:07:02]: 9491
[18:07:02]: 9490
[18:07:03]: 9491
[18:07:03]: 9491
 Close valve LR3
[18:07:03]: W2 OH-
 Open valve LRW2
 Open valve V24
[18:07:04]: 9471
[18:07:04]: 9469
[18:07:04]: 9468
[18:07:04]: 9466
[18:07:05]: 9403
[18:07:05]: 9461
[18:07:05]: 9448
[18:07:06]: 9442
[18:07:06]: 9443
[18:07:06]: 9444
[18:07:07]: 9448
[18:07:07]: 9431
[18:07:07]: 9429
[18:07:08]: 9428
[18:07:08]: 9410
[18:07:08]: 9393
[18:07:09]: 9389
[18:07:09]: 9385
[18:07:09]: 8924
[18:07:10]: 8695
[18:07:10]: 8725
[18:07:10]: 8757
[18:07:10]: 8753
[18:07:11]: 8757
[18:07:11]: 8764
[18:07:11]: 8776
[18:07:12]: 8771
[18:07:12]: 8763
[18:07:12]: 8783
[18:07:13]: 8776
[18:07:13]: 8767
[18:07:13]: 8778
[18:07:14]: 8771
[18:07:14]: 8761
[18:07:14]: 8779
[18:07:14]: 8765
[18:07:15]: 8776
[18:07:15]: 8794
[18:07:15]: 8790
[18:07:16]: 8781
[18:07:16]: 8789
[18:07:16]: 8777
[18:07:17]: 8774
[18:07:17]: 8788
[18:07:17]: 8774
[18:07:18]: 8788
[18:07:18]: 8789
[18:07:18]: 8774
[18:07:18]: 8795
[18:07:19]: 8805
 Close valve V24
 Close valve LRW2
[18:07:19]: PLUS H+
 Open valve LR4
[18:07:19]: 8770
[18:07:20]: 9541
[18:07:20]: 9533
[18:07:20]: 9530
[18:07:20]: 9529
[18:07:21]: 9526
[18:07:21]: 9522
[18:07:21]: 9520
[18:07:22]: 9517
[18:07:22]: 9513
[18:07:22]: 9510
[18:07:23]: 9509
[18:07:23]: 9506
[18:07:23]: 9503
[18:07:24]: 9502
[18:07:24]: 9501
[18:07:24]: 9500
[18:07:24]: 9499
[18:07:25]: 9497
[18:07:25]: 9498
[18:07:25]: 9496
[18:07:26]: 9497
[18:07:26]: 9496
[18:07:26]: 9494
[18:07:27]: 9495
[18:07:27]: 9495
[18:07:27]: 9493
[18:07:27]: 9493
[18:07:28]: 9493
[18:07:28]: 9493
[18:07:28]: 9493
[18:07:29]: 9493
[18:07:29]: 9493
[18:07:29]: 9492
[18:07:30]: 9491
[18:07:30]: 9491
[18:07:30]: 9491
[18:07:31]: 9491
[18:07:31]: 9490
[18:07:31]: 9491
[18:07:31]: 9490
[18:07:32]: 9489
[18:07:32]: 9489
[18:07:32]: 9489
[18:07:33]: 9490
[18:07:33]: 9490
[18:07:33]: 9489
[18:07:34]: 9490
[18:07:34]: 9490
[18:07:34]: 9489
 Close valve LR4
[18:07:34]: W2 OH-
 Open valve LRW2
 Open valve V24
[18:07:35]: 9473
[18:07:35]: 9467
[18:07:35]: 9458
[18:07:36]: 9462
[18:07:36]: 9452
[18:07:36]: 9521
[18:07:37]: 9445
[18:07:37]: 9452
[18:07:37]: 9438
[18:07:38]: 9447
[18:07:38]: 9439
[18:07:38]: 9435
[18:07:38]: 9431
[18:07:39]: 9418
[18:07:39]: 9426
[18:07:39]: 9405
[18:07:40]: 9424
[18:07:40]: 9411
[18:07:40]: 9393
[18:07:41]: 9373
[18:07:41]: 8722
[18:07:41]: 8705
[18:07:42]: 8756
[18:07:42]: 8777
[18:07:42]: 8763
[18:07:42]: 8783
[18:07:43]: 8778
[18:07:43]: 8768
[18:07:43]: 8777
[18:07:44]: 8777
[18:07:44]: 8772
[18:07:44]: 8794
[18:07:45]: 8777
[18:07:45]: 8790
[18:07:45]: 8807
[18:07:45]: 8789
[18:07:46]: 8783
[18:07:46]: 8786
[18:07:46]: 8781
[18:07:47]: 8774
[18:07:47]: 8792
[18:07:47]: 8764
[18:07:48]: 8771
[18:07:48]: 8778
[18:07:48]: 8789
[18:07:49]: 8765
[18:07:49]: 8768
[18:07:49]: 8778
[18:07:50]: 8773
[18:07:50]: 8783
 Close valve V24
 Close valve LRW2
[18:07:50]: CIRCLE H+
 Open valve LR1
[18:07:50]: 8979
[18:07:51]: 9517
[18:07:51]: 9517
[18:07:51]: 9513
[18:07:52]: 9510
[18:07:52]: 9505
[18:07:52]: 9501
[18:07:53]: 9497
[18:07:53]: 9493
[18:07:53]: 9489
[18:07:54]: 9488
[18:07:54]: 9486
[18:07:54]: 9483
[18:07:54]: 9482
[18:07:55]: 9482
[18:07:55]: 9480
[18:07:55]: 9479
[18:07:56]: 9479
[18:07:56]: 9477
[18:07:56]: 9475
[18:07:57]: 9475
[18:07:57]: 9475
[18:07:57]: 9473
[18:07:58]: 9473
[18:07:58]: 9471
[18:07:58]: 9471
[18:07:58]: 9471
[18:07:59]: 9470
[18:07:59]: 9470
[18:07:59]: 9469
[18:08:00]: 9469
[18:08:00]: 9468
[18:08:00]: 9469
[18:08:01]: 9469
[18:08:01]: 9467
[18:08:01]: 9468
[18:08:02]: 9466
[18:08:02]: 9466
[18:08:02]: 9466
[18:08:02]: 9465
[18:08:03]: 9465
[18:08:03]: 9465
[18:08:03]: 9464
[18:08:04]: 9464
[18:08:04]: 9463
[18:08:04]: 9464
[18:08:05]: 9463
[18:08:05]: 9463
[18:08:05]: 9463
[18:08:06]: 9463
 Close valve LR1
[18:08:06]: W2 OH-
 Open valve LRW2
 Open valve V24
[18:08:06]: 9445
[18:08:06]: 9438
[18:08:07]: 9437
[18:08:07]: 9439
[18:08:07]: 9484
[18:08:08]: 9437
[18:08:08]: 9439
[18:08:08]: 9431
[18:08:08]: 9424
[18:08:09]: 9428
[18:08:09]: 9416
[18:08:09]: 9425
[18:08:10]: 9417
[18:08:10]: 9391
[18:08:10]: 9376
[18:08:11]: 9316
[18:08:11]: 8686
[18:08:11]: 8726
[18:08:12]: 8727
[18:08:12]: 8752
[18:08:12]: 8778
[18:08:12]: 8766
[18:08:13]: 8773
[18:08:13]: 8784
[18:08:13]: 8784
[18:08:14]: 8801
[18:08:14]: 8786
[18:08:14]: 8798
[18:08:15]: 8796
[18:08:15]: 8791
[18:08:15]: 8808
[18:08:16]: 8791
[18:08:16]: 8795
[18:08:16]: 8808
[18:08:16]: 8794
[18:08:17]: 8794
[18:08:17]: 8811
[18:08:17]: 8795
[18:08:18]: 8801
[18:08:18]: 8810
[18:08:18]: 8793
[18:08:19]: 8793
[18:08:19]: 8806
[18:08:19]: 8796
[18:08:20]: 8800
[18:08:20]: 8810
[18:08:20]: 8788
[18:08:20]: 8808
[18:08:21]: 8790
[18:08:21]: 8797
 Close valve V24
 Close valve LRW2
[18:08:21]: CROSS H+
 Open valve LR2
[18:08:22]: 8791
[18:08:22]: 9523
[18:08:22]: 9527
[18:08:23]: 9523
[18:08:23]: 9518
[18:08:23]: 9514
[18:08:23]: 9511
[18:08:24]: 9508
[18:08:24]: 9505
[18:08:24]: 9504
[18:08:25]: 9501
[18:08:25]: 9498
[18:08:25]: 9495
[18:08:26]: 9494
[18:08:26]: 9493
[18:08:26]: 9490
[18:08:27]: 9490
[18:08:27]: 9489
[18:08:27]: 9487
[18:08:27]: 9487
[18:08:28]: 9484
[18:08:28]: 9485
[18:08:28]: 9484
[18:08:29]: 9483
[18:08:29]: 9482
[18:08:29]: 9481
[18:08:30]: 9481
[18:08:30]: 9481
[18:08:30]: 9480
[18:08:31]: 9479
[18:08:31]: 9478
[18:08:31]: 9479
[18:08:32]: 9478
[18:08:32]: 9478
[18:08:32]: 9477
[18:08:32]: 9477
[18:08:33]: 9476
[18:08:33]: 9476
[18:08:33]: 9477
[18:08:34]: 9476
[18:08:34]: 9476
[18:08:34]: 9475
[18:08:35]: 9474
[18:08:35]: 9475
[18:08:35]: 9474
[18:08:36]: 9473
[18:08:36]: 9473
[18:08:36]: 9473
[18:08:36]: 9474
[18:08:37]: 9473
 Close valve LR2
[18:08:37]: W2 OH-
 Open valve LRW2
 Open valve V24
[18:08:37]: 9457
[18:08:38]: 9454
[18:08:38]: 9454
[18:08:38]: 9452
[18:08:39]: 9449
[18:08:39]: 9446
[18:08:39]: 9436
[18:08:39]: 9442
[18:08:40]: 9427
[18:08:40]: 9432
[18:08:40]: 9428
[18:08:41]: 9421
[18:08:41]: 9415
[18:08:41]: 9424
[18:08:42]: 9418
[18:08:42]: 9405
[18:08:42]: 9377
[18:08:43]: 9341
[18:08:43]: 8720
[18:08:43]: 8700
[18:08:43]: 8738
[18:08:44]: 8754
[18:08:44]: 8770
[18:08:44]: 8777
[18:08:45]: 8783
[18:08:45]: 8765
[18:08:45]: 8749
[18:08:46]: 8750
[18:08:46]: 8763
[18:08:46]: 8754
[18:08:47]: 8754
[18:08:47]: 8765
[18:08:47]: 8744
[18:08:47]: 8770
[18:08:48]: 8740
[18:08:48]: 8740
[18:08:48]: 8746
[18:08:49]: 8769
[18:08:49]: 8750
[18:08:49]: 8756
[18:08:50]: 8769
[18:08:50]: 8731
[18:08:50]: 8732
[18:08:51]: 8735
[18:08:51]: 8735
[18:08:51]: 8762
[18:08:52]: 8774
[18:08:52]: 8769
[18:08:52]: 8768
[18:08:52]: 8758
 Close valve V24
 Close valve LRW2
[18:08:53]: SQUARE H+
 Open valve LR3
[18:08:53]: 8741
[18:08:53]: 9527
[18:08:53]: 9522
[18:08:54]: 9521
[18:08:54]: 9520
[18:08:54]: 9515
[18:08:55]: 9514
[18:08:55]: 9510
[18:08:55]: 9506
[18:08:56]: 9503
[18:08:56]: 9500
[18:08:56]: 9498
[18:08:56]: 9496
[18:08:57]: 9494
[18:08:57]: 9493
[18:08:57]: 9491
[18:08:58]: 9490
[18:08:58]: 9490
[18:08:58]: 9488
[18:08:59]: 9488
[18:08:59]: 9487
[18:08:59]: 9485
[18:08:59]: 9486
[18:09:00]: 9486
[18:09:00]: 9484
[18:09:00]: 9485
[18:09:01]: 9484
[18:09:01]: 9483
[18:09:01]: 9483
[18:09:02]: 9482
[18:09:02]: 9483
[18:09:02]: 9481
[18:09:03]: 9482
[18:09:03]: 9482
[18:09:03]: 9481
[18:09:03]: 9482
[18:09:04]: 9480
[18:09:04]: 9480
[18:09:04]: 9481
[18:09:05]: 9480
[18:09:05]: 9479
[18:09:05]: 9480
[18:09:06]: 9479
[18:09:06]: 9479
[18:09:06]: 9479
[18:09:06]: 9480
[18:09:07]: 9480
[18:09:07]: 9478
[18:09:07]: 9480
[18:09:08]: 9478
 Close valve LR3
[18:09:08]: W2 OH-
 Open valve LRW2
 Open valve V24
[18:09:08]: 9460
[18:09:08]: 9458
[18:09:09]: 9456
[18:09:09]: 9450
[18:09:09]: 9442
[18:09:10]: 9445
[18:09:10]: 9438
[18:09:10]: 9444
[18:09:11]: 9429
[18:09:11]: 9430
[18:09:11]: 9428
[18:09:12]: 9429
[18:09:12]: 9416
[18:09:12]: 9423
[18:09:13]: 9415
[18:09:13]: 9416
[18:09:13]: 9408
[18:09:14]: 9405
[18:09:14]: 9397
[18:09:14]: 9385
[18:09:14]: 9383
[18:09:15]: 9337
[18:09:15]: 9213
[18:09:15]: 8710
[18:09:16]: 8716
[18:09:16]: 8740
[18:09:16]: 8788
[18:09:17]: 8801
[18:09:17]: 8807
[18:09:17]: 8827
[18:09:17]: 8799
[18:09:18]: 8797
[18:09:18]: 8793
[18:09:18]: 8779
[18:09:19]: 8780
[18:09:19]: 8789
[18:09:19]: 8782
[18:09:20]: 8774
[18:09:20]: 8773
[18:09:20]: 8771
[18:09:21]: 8777
[18:09:21]: 8786
[18:09:21]: 8761
[18:09:21]: 8781
[18:09:22]: 8780
[18:09:22]: 8766
[18:09:22]: 8780
[18:09:23]: 8783
[18:09:23]: 8779
[18:09:23]: 8767
 Close valve V24
 Close valve LRW2
[18:09:23]: PLUS H+
 Open valve LR4
[18:09:24]: 8802
[18:09:24]: 9533
[18:09:24]: 9524
[18:09:25]: 9520
[18:09:25]: 9518
[18:09:25]: 9517
[18:09:26]: 9513
[18:09:26]: 9510
[18:09:26]: 9506
[18:09:26]: 9505
[18:09:27]: 9502
[18:09:27]: 9499
[18:09:27]: 9496
[18:09:28]: 9494
[18:09:28]: 9492
[18:09:28]: 9491
[18:09:29]: 9490
[18:09:29]: 9489
[18:09:29]: 9488
[18:09:30]: 9487
[18:09:30]: 9486
[18:09:30]: 9487
[18:09:30]: 9485
[18:09:31]: 9486
[18:09:31]: 9485
[18:09:31]: 9483
[18:09:32]: 9484
[18:09:32]: 9484
[18:09:32]: 9483
[18:09:33]: 9484
[18:09:33]: 9483
[18:09:33]: 9483
[18:09:33]: 9484
[18:09:34]: 9483
[18:09:34]: 9483
[18:09:34]: 9482
[18:09:35]: 9483
[18:09:35]: 9483
[18:09:35]: 9482
[18:09:36]: 9482
[18:09:36]: 9482
[18:09:36]: 9483
[18:09:37]: 9482
[18:09:37]: 9481
[18:09:37]: 9482
[18:09:37]: 9483
[18:09:38]: 9481
[18:09:38]: 9482
[18:09:38]: 9483
[18:09:39]: 9482
 Close valve LR4
[18:09:39]: W2 OH-
 Open valve LRW2
 Open valve V24
[18:09:39]: 9463
[18:09:40]: 9460
[18:09:40]: 9423
[18:09:40]: 9457
[18:09:40]: 9452
[18:09:41]: 9440
[18:09:41]: 9449
[18:09:41]: 9446
[18:09:42]: 9443
[18:09:42]: 9430
[18:09:42]: 9437
[18:09:43]: 9422
[18:09:43]: 9433
[18:09:43]: 9415
[18:09:44]: 9426
[18:09:44]: 9416
[18:09:44]: 9403
[18:09:44]: 9405
[18:09:45]: 9396
[18:09:45]: 9351
[18:09:45]: 9326
[18:09:46]: 8710
[18:09:46]: 8717
[18:09:46]: 8738
[18:09:47]: 8773
[18:09:47]: 8797
[18:09:47]: 8769
[18:09:48]: 8788
[18:09:48]: 8765
[18:09:48]: 8775
[18:09:49]: 8757
[18:09:49]: 8758
[18:09:49]: 8762
[18:09:49]: 8764
[18:09:50]: 8765
[18:09:50]: 8767
[18:09:50]: 8782
[18:09:51]: 8767
[18:09:51]: 8778
[18:09:51]: 8766
[18:09:52]: 8782
[18:09:52]: 8766
[18:09:52]: 8767
[18:09:52]: 8775
[18:09:53]: 8774
[18:09:53]: 8771
[18:09:53]: 8792
[18:09:54]: 8777
[18:09:54]: 8787
[18:09:54]: 8770
 Close valve V24
 Close valve LRW2
[18:09:55]: CIRCLE H+
 Open valve LR1
[18:09:55]: 8752
[18:09:55]: 9521
[18:09:55]: 9509
[18:09:56]: 9507
[18:09:56]: 9503
[18:09:56]: 9500
[18:09:57]: 9495
[18:09:57]: 9493
[18:09:57]: 9489
[18:09:58]: 9485
[18:09:58]: 9484
[18:09:58]: 9481
[18:09:59]: 9479
[18:09:59]: 9477
[18:09:59]: 9475
[18:09:59]: 9474
[18:10:00]: 9472
[18:10:00]: 9471
[18:10:00]: 9471
[18:10:01]: 9470
[18:10:01]: 9469
[18:10:01]: 9467
[18:10:02]: 9468
[18:10:02]: 9466
[18:10:02]: 9466
[18:10:03]: 9465
[18:10:03]: 9465
[18:10:03]: 9464
[18:10:03]: 9463
[18:10:04]: 9462
[18:10:04]: 9463
[18:10:04]: 9462
[18:10:05]: 9461
[18:10:05]: 9461
[18:10:05]: 9460
[18:10:06]: 9460
[18:10:06]: 9459
[18:10:06]: 9459
[18:10:07]: 9459
[18:10:07]: 9458
[18:10:07]: 9459
[18:10:08]: 9459
[18:10:08]: 9458
[18:10:08]: 9458
[18:10:08]: 9457
[18:10:09]: 9457
[18:10:09]: 9456
[18:10:09]: 9457
[18:10:10]: 9457
[18:10:10]: 9457
 Close valve LR1
[18:10:10]: W2 OH-
 Open valve LRW2
 Open valve V24
[18:10:11]: 9441
[18:10:11]: 9431
[18:10:11]: 9429
[18:10:12]: 9430
[18:10:12]: 9429
[18:10:12]: 9422
[18:10:12]: 9417
[18:10:13]: 9428
[18:10:13]: 9411
[18:10:13]: 9413
[18:10:14]: 9418
[18:10:14]: 9419
[18:10:14]: 9402
[18:10:15]: 9412
[18:10:15]: 9392
[18:10:15]: 9376
[18:10:16]: 9308
[18:10:16]: 8674
[18:10:16]: 8690
[18:10:17]: 8730
[18:10:17]: 8766
[18:10:17]: 8761
[18:10:17]: 8767
[18:10:18]: 8775
[18:10:18]: 8792
[18:10:18]: 8797
[18:10:19]: 8779
[18:10:19]: 8782
[18:10:19]: 8795
[18:10:20]: 8789
[18:10:20]: 8794
[18:10:20]: 8786
[18:10:21]: 8793
[18:10:21]: 8787
[18:10:21]: 8799
[18:10:22]: 8784
[18:10:22]: 8782
[18:10:22]: 8795
[18:10:22]: 8785
[18:10:23]: 8788
[18:10:23]: 8788
[18:10:23]: 8793
[18:10:24]: 8785
[18:10:24]: 8786
[18:10:24]: 8785
[18:10:25]: 8766
[18:10:25]: 8779
[18:10:25]: 8794
[18:10:25]: 8796
[18:10:26]: 8787
 Close valve V24
 Close valve LRW2
[18:10:26]: CROSS H+
 Open valve LR2
[18:10:26]: 8736
[18:10:27]: 9530
[18:10:27]: 9524
[18:10:27]: 9522
[18:10:27]: 9518
[18:10:28]: 9513
[18:10:28]: 9510
[18:10:28]: 9506
[18:10:29]: 9502
[18:10:29]: 9499
[18:10:29]: 9497
[18:10:30]: 9495
[18:10:30]: 9493
[18:10:30]: 9490
[18:10:31]: 9488
[18:10:31]: 9487
[18:10:31]: 9487
[18:10:31]: 9485
[18:10:32]: 9485
[18:10:32]: 9483
[18:10:32]: 9482
[18:10:33]: 9482
[18:10:33]: 9480
[18:10:33]: 9481
[18:10:34]: 9480
[18:10:34]: 9479
[18:10:34]: 9478
[18:10:35]: 9479
[18:10:35]: 9478
[18:10:35]: 9477
[18:10:35]: 9478
[18:10:36]: 9477
[18:10:36]: 9477
[18:10:36]: 9477
[18:10:37]: 9476
[18:10:37]: 9477
[18:10:37]: 9477
[18:10:38]: 9476
[18:10:38]: 9475
[18:10:38]: 9475
[18:10:39]: 9475
[18:10:39]: 9475
[18:10:39]: 9474
[18:10:39]: 9475
[18:10:40]: 9475
[18:10:40]: 9475
[18:10:40]: 9475
[18:10:41]: 9473
[18:10:41]: 9474
[18:10:41]: 9473
 Close valve LR2
[18:10:41]: W2 OH-
 Open valve LRW2
 Open valve V24
[18:10:42]: 9464
[18:10:42]: 9449
[18:10:42]: 9449
[18:10:43]: 9445
[18:10:43]: 9441
[18:10:43]: 9433
[18:10:44]: 9442
[18:10:44]: 9436
[18:10:44]: 9429
[18:10:45]: 9423
[18:10:45]: 9417
[18:10:45]: 9428
[18:10:45]: 9413
[18:10:46]: 9416
[18:10:46]: 9419
[18:10:46]: 9403
[18:10:47]: 9414
[18:10:47]: 9402
[18:10:47]: 9395
[18:10:48]: 9395
[18:10:48]: 9373
[18:10:48]: 9123
[18:10:49]: 8691
[18:10:49]: 8702
[18:10:49]: 8735
[18:10:50]: 8751
[18:10:50]: 8784
[18:10:50]: 8806
[18:10:50]: 8806
[18:10:51]: 8770
[18:10:51]: 8774
[18:10:51]: 8775
[18:10:52]: 8780
[18:10:52]: 8783
[18:10:52]: 8771
[18:10:53]: 8782
[18:10:53]: 8783
[18:10:53]: 8776
[18:10:54]: 8781
[18:10:54]: 8789
[18:10:54]: 8787
[18:10:54]: 8774
[18:10:55]: 8783
[18:10:55]: 8779
[18:10:55]: 8788
[18:10:56]: 8777
[18:10:56]: 8773
[18:10:56]: 8791
[18:10:57]: 8787
[18:10:57]: 8782
 Close valve V24
 Close valve LRW2
[18:10:57]: SQUARE H+
 Open valve LR3
[18:10:57]: 8734
[18:10:58]: 9528
[18:10:58]: 9523
[18:10:58]: 9522
[18:10:59]: 9518
[18:10:59]: 9513
[18:10:59]: 9509
[18:11:00]: 9507
[18:11:00]: 9504
[18:11:00]: 9501
[18:11:00]: 9498
[18:11:01]: 9496
[18:11:01]: 9495
[18:11:01]: 9492
[18:11:02]: 9491
[18:11:02]: 9490
[18:11:02]: 9489
[18:11:03]: 9489
[18:11:03]: 9488
[18:11:03]: 9486
[18:11:03]: 9486
[18:11:04]: 9485
[18:11:04]: 9485
[18:11:04]: 9484
[18:11:05]: 9484
[18:11:05]: 9483
[18:11:05]: 9484
[18:11:06]: 9482
[18:11:06]: 9482
[18:11:06]: 9482
[18:11:07]: 9482
[18:11:07]: 9481
[18:11:07]: 9481
[18:11:07]: 9481
[18:11:08]: 9480
[18:11:08]: 9480
[18:11:08]: 9481
[18:11:09]: 9479
[18:11:09]: 9479
[18:11:09]: 9479
[18:11:10]: 9479
[18:11:10]: 9480
[18:11:10]: 9479
[18:11:11]: 9479
[18:11:11]: 9479
[18:11:11]: 9478
[18:11:11]: 9479
[18:11:12]: 9478
[18:11:12]: 9479
[18:11:12]: 9478
 Close valve LR3
[18:11:12]: W2 OH-
 Open valve LRW2
 Open valve V24
[18:11:13]: 9458
[18:11:13]: 9454
[18:11:13]: 9454
[18:11:14]: 9455
[18:11:14]: 9445
[18:11:14]: 9443
[18:11:15]: 9447
[18:11:15]: 9430
[18:11:15]: 9428
[18:11:16]: 9424
[18:11:16]: 9435
[18:11:16]: 9428
[18:11:17]: 9418
[18:11:17]: 9424
[18:11:17]: 9424
[18:11:18]: 9419
[18:11:18]: 9416
[18:11:18]: 9405
[18:11:18]: 9384
[18:11:19]: 9349
[18:11:19]: 8743
[18:11:19]: 8679
[18:11:20]: 8700
[18:11:20]: 8759
[18:11:20]: 8758
[18:11:21]: 8779
[18:11:21]: 8776
[18:11:21]: 8759
[18:11:22]: 8772
[18:11:22]: 8774
[18:11:22]: 8757
[18:11:22]: 8772
[18:11:23]: 8765
[18:11:23]: 8755
[18:11:23]: 8754
[18:11:24]: 8767
[18:11:24]: 8773
[18:11:24]: 8749
[18:11:25]: 8757
[18:11:25]: 8766
[18:11:25]: 8759
[18:11:26]: 8775
[18:11:26]: 8775
[18:11:26]: 8763
[18:11:26]: 8759
[18:11:27]: 8778
[18:11:27]: 8774
[18:11:27]: 8758
[18:11:28]: 8771
[18:11:28]: 8761
 Close valve V24
 Close valve LRW2
[18:11:28]: PLUS H+
 Open valve LR4
[18:11:28]: 8753
[18:11:29]: 9538
[18:11:29]: 9519
[18:11:29]: 9518
[18:11:30]: 9515
[18:11:30]: 9513
[18:11:30]: 9510
[18:11:31]: 9507
[18:11:31]: 9503
[18:11:31]: 9500
[18:11:32]: 9498
[18:11:32]: 9495
[18:11:32]: 9493
[18:11:33]: 9491
[18:11:33]: 9490
[18:11:33]: 9489
[18:11:34]: 9486
[18:11:34]: 9485
[18:11:34]: 9484
[18:11:34]: 9484
[18:11:35]: 9483
[18:11:35]: 9482
[18:11:35]: 9482
[18:11:36]: 9482
[18:11:36]: 9480
[18:11:36]: 9480
[18:11:37]: 9481
[18:11:37]: 9479
[18:11:37]: 9479
[18:11:38]: 9480
[18:11:38]: 9479
[18:11:38]: 9479
[18:11:38]: 9479
[18:11:39]: 9479
[18:11:39]: 9479
[18:11:39]: 9478
[18:11:40]: 9478
[18:11:40]: 9477
[18:11:40]: 9477
[18:11:41]: 9477
[18:11:41]: 9477
[18:11:41]: 9478
[18:11:41]: 9477
[18:11:42]: 9477
[18:11:42]: 9477
[18:11:42]: 9478
[18:11:43]: 9477
[18:11:43]: 9476
[18:11:43]: 9478
[18:11:44]: 9476
 Close valve LR4
[18:11:44]: W2 OH-
 Open valve LRW2
 Open valve V24
[18:11:44]: 9452
[18:11:44]: 9453
[18:11:45]: 9451
[18:11:45]: 9449
[18:11:45]: 9495
[18:11:46]: 9435
[18:11:46]: 9438
[18:11:46]: 9442
[18:11:46]: 9439
[18:11:47]: 9423
[18:11:47]: 9427
[18:11:47]: 9423
[18:11:48]: 9415
[18:11:48]: 9411
[18:11:48]: 9422
[18:11:49]: 9414
[18:11:49]: 9405
[18:11:49]: 9412
[18:11:50]: 9382
[18:11:50]: 9365
[18:11:50]: 9313
[18:11:51]: 8703
[18:11:51]: 8688
[18:11:51]: 8725
[18:11:51]: 8764
[18:11:52]: 8776
[18:11:52]: 8767
[18:11:52]: 8779
[18:11:53]: 8760
[18:11:53]: 8766
[18:11:53]: 8757
[18:11:54]: 8767
[18:11:54]: 8751
[18:11:54]: 8763
[18:11:55]: 8757
[18:11:55]: 8755
[18:11:55]: 8772
[18:11:56]: 8768
[18:11:56]: 8757
[18:11:56]: 8754
[18:11:56]: 8774
[18:11:57]: 8766
[18:11:57]: 8763
[18:11:57]: 8765
[18:11:58]: 8768
[18:11:58]: 8776
[18:11:58]: 8759
[18:11:59]: 8760
[18:11:59]: 8770
[18:11:59]: 8762
 Close valve V24
 Close valve LRW2
[18:11:59]: CIRCLE H+
 Open valve LR1
[18:12:00]: 8734
[18:12:00]: 9512
[18:12:00]: 9505
[18:12:00]: 9502
[18:12:01]: 9499
[18:12:01]: 9495
[18:12:01]: 9492
[18:12:02]: 9488
[18:12:02]: 9483
[18:12:02]: 9482
[18:12:03]: 9479
[18:12:03]: 9475
[18:12:03]: 9474
[18:12:04]: 9472
[18:12:04]: 9470
[18:12:04]: 9469
[18:12:05]: 9467
[18:12:05]: 9466
[18:12:05]: 9465
[18:12:06]: 9463
[18:12:06]: 9462
[18:12:06]: 9461
[18:12:06]: 9459
[18:12:07]: 9460
[18:12:07]: 9459
[18:12:07]: 9458
[18:12:08]: 9457
[18:12:08]: 9457
[18:12:08]: 9457
[18:12:09]: 9456
[18:12:09]: 9455
[18:12:09]: 9455
[18:12:10]: 9455
[18:12:10]: 9453
[18:12:10]: 9454
[18:12:11]: 9454
[18:12:11]: 9453
[18:12:11]: 9453
[18:12:12]: 9453
[18:12:12]: 9453
[18:12:12]: 9453
[18:12:12]: 9451
[18:12:13]: 9451
[18:12:13]: 9452
[18:12:13]: 9451
[18:12:14]: 9451
[18:12:14]: 9450
[18:12:14]: 9450
[18:12:15]: 9451
[18:12:15]: 9449
 Close valve LR1
[18:12:15]: W2 OH-
 Open valve LRW2
 Open valve V24
[18:12:15]: 9433
[18:12:16]: 9423
[18:12:16]: 9424
[18:12:16]: 9423
[18:12:17]: 9412
[18:12:17]: 9413
[18:12:17]: 9419
[18:12:17]: 9413
[18:12:18]: 9415
[18:12:18]: 9416
[18:12:18]: 9402
[18:12:19]: 9414
[18:12:19]: 9407
[18:12:19]: 9400
[18:12:20]: 9400
[18:12:20]: 9405
[18:12:20]: 9385
[18:12:21]: 9380
[18:12:21]: 9347
[18:12:21]: 8703
[18:12:21]: 8676
[18:12:22]: 8704
[18:12:22]: 8754
[18:12:22]: 8773
[18:12:23]: 8785
[18:12:23]: 8789
[18:12:23]: 8787
[18:12:24]: 8770
[18:12:24]: 8769
[18:12:24]: 8769
[18:12:25]: 8785
[18:12:25]: 8778
[18:12:25]: 8787
[18:12:26]: 8794
[18:12:26]: 8781
[18:12:26]: 8789
[18:12:26]: 8775
[18:12:27]: 8791
[18:12:27]: 8778
[18:12:27]: 8779
[18:12:28]: 8776
[18:12:28]: 8768
[18:12:28]: 8789
[18:12:29]: 8776
[18:12:29]: 8785
[18:12:29]: 8777
[18:12:30]: 8785
[18:12:30]: 8808
[18:12:30]: 8807
[18:12:30]: 8793
 Close valve V24
 Close valve LRW2
[18:12:31]: CROSS H+
 Open valve LR2
[18:12:31]: 8775
[18:12:31]: 9532
[18:12:32]: 9519
[18:12:32]: 9514
[18:12:32]: 9511
[18:12:32]: 9507
[18:12:33]: 9503
[18:12:33]: 9499
[18:12:33]: 9498
[18:12:34]: 9493
[18:12:34]: 9490
[18:12:34]: 9488
[18:12:35]: 9487
[18:12:35]: 9484
[18:12:35]: 9482
[18:12:36]: 9482
[18:12:36]: 9480
[18:12:36]: 9479
[18:12:36]: 9478
[18:12:37]: 9476
[18:12:37]: 9475
[18:12:37]: 9476
[18:12:38]: 9474
[18:12:38]: 9474
[18:12:38]: 9473
[18:12:39]: 9473
[18:12:39]: 9472
[18:12:39]: 9472
[18:12:40]: 9471
[18:12:40]: 9470
[18:12:40]: 9470
[18:12:40]: 9470
[18:12:41]: 9471
[18:12:41]: 9470
[18:12:41]: 9469
[18:12:42]: 9469
[18:12:42]: 9468
[18:12:42]: 9468
[18:12:43]: 9469
[18:12:43]: 9468
[18:12:43]: 9467
[18:12:44]: 9469
[18:12:44]: 9467
[18:12:44]: 9468
[18:12:44]: 9467
[18:12:45]: 9467
[18:12:45]: 9467
[18:12:45]: 9466
[18:12:46]: 9466
[18:12:46]: 9466
 Close valve LR2
[18:12:46]: W2 OH-
 Open valve LRW2
 Open valve V24
[18:12:46]: 9448
[18:12:47]: 9442
[18:12:47]: 9441
[18:12:47]: 9441
[18:12:48]: 9442
[18:12:48]: 9432
[18:12:48]: 9424
[18:12:49]: 9420
[18:12:49]: 9427
[18:12:49]: 9417
[18:12:50]: 9418
[18:12:50]: 9407
[18:12:50]: 9419
[18:12:51]: 9405
[18:12:51]: 9410
[18:12:51]: 9407
[18:12:51]: 9403
[18:12:52]: 9397
[18:12:52]: 9368
[18:12:52]: 8705
[18:12:53]: 8705
[18:12:53]: 8726
[18:12:53]: 8746
[18:12:54]: 8757
[18:12:54]: 8760
[18:12:54]: 8780
[18:12:55]: 8760
[18:12:55]: 8766
[18:12:55]: 8772
[18:12:56]: 8761
[18:12:56]: 8782
[18:12:56]: 8782
[18:12:56]: 8761
[18:12:57]: 8765
[18:12:57]: 8770
[18:12:57]: 8766
[18:12:58]: 8771
[18:12:58]: 8778
[18:12:58]: 8765
[18:12:59]: 8774
[18:12:59]: 8786
[18:12:59]: 8764
[18:13:00]: 8787
[18:13:00]: 8773
[18:13:00]: 8783
[18:13:00]: 8766
[18:13:01]: 8766
[18:13:01]: 8773
[18:13:01]: 8784
[18:13:02]: 8785
 Close valve V24
 Close valve LRW2
[18:13:02]: SQUARE H+
 Open valve LR3
[18:13:02]: 8751
[18:13:02]: 9525
[18:13:03]: 9517
[18:13:03]: 9515
[18:13:03]: 9512
[18:13:04]: 9509
[18:13:04]: 9504
[18:13:04]: 9501
[18:13:05]: 9499
[18:13:05]: 9495
[18:13:05]: 9492
[18:13:06]: 9490
[18:13:06]: 9487
[18:13:06]: 9487
[18:13:07]: 9485
[18:13:07]: 9483
[18:13:07]: 9483
[18:13:07]: 9481
[18:13:08]: 9479
[18:13:08]: 9479
[18:13:08]: 9478
[18:13:09]: 9477
[18:13:09]: 9476
[18:13:09]: 9476
[18:13:10]: 9475
[18:13:10]: 9475
[18:13:10]: 9474
[18:13:11]: 9475
[18:13:11]: 9474
[18:13:11]: 9474
[18:13:12]: 9473
[18:13:12]: 9474
[18:13:12]: 9472
[18:13:12]: 9472
[18:13:13]: 9474
[18:13:13]: 9472
[18:13:13]: 9472
[18:13:14]: 9472
[18:13:14]: 9472
[18:13:14]: 9472
[18:13:15]: 9472
[18:13:15]: 9471
[18:13:15]: 9472
[18:13:16]: 9473
[18:13:16]: 9473
[18:13:16]: 9472
[18:13:16]: 9472
[18:13:17]: 9471
[18:13:17]: 9472
[18:13:17]: 9472
 Close valve LR3
[18:13:17]: W2 OH-
 Open valve LRW2
 Open valve V24
[18:13:18]: 9459
[18:13:18]: 9450
[18:13:19]: 9447
[18:13:19]: 9445
[18:13:19]: 9447
[18:13:20]: 9432
[18:13:20]: 9438
[18:13:20]: 9437
[18:13:21]: 9420
[18:13:21]: 9422
[18:13:21]: 9425
[18:13:22]: 9423
[18:13:22]: 9417
[18:13:22]: 9421
[18:13:22]: 9415
[18:13:23]: 9401
[18:13:23]: 9404
[18:13:23]: 9387
[18:13:24]: 9362
[18:13:24]: 9327
[18:13:24]: 8702
[18:13:25]: 8700
[18:13:25]: 8719
[18:13:25]: 8753
[18:13:26]: 8775
[18:13:26]: 8758
[18:13:26]: 8749
[18:13:27]: 8745
[18:13:27]: 8751
[18:13:27]: 8744
[18:13:28]: 8765
[18:13:28]: 8759
[18:13:28]: 8748
[18:13:29]: 8752
[18:13:29]: 8750
[18:13:29]: 8758
[18:13:30]: 8772
[18:13:30]: 8769
[18:13:30]: 8763
[18:13:31]: 8775
[18:13:31]: 8778
[18:13:31]: 8756
[18:13:32]: 8775

