 Close valve HP_IN
 Close valve HP_OUT
 Close valve L1_OUT
 Close valve L2_OUT
 Close valve L3_OUT
 Close valve L_HP
 Close valve LR1
 Close valve LR2
 Close valve LR3
 Close valve LR4
 Close valve LRW2
 Close valve LWASTE
 Close valve R1_4
 Close valve V21
 Close valve V24
 Close valve V4
 Close valve VH
 Close valve W1
 Close valve W2
 Close valve W3
 Open valve HP_IN
 Open valve W2
 Open valve R1_4
 Open valve V21
[18:34:36]: Forward liquid flow activated
[18:34:36]: Pump W2
 Open valve LRW2
 Open valve V24
 Open valve V4
 Open valve L2_OUT
 Close valve L2_OUT
 Close valve V4
 Close valve V24
 Close valve LRW2
[18:35:07]: Loop start
[18:35:07]: W2 OH-
 Open valve LRW2
 Open valve V24
[18:35:08]: 11981
[18:35:08]: 11982
[18:35:08]: 11982
[18:35:08]: 11988
[18:35:09]: 11988
[18:35:09]: 11983
[18:35:09]: 11983
[18:35:10]: 11983
[18:35:10]: 11989
[18:35:10]: 11989
[18:35:11]: 11990
[18:35:11]: 11984
[18:35:11]: 11984
[18:35:12]: 11990
[18:35:12]: 11991
[18:35:12]: 11985
[18:35:13]: 11986
[18:35:13]: 11991
[18:35:13]: 11992
[18:35:13]: 11992
[18:35:14]: 11987
[18:35:14]: 11992
[18:35:14]: 11993
[18:35:15]: 11993
[18:35:15]: 11988
[18:35:15]: 11994
[18:35:16]: 11988
[18:35:16]: 11994
[18:35:16]: 11995
[18:35:17]: 11989
[18:35:17]: 11989
[18:35:17]: 11995
[18:35:17]: 11990
[18:35:18]: 11996
[18:35:18]: 11990
[18:35:18]: 11991
[18:35:19]: 11997
[18:35:19]: 11997
[18:35:19]: 11997
[18:35:20]: 11992
[18:35:20]: 11997
[18:35:20]: 11998
[18:35:21]: 11992
[18:35:21]: 11998
[18:35:21]: 11999
[18:35:21]: 11999
[18:35:22]: 11993
[18:35:22]: 11994
[18:35:22]: 12000
[18:35:23]: 12000
[18:35:23]: 12000
[18:35:23]: 11995
[18:35:24]: 11995
[18:35:24]: 12001
[18:35:24]: 12001
[18:35:25]: 12001
[18:35:25]: 11996
[18:35:25]: 12002
[18:35:25]: 11997
[18:35:26]: 12003
 Close valve V24
 Close valve LRW2
[18:35:26]: CIRCLE H+
 Open valve LR1
[18:35:26]: 12003
[18:35:27]: 12003
[18:35:27]: 11998
[18:35:27]: 11998
[18:35:28]: 11999
[18:35:28]: 12004
[18:35:28]: 12005
[18:35:28]: 12005
[18:35:29]: 12000
[18:35:29]: 12000
[18:35:29]: 12000
[18:35:30]: 12006
[18:35:30]: 12006
[18:35:30]: 12001
[18:35:31]: 12001
[18:35:31]: 12001
[18:35:31]: 12000
[18:35:32]: 12006
[18:35:32]: 12007
[18:35:32]: 11954
[18:35:33]: 11952
[18:35:33]: 9189
[18:35:33]: 9098
[18:35:33]: 9049
[18:35:34]: 9015
[18:35:34]: 8994
[18:35:34]: 8973
[18:35:35]: 8956
[18:35:35]: 8942
[18:35:35]: 8933
[18:35:36]: 8921
[18:35:36]: 8914
[18:35:36]: 8906
[18:35:37]: 8897
[18:35:37]: 8881
[18:35:37]: 8868
[18:35:37]: 8859
[18:35:38]: 8852
[18:35:38]: 8848
[18:35:38]: 8842
[18:35:39]: 8837
[18:35:39]: 8833
[18:35:39]: 8830
[18:35:40]: 8830
[18:35:40]: 8830
[18:35:40]: 8829
[18:35:41]: 8829
[18:35:41]: 8829
[18:35:41]: 8828
[18:35:41]: 8828
[18:35:42]: 8829
[18:35:42]: 8829
[18:35:42]: 8828
[18:35:43]: 8828
[18:35:43]: 8828
[18:35:43]: 8828
[18:35:44]: 8828
[18:35:44]: 8827
[18:35:44]: 8827
[18:35:45]: 8826
 Close valve LR1
[18:35:45]: W2 OH-
 Open valve LRW2
 Open valve V24
[18:35:45]: 8828
[18:35:45]: 8828
[18:35:46]: 8863
[18:35:46]: 8915
[18:35:46]: 8943
[18:35:47]: 8978
[18:35:47]: 9018
[18:35:47]: 9043
[18:35:47]: 9054
[18:35:48]: 9098
[18:35:48]: 9115
[18:35:48]: 9133
[18:35:49]: 8847
[18:35:49]: 8829
[18:35:49]: 8835
[18:35:50]: 8837
[18:35:50]: 8844
[18:35:50]: 8848
[18:35:51]: 8748
[18:35:51]: 8579
[18:35:51]: 8560
[18:35:51]: 8624
[18:35:52]: 8643
[18:35:52]: 8653
[18:35:52]: 8696
[18:35:53]: 8765
[18:35:53]: 8834
[18:35:53]: 8878
[18:35:54]: 8913
[18:35:54]: 8936
[18:35:54]: 8953
[18:35:55]: 8966
[18:35:55]: 8975
[18:35:55]: 8979
[18:35:56]: 8985
[18:35:56]: 8986
[18:35:56]: 8986
[18:35:57]: 8987
[18:35:57]: 8987
[18:35:57]: 8989
[18:35:57]: 8991
[18:35:58]: 8993
[18:35:58]: 8993
[18:35:58]: 8996
[18:35:59]: 8998
[18:35:59]: 9001
[18:35:59]: 9003
[18:36:00]: 9007
[18:36:00]: 9009
[18:36:00]: 9012
[18:36:01]: 9015
[18:36:01]: 9019
[18:36:01]: 9021
[18:36:02]: 9025
[18:36:02]: 9028
[18:36:02]: 9031
[18:36:02]: 9034
[18:36:03]: 9038
[18:36:03]: 9041
[18:36:03]: 9044
 Close valve V24
 Close valve LRW2
[18:36:04]: CROSS H+
 Open valve LR2
[18:36:04]: 9046
[18:36:04]: 9060
[18:36:04]: 9692
[18:36:05]: 9632
[18:36:05]: 9602
[18:36:05]: 9593
[18:36:06]: 9592
[18:36:06]: 9592
[18:36:06]: 9590
[18:36:07]: 9587
[18:36:07]: 9583
[18:36:07]: 9581
[18:36:08]: 9577
[18:36:08]: 9617
[18:36:08]: 9868
[18:36:09]: 9989
[18:36:09]: 10020
[18:36:09]: 10082
[18:36:09]: 10112
[18:36:10]: 10152
[18:36:10]: 10191
[18:36:10]: 10226
[18:36:11]: 10259
[18:36:11]: 10280
[18:36:11]: 10312
[18:36:12]: 10334
[18:36:12]: 10359
[18:36:12]: 10385
[18:36:13]: 10407
[18:36:13]: 10427
[18:36:13]: 9635
[18:36:14]: 9594
[18:36:14]: 9615
[18:36:14]: 9813
[18:36:14]: 9842
[18:36:15]: 9871
[18:36:15]: 9928
[18:36:15]: 9798
[18:36:16]: 9700
[18:36:16]: 9742
[18:36:16]: 9846
[18:36:17]: 9917
[18:36:17]: 9779
[18:36:17]: 9945
[18:36:18]: 10048
[18:36:18]: 10127
[18:36:18]: 10179
[18:36:18]: 10217
[18:36:19]: 9576
[18:36:19]: 9570
[18:36:19]: 9571
[18:36:20]: 9557
[18:36:20]: 9551
[18:36:20]: 9551
[18:36:21]: 9550
[18:36:21]: 9550
[18:36:21]: 9549
[18:36:22]: 9548
[18:36:22]: 9550
[18:36:22]: 9550
 Close valve LR2
[18:36:22]: W2 OH-
 Open valve LRW2
 Open valve V24
[18:36:23]: 9547
[18:36:23]: 9409
[18:36:23]: 9493
[18:36:24]: 9512
[18:36:24]: 9519
[18:36:24]: 9518
[18:36:24]: 9522
[18:36:25]: 9517
[18:36:25]: 9501
[18:36:25]: 9428
[18:36:26]: 9106
[18:36:26]: 8824
[18:36:26]: 8795
[18:36:27]: 8800
[18:36:27]: 8807
[18:36:27]: 8826
[18:36:28]: 8856
[18:36:28]: 8872
[18:36:28]: 8912
[18:36:28]: 8952
[18:36:29]: 8978
[18:36:29]: 8985
[18:36:29]: 8994
[18:36:30]: 9009
[18:36:30]: 9032
[18:36:30]: 9056
[18:36:31]: 9075
[18:36:31]: 9087
[18:36:31]: 9096
[18:36:32]: 9110
[18:36:32]: 9117
[18:36:32]: 9125
[18:36:32]: 9132
[18:36:33]: 9139
[18:36:33]: 9147
[18:36:33]: 9153
[18:36:34]: 9143
[18:36:34]: 9141
[18:36:34]: 9149
[18:36:35]: 9155
[18:36:35]: 9161
[18:36:35]: 9166
[18:36:36]: 9169
[18:36:36]: 9174
[18:36:36]: 9177
[18:36:37]: 9176
[18:36:37]: 9178
[18:36:37]: 9182
[18:36:37]: 9183
[18:36:38]: 9184
[18:36:38]: 9186
[18:36:38]: 9187
[18:36:39]: 9189
[18:36:39]: 9191
[18:36:39]: 9189
[18:36:40]: 9193
[18:36:40]: 9194
[18:36:40]: 9193
[18:36:41]: 9194
[18:36:41]: 9195
 Close valve V24
 Close valve LRW2
[18:36:41]: SQUARE H+
 Open valve LR3
[18:36:41]: 9120
[18:36:42]: 11065
[18:36:42]: 10965
[18:36:42]: 11182
[18:36:43]: 11239
[18:36:43]: 11222
[18:36:43]: 11268
[18:36:44]: 11282
[18:36:44]: 11277
[18:36:44]: 11268
[18:36:44]: 11259
[18:36:45]: 11244
[18:36:45]: 11233
[18:36:45]: 11226
[18:36:46]: 11174
[18:36:46]: 11177
[18:36:46]: 11170
[18:36:47]: 11174
[18:36:47]: 11165
[18:36:47]: 11146
[18:36:48]: 11146
[18:36:48]: 11142
[18:36:48]: 11136
[18:36:49]: 11134
[18:36:49]: 11135
[18:36:49]: 11129
[18:36:50]: 11129
[18:36:50]: 11121
[18:36:50]: 11113
[18:36:50]: 11110
[18:36:51]: 11110
[18:36:51]: 11103
[18:36:51]: 11096
[18:36:52]: 11106
[18:36:52]: 11094
[18:36:52]: 11093
[18:36:53]: 11099
[18:36:53]: 11116
[18:36:53]: 11112
[18:36:54]: 11105
[18:36:54]: 11080
[18:36:54]: 9594
[18:36:55]: 9592
[18:36:55]: 9588
[18:36:55]: 9590
[18:36:56]: 9591
[18:36:56]: 9590
[18:36:56]: 9589
[18:36:56]: 9592
[18:36:57]: 9585
[18:36:57]: 9581
[18:36:57]: 9591
[18:36:58]: 9589
[18:36:58]: 9585
[18:36:58]: 9586
[18:36:59]: 9585
[18:36:59]: 9581
[18:36:59]: 9583
[18:37:00]: 9583
[18:37:00]: 9576
 Close valve LR3
[18:37:00]: W2 OH-
 Open valve LRW2
 Open valve V24
[18:37:00]: 9551
[18:37:01]: 9003
[18:37:01]: 8779
[18:37:01]: 8782
[18:37:01]: 8806
[18:37:02]: 8826
[18:37:02]: 8836
[18:37:02]: 8876
[18:37:03]: 8867
[18:37:03]: 8865
[18:37:03]: 8866
[18:37:04]: 8866
[18:37:04]: 8866
[18:37:04]: 8867
[18:37:05]: 8868
[18:37:05]: 8869
[18:37:05]: 8870
[18:37:06]: 8870
[18:37:06]: 8864
[18:37:06]: 8818
[18:37:07]: 8800
[18:37:07]: 8814
[18:37:07]: 8825
[18:37:08]: 8865
[18:37:08]: 8968
[18:37:08]: 8997
[18:37:09]: 9001
[18:37:09]: 9018
[18:37:09]: 9026
[18:37:10]: 8993
[18:37:10]: 9039
[18:37:10]: 9054
[18:37:11]: 9076
[18:37:11]: 8999
[18:37:11]: 8945
[18:37:12]: 8928
[18:37:12]: 8918
[18:37:12]: 8898
[18:37:13]: 8989
[18:37:13]: 9014
[18:37:13]: 9058
[18:37:14]: 9064
[18:37:14]: 9070
[18:37:14]: 9068
[18:37:15]: 9075
[18:37:15]: 9036
[18:37:15]: 8997
[18:37:16]: 8978
[18:37:16]: 8969
[18:37:16]: 9044
[18:37:17]: 9051
[18:37:17]: 9006
[18:37:17]: 9063
[18:37:17]: 9085
[18:37:18]: 9070
[18:37:18]: 9075
[18:37:18]: 8931
[18:37:19]: 9070
[18:37:19]: 9083
[18:37:19]: 9086
 Close valve V24
 Close valve LRW2
[18:37:19]: PLUS H+
 Open valve LR4
[18:37:20]: 9084
[18:37:20]: 10706
[18:37:20]: 11027
[18:37:21]: 10996
[18:37:21]: 11019
[18:37:21]: 11024
[18:37:22]: 11053
[18:37:22]: 11070
[18:37:22]: 11077
[18:37:23]: 11077
[18:37:23]: 11080
[18:37:23]: 11080
[18:37:24]: 11080
[18:37:24]: 11086
[18:37:24]: 11078
[18:37:24]: 11076
[18:37:25]: 11079
[18:37:25]: 11076
[18:37:25]: 11066
[18:37:26]: 11062
[18:37:26]: 11064
[18:37:26]: 11060
[18:37:27]: 11058
[18:37:27]: 11049
[18:37:27]: 11047
[18:37:28]: 11049
[18:37:28]: 11042
[18:37:28]: 11038
[18:37:29]: 11035
[18:37:29]: 11037
[18:37:29]: 11034
[18:37:29]: 10984
[18:37:30]: 10980
[18:37:30]: 10975
[18:37:30]: 10963
[18:37:31]: 10935
[18:37:31]: 10927
[18:37:31]: 10936
[18:37:32]: 10942
[18:37:32]: 10918
[18:37:32]: 10930
[18:37:33]: 9588
[18:37:33]: 9588
[18:37:33]: 9582
[18:37:34]: 9586
[18:37:34]: 9582
[18:37:34]: 9580
[18:37:34]: 9582
[18:37:35]: 9583
[18:37:35]: 9584
[18:37:35]: 9584
[18:37:36]: 9585
[18:37:36]: 9586
[18:37:36]: 9584
[18:37:37]: 9586
[18:37:37]: 9584
[18:37:37]: 9586
[18:37:38]: 9585
[18:37:38]: 9585
[18:37:38]: 9580
 Close valve LR4
[18:37:38]: W2 OH-
 Open valve LRW2
 Open valve V24
[18:37:39]: 9574
[18:37:39]: 9567
[18:37:39]: 8772
[18:37:40]: 9012
[18:37:40]: 8784
[18:37:40]: 8868
[18:37:41]: 8907
[18:37:41]: 8926
[18:37:41]: 8939
[18:37:42]: 8954
[18:37:42]: 8965
[18:37:42]: 9606
[18:37:43]: 9516
[18:37:43]: 8822
[18:37:43]: 8942
[18:37:43]: 8881
[18:37:44]: 8784
[18:37:44]: 8802
[18:37:44]: 8817
[18:37:45]: 8912
[18:37:45]: 8967
[18:37:45]: 8873
[18:37:46]: 8945
[18:37:46]: 8785
[18:37:46]: 8766
[18:37:47]: 8795
[18:37:47]: 8854
[18:37:47]: 8950
[18:37:48]: 8950
[18:37:48]: 8979
[18:37:48]: 8975
[18:37:48]: 8980
[18:37:49]: 8991
[18:37:49]: 8996
[18:37:49]: 8977
[18:37:50]: 8941
[18:37:50]: 8964
[18:37:50]: 8964
[18:37:51]: 8963
[18:37:51]: 8969
[18:37:51]: 8969
[18:37:52]: 8973
[18:37:52]: 8974
[18:37:52]: 8975
[18:37:53]: 8973
[18:37:53]: 8976
[18:37:53]: 8978
[18:37:53]: 8974
[18:37:54]: 8977
[18:37:54]: 8976
[18:37:54]: 8974
[18:37:55]: 8983
[18:37:55]: 8976
[18:37:55]: 8985
[18:37:56]: 8983
[18:37:56]: 8979
[18:37:56]: 8977
[18:37:57]: 8986
[18:37:57]: 8984
[18:37:57]: 8981
 Close valve V24
 Close valve LRW2
[18:37:57]: CIRCLE H+
 Open valve LR1
[18:37:58]: 8978
[18:37:58]: 9629
[18:37:58]: 9578
[18:37:59]: 9570
[18:37:59]: 9562
[18:37:59]: 9558
[18:38:00]: 9552
[18:38:00]: 9547
[18:38:00]: 9540
[18:38:00]: 9538
[18:38:01]: 9535
[18:38:01]: 9530
[18:38:01]: 9526
[18:38:02]: 9525
[18:38:02]: 9526
[18:38:02]: 9523
[18:38:03]: 9521
[18:38:03]: 9520
[18:38:03]: 9518
[18:38:04]: 9515
[18:38:04]: 9518
[18:38:04]: 9513
[18:38:05]: 9512
[18:38:05]: 9513
[18:38:05]: 9513
[18:38:05]: 9511
[18:38:06]: 9511
[18:38:06]: 9510
[18:38:06]: 9509
[18:38:07]: 9511
[18:38:07]: 9511
[18:38:07]: 9505
[18:38:08]: 9508
[18:38:08]: 9507
[18:38:08]: 9505
[18:38:09]: 9505
[18:38:09]: 9504
[18:38:09]: 9502
[18:38:09]: 9504
[18:38:10]: 9504
[18:38:10]: 9504
[18:38:10]: 9499
[18:38:11]: 9500
[18:38:11]: 9500
[18:38:11]: 9500
[18:38:12]: 9499
[18:38:12]: 9498
[18:38:12]: 9499
[18:38:13]: 9500
[18:38:13]: 9495
[18:38:13]: 9495
[18:38:13]: 9498
[18:38:14]: 9497
[18:38:14]: 9496
[18:38:14]: 9495
[18:38:15]: 9495
[18:38:15]: 9495
[18:38:15]: 9493
[18:38:16]: 9494
[18:38:16]: 9493
 Close valve LR1
[18:38:16]: W2 OH-
 Open valve LRW2
 Open valve V24
[18:38:16]: 9484
[18:38:17]: 9491
[18:38:17]: 9496
[18:38:17]: 9497
[18:38:18]: 9492
[18:38:18]: 9491
[18:38:18]: 9474
[18:38:19]: 9469
[18:38:19]: 9453
[18:38:19]: 8848
[18:38:19]: 8761
[18:38:20]: 8739
[18:38:20]: 8733
[18:38:20]: 8760
[18:38:21]: 8765
[18:38:21]: 8791
[18:38:21]: 8829
[18:38:22]: 8848
[18:38:22]: 8859
[18:38:22]: 8906
[18:38:23]: 8930
[18:38:23]: 8948
[18:38:23]: 8962
[18:38:23]: 8977
[18:38:24]: 8993
[18:38:24]: 8996
[18:38:24]: 9008
[18:38:25]: 9012
[18:38:25]: 9010
[18:38:25]: 9017
[18:38:26]: 9052
[18:38:26]: 9034
[18:38:26]: 9039
[18:38:26]: 9044
[18:38:27]: 9043
[18:38:27]: 9045
[18:38:27]: 9067
[18:38:28]: 9059
[18:38:28]: 9055
[18:38:28]: 9063
[18:38:29]: 9066
[18:38:29]: 9066
[18:38:29]: 9068
[18:38:30]: 9071
[18:38:30]: 9065
[18:38:30]: 9067
[18:38:31]: 9042
[18:38:31]: 9043
[18:38:31]: 9036
[18:38:32]: 9049
[18:38:32]: 9050
[18:38:32]: 9051
[18:38:32]: 9055
[18:38:33]: 9063
[18:38:33]: 9057
[18:38:33]: 9058
[18:38:34]: 9056
[18:38:34]: 9055
[18:38:34]: 9067
[18:38:35]: 9069
 Close valve V24
 Close valve LRW2
[18:38:35]: CROSS H+
 Open valve LR2
[18:38:35]: 9065
[18:38:35]: 9678
[18:38:36]: 9608
[18:38:36]: 9593
[18:38:36]: 9581
[18:38:37]: 9578
[18:38:37]: 9569
[18:38:37]: 9565
[18:38:38]: 9560
[18:38:38]: 9554
[18:38:38]: 9551
[18:38:39]: 9551
[18:38:39]: 9544
[18:38:39]: 9545
[18:38:40]: 9539
[18:38:40]: 9540
[18:38:40]: 9536
[18:38:40]: 9535
[18:38:41]: 9533
[18:38:41]: 9532
[18:38:41]: 9532
[18:38:42]: 9528
[18:38:42]: 9526
[18:38:42]: 9526
[18:38:43]: 9529
[18:38:43]: 9527
[18:38:43]: 9525
[18:38:44]: 9524
[18:38:44]: 9522
[18:38:44]: 9525
[18:38:45]: 9520
[18:38:45]: 9519
[18:38:45]: 9520
[18:38:45]: 9520
[18:38:46]: 9520
[18:38:46]: 9518
[18:38:46]: 9518
[18:38:47]: 9516
[18:38:47]: 9514
[18:38:47]: 9514
[18:38:48]: 9517
[18:38:48]: 9515
[18:38:48]: 9514
[18:38:49]: 9514
[18:38:49]: 9512
[18:38:49]: 9513
[18:38:50]: 9514
[18:38:50]: 9514
[18:38:50]: 9509
[18:38:50]: 9509
[18:38:51]: 9510
[18:38:51]: 9510
[18:38:51]: 9509
[18:38:52]: 9509
[18:38:52]: 9508
[18:38:52]: 9509
[18:38:53]: 9510
[18:38:53]: 9510
[18:38:53]: 9510
[18:38:54]: 9506
 Close valve LR2
[18:38:54]: W2 OH-
 Open valve LRW2
 Open valve V24
[18:38:54]: 9491
[18:38:54]: 9487
[18:38:55]: 9496
[18:38:55]: 9507
[18:38:55]: 9505
[18:38:56]: 9507
[18:38:56]: 9503
[18:38:56]: 9496
[18:38:57]: 9340
[18:38:57]: 8775
[18:38:57]: 8766
[18:38:58]: 8756
[18:38:58]: 8772
[18:38:58]: 8825
[18:38:58]: 8900
[18:38:59]: 8931
[18:38:59]: 8945
[18:38:59]: 8961
[18:39:00]: 8989
[18:39:00]: 8988
[18:39:00]: 8963
[18:39:01]: 8963
[18:39:01]: 8948
[18:39:01]: 8994
[18:39:02]: 9027
[18:39:02]: 9026
[18:39:02]: 9028
[18:39:02]: 9045
[18:39:03]: 9048
[18:39:03]: 9048
[18:39:03]: 9061
[18:39:04]: 9057
[18:39:04]: 9065
[18:39:04]: 9061
[18:39:05]: 9061
[18:39:05]: 9070
[18:39:05]: 9079
[18:39:06]: 9079
[18:39:06]: 9088
[18:39:06]: 9090
[18:39:07]: 9083
[18:39:07]: 9130
[18:39:07]: 9096
[18:39:07]: 9093
[18:39:08]: 9096
[18:39:08]: 9094
[18:39:08]: 9100
[18:39:09]: 9094
[18:39:09]: 9094
[18:39:09]: 9096
[18:39:10]: 9102
[18:39:10]: 9105
[18:39:10]: 9110
[18:39:11]: 9099
[18:39:11]: 9102
[18:39:11]: 9108
[18:39:12]: 9104
[18:39:12]: 9109
[18:39:12]: 9114
[18:39:13]: 9117
 Close valve V24
 Close valve LRW2
[18:39:13]: SQUARE H+
 Open valve LR3
[18:39:13]: 9282
[18:39:13]: 9731
[18:39:14]: 9825
[18:39:14]: 9900
[18:39:14]: 9948
[18:39:15]: 9971
[18:39:15]: 10080
[18:39:15]: 10102
[18:39:15]: 10122
[18:39:16]: 10140
[18:39:16]: 10150
[18:39:16]: 10165
[18:39:17]: 10178
[18:39:17]: 10190
[18:39:17]: 10207
[18:39:18]: 10218
[18:39:18]: 10221
[18:39:18]: 10229
[18:39:19]: 10242
[18:39:19]: 10250
[18:39:19]: 10256
[18:39:20]: 10258
[18:39:20]: 10264
[18:39:20]: 10276
[18:39:21]: 10277
[18:39:21]: 10287
[18:39:21]: 10293
[18:39:22]: 10299
[18:39:22]: 10304
[18:39:22]: 10309
[18:39:22]: 10310
[18:39:23]: 10302
[18:39:23]: 10320
[18:39:23]: 10326
[18:39:24]: 10320
[18:39:24]: 10324
[18:39:24]: 10329
[18:39:25]: 10336
[18:39:25]: 10340
[18:39:25]: 10344
[18:39:26]: 10349
[18:39:26]: 10347
[18:39:26]: 10349
[18:39:27]: 10362
[18:39:27]: 10365
[18:39:27]: 10366
[18:39:27]: 10363
[18:39:28]: 10368
[18:39:28]: 10372
[18:39:28]: 10374
[18:39:29]: 10375
[18:39:29]: 10382
[18:39:29]: 10387
[18:39:30]: 10391
[18:39:30]: 10382
[18:39:30]: 10386
[18:39:31]: 10397
[18:39:31]: 10397
[18:39:31]: 10398
[18:39:31]: 10400
 Close valve LR3
[18:39:32]: W2 OH-
 Open valve LRW2
 Open valve V24
[18:39:32]: 10009
[18:39:32]: 9604
[18:39:33]: 9560
[18:39:33]: 9548
[18:39:33]: 9539
[18:39:34]: 9535
[18:39:34]: 9525
[18:39:34]: 9531
[18:39:34]: 9443
[18:39:35]: 9493
[18:39:35]: 9479
[18:39:35]: 8935
[18:39:36]: 8857
[18:39:36]: 8844
[18:39:36]: 8853
[18:39:37]: 8901
[18:39:37]: 8920
[18:39:37]: 8941
[18:39:38]: 8971
[18:39:38]: 9006
[18:39:38]: 9027
[18:39:38]: 9053
[18:39:39]: 9050
[18:39:39]: 9066
[18:39:39]: 9089
[18:39:40]: 9092
[18:39:40]: 9097
[18:39:40]: 9126
[18:39:41]: 9113
[18:39:41]: 9124
[18:39:41]: 9132
[18:39:42]: 9130
[18:39:42]: 9133
[18:39:42]: 9147
[18:39:42]: 9143
[18:39:43]: 9139
[18:39:43]: 9161
[18:39:43]: 9163
[18:39:44]: 9153
[18:39:44]: 9165
[18:39:44]: 9158
[18:39:45]: 9157
[18:39:45]: 9176
[18:39:45]: 9163
[18:39:46]: 9173
[18:39:46]: 9182
[18:39:46]: 9165
[18:39:46]: 9186
[18:39:47]: 9182
[18:39:47]: 9176
[18:39:47]: 9186
[18:39:48]: 9189
[18:39:48]: 9174
[18:39:48]: 9188
[18:39:49]: 9180
[18:39:49]: 9175
[18:39:49]: 9195
[18:39:50]: 9192
[18:39:50]: 9183
[18:39:50]: 9194
 Close valve V24
 Close valve LRW2
[18:39:50]: PLUS H+
 Open valve LR4
[18:39:51]: 9124
[18:39:51]: 9669
[18:39:51]: 9660
[18:39:52]: 9655
[18:39:52]: 9649
[18:39:52]: 9643
[18:39:52]: 9640
[18:39:53]: 9630
[18:39:53]: 9624
[18:39:53]: 9626
[18:39:54]: 9620
[18:39:54]: 9617
[18:39:54]: 9615
[18:39:55]: 9612
[18:39:55]: 9609
[18:39:55]: 9607
[18:39:56]: 9608
[18:39:56]: 9600
[18:39:56]: 9600
[18:39:57]: 9601
[18:39:57]: 9601
[18:39:57]: 9597
[18:39:58]: 9594
[18:39:58]: 9598
[18:39:58]: 9592
[18:39:58]: 9594
[18:39:59]: 9594
[18:39:59]: 9591
[18:39:59]: 9588
[18:40:00]: 9586
[18:40:00]: 9586
[18:40:00]: 9589
[18:40:01]: 9586
[18:40:01]: 9584
[18:40:01]: 9586
[18:40:02]: 9587
[18:40:02]: 9580
[18:40:02]: 9579
[18:40:03]: 9581
[18:40:03]: 9582
[18:40:03]: 9579
[18:40:04]: 9582
[18:40:04]: 9582
[18:40:04]: 9580
[18:40:05]: 9577
[18:40:05]: 9575
[18:40:05]: 9575
[18:40:06]: 9576
[18:40:06]: 9573
[18:40:06]: 9577
[18:40:06]: 9577
[18:40:07]: 9575
[18:40:07]: 9572
[18:40:07]: 9570
[18:40:08]: 9573
[18:40:08]: 9571
[18:40:08]: 9571
[18:40:09]: 9573
[18:40:09]: 9566
[18:40:09]: 9572
 Close valve LR4
[18:40:09]: W2 OH-
 Open valve LRW2
 Open valve V24
[18:40:10]: 9563
[18:40:10]: 9541
[18:40:10]: 9536
[18:40:11]: 9536
[18:40:11]: 9534
[18:40:11]: 9525
[18:40:12]: 9521
[18:40:12]: 9495
[18:40:12]: 9461
[18:40:13]: 9276
[18:40:13]: 9221
[18:40:13]: 8926
[18:40:13]: 8822
[18:40:14]: 8831
[18:40:14]: 8828
[18:40:14]: 8864
[18:40:15]: 8876
[18:40:15]: 8904
[18:40:15]: 8948
[18:40:16]: 8969
[18:40:16]: 8971
[18:40:16]: 9010
[18:40:17]: 9031
[18:40:17]: 9032
[18:40:17]: 9055
[18:40:17]: 9072
[18:40:18]: 9079
[18:40:18]: 9076
[18:40:18]: 9089
[18:40:19]: 9084
[18:40:19]: 9086
[18:40:19]: 9095
[18:40:20]: 9110
[18:40:20]: 9107
[18:40:20]: 9123
[18:40:21]: 9117
[18:40:21]: 9128
[18:40:21]: 9126
[18:40:22]: 9121
[18:40:22]: 9129
[18:40:22]: 9142
[18:40:22]: 9137
[18:40:23]: 9150
[18:40:23]: 9157
[18:40:23]: 9143
[18:40:24]: 9152
[18:40:24]: 9162
[18:40:24]: 9149
[18:40:25]: 9149
[18:40:25]: 9158
[18:40:25]: 9156
[18:40:26]: 9156
[18:40:26]: 9157
[18:40:26]: 9172
[18:40:26]: 9165
[18:40:27]: 9170
[18:40:27]: 9178
[18:40:27]: 9160
[18:40:28]: 9165
[18:40:28]: 9176
 Close valve V24
 Close valve LRW2
[18:40:28]: CIRCLE H+
 Open valve LR1
[18:40:28]: 9171
[18:40:29]: 9718
[18:40:29]: 9675
[18:40:29]: 9664
[18:40:30]: 9655
[18:40:30]: 9651
[18:40:30]: 9645
[18:40:31]: 9637
[18:40:31]: 9635
[18:40:31]: 9630
[18:40:32]: 9628
[18:40:32]: 9625
[18:40:32]: 9616
[18:40:33]: 9614
[18:40:33]: 9615
[18:40:33]: 9611
[18:40:33]: 9608
[18:40:34]: 9607
[18:40:34]: 9606
[18:40:34]: 9605
[18:40:35]: 9606
[18:40:35]: 9599
[18:40:35]: 9603
[18:40:36]: 9597
[18:40:36]: 9598
[18:40:36]: 9596
[18:40:37]: 9597
[18:40:37]: 9595
[18:40:37]: 9593
[18:40:37]: 9591
[18:40:38]: 9590
[18:40:38]: 9593
[18:40:38]: 9587
[18:40:39]: 9586
[18:40:39]: 9591
[18:40:39]: 9590
[18:40:40]: 9586
[18:40:40]: 9586
[18:40:40]: 9585
[18:40:40]: 9585
[18:40:41]: 9582
[18:40:41]: 9582
[18:40:41]: 9581
[18:40:42]: 9579
[18:40:42]: 9577
[18:40:42]: 9583
[18:40:43]: 9581
[18:40:43]: 9578
[18:40:43]: 9577
[18:40:44]: 9577
[18:40:44]: 9577
[18:40:44]: 9574
[18:40:45]: 9572
[18:40:45]: 9578
[18:40:45]: 9576
[18:40:45]: 9573
[18:40:46]: 9574
[18:40:46]: 9572
[18:40:46]: 9574
[18:40:47]: 9573
 Close valve LR1
[18:40:47]: W2 OH-
 Open valve LRW2
 Open valve V24
[18:40:47]: 9562
[18:40:47]: 9549
[18:40:48]: 9547
[18:40:48]: 9542
[18:40:48]: 9544
[18:40:49]: 9536
[18:40:49]: 9520
[18:40:49]: 9535
[18:40:50]: 9505
[18:40:50]: 9357
[18:40:50]: 9264
[18:40:51]: 8930
[18:40:51]: 8815
[18:40:51]: 8791
[18:40:52]: 8802
[18:40:52]: 8826
[18:40:52]: 8871
[18:40:52]: 8899
[18:40:53]: 8918
[18:40:53]: 8939
[18:40:53]: 8973
[18:40:54]: 9002
[18:40:54]: 9003
[18:40:54]: 9018
[18:40:55]: 9032
[18:40:55]: 9043
[18:40:55]: 9052
[18:40:56]: 9060
[18:40:56]: 9048
[18:40:56]: 9058
[18:40:56]: 9075
[18:40:57]: 9074
[18:40:57]: 9091
[18:40:57]: 9100
[18:40:58]: 9092
[18:40:58]: 9092
[18:40:58]: 9109
[18:40:59]: 9102
[18:40:59]: 9120
[18:40:59]: 9108
[18:41:00]: 9115
[18:41:00]: 9125
[18:41:00]: 9125
[18:41:00]: 9126
[18:41:01]: 9122
[18:41:01]: 9141
[18:41:01]: 9143
[18:41:02]: 9133
[18:41:02]: 9143
[18:41:02]: 9141
[18:41:03]: 9142
[18:41:03]: 9136
[18:41:03]: 9152
[18:41:03]: 9152
[18:41:04]: 9147
[18:41:04]: 9142
[18:41:04]: 9159
[18:41:05]: 9144
[18:41:05]: 9148
[18:41:05]: 9158
 Close valve V24
 Close valve LRW2
[18:41:05]: CROSS H+
 Open valve LR2
[18:41:06]: 9182
[18:41:06]: 9702
[18:41:06]: 9671
[18:41:07]: 9658
[18:41:07]: 9654
[18:41:07]: 9646
[18:41:08]: 9638
[18:41:08]: 9638
[18:41:08]: 9628
[18:41:09]: 9623
[18:41:09]: 9625
[18:41:09]: 9622
[18:41:10]: 9616
[18:41:10]: 9613
[18:41:10]: 9609
[18:41:10]: 9610
[18:41:11]: 9607
[18:41:11]: 9606
[18:41:11]: 9605
[18:41:12]: 9599
[18:41:12]: 9603
[18:41:12]: 9596
[18:41:13]: 9595
[18:41:13]: 9596
[18:41:13]: 9594
[18:41:14]: 9592
[18:41:14]: 9592
[18:41:14]: 9592
[18:41:14]: 9591
[18:41:15]: 9592
[18:41:15]: 9586
[18:41:15]: 9588
[18:41:16]: 9589
[18:41:16]: 9586
[18:41:16]: 9584
[18:41:17]: 9585
[18:41:17]: 9582
[18:41:17]: 9584
[18:41:18]: 9579
[18:41:18]: 9584
[18:41:18]: 9583
[18:41:18]: 9577
[18:41:19]: 9578
[18:41:19]: 9578
[18:41:19]: 9576
[18:41:20]: 9578
[18:41:20]: 9574
[18:41:20]: 9575
[18:41:21]: 9574
[18:41:21]: 9571
[18:41:21]: 9572
[18:41:22]: 9575
[18:41:22]: 9573
[18:41:22]: 9571
[18:41:22]: 9572
[18:41:23]: 9571
[18:41:23]: 9569
[18:41:23]: 9567
[18:41:24]: 9565
[18:41:24]: 9570
 Close valve LR2
[18:41:24]: W2 OH-
 Open valve LRW2
 Open valve V24
[18:41:25]: 9551
[18:41:25]: 9541
[18:41:25]: 9536
[18:41:26]: 9535
[18:41:26]: 9531
[18:41:26]: 9536
[18:41:26]: 9504
[18:41:27]: 9491
[18:41:27]: 9422
[18:41:27]: 9141
[18:41:28]: 9005
[18:41:28]: 8882
[18:41:28]: 8813
[18:41:29]: 8814
[18:41:29]: 8822
[18:41:29]: 8850
[18:41:30]: 8852
[18:41:30]: 8888
[18:41:30]: 8921
[18:41:31]: 8936
[18:41:31]: 8948
[18:41:31]: 8954
[18:41:31]: 8974
[18:41:32]: 8993
[18:41:32]: 9006
[18:41:32]: 9016
[18:41:33]: 9039
[18:41:33]: 9052
[18:41:33]: 9055
[18:41:34]: 9056
[18:41:34]: 9064
[18:41:34]: 9073
[18:41:35]: 9086
[18:41:35]: 9093
[18:41:35]: 9088
[18:41:35]: 9100
[18:41:36]: 9108
[18:41:36]: 9096
[18:41:36]: 9115
[18:41:37]: 9115
[18:41:37]: 9112
[18:41:37]: 9111
[18:41:38]: 9113
[18:41:38]: 9128
[18:41:38]: 9117
[18:41:39]: 9121
[18:41:39]: 9131
[18:41:39]: 9127
[18:41:39]: 9137
[18:41:40]: 9141
[18:41:40]: 9127
[18:41:40]: 9134
[18:41:41]: 9140
[18:41:41]: 9140
[18:41:41]: 9139
[18:41:42]: 9136
[18:41:42]: 9138
[18:41:42]: 9148
[18:41:42]: 9142
[18:41:43]: 9150
 Close valve V24
 Close valve LRW2
[18:41:43]: SQUARE H+
 Open valve LR3
[18:41:43]: 9142
[18:41:44]: 9710
[18:41:44]: 9677
[18:41:44]: 9667
[18:41:44]: 9661
[18:41:45]: 9651
[18:41:45]: 9643
[18:41:45]: 9643
[18:41:46]: 9633
[18:41:46]: 9629
[18:41:46]: 9627
[18:41:47]: 9622
[18:41:47]: 9620
[18:41:47]: 9616
[18:41:47]: 9614
[18:41:48]: 9612
[18:41:48]: 9610
[18:41:48]: 9610
[18:41:49]: 9604
[18:41:49]: 9602
[18:41:49]: 9600
[18:41:50]: 9602
[18:41:50]: 9600
[18:41:50]: 9599
[18:41:51]: 9597
[18:41:51]: 9596
[18:41:51]: 9596
[18:41:51]: 9593
[18:41:52]: 9590
[18:41:52]: 9589
[18:41:52]: 9593
[18:41:53]: 9590
[18:41:53]: 9588
[18:41:53]: 9590
[18:41:54]: 9587
[18:41:54]: 9585
[18:41:54]: 9586
[18:41:55]: 9582
[18:41:55]: 9585
[18:41:55]: 9581
[18:41:56]: 9582
[18:41:56]: 9580
[18:41:56]: 9581
[18:41:57]: 9580
[18:41:57]: 9576
[18:41:57]: 9575
[18:41:57]: 9577
[18:41:58]: 9576
[18:41:58]: 9576
[18:41:58]: 9574
[18:41:59]: 9575
[18:41:59]: 9573
[18:41:59]: 9573
[18:42:00]: 9576
[18:42:00]: 9574
[18:42:00]: 9570
[18:42:01]: 9570
[18:42:01]: 9571
[18:42:01]: 9569
[18:42:01]: 9570
 Close valve LR3
[18:42:02]: W2 OH-
 Open valve LRW2
 Open valve V24
[18:42:02]: 9555
[18:42:02]: 9545
[18:42:03]: 9540
[18:42:03]: 9542
[18:42:03]: 9539
[18:42:04]: 9527
[18:42:04]: 9528
[18:42:04]: 9524
[18:42:05]: 9488
[18:42:05]: 9361
[18:42:05]: 9270
[18:42:06]: 8986
[18:42:06]: 8785
[18:42:06]: 8758
