 Close valve HP_IN
 Close valve HP_OUT
 Close valve L1_OUT
 Close valve L2_OUT
 Close valve L3_OUT
 Close valve L_HP
 Close valve LR1
 Close valve LR2
 Close valve LR3
 Close valve LR4
 Close valve LRW2
 Close valve LWASTE
 Close valve R1_4
 Close valve V21
 Close valve V24
 Close valve V4
 Close valve VH
 Close valve W1
 Close valve W2
 Close valve W3
 Open valve HP_IN
 Open valve W2
 Open valve R1_4
 Open valve V21
[17:28:56]: Forward liquid flow activated
[17:28:56]: Pump W2
 Open valve LRW2
 Open valve V24
 Open valve V4
 Open valve L2_OUT
 Close valve L2_OUT
 Close valve V4
 Close valve V24
 Close valve LRW2
[17:29:26]: Loop start
[17:29:26]: W2 OH-
 Open valve LRW2
 Open valve V24
[17:29:27]: 2011
[17:29:27]: 2135
[17:29:27]: 2181
[17:29:27]: 2235
[17:29:28]: 2248
[17:29:28]: 2230
[17:29:28]: 2089
[17:29:29]: 2064
[17:29:29]: 2107
[17:29:29]: 2154
[17:29:30]: 2193
[17:29:30]: 2233
[17:29:30]: 2254
[17:29:31]: 2276
[17:29:31]: 2291
[17:29:31]: 2302
[17:29:32]: 2322
[17:29:32]: 2331
[17:29:32]: 2332
[17:29:33]: 2337
[17:29:33]: 2349
[17:29:33]: 2351
[17:29:34]: 2352
[17:29:34]: 2358
[17:29:34]: 2363
[17:29:35]: 2364
[17:29:35]: 2365
[17:29:35]: 2365
[17:29:36]: 2365
[17:29:36]: 2364
[17:29:36]: 2372
[17:29:37]: 2368
[17:29:37]: 2370
[17:29:37]: 2372
[17:29:37]: 2372
[17:29:38]: 2376
[17:29:38]: 2375
[17:29:39]: 2374
[17:29:39]: 2375
[17:29:39]: 2373
[17:29:40]: 2373
[17:29:40]: 2372
[17:29:40]: 2375
[17:29:41]: 2371
[17:29:41]: 2372
[17:29:41]: 2373
[17:29:42]: 2373
[17:29:42]: 2372
[17:29:42]: 2372
[17:29:43]: 2378
[17:29:43]: 2371
[17:29:43]: 2374
[17:29:44]: 2374
[17:29:44]: 2373
[17:29:44]: 2370
[17:29:44]: 2371
[17:29:45]: 2366
[17:29:45]: 2372
[17:29:45]: 2367
[17:29:46]: 2365
 Close valve V24
 Close valve LRW2
[17:29:46]: CIRCLE H+
 Open valve LR1
[17:29:46]: 2326
[17:29:47]: 2486
[17:29:47]: 2668
[17:29:47]: 2772
[17:29:48]: 2875
[17:29:48]: 2958
[17:29:48]: 2984
[17:29:49]: 3006
[17:29:49]: 3030
[17:29:49]: 3051
[17:29:50]: 3068
[17:29:50]: 3082
[17:29:50]: 3104
[17:29:51]: 3128
[17:29:51]: 3156
[17:29:51]: 3173
[17:29:51]: 3195
[17:29:52]: 3217
[17:29:52]: 3237
[17:29:52]: 3257
[17:29:53]: 3277
[17:29:53]: 2765
[17:29:53]: 2669
[17:29:54]: 2644
[17:29:54]: 2630
[17:29:54]: 2619
[17:29:55]: 2612
[17:29:55]: 2607
[17:29:55]: 2624
[17:29:56]: 2618
[17:29:56]: 2608
[17:29:56]: 2611
[17:29:57]: 2608
[17:29:57]: 2610
[17:29:57]: 2599
[17:29:58]: 2614
[17:29:58]: 2608
[17:29:58]: 2612
[17:29:59]: 2866
[17:29:59]: 2554
[17:29:59]: 2569
[17:30:00]: 2560
[17:30:00]: 2548
[17:30:00]: 2555
[17:30:01]: 2602
[17:30:01]: 2570
[17:30:01]: 2596
[17:30:02]: 2595
[17:30:02]: 2591
[17:30:02]: 2603
[17:30:02]: 2624
[17:30:03]: 2666
[17:30:03]: 2617
[17:30:03]: 2571
[17:30:04]: 2671
[17:30:04]: 2633
[17:30:04]: 2645
[17:30:05]: 2656
[17:30:05]: 2654
[17:30:05]: 2646
 Close valve LR1
[17:30:05]: W2 OH-
 Open valve LRW2
 Open valve V24
[17:30:06]: 2604
[17:30:06]: 2571
[17:30:06]: 2508
[17:30:07]: 2495
[17:30:07]: 2463
[17:30:07]: 2453
[17:30:08]: 2311
[17:30:08]: 2313
[17:30:08]: 2318
[17:30:09]: 2324
[17:30:09]: 2334
[17:30:09]: 2346
[17:30:10]: 2367
[17:30:10]: 2370
[17:30:10]: 2332
[17:30:11]: 2319
[17:30:11]: 2319
[17:30:11]: 2318
[17:30:12]: 2317
[17:30:12]: 2315
[17:30:12]: 2314
[17:30:12]: 2318
[17:30:13]: 2317
[17:30:13]: 2316
[17:30:13]: 2315
[17:30:14]: 2314
[17:30:14]: 2313
[17:30:14]: 2312
[17:30:15]: 2310
[17:30:15]: 2310
[17:30:15]: 2311
[17:30:16]: 2311
[17:30:16]: 2311
[17:30:16]: 2311
[17:30:17]: 2312
[17:30:17]: 2312
[17:30:17]: 2304
[17:30:18]: 2308
[17:30:18]: 2307
[17:30:18]: 2306
[17:30:19]: 2304
[17:30:19]: 2303
[17:30:19]: 2306
[17:30:20]: 2305
[17:30:20]: 2304
[17:30:20]: 2302
[17:30:21]: 2301
[17:30:21]: 2303
[17:30:21]: 2298
[17:30:21]: 2298
[17:30:22]: 2301
[17:30:22]: 2301
[17:30:22]: 2299
[17:30:23]: 2297
[17:30:23]: 2297
[17:30:23]: 2300
[17:30:24]: 2299
[17:30:24]: 2298
[17:30:24]: 2298
[17:30:25]: 2301
 Close valve V24
 Close valve LRW2
[17:30:25]: CROSS H+
 Open valve LR2
[17:30:25]: 2231
[17:30:26]: 2410
[17:30:26]: 2523
[17:30:26]: 2630
[17:30:26]: 2639
[17:30:27]: 2660
[17:30:27]: 2667
[17:30:27]: 2640
[17:30:28]: 2718
[17:30:28]: 2730
[17:30:28]: 2741
[17:30:29]: 2754
[17:30:29]: 2764
[17:30:29]: 2778
[17:30:30]: 2805
[17:30:30]: 2817
[17:30:30]: 2830
[17:30:31]: 2845
[17:30:31]: 2865
[17:30:31]: 2884
[17:30:32]: 2901
[17:30:32]: 2919
[17:30:32]: 2403
[17:30:33]: 2310
[17:30:33]: 2280
[17:30:33]: 2289
[17:30:34]: 2264
[17:30:34]: 2261
[17:30:34]: 2295
[17:30:35]: 2387
[17:30:35]: 2388
[17:30:35]: 2370
[17:30:35]: 2355
[17:30:36]: 2349
[17:30:36]: 2345
[17:30:36]: 2677
[17:30:37]: 2522
[17:30:37]: 2498
[17:30:37]: 2515
[17:30:38]: 2444
[17:30:38]: 2480
[17:30:38]: 2408
[17:30:39]: 2565
[17:30:39]: 2557
[17:30:39]: 2581
[17:30:40]: 2601
[17:30:40]: 2594
[17:30:40]: 2606
[17:30:41]: 2593
[17:30:41]: 2591
[17:30:41]: 2599
[17:30:42]: 2619
[17:30:42]: 2630
[17:30:42]: 2554
[17:30:42]: 2604
[17:30:43]: 2617
[17:30:43]: 2608
[17:30:43]: 2593
[17:30:44]: 2626
[17:30:44]: 2602
 Close valve LR2
[17:30:44]: W2 OH-
 Open valve LRW2
 Open valve V24
[17:30:45]: 2482
[17:30:45]: 2454
[17:30:45]: 2397
[17:30:46]: 2409
[17:30:46]: 2410
[17:30:46]: 2406
[17:30:46]: 2397
[17:30:47]: 2406
[17:30:47]: 2389
[17:30:47]: 2390
[17:30:48]: 2363
[17:30:48]: 2379
[17:30:48]: 2352
[17:30:49]: 2343
[17:30:49]: 2333
[17:30:49]: 2340
[17:30:50]: 2321
[17:30:50]: 2310
[17:30:50]: 2307
[17:30:51]: 2305
[17:30:51]: 2306
[17:30:51]: 2297
[17:30:52]: 2305
[17:30:52]: 2303
[17:30:52]: 2301
[17:30:53]: 2301
[17:30:53]: 2304
[17:30:53]: 2299
[17:30:54]: 2297
[17:30:54]: 2301
[17:30:54]: 2298
[17:30:54]: 2298
[17:30:55]: 2299
[17:30:55]: 2303
[17:30:55]: 2309
[17:30:56]: 2306
[17:30:56]: 2327
[17:30:56]: 2339
[17:30:57]: 2384
[17:30:57]: 2387
[17:30:57]: 2385
[17:30:58]: 2383
[17:30:58]: 2394
[17:30:58]: 2372
[17:30:59]: 2369
[17:30:59]: 2369
[17:30:59]: 2374
[17:30:59]: 2372
[17:31:00]: 2375
[17:31:00]: 2371
[17:31:00]: 2369
[17:31:01]: 2370
[17:31:01]: 2369
[17:31:01]: 2378
[17:31:02]: 2372
[17:31:02]: 2374
[17:31:02]: 2376
[17:31:03]: 2375
[17:31:03]: 2378
[17:31:03]: 2371
 Close valve V24
 Close valve LRW2
[17:31:03]: SQUARE H+
 Open valve LR3
[17:31:04]: 2362
[17:31:04]: 2370
[17:31:04]: 2460
[17:31:05]: 2514
[17:31:05]: 2539
[17:31:05]: 2524
[17:31:06]: 2576
[17:31:06]: 2462
[17:31:06]: 2504
[17:31:07]: 2520
[17:31:07]: 2549
[17:31:07]: 2561
[17:31:08]: 2594
[17:31:08]: 2606
[17:31:08]: 2622
[17:31:09]: 2635
[17:31:09]: 2662
[17:31:09]: 2675
[17:31:10]: 2702
[17:31:10]: 2718
[17:31:10]: 2733
[17:31:11]: 2746
[17:31:11]: 2763
[17:31:11]: 2400
[17:31:12]: 2477
[17:31:12]: 2441
[17:31:12]: 2427
[17:31:13]: 2410
[17:31:13]: 2406
[17:31:13]: 2391
[17:31:13]: 2375
[17:31:14]: 2373
[17:31:14]: 2367
[17:31:14]: 2356
[17:31:15]: 2326
[17:31:15]: 2337
[17:31:15]: 2355
[17:31:16]: 2370
[17:31:16]: 2390
[17:31:16]: 2379
[17:31:17]: 2381
[17:31:17]: 2451
[17:31:17]: 2464
[17:31:18]: 2470
[17:31:18]: 2488
[17:31:18]: 2495
[17:31:19]: 2481
[17:31:19]: 2476
[17:31:19]: 2412
[17:31:20]: 2498
[17:31:20]: 2494
[17:31:20]: 2488
[17:31:21]: 2516
[17:31:21]: 2507
[17:31:21]: 2495
[17:31:22]: 2516
[17:31:22]: 2525
[17:31:22]: 2520
[17:31:22]: 2537
[17:31:23]: 2544
 Close valve LR3
[17:31:23]: W2 OH-
 Open valve LRW2
 Open valve V24
[17:31:23]: 2449
[17:31:24]: 2340
[17:31:24]: 2322
[17:31:24]: 2336
[17:31:25]: 2331
[17:31:25]: 2346
[17:31:25]: 2347
[17:31:25]: 2289
[17:31:26]: 2297
[17:31:26]: 2304
[17:31:26]: 2318
[17:31:27]: 2329
[17:31:27]: 2280
[17:31:27]: 2280
[17:31:28]: 2265
[17:31:28]: 2263
[17:31:28]: 2265
[17:31:29]: 2270
[17:31:29]: 2276
[17:31:29]: 2280
[17:31:30]: 2275
[17:31:30]: 2276
[17:31:30]: 2275
[17:31:31]: 2286
[17:31:31]: 2282
[17:31:31]: 2342
[17:31:32]: 2292
[17:31:32]: 2278
[17:31:32]: 2279
[17:31:33]: 2278
[17:31:33]: 2282
[17:31:33]: 2282
[17:31:34]: 2285
[17:31:34]: 2284
[17:31:34]: 2284
[17:31:35]: 2282
[17:31:35]: 2282
[17:31:35]: 2278
[17:31:36]: 2285
[17:31:36]: 2280
[17:31:36]: 2281
[17:31:37]: 2280
[17:31:37]: 2280
[17:31:37]: 2282
[17:31:38]: 2284
[17:31:38]: 2283
[17:31:38]: 2279
[17:31:38]: 2277
[17:31:39]: 2274
[17:31:39]: 2278
[17:31:39]: 2275
[17:31:40]: 2272
[17:31:40]: 2272
[17:31:40]: 2280
[17:31:41]: 2276
[17:31:41]: 2275
[17:31:41]: 2273
[17:31:42]: 2271
[17:31:42]: 2267
[17:31:42]: 2269
 Close valve V24
 Close valve LRW2
[17:31:42]: PLUS H+
 Open valve LR4
[17:31:43]: 2256
[17:31:43]: 2342
[17:31:43]: 2340
[17:31:44]: 2456
[17:31:44]: 2486
[17:31:44]: 2525
[17:31:45]: 2617
[17:31:45]: 2631
[17:31:45]: 2648
[17:31:46]: 2671
[17:31:46]: 2682
[17:31:46]: 2700
[17:31:47]: 2717
[17:31:47]: 2736
[17:31:47]: 2749
[17:31:48]: 2766
[17:31:48]: 2779
[17:31:48]: 2791
[17:31:49]: 2805
[17:31:49]: 2826
[17:31:49]: 2844
[17:31:50]: 2861
[17:31:50]: 2872
[17:31:50]: 2888
[17:31:50]: 2906
[17:31:51]: 2919
[17:31:51]: 2933
[17:31:51]: 2949
[17:31:52]: 2964
[17:31:52]: 2978
[17:31:52]: 2988
[17:31:53]: 3001
[17:31:53]: 3007
[17:31:53]: 3020
[17:31:54]: 3033
[17:31:54]: 3046
[17:31:54]: 2529
[17:31:55]: 2337
[17:31:55]: 2327
[17:31:55]: 2418
[17:31:56]: 2364
[17:31:56]: 2310
[17:31:56]: 2224
[17:31:57]: 2271
[17:31:57]: 2312
[17:31:57]: 2239
[17:31:58]: 2207
[17:31:58]: 2196
[17:31:58]: 2189
[17:31:59]: 2179
[17:31:59]: 2170
[17:31:59]: 2162
[17:31:59]: 2164
[17:32:00]: 2154
[17:32:00]: 2149
[17:32:00]: 2142
[17:32:01]: 2138
[17:32:01]: 2137
[17:32:01]: 2128
[17:32:02]: 2129
 Close valve LR4
[17:32:02]: W2 OH-
 Open valve LRW2
 Open valve V24
[17:32:02]: 2035
[17:32:02]: 2271
[17:32:03]: 2271
[17:32:03]: 2281
[17:32:03]: 2282
[17:32:04]: 2292
[17:32:04]: 2289
[17:32:04]: 2287
[17:32:05]: 2292
[17:32:05]: 2293
[17:32:05]: 2301
[17:32:06]: 2301
[17:32:06]: 2298
[17:32:06]: 2295
[17:32:07]: 2298
[17:32:07]: 2300
[17:32:07]: 2304
[17:32:08]: 2301
[17:32:08]: 2305
[17:32:08]: 2308
[17:32:09]: 2309
[17:32:09]: 2312
[17:32:09]: 2314
[17:32:10]: 2314
[17:32:10]: 2312
[17:32:10]: 2312
[17:32:11]: 2315
[17:32:11]: 2316
[17:32:11]: 2315
[17:32:11]: 2314
[17:32:12]: 2312
[17:32:12]: 2317
[17:32:12]: 2322
[17:32:13]: 2320
[17:32:13]: 2322
[17:32:13]: 2325
[17:32:14]: 2328
[17:32:14]: 2328
[17:32:14]: 2321
[17:32:15]: 2326
[17:32:15]: 2325
[17:32:15]: 2326
[17:32:16]: 2325
[17:32:16]: 2331
[17:32:16]: 2323
[17:32:17]: 2332
[17:32:17]: 2329
[17:32:17]: 2329
[17:32:18]: 2331
[17:32:18]: 2328
[17:32:18]: 2332
[17:32:18]: 2335
[17:32:19]: 2335
[17:32:19]: 2334
[17:32:19]: 2329
[17:32:20]: 2334
[17:32:20]: 2335
[17:32:20]: 2337
[17:32:21]: 2331
[17:32:21]: 2333
 Close valve V24
 Close valve LRW2
[17:32:21]: CIRCLE H+
 Open valve LR1
[17:32:22]: 2254
[17:32:22]: 2217
[17:32:22]: 2198
[17:32:23]: 2197
[17:32:23]: 2191
[17:32:23]: 2186
[17:32:23]: 2183
[17:32:24]: 2183
[17:32:24]: 2177
[17:32:24]: 2177
[17:32:25]: 2171
[17:32:25]: 2168
[17:32:25]: 2168
[17:32:26]: 2167
[17:32:26]: 2166
[17:32:26]: 2165
[17:32:27]: 2161
[17:32:27]: 2159
[17:32:27]: 2163
[17:32:28]: 2160
[17:32:28]: 2159
[17:32:28]: 2157
[17:32:29]: 2160
[17:32:29]: 2154
[17:32:29]: 2155
[17:32:30]: 2156
[17:32:30]: 2154
[17:32:30]: 2152
[17:32:31]: 2157
[17:32:31]: 2155
[17:32:31]: 2153
[17:32:32]: 2156
[17:32:32]: 2157
[17:32:32]: 2148
[17:32:33]: 2148
[17:32:33]: 2150
[17:32:33]: 2151
[17:32:34]: 2151
[17:32:34]: 2154
[17:32:34]: 2153
[17:32:35]: 2146
[17:32:35]: 2150
[17:32:35]: 2149
[17:32:36]: 2149
[17:32:36]: 2145
[17:32:36]: 2144
[17:32:37]: 2151
[17:32:37]: 2147
[17:32:37]: 2147
[17:32:38]: 2149
[17:32:38]: 2151
[17:32:38]: 2150
[17:32:39]: 2152
[17:32:39]: 2149
[17:32:39]: 2147
[17:32:40]: 2145
[17:32:40]: 2144
[17:32:40]: 2144
[17:32:40]: 2150
[17:32:41]: 2148
 Close valve LR1
[17:32:41]: W2 OH-
 Open valve LRW2
 Open valve V24
[17:32:41]: 2140
[17:32:42]: 2257
[17:32:42]: 2273
[17:32:42]: 2282
[17:32:43]: 2283
[17:32:43]: 2268
[17:32:43]: 2262
[17:32:44]: 2260
[17:32:44]: 2270
[17:32:44]: 2278
[17:32:45]: 2279
[17:32:45]: 2286
[17:32:45]: 2289
[17:32:45]: 2288
[17:32:46]: 2286
[17:32:46]: 2286
[17:32:46]: 2290
[17:32:47]: 2295
[17:32:47]: 2288
[17:32:47]: 2289
[17:32:48]: 2292
[17:32:48]: 2296
[17:32:48]: 2295
[17:32:49]: 2298
[17:32:49]: 2295
[17:32:49]: 2303
[17:32:50]: 2297
[17:32:50]: 2301
[17:32:50]: 2302
[17:32:51]: 2304
[17:32:51]: 2302
[17:32:51]: 2300
[17:32:52]: 2310
[17:32:52]: 2311
[17:32:52]: 2304
[17:32:53]: 2311
[17:32:53]: 2310
[17:32:53]: 2310
[17:32:53]: 2310
[17:32:54]: 2306
[17:32:54]: 2307
[17:32:54]: 2310
[17:32:55]: 2313
[17:32:55]: 2314
[17:32:55]: 2313
[17:32:56]: 2317
[17:32:56]: 2319
[17:32:56]: 2311
[17:32:57]: 2317
[17:32:57]: 2318
[17:32:57]: 2316
[17:32:58]: 2319
[17:32:58]: 2314
[17:32:58]: 2314
[17:32:59]: 2318
[17:32:59]: 2321
[17:32:59]: 2321
[17:33:00]: 2324
[17:33:00]: 2325
[17:33:00]: 2316
 Close valve V24
 Close valve LRW2
[17:33:00]: CROSS H+
 Open valve LR2
[17:33:01]: 2279
[17:33:01]: 2245
[17:33:01]: 2223
[17:33:02]: 2218
[17:33:02]: 2216
[17:33:02]: 2211
[17:33:03]: 2211
[17:33:03]: 2209
[17:33:03]: 2200
[17:33:04]: 2204
[17:33:04]: 2202
[17:33:04]: 2200
[17:33:05]: 2198
[17:33:05]: 2195
[17:33:05]: 2193
[17:33:06]: 2192
[17:33:06]: 2195
[17:33:06]: 2191
[17:33:07]: 2191
[17:33:07]: 2194
[17:33:07]: 2189
[17:33:07]: 2187
[17:33:08]: 2188
[17:33:08]: 2192
[17:33:08]: 2190
[17:33:09]: 2188
[17:33:09]: 2186
[17:33:09]: 2184
[17:33:10]: 2182
[17:33:10]: 2189
[17:33:10]: 2189
[17:33:11]: 2187
[17:33:11]: 2184
[17:33:11]: 2182
[17:33:12]: 2191
[17:33:12]: 2191
[17:33:12]: 2183
[17:33:13]: 2190
[17:33:13]: 2186
[17:33:13]: 2184
[17:33:14]: 2184
[17:33:14]: 2188
[17:33:14]: 2187
[17:33:15]: 2187
[17:33:15]: 2181
[17:33:15]: 2186
[17:33:16]: 2185
[17:33:16]: 2184
[17:33:16]: 2186
[17:33:16]: 2185
[17:33:17]: 2188
[17:33:17]: 2188
[17:33:17]: 2183
[17:33:18]: 2187
[17:33:18]: 2185
[17:33:18]: 2184
[17:33:19]: 2182
[17:33:19]: 2184
[17:33:19]: 2184
[17:33:20]: 2189
 Close valve LR2
[17:33:20]: W2 OH-
 Open valve LRW2
 Open valve V24
[17:33:20]: 2175
[17:33:20]: 2294
[17:33:21]: 2286
[17:33:21]: 2283
[17:33:21]: 2285
[17:33:22]: 2262
[17:33:22]: 2262
[17:33:22]: 2270
[17:33:23]: 2272
[17:33:23]: 2279
[17:33:23]: 2282
[17:33:24]: 2281
[17:33:24]: 2285
[17:33:24]: 2282
[17:33:25]: 2285
[17:33:25]: 2287
[17:33:25]: 2288
[17:33:26]: 2288
[17:33:26]: 2285
[17:33:26]: 2290
[17:33:27]: 2290
[17:33:27]: 2291
[17:33:27]: 2287
[17:33:28]: 2289
[17:33:28]: 2290
[17:33:28]: 2290
[17:33:28]: 2289
[17:33:29]: 2293
[17:33:29]: 2294
[17:33:29]: 2292
[17:33:30]: 2291
[17:33:30]: 2291
[17:33:30]: 2291
[17:33:31]: 2294
[17:33:31]: 2295
[17:33:31]: 2289
[17:33:32]: 2295
[17:33:32]: 2292
[17:33:32]: 2293
[17:33:33]: 2293
[17:33:33]: 2291
[17:33:33]: 2291
[17:33:34]: 2296
[17:33:34]: 2297
[17:33:34]: 2295
[17:33:35]: 2293
[17:33:35]: 2293
[17:33:35]: 2293
[17:33:35]: 2294
[17:33:36]: 2291
[17:33:36]: 2292
[17:33:36]: 2299
[17:33:37]: 2298
[17:33:37]: 2297
[17:33:37]: 2296
[17:33:38]: 2298
[17:33:38]: 2300
[17:33:38]: 2293
[17:33:39]: 2299
[17:33:39]: 2297
 Close valve V24
 Close valve LRW2
[17:33:39]: SQUARE H+
 Open valve LR3
[17:33:40]: 2239
[17:33:40]: 2211
[17:33:40]: 2218
[17:33:40]: 2219
[17:33:41]: 2213
[17:33:41]: 2210
[17:33:41]: 2209
[17:33:42]: 2210
[17:33:42]: 2210
[17:33:42]: 2209
[17:33:43]: 2206
[17:33:43]: 2205
[17:33:43]: 2204
[17:33:44]: 2205
[17:33:44]: 2206
[17:33:44]: 2205
[17:33:45]: 2205
[17:33:45]: 2205
[17:33:45]: 2202
[17:33:46]: 2207
[17:33:46]: 2208
[17:33:46]: 2205
[17:33:47]: 2203
[17:33:47]: 2204
[17:33:47]: 2202
[17:33:48]: 2200
[17:33:48]: 2198
[17:33:48]: 2201
[17:33:48]: 2199
[17:33:49]: 2202
[17:33:49]: 2201
[17:33:49]: 2202
[17:33:50]: 2198
[17:33:50]: 2198
[17:33:50]: 2200
[17:33:51]: 2197
[17:33:51]: 2201
[17:33:51]: 2200
[17:33:52]: 2198
[17:33:52]: 2197
[17:33:52]: 2196
[17:33:53]: 2202
[17:33:53]: 2198
[17:33:53]: 2196
[17:33:54]: 2200
[17:33:54]: 2199
[17:33:54]: 2196
[17:33:55]: 2199
[17:33:55]: 2200
[17:33:55]: 2197
[17:33:56]: 2199
[17:33:56]: 2199
[17:33:56]: 2196
[17:33:57]: 2200
[17:33:57]: 2199
[17:33:57]: 2197
[17:33:58]: 2198
[17:33:58]: 2201
[17:33:58]: 2199
[17:33:59]: 2195
 Close valve LR3
[17:33:59]: W2 OH-
 Open valve LRW2
 Open valve V24
[17:33:59]: 2208
[17:33:59]: 2244
[17:34:00]: 2270
[17:34:00]: 2278
[17:34:00]: 2285
[17:34:01]: 2258
[17:34:01]: 2249
[17:34:01]: 2255
[17:34:02]: 2263
[17:34:02]: 2261
[17:34:02]: 2270
[17:34:02]: 2269
[17:34:03]: 2267
[17:34:03]: 2268
[17:34:03]: 2269
[17:34:04]: 2265
[17:34:04]: 2266
[17:34:04]: 2271
[17:34:05]: 2268
[17:34:05]: 2269
[17:34:05]: 2271
[17:34:06]: 2267
[17:34:06]: 2267
[17:34:06]: 2268
[17:34:07]: 2267
[17:34:07]: 2268
[17:34:07]: 2268
[17:34:08]: 2266
[17:34:08]: 2267
[17:34:08]: 2267
[17:34:09]: 2266
[17:34:09]: 2269
[17:34:09]: 2269
[17:34:10]: 2272
[17:34:10]: 2273
[17:34:10]: 2272
[17:34:11]: 2266
[17:34:11]: 2269
[17:34:11]: 2270
[17:34:12]: 2272
[17:34:12]: 2272
[17:34:12]: 2272
[17:34:13]: 2266
[17:34:13]: 2268
[17:34:13]: 2267
[17:34:14]: 2270
[17:34:14]: 2271
[17:34:14]: 2271
[17:34:15]: 2271
[17:34:15]: 2268
[17:34:15]: 2269
[17:34:16]: 2267
[17:34:16]: 2270
[17:34:16]: 2271
[17:34:16]: 2269
[17:34:17]: 2267
[17:34:17]: 2268
[17:34:17]: 2269
[17:34:18]: 2263
[17:34:18]: 2262
 Close valve V24
 Close valve LRW2
[17:34:18]: PLUS H+
 Open valve LR4
[17:34:19]: 2178
[17:34:19]: 2090
[17:34:19]: 2115
[17:34:20]: 2137
[17:34:20]: 2148
[17:34:20]: 2147
[17:34:21]: 2156
[17:34:21]: 2153
[17:34:21]: 2153
[17:34:22]: 2154
[17:34:22]: 2156
[17:34:22]: 2147
[17:34:23]: 2156
[17:34:23]: 2150
[17:34:23]: 2153
[17:34:24]: 2154
[17:34:24]: 2151
[17:34:24]: 2153
[17:34:24]: 2150
[17:34:25]: 2148
[17:34:25]: 2149
[17:34:25]: 2149
[17:34:26]: 2154
[17:34:26]: 2153
[17:34:26]: 2153
[17:34:27]: 2154
[17:34:27]: 2157
[17:34:27]: 2150
[17:34:28]: 2156
[17:34:28]: 2155
[17:34:28]: 2154
[17:34:29]: 2156
[17:34:29]: 2154
[17:34:29]: 2156
[17:34:30]: 2159
[17:34:30]: 2161
[17:34:30]: 2159
[17:34:30]: 2154
[17:34:31]: 2156
[17:34:31]: 2159
[17:34:31]: 2158
[17:34:32]: 2160
[17:34:32]: 2157
[17:34:32]: 2157
[17:34:33]: 2156
[17:34:33]: 2162
[17:34:33]: 2160
[17:34:34]: 2159
[17:34:34]: 2159
[17:34:34]: 2164
[17:34:35]: 2158
[17:34:35]: 2166
[17:34:35]: 2164
[17:34:36]: 2162
[17:34:36]: 2163
[17:34:36]: 2165
[17:34:37]: 2166
[17:34:37]: 2161
[17:34:37]: 2169
[17:34:38]: 2168
 Close valve LR4
[17:34:38]: W2 OH-
 Open valve LRW2
 Open valve V24
[17:34:38]: 2159
[17:34:38]: 2201
[17:34:39]: 2220
[17:34:39]: 2235
[17:34:39]: 2242
[17:34:40]: 2235
[17:34:40]: 2239
[17:34:40]: 2247
[17:34:41]: 2257
[17:34:41]: 2260
[17:34:41]: 2266
[17:34:42]: 2269
[17:34:42]: 2268
[17:34:42]: 2268
[17:34:43]: 2264
[17:34:43]: 2263
[17:34:43]: 2264
[17:34:43]: 2267
[17:34:44]: 2272
[17:34:44]: 2271
[17:34:44]: 2271
[17:34:45]: 2270
[17:34:45]: 2270
[17:34:45]: 2266
[17:34:46]: 2270
[17:34:46]: 2269
[17:34:46]: 2267
[17:34:47]: 2269
[17:34:47]: 2269
[17:34:47]: 2269
[17:34:48]: 2264
[17:34:48]: 2264
[17:34:48]: 2266
[17:34:49]: 2264
[17:34:49]: 2266
[17:34:49]: 2263
[17:34:50]: 2268
[17:34:50]: 2269
[17:34:50]: 2268
[17:34:51]: 2265
[17:34:51]: 2264
[17:34:51]: 2268
[17:34:52]: 2269
[17:34:52]: 2268
[17:34:52]: 2268
[17:34:53]: 2264
[17:34:53]: 2264
[17:34:53]: 2263
[17:34:54]: 2262
[17:34:54]: 2262
[17:34:54]: 2264
[17:34:54]: 2268
[17:34:55]: 2264
[17:34:55]: 2264
[17:34:55]: 2267
[17:34:56]: 2261
[17:34:56]: 2267
[17:34:56]: 2266
[17:34:57]: 2266
[17:34:57]: 2265
 Close valve V24
 Close valve LRW2
[17:34:57]: CIRCLE H+
 Open valve LR1
[17:34:58]: 2206
[17:34:58]: 2192
[17:34:58]: 2195
[17:34:59]: 2194
[17:34:59]: 2191
[17:34:59]: 2185
[17:34:59]: 2188
[17:35:00]: 2188
[17:35:00]: 2185
[17:35:00]: 2180
[17:35:01]: 2181
[17:35:01]: 2179
[17:35:01]: 2180
[17:35:02]: 2181
[17:35:02]: 2181
[17:35:02]: 2179
[17:35:03]: 2176
[17:35:03]: 2176
[17:35:03]: 2175
[17:35:04]: 2178
[17:35:04]: 2179
[17:35:04]: 2171
[17:35:05]: 2172
[17:35:05]: 2171
[17:35:05]: 2174
[17:35:06]: 2175
[17:35:06]: 2173
[17:35:06]: 2174
[17:35:06]: 2170
[17:35:07]: 2169
[17:35:07]: 2177
[17:35:07]: 2169
[17:35:08]: 2169
[17:35:08]: 2172
[17:35:08]: 2173
[17:35:09]: 2172
[17:35:09]: 2173
[17:35:09]: 2173
[17:35:10]: 2176
[17:35:10]: 2169
[17:35:10]: 2169
[17:35:11]: 2175
[17:35:11]: 2172
[17:35:11]: 2172
[17:35:11]: 2172
[17:35:12]: 2170
[17:35:12]: 2170
[17:35:12]: 2176
[17:35:13]: 2174
[17:35:13]: 2174
[17:35:13]: 2174
[17:35:14]: 2173
[17:35:14]: 2174
[17:35:14]: 2175
[17:35:15]: 2170
[17:35:15]: 2170
[17:35:15]: 2175
[17:35:16]: 2173
[17:35:16]: 2173
[17:35:16]: 2179
 Close valve LR1
[17:35:16]: W2 OH-
 Open valve LRW2
 Open valve V24
[17:35:17]: 2165
[17:35:17]: 2216
[17:35:18]: 2233
[17:35:18]: 2250
[17:35:18]: 2252
[17:35:18]: 2244
[17:35:19]: 2238
[17:35:19]: 2243
[17:35:19]: 2245
[17:35:20]: 2250
[17:35:20]: 2252
[17:35:20]: 2256
[17:35:21]: 2255
[17:35:21]: 2259
[17:35:21]: 2257
[17:35:22]: 2257
[17:35:22]: 2257
[17:35:22]: 2258
[17:35:23]: 2262
[17:35:23]: 2257
[17:35:23]: 2259
[17:35:24]: 2262
[17:35:24]: 2263
[17:35:24]: 2263
[17:35:24]: 2258
[17:35:25]: 2260
[17:35:25]: 2260
[17:35:25]: 2262
[17:35:26]: 2260
[17:35:26]: 2263
[17:35:26]: 2265
[17:35:27]: 2265
[17:35:27]: 2261
[17:35:27]: 2263
[17:35:28]: 2263
[17:35:28]: 2263
[17:35:28]: 2262
[17:35:29]: 2263
[17:35:29]: 2267
[17:35:29]: 2262
[17:35:30]: 2266
[17:35:30]: 2265
[17:35:30]: 2266
[17:35:31]: 2263
[17:35:31]: 2268
[17:35:31]: 2268
[17:35:32]: 2269
[17:35:32]: 2268
[17:35:32]: 2268
[17:35:32]: 2267
[17:35:33]: 2269
[17:35:33]: 2270
[17:35:33]: 2267
[17:35:34]: 2272
[17:35:34]: 2271
[17:35:34]: 2269
[17:35:35]: 2269
[17:35:35]: 2269
[17:35:35]: 2268
[17:35:36]: 2268
 Close valve V24
 Close valve LRW2
[17:35:36]: CROSS H+
 Open valve LR2
[17:35:36]: 2224
[17:35:36]: 2201
[17:35:37]: 2213
[17:35:37]: 2211
[17:35:37]: 2202
[17:35:38]: 2200
[17:35:38]: 2198
[17:35:38]: 2197
[17:35:39]: 2197
[17:35:39]: 2196
[17:35:39]: 2199
[17:35:40]: 2196
[17:35:40]: 2195
[17:35:40]: 2192
[17:35:41]: 2191
[17:35:41]: 2189
[17:35:41]: 2194
[17:35:42]: 2194
[17:35:42]: 2191
[17:35:42]: 2190
[17:35:42]: 2190
[17:35:43]: 2191
[17:35:43]: 2192
[17:35:43]: 2190
[17:35:44]: 2194
[17:35:44]: 2194
[17:35:44]: 2191
[17:35:45]: 2190
[17:35:45]: 2189
[17:35:45]: 2189
[17:35:46]: 2191
[17:35:46]: 2191
[17:35:46]: 2192
[17:35:47]: 2186
[17:35:47]: 2187
[17:35:47]: 2187
[17:35:48]: 2188
[17:35:48]: 2190
[17:35:48]: 2191
[17:35:48]: 2189
[17:35:49]: 2187
[17:35:49]: 2193
[17:35:49]: 2187
[17:35:50]: 2190
[17:35:50]: 2190
[17:35:50]: 2190
[17:35:51]: 2187
[17:35:51]: 2191
[17:35:51]: 2193
[17:35:52]: 2187
[17:35:52]: 2188
[17:35:52]: 2193
[17:35:53]: 2194
[17:35:53]: 2191
[17:35:53]: 2192
[17:35:53]: 2190
[17:35:54]: 2187
[17:35:54]: 2192
[17:35:54]: 2187
[17:35:55]: 2194
 Close valve LR2
[17:35:55]: W2 OH-
 Open valve LRW2
 Open valve V24
[17:35:55]: 2211
[17:35:56]: 2240
[17:35:56]: 2291
[17:35:56]: 2296
[17:35:57]: 2317
[17:35:57]: 2312
[17:35:57]: 2300
[17:35:57]: 2305
[17:35:58]: 2306
[17:35:58]: 2300
[17:35:58]: 2306
[17:35:59]: 2299
[17:35:59]: 2302
[17:35:59]: 2300
[17:36:00]: 2300
[17:36:00]: 2296
[17:36:00]: 2302
[17:36:01]: 2300
[17:36:01]: 2299
[17:36:01]: 2295
[17:36:02]: 2295
[17:36:02]: 2296
[17:36:02]: 2296
[17:36:03]: 2295
[17:36:03]: 2299
[17:36:03]: 2298
[17:36:03]: 2292
[17:36:04]: 2295
[17:36:04]: 2293
[17:36:05]: 2294
[17:36:05]: 2294
[17:36:05]: 2294
[17:36:05]: 2293
[17:36:06]: 2294
[17:36:06]: 2293
[17:36:06]: 2291
[17:36:07]: 2291
[17:36:07]: 2293
[17:36:07]: 2293
[17:36:08]: 2293
[17:36:08]: 2294
[17:36:08]: 2291
[17:36:09]: 2292
[17:36:09]: 2296
[17:36:09]: 2292
[17:36:10]: 2294
[17:36:10]: 2295
[17:36:10]: 2287
[17:36:11]: 2295
[17:36:11]: 2291
[17:36:11]: 2292
[17:36:12]: 2292
[17:36:12]: 2295
[17:36:12]: 2296
[17:36:13]: 2290
[17:36:13]: 2292
[17:36:13]: 2290
[17:36:14]: 2291
[17:36:14]: 2293
[17:36:14]: 2295
 Close valve V24
 Close valve LRW2
[17:36:14]: SQUARE H+
 Open valve LR3
[17:36:15]: 2244
[17:36:15]: 2142
[17:36:15]: 2151
[17:36:16]: 2143
[17:36:16]: 2150
[17:36:16]: 2145
[17:36:17]: 2144
[17:36:17]: 2144
[17:36:17]: 2148
[17:36:18]: 2142
[17:36:18]: 2140
[17:36:18]: 2141
[17:36:19]: 2141
[17:36:19]: 2148
[17:36:19]: 2147
[17:36:19]: 2145
[17:36:20]: 2148
[17:36:20]: 2142
[17:36:20]: 2141
[17:36:21]: 2141
[17:36:21]: 2145
[17:36:21]: 2146
[17:36:22]: 2144
[17:36:22]: 2147
[17:36:22]: 2144
[17:36:23]: 2142
[17:36:23]: 2149
[17:36:23]: 2143
[17:36:24]: 2147
[17:36:24]: 2146
[17:36:24]: 2146
[17:36:25]: 2146
[17:36:25]: 2152
[17:36:25]: 2149
[17:36:26]: 2147
[17:36:26]: 2147
[17:36:26]: 2148
[17:36:27]: 2149
[17:36:27]: 2152
[17:36:27]: 2143
[17:36:27]: 2145
[17:36:28]: 2149
[17:36:28]: 2149
[17:36:28]: 2147
[17:36:29]: 2144
[17:36:29]: 2152
[17:36:29]: 2143
[17:36:30]: 2148
[17:36:30]: 2147
[17:36:30]: 2148
[17:36:31]: 2146
[17:36:31]: 2150
[17:36:31]: 2152
[17:36:32]: 2150
[17:36:32]: 2143
[17:36:32]: 2148
[17:36:33]: 2147
[17:36:33]: 2146
[17:36:33]: 2149
[17:36:33]: 2145
 Close valve LR3
[17:36:34]: W2 OH-
 Open valve LRW2
 Open valve V24
[17:36:34]: 2179
[17:36:34]: 2252
[17:36:35]: 2273
[17:36:35]: 2291
[17:36:35]: 2287
[17:36:36]: 2283
[17:36:36]: 2268
[17:36:36]: 2272
[17:36:37]: 2275
[17:36:37]: 2280
[17:36:37]: 2280
[17:36:37]: 2288
[17:36:38]: 2289
[17:36:38]: 2286
[17:36:38]: 2283
[17:36:39]: 2286
[17:36:39]: 2286
[17:36:39]: 2284
[17:36:40]: 2288
[17:36:40]: 2288
[17:36:40]: 2282
[17:36:41]: 2283
[17:36:41]: 2283
[17:36:41]: 2286
[17:36:42]: 2287
[17:36:42]: 2287
[17:36:42]: 2285
[17:36:43]: 2280
[17:36:43]: 2282
[17:36:43]: 2283
[17:36:44]: 2283
[17:36:44]: 2280
[17:36:44]: 2286
[17:36:44]: 2280
[17:36:45]: 2284
[17:36:45]: 2281
[17:36:45]: 2282
[17:36:46]: 2281
[17:36:46]: 2282
[17:36:46]: 2284
[17:36:47]: 2285
[17:36:47]: 2285
[17:36:47]: 2278
[17:36:48]: 2280
[17:36:48]: 2280
[17:36:48]: 2281
[17:36:49]: 2281
[17:36:49]: 2283
[17:36:49]: 2278
[17:36:49]: 2277
[17:36:50]: 2277
[17:36:50]: 2282
[17:36:50]: 2278
[17:36:51]: 2280
[17:36:51]: 2279
[17:36:51]: 2282
[17:36:52]: 2277
[17:36:52]: 2278
[17:36:52]: 2282
[17:36:53]: 2281
 Close valve V24
 Close valve LRW2
[17:36:53]: PLUS H+
 Open valve LR4
[17:36:53]: 2195
[17:36:54]: 2056
[17:36:54]: 2041
[17:36:54]: 2040
[17:36:55]: 2040
[17:36:55]: 2040
[17:36:55]: 2037
[17:36:56]: 2036
[17:36:56]: 2034
[17:36:56]: 2033
[17:36:57]: 2039
[17:36:57]: 2035
[17:36:57]: 2036
[17:36:58]: 2035
[17:36:58]: 2034
[17:36:58]: 2041
[17:36:59]: 2034
[17:36:59]: 2039
[17:36:59]: 2037
[17:37:00]: 2036
[17:37:00]: 2040
[17:37:00]: 2041
[17:37:01]: 2034
[17:37:01]: 2038
[17:37:01]: 2036
[17:37:01]: 2037
[17:37:02]: 2038
[17:37:02]: 2036
[17:37:02]: 2041
[17:37:03]: 2035
[17:37:03]: 2036
[17:37:03]: 2041
[17:37:04]: 2043
[17:37:04]: 2036
[17:37:04]: 2044
[17:37:05]: 2045
[17:37:05]: 2043
[17:37:05]: 2038
[17:37:06]: 2041
[17:37:06]: 2042
[17:37:06]: 2040
[17:37:07]: 2041
[17:37:07]: 2037
[17:37:07]: 2037
[17:37:08]: 2038
[17:37:08]: 2040
[17:37:08]: 2041
[17:37:09]: 2042
[17:37:09]: 2040
[17:37:09]: 2040
[17:37:09]: 2043
[17:37:10]: 2038
[17:37:10]: 2039
[17:37:10]: 2045
[17:37:11]: 2044
[17:37:11]: 2042
[17:37:11]: 2044
[17:37:12]: 2043
[17:37:12]: 2045
[17:37:12]: 2044
 Close valve LR4
[17:37:12]: W2 OH-
 Open valve LRW2
 Open valve V24
[17:37:13]: 2111
[17:37:13]: 2224
[17:37:13]: 2230
[17:37:14]: 2249
[17:37:14]: 2260
[17:37:14]: 2264
[17:37:15]: 2256
[17:37:15]: 2261
[17:37:15]: 2270
[17:37:16]: 2273
[17:37:16]: 2276
[17:37:16]: 2275
[17:37:17]: 2279
[17:37:17]: 2285
[17:37:17]: 2280
[17:37:17]: 2281
[17:37:18]: 2282
[17:37:18]: 2282
[17:37:18]: 2281
[17:37:19]: 2285
[17:37:19]: 2278
[17:37:19]: 2280
[17:37:20]: 2285
[17:37:20]: 2285
[17:37:20]: 2282
[17:37:21]: 2286
[17:37:21]: 2285
[17:37:21]: 2283
[17:37:22]: 2281
[17:37:22]: 2280
[17:37:23]: 2281
[17:37:23]: 2278
[17:37:23]: 2279
[17:37:24]: 2280
[17:37:24]: 2276
[17:37:24]: 2276
[17:37:25]: 2276
[17:37:25]: 2277
[17:37:25]: 2280
[17:37:25]: 2278
[17:37:26]: 2279
[17:37:26]: 2278
[17:37:26]: 2278
[17:37:27]: 2277
[17:37:27]: 2280
[17:37:27]: 2273
[17:37:28]: 2274
[17:37:28]: 2275
[17:37:28]: 2275
[17:37:29]: 2276
[17:37:29]: 2277
[17:37:29]: 2273
[17:37:30]: 2273
[17:37:30]: 2278
[17:37:30]: 2271
[17:37:30]: 2278
[17:37:31]: 2274
[17:37:31]: 2275
[17:37:31]: 2274
[17:37:32]: 2274
 Close valve V24
 Close valve LRW2
[17:37:32]: CIRCLE H+
 Open valve LR1
[17:37:32]: 2251
[17:37:33]: 2157
[17:37:33]: 2160
[17:37:33]: 2159
[17:37:33]: 2148
[17:37:34]: 2147
[17:37:34]: 2152
[17:37:34]: 2149
[17:37:35]: 2149
[17:37:35]: 2147
[17:37:35]: 2146
[17:37:36]: 2143
[17:37:36]: 2142
[17:37:36]: 2151
[17:37:37]: 2142
[17:37:37]: 2147
[17:37:37]: 2144
[17:37:38]: 2146
[17:37:38]: 2145
[17:37:38]: 2143
[17:37:39]: 2145
[17:37:39]: 2141
[17:37:39]: 2149
[17:37:39]: 2141
[17:37:40]: 2145
[17:37:40]: 2145
[17:37:40]: 2145
[17:37:41]: 2146
[17:37:41]: 2143
[17:37:41]: 2141
[17:37:42]: 2141
[17:37:42]: 2142
[17:37:42]: 2147
[17:37:43]: 2146
[17:37:43]: 2144
[17:37:43]: 2145
[17:37:44]: 2145
[17:37:44]: 2149
[17:37:44]: 2138
[17:37:45]: 2138
[17:37:45]: 2142
[17:37:45]: 2144
[17:37:45]: 2142
[17:37:46]: 2143
[17:37:46]: 2144
[17:37:46]: 2143
[17:37:47]: 2140
[17:37:47]: 2149
[17:37:47]: 2140
[17:37:48]: 2141
[17:37:48]: 2144
[17:37:48]: 2141
[17:37:49]: 2142
[17:37:49]: 2146
[17:37:49]: 2143
[17:37:50]: 2138
[17:37:50]: 2139
[17:37:50]: 2152
[17:37:51]: 2141
[17:37:51]: 2143
 Close valve LR1
[17:37:51]: W2 OH-
 Open valve LRW2
 Open valve V24
[17:37:51]: 2149
[17:37:52]: 2229
[17:37:52]: 2252
[17:37:52]: 2263
[17:37:53]: 2266
[17:37:53]: 2252
[17:37:53]: 2246
[17:37:54]: 2257
[17:37:54]: 2257
[17:37:54]: 2267
[17:37:55]: 2270
[17:37:55]: 2266
[17:37:55]: 2268
[17:37:55]: 2268
[17:37:56]: 2269
[17:37:56]: 2271
[17:37:56]: 2268
[17:37:57]: 2273
[17:37:57]: 2272
[17:37:57]: 2268
[17:37:58]: 2270
[17:37:58]: 2271
[17:37:58]: 2269
[17:37:59]: 2270
[17:37:59]: 2265
[17:37:59]: 2274
[17:38:00]: 2272
[17:38:00]: 2269
[17:38:00]: 2268
[17:38:01]: 2269
[17:38:01]: 2265
[17:38:01]: 2272
[17:38:01]: 2264
[17:38:02]: 2266
[17:38:02]: 2267
[17:38:02]: 2269
[17:38:03]: 2269
[17:38:03]: 2267
[17:38:03]: 2268
[17:38:04]: 2271
[17:38:04]: 2263
[17:38:04]: 2271
[17:38:05]: 2263
[17:38:05]: 2270
[17:38:05]: 2267
[17:38:06]: 2266
[17:38:06]: 2268
[17:38:06]: 2268
[17:38:06]: 2268
[17:38:07]: 2271
[17:38:07]: 2263
[17:38:07]: 2272
[17:38:08]: 2268
[17:38:08]: 2267
[17:38:08]: 2268
[17:38:09]: 2266
[17:38:09]: 2264
[17:38:09]: 2270
[17:38:10]: 2271
[17:38:10]: 2270
 Close valve V24
 Close valve LRW2
[17:38:10]: CROSS H+
 Open valve LR2
[17:38:10]: 2222
[17:38:11]: 2112
[17:38:11]: 2112
[17:38:11]: 2108
[17:38:12]: 2103
[17:38:12]: 2103
[17:38:12]: 2101
[17:38:13]: 2102
[17:38:13]: 2097
[17:38:13]: 2105
[17:38:14]: 2097
[17:38:14]: 2096
[17:38:14]: 2098
[17:38:14]: 2090
[17:38:15]: 2097
[17:38:15]: 2095
[17:38:15]: 2071
[17:38:16]: 2104
[17:38:16]: 2093
[17:38:16]: 2109
[17:38:17]: 2107
[17:38:17]: 2105
[17:38:17]: 2102
[17:38:18]: 4113
[17:38:18]: 2331
[17:38:18]: 2497
[17:38:19]: 2582
[17:38:19]: 2686
[17:38:19]: 2845
[17:38:20]: 2932
[17:38:20]: 3173
[17:38:20]: 3196
[17:38:20]: 3257
[17:38:21]: 3285
[17:38:21]: 3332
[17:38:21]: 3350
[17:38:22]: 3368
[17:38:22]: 3386
[17:38:22]: 3397
[17:38:23]: 3410
[17:38:23]: 3426
[17:38:23]: 3447
[17:38:24]: 3465
[17:38:24]: 3477
[17:38:24]: 3480
[17:38:25]: 3490
[17:38:25]: 3501
[17:38:25]: 3518
[17:38:26]: 3537
[17:38:26]: 3550
[17:38:26]: 3548
[17:38:27]: 3556
[17:38:27]: 3581
[17:38:27]: 3594
[17:38:28]: 3601
[17:38:28]: 3603
[17:38:28]: 3616
[17:38:29]: 3617
[17:38:29]: 3624
[17:38:29]: 3637
 Close valve LR2
[17:38:29]: W2 OH-
 Open valve LRW2
 Open valve V24
[17:38:30]: 3688
[17:38:30]: 3709
[17:38:30]: 3699
[17:38:31]: 3710
[17:38:31]: 3713
[17:38:31]: 3698
[17:38:32]: 3718
[17:38:32]: 3711
[17:38:32]: 3723
[17:38:32]: 3716
[17:38:33]: 3730
[17:38:33]: 3731
[17:38:33]: 3734
[17:38:34]: 3751
[17:38:34]: 3750
[17:38:34]: 3749
[17:38:35]: 3748
[17:38:35]: 3771
[17:38:35]: 3758
[17:38:36]: 3763
[17:38:36]: 3774
[17:38:36]: 3779
[17:38:37]: 3787
[17:38:37]: 3791
[17:38:37]: 3787
[17:38:38]: 3806
[17:38:38]: 3812
[17:38:38]: 3810
[17:38:39]: 3802
[17:38:39]: 3810
[17:38:39]: 3828
[17:38:40]: 3820
[17:38:40]: 3823
[17:38:40]: 3843
[17:38:40]: 3828
[17:38:41]: 3843
[17:38:41]: 3848
[17:38:41]: 3856
[17:38:42]: 3845
[17:38:42]: 3853
[17:38:42]: 3864
[17:38:43]: 3871
[17:38:43]: 3863
[17:38:43]: 3869
[17:38:44]: 3882
[17:38:44]: 3879
[17:38:44]: 3893
[17:38:44]: 3885
[17:38:45]: 3898
[17:38:45]: 3900
[17:38:45]: 3911
[17:38:46]: 3900
[17:38:46]: 3904
[17:38:46]: 3921
[17:38:47]: 3925
[17:38:47]: 3930
[17:38:47]: 3921
[17:38:48]: 3935
[17:38:48]: 3942
[17:38:48]: 3930
 Close valve V24
 Close valve LRW2
[17:38:48]: SQUARE H+
 Open valve LR3
[17:38:49]: 3937
[17:38:49]: 3939
[17:38:49]: 3956
[17:38:50]: 3961
[17:38:50]: 3970
[17:38:50]: 3969
[17:38:51]: 3977
[17:38:51]: 3980
[17:38:51]: 3993
[17:38:52]: 3997
[17:38:52]: 3995
[17:38:52]: 4004
[17:38:53]: 4006
[17:38:53]: 4009
[17:38:53]: 4020
[17:38:53]: 4017
[17:38:54]: 4025
[17:38:54]: 4034
[17:38:54]: 4030
[17:38:55]: 4035
[17:38:55]: 4042
[17:38:55]: 4051
[17:38:56]: 4052
[17:38:56]: 4052
[17:38:56]: 4063
[17:38:57]: 4062
[17:38:57]: 4064
[17:38:57]: 4078
[17:38:58]: 4080
[17:38:58]: 4086
[17:38:58]: 4081
[17:38:59]: 4086
[17:38:59]: 4091
[17:38:59]: 4103
[17:38:59]: 4097
[17:39:00]: 4107
[17:39:00]: 4107
[17:39:00]: 4119
[17:39:01]: 4117
[17:39:01]: 4126
[17:39:01]: 4122
[17:39:02]: 4125
[17:39:02]: 4133
[17:39:02]: 4142
[17:39:03]: 4147
[17:39:03]: 4143
[17:39:03]: 4146
[17:39:04]: 4153
[17:39:04]: 4154
[17:39:04]: 4169
[17:39:05]: 4169
[17:39:05]: 4177
[17:39:05]: 4169
[17:39:06]: 4175
[17:39:06]: 4185
[17:39:06]: 4183
[17:39:07]: 4188
[17:39:07]: 4200
[17:39:07]: 4193
[17:39:08]: 4207
 Close valve LR3
[17:39:08]: W2 OH-
 Open valve LRW2
 Open valve V24
[17:39:08]: 4254
[17:39:08]: 4263
[17:39:09]: 4241
[17:39:09]: 4232
[17:39:09]: 4223
[17:39:10]: 4215
[17:39:10]: 4214
[17:39:10]: 4219
[17:39:11]: 4214
[17:39:11]: 4218
[17:39:11]: 4226
[17:39:12]: 4220
[17:39:12]: 4221
[17:39:12]: 4227
[17:39:13]: 4236
[17:39:13]: 4243
[17:39:13]: 4231
[17:39:14]: 4247
[17:39:14]: 4245
[17:39:14]: 4244
[17:39:14]: 4248
[17:39:15]: 4246
[17:39:15]: 4248
[17:39:15]: 4262
[17:39:16]: 4255
[17:39:16]: 4264
[17:39:16]: 4272
[17:39:17]: 4268
[17:39:17]: 4267
[17:39:17]: 4276
[17:39:18]: 4275
[17:39:18]: 4287
[17:39:18]: 4279
[17:39:19]: 4280
[17:39:19]: 4296
[17:39:19]: 4300
[17:39:19]: 4291
[17:39:20]: 4300
[17:39:20]: 4302
[17:39:20]: 4309
[17:39:21]: 4305
[17:39:21]: 4313
[17:39:21]: 4315
[17:39:22]: 4314
[17:39:22]: 4317
[17:39:22]: 4332
[17:39:23]: 4336
[17:39:23]: 4329
[17:39:23]: 4332
[17:39:24]: 4346
[17:39:24]: 4350
[17:39:24]: 4343
[17:39:25]: 4358
[17:39:25]: 4355
[17:39:25]: 4363
[17:39:25]: 4359
[17:39:26]: 4361
[17:39:26]: 4375
[17:39:26]: 4368
[17:39:27]: 4381
 Close valve V24
 Close valve LRW2
[17:39:27]: PLUS H+
 Open valve LR4
[17:39:27]: 4375
[17:39:27]: 4383
[17:39:28]: 4397
[17:39:28]: 4407
[17:39:28]: 4410
[17:39:29]: 4418
[17:39:29]: 4428
[17:39:29]: 4429
[17:39:30]: 4433
[17:39:30]: 4441
[17:39:30]: 4447
[17:39:31]: 4453
[17:39:31]: 4461
[17:39:31]: 4459
[17:39:32]: 4469
[17:39:32]: 4476
[17:39:32]: 4473
[17:39:33]: 4484
[17:39:33]: 4480
[17:39:33]: 4495
[17:39:34]: 4489
[17:39:34]: 4496
[17:39:34]: 4507
[17:39:34]: 4507
[17:39:35]: 4508
[17:39:35]: 4520
[17:39:35]: 4516
[17:39:36]: 4523
[17:39:36]: 4523
[17:39:36]: 4538
[17:39:37]: 4540
[17:39:37]: 4541
[17:39:37]: 4545
[17:39:38]: 4552
[17:39:38]: 4555
[17:39:38]: 4554
[17:39:39]: 4555
[17:39:39]: 4567
[17:39:39]: 4566
[17:39:39]: 4571
[17:39:40]: 4574
[17:39:40]: 4581
[17:39:40]: 4576
[17:39:41]: 4583
[17:39:41]: 4582
[17:39:41]: 4595
[17:39:42]: 4598
[17:39:42]: 4598
[17:39:42]: 4599
[17:39:43]: 4601
[17:39:43]: 4609
[17:39:43]: 4606
[17:39:44]: 4613
[17:39:44]: 4619
[17:39:44]: 4611
[17:39:44]: 4625
[17:39:45]: 4622
[17:39:45]: 4624
[17:39:45]: 4629
[17:39:46]: 4628
 Close valve LR4
[17:39:46]: W2 OH-
 Open valve LRW2
 Open valve V24
[17:39:46]: 4724
[17:39:47]: 4685
[17:39:47]: 4642
[17:39:47]: 4643
[17:39:48]: 4623
[17:39:48]: 4622
[17:39:48]: 4623
[17:39:48]: 4625
[17:39:49]: 4612
[17:39:49]: 4615
[17:39:49]: 4616
[17:39:50]: 4610
[17:39:50]: 4621
[17:39:50]: 4608
[17:39:51]: 4609
[17:39:51]: 4611
[17:39:51]: 4609
[17:39:52]: 4613
[17:39:52]: 4619
[17:39:52]: 4611
[17:39:53]: 4622
[17:39:53]: 4612
[17:39:53]: 4620
[17:39:53]: 4617
[17:39:54]: 4623
[17:39:54]: 4626
[17:39:54]: 4618
[17:39:55]: 4624
[17:39:55]: 4630
[17:39:55]: 4631
[17:39:56]: 4619
[17:39:56]: 4623
[17:39:56]: 4626
[17:39:57]: 4631
[17:39:57]: 4633
[17:39:57]: 4627
[17:39:58]: 4636
[17:39:58]: 4639
[17:39:58]: 4626
[17:39:58]: 4640
[17:39:59]: 4636
[17:39:59]: 4640
[17:39:59]: 4633
[17:40:00]: 4638
[17:40:00]: 4644
[17:40:00]: 4635
[17:40:01]: 4645
[17:40:01]: 4641
[17:40:01]: 4639
[17:40:02]: 4641
[17:40:02]: 4647
[17:40:02]: 4646
[17:40:03]: 4646
[17:40:03]: 4655
[17:40:03]: 4653
[17:40:04]: 4647
[17:40:04]: 4653
[17:40:04]: 4655
[17:40:04]: 4647
[17:40:05]: 4656
 Close valve V24
 Close valve LRW2
[17:40:05]: CIRCLE H+
 Open valve LR1
[17:40:05]: 4644
[17:40:06]: 4730
[17:40:06]: 4724
[17:40:06]: 4723
[17:40:07]: 4721
[17:40:07]: 4726
[17:40:07]: 4717
[17:40:07]: 4718
[17:40:08]: 4724
[17:40:08]: 4721
[17:40:08]: 4722
[17:40:09]: 4717
[17:40:09]: 4722
[17:40:09]: 4722
[17:40:10]: 4725
[17:40:10]: 4719
[17:40:10]: 4727
[17:40:11]: 4721
[17:40:11]: 4722
[17:40:11]: 4724
[17:40:12]: 4725
[17:40:12]: 4723
[17:40:12]: 4728
[17:40:12]: 4722
[17:40:13]: 4721
[17:40:13]: 4731
[17:40:13]: 4722
[17:40:14]: 4725
[17:40:14]: 4725
[17:40:14]: 4729
[17:40:15]: 4726
[17:40:15]: 4723
[17:40:15]: 4731
[17:40:16]: 4732
[17:40:16]: 4730
[17:40:16]: 4726
[17:40:16]: 4725
[17:40:17]: 4726
[17:40:17]: 4730
[17:40:17]: 4729
[17:40:18]: 4726
[17:40:18]: 4732
[17:40:18]: 4725
[17:40:19]: 4730
[17:40:19]: 4727
[17:40:19]: 4730
[17:40:20]: 4732
[17:40:20]: 4730
[17:40:20]: 4731
[17:40:21]: 4731
[17:40:21]: 4735
[17:40:21]: 4727
[17:40:22]: 4735
[17:40:22]: 4733
[17:40:22]: 4733
[17:40:23]: 4732
[17:40:23]: 4737
[17:40:23]: 4729
[17:40:23]: 4731
[17:40:24]: 4734
 Close valve LR1
[17:40:24]: W2 OH-
 Open valve LRW2
 Open valve V24
[17:40:24]: 4764
[17:40:25]: 4751
[17:40:25]: 4733
[17:40:25]: 4723
[17:40:25]: 4725
[17:40:26]: 4715
[17:40:26]: 4715
[17:40:26]: 4713
[17:40:27]: 4716
[17:40:27]: 4712
[17:40:27]: 4705
[17:40:28]: 4709
[17:40:28]: 4711
[17:40:28]: 4704
[17:40:29]: 4704
[17:40:29]: 4712
[17:40:29]: 4701
[17:40:30]: 4712
[17:40:30]: 4705
[17:40:30]: 4707
[17:40:30]: 4703
[17:40:31]: 4706
[17:40:31]: 4706
[17:40:31]: 4704
[17:40:32]: 4711
[17:40:32]: 4705
[17:40:32]: 4704
[17:40:33]: 4702
[17:40:33]: 4702
[17:40:33]: 4704
[17:40:34]: 4704
[17:40:34]: 4698
[17:40:34]: 4700
[17:40:35]: 4699
[17:40:35]: 4705
[17:40:35]: 4709
[17:40:35]: 4705
[17:40:36]: 4705
[17:40:36]: 4711
[17:40:36]: 4708
[17:40:37]: 4705
[17:40:37]: 4715
[17:40:37]: 4715
[17:40:38]: 4706
[17:40:38]: 4709
[17:40:38]: 4715
[17:40:39]: 4710
[17:40:39]: 4712
[17:40:39]: 4716
[17:40:40]: 4720
[17:40:40]: 4721
[17:40:40]: 4712
[17:40:40]: 4720
[17:40:41]: 4715
[17:40:41]: 4715
[17:40:41]: 4720
[17:40:42]: 4721
[17:40:42]: 4714
[17:40:42]: 4724
[17:40:43]: 4722
 Close valve V24
 Close valve LRW2
[17:40:43]: CROSS H+
 Open valve LR2
[17:40:43]: 4723
[17:40:44]: 4750
[17:40:44]: 4750
[17:40:44]: 4755
[17:40:44]: 4758
[17:40:45]: 4761
[17:40:45]: 4764
[17:40:45]: 4765
[17:40:46]: 4766
[17:40:46]: 4767
[17:40:46]: 4775
[17:40:47]: 4771
[17:40:47]: 4775
[17:40:47]: 4779
[17:40:48]: 4779
[17:40:48]: 4781
[17:40:48]: 4782
[17:40:48]: 4783
[17:40:49]: 4787
[17:40:49]: 4782
[17:40:49]: 4782
[17:40:50]: 4784
[17:40:50]: 4790
[17:40:50]: 4788
[17:40:51]: 4789
[17:40:51]: 4790
[17:40:51]: 4792
[17:40:52]: 4795
[17:40:52]: 4797
[17:40:52]: 4790
[17:40:53]: 4797
[17:40:53]: 4795
[17:40:53]: 4796
[17:40:53]: 4796
[17:40:54]: 4796
[17:40:54]: 4794
[17:40:54]: 4790
[17:40:55]: 4757
[17:40:55]: 4726
[17:40:55]: 4665
[17:40:56]: 4527
[17:40:56]: 4665
[17:40:56]: 4644
[17:40:57]: 4374
[17:40:57]: 4376
[17:40:57]: 4394
[17:40:58]: 4368
[17:40:58]: 4372
[17:40:58]: 4922
[17:40:58]: 4830
[17:40:59]: 4786
[17:40:59]: 4767
[17:40:59]: 4755
[17:41:00]: 4009
[17:41:00]: 3162
[17:41:00]: 2717
[17:41:01]: 2564
[17:41:01]: 2485
[17:41:01]: 2434
[17:41:02]: 2390
 Close valve LR2
[17:41:02]: W2 OH-
 Open valve LRW2
 Open valve V24
[17:41:02]: 2337
[17:41:02]: 2465
[17:41:03]: 2451
[17:41:03]: 2440
[17:41:03]: 2439
[17:41:04]: 2418
[17:41:04]: 2396
[17:41:04]: 2392
[17:41:05]: 2388
[17:41:05]: 2387
[17:41:05]: 2380
[17:41:06]: 2374
[17:41:06]: 2371
[17:41:06]: 2377
[17:41:07]: 2375
[17:41:07]: 2362
[17:41:07]: 2364
[17:41:07]: 2360
[17:41:08]: 2352
[17:41:08]: 2348
[17:41:08]: 2357
[17:41:09]: 2348
[17:41:09]: 2347
[17:41:09]: 2346
[17:41:10]: 2341
[17:41:10]: 2335
[17:41:10]: 2333
[17:41:11]: 2335
[17:41:11]: 2332
[17:41:11]: 2335
[17:41:12]: 2330
[17:41:12]: 2331
[17:41:12]: 2326
[17:41:13]: 2328
[17:41:13]: 2331
[17:41:13]: 2328
[17:41:13]: 2319
[17:41:14]: 2322
[17:41:14]: 2319
[17:41:14]: 2320
[17:41:15]: 2318
[17:41:15]: 2312
[17:41:15]: 2312
[17:41:16]: 2318
[17:41:16]: 2314
[17:41:16]: 2312
[17:41:17]: 2315
[17:41:17]: 2311
[17:41:17]: 2310
[17:41:18]: 2312
[17:41:18]: 2313
[17:41:18]: 2311
[17:41:19]: 2311
[17:41:19]: 2304
[17:41:19]: 2303
[17:41:19]: 2303
[17:41:20]: 2303
[17:41:20]: 2304
[17:41:20]: 2297
[17:41:21]: 2305
 Close valve V24
 Close valve LRW2
[17:41:21]: SQUARE H+
 Open valve LR3
[17:41:21]: 2166
[17:41:21]: 2086
[17:41:22]: 2092
[17:41:22]: 2086
[17:41:22]: 2096
[17:41:23]: 2096
[17:41:23]: 2096
[17:41:23]: 2093
[17:41:24]: 2097
[17:41:24]: 2096
[17:41:24]: 2095
[17:41:25]: 2096
[17:41:25]: 2093
[17:41:25]: 2100
[17:41:26]: 2100
[17:41:26]: 2098
[17:41:26]: 2097
[17:41:26]: 2098
[17:41:27]: 2099
[17:41:27]: 2097
[17:41:27]: 2105
[17:41:28]: 2104
[17:41:28]: 2096
[17:41:28]: 2100
[17:41:29]: 2105
[17:41:29]: 2102
[17:41:29]: 2101
[17:41:30]: 2100
[17:41:30]: 2099
[17:41:30]: 2100
[17:41:31]: 2105
[17:41:31]: 2104
[17:41:31]: 2105
[17:41:32]: 2106
[17:41:32]: 2109
[17:41:32]: 2103
[17:41:32]: 2101
[17:41:33]: 2102
[17:41:33]: 2107
[17:41:33]: 2107
[17:41:34]: 2108
[17:41:34]: 2110
[17:41:34]: 2104
[17:41:35]: 2110
[17:41:35]: 2103
[17:41:35]: 2106
[17:41:36]: 2106
[17:41:36]: 2105
[17:41:36]: 2107
[17:41:37]: 2107
[17:41:37]: 2103
[17:41:37]: 2111
[17:41:38]: 2102
[17:41:38]: 2108
[17:41:38]: 2106
[17:41:38]: 2107
[17:41:39]: 2107
[17:41:39]: 2104
[17:41:39]: 2110
[17:41:40]: 2104
 Close valve LR3
[17:41:40]: W2 OH-
 Open valve LRW2
 Open valve V24
[17:41:40]: 2136
[17:41:41]: 2231
[17:41:41]: 2261
[17:41:41]: 2267
[17:41:42]: 2268
[17:41:42]: 2250
[17:41:42]: 2242
[17:41:43]: 2253
[17:41:43]: 2257
[17:41:43]: 2258
[17:41:44]: 2260
[17:41:44]: 2260
[17:41:44]: 2261
[17:41:44]: 2260
[17:41:45]: 2257
[17:41:45]: 2256
[17:41:45]: 2262
[17:41:46]: 2262
[17:41:46]: 2256
[17:41:46]: 2255
[17:41:47]: 2254
[17:41:47]: 2245
[17:41:47]: 2250
[17:41:48]: 2230
[17:41:48]: 2252
[17:41:48]: 2256
[17:41:49]: 2390
[17:41:49]: 2539
[17:41:49]: 2696
[17:41:49]: 2845
[17:41:50]: 2893
[17:41:50]: 2991
[17:41:50]: 3056
[17:41:51]: 3081
[17:41:51]: 3119
[17:41:51]: 3146
[17:41:52]: 3172
[17:41:52]: 3212
[17:41:52]: 3223
[17:41:53]: 3252
[17:41:53]: 3277
[17:41:53]: 3290
[17:41:53]: 3314
[17:41:54]: 3330
[17:41:54]: 3345
[17:41:54]: 3370
[17:41:55]: 3388
[17:41:55]: 3402
[17:41:55]: 3421
[17:41:56]: 3435
[17:41:56]: 3446
[17:41:56]: 3458
[17:41:57]: 3481
[17:41:57]: 3491
[17:41:57]: 3507
[17:41:58]: 3514
[17:41:58]: 3533
[17:41:58]: 3545
[17:41:59]: 3553
[17:41:59]: 3567
 Close valve V24
 Close valve LRW2
[17:41:59]: PLUS H+
 Open valve LR4
[17:41:59]: 3576
[17:42:00]: 3611
[17:42:00]: 3637
[17:42:00]: 3652
[17:42:01]: 3666
[17:42:01]: 3682
[17:42:01]: 3692
[17:42:02]: 3702
[17:42:02]: 3720
[17:42:02]: 3728
[17:42:03]: 3741
[17:42:03]: 3752
[17:42:03]: 3765
[17:42:04]: 3771
[17:42:04]: 3785
[17:42:04]: 3795
[17:42:04]: 3798
[17:42:05]: 3812
[17:42:05]: 3822
[17:42:05]: 3829
[17:42:06]: 3838
[17:42:06]: 3848
[17:42:06]: 3856
[17:42:07]: 3863
[17:42:07]: 3872
[17:42:07]: 3882
[17:42:08]: 3892
[17:42:08]: 3901
[17:42:08]: 3909
[17:42:09]: 3916
[17:42:09]: 3929
[17:42:09]: 3932
[17:42:10]: 3942
[17:42:10]: 3949
[17:42:10]: 3959
[17:42:11]: 3964
[17:42:11]: 3972
[17:42:11]: 3982
[17:42:11]: 3985
[17:42:12]: 3996
[17:42:12]: 4002
[17:42:12]: 4010
[17:42:13]: 4015
[17:42:13]: 4023
[17:42:13]: 4030
[17:42:14]: 4038
[17:42:14]: 4045
[17:42:14]: 4048
[17:42:15]: 4054
[17:42:15]: 4064
[17:42:15]: 4071
[17:42:16]: 4077
[17:42:16]: 4088
[17:42:16]: 4089
[17:42:17]: 4096
[17:42:17]: 4106
[17:42:17]: 4112
[17:42:17]: 4118
[17:42:18]: 4124
[17:42:18]: 4131
 Close valve LR4
[17:42:18]: W2 OH-
 Open valve LRW2
 Open valve V24
[17:42:19]: 4201
[17:42:19]: 4171
[17:42:19]: 4159
[17:42:20]: 4149
[17:42:20]: 4151
[17:42:20]: 4147
[17:42:21]: 4155
[17:42:21]: 4153
[17:42:21]: 4158
[17:42:21]: 4160
[17:42:22]: 4166
[17:42:22]: 4171
[17:42:22]: 4168
[17:42:23]: 4175
[17:42:23]: 4182
[17:42:23]: 4186
[17:42:24]: 4182
[17:42:24]: 4189
[17:42:24]: 4192
[17:42:25]: 4193
[17:42:25]: 4197
[17:42:25]: 4204
[17:42:26]: 4211
[17:42:26]: 4209
[17:42:26]: 4214
[17:42:26]: 4225
[17:42:27]: 4227
[17:42:27]: 4228
[17:42:27]: 4239
[17:42:28]: 4236
[17:42:28]: 4242
[17:42:28]: 4249
[17:42:29]: 4252
[17:42:29]: 4259
[17:42:29]: 4267
[17:42:30]: 4274
[17:42:30]: 4279
[17:42:30]: 4280
[17:42:31]: 4286
[17:42:31]: 4294
[17:42:31]: 4295
[17:42:32]: 4302
[17:42:32]: 4305
[17:42:32]: 4312
[17:42:33]: 4321
[17:42:33]: 4323
[17:42:33]: 4335
[17:42:34]: 4338
[17:42:34]: 4341
[17:42:34]: 4345
[17:42:35]: 4350
[17:42:35]: 4356
[17:42:35]: 4370
[17:42:36]: 4374
[17:42:36]: 4376
[17:42:36]: 4383
[17:42:37]: 4391
[17:42:37]: 4391
[17:42:37]: 4402
[17:42:38]: 4400
 Close valve V24
 Close valve LRW2
[17:42:38]: CIRCLE H+
 Open valve LR1
[17:42:38]: 4419
[17:42:38]: 4460
[17:42:39]: 4463
[17:42:39]: 4466
[17:42:39]: 4471
[17:42:40]: 4480
[17:42:40]: 4485
[17:42:40]: 4487
[17:42:41]: 4493
[17:42:41]: 4502
[17:42:41]: 4507
[17:42:42]: 4512
[17:42:42]: 4516
[17:42:42]: 4521
[17:42:43]: 4525
[17:42:43]: 4531
[17:42:43]: 4536
[17:42:43]: 4537
[17:42:44]: 4544
[17:42:44]: 4549
[17:42:44]: 4552
[17:42:45]: 4557
[17:42:45]: 4562
[17:42:45]: 4564
[17:42:46]: 4571
[17:42:46]: 4575
[17:42:46]: 4577
[17:42:47]: 4581
[17:42:47]: 4585
[17:42:47]: 4589
[17:42:48]: 4593
[17:42:48]: 4597
[17:42:48]: 4601
[17:42:49]: 4604
[17:42:49]: 4605
[17:42:49]: 4611
[17:42:49]: 4611
[17:42:50]: 4613
[17:42:50]: 4618
[17:42:50]: 4621
[17:42:51]: 4625
[17:42:51]: 4625
[17:42:51]: 4632
[17:42:52]: 4634
[17:42:52]: 4634
[17:42:52]: 4638
[17:42:53]: 4638
[17:42:53]: 4642
[17:42:53]: 4645
[17:42:53]: 4648
[17:42:54]: 4648
[17:42:54]: 4650
[17:42:54]: 4655
[17:42:55]: 4658
[17:42:55]: 4659
[17:42:55]: 4658
[17:42:56]: 4661
[17:42:56]: 4663
[17:42:56]: 4666
[17:42:57]: 4668
 Close valve LR1
[17:42:57]: W2 OH-
 Open valve LRW2
 Open valve V24
[17:42:57]: 4722
[17:42:57]: 4702
[17:42:58]: 4682
[17:42:58]: 4678
[17:42:58]: 4663
[17:42:59]: 4659
[17:42:59]: 4660
[17:42:59]: 4656
[17:43:00]: 4661
[17:43:00]: 4657
[17:43:00]: 4655
[17:43:00]: 4658
[17:43:01]: 4660
[17:43:01]: 4656
[17:43:02]: 4656
[17:43:02]: 4656
[17:43:02]: 4653
[17:43:02]: 4662
[17:43:03]: 4664
[17:43:03]: 4659
[17:43:03]: 4659
[17:43:04]: 4658
[17:43:04]: 4660
[17:43:04]: 4662
[17:43:05]: 4662
[17:43:05]: 4668
[17:43:05]: 4671
[17:43:06]: 4670
[17:43:06]: 4670
[17:43:06]: 4666
[17:43:07]: 4668
