 Close valve HP_IN
 Close valve HP_OUT
 Close valve L1_OUT
 Close valve L2_OUT
 Close valve L3_OUT
 Close valve L_HP
 Close valve LR1
 Close valve LR2
 Close valve LR3
 Close valve LR4
 Close valve LRW2
 Close valve LWASTE
 Close valve R1_4
 Close valve V21
 Close valve V24
 Close valve V4
 Close valve VH
 Close valve W1
 Close valve W2
 Close valve W3
 Open valve HP_IN
 Open valve W2
 Open valve R1_4
 Open valve V21
[15:00:17]: Forward liquid flow activated
[15:00:17]: Pump W2
 Open valve LRW2
 Open valve V24
 Open valve V4
 Open valve L2_OUT
 Close valve L2_OUT
 Close valve V4
 Close valve V24
 Close valve LRW2
[15:00:48]: Loop start
[15:00:48]: W2 OH-
 Open valve LRW2
 Open valve V24
[15:00:48]: 12875
[15:00:48]: 12795
[15:00:49]: 12847
[15:00:49]: 12773
[15:00:49]: 12724
[15:00:50]: 12550
[15:00:50]: 12631
[15:00:50]: 12767
[15:00:51]: 12820
[15:00:51]: 12793
[15:00:51]: 12627
[15:00:52]: 12505
[15:00:52]: 12532
[15:00:52]: 12783
[15:00:53]: 12751
[15:00:53]: 12497
[15:00:53]: 12522
[15:00:54]: 12720
[15:00:54]: 12742
[15:00:54]: 12420
[15:00:55]: 12450
[15:00:55]: 12454
[15:00:55]: 12681
[15:00:56]: 12388
[15:00:56]: 12548
[15:00:56]: 12561
[15:00:56]: 12657
[15:00:57]: 12661
[15:00:57]: 12511
[15:00:57]: 12484
[15:00:58]: 12586
[15:00:58]: 12260
[15:00:58]: 12319
[15:00:59]: 12256
[15:00:59]: 12211
[15:00:59]: 12581
[15:01:00]: 12423
[15:01:00]: 12240
[15:01:00]: 12511
[15:01:01]: 12177
[15:01:01]: 12354
[15:01:01]: 12155
[15:01:01]: 12488
[15:01:02]: 12482
[15:01:02]: 12317
[15:01:02]: 12266
[15:01:03]: 12331
[15:01:03]: 12168
[15:01:03]: 12327
[15:01:04]: 12006
[15:01:04]: 12172
[15:01:04]: 12095
[15:01:05]: 12228
[15:01:05]: 12239
[15:01:05]: 11909
[15:01:06]: 11835
[15:01:06]: 11967
[15:01:06]: 12135
[15:01:07]: 11879
[15:01:07]: 12112
 Close valve V24
 Close valve LRW2
[15:01:07]: CIRCLE H+
 Open valve LR1
[15:01:08]: 11795
[15:01:08]: 2488
[15:01:08]: 2382
[15:01:09]: 2377
[15:01:09]: 2359
[15:01:09]: 2361
[15:01:09]: 2352
[15:01:10]: 2347
[15:01:10]: 2342
[15:01:10]: 2347
[15:01:11]: 2340
[15:01:11]: 2340
[15:01:11]: 2327
[15:01:12]: 2328
[15:01:12]: 2333
[15:01:12]: 2330
[15:01:13]: 2324
[15:01:13]: 2323
[15:01:13]: 2329
[15:01:14]: 2324
[15:01:14]: 2318
[15:01:14]: 2319
[15:01:15]: 2316
[15:01:15]: 2319
[15:01:15]: 2321
[15:01:16]: 2315
[15:01:16]: 2312
[15:01:16]: 2322
[15:01:16]: 2319
[15:01:17]: 2314
[15:01:17]: 2308
[15:01:17]: 2309
[15:01:18]: 2315
[15:01:18]: 2317
[15:01:18]: 2306
[15:01:19]: 2312
[15:01:19]: 2307
[15:01:19]: 2314
[15:01:20]: 2313
[15:01:20]: 2310
[15:01:20]: 2304
[15:01:21]: 2306
[15:01:21]: 2306
[15:01:21]: 2307
[15:01:22]: 2303
[15:01:22]: 2306
[15:01:22]: 2305
[15:01:23]: 2308
[15:01:23]: 2305
[15:01:23]: 2306
[15:01:24]: 2300
[15:01:24]: 2303
[15:01:24]: 2306
[15:01:25]: 2305
[15:01:25]: 2302
[15:01:25]: 2298
[15:01:26]: 2294
[15:01:26]: 2297
[15:01:26]: 2302
[15:01:26]: 2295
 Close valve LR1
[15:01:27]: W2 OH-
 Open valve LRW2
 Open valve V24
[15:01:27]: 2297
[15:01:27]: 2289
[15:01:28]: 3082
[15:01:28]: 13021
[15:01:28]: 13123
[15:01:29]: 13134
[15:01:29]: 13099
[15:01:29]: 13168
[15:01:30]: 13099
[15:01:30]: 12927
[15:01:30]: 13076
[15:01:31]: 12903
[15:01:31]: 12612
[15:01:31]: 12827
[15:01:32]: 12328
[15:01:32]: 12351
[15:01:32]: 12443
[15:01:33]: 12090
[15:01:33]: 12391
[15:01:33]: 12030
[15:01:34]: 11981
[15:01:34]: 11908
[15:01:34]: 11520
[15:01:34]: 11802
[15:01:35]: 11751
[15:01:35]: 11458
[15:01:35]: 11091
[15:01:36]: 11212
[15:01:36]: 11170
[15:01:36]: 10509
[15:01:37]: 10636
[15:01:37]: 10788
[15:01:37]: 10288
[15:01:38]: 10054
[15:01:38]: 10166
[15:01:38]: 10339
[15:01:39]: 10129
[15:01:39]: 9785
[15:01:39]: 10094
[15:01:39]: 9993
[15:01:40]: 9693
[15:01:40]: 9457
[15:01:40]: 9859
[15:01:41]: 9648
[15:01:41]: 9623
[15:01:41]: 9287
[15:01:42]: 9390
[15:01:42]: 9529
[15:01:42]: 9256
[15:01:43]: 9247
[15:01:43]: 9111
[15:01:43]: 9153
[15:01:44]: 9089
[15:01:44]: 8920
[15:01:44]: 8985
[15:01:44]: 9192
[15:01:45]: 8922
[15:01:45]: 8944
[15:01:45]: 8712
[15:01:46]: 8635
 Close valve V24
 Close valve LRW2
[15:01:46]: CROSS H+
 Open valve LR2
[15:01:46]: 9599
[15:01:47]: 2638
[15:01:47]: 2400
[15:01:47]: 2362
[15:01:47]: 2354
[15:01:48]: 2351
[15:01:48]: 2347
[15:01:48]: 2350
[15:01:49]: 2342
[15:01:49]: 2339
[15:01:49]: 2329
[15:01:50]: 2332
[15:01:50]: 2327
[15:01:50]: 2332
[15:01:51]: 2328
[15:01:51]: 2325
[15:01:51]: 2320
[15:01:52]: 2327
[15:01:52]: 2320
[15:01:52]: 2322
[15:01:53]: 2320
[15:01:53]: 2320
[15:01:53]: 2318
[15:01:54]: 2320
[15:01:54]: 2314
[15:01:54]: 2317
[15:01:55]: 2314
[15:01:55]: 2318
[15:01:55]: 2312
[15:01:55]: 2316
[15:01:56]: 2317
[15:01:56]: 2317
[15:01:56]: 2313
[15:01:57]: 2309
[15:01:57]: 2308
[15:01:57]: 2309
[15:01:58]: 2305
[15:01:58]: 2306
[15:01:58]: 2313
[15:01:59]: 2308
[15:01:59]: 2311
[15:01:59]: 2305
[15:02:00]: 2304
[15:02:00]: 2306
[15:02:00]: 2302
[15:02:01]: 2303
[15:02:01]: 2305
[15:02:01]: 2308
[15:02:02]: 2302
[15:02:02]: 2306
[15:02:02]: 2302
[15:02:03]: 2308
[15:02:03]: 2308
[15:02:03]: 2306
[15:02:03]: 2303
[15:02:04]: 2306
[15:02:04]: 2305
[15:02:04]: 2304
[15:02:05]: 2306
[15:02:05]: 2305
 Close valve LR2
[15:02:05]: W2 OH-
 Open valve LRW2
 Open valve V24
[15:02:06]: 2302
[15:02:06]: 2291
[15:02:06]: 3210
[15:02:07]: 12101
[15:02:07]: 12302
[15:02:07]: 12377
[15:02:08]: 12348
[15:02:08]: 12409
[15:02:08]: 12353
[15:02:08]: 12364
[15:02:09]: 12247
[15:02:09]: 12267
[15:02:09]: 12225
[15:02:10]: 12501
[15:02:10]: 12265
[15:02:10]: 12481
[15:02:11]: 12541
[15:02:11]: 12430
[15:02:11]: 11905
[15:02:12]: 12091
[15:02:12]: 11965
[15:02:12]: 11319
[15:02:13]: 11326
[15:02:13]: 11506
[15:02:13]: 10869
[15:02:14]: 10905
[15:02:14]: 10430
[15:02:14]: 10620
[15:02:14]: 10375
[15:02:15]: 10126
[15:02:15]: 10069
[15:02:15]: 9775
[15:02:16]: 9795
[15:02:16]: 9680
[15:02:16]: 9612
[15:02:17]: 9453
[15:02:17]: 9111
[15:02:17]: 9105
[15:02:18]: 8885
[15:02:18]: 9072
[15:02:18]: 8757
[15:02:19]: 8848
[15:02:19]: 8837
[15:02:19]: 8841
[15:02:19]: 8331
[15:02:20]: 8328
[15:02:20]: 8242
[15:02:20]: 8182
[15:02:21]: 8048
[15:02:21]: 7960
[15:02:21]: 8386
[15:02:22]: 8114
[15:02:22]: 7891
[15:02:22]: 8107
[15:02:23]: 8156
[15:02:23]: 7915
[15:02:23]: 7752
[15:02:24]: 7706
[15:02:24]: 7517
[15:02:24]: 7413
 Close valve V24
 Close valve LRW2
[15:02:24]: SQUARE H+
 Open valve LR3
[15:02:25]: 9878
[15:02:25]: 2660
[15:02:25]: 2422
[15:02:26]: 2365
[15:02:26]: 2346
[15:02:26]: 2334
[15:02:27]: 2331
[15:02:27]: 2327
[15:02:27]: 2321
[15:02:28]: 2316
[15:02:28]: 2313
[15:02:28]: 2318
[15:02:28]: 2311
[15:02:29]: 2313
[15:02:29]: 2308
[15:02:29]: 2309
[15:02:30]: 2307
[15:02:30]: 2303
[15:02:30]: 2307
[15:02:31]: 2302
[15:02:31]: 2301
[15:02:31]: 2299
[15:02:32]: 2298
[15:02:32]: 2293
[15:02:32]: 2294
[15:02:33]: 2292
[15:02:33]: 2289
[15:02:33]: 2286
[15:02:34]: 2287
[15:02:34]: 2285
[15:02:34]: 2286
[15:02:35]: 2285
[15:02:35]: 2280
[15:02:35]: 2282
[15:02:36]: 2284
[15:02:36]: 2281
[15:02:36]: 2283
[15:02:36]: 2282
[15:02:37]: 2280
[15:02:37]: 2279
[15:02:37]: 2281
[15:02:38]: 2279
[15:02:38]: 2277
[15:02:38]: 2279
[15:02:39]: 2279
[15:02:39]: 2279
[15:02:39]: 2274
[15:02:40]: 2277
[15:02:40]: 2278
[15:02:40]: 2277
[15:02:41]: 2277
[15:02:41]: 2276
[15:02:41]: 2277
[15:02:42]: 2274
[15:02:42]: 2277
[15:02:42]: 2275
[15:02:43]: 2275
[15:02:43]: 2276
[15:02:43]: 2276
[15:02:43]: 2272
 Close valve LR3
[15:02:44]: W2 OH-
 Open valve LRW2
 Open valve V24
[15:02:44]: 2276
[15:02:44]: 2261
[15:02:45]: 2262
[15:02:45]: 2409
[15:02:45]: 12588
[15:02:46]: 12724
[15:02:46]: 12726
[15:02:46]: 12768
[15:02:47]: 12682
[15:02:47]: 12665
[15:02:47]: 12646
[15:02:47]: 12432
[15:02:48]: 12248
[15:02:48]: 12221
[15:02:48]: 12233
[15:02:49]: 11771
[15:02:49]: 11944
[15:02:49]: 11531
[15:02:50]: 11110
[15:02:50]: 10917
[15:02:50]: 10984
[15:02:51]: 10562
[15:02:51]: 10536
[15:02:51]: 10602
[15:02:52]: 10310
[15:02:52]: 10160
[15:02:52]: 9656
[15:02:53]: 9637
[15:02:53]: 9419
[15:02:53]: 9198
[15:02:54]: 8962
[15:02:54]: 8926
[15:02:54]: 8755
[15:02:55]: 8664
[15:02:55]: 8717
[15:02:55]: 8313
[15:02:55]: 8506
[15:02:56]: 8212
[15:02:56]: 8064
[15:02:56]: 7962
[15:02:57]: 8122
[15:02:57]: 7962
[15:02:57]: 7688
[15:02:58]: 7564
[15:02:58]: 7536
[15:02:58]: 7672
[15:02:59]: 7382
[15:02:59]: 7362
[15:02:59]: 7372
[15:03:00]: 7364
[15:03:00]: 7608
[15:03:00]: 7070
[15:03:01]: 7481
[15:03:01]: 7299
[15:03:01]: 7027
[15:03:01]: 7324
[15:03:02]: 7020
[15:03:02]: 7208
[15:03:02]: 6772
[15:03:03]: 6966
 Close valve V24
 Close valve LRW2
[15:03:03]: PLUS H+
 Open valve LR4
[15:03:03]: 7874
[15:03:04]: 2602
[15:03:04]: 2401
[15:03:04]: 2362
[15:03:05]: 2348
[15:03:05]: 2336
[15:03:05]: 2334
[15:03:06]: 2327
[15:03:06]: 2324
[15:03:06]: 2323
[15:03:07]: 2320
[15:03:07]: 2315
[15:03:07]: 2313
[15:03:07]: 2318
[15:03:08]: 2314
[15:03:08]: 2310
[15:03:08]: 2313
[15:03:09]: 2306
[15:03:09]: 2301
[15:03:09]: 2299
[15:03:10]: 2296
[15:03:10]: 2292
[15:03:10]: 2295
[15:03:11]: 2294
[15:03:11]: 2291
[15:03:11]: 2287
[15:03:12]: 2294
[15:03:12]: 2288
[15:03:12]: 2289
[15:03:13]: 2289
[15:03:13]: 2289
[15:03:13]: 2287
[15:03:13]: 2285
[15:03:14]: 2287
[15:03:14]: 2289
[15:03:14]: 2286
[15:03:15]: 2287
[15:03:15]: 2280
[15:03:15]: 2285
[15:03:16]: 2283
[15:03:16]: 2280
[15:03:16]: 2278
[15:03:17]: 2284
[15:03:17]: 2282
[15:03:17]: 2282
[15:03:18]: 2281
[15:03:18]: 2279
[15:03:18]: 2282
[15:03:19]: 2281
[15:03:19]: 2279
[15:03:19]: 2278
[15:03:20]: 2276
[15:03:20]: 2277
[15:03:20]: 2275
[15:03:21]: 2276
[15:03:21]: 2277
[15:03:21]: 2278
[15:03:21]: 2278
[15:03:22]: 2277
[15:03:22]: 2277
 Close valve LR4
[15:03:22]: W2 OH-
 Open valve LRW2
 Open valve V24
[15:03:23]: 2275
[15:03:23]: 2261
[15:03:23]: 2277
[15:03:24]: 3585
[15:03:24]: 12763
[15:03:24]: 12808
[15:03:24]: 12889
[15:03:25]: 12866
[15:03:25]: 12830
[15:03:25]: 12666
[15:03:26]: 12594
[15:03:26]: 12599
[15:03:26]: 12484
[15:03:27]: 12142
[15:03:27]: 12230
[15:03:27]: 12035
[15:03:28]: 12017
[15:03:28]: 11895
[15:03:28]: 11176
[15:03:29]: 11509
[15:03:29]: 11293
[15:03:29]: 11150
[15:03:30]: 10527
[15:03:30]: 10598
[15:03:30]: 10616
[15:03:30]: 10046
[15:03:31]: 9685
[15:03:31]: 9613
[15:03:31]: 9626
[15:03:32]: 9278
[15:03:32]: 8934
[15:03:32]: 8833
[15:03:33]: 8714
[15:03:33]: 8570
[15:03:33]: 8343
[15:03:34]: 8399
[15:03:34]: 8089
[15:03:34]: 8019
[15:03:35]: 7906
[15:03:35]: 8143
[15:03:35]: 7752
[15:03:36]: 7747
[15:03:36]: 7654
[15:03:36]: 7494
[15:03:36]: 7849
[15:03:37]: 7407
[15:03:37]: 7567
[15:03:37]: 7308
[15:03:38]: 7190
[15:03:38]: 7243
[15:03:38]: 7189
[15:03:39]: 7034
[15:03:39]: 6910
[15:03:39]: 6992
[15:03:40]: 7052
[15:03:40]: 7248
[15:03:40]: 6786
[15:03:41]: 6737
[15:03:41]: 6620
[15:03:41]: 7147
 Close valve V24
 Close valve LRW2
[15:03:41]: CIRCLE H+
 Open valve LR1
[15:03:42]: 6888
[15:03:42]: 2536
[15:03:42]: 2408
[15:03:43]: 2364
[15:03:43]: 2350
[15:03:43]: 2348
[15:03:44]: 2339
[15:03:44]: 2339
[15:03:44]: 2333
[15:03:45]: 2332
[15:03:45]: 2328
[15:03:45]: 2321
[15:03:46]: 2319
[15:03:46]: 2309
[15:03:46]: 2308
[15:03:47]: 2309
[15:03:47]: 2309
[15:03:47]: 2301
[15:03:48]: 2303
[15:03:48]: 2303
[15:03:48]: 2303
[15:03:48]: 2293
[15:03:49]: 2295
[15:03:49]: 2297
[15:03:49]: 2297
[15:03:50]: 2291
[15:03:50]: 2293
[15:03:50]: 2296
[15:03:51]: 2296
[15:03:51]: 2293
[15:03:51]: 2290
[15:03:52]: 2290
[15:03:52]: 2291
[15:03:52]: 2289
[15:03:53]: 2289
[15:03:53]: 2290
[15:03:53]: 2287
[15:03:54]: 2288
[15:03:54]: 2288
[15:03:54]: 2287
[15:03:55]: 2283
[15:03:55]: 2288
[15:03:55]: 2280
[15:03:55]: 2284
[15:03:56]: 2285
[15:03:56]: 2285
[15:03:56]: 2280
[15:03:57]: 2280
[15:03:57]: 2277
[15:03:57]: 2279
[15:03:58]: 2283
[15:03:58]: 2283
[15:03:58]: 2281
[15:03:59]: 2279
[15:03:59]: 2282
[15:03:59]: 2280
[15:04:00]: 2281
[15:04:00]: 2279
[15:04:00]: 2276
[15:04:01]: 2277
 Close valve LR1
[15:04:01]: W2 OH-
 Open valve LRW2
 Open valve V24
[15:04:01]: 2274
[15:04:02]: 2259
[15:04:02]: 2268
[15:04:02]: 4015
[15:04:03]: 12756
[15:04:03]: 12947
[15:04:03]: 12996
[15:04:03]: 12929
[15:04:04]: 12929
[15:04:04]: 12912
[15:04:04]: 12653
[15:04:05]: 12612
[15:04:05]: 12600
[15:04:05]: 12323
[15:04:06]: 12300
[15:04:06]: 11796
[15:04:06]: 12012
[15:04:07]: 11915
[15:04:07]: 11133
[15:04:07]: 10907
[15:04:08]: 11128
[15:04:08]: 10778
[15:04:08]: 10385
[15:04:09]: 10618
[15:04:09]: 10028
[15:04:09]: 9992
[15:04:09]: 9725
[15:04:10]: 9514
[15:04:10]: 9154
[15:04:10]: 9077
[15:04:11]: 8950
[15:04:11]: 8815
[15:04:11]: 8409
[15:04:12]: 8335
[15:04:12]: 8501
[15:04:12]: 8167
[15:04:13]: 8195
[15:04:13]: 7907
[15:04:13]: 7846
[15:04:14]: 7812
[15:04:14]: 7595
[15:04:14]: 7489
[15:04:14]: 7864
[15:04:15]: 7594
[15:04:15]: 7359
[15:04:15]: 7519
[15:04:16]: 7228
[15:04:16]: 7358
[15:04:16]: 7510
[15:04:17]: 6955
[15:04:17]: 7129
[15:04:17]: 6942
[15:04:18]: 6827
[15:04:18]: 6902
[15:04:18]: 7063
[15:04:19]: 7180
[15:04:19]: 7016
[15:04:19]: 6726
[15:04:20]: 6836
[15:04:20]: 6967
 Close valve V24
 Close valve LRW2
[15:04:20]: CROSS H+
 Open valve LR2
[15:04:20]: 7684
[15:04:21]: 2519
[15:04:21]: 2405
[15:04:21]: 2372
[15:04:22]: 2358
[15:04:22]: 2342
[15:04:22]: 2338
[15:04:23]: 2333
[15:04:23]: 2332
[15:04:23]: 2326
[15:04:24]: 2320
[15:04:24]: 2317
[15:04:24]: 2324
[15:04:25]: 2323
[15:04:25]: 2309
[15:04:25]: 2305
[15:04:26]: 2300
[15:04:26]: 2305
[15:04:26]: 2296
[15:04:27]: 2301
[15:04:27]: 2299
[15:04:27]: 2299
[15:04:28]: 2293
[15:04:28]: 2295
[15:04:28]: 2297
[15:04:28]: 2288
[15:04:29]: 2288
[15:04:29]: 2290
[15:04:29]: 2292
[15:04:30]: 2292
[15:04:30]: 2288
[15:04:30]: 2284
[15:04:31]: 2291
[15:04:31]: 2286
[15:04:31]: 2287
[15:04:32]: 2287
[15:04:32]: 2286
[15:04:32]: 2282
[15:04:33]: 2281
[15:04:33]: 2287
[15:04:33]: 2286
[15:04:34]: 2280
[15:04:34]: 2282
[15:04:34]: 2279
[15:04:34]: 2283
[15:04:35]: 2279
[15:04:35]: 2281
[15:04:35]: 2279
[15:04:36]: 2283
[15:04:36]: 2283
[15:04:36]: 2281
[15:04:37]: 2276
[15:04:37]: 2280
[15:04:37]: 2280
[15:04:38]: 2273
[15:04:38]: 2275
[15:04:38]: 2280
[15:04:39]: 2273
[15:04:39]: 2278
[15:04:39]: 2275
 Close valve LR2
[15:04:39]: W2 OH-
 Open valve LRW2
 Open valve V24
[15:04:40]: 2266
[15:04:40]: 2264
[15:04:40]: 2261
[15:04:41]: 2716
[15:04:41]: 12921
[15:04:41]: 12965
[15:04:42]: 13059
[15:04:42]: 13062
[15:04:42]: 12975
[15:04:43]: 12971
[15:04:43]: 12863
[15:04:43]: 12599
[15:04:43]: 12746
[15:04:44]: 12641
[15:04:44]: 12336
[15:04:44]: 12025
[15:04:45]: 11862
[15:04:45]: 11408
[15:04:45]: 11427
[15:04:46]: 11410
[15:04:46]: 11183
[15:04:46]: 10464
[15:04:47]: 10741
[15:04:47]: 10469
[15:04:47]: 10029
[15:04:48]: 9662
[15:04:48]: 9551
[15:04:48]: 9482
[15:04:49]: 9236
[15:04:49]: 8857
[15:04:49]: 8687
[15:04:50]: 8623
[15:04:50]: 8504
[15:04:50]: 8453
[15:04:51]: 8258
[15:04:51]: 8282
[15:04:51]: 7968
[15:04:51]: 8060
[15:04:52]: 7766
[15:04:52]: 8040
[15:04:52]: 7752
[15:04:53]: 7610
[15:04:53]: 7741
[15:04:53]: 7740
[15:04:54]: 7676
[15:04:54]: 7249
[15:04:54]: 7120
[15:04:55]: 7343
[15:04:55]: 7206
[15:04:55]: 7146
[15:04:56]: 7002
[15:04:56]: 6908
[15:04:56]: 7011
[15:04:57]: 6959
[15:04:57]: 6755
[15:04:57]: 6679
[15:04:57]: 6746
[15:04:58]: 6594
[15:04:58]: 6653
[15:04:58]: 6559
 Close valve V24
 Close valve LRW2
[15:04:59]: SQUARE H+
 Open valve LR3
[15:04:59]: 8002
[15:04:59]: 2554
[15:05:00]: 2419
[15:05:00]: 2382
[15:05:00]: 2360
[15:05:00]: 2355
[15:05:01]: 2349
[15:05:01]: 2342
[15:05:01]: 2332
[15:05:02]: 2332
[15:05:02]: 2330
[15:05:02]: 2323
[15:05:03]: 2321
[15:05:03]: 2323
[15:05:03]: 2316
[15:05:04]: 2313
[15:05:04]: 2312
[15:05:04]: 2318
[15:05:05]: 2318
[15:05:05]: 2315
[15:05:05]: 2311
[15:05:06]: 2311
[15:05:06]: 2304
[15:05:06]: 2313
[15:05:06]: 2303
[15:05:07]: 2304
[15:05:07]: 2307
[15:05:07]: 2308
[15:05:08]: 2307
[15:05:08]: 2302
[15:05:08]: 2305
[15:05:09]: 2306
[15:05:09]: 2305
[15:05:09]: 2298
[15:05:10]: 2301
[15:05:10]: 2302
[15:05:10]: 2301
[15:05:11]: 2301
[15:05:11]: 2294
[15:05:11]: 2293
[15:05:12]: 2301
[15:05:12]: 2298
[15:05:12]: 2298
[15:05:12]: 2292
[15:05:13]: 2293
[15:05:13]: 2297
[15:05:13]: 2298
[15:05:14]: 2289
[15:05:14]: 2294
[15:05:14]: 2293
[15:05:15]: 2295
[15:05:15]: 2295
[15:05:15]: 2289
[15:05:16]: 2292
[15:05:16]: 2286
[15:05:16]: 2288
[15:05:17]: 2292
[15:05:17]: 2286
[15:05:17]: 2293
[15:05:18]: 2289
 Close valve LR3
[15:05:18]: W2 OH-
 Open valve LRW2
 Open valve V24
[15:05:18]: 2282
[15:05:18]: 2276
[15:05:19]: 2271
[15:05:19]: 2906
[15:05:19]: 12896
[15:05:20]: 13035
[15:05:20]: 13100
[15:05:20]: 13063
[15:05:21]: 12997
[15:05:21]: 13091
[15:05:21]: 13032
[15:05:22]: 12849
[15:05:22]: 12868
[15:05:22]: 12673
[15:05:23]: 12612
[15:05:23]: 12426
[15:05:23]: 11715
[15:05:24]: 11699
[15:05:24]: 11722
[15:05:24]: 11609
[15:05:25]: 10855
[15:05:25]: 10980
[15:05:25]: 10521
[15:05:25]: 10815
[15:05:26]: 10585
[15:05:26]: 10316
[15:05:26]: 9947
[15:05:27]: 9796
[15:05:27]: 9317
[15:05:27]: 9284
[15:05:28]: 9159
[15:05:28]: 9019
[15:05:28]: 8989
[15:05:29]: 8862
[15:05:29]: 8506
[15:05:29]: 8296
[15:05:30]: 8466
[15:05:30]: 8136
[15:05:30]: 8183
[15:05:31]: 8289
[15:05:31]: 8246
[15:05:31]: 7971
[15:05:32]: 7725
[15:05:32]: 7631
[15:05:32]: 7565
[15:05:33]: 7503
[15:05:33]: 7782
[15:05:33]: 7820
[15:05:34]: 7592
[15:05:34]: 7601
[15:05:34]: 7576
[15:05:35]: 7145
[15:05:35]: 7070
[15:05:35]: 6962
[15:05:36]: 7465
[15:05:36]: 7394
[15:05:36]: 6993
[15:05:36]: 7117
[15:05:37]: 7011
[15:05:37]: 6775
 Close valve V24
 Close valve LRW2
[15:05:37]: PLUS H+
 Open valve LR4
[15:05:38]: 6916
[15:05:38]: 2513
[15:05:38]: 2419
[15:05:39]: 2378
[15:05:39]: 2358
[15:05:39]: 2351
[15:05:40]: 2344
[15:05:40]: 2336
[15:05:40]: 2329
[15:05:41]: 2328
[15:05:41]: 2322
[15:05:41]: 2322
[15:05:41]: 2318
[15:05:42]: 2314
[15:05:42]: 2311
[15:05:42]: 2314
[15:05:43]: 2309
[15:05:43]: 2302
[15:05:43]: 2307
[15:05:44]: 2304
[15:05:44]: 2302
[15:05:44]: 2302
[15:05:45]: 2298
[15:05:45]: 2294
[15:05:45]: 2291
[15:05:46]: 2300
[15:05:46]: 2297
[15:05:46]: 2292
[15:05:47]: 2294
[15:05:47]: 2289
[15:05:47]: 2293
[15:05:48]: 2288
[15:05:48]: 2285
[15:05:48]: 2285
[15:05:49]: 2292
[15:05:49]: 2284
[15:05:49]: 2286
[15:05:49]: 2287
[15:05:50]: 2283
[15:05:50]: 2281
[15:05:50]: 2290
[15:05:51]: 2287
[15:05:51]: 2283
[15:05:51]: 2280
[15:05:52]: 2287
[15:05:52]: 2286
[15:05:52]: 2287
[15:05:53]: 2282
[15:05:53]: 2282
[15:05:53]: 2278
[15:05:54]: 2279
[15:05:54]: 2281
[15:05:54]: 2281
[15:05:55]: 2283
[15:05:55]: 2284
[15:05:55]: 2280
[15:05:56]: 2285
[15:05:56]: 2285
[15:05:56]: 2284
[15:05:57]: 2281
 Close valve LR4
[15:05:57]: W2 OH-
 Open valve LRW2
 Open valve V24
[15:05:57]: 2279
[15:05:57]: 2269
[15:05:58]: 2279
[15:05:58]: 8498
[15:05:58]: 13052
[15:05:59]: 13082
[15:05:59]: 13152
[15:05:59]: 13177
[15:06:00]: 13153
[15:06:00]: 13011
[15:06:00]: 12805
[15:06:01]: 12761
[15:06:01]: 12734
[15:06:01]: 12701
[15:06:02]: 12161
[15:06:02]: 11941
[15:06:02]: 11940
[15:06:03]: 11962
[15:06:03]: 11540
[15:06:03]: 11428
[15:06:03]: 11322
[15:06:04]: 10918
[15:06:04]: 10629
[15:06:04]: 11039
[15:06:05]: 10731
[15:06:05]: 10373
[15:06:05]: 9921
[15:06:06]: 9688
[15:06:06]: 9675
[15:06:06]: 9655
[15:06:07]: 9546
[15:06:07]: 8966
[15:06:07]: 8914
[15:06:08]: 9209
[15:06:08]: 8827
[15:06:08]: 8611
[15:06:09]: 8666
[15:06:09]: 8414
[15:06:09]: 8436
[15:06:09]: 8493
[15:06:10]: 8566
[15:06:10]: 8026
[15:06:10]: 7992
[15:06:11]: 7893
[15:06:11]: 7899
[15:06:11]: 7826
[15:06:12]: 7777
[15:06:12]: 7853
[15:06:12]: 7632
[15:06:13]: 7731
[15:06:13]: 7453
[15:06:13]: 7849
[15:06:14]: 7384
[15:06:14]: 7386
[15:06:14]: 7565
[15:06:15]: 7277
[15:06:15]: 7667
[15:06:15]: 7387
[15:06:16]: 7249
[15:06:16]: 7433
 Close valve V24
 Close valve LRW2
[15:06:16]: CIRCLE H+
 Open valve LR1
[15:06:16]: 8952
[15:06:17]: 2517
[15:06:17]: 2404
[15:06:17]: 2370
[15:06:18]: 2347
[15:06:18]: 2338
[15:06:18]: 2327
[15:06:19]: 2321
[15:06:19]: 2321
[15:06:19]: 2322
[15:06:20]: 2310
[15:06:20]: 2309
[15:06:20]: 2310
[15:06:21]: 2307
[15:06:21]: 2310
[15:06:21]: 2306
[15:06:22]: 2305
[15:06:22]: 2298
[15:06:22]: 2299
[15:06:23]: 2303
[15:06:23]: 2302
[15:06:23]: 2295
[15:06:23]: 2301
[15:06:24]: 2299
[15:06:24]: 2300
[15:06:24]: 2290
[15:06:25]: 2292
[15:06:25]: 2294
[15:06:25]: 2296
[15:06:26]: 2295
[15:06:26]: 2292
[15:06:26]: 2292
[15:06:27]: 2294
[15:06:27]: 2294
[15:06:27]: 2291
[15:06:28]: 2289
[15:06:28]: 2284
[15:06:28]: 2286
[15:06:29]: 2289
[15:06:29]: 2291
[15:06:29]: 2290
[15:06:29]: 2285
[15:06:30]: 2289
[15:06:30]: 2296
[15:06:30]: 2294
[15:06:31]: 2304
[15:06:31]: 2298
[15:06:31]: 2290
[15:06:32]: 2292
[15:06:32]: 2292
[15:06:32]: 2290
[15:06:33]: 2282
[15:06:33]: 2290
[15:06:33]: 2289
[15:06:34]: 2282
[15:06:34]: 2284
[15:06:34]: 2280
[15:06:35]: 2282
[15:06:35]: 2288
[15:06:35]: 2284
 Close valve LR1
[15:06:35]: W2 OH-
 Open valve LRW2
 Open valve V24
[15:06:36]: 2275
[15:06:36]: 2269
[15:06:36]: 2290
[15:06:37]: 2846
[15:06:37]: 13027
[15:06:37]: 13128
[15:06:38]: 13170
[15:06:38]: 13084
[15:06:38]: 13179
[15:06:39]: 12933
[15:06:39]: 13091
[15:06:39]: 13035
[15:06:40]: 12634
[15:06:40]: 12590
[15:06:40]: 12282
[15:06:41]: 12634
[15:06:41]: 12398
[15:06:41]: 12276
[15:06:41]: 11561
[15:06:42]: 11426
[15:06:42]: 11499
[15:06:42]: 11414
[15:06:43]: 11011
[15:06:43]: 10763
[15:06:43]: 10780
[15:06:44]: 10739
[15:06:44]: 10379
[15:06:44]: 10477
[15:06:45]: 10186
[15:06:45]: 10102
[15:06:45]: 9601
[15:06:46]: 9596
[15:06:46]: 9492
[15:06:46]: 9458
[15:06:46]: 9058
[15:06:47]: 9234
[15:06:47]: 8969
[15:06:47]: 9015
[15:06:48]: 9008
[15:06:48]: 8645
[15:06:48]: 8412
[15:06:49]: 8668
[15:06:49]: 8317
[15:06:49]: 8440
[15:06:50]: 8107
[15:06:50]: 7997
[15:06:50]: 8200
[15:06:51]: 7904
[15:06:51]: 7893
[15:06:51]: 8253
[15:06:52]: 7777
[15:06:52]: 7719
[15:06:52]: 8015
[15:06:53]: 7579
[15:06:53]: 7921
[15:06:53]: 7536
[15:06:53]: 7712
[15:06:54]: 7470
[15:06:54]: 7394
[15:06:54]: 7402
 Close valve V24
 Close valve LRW2
[15:06:55]: CROSS H+
 Open valve LR2
[15:06:55]: 8994
[15:06:55]: 2511
[15:06:56]: 2393
[15:06:56]: 2351
[15:06:56]: 2337
[15:06:57]: 2336
[15:06:57]: 2328
[15:06:57]: 2318
[15:06:58]: 2314
[15:06:58]: 2313
[15:06:58]: 2315
[15:06:58]: 2311
[15:06:59]: 2311
[15:06:59]: 2310
[15:06:59]: 2306
[15:07:00]: 2301
[15:07:00]: 2298
[15:07:00]: 2305
[15:07:01]: 2302
[15:07:01]: 2297
[15:07:01]: 2294
[15:07:02]: 2300
[15:07:02]: 2297
[15:07:02]: 2291
[15:07:03]: 2293
[15:07:03]: 2298
[15:07:03]: 2295
[15:07:03]: 2290
[15:07:04]: 2288
[15:07:04]: 2287
[15:07:04]: 2287
[15:07:05]: 2288
[15:07:05]: 2291
[15:07:05]: 2291
[15:07:06]: 2282
[15:07:06]: 2284
[15:07:06]: 2288
[15:07:07]: 2288
[15:07:07]: 2287
[15:07:07]: 2284
[15:07:08]: 2287
[15:07:08]: 2287
[15:07:08]: 2287
[15:07:09]: 2280
[15:07:09]: 2284
[15:07:09]: 2284
[15:07:09]: 2278
[15:07:10]: 2283
[15:07:10]: 2281
[15:07:10]: 2280
[15:07:11]: 2283
[15:07:11]: 2275
[15:07:11]: 2275
[15:07:12]: 2281
[15:07:12]: 2278
[15:07:12]: 2279
[15:07:13]: 2275
[15:07:13]: 2279
[15:07:13]: 2275
[15:07:13]: 2277
 Close valve LR2
[15:07:14]: W2 OH-
 Open valve LRW2
 Open valve V24
[15:07:14]: 2269
[15:07:14]: 2260
[15:07:15]: 2262
[15:07:15]: 2399
[15:07:15]: 12996
[15:07:16]: 13140
[15:07:16]: 13206
[15:07:16]: 13186
[15:07:16]: 13227
[15:07:17]: 13099
[15:07:17]: 13035
[15:07:17]: 13145
[15:07:18]: 12969
[15:07:18]: 12681
[15:07:18]: 12850
[15:07:19]: 12755
[15:07:19]: 12444
[15:07:19]: 12340
[15:07:20]: 12337
[15:07:20]: 12131
[15:07:20]: 11891
[15:07:21]: 11899
[15:07:21]: 11693
[15:07:21]: 11557
[15:07:21]: 10896
[15:07:22]: 10747
[15:07:22]: 10860
[15:07:22]: 10440
[15:07:23]: 10065
[15:07:23]: 10402
[15:07:23]: 9767
[15:07:24]: 9746
[15:07:24]: 9725
[15:07:24]: 9630
[15:07:25]: 9432
[15:07:25]: 9358
[15:07:25]: 9183
[15:07:25]: 9047
[15:07:26]: 9136
[15:07:26]: 8763
[15:07:26]: 9097
[15:07:27]: 8820
[15:07:27]: 8553
[15:07:27]: 8651
[15:07:28]: 8354
[15:07:28]: 8310
[15:07:28]: 8533
[15:07:29]: 8190
[15:07:29]: 8029
[15:07:29]: 7957
[15:07:30]: 7942
[15:07:30]: 8097
[15:07:30]: 8233
[15:07:31]: 8121
[15:07:31]: 7808
[15:07:31]: 7638
[15:07:31]: 8120
[15:07:32]: 7670
[15:07:32]: 7671
[15:07:32]: 7508
 Close valve V24
 Close valve LRW2
[15:07:33]: SQUARE H+
 Open valve LR3
[15:07:33]: 9705
[15:07:33]: 2556
[15:07:34]: 2416
[15:07:34]: 2363
[15:07:34]: 2350
[15:07:35]: 2341
[15:07:35]: 2324
[15:07:35]: 2323
[15:07:35]: 2322
[15:07:36]: 2320
[15:07:36]: 2316
[15:07:36]: 2312
[15:07:37]: 2313
[15:07:37]: 2312
[15:07:37]: 2301
[15:07:38]: 2303
[15:07:38]: 2305
[15:07:38]: 2298
[15:07:39]: 2299
[15:07:39]: 2299
[15:07:39]: 2293
[15:07:40]: 2294
[15:07:40]: 2292
[15:07:40]: 2298
[15:07:41]: 2290
[15:07:41]: 2293
[15:07:41]: 2295
[15:07:42]: 2296
[15:07:42]: 2290
[15:07:42]: 2291
[15:07:42]: 2291
[15:07:43]: 2292
[15:07:43]: 2288
[15:07:43]: 2291
[15:07:44]: 2292
[15:07:44]: 2282
[15:07:44]: 2284
[15:07:45]: 2287
[15:07:45]: 2288
[15:07:45]: 2285
[15:07:46]: 2282
[15:07:46]: 2287
[15:07:46]: 2286
[15:07:47]: 2281
[15:07:47]: 2280
[15:07:47]: 2284
[15:07:48]: 2278
[15:07:48]: 2282
[15:07:48]: 2279
[15:07:48]: 2279
[15:07:49]: 2275
[15:07:49]: 2283
[15:07:49]: 2281
[15:07:50]: 2275
[15:07:50]: 2278
[15:07:50]: 2279
[15:07:51]: 2278
[15:07:51]: 2274
[15:07:51]: 2278
[15:07:52]: 2274
 Close valve LR3
[15:07:52]: W2 OH-
 Open valve LRW2
 Open valve V24
[15:07:52]: 2272
[15:07:52]: 2264
[15:07:53]: 2262
[15:07:53]: 2385
[15:07:53]: 12856
[15:07:54]: 13117
[15:07:54]: 13220
[15:07:54]: 13221
[15:07:55]: 13240
[15:07:55]: 13201
[15:07:55]: 13178
[15:07:55]: 13048
[15:07:56]: 13043
[15:07:56]: 12904
[15:07:56]: 12432
[15:07:57]: 12334
[15:07:57]: 12378
[15:07:57]: 12173
[15:07:58]: 12172
[15:07:58]: 12173
[15:07:58]: 11996
[15:07:59]: 11921
[15:07:59]: 11484
[15:07:59]: 11259
[15:07:59]: 11317
[15:08:00]: 11212
[15:08:00]: 10906
[15:08:00]: 10423
[15:08:01]: 10454
[15:08:01]: 9858
[15:08:01]: 10164
[15:08:02]: 9996
[15:08:02]: 9650
[15:08:02]: 9546
[15:08:03]: 9678
[15:08:03]: 9339
[15:08:03]: 9337
[15:08:04]: 8953
[15:08:04]: 8955
[15:08:04]: 8954
[15:08:04]: 8586
[15:08:05]: 8533
[15:08:05]: 8510
[15:08:05]: 8668
[15:08:06]: 8360
[15:08:06]: 8531
[15:08:06]: 8604
[15:08:07]: 8186
[15:08:07]: 8059
[15:08:07]: 8347
[15:08:08]: 7925
[15:08:08]: 8353
[15:08:08]: 7901
[15:08:09]: 7784
[15:08:09]: 8197
[15:08:09]: 7732
[15:08:09]: 8087
[15:08:10]: 7771
[15:08:10]: 8079
[15:08:10]: 7475
 Close valve V24
 Close valve LRW2
[15:08:11]: PLUS H+
 Open valve LR4
[15:08:11]: 8601
[15:08:11]: 2582
[15:08:11]: 2406
[15:08:12]: 2360
[15:08:12]: 2341
[15:08:12]: 2336
[15:08:13]: 2331
[15:08:13]: 2324
[15:08:13]: 2321
[15:08:14]: 2321
[15:08:14]: 2310
[15:08:14]: 2317
[15:08:15]: 2315
[15:08:15]: 2308
[15:08:15]: 2302
[15:08:16]: 2308
[15:08:16]: 2306
[15:08:16]: 2300
[15:08:16]: 2300
[15:08:17]: 2294
[15:08:17]: 2301
[15:08:17]: 2291
[15:08:18]: 2291
[15:08:18]: 2294
[15:08:18]: 2295
[15:08:19]: 2294
[15:08:19]: 2290
[15:08:19]: 2292
[15:08:20]: 2293
[15:08:20]: 2291
[15:08:20]: 2287
[15:08:21]: 2288
[15:08:21]: 2288
[15:08:21]: 2287
[15:08:21]: 2283
[15:08:22]: 2287
[15:08:22]: 2288
[15:08:22]: 2278
[15:08:23]: 2280
[15:08:23]: 2284
[15:08:23]: 2278
[15:08:24]: 2277
[15:08:24]: 2283
[15:08:24]: 2279
[15:08:25]: 2281
[15:08:25]: 2282
[15:08:25]: 2281
[15:08:26]: 2275
[15:08:26]: 2279
[15:08:26]: 2279
[15:08:26]: 2278
[15:08:27]: 2274
[15:08:27]: 2278
[15:08:27]: 2278
[15:08:28]: 2278
[15:08:28]: 2273
[15:08:28]: 2270
[15:08:29]: 2275
[15:08:29]: 2275
[15:08:29]: 2270
 Close valve LR4
[15:08:29]: W2 OH-
 Open valve LRW2
 Open valve V24
[15:08:30]: 2270
[15:08:30]: 2257
[15:08:30]: 2259
[15:08:31]: 2865
[15:08:31]: 13077
[15:08:31]: 13178
[15:08:32]: 13182
[15:08:32]: 13152
[15:08:32]: 13144
[15:08:33]: 13189
[15:08:33]: 12939
[15:08:33]: 12942
[15:08:34]: 12925
[15:08:34]: 12892
[15:08:34]: 12715
[15:08:35]: 12308
[15:08:35]: 11930
[15:08:35]: 11844
[15:08:36]: 12103
[15:08:36]: 12054
[15:08:36]: 11765
[15:08:37]: 11522
[15:08:37]: 10971
[15:08:37]: 10939
[15:08:37]: 11160
[15:08:38]: 10775
[15:08:38]: 10336
[15:08:38]: 10207
[15:08:39]: 10356
[15:08:39]: 10095
[15:08:39]: 10004
[15:08:40]: 9886
[15:08:40]: 9796
[15:08:40]: 9295
[15:08:41]: 9118
[15:08:41]: 9329
[15:08:41]: 8960
[15:08:41]: 9103
[15:08:42]: 9170
[15:08:42]: 8806
[15:08:42]: 9022
[15:08:43]: 8659
[15:08:43]: 8422
[15:08:43]: 8775
[15:08:44]: 8297
[15:08:44]: 8490
[15:08:44]: 8286
[15:08:45]: 8227
[15:08:45]: 8103
[15:08:45]: 8086
[15:08:45]: 8324
[15:08:46]: 7996
[15:08:46]: 8146
[15:08:46]: 8307
[15:08:47]: 7855
[15:08:47]: 7713
[15:08:47]: 8111
[15:08:48]: 7896
[15:08:48]: 7604
[15:08:48]: 7969
 Close valve V24
 Close valve LRW2
[15:08:49]: CIRCLE H+
 Open valve LR1
[15:08:49]: 10307
[15:08:49]: 2535
[15:08:50]: 2386
[15:08:50]: 2345
[15:08:50]: 2326
[15:08:51]: 2325
[15:08:51]: 2319
[15:08:51]: 2316
[15:08:51]: 2304
[15:08:52]: 2304
[15:08:52]: 2304
[15:08:52]: 2298
[15:08:53]: 2295
[15:08:53]: 2300
[15:08:53]: 2295
[15:08:54]: 2289
[15:08:54]: 2296
[15:08:54]: 2295
[15:08:55]: 2294
[15:08:55]: 2285
[15:08:55]: 2285
[15:08:56]: 2289
[15:08:56]: 2285
[15:08:56]: 2289
[15:08:57]: 2288
[15:08:57]: 2283
[15:08:57]: 2285
[15:08:57]: 2284
[15:08:58]: 2281
[15:08:58]: 2277
[15:08:58]: 2284
[15:08:59]: 2274
[15:08:59]: 2276
[15:08:59]: 2279
[15:09:00]: 2280
[15:09:00]: 2280
[15:09:00]: 2276
[15:09:01]: 2273
[15:09:01]: 2273
[15:09:01]: 2273
[15:09:02]: 2277
[15:09:02]: 2273
[15:09:02]: 2276
[15:09:03]: 2273
[15:09:03]: 2276
[15:09:03]: 2274
[15:09:04]: 2269
[15:09:04]: 2269
[15:09:04]: 2271
[15:09:05]: 2271
[15:09:05]: 2275
[15:09:05]: 2267
[15:09:05]: 2269
[15:09:06]: 2271
[15:09:06]: 2267
[15:09:06]: 2266
[15:09:07]: 2271
[15:09:07]: 2269
[15:09:07]: 2270
[15:09:08]: 2272
 Close valve LR1
[15:09:08]: W2 OH-
 Open valve LRW2
 Open valve V24
[15:09:08]: 2260
[15:09:09]: 2260
[15:09:09]: 2255
[15:09:09]: 2345
[15:09:09]: 12709
[15:09:10]: 13086
[15:09:10]: 13218
[15:09:10]: 13208
[15:09:11]: 13220
[15:09:11]: 13116
[15:09:11]: 13025
[15:09:12]: 13143
[15:09:12]: 12875
[15:09:12]: 12872
[15:09:13]: 12680
[15:09:13]: 12691
[15:09:13]: 12662
[15:09:13]: 11967
[15:09:14]: 12128
[15:09:14]: 11724
[15:09:14]: 12025
[15:09:15]: 11863
[15:09:15]: 11260
[15:09:15]: 11351
[15:09:16]: 11150
[15:09:16]: 11105
[15:09:16]: 10446
[15:09:17]: 10815
[15:09:17]: 10430
[15:09:17]: 10271
[15:09:18]: 10106
[15:09:18]: 9711
[15:09:18]: 9490
[15:09:19]: 9552
[15:09:19]: 9579
[15:09:19]: 9068
[15:09:19]: 9401
[15:09:20]: 9215
[15:09:20]: 8844
[15:09:20]: 8721
[15:09:21]: 8716
[15:09:21]: 8872
[15:09:21]: 8561
[15:09:22]: 8591
[15:09:22]: 8444
[15:09:22]: 8673
[15:09:23]: 8637
[15:09:23]: 8117
[15:09:23]: 8362
[15:09:23]: 8022
[15:09:24]: 8346
[15:09:24]: 8005
[15:09:24]: 7903
[15:09:25]: 7728
[15:09:25]: 7669
[15:09:25]: 7723
[15:09:26]: 7827
[15:09:26]: 7616
[15:09:26]: 7935
[15:09:27]: 7727
 Close valve V24
 Close valve LRW2
[15:09:27]: CROSS H+
 Open valve LR2
[15:09:27]: 8808
[15:09:27]: 2566
[15:09:28]: 2389
[15:09:28]: 2344
[15:09:28]: 2333
[15:09:29]: 2318
[15:09:29]: 2311
[15:09:29]: 2315
[15:09:30]: 2305
[15:09:30]: 2304
[15:09:30]: 2303
[15:09:31]: 2302
[15:09:31]: 2300
[15:09:31]: 2292
[15:09:31]: 2297
[15:09:32]: 2297
[15:09:32]: 2287
[15:09:32]: 2292
[15:09:33]: 2290
[15:09:33]: 2290
[15:09:33]: 2281
[15:09:34]: 2287
[15:09:34]: 2282
[15:09:34]: 2280
[15:09:35]: 2284
[15:09:35]: 2282
[15:09:35]: 2280
[15:09:36]: 2282
[15:09:36]: 2283
[15:09:36]: 2275
[15:09:37]: 2273
[15:09:37]: 2278
[15:09:37]: 2279
[15:09:38]: 2277
[15:09:38]: 2274
[15:09:38]: 2276
[15:09:38]: 2271
[15:09:39]: 2277
[15:09:39]: 2277
[15:09:39]: 2274
[15:09:40]: 2271
[15:09:40]: 2269
[15:09:40]: 2274
[15:09:41]: 2272
[15:09:41]: 2270
[15:09:41]: 2273
[15:09:42]: 2265
[15:09:42]: 2273
[15:09:42]: 2273
[15:09:43]: 2265
[15:09:43]: 2268
[15:09:43]: 2270
[15:09:43]: 2270
[15:09:44]: 2265
[15:09:44]: 2267
[15:09:44]: 2265
[15:09:45]: 2263
[15:09:45]: 2262
[15:09:45]: 2269
[15:09:46]: 2263
 Close valve LR2
[15:09:46]: W2 OH-
 Open valve LRW2
 Open valve V24
[15:09:46]: 2260
[15:09:46]: 2251
[15:09:47]: 2248
[15:09:47]: 2336
[15:09:47]: 12735
[15:09:48]: 13154
[15:09:48]: 13167
[15:09:48]: 13187
[15:09:49]: 13177
[15:09:49]: 13141
[15:09:49]: 13096
[15:09:50]: 13108
[15:09:50]: 13080
[15:09:50]: 12964
[15:09:50]: 12682
[15:09:51]: 12313
[15:09:51]: 12157
[15:09:51]: 12480
[15:09:52]: 12120
[15:09:52]: 11715
[15:09:52]: 11943
[15:09:53]: 11812
[15:09:53]: 11175
[15:09:53]: 11221
[15:09:54]: 11267
[15:09:54]: 10751
[15:09:54]: 10369
[15:09:55]: 10721
[15:09:55]: 10258
[15:09:55]: 10170
[15:09:55]: 9752
[15:09:56]: 9550
[15:09:56]: 9711
[15:09:56]: 9571
[15:09:57]: 9284
[15:09:57]: 9350
[15:09:57]: 9233
[15:09:58]: 8872
[15:09:58]: 8789
[15:09:58]: 8844
[15:09:59]: 8512
[15:09:59]: 8763
[15:09:59]: 8658
[15:10:00]: 8336
[15:10:00]: 8124
[15:10:00]: 8068
[15:10:01]: 7985
[15:10:01]: 8206
[15:10:01]: 7964
[15:10:01]: 8130
[15:10:02]: 8200
[15:10:02]: 8009
[15:10:02]: 7755
[15:10:03]: 7895
[15:10:03]: 7552
[15:10:03]: 7463
[15:10:04]: 7963
[15:10:04]: 7379
[15:10:04]: 7432
[15:10:05]: 7561
 Close valve V24
 Close valve LRW2
[15:10:05]: SQUARE H+
 Open valve LR3
[15:10:05]: 9887
[15:10:05]: 2513
[15:10:06]: 2388
[15:10:06]: 2346
[15:10:06]: 2337
[15:10:07]: 2330
[15:10:07]: 2315
[15:10:07]: 2312
[15:10:08]: 2313
[15:10:08]: 2306
[15:10:08]: 2301
[15:10:09]: 2305
[15:10:09]: 2301
[15:10:09]: 2301
[15:10:10]: 2291
[15:10:10]: 2295
[15:10:10]: 2292
[15:10:10]: 2291
[15:10:11]: 2293
[15:10:11]: 2289
[15:10:11]: 2289
[15:10:12]: 2291
[15:10:12]: 2290
[15:10:12]: 2287
[15:10:13]: 2283
[15:10:13]: 2281
[15:10:13]: 2285
[15:10:14]: 2280
[15:10:14]: 2279
[15:10:14]: 2284
[15:10:15]: 2276
[15:10:15]: 2275
[15:10:15]: 2277
[15:10:15]: 2280
[15:10:16]: 2275
[15:10:16]: 2274
[15:10:16]: 2279
[15:10:17]: 2277
[15:10:17]: 2276
[15:10:17]: 2278
[15:10:18]: 2279
[15:10:18]: 2270
[15:10:18]: 2272
[15:10:19]: 2271
[15:10:19]: 2270
[15:10:19]: 2275
[15:10:19]: 2275
[15:10:20]: 2270
[15:10:20]: 2273
[15:10:20]: 2274
[15:10:21]: 2266
[15:10:21]: 2273
[15:10:21]: 2268
[15:10:22]: 2267
[15:10:22]: 2268
[15:10:22]: 2270
[15:10:23]: 2267
[15:10:23]: 2268
[15:10:23]: 2266
[15:10:24]: 2269
 Close valve LR3
[15:10:24]: W2 OH-
 Open valve LRW2
 Open valve V24
[15:10:24]: 2270
[15:10:24]: 2256
[15:10:25]: 2248
[15:10:25]: 2379
[15:10:25]: 12929
[15:10:26]: 13110
[15:10:26]: 13180
[15:10:26]: 13248
[15:10:27]: 13177
[15:10:27]: 13206
[15:10:27]: 13011
[15:10:28]: 12985
[15:10:28]: 13036
[15:10:28]: 12759
[15:10:29]: 12775
[15:10:29]: 12276
[15:10:29]: 12282
[15:10:29]: 12185
[15:10:30]: 11761
[15:10:30]: 12018
[15:10:30]: 11871
[15:10:31]: 11221
[15:10:31]: 11065
[15:10:31]: 11174
[15:10:32]: 10786
[15:10:32]: 11005
[15:10:32]: 10787
[15:10:33]: 10578
[15:10:33]: 9992
[15:10:33]: 9963
[15:10:33]: 9829
[15:10:34]: 9729
[15:10:34]: 9305
[15:10:34]: 9479
[15:10:35]: 9277
[15:10:35]: 8897
[15:10:35]: 8713
[15:10:36]: 9061
[15:10:36]: 8967
[15:10:36]: 8621
[15:10:37]: 8715
[15:10:37]: 8567
[15:10:37]: 8259
[15:10:38]: 8340
[15:10:38]: 8455
[15:10:38]: 7922
[15:10:39]: 7868
[15:10:39]: 8185
[15:10:39]: 7875
[15:10:39]: 7944
[15:10:40]: 8081
[15:10:40]: 7960
[15:10:40]: 7607
[15:10:41]: 7750
[15:10:41]: 7582
[15:10:41]: 7338
[15:10:42]: 7316
[15:10:42]: 7457
[15:10:42]: 7643
[15:10:43]: 7495
 Close valve V24
 Close valve LRW2
[15:10:43]: PLUS H+
 Open valve LR4
[15:10:43]: 8457
[15:10:43]: 2543
[15:10:44]: 2395
[15:10:44]: 2352
[15:10:44]: 2339
[15:10:45]: 2323
[15:10:45]: 2322
[15:10:45]: 2312
[15:10:46]: 2306
[15:10:46]: 2310
[15:10:46]: 2304
[15:10:47]: 2300
[15:10:47]: 2303
[15:10:47]: 2293
[15:10:48]: 2295
[15:10:48]: 2295
[15:10:48]: 2295
[15:10:49]: 2291
[15:10:49]: 2286
[15:10:49]: 2284
[15:10:49]: 2291
[15:10:50]: 2288
[15:10:50]: 2283
[15:10:50]: 2286
[15:10:51]: 2280
[15:10:51]: 2281
[15:10:51]: 2285
[15:10:52]: 2281
[15:10:52]: 2282
[15:10:52]: 2283
[15:10:53]: 2281
[15:10:53]: 2275
[15:10:53]: 2278
[15:10:53]: 2277
[15:10:54]: 2279
[15:10:54]: 2274
[15:10:54]: 2276
[15:10:55]: 2274
[15:10:55]: 2272
[15:10:55]: 2278
[15:10:56]: 2277
[15:10:56]: 2270
[15:10:56]: 2274
[15:10:57]: 2271
[15:10:57]: 2274
[15:10:57]: 2272
[15:10:58]: 2268
[15:10:58]: 2267
[15:10:58]: 2275
[15:10:58]: 2268
[15:10:59]: 2271
[15:10:59]: 2272
[15:10:59]: 2272
[15:11:00]: 2267
[15:11:00]: 2271
[15:11:00]: 2272
[15:11:01]: 2265
[15:11:01]: 2265
[15:11:01]: 2271
[15:11:02]: 2268
 Close valve LR4
[15:11:02]: W2 OH-
 Open valve LRW2
 Open valve V24
[15:11:02]: 2267
[15:11:03]: 2258
[15:11:03]: 2262
[15:11:03]: 2744
[15:11:04]: 12989
[15:11:04]: 13145
[15:11:04]: 13207
[15:11:04]: 13217
[15:11:05]: 13162
[15:11:05]: 13152
[15:11:05]: 13132
[15:11:06]: 13091
[15:11:06]: 12879
[15:11:06]: 12523
[15:11:07]: 12710
[15:11:07]: 12199
[15:11:07]: 12207
[15:11:08]: 12173
[15:11:08]: 11972
[15:11:08]: 11616
[15:11:09]: 11205
[15:11:09]: 10872
[15:11:09]: 11306
[15:11:10]: 11002
[15:11:10]: 10551
[15:11:10]: 10551
[15:11:11]: 10185
[15:11:11]: 9786
[15:11:11]: 9698
[15:11:11]: 9679
[15:11:12]: 9535
[15:11:12]: 9120
[15:11:12]: 9306
[15:11:13]: 9282
[15:11:13]: 8752
[15:11:13]: 8704
[15:11:14]: 8668
[15:11:14]: 8473
[15:11:14]: 8336
[15:11:15]: 8346
[15:11:15]: 8197
[15:11:15]: 8121
[15:11:16]: 8240
[15:11:16]: 7882
[15:11:16]: 7900
[15:11:17]: 7775
[15:11:17]: 7758
[15:11:17]: 7660
[15:11:17]: 8014
[15:11:18]: 7721
[15:11:18]: 7836
[15:11:18]: 7346
[15:11:19]: 7857
[15:11:19]: 7605
[15:11:19]: 7311
[15:11:20]: 7189
[15:11:20]: 7607
[15:11:20]: 7418
[15:11:21]: 7511
[15:11:21]: 6955
 Close valve V24
 Close valve LRW2
[15:11:21]: CIRCLE H+
 Open valve LR1
[15:11:21]: 8290
[15:11:22]: 2536
[15:11:22]: 2402
[15:11:22]: 2350
[15:11:23]: 2336
[15:11:23]: 2327
[15:11:23]: 2316
[15:11:24]: 2314
[15:11:24]: 2313
[15:11:24]: 2311
[15:11:25]: 2302
[15:11:25]: 2300
[15:11:25]: 2301
[15:11:26]: 2295
[15:11:26]: 2293
[15:11:26]: 2297
[15:11:26]: 2293
[15:11:27]: 2287
[15:11:27]: 2286
[15:11:27]: 2293
[15:11:28]: 2289
[15:11:28]: 2284
[15:11:28]: 2283
[15:11:29]: 2284
[15:11:29]: 2284
[15:11:29]: 2288
[15:11:30]: 2286
[15:11:30]: 2281
[15:11:30]: 2279
[15:11:31]: 2279
[15:11:31]: 2281
[15:11:31]: 2283
[15:11:32]: 2283
[15:11:32]: 2280
[15:11:32]: 2277
[15:11:33]: 2279
[15:11:33]: 2280
[15:11:33]: 2274
[15:11:33]: 2276
[15:11:34]: 2272
[15:11:34]: 2276
[15:11:34]: 2277
[15:11:35]: 2273
[15:11:35]: 2271
[15:11:35]: 2273
[15:11:36]: 2276
[15:11:36]: 2270
[15:11:36]: 2272
[15:11:37]: 2274
[15:11:37]: 2274
[15:11:37]: 2275
[15:11:38]: 2270
[15:11:38]: 2271
[15:11:38]: 2275
[15:11:39]: 2272
[15:11:39]: 2269
[15:11:39]: 2270
[15:11:39]: 2275
[15:11:40]: 2272
[15:11:40]: 2269
 Close valve LR1
[15:11:40]: W2 OH-
 Open valve LRW2
 Open valve V24
[15:11:41]: 2266
[15:11:41]: 2262
[15:11:41]: 2257
[15:11:42]: 2356
[15:11:42]: 12839
[15:11:42]: 13142
[15:11:43]: 13202
[15:11:43]: 13237
[15:11:43]: 13232
[15:11:43]: 13121
[15:11:44]: 12934
[15:11:44]: 12878
[15:11:44]: 12861
[15:11:45]: 12812
[15:11:45]: 12679
[15:11:45]: 12114
[15:11:46]: 12124
[15:11:46]: 11936
[15:11:46]: 11478
[15:11:47]: 11527
[15:11:47]: 11069
[15:11:47]: 11302
[15:11:48]: 10991
[15:11:48]: 11002
[15:11:48]: 10800
[15:11:48]: 10584
[15:11:49]: 10150
[15:11:49]: 9677
[15:11:49]: 9451
[15:11:50]: 9404
[15:11:50]: 9516
[15:11:50]: 9106
[15:11:51]: 8990
[15:11:51]: 8999
[15:11:51]: 8604
[15:11:52]: 8839
[15:11:52]: 8655
[15:11:52]: 8338
[15:11:53]: 8395
[15:11:53]: 8498
[15:11:53]: 7931
[15:11:53]: 7860
[15:11:54]: 8100
[15:11:54]: 7778
[15:11:54]: 7936
[15:11:55]: 8038
[15:11:55]: 7821
[15:11:55]: 7563
[15:11:56]: 7736
[15:11:56]: 7320
[15:11:56]: 7228
[15:11:57]: 7738
[15:11:57]: 7451
[15:11:57]: 7259
[15:11:57]: 7444
[15:11:58]: 7484
[15:11:58]: 7282
[15:11:58]: 6942
[15:11:59]: 6808
[15:11:59]: 6832
 Close valve V24
 Close valve LRW2
[15:11:59]: CROSS H+
 Open valve LR2
[15:12:00]: 7666
[15:12:00]: 2544
[15:12:00]: 2400
[15:12:00]: 2359
[15:12:01]: 2339
[15:12:01]: 2325
[15:12:01]: 2317
[15:12:02]: 2314
[15:12:02]: 2313
[15:12:02]: 2311
[15:12:03]: 2307
[15:12:03]: 2306
[15:12:03]: 2297
[15:12:04]: 2300
[15:12:04]: 2296
[15:12:04]: 2292
[15:12:05]: 2292
[15:12:05]: 2289
[15:12:05]: 2293
[15:12:06]: 2288
[15:12:06]: 2285
[15:12:06]: 2287
[15:12:07]: 2289
[15:12:07]: 2289
[15:12:07]: 2286
[15:12:08]: 2283
[15:12:08]: 2290
[15:12:08]: 2285
[15:12:08]: 2290
[15:12:09]: 2291
[15:12:09]: 2292
[15:12:09]: 2289
[15:12:10]: 2283
[15:12:10]: 2279
[15:12:10]: 2280
[15:12:11]: 2284
[15:12:11]: 2280
[15:12:11]: 2283
[15:12:12]: 2285
[15:12:12]: 2284
[15:12:12]: 2280
[15:12:13]: 2282
[15:12:13]: 2282
[15:12:13]: 2276
[15:12:13]: 2282
[15:12:14]: 2280
[15:12:14]: 2278
[15:12:14]: 2283
[15:12:15]: 2276
[15:12:15]: 2284
[15:12:15]: 2284
[15:12:16]: 2281
[15:12:16]: 2279
[15:12:16]: 2286
[15:12:17]: 2282
[15:12:17]: 2285
[15:12:17]: 2283
[15:12:18]: 2293
[15:12:18]: 2287
[15:12:18]: 2291
 Close valve LR2
[15:12:18]: W2 OH-
 Open valve LRW2
 Open valve V24
[15:12:19]: 2283
[15:12:19]: 2287
[15:12:19]: 2293
[15:12:20]: 2490
[15:12:20]: 12990
[15:12:20]: 13075
[15:12:21]: 13165
[15:12:21]: 13101
[15:12:21]: 13137
[15:12:22]: 13122
[15:12:22]: 13050
[15:12:22]: 12749
[15:12:22]: 12798
[15:12:23]: 12460
[15:12:23]: 12764
[15:12:23]: 12384
[15:12:24]: 12280
[15:12:24]: 11940
[15:12:24]: 12022
[15:12:25]: 11388
[15:12:25]: 11441
[15:12:25]: 11258
[15:12:26]: 11176
[15:12:26]: 11129
[15:12:26]: 10437
[15:12:27]: 10185
[15:12:27]: 10266
[15:12:27]: 10032
[15:12:28]: 9820
[15:12:28]: 9474
[15:12:28]: 9066
[15:12:28]: 9255
[15:12:29]: 8816
[15:12:29]: 9002
[15:12:29]: 8634
[15:12:30]: 8398
[15:12:30]: 8614
[15:12:30]: 8548
[15:12:31]: 8239
[15:12:31]: 7946
[15:12:31]: 8229
[15:12:32]: 8266
[15:12:32]: 7652
[15:12:32]: 7666
[15:12:33]: 7537
[15:12:33]: 7920
[15:12:33]: 7794
[15:12:33]: 7444
[15:12:34]: 7584
[15:12:34]: 7285
[15:12:34]: 7135
[15:12:35]: 7099
[15:12:35]: 7016
[15:12:35]: 7377
[15:12:36]: 7417
[15:12:36]: 6925
[15:12:36]: 7022
[15:12:37]: 6991
[15:12:37]: 6767
[15:12:37]: 7197
 Close valve V24
 Close valve LRW2
[15:12:37]: SQUARE H+
 Open valve LR3
[15:12:38]: 7978
[15:12:38]: 2538
[15:12:38]: 2404
[15:12:39]: 2355
[15:12:39]: 2350
[15:12:39]: 2335
[15:12:40]: 2324
[15:12:40]: 2317
[15:12:40]: 2319
[15:12:41]: 2315
[15:12:41]: 2305
[15:12:41]: 2309
[15:12:41]: 2307
[15:12:42]: 2297
[15:12:42]: 2298
[15:12:42]: 2294
[15:12:43]: 2294
[15:12:43]: 2295
[15:12:43]: 2291
[15:12:44]: 2288
[15:12:44]: 2287
[15:12:44]: 2293
[15:12:45]: 2286
[15:12:45]: 2291
[15:12:45]: 2292
[15:12:46]: 2290
[15:12:46]: 2286
[15:12:46]: 2289
[15:12:46]: 2283
[15:12:47]: 2282
[15:12:47]: 2283
[15:12:47]: 2287
[15:12:48]: 2282
[15:12:48]: 2287
[15:12:48]: 2287
[15:12:49]: 2284
[15:12:49]: 2282
[15:12:49]: 2285
[15:12:50]: 2279
[15:12:50]: 2284
[15:12:50]: 2280
[15:12:51]: 2282
[15:12:51]: 2283
[15:12:51]: 2277
[15:12:51]: 2279
[15:12:52]: 2279
[15:12:52]: 2276
[15:12:52]: 2282
[15:12:53]: 2283
[15:12:53]: 2276
[15:12:53]: 2276
[15:12:54]: 2276
[15:12:54]: 2275
[15:12:54]: 2279
[15:12:55]: 2275
[15:12:55]: 2274
[15:12:55]: 2282
[15:12:56]: 2280
[15:12:56]: 2276
[15:12:56]: 2274
 Close valve LR3
[15:12:56]: W2 OH-
 Open valve LRW2
 Open valve V24
[15:12:57]: 2274
[15:12:57]: 2264
[15:12:57]: 2257
[15:12:58]: 2303
[15:12:58]: 12368
[15:12:58]: 13155
[15:12:59]: 13170
[15:12:59]: 13216
[15:12:59]: 13228
[15:12:59]: 13091
[15:13:00]: 13062
[15:13:00]: 13107
[15:13:00]: 12876
[15:13:01]: 12568
[15:13:01]: 12413
[15:13:01]: 12397
[15:13:02]: 12348
[15:13:02]: 11801
[15:13:02]: 11521
[15:13:03]: 11500
[15:13:03]: 11477
[15:13:03]: 11099
[15:13:04]: 11286
[15:13:04]: 11120
[15:13:04]: 10818
[15:13:04]: 10283
[15:13:05]: 10235
[15:13:05]: 10038
[15:13:05]: 9538
[15:13:06]: 9621
[15:13:06]: 9512
[15:13:06]: 9283
[15:13:07]: 8852
[15:13:07]: 8631
[15:13:07]: 8960
[15:13:08]: 8836
[15:13:08]: 8473
[15:13:08]: 8202
[15:13:09]: 8170
[15:13:09]: 8058
[15:13:09]: 8157
[15:13:10]: 8258
[15:13:10]: 7782
[15:13:10]: 7937
[15:13:11]: 7571
[15:13:11]: 7735
[15:13:11]: 7436
[15:13:12]: 7751
[15:13:12]: 7819
[15:13:12]: 7578
[15:13:12]: 7266
[15:13:13]: 7125
[15:13:13]: 7105
[15:13:13]: 7258
[15:13:14]: 6889
[15:13:14]: 6854
[15:13:14]: 7173
[15:13:15]: 6854
[15:13:15]: 7098
[15:13:15]: 6866
 Close valve V24
 Close valve LRW2
[15:13:16]: PLUS H+
 Open valve LR4
[15:13:16]: 7458
[15:13:16]: 2561
[15:13:17]: 2396
[15:13:17]: 2357
[15:13:17]: 2339
[15:13:18]: 2329
[15:13:18]: 2323
[15:13:18]: 2315
[15:13:19]: 2312
[15:13:19]: 2315
[15:13:19]: 2307
[15:13:19]: 2307
[15:13:20]: 2307
[15:13:20]: 2299
[15:13:20]: 2300
[15:13:21]: 2301
[15:13:21]: 2294
[15:13:21]: 2293
[15:13:22]: 2294
[15:13:22]: 2296
[15:13:22]: 2291
[15:13:23]: 2295
[15:13:23]: 2294
[15:13:23]: 2290
[15:13:23]: 2292
[15:13:24]: 2286
[15:13:24]: 2292
[15:13:24]: 2292
[15:13:25]: 2290
[15:13:25]: 2287
[15:13:25]: 2289
[15:13:26]: 2289
[15:13:26]: 2285
[15:13:26]: 2286
[15:13:27]: 2283
[15:13:27]: 2288
[15:13:27]: 2282
[15:13:27]: 2284
[15:13:28]: 2283
[15:13:28]: 2280
[15:13:28]: 2281
[15:13:29]: 2284
[15:13:29]: 2283
[15:13:29]: 2278
[15:13:30]: 2279
[15:13:30]: 2284
[15:13:30]: 2280
[15:13:31]: 2282
[15:13:31]: 2285
[15:13:31]: 2283
[15:13:32]: 2283
[15:13:32]: 2286
[15:13:32]: 2279
[15:13:32]: 2287
[15:13:33]: 2282
[15:13:33]: 2281
[15:13:33]: 2279
[15:13:34]: 2285
[15:13:34]: 2278
[15:13:34]: 2280
 Close valve LR4
[15:13:34]: W2 OH-
 Open valve LRW2
 Open valve V24
[15:13:35]: 2273
[15:13:35]: 2263
[15:13:36]: 2262
[15:13:36]: 2457
[15:13:36]: 13018
[15:13:37]: 13166
[15:13:37]: 13224
[15:13:37]: 13247
[15:13:37]: 13179
[15:13:38]: 13039
[15:13:38]: 13137
[15:13:38]: 13079
[15:13:39]: 12823
[15:13:39]: 12789
[15:13:39]: 12395
[15:13:40]: 12032
[15:13:40]: 11962
[15:13:40]: 12084
[15:13:41]: 12012
[15:13:41]: 11699
[15:13:41]: 11619
[15:13:41]: 10930
[15:13:42]: 10910
[15:13:42]: 10917
[15:13:42]: 10532
[15:13:43]: 10089
[15:13:43]: 9951
[15:13:43]: 9918
[15:13:44]: 9752
[15:13:44]: 9363
[15:13:44]: 9181
[15:13:45]: 9158
[15:13:45]: 9151
[15:13:45]: 8728
[15:13:46]: 8518
[15:13:46]: 8445
[15:13:46]: 8738
[15:13:46]: 8230
[15:13:47]: 8263
[15:13:47]: 8086
[15:13:47]: 8306
[15:13:48]: 7969
[15:13:48]: 7727
[15:13:48]: 8134
[15:13:49]: 8075
[15:13:49]: 7527
[15:13:49]: 7631
[15:13:50]: 7799
[15:13:50]: 7378
[15:13:50]: 7342
[15:13:51]: 7262
[15:13:51]: 7297
[15:13:51]: 7491
[15:13:51]: 7096
[15:13:52]: 6978
[15:13:52]: 7514
[15:13:52]: 7224
[15:13:53]: 6972
[15:13:53]: 7273
[15:13:53]: 6836
 Close valve V24
 Close valve LRW2
[15:13:53]: CIRCLE H+
 Open valve LR1
[15:13:54]: 7612
[15:13:54]: 2586
[15:13:54]: 2403
[15:13:55]: 2361
[15:13:55]: 2347
[15:13:55]: 2338
[15:13:56]: 2325
[15:13:56]: 2318
[15:13:56]: 2322
[15:13:57]: 2310
[15:13:57]: 2308
[15:13:57]: 2304
[15:13:58]: 2308
[15:13:58]: 2302
[15:13:58]: 2302
[15:13:58]: 2295
[15:13:59]: 2296
[15:13:59]: 2298
[15:13:59]: 2298
[15:14:00]: 2295
[15:14:00]: 2293
[15:14:00]: 2296
[15:14:01]: 2291
[15:14:01]: 2288
[15:14:01]: 2293
[15:14:02]: 2290
[15:14:02]: 2288
[15:14:02]: 2293
[15:14:03]: 2289
[15:14:03]: 2285
[15:14:03]: 2289
[15:14:04]: 2285
[15:14:04]: 2289
[15:14:04]: 2290
[15:14:05]: 2288
[15:14:05]: 2284
[15:14:05]: 2283
[15:14:06]: 2288
[15:14:06]: 2285
[15:14:06]: 2281
[15:14:07]: 2287
[15:14:07]: 2282
[15:14:07]: 2285
[15:14:07]: 2282
[15:14:08]: 2281
[15:14:08]: 2287
[15:14:08]: 2287
[15:14:09]: 2288
[15:14:09]: 2280
[15:14:09]: 2283
[15:14:10]: 2280
[15:14:10]: 2286
[15:14:10]: 2280
[15:14:11]: 2283
[15:14:11]: 2286
[15:14:11]: 2279
[15:14:12]: 2279
[15:14:12]: 2282
[15:14:12]: 2281
[15:14:13]: 2283
 Close valve LR1
[15:14:13]: W2 OH-
 Open valve LRW2
 Open valve V24
[15:14:13]: 2277
[15:14:13]: 2263
[15:14:14]: 2272
[15:14:14]: 2607
[15:14:14]: 13043
[15:14:15]: 13163
[15:14:15]: 13161
[15:14:15]: 13237
[15:14:16]: 13141
[15:14:16]: 13101
[15:14:16]: 13040
[15:14:17]: 12870
[15:14:17]: 12864
[15:14:17]: 12655
[15:14:17]: 12271
[15:14:18]: 12114
[15:14:18]: 12309
[15:14:18]: 11883
[15:14:19]: 11442
[15:14:19]: 11222
[15:14:19]: 11615
[15:14:20]: 11264
[15:14:20]: 10835
[15:14:20]: 10543
[15:14:21]: 10516
[15:14:21]: 10471
[15:14:21]: 10202
[15:14:21]: 10033
[15:14:22]: 9585
[15:14:22]: 9584
[15:14:22]: 9576
[15:14:23]: 9419
[15:14:23]: 8972
[15:14:23]: 8894
[15:14:24]: 8918
[15:14:24]: 8535
[15:14:24]: 8533
[15:14:25]: 8237
[15:14:25]: 8539
[15:14:25]: 8535
[15:14:26]: 8216
[15:14:26]: 7922
[15:14:26]: 7807
[15:14:27]: 8135
[15:14:27]: 7878
[15:14:27]: 7632
[15:14:27]: 7946
[15:14:28]: 8010
[15:14:28]: 7747
[15:14:28]: 7432
[15:14:29]: 7302
[15:14:29]: 7705
[15:14:29]: 7475
[15:14:30]: 7154
[15:14:30]: 7025
[15:14:30]: 6995
[15:14:31]: 7167
[15:14:31]: 7342
[15:14:31]: 6871
[15:14:32]: 6868
 Close valve V24
 Close valve LRW2
[15:14:32]: CROSS H+
 Open valve LR2
[15:14:32]: 9674
[15:14:32]: 2544
[15:14:33]: 2404
[15:14:33]: 2366
[15:14:33]: 2355
[15:14:34]: 2347
[15:14:34]: 2337
[15:14:34]: 2326
[15:14:35]: 2324
[15:14:35]: 2323
[15:14:35]: 2318
[15:14:36]: 2313
[15:14:36]: 2315
[15:14:36]: 2312
[15:14:36]: 2304
[15:14:37]: 2305
[15:14:37]: 2305
[15:14:37]: 2301
[15:14:38]: 2300
[15:14:38]: 2303
[15:14:38]: 2304
[15:14:39]: 2296
[15:14:39]: 2300
[15:14:39]: 2294
[15:14:40]: 2293
[15:14:40]: 2295
[15:14:40]: 2297
[15:14:41]: 2295
[15:14:41]: 2289
[15:14:41]: 2296
[15:14:42]: 2289
[15:14:42]: 2289
[15:14:42]: 2294
[15:14:42]: 2292
[15:14:43]: 2288
[15:14:43]: 2289
[15:14:43]: 2285
[15:14:44]: 2284
[15:14:44]: 2286
[15:14:44]: 2287
[15:14:45]: 2283
[15:14:45]: 2289
[15:14:45]: 2288
[15:14:46]: 2284
[15:14:46]: 2281
[15:14:46]: 2288
[15:14:46]: 2286
[15:14:47]: 2282
[15:14:47]: 2284
[15:14:47]: 2281
[15:14:48]: 2280
[15:14:48]: 2282
[15:14:48]: 2281
[15:14:49]: 2278
[15:14:49]: 2278
[15:14:49]: 2284
[15:14:50]: 2280
[15:14:50]: 2278
[15:14:50]: 2283
[15:14:51]: 2277
 Close valve LR2
[15:14:51]: W2 OH-
 Open valve LRW2
 Open valve V24
[15:14:51]: 2276
[15:14:51]: 2263
[15:14:52]: 2262
[15:14:52]: 2351
[15:14:52]: 12856
[15:14:53]: 13101
[15:14:53]: 13216
[15:14:53]: 13234
[15:14:54]: 13155
[15:14:54]: 13187
[15:14:54]: 12977
[15:14:54]: 13123
[15:14:55]: 12750
[15:14:55]: 12725
[15:14:55]: 12367
[15:14:56]: 12215
[15:14:56]: 12375
[15:14:56]: 11911
[15:14:57]: 11463
[15:14:57]: 11304
[15:14:57]: 11374
[15:14:58]: 11421
[15:14:58]: 11232
[15:14:58]: 10614
[15:14:59]: 10809
[15:14:59]: 10474
[15:14:59]: 10353
[15:14:59]: 10153
[15:15:00]: 9973
[15:15:00]: 9739
[15:15:00]: 9283
[15:15:01]: 9038
[15:15:01]: 9214
[15:15:01]: 9070
[15:15:02]: 8656
[15:15:02]: 8420
[15:15:02]: 8802
[15:15:03]: 8680
[15:15:03]: 8212
[15:15:03]: 8238
[15:15:04]: 8361
[15:15:04]: 7925
[15:15:04]: 7874
[15:15:04]: 7966
[15:15:05]: 8109
[15:15:05]: 7961
[15:15:05]: 7671
[15:15:06]: 7467
[15:15:06]: 7393
[15:15:06]: 7491
[15:15:07]: 7361
[15:15:07]: 7509
[15:15:07]: 7088
[15:15:08]: 7536
[15:15:08]: 7191
[15:15:08]: 7277
[15:15:09]: 7118
[15:15:09]: 6917
[15:15:09]: 6985
[15:15:10]: 7191
 Close valve V24
 Close valve LRW2
[15:15:10]: SQUARE H+
 Open valve LR3
[15:15:10]: 7718
[15:15:10]: 2558
[15:15:11]: 2406
[15:15:11]: 2370
[15:15:11]: 2350
[15:15:12]: 2343
[15:15:12]: 2338
[15:15:12]: 2329
[15:15:13]: 2322
[15:15:13]: 2324
[15:15:13]: 2314
[15:15:13]: 2311
[15:15:14]: 2312
[15:15:14]: 2312
[15:15:14]: 2311
[15:15:15]: 2311
[15:15:15]: 2308
[15:15:15]: 2308
[15:15:16]: 2307
[15:15:16]: 2303
[15:15:16]: 2298
[15:15:17]: 2296
[15:15:17]: 2301
[15:15:17]: 2297
[15:15:18]: 2292
[15:15:18]: 2292
[15:15:18]: 2299
[15:15:19]: 2291
[15:15:19]: 2290
[15:15:19]: 2296
[15:15:19]: 2295
[15:15:20]: 2290
[15:15:20]: 2287
[15:15:20]: 2295
[15:15:21]: 2286
[15:15:21]: 2287
[15:15:21]: 2286
[15:15:22]: 2287
[15:15:22]: 2290
[15:15:22]: 2286
[15:15:23]: 2283
[15:15:23]: 2284
[15:15:23]: 2287
[15:15:24]: 2284
[15:15:24]: 2288
[15:15:24]: 2284
[15:15:25]: 2283
[15:15:25]: 2282
[15:15:25]: 2287
[15:15:25]: 2288
[15:15:26]: 2285
[15:15:26]: 2283
[15:15:26]: 2280
[15:15:27]: 2281
[15:15:27]: 2285
[15:15:27]: 2279
[15:15:28]: 2278
[15:15:28]: 2278
[15:15:28]: 2283
[15:15:29]: 2284
 Close valve LR3
[15:15:29]: W2 OH-
 Open valve LRW2
 Open valve V24
[15:15:29]: 2280
[15:15:29]: 2267
[15:15:30]: 2261
[15:15:30]: 2339
[15:15:30]: 12760
[15:15:31]: 13138
[15:15:31]: 13205
[15:15:31]: 13238
[15:15:32]: 13205
[15:15:32]: 13139
[15:15:32]: 13144
[15:15:33]: 13048
[15:15:33]: 12925
[15:15:33]: 12884
[15:15:34]: 12779
[15:15:34]: 12449
[15:15:34]: 11994
[15:15:35]: 12217
[15:15:35]: 11614
[15:15:35]: 11335
[15:15:36]: 11650
[15:15:36]: 11196
[15:15:36]: 11232
[15:15:37]: 10665
[15:15:37]: 10776
[15:15:37]: 10250
[15:15:37]: 10202
[15:15:38]: 10002
[15:15:38]: 9543
[15:15:38]: 9404
[15:15:39]: 9236
[15:15:39]: 9238
[15:15:39]: 8855
[15:15:40]: 8691
[15:15:40]: 8623
[15:15:40]: 8823
[15:15:41]: 8813
[15:15:41]: 8268
[15:15:41]: 8184
[15:15:42]: 8387
[15:15:42]: 8054
[15:15:42]: 8132
[15:15:42]: 8239
[15:15:43]: 8150
[15:15:43]: 7623
[15:15:43]: 7922
[15:15:44]: 7612
[15:15:44]: 7719
[15:15:44]: 7828
[15:15:45]: 7468
[15:15:45]: 7383
[15:15:45]: 7425
[15:15:46]: 7175
[15:15:46]: 7063
[15:15:46]: 7048
[15:15:47]: 7305
[15:15:47]: 7426
[15:15:47]: 7294
[15:15:47]: 6979
[15:15:48]: 7170
 Close valve V24
 Close valve LRW2
[15:15:48]: PLUS H+
 Open valve LR4
[15:15:48]: 9690
[15:15:49]: 2595
[15:15:49]: 2397
[15:15:49]: 2350
[15:15:49]: 2343
[15:15:50]: 2329
[15:15:50]: 2323
[15:15:50]: 2321
[15:15:51]: 2315
[15:15:51]: 2312
[15:15:51]: 2312
[15:15:52]: 2307
[15:15:52]: 2308
[15:15:52]: 2308
[15:15:53]: 2306
[15:15:53]: 2299
[15:15:53]: 2297
[15:15:53]: 2298
[15:15:54]: 2296
[15:15:54]: 2298
[15:15:54]: 2295
[15:15:55]: 2294
[15:15:55]: 2296
[15:15:55]: 2296
[15:15:56]: 2289
[15:15:56]: 2290
[15:15:56]: 2290
[15:15:57]: 2291
[15:15:57]: 2287
[15:15:57]: 2289
[15:15:58]: 2291
[15:15:58]: 2292
[15:15:58]: 2292
[15:15:59]: 2290
[15:15:59]: 2285
[15:15:59]: 2286
[15:15:59]: 2286
[15:16:00]: 2290
[15:16:00]: 2283
[15:16:00]: 2283
[15:16:01]: 2286
[15:16:01]: 2283
[15:16:01]: 2286
[15:16:02]: 2286
[15:16:02]: 2281
[15:16:02]: 2281
[15:16:03]: 2283
[15:16:03]: 2284
[15:16:03]: 2280
[15:16:04]: 2281
[15:16:04]: 2283
[15:16:04]: 2280
[15:16:05]: 2283
[15:16:05]: 2284
[15:16:05]: 2282
[15:16:05]: 2278
[15:16:06]: 2281
[15:16:06]: 2278
[15:16:06]: 2277
[15:16:07]: 2279
 Close valve LR4
[15:16:07]: W2 OH-
 Open valve LRW2
 Open valve V24
[15:16:07]: 2280
[15:16:08]: 2265
[15:16:08]: 2252
[15:16:08]: 2346
[15:16:09]: 12809
[15:16:09]: 13144
[15:16:09]: 13208
[15:16:10]: 13237
[15:16:10]: 13233
[15:16:10]: 13232
[15:16:10]: 13129
[15:16:11]: 13015
[15:16:11]: 13105
[15:16:11]: 12810
[15:16:12]: 12656
[15:16:12]: 12361
[15:16:12]: 12628
[15:16:13]: 12453
[15:16:13]: 11945
[15:16:13]: 11585
[15:16:14]: 11861
[15:16:14]: 11619
[15:16:14]: 11190
[15:16:15]: 11210
[15:16:15]: 11127
[15:16:15]: 10427
[15:16:15]: 10211
[15:16:16]: 10127
[15:16:16]: 10059
[15:16:16]: 9656
[15:16:17]: 9387
[15:16:17]: 9516
[15:16:17]: 9354
[15:16:18]: 9036
[15:16:18]: 8948
[15:16:18]: 8659
[15:16:19]: 8762
[15:16:19]: 8388
[15:16:19]: 8261
[15:16:19]: 8214
[15:16:20]: 8244
[15:16:20]: 8094
[15:16:20]: 7937
[15:16:21]: 7885
[15:16:21]: 7731
[15:16:21]: 8062
[15:16:22]: 8003
[15:16:22]: 7750
[15:16:22]: 7597
[15:16:23]: 7725
[15:16:23]: 7716
[15:16:23]: 7362
[15:16:24]: 7426
[15:16:24]: 7574
[15:16:24]: 7092
[15:16:24]: 7559
[15:16:25]: 7445
[15:16:25]: 7163
[15:16:25]: 7177
[15:16:26]: 7301
 Close valve V24
 Close valve LRW2
[15:16:26]: CIRCLE H+
 Open valve LR1
[15:16:26]: 8070
[15:16:26]: 2576
[15:16:27]: 2406
[15:16:27]: 2362
[15:16:27]: 2345
[15:16:28]: 2337
[15:16:28]: 2328
[15:16:28]: 2322
[15:16:29]: 2318
[15:16:29]: 2316
[15:16:29]: 2316
[15:16:30]: 2313
[15:16:30]: 2311
[15:16:30]: 2311
[15:16:30]: 2310
[15:16:31]: 2306
[15:16:31]: 2302
[15:16:31]: 2299
[15:16:32]: 2306
[15:16:32]: 2303
[15:16:32]: 2298
[15:16:33]: 2295
[15:16:33]: 2295
[15:16:33]: 2297
[15:16:34]: 2299
[15:16:34]: 2298
[15:16:34]: 2295
[15:16:35]: 2290
[15:16:35]: 2290
[15:16:35]: 2291
[15:16:36]: 2293
[15:16:36]: 2294
[15:16:36]: 2286
[15:16:37]: 2293
[15:16:37]: 2289
[15:16:37]: 2288
[15:16:37]: 2285
[15:16:38]: 2290
[15:16:38]: 2286
[15:16:38]: 2287
[15:16:39]: 2288
[15:16:39]: 2282
[15:16:39]: 2282
[15:16:40]: 2287
[15:16:40]: 2283
[15:16:40]: 2281
[15:16:41]: 2283
[15:16:41]: 2285
[15:16:41]: 2281
[15:16:42]: 2285
[15:16:42]: 2286
[15:16:42]: 2285
[15:16:42]: 2279
[15:16:43]: 2279
[15:16:43]: 2277
[15:16:43]: 2278
[15:16:44]: 2280
[15:16:44]: 2275
[15:16:44]: 2274
[15:16:45]: 2279
 Close valve LR1
[15:16:45]: W2 OH-
 Open valve LRW2
 Open valve V24
[15:16:45]: 2276
[15:16:45]: 2258
[15:16:46]: 2256
[15:16:46]: 2314
[15:16:46]: 12588
[15:16:47]: 13123
[15:16:47]: 13179
[15:16:47]: 13252
[15:16:48]: 13226
[15:16:48]: 13222
[15:16:48]: 13196
[15:16:49]: 13072
[15:16:49]: 13023
[15:16:49]: 12983
[15:16:50]: 12511
[15:16:50]: 12386
[15:16:50]: 12356
[15:16:51]: 12147
[15:16:51]: 12184
[15:16:51]: 12019
[15:16:51]: 11808
[15:16:52]: 11476
[15:16:52]: 11339
[15:16:52]: 11307
[15:16:53]: 10649
[15:16:53]: 10389
[15:16:53]: 10609
[15:16:54]: 10309
[15:16:54]: 9926
[15:16:54]: 9789
[15:16:55]: 9502
[15:16:55]: 9520
[15:16:55]: 9147
[15:16:55]: 9241
[15:16:56]: 8910
[15:16:56]: 8829
[15:16:56]: 8839
[15:16:57]: 8824
[15:16:57]: 8275
[15:16:57]: 8238
[15:16:58]: 8300
[15:16:58]: 8049
[15:16:58]: 7925
[15:16:59]: 7861
[15:16:59]: 7777
[15:16:59]: 8040
[15:16:59]: 7759
[15:17:00]: 8032
[15:17:00]: 7451
[15:17:00]: 7471
[15:17:01]: 7384
[15:17:01]: 7318
[15:17:01]: 7607
[15:17:02]: 7305
[15:17:02]: 7421
[15:17:02]: 7014
[15:17:03]: 7117
[15:17:03]: 7289
[15:17:03]: 7392
[15:17:04]: 7246
 Close valve V24
 Close valve LRW2
[15:17:04]: CROSS H+
 Open valve LR2
[15:17:04]: 8056
[15:17:04]: 2566
[15:17:05]: 2402
[15:17:05]: 2354
[15:17:05]: 2341
[15:17:06]: 2324
[15:17:06]: 2316
[15:17:06]: 2318
[15:17:07]: 2316
[15:17:07]: 2305
[15:17:07]: 2303
[15:17:08]: 2302
[15:17:08]: 2298
[15:17:08]: 2294
[15:17:08]: 2294
[15:17:09]: 2298
[15:17:09]: 2290
[15:17:09]: 2293
[15:17:10]: 2289
[15:17:10]: 2286
[15:17:10]: 2286
[15:17:11]: 2288
[15:17:11]: 2284
[15:17:11]: 2284
[15:17:12]: 2288
[15:17:12]: 2286
[15:17:12]: 2280
[15:17:13]: 2284
[15:17:13]: 2281
[15:17:13]: 2286
[15:17:13]: 2281
[15:17:14]: 2285
[15:17:14]: 2280
[15:17:14]: 2279
[15:17:15]: 2279
[15:17:15]: 2283
[15:17:15]: 2280
[15:17:16]: 2279
[15:17:16]: 2284
[15:17:16]: 2280
[15:17:17]: 2284
[15:17:17]: 2278
[15:17:17]: 2284
[15:17:18]: 2283
[15:17:18]: 2283
[15:17:18]: 2282
[15:17:19]: 2279
[15:17:19]: 2281
[15:17:19]: 2281
[15:17:19]: 2279
[15:17:20]: 2285
[15:17:20]: 2285
[15:17:20]: 2279
[15:17:21]: 2280
[15:17:21]: 2279
[15:17:21]: 2281
[15:17:22]: 2283
[15:17:22]: 2283
[15:17:22]: 2282
[15:17:23]: 2279
 Close valve LR2
[15:17:23]: W2 OH-
 Open valve LRW2
 Open valve V24
[15:17:23]: 2282
[15:17:23]: 2266
[15:17:24]: 2267
[15:17:24]: 2383
[15:17:24]: 12925
[15:17:25]: 13135
[15:17:25]: 13229
[15:17:25]: 13239
[15:17:26]: 13177
[15:17:26]: 13207
[15:17:26]: 13193
[15:17:27]: 13142
[15:17:27]: 12977
[15:17:27]: 12817
[15:17:28]: 12488
[15:17:28]: 12281
[15:17:28]: 12544
[15:17:28]: 12171
[15:17:29]: 11981
[15:17:29]: 11969
[15:17:29]: 11350
[15:17:30]: 11187
[15:17:30]: 11219
[15:17:30]: 11315
[15:17:31]: 11004
[15:17:31]: 10838
[15:17:31]: 10585
[15:17:31]: 9904
[15:17:32]: 9836
[15:17:32]: 9919
[15:17:32]: 9545
[15:17:33]: 9514
[15:17:33]: 9311
[15:17:33]: 8925
[15:17:34]: 8711
[15:17:34]: 8630
[15:17:34]: 8917
[15:17:35]: 8572
[15:17:35]: 8321
[15:17:35]: 8519
[15:17:36]: 8484
[15:17:36]: 8188
[15:17:36]: 7915
[15:17:37]: 8210
[15:17:37]: 8230
[15:17:37]: 7670
[15:17:38]: 7717
[15:17:38]: 7585
[15:17:38]: 7562
[15:17:38]: 7742
[15:17:39]: 7444
[15:17:39]: 7291
[15:17:39]: 7801
[15:17:40]: 7623
[15:17:40]: 7313
[15:17:40]: 7160
[15:17:41]: 7135
[15:17:41]: 7392
[15:17:41]: 7087
[15:17:42]: 7308
 Close valve V24
 Close valve LRW2
[15:17:42]: SQUARE H+
 Open valve LR3
[15:17:42]: 10433
[15:17:42]: 2584
[15:17:43]: 2410
[15:17:43]: 2364
[15:17:43]: 2346
[15:17:44]: 2337
[15:17:44]: 2332
[15:17:44]: 2325
[15:17:45]: 2321
[15:17:45]: 2316
[15:17:45]: 2317
[15:17:46]: 2313
[15:17:46]: 2313
[15:17:46]: 2311
[15:17:47]: 2310
[15:17:47]: 2307
[15:17:47]: 2303
[15:17:47]: 2301
[15:17:48]: 2300
[15:17:48]: 2303
[15:17:48]: 2299
[15:17:49]: 2297
[15:17:49]: 2296
[15:17:49]: 2297
[15:17:50]: 2295
[15:17:50]: 2296
[15:17:50]: 2291
[15:17:51]: 2296
[15:17:51]: 2290
[15:17:51]: 2293
[15:17:52]: 2289
[15:17:52]: 2288
[15:17:52]: 2291
[15:17:52]: 2287
[15:17:53]: 2285
[15:17:53]: 2284
[15:17:53]: 2289
[15:17:54]: 2287
[15:17:54]: 2286
[15:17:54]: 2287
[15:17:55]: 2284
[15:17:55]: 2283
[15:17:55]: 2284
[15:17:56]: 2281
[15:17:56]: 2280
[15:17:56]: 2286
[15:17:57]: 2284
[15:17:57]: 2283
[15:17:57]: 2282
[15:17:57]: 2280
[15:17:58]: 2282
[15:17:58]: 2283
[15:17:58]: 2277
[15:17:59]: 2282
[15:17:59]: 2280
[15:17:59]: 2278
[15:18:00]: 2280
[15:18:00]: 2276
[15:18:00]: 2275
[15:18:01]: 2275
 Close valve LR3
[15:18:01]: W2 OH-
 Open valve LRW2
 Open valve V24
[15:18:01]: 2279
[15:18:01]: 2265
[15:18:02]: 2252
[15:18:02]: 2317
[15:18:02]: 12572
[15:18:03]: 13160
[15:18:03]: 13225
[15:18:03]: 13220
[15:18:04]: 13234
[15:18:04]: 13232
[15:18:04]: 13145
[15:18:05]: 13065
[15:18:05]: 13031
[15:18:05]: 13003
[15:18:06]: 12944
[15:18:06]: 12786
[15:18:06]: 12688
[15:18:07]: 12401
[15:18:07]: 12015
[15:18:07]: 11683
[15:18:07]: 11579
[15:18:08]: 11623
[15:18:08]: 11601
[15:18:08]: 11413
[15:18:09]: 11088
[15:18:09]: 10689
[15:18:09]: 10610
[15:18:10]: 10406
[15:18:10]: 9904
[15:18:10]: 9797
[15:18:11]: 9817
[15:18:11]: 9447
[15:18:11]: 9347
[15:18:12]: 8983
[15:18:12]: 9261
[15:18:12]: 9001
[15:18:12]: 8650
[15:18:13]: 8636
[15:18:13]: 8659
[15:18:13]: 8288
[15:18:14]: 8254
[15:18:14]: 8304
[15:18:14]: 8386
[15:18:15]: 7883
[15:18:15]: 7840
[15:18:15]: 7896
[15:18:16]: 8027
[15:18:16]: 7969
[15:18:16]: 7945
[15:18:17]: 7778
[15:18:17]: 7508
[15:18:17]: 7345
[15:18:17]: 7759
[15:18:18]: 7625
[15:18:18]: 7248
[15:18:18]: 7196
[15:18:19]: 7143
[15:18:19]: 7406
[15:18:19]: 7145
[15:18:20]: 7249
 Close valve V24
 Close valve LRW2
[15:18:20]: PLUS H+
 Open valve LR4
[15:18:20]: 7355
[15:18:20]: 2635
[15:18:21]: 2409
[15:18:21]: 2355
[15:18:21]: 2334
[15:18:22]: 2324
[15:18:22]: 2318
[15:18:22]: 2316
[15:18:23]: 2314
[15:18:23]: 2310
[15:18:23]: 2306
[15:18:24]: 2303
[15:18:24]: 2301
[15:18:24]: 2300
[15:18:25]: 2297
[15:18:25]: 2293
[15:18:25]: 2296
[15:18:26]: 2296
[15:18:26]: 2292
[15:18:26]: 2292
[15:18:26]: 2289
[15:18:27]: 2287
[15:18:27]: 2285
[15:18:27]: 2287
[15:18:28]: 2284
[15:18:28]: 2282
[15:18:28]: 2286
[15:18:29]: 2281
[15:18:29]: 2282
[15:18:29]: 2280
[15:18:30]: 2279
[15:18:30]: 2280
[15:18:30]: 2277
[15:18:31]: 2280
[15:18:31]: 2278
[15:18:31]: 2276
[15:18:32]: 2277
[15:18:32]: 2277
[15:18:32]: 2277
[15:18:33]: 2275
[15:18:33]: 2277
[15:18:33]: 2276
[15:18:33]: 2271
[15:18:34]: 2271
[15:18:34]: 2271
[15:18:34]: 2270
[15:18:35]: 2270
[15:18:35]: 2268
[15:18:35]: 2273
[15:18:36]: 2273
[15:18:36]: 2271
[15:18:36]: 2272
[15:18:37]: 2270
[15:18:37]: 2271
[15:18:37]: 2269
[15:18:38]: 2268
[15:18:38]: 2273
[15:18:38]: 2268
[15:18:38]: 2273
[15:18:39]: 2271
 Close valve LR4
[15:18:39]: W2 OH-
 Open valve LRW2
 Open valve V24
[15:18:39]: 2267
[15:18:40]: 2254
[15:18:40]: 2249
[15:18:40]: 2389
[15:18:40]: 12803
[15:18:41]: 13177
[15:18:41]: 13204
[15:18:41]: 13233
[15:18:42]: 13241
[15:18:42]: 13236
[15:18:42]: 13199
[15:18:43]: 13183
[15:18:43]: 12976
[15:18:43]: 13065
[15:18:44]: 12916
[15:18:44]: 12604
[15:18:44]: 12642
[15:18:45]: 12534
[15:18:45]: 12110
[15:18:45]: 11904
[15:18:45]: 11580
[15:18:46]: 11407
[15:18:46]: 11407
[15:18:46]: 11211
[15:18:47]: 10829
[15:18:47]: 10531
[15:18:47]: 10719
[15:18:48]: 10396
[15:18:48]: 10063
[15:18:48]: 9897
[15:18:49]: 9672
[15:18:49]: 9595
[15:18:49]: 9258
[15:18:50]: 9177
[15:18:50]: 9136
[15:18:50]: 8725
[15:18:50]: 8604
[15:18:51]: 8536
[15:18:51]: 8534
[15:18:51]: 8580
[15:18:52]: 8476
[15:18:52]: 8209
[15:18:52]: 8201
[15:18:53]: 8255
[15:18:53]: 8213
[15:18:53]: 7725
[15:18:54]: 7749
[15:18:54]: 7642
[15:18:54]: 7918
[15:18:55]: 7460
[15:18:55]: 7386
[15:18:55]: 7433
[15:18:56]: 7586
[15:18:56]: 7626
[15:18:56]: 7231
[15:18:57]: 7516
[15:18:57]: 7062
[15:18:57]: 7070
[15:18:58]: 7352
[15:18:58]: 7104
 Close valve V24
 Close valve LRW2
[15:18:58]: CIRCLE H+
 Open valve LR1
[15:18:58]: 9216
[15:18:59]: 2613
[15:18:59]: 2405
[15:18:59]: 2362
[15:19:00]: 2343
[15:19:00]: 2338
[15:19:00]: 2333
[15:19:01]: 2330
[15:19:01]: 2324
[15:19:01]: 2319
[15:19:02]: 2317
[15:19:02]: 2317
[15:19:02]: 2311
[15:19:03]: 2314
[15:19:03]: 2307
[15:19:03]: 2308
[15:19:03]: 2307
[15:19:04]: 2305
[15:19:04]: 2306
[15:19:05]: 2300
[15:19:05]: 2301
[15:19:05]: 2301
[15:19:05]: 2301
[15:19:06]: 2298
[15:19:06]: 2295
[15:19:06]: 2299
[15:19:07]: 2299
[15:19:07]: 2297
[15:19:07]: 2291
[15:19:08]: 2295
[15:19:08]: 2294
[15:19:08]: 2293
[15:19:09]: 2290
[15:19:09]: 2288
[15:19:09]: 2294
[15:19:10]: 2292
[15:19:10]: 2290
[15:19:10]: 2287
[15:19:11]: 2288
[15:19:11]: 2289
[15:19:11]: 2287
[15:19:11]: 2288
[15:19:12]: 2289
[15:19:12]: 2284
[15:19:12]: 2287
[15:19:13]: 2284
[15:19:13]: 2283
[15:19:13]: 2284
[15:19:14]: 2284
[15:19:14]: 2281
[15:19:14]: 2280
[15:19:15]: 2280
[15:19:15]: 2285
[15:19:15]: 2285
[15:19:16]: 2284
[15:19:16]: 2281
[15:19:16]: 2281
[15:19:17]: 2280
[15:19:17]: 2278
[15:19:17]: 2277
 Close valve LR1
[15:19:17]: W2 OH-
 Open valve LRW2
 Open valve V24
[15:19:18]: 2277
[15:19:18]: 2257
[15:19:18]: 2248
[15:19:19]: 2307
[15:19:19]: 12700
[15:19:19]: 13149
[15:19:20]: 13220
[15:19:20]: 13233
[15:19:20]: 13219
[15:19:20]: 13260
[15:19:21]: 13195
[15:19:21]: 13142
[15:19:21]: 13109
[15:19:22]: 13063
[15:19:22]: 12730
[15:19:22]: 12776
[15:19:23]: 12534
[15:19:23]: 12364
[15:19:23]: 11985
[15:19:24]: 11707
[15:19:24]: 11630
[15:19:24]: 11778
[15:19:25]: 11431
[15:19:25]: 11424
[15:19:25]: 10855
[15:19:25]: 10977
[15:19:26]: 10663
[15:19:26]: 10325
[15:19:26]: 10215
[15:19:27]: 10039
[15:19:27]: 9896
[15:19:27]: 9330
[15:19:28]: 9269
[15:19:28]: 9365
[15:19:28]: 9043
[15:19:29]: 9081
[15:19:29]: 8694
[15:19:29]: 8817
[15:19:30]: 8710
[15:19:30]: 8793
[15:19:30]: 8299
[15:19:30]: 8621
[15:19:31]: 8512
[15:19:31]: 8237
[15:19:31]: 8072
[15:19:32]: 8157
[15:19:32]: 7847
[15:19:32]: 7760
[15:19:33]: 7784
[15:19:33]: 7905
[15:19:33]: 7733
[15:19:34]: 7462
[15:19:34]: 7470
[15:19:34]: 7710
[15:19:35]: 7417
[15:19:35]: 7330
[15:19:35]: 7633
[15:19:35]: 7524
[15:19:36]: 7228
[15:19:36]: 7372
 Close valve V24
 Close valve LRW2
[15:19:36]: CROSS H+
 Open valve LR2
[15:19:37]: 8679
[15:19:37]: 2594
[15:19:37]: 2416
[15:19:38]: 2351
[15:19:38]: 2334
[15:19:38]: 2324
[15:19:39]: 2315
[15:19:39]: 2309
[15:19:39]: 2313
[15:19:40]: 2305
[15:19:40]: 2305
[15:19:40]: 2299
[15:19:41]: 2301
[15:19:41]: 2298
[15:19:41]: 2299
[15:19:42]: 2298
[15:19:42]: 2294
[15:19:42]: 2290
[15:19:42]: 2292
[15:19:43]: 2289
[15:19:43]: 2291
[15:19:43]: 2291
[15:19:44]: 2292
[15:19:44]: 2285
[15:19:44]: 2286
[15:19:45]: 2288
[15:19:45]: 2284
[15:19:45]: 2288
[15:19:46]: 2285
[15:19:46]: 2287
[15:19:46]: 2281
[15:19:47]: 2287
[15:19:47]: 2282
[15:19:47]: 2285
[15:19:48]: 2285
[15:19:48]: 2281
[15:19:48]: 2282
[15:19:48]: 2283
[15:19:49]: 2286
[15:19:49]: 2279
[15:19:49]: 2286
[15:19:50]: 2284
[15:19:50]: 2282
[15:19:50]: 2283
[15:19:51]: 2284
[15:19:51]: 2282
[15:19:51]: 2279
[15:19:52]: 2278
[15:19:52]: 2279
[15:19:52]: 2282
[15:19:53]: 2279
[15:19:53]: 2282
[15:19:53]: 2278
[15:19:53]: 2277
[15:19:54]: 2281
[15:19:54]: 2279
[15:19:54]: 2280
[15:19:55]: 2275
[15:19:55]: 2281
[15:19:55]: 2281
 Close valve LR2
[15:19:55]: W2 OH-
 Open valve LRW2
 Open valve V24
[15:19:56]: 2272
[15:19:56]: 2263
[15:19:56]: 2252
[15:19:57]: 2472
[15:19:57]: 13001
[15:19:57]: 13186
[15:19:58]: 13233
[15:19:58]: 13235
[15:19:58]: 13233
[15:19:59]: 13250
[15:19:59]: 13147
[15:19:59]: 13199
[15:20:00]: 13071
[15:20:00]: 13006
[15:20:00]: 12783
[15:20:00]: 12822
[15:20:01]: 12339
[15:20:01]: 12354
[15:20:01]: 12190
[15:20:02]: 12217
[15:20:02]: 11613
[15:20:02]: 11893
[15:20:03]: 11702
[15:20:03]: 11597
[15:20:03]: 11401
[15:20:04]: 10753
[15:20:04]: 10739
[15:20:04]: 10509
[15:20:05]: 10440
[15:20:05]: 9909
[15:20:05]: 10000
[15:20:06]: 9754
[15:20:06]: 9655
[15:20:06]: 9542
[15:20:07]: 9404
[15:20:07]: 8971
[15:20:07]: 8828
[15:20:07]: 8787
[15:20:08]: 8744
[15:20:08]: 8528
[15:20:08]: 8358
[15:20:09]: 8538
[15:20:09]: 8289
[15:20:09]: 8372
[15:20:10]: 8403
[15:20:10]: 8196
[15:20:10]: 7939
[15:20:11]: 8217
[15:20:11]: 7718
[15:20:11]: 7814
[15:20:12]: 7963
[15:20:12]: 7962
[15:20:12]: 7705
[15:20:13]: 7912
[15:20:13]: 7524
[15:20:13]: 7377
[15:20:14]: 7666
[15:20:14]: 7468
[15:20:14]: 7386
[15:20:15]: 7239
 Close valve V24
 Close valve LRW2
[15:20:15]: SQUARE H+
 Open valve LR3
[15:20:15]: 7254
[15:20:15]: 2539
[15:20:16]: 2402
[15:20:16]: 2353
[15:20:16]: 2338
[15:20:17]: 2332
[15:20:17]: 2329
[15:20:17]: 2324
[15:20:18]: 2319
[15:20:18]: 2316
[15:20:18]: 2314
[15:20:19]: 2309
[15:20:19]: 2307
[15:20:19]: 2309
[15:20:20]: 2304
[15:20:20]: 2303
[15:20:20]: 2302
[15:20:21]: 2302
[15:20:21]: 2302
[15:20:21]: 2300
[15:20:22]: 2297
[15:20:22]: 2295
[15:20:22]: 2294
[15:20:23]: 2293
[15:20:23]: 2295
[15:20:23]: 2289
[15:20:24]: 2292
[15:20:24]: 2289
[15:20:24]: 2289
[15:20:25]: 2289
[15:20:25]: 2290
[15:20:25]: 2290
[15:20:26]: 2286
[15:20:26]: 2286
[15:20:26]: 2287
[15:20:27]: 2287
[15:20:27]: 2285
[15:20:27]: 2283
[15:20:28]: 2283
[15:20:28]: 2281
[15:20:28]: 2283
[15:20:29]: 2279
[15:20:29]: 2279
[15:20:29]: 2280
[15:20:30]: 2279
[15:20:30]: 2278
[15:20:30]: 2279
[15:20:30]: 2278
[15:20:31]: 2279
[15:20:31]: 2280
[15:20:31]: 2279
[15:20:32]: 2275
[15:20:32]: 2276
[15:20:32]: 2276
[15:20:33]: 2275
[15:20:33]: 2275
[15:20:33]: 2275
[15:20:34]: 2272
[15:20:34]: 2272
[15:20:34]: 2274
 Close valve LR3
[15:20:34]: W2 OH-
 Open valve LRW2
 Open valve V24
[15:20:35]: 2276
[15:20:35]: 2259
[15:20:35]: 2248
[15:20:36]: 2367
[15:20:36]: 12993
[15:20:36]: 13149
[15:20:37]: 13215
[15:20:37]: 13252
[15:20:37]: 13261
[15:20:38]: 13209
[15:20:38]: 13236
[15:20:38]: 13211
[15:20:39]: 13170
[15:20:39]: 13042
[15:20:39]: 12850
[15:20:39]: 12600
[15:20:40]: 12454
[15:20:40]: 12429
[15:20:40]: 12510
[15:20:41]: 11916
[15:20:41]: 12124
[15:20:41]: 11928
[15:20:42]: 11721
[15:20:42]: 11612
[15:20:42]: 10948
[15:20:43]: 10825
[15:20:43]: 10772
[15:20:43]: 10525
[15:20:44]: 10385
[15:20:44]: 10218
[15:20:44]: 9808
[15:20:44]: 9646
[15:20:45]: 9447
[15:20:45]: 9491
[15:20:45]: 9110
[15:20:46]: 9050
[15:20:46]: 9034
[15:20:46]: 8787
[15:20:47]: 8875
[15:20:47]: 8832
[15:20:47]: 8518
[15:20:48]: 8376
[15:20:48]: 8569
[15:20:48]: 8561
[15:20:49]: 8462
[15:20:49]: 8125
[15:20:49]: 8163
[15:20:50]: 8220
[15:20:50]: 7858
[15:20:50]: 7860
[15:20:50]: 8049
[15:20:51]: 7673
[15:20:51]: 7548
[15:20:51]: 7946
[15:20:52]: 7750
[15:20:52]: 7510
[15:20:52]: 7633
[15:20:53]: 7684
[15:20:53]: 7521
[15:20:53]: 7293
 Close valve V24
 Close valve LRW2
[15:20:53]: PLUS H+
 Open valve LR4
[15:20:54]: 8329
[15:20:54]: 2599
[15:20:54]: 2413
[15:20:55]: 2336
[15:20:55]: 2326
[15:20:55]: 2322
[15:20:56]: 2317
[15:20:56]: 2314
[15:20:56]: 2312
[15:20:57]: 2310
[15:20:57]: 2306
[15:20:57]: 2308
[15:20:58]: 2304
[15:20:58]: 2304
[15:20:58]: 2302
[15:20:59]: 2302
[15:20:59]: 2301
[15:20:59]: 2300
[15:20:59]: 2299
[15:21:00]: 2297
[15:21:00]: 2293
[15:21:00]: 2294
[15:21:01]: 2292
[15:21:01]: 2291
[15:21:01]: 2291
[15:21:02]: 2288
[15:21:02]: 2286
[15:21:02]: 2286
[15:21:03]: 2287
[15:21:03]: 2285
[15:21:03]: 2285
[15:21:04]: 2286
[15:21:04]: 2287
[15:21:04]: 2282
[15:21:05]: 2286
[15:21:05]: 2282
[15:21:05]: 2282
[15:21:05]: 2281
[15:21:06]: 2282
[15:21:06]: 2281
[15:21:06]: 2279
[15:21:07]: 2282
[15:21:07]: 2277
[15:21:07]: 2280
[15:21:08]: 2278
[15:21:08]: 2276
[15:21:08]: 2275
