 Close valve HP_IN
 Close valve HP_OUT
 Close valve L1_OUT
 Close valve L2_OUT
 Close valve L3_OUT
 Close valve L_HP
 Close valve LR1
 Close valve LR2
 Close valve LR3
 Close valve LR4
 Close valve LRW2
 Close valve LWASTE
 Close valve R1_4
 Close valve V21
 Close valve V24
 Close valve V4
 Close valve VH
 Close valve W1
 Close valve W2
 Close valve W3
 Open valve HP_IN
 Open valve W2
 Open valve R1_4
 Open valve V21
[16:12:08]: Forward liquid flow activated
[16:12:08]: Pump W2
 Open valve LRW2
 Open valve V24
 Open valve V4
 Open valve L2_OUT
 Close valve L2_OUT
 Close valve V4
 Close valve V24
 Close valve LRW2
[16:12:38]: Loop start
[16:12:38]: W2 pH 7.5
 Open valve LRW2
 Open valve V24
[16:12:39]: 15742
[16:12:39]: 15752
[16:12:39]: 15749
[16:12:40]: 15672
[16:12:40]: 15764
[16:12:40]: 15762
[16:12:41]: 15750
[16:12:41]: 15738
[16:12:41]: 15688
[16:12:42]: 15690
[16:12:42]: 15750
[16:12:42]: 15757
[16:12:43]: 15661
[16:12:43]: 15671
[16:12:43]: 15680
[16:12:43]: 15682
[16:12:44]: 15679
[16:12:44]: 15663
[16:12:44]: 15659
[16:12:45]: 15738
[16:12:45]: 15724
[16:12:45]: 15674
[16:12:46]: 15657
[16:12:46]: 15737
[16:12:46]: 15744
[16:12:47]: 15740
[16:12:47]: 15724
[16:12:47]: 15663
[16:12:48]: 15717
[16:12:48]: 15667
[16:12:48]: 15652
[16:12:49]: 15640
[16:12:49]: 15642
[16:12:49]: 15730
[16:12:50]: 15719
[16:12:50]: 15706
[16:12:50]: 15660
[16:12:51]: 15658
[16:12:51]: 15646
[16:12:51]: 15631
[16:12:51]: 15633
[16:12:52]: 15640
[16:12:52]: 15709
[16:12:52]: 15699
[16:12:53]: 15699
[16:12:53]: 15704
[16:12:53]: 15640
[16:12:54]: 15718
[16:12:54]: 15713
[16:12:54]: 15646
[16:12:55]: 15648
[16:12:55]: 15633
[16:12:55]: 15621
[16:12:56]: 15617
[16:12:56]: 15624
[16:12:56]: 15705
[16:12:57]: 15688
[16:12:57]: 15638
[16:12:57]: 15642
[16:12:58]: 15686
 Close valve V24
 Close valve LRW2
[16:12:58]: dGTP pH 6.0
 Open valve LR1
[16:12:58]: 15618
[16:12:58]: 15484
[16:12:59]: 15366
[16:12:59]: 16119
[16:12:59]: 16184
[16:13:00]: 16104
[16:13:00]: 16097
[16:13:00]: 16161
[16:13:01]: 16227
[16:13:01]: 16242
[16:13:01]: 16182
[16:13:02]: 16199
[16:13:02]: 16209
[16:13:02]: 16201
[16:13:02]: 16257
[16:13:03]: 16168
[16:13:03]: 16228
[16:13:03]: 16221
[16:13:04]: 16210
[16:13:04]: 16205
[16:13:04]: 16128
[16:13:05]: 16126
[16:13:05]: 16122
[16:13:05]: 16121
[16:13:06]: 16119
[16:13:06]: 16117
[16:13:06]: 16189
[16:13:07]: 16188
[16:13:07]: 16117
[16:13:07]: 15120
[16:13:07]: 15581
[16:13:08]: 15773
[16:13:08]: 15933
[16:13:08]: 15972
[16:13:09]: 16383
[16:13:09]: 16397
[16:13:09]: 16484
[16:13:10]: 16603
[16:13:10]: 16584
[16:13:10]: 16592
[16:13:11]: 16650
[16:13:11]: 16568
[16:13:11]: 16528
[16:13:12]: 16666
[16:13:12]: 16581
[16:13:12]: 16628
[16:13:13]: 16606
[16:13:13]: 16603
[16:13:13]: 16652
[16:13:13]: 16704
[16:13:14]: 16686
[16:13:14]: 16511
[16:13:14]: 16598
[16:13:15]: 16756
[16:13:15]: 16677
[16:13:15]: 16144
[16:13:16]: 16485
[16:13:16]: 16558
[16:13:16]: 16803
[16:13:17]: 16829
 Close valve LR1
[16:13:17]: W2 pH 7.5
 Open valve LRW2
 Open valve V24
[16:13:17]: 16614
[16:13:18]: 15981
[16:13:18]: 15619
[16:13:18]: 15854
[16:13:18]: 16169
[16:13:19]: 15651
[16:13:19]: 15872
[16:13:19]: 15648
[16:13:20]: 15888
[16:13:20]: 15902
[16:13:20]: 16172
[16:13:21]: 16012
[16:13:21]: 15827
[16:13:21]: 15787
[16:13:22]: 15818
[16:13:22]: 15568
[16:13:22]: 15625
[16:13:23]: 15625
[16:13:23]: 15584
[16:13:23]: 15680
[16:13:24]: 15685
[16:13:24]: 15674
[16:13:24]: 15652
[16:13:24]: 15610
[16:13:25]: 15645
[16:13:25]: 15625
[16:13:25]: 15634
[16:13:26]: 15582
[16:13:26]: 15712
[16:13:26]: 15687
[16:13:27]: 15661
[16:13:27]: 15639
[16:13:27]: 15649
[16:13:28]: 15658
[16:13:28]: 15685
[16:13:28]: 15706
[16:13:29]: 15573
[16:13:29]: 15626
[16:13:29]: 15655
[16:13:30]: 15622
[16:13:30]: 15591
[16:13:30]: 15572
[16:13:31]: 15673
[16:13:31]: 15648
[16:13:31]: 15642
[16:13:32]: 15588
[16:13:32]: 15566
[16:13:32]: 15579
[16:13:33]: 15612
[16:13:33]: 15639
[16:13:33]: 15662
[16:13:34]: 15689
[16:13:34]: 15577
[16:13:34]: 15607
[16:13:35]: 15624
[16:13:35]: 15620
[16:13:35]: 15644
[16:13:35]: 15673
[16:13:36]: 15691
[16:13:36]: 15554
 Close valve V24
 Close valve LRW2
[16:13:36]: dCTP pH 6.5
 Open valve LR2
[16:13:37]: 15625
[16:13:37]: 15521
[16:13:37]: 15593
[16:13:38]: 15578
[16:13:38]: 15493
[16:13:38]: 15480
[16:13:38]: 15744
[16:13:39]: 15733
[16:13:39]: 15723
[16:13:39]: 15815
[16:13:40]: 15770
[16:13:40]: 15743
[16:13:40]: 15651
[16:13:41]: 15631
[16:13:41]: 15616
[16:13:41]: 15676
[16:13:42]: 15665
[16:13:42]: 15655
[16:13:42]: 15577
[16:13:43]: 15570
[16:13:43]: 15564
[16:13:43]: 15558
[16:13:43]: 15554
[16:13:44]: 15677
[16:13:44]: 15714
[16:13:44]: 16215
[16:13:45]: 16323
[16:13:45]: 16232
[16:13:45]: 16285
[16:13:46]: 16196
[16:13:46]: 16251
[16:13:46]: 16237
[16:13:47]: 16224
[16:13:47]: 16041
[16:13:47]: 16153
[16:13:48]: 16252
[16:13:48]: 16249
[16:13:48]: 16423
[16:13:49]: 16385
[16:13:49]: 16415
[16:13:49]: 16471
[16:13:49]: 16461
[16:13:50]: 16468
[16:13:50]: 16416
[16:13:50]: 16401
[16:13:51]: 16392
[16:13:51]: 16402
[16:13:51]: 16397
[16:13:52]: 16431
[16:13:52]: 16464
[16:13:52]: 16474
[16:13:53]: 16498
[16:13:53]: 16339
[16:13:53]: 16214
[16:13:54]: 16069
[16:13:54]: 16144
[16:13:54]: 16591
[16:13:55]: 16764
[16:13:55]: 16884
[16:13:55]: 17115
 Close valve LR2
[16:13:55]: W2 pH 7.5
 Open valve LRW2
 Open valve V24
[16:13:56]: 16932
[16:13:56]: 15586
[16:13:57]: 15625
[16:13:57]: 15663
[16:13:57]: 15664
[16:13:58]: 15624
[16:13:58]: 15523
[16:13:58]: 15666
[16:13:59]: 15649
[16:13:59]: 15709
[16:13:59]: 15741
[16:14:00]: 15674
[16:14:00]: 15518
[16:14:00]: 15648
[16:14:00]: 15511
[16:14:01]: 15604
[16:14:01]: 15599
[16:14:01]: 15537
[16:14:02]: 15711
[16:14:02]: 15461
[16:14:02]: 15690
[16:14:03]: 15639
[16:14:03]: 15647
[16:14:03]: 15539
[16:14:04]: 15629
[16:14:04]: 15713
[16:14:04]: 15482
[16:14:05]: 15663
[16:14:05]: 15589
[16:14:05]: 15543
[16:14:06]: 15591
[16:14:06]: 15692
[16:14:06]: 15538
[16:14:07]: 15474
[16:14:07]: 15581
[16:14:07]: 15443
[16:14:07]: 15426
[16:14:08]: 15586
[16:14:08]: 15568
[16:14:08]: 15548
[16:14:09]: 15782
[16:14:09]: 15649
[16:14:09]: 15621
[16:14:10]: 15708
[16:14:10]: 15672
[16:14:10]: 15751
[16:14:11]: 15705
[16:14:11]: 15656
[16:14:11]: 15847
[16:14:12]: 15835
[16:14:12]: 15801
[16:14:12]: 15759
[16:14:13]: 15777
[16:14:13]: 15764
[16:14:13]: 15737
[16:14:13]: 15703
[16:14:14]: 15688
[16:14:14]: 15816
[16:14:14]: 15776
[16:14:15]: 15487
 Close valve V24
 Close valve LRW2
[16:14:15]: dATP pH 7.0
 Open valve LR3
[16:14:15]: 15523
[16:14:16]: 15833
[16:14:16]: 16126
[16:14:16]: 16054
[16:14:16]: 16050
[16:14:17]: 16050
[16:14:17]: 16100
[16:14:17]: 16038
[16:14:18]: 16021
[16:14:18]: 16050
[16:14:18]: 15985
[16:14:19]: 15976
[16:14:19]: 16035
[16:14:19]: 15959
[16:14:20]: 16023
[16:14:20]: 16019
[16:14:20]: 15949
[16:14:21]: 16017
[16:14:21]: 15947
[16:14:21]: 16017
[16:14:22]: 15947
[16:14:22]: 15947
[16:14:22]: 15947
[16:14:23]: 15947
[16:14:23]: 16017
[16:14:23]: 16017
[16:14:24]: 16018
[16:14:24]: 16018
[16:14:24]: 15997
[16:14:25]: 15992
[16:14:25]: 16008
[16:14:25]: 16071
[16:14:25]: 16068
[16:14:26]: 16064
[16:14:26]: 16064
[16:14:26]: 15749
[16:14:27]: 15512
[16:14:27]: 15527
[16:14:27]: 15539
[16:14:28]: 15582
[16:14:28]: 15625
[16:14:28]: 15562
[16:14:29]: 15641
[16:14:29]: 15718
[16:14:29]: 15761
[16:14:30]: 15777
[16:14:30]: 15688
[16:14:30]: 15682
[16:14:31]: 15770
[16:14:31]: 15759
[16:14:31]: 15744
[16:14:31]: 15740
[16:14:32]: 15744
[16:14:32]: 15705
[16:14:32]: 15886
[16:14:33]: 15691
[16:14:33]: 15785
[16:14:33]: 15843
[16:14:34]: 15896
[16:14:34]: 15903
 Close valve LR3
[16:14:34]: W2 pH 7.5
 Open valve LRW2
 Open valve V24
[16:14:34]: 15826
[16:14:35]: 15473
[16:14:35]: 15433
[16:14:35]: 15449
[16:14:36]: 15428
[16:14:36]: 15590
[16:14:36]: 15558
[16:14:37]: 15495
[16:14:37]: 15491
[16:14:37]: 15523
[16:14:38]: 15562
[16:14:38]: 15554
[16:14:38]: 15540
[16:14:39]: 15512
[16:14:39]: 15465
[16:14:39]: 15532
[16:14:40]: 15434
[16:14:40]: 15446
[16:14:40]: 15534
[16:14:41]: 15519
[16:14:41]: 15554
[16:14:41]: 15530
[16:14:42]: 15336
[16:14:42]: 15342
[16:14:42]: 15386
[16:14:43]: 15376
[16:14:43]: 15395
[16:14:43]: 15410
[16:14:43]: 15436
[16:14:44]: 15445
[16:14:44]: 15358
[16:14:44]: 15366
[16:14:45]: 15376
[16:14:45]: 15383
[16:14:45]: 15443
[16:14:46]: 15460
[16:14:46]: 15412
[16:14:46]: 15450
[16:14:47]: 15497
[16:14:47]: 15551
[16:14:47]: 15596
[16:14:48]: 15645
[16:14:48]: 15690
[16:14:48]: 15546
[16:14:49]: 15628
[16:14:49]: 15629
[16:14:49]: 15697
[16:14:49]: 15644
[16:14:50]: 15810
[16:14:50]: 15864
[16:14:50]: 15604
[16:14:51]: 15765
[16:14:51]: 15705
[16:14:51]: 15813
[16:14:52]: 15658
[16:14:52]: 15883
[16:14:52]: 15876
[16:14:53]: 15789
[16:14:53]: 15824
[16:14:53]: 15724
 Close valve V24
 Close valve LRW2
[16:14:54]: dTTP pH 8.0
 Open valve LR4
[16:14:54]: 15840
[16:14:54]: 15787
[16:14:55]: 15680
[16:14:55]: 15654
[16:14:55]: 16070
[16:14:55]: 16086
[16:14:56]: 15982
[16:14:56]: 16166
[16:14:56]: 16175
[16:14:57]: 16176
[16:14:57]: 16180
[16:14:57]: 16185
[16:14:58]: 16192
[16:14:58]: 16126
[16:14:58]: 16133
[16:14:59]: 16210
[16:14:59]: 16215
[16:14:59]: 16221
[16:15:00]: 16226
[16:15:00]: 16232
[16:15:00]: 16165
[16:15:01]: 16170
[16:15:01]: 16173
[16:15:01]: 16176
[16:15:01]: 16249
[16:15:02]: 16252
[16:15:02]: 16253
[16:15:02]: 16184
[16:15:03]: 16257
[16:15:03]: 16259
[16:15:03]: 16190
[16:15:04]: 16192
[16:15:04]: 16193
[16:15:04]: 16266
[16:15:05]: 16266
[16:15:05]: 16197
[16:15:05]: 16269
[16:15:06]: 16271
[16:15:06]: 16199
[16:15:06]: 16201
[16:15:07]: 16202
[16:15:07]: 16203
[16:15:07]: 16274
[16:15:08]: 16275
[16:15:08]: 16275
[16:15:08]: 16275
[16:15:09]: 16276
[16:15:09]: 16205
[16:15:09]: 16206
[16:15:09]: 16205
[16:15:10]: 16206
[16:15:10]: 16277
[16:15:10]: 16204
[16:15:11]: 15487
[16:15:11]: 15376
[16:15:11]: 15389
[16:15:12]: 15211
[16:15:12]: 15263
[16:15:12]: 15236
[16:15:13]: 15212
 Close valve LR4
[16:15:13]: W2 pH 7.5
 Open valve LRW2
 Open valve V24
[16:15:13]: 15244
[16:15:13]: 15309
[16:15:14]: 15207
[16:15:14]: 15203
[16:15:14]: 15238
[16:15:15]: 15198
[16:15:15]: 15141
[16:15:15]: 15338
[16:15:16]: 15317
[16:15:16]: 15275
[16:15:16]: 15227
[16:15:17]: 15194
[16:15:17]: 15254
[16:15:17]: 15328
[16:15:18]: 15168
[16:15:18]: 15241
[16:15:18]: 15230
[16:15:19]: 15189
[16:15:19]: 15162
[16:15:19]: 15307
[16:15:20]: 15290
[16:15:20]: 15265
[16:15:20]: 15232
[16:15:20]: 15240
[16:15:21]: 15223
[16:15:21]: 15200
[16:15:21]: 15214
[16:15:22]: 15177
[16:15:22]: 15212
[16:15:22]: 15244
[16:15:23]: 15242
[16:15:23]: 15225
[16:15:23]: 15289
[16:15:24]: 15310
[16:15:24]: 15288
[16:15:24]: 15252
[16:15:25]: 15232
[16:15:25]: 15205
[16:15:25]: 15223
[16:15:26]: 15197
[16:15:26]: 15260
[16:15:26]: 15282
[16:15:27]: 15201
[16:15:27]: 15236
[16:15:27]: 15278
[16:15:28]: 15284
[16:15:28]: 15332
[16:15:28]: 15356
[16:15:29]: 15235
[16:15:29]: 15299
[16:15:30]: 15368
[16:15:30]: 15299
[16:15:30]: 15305
[16:15:31]: 15307
[16:15:31]: 15275
[16:15:31]: 15295
[16:15:32]: 15293
[16:15:32]: 15296
[16:15:32]: 15201
[16:15:33]: 15242
 Close valve V24
 Close valve LRW2
[16:15:33]: dGTP pH 6.0
 Open valve LR1
[16:15:33]: 15234
[16:15:33]: 15739
[16:15:34]: 15898
[16:15:34]: 15954
[16:15:34]: 15958
[16:15:35]: 16061
[16:15:35]: 16111
[16:15:35]: 15878
[16:15:36]: 15910
[16:15:36]: 16007
[16:15:36]: 16068
[16:15:36]: 15983
[16:15:37]: 16011
[16:15:37]: 16108
[16:15:37]: 16057
[16:15:38]: 15938
[16:15:38]: 15946
[16:15:38]: 16034
[16:15:39]: 16098
[16:15:39]: 16112
[16:15:39]: 16111
[16:15:40]: 15993
[16:15:40]: 15918
[16:15:40]: 15962
[16:15:41]: 16024
[16:15:41]: 15996
[16:15:41]: 15999
[16:15:42]: 16169
[16:15:42]: 16153
[16:15:42]: 16053
[16:15:43]: 16115
[16:15:43]: 16188
[16:15:43]: 16162
[16:15:44]: 15958
[16:15:44]: 16044
[16:15:44]: 16143
[16:15:45]: 16051
[16:15:45]: 16030
[16:15:45]: 16136
[16:15:46]: 15963
[16:15:46]: 15992
[16:15:46]: 16199
[16:15:47]: 16127
[16:15:47]: 16045
[16:15:47]: 16063
[16:15:48]: 16160
[16:15:48]: 16219
[16:15:48]: 15983
[16:15:48]: 16189
[16:15:49]: 16098
[16:15:49]: 16151
[16:15:49]: 16127
[16:15:50]: 16128
[16:15:50]: 16156
[16:15:50]: 16226
[16:15:51]: 16001
[16:15:51]: 15993
[16:15:51]: 16232
[16:15:52]: 16176
[16:15:52]: 16081
 Close valve LR1
[16:15:52]: W2 pH 7.5
 Open valve LRW2
 Open valve V24
[16:15:52]: 16070
[16:15:53]: 15572
[16:15:53]: 15552
[16:15:53]: 15532
[16:15:54]: 15491
[16:15:54]: 15300
[16:15:54]: 15483
[16:15:55]: 15387
[16:15:55]: 15365
[16:15:55]: 15261
[16:15:56]: 15182
[16:15:56]: 15326
[16:15:56]: 15184
[16:15:57]: 15254
[16:15:57]: 15114
[16:15:57]: 15138
[16:15:58]: 15228
[16:15:58]: 15173
[16:15:58]: 15246
[16:15:59]: 15117
[16:15:59]: 15131
[16:15:59]: 15217
[16:16:00]: 15318
[16:16:00]: 15326
[16:16:00]: 15203
[16:16:00]: 15291
[16:16:01]: 15117
[16:16:01]: 15388
[16:16:01]: 15389
[16:16:02]: 15224
[16:16:02]: 15302
[16:16:02]: 15192
[16:16:03]: 15207
[16:16:03]: 15293
[16:16:03]: 15199
[16:16:04]: 15342
[16:16:04]: 15301
[16:16:04]: 15224
[16:16:05]: 15268
[16:16:05]: 15267
[16:16:05]: 15233
[16:16:05]: 15177
[16:16:06]: 15354
[16:16:06]: 15346
[16:16:06]: 15160
[16:16:07]: 15230
[16:16:07]: 15271
[16:16:07]: 15211
[16:16:08]: 15224
[16:16:08]: 15157
[16:16:08]: 15338
[16:16:09]: 15386
[16:16:09]: 15313
[16:16:09]: 15234
[16:16:10]: 15179
[16:16:10]: 15317
[16:16:10]: 15208
[16:16:11]: 15304
[16:16:11]: 15380
[16:16:11]: 15383
 Close valve V24
 Close valve LRW2
[16:16:11]: dCTP pH 6.5
 Open valve LR2
[16:16:12]: 15162
[16:16:12]: 15297
[16:16:12]: 15966
[16:16:13]: 16042
[16:16:13]: 15964
[16:16:13]: 15922
[16:16:14]: 15968
[16:16:14]: 15984
[16:16:14]: 15909
[16:16:14]: 16085
[16:16:15]: 16109
[16:16:15]: 16061
[16:16:15]: 16086
[16:16:16]: 15987
[16:16:16]: 16026
[16:16:16]: 15971
[16:16:17]: 15904
[16:16:17]: 16088
[16:16:17]: 15873
[16:16:18]: 15881
[16:16:18]: 15950
[16:16:18]: 16008
[16:16:19]: 15986
[16:16:19]: 16072
[16:16:19]: 16086
[16:16:20]: 15862
[16:16:20]: 15913
[16:16:20]: 15986
[16:16:20]: 15937
[16:16:21]: 15995
[16:16:21]: 15983
[16:16:21]: 16055
[16:16:22]: 15882
[16:16:22]: 15857
[16:16:22]: 16089
[16:16:23]: 15983
[16:16:23]: 16022
[16:16:23]: 16008
[16:16:24]: 15982
[16:16:24]: 16052
[16:16:24]: 15873
[16:16:25]: 15946
[16:16:25]: 16005
[16:16:25]: 15921
[16:16:26]: 15955
[16:16:26]: 16023
[16:16:26]: 15910
[16:16:27]: 16089
[16:16:27]: 16028
[16:16:27]: 15942
[16:16:27]: 16010
[16:16:28]: 16020
[16:16:28]: 15952
[16:16:28]: 16013
[16:16:29]: 15835
[16:16:29]: 16088
[16:16:29]: 15861
[16:16:30]: 15924
[16:16:30]: 16009
[16:16:30]: 15899
 Close valve LR2
[16:16:30]: W2 pH 7.5
 Open valve LRW2
 Open valve V24
[16:16:31]: 15902
[16:16:31]: 15395
[16:16:31]: 15287
[16:16:32]: 15212
[16:16:32]: 15283
[16:16:32]: 15304
[16:16:33]: 15183
[16:16:33]: 15138
[16:16:33]: 15442
[16:16:34]: 15310
[16:16:34]: 15372
[16:16:34]: 15202
[16:16:35]: 15273
[16:16:35]: 15377
[16:16:35]: 15173
[16:16:35]: 15130
[16:16:36]: 15203
[16:16:36]: 15360
[16:16:36]: 15257
[16:16:37]: 15199
[16:16:37]: 15343
[16:16:37]: 15239
[16:16:38]: 15423
[16:16:38]: 15130
[16:16:38]: 15414
[16:16:39]: 15298
[16:16:39]: 15353
[16:16:39]: 15195
[16:16:40]: 15268
[16:16:40]: 15372
[16:16:40]: 15166
[16:16:41]: 15122
[16:16:41]: 15196
[16:16:41]: 15302
[16:16:41]: 15362
[16:16:42]: 15331
[16:16:42]: 15267
[16:16:43]: 15122
[16:16:43]: 15345
[16:16:43]: 15224
[16:16:43]: 15277
[16:16:44]: 15268
[16:16:44]: 15271
[16:16:44]: 15323
[16:16:45]: 15117
[16:16:45]: 15420
[16:16:45]: 15429
[16:16:46]: 15255
[16:16:46]: 15267
[16:16:46]: 15183
[16:16:47]: 15221
[16:16:47]: 15312
[16:16:47]: 15191
[16:16:47]: 15111
[16:16:48]: 15424
[16:16:48]: 15378
[16:16:48]: 15256
[16:16:49]: 15178
[16:16:49]: 15221
[16:16:49]: 15184
 Close valve V24
 Close valve LRW2
[16:16:50]: dATP pH 7.0
 Open valve LR3
[16:16:50]: 15185
[16:16:50]: 15365
[16:16:50]: 15547
[16:16:51]: 15624
[16:16:51]: 15443
[16:16:51]: 15439
[16:16:52]: 15487
[16:16:52]: 15562
[16:16:52]: 15502
[16:16:53]: 15501
[16:16:53]: 15551
[16:16:53]: 15519
[16:16:54]: 15625
[16:16:54]: 15426
[16:16:54]: 15621
[16:16:55]: 15561
[16:16:55]: 15501
[16:16:55]: 15506
[16:16:56]: 15560
[16:16:56]: 15490
[16:16:56]: 15422
[16:16:56]: 15432
[16:16:57]: 15492
[16:16:57]: 15547
[16:16:57]: 15588
[16:16:58]: 15504
[16:16:58]: 15545
[16:16:58]: 15474
[16:16:59]: 15416
[16:16:59]: 15630
[16:16:59]: 15417
[16:17:00]: 15464
[16:17:00]: 15524
[16:17:00]: 15501
[16:17:01]: 15486
[16:17:01]: 15533
[16:17:01]: 15498
[16:17:01]: 15426
[16:17:02]: 15615
[16:17:02]: 15619
[16:17:02]: 15560
[16:17:03]: 15495
[16:17:03]: 15540
[16:17:03]: 15480
[16:17:04]: 15484
[16:17:04]: 15564
[16:17:04]: 15535
[16:17:05]: 15467
[16:17:05]: 15549
[16:17:05]: 15545
[16:17:06]: 15512
[16:17:06]: 15536
[16:17:06]: 15589
[16:17:06]: 15411
[16:17:07]: 15414
[16:17:07]: 15599
[16:17:07]: 15539
[16:17:08]: 15480
[16:17:08]: 15485
[16:17:08]: 15524
 Close valve LR3
[16:17:08]: W2 pH 7.5
 Open valve LRW2
 Open valve V24
[16:17:09]: 15508
[16:17:09]: 15326
[16:17:10]: 15492
[16:17:10]: 15452
[16:17:10]: 15251
[16:17:10]: 15389
[16:17:11]: 15287
[16:17:11]: 15378
[16:17:11]: 15344
[16:17:12]: 15297
[16:17:12]: 15363
[16:17:12]: 15253
[16:17:13]: 15420
[16:17:13]: 15218
[16:17:13]: 15243
[16:17:14]: 15214
[16:17:14]: 15175
[16:17:14]: 15225
[16:17:15]: 15216
[16:17:15]: 15161
[16:17:15]: 15262
[16:17:15]: 15289
[16:17:16]: 15280
[16:17:16]: 15141
[16:17:16]: 15256
[16:17:17]: 15186
[16:17:17]: 15213
[16:17:17]: 15163
[16:17:18]: 15187
[16:17:18]: 15248
[16:17:18]: 15287
[16:17:19]: 15093
[16:17:19]: 15121
[16:17:19]: 15276
[16:17:19]: 15210
[16:17:20]: 15163
[16:17:20]: 15223
[16:17:20]: 15206
[16:17:21]: 15290
[16:17:21]: 15290
[16:17:21]: 15132
[16:17:22]: 15192
[16:17:22]: 15223
[16:17:22]: 15166
[16:17:23]: 15208
[16:17:23]: 15265
[16:17:23]: 15128
[16:17:24]: 15097
[16:17:24]: 15144
[16:17:24]: 15265
[16:17:24]: 15193
[16:17:25]: 15170
[16:17:25]: 15227
[16:17:25]: 15226
[16:17:26]: 15119
[16:17:26]: 15282
[16:17:26]: 15288
[16:17:27]: 15241
[16:17:27]: 15187
[16:17:27]: 15177
 Close valve V24
 Close valve LRW2
[16:17:27]: dTTP pH 8.0
 Open valve LR4
[16:17:28]: 15171
[16:17:28]: 15027
[16:17:28]: 14917
[16:17:29]: 14870
[16:17:29]: 14958
[16:17:29]: 14828
[16:17:30]: 14973
[16:17:30]: 14824
[16:17:30]: 14953
[16:17:31]: 14892
[16:17:31]: 14858
[16:17:31]: 14906
[16:17:32]: 14952
[16:17:32]: 14978
[16:17:32]: 14966
[16:17:33]: 14915
[16:17:33]: 14906
[16:17:33]: 14871
[16:17:34]: 14810
[16:17:34]: 14784
[16:17:34]: 14830
[16:17:35]: 14884
[16:17:35]: 14907
[16:17:35]: 14889
[16:17:36]: 14972
[16:17:36]: 14971
[16:17:36]: 14931
[16:17:37]: 14904
[16:17:37]: 14884
[16:17:37]: 14824
[16:17:38]: 14774
[16:17:38]: 14795
[16:17:38]: 14860
[16:17:38]: 14888
[16:17:39]: 14891
[16:17:39]: 14866
[16:17:39]: 14846
[16:17:40]: 14961
[16:17:40]: 14770
[16:17:40]: 14801
[16:17:41]: 14890
[16:17:41]: 14847
[16:17:41]: 14906
[16:17:42]: 14767
[16:17:42]: 14806
[16:17:42]: 14925
[16:17:43]: 14888
[16:17:43]: 14911
[16:17:43]: 14820
[16:17:44]: 14953
[16:17:44]: 14784
[16:17:44]: 14845
[16:17:45]: 14882
[16:17:45]: 14834
[16:17:45]: 14855
[16:17:46]: 14864
[16:17:46]: 14805
[16:17:46]: 14940
[16:17:46]: 14953
[16:17:47]: 14928
 Close valve LR4
[16:17:47]: W2 pH 7.5
 Open valve LRW2
 Open valve V24
[16:17:47]: 14794
[16:17:48]: 15017
[16:17:48]: 15136
[16:17:48]: 15195
[16:17:49]: 15213
[16:17:49]: 15164
[16:17:49]: 15220
[16:17:49]: 15275
[16:17:50]: 15279
[16:17:50]: 15074
[16:17:50]: 15156
[16:17:51]: 15208
[16:17:51]: 15210
[16:17:51]: 15215
[16:17:52]: 15229
[16:17:52]: 15280
[16:17:52]: 15048
[16:17:53]: 15085
[16:17:53]: 15168
[16:17:53]: 15170
[16:17:54]: 15117
[16:17:54]: 15160
[16:17:54]: 15240
[16:17:55]: 15284
[16:17:55]: 15274
[16:17:55]: 15094
[16:17:55]: 15175
[16:17:56]: 15217
[16:17:56]: 15202
[16:17:56]: 15130
[16:17:57]: 15053
[16:17:57]: 15060
[16:17:57]: 15271
[16:17:58]: 15197
[16:17:58]: 15121
[16:17:58]: 15130
[16:17:59]: 15081
[16:17:59]: 15043
[16:17:59]: 15048
[16:18:00]: 15117
[16:18:00]: 15132
[16:18:00]: 15195
[16:18:01]: 15043
[16:18:01]: 15104
[16:18:01]: 15230
[16:18:02]: 15133
[16:18:02]: 15190
[16:18:02]: 15110
[16:18:03]: 15249
[16:18:03]: 15281
[16:18:03]: 15040
[16:18:04]: 15105
[16:18:04]: 15178
[16:18:04]: 15211
[16:18:05]: 15185
[16:18:05]: 15105
[16:18:05]: 15247
[16:18:05]: 15061
[16:18:06]: 15145
[16:18:06]: 15173
 Close valve V24
 Close valve LRW2
[16:18:06]: dGTP pH 6.0
 Open valve LR1
[16:18:07]: 15269
[16:18:07]: 15542
[16:18:07]: 16009
[16:18:08]: 16082
[16:18:08]: 16196
[16:18:08]: 16234
[16:18:08]: 16188
[16:18:09]: 16272
[16:18:09]: 16332
[16:18:09]: 16123
[16:18:10]: 16152
[16:18:10]: 16341
[16:18:10]: 16203
[16:18:11]: 16226
[16:18:11]: 16319
[16:18:11]: 16302
[16:18:12]: 16225
[16:18:12]: 16354
[16:18:12]: 16183
[16:18:12]: 16155
[16:18:13]: 16205
[16:18:13]: 16269
[16:18:13]: 16356
[16:18:14]: 16217
[16:18:14]: 16299
[16:18:14]: 16253
[16:18:15]: 16174
[16:18:15]: 16145
[16:18:15]: 16368
[16:18:16]: 16161
[16:18:16]: 16232
[16:18:16]: 16280
[16:18:16]: 16215
[16:18:17]: 16227
[16:18:17]: 16280
[16:18:17]: 16208
[16:18:18]: 16328
[16:18:18]: 16365
[16:18:18]: 16140
[16:18:19]: 16188
[16:18:19]: 16320
[16:18:19]: 16223
[16:18:20]: 16206
[16:18:20]: 16291
[16:18:20]: 16221
[16:18:21]: 16289
[16:18:21]: 16345
[16:18:21]: 16143
[16:18:21]: 16150
[16:18:22]: 16218
[16:18:22]: 16279
[16:18:22]: 16212
[16:18:23]: 16214
[16:18:23]: 16275
[16:18:23]: 16281
[16:18:24]: 16312
[16:18:24]: 16173
[16:18:24]: 16134
[16:18:25]: 16354
[16:18:25]: 16322
 Close valve LR1
[16:18:25]: W2 pH 7.5
 Open valve LRW2
 Open valve V24
[16:18:25]: 16271
[16:18:26]: 15429
[16:18:26]: 15107
[16:18:26]: 15386
[16:18:27]: 15332
[16:18:27]: 15221
[16:18:27]: 15277
[16:18:27]: 15317
[16:18:28]: 15261
[16:18:28]: 15239
[16:18:28]: 15215
[16:18:29]: 15384
[16:18:29]: 15332
[16:18:29]: 15378
[16:18:30]: 15261
[16:18:30]: 15184
[16:18:30]: 15292
[16:18:31]: 15298
[16:18:31]: 15222
[16:18:31]: 15283
[16:18:32]: 15078
[16:18:32]: 15363
[16:18:32]: 15290
[16:18:32]: 15190
[16:18:33]: 15269
[16:18:33]: 15172
[16:18:33]: 15313
[16:18:34]: 15095
[16:18:34]: 15343
[16:18:34]: 15141
[16:18:35]: 15240
[16:18:35]: 15194
[16:18:35]: 15274
[16:18:36]: 15291
[16:18:36]: 15228
[16:18:36]: 15258
[16:18:37]: 15344
[16:18:37]: 15086
[16:18:37]: 15371
[16:18:37]: 15344
[16:18:38]: 15256
[16:18:38]: 15158
[16:18:38]: 15302
[16:18:39]: 15132
[16:18:39]: 15320
[16:18:39]: 15292
[16:18:40]: 15318
[16:18:40]: 15167
[16:18:40]: 15268
[16:18:41]: 15168
[16:18:41]: 15144
[16:18:41]: 15288
[16:18:42]: 15215
[16:18:42]: 15104
[16:18:42]: 15351
[16:18:42]: 15364
[16:18:43]: 15299
[16:18:43]: 15185
[16:18:43]: 15242
[16:18:44]: 15293
 Close valve V24
 Close valve LRW2
[16:18:44]: dCTP pH 6.5
 Open valve LR2
[16:18:44]: 15269
[16:18:45]: 15588
[16:18:45]: 15774
[16:18:45]: 15928
[16:18:45]: 16027
[16:18:46]: 15830
[16:18:46]: 16065
[16:18:46]: 16077
[16:18:47]: 15829
[16:18:47]: 15903
[16:18:47]: 15858
[16:18:48]: 15880
[16:18:48]: 16002
[16:18:48]: 15876
[16:18:49]: 15923
[16:18:49]: 15978
[16:18:49]: 15900
[16:18:49]: 15820
[16:18:50]: 15845
[16:18:50]: 16051
[16:18:50]: 15875
[16:18:51]: 15888
[16:18:51]: 16008
[16:18:51]: 15889
[16:18:52]: 16051
[16:18:52]: 16076
[16:18:52]: 15818
[16:18:53]: 15932
[16:18:53]: 15858
[16:18:53]: 16025
[16:18:54]: 15986
[16:18:54]: 16071
[16:18:54]: 16085
[16:18:55]: 16018
[16:18:55]: 15904
[16:18:55]: 15852
[16:18:56]: 15905
[16:18:56]: 15998
[16:18:56]: 15851
[16:18:57]: 15781
[16:18:57]: 15814
[16:18:57]: 15905
[16:18:57]: 15942
[16:18:58]: 15854
[16:18:58]: 16013
[16:18:58]: 15993
[16:18:59]: 15905
[16:18:59]: 16002
[16:18:59]: 15837
[16:19:00]: 15777
[16:19:00]: 15819
[16:19:00]: 16038
[16:19:01]: 15924
[16:19:01]: 15847
[16:19:01]: 15874
[16:19:01]: 15982
[16:19:02]: 15874
[16:19:02]: 16005
[16:19:02]: 16075
[16:19:03]: 16066
 Close valve LR2
[16:19:03]: W2 pH 7.5
 Open valve LRW2
 Open valve V24
[16:19:03]: 16001
[16:19:04]: 15351
[16:19:04]: 15172
[16:19:04]: 15207
[16:19:04]: 15381
[16:19:05]: 15284
[16:19:05]: 15172
[16:19:05]: 15250
[16:19:06]: 15143
[16:19:06]: 15196
[16:19:06]: 15106
[16:19:07]: 15154
[16:19:07]: 15188
[16:19:07]: 14969
[16:19:08]: 14998
[16:19:08]: 15057
[16:19:08]: 15071
[16:19:09]: 15029
[16:19:09]: 15051
[16:19:09]: 15106
[16:19:09]: 15103
[16:19:10]: 14958
[16:19:10]: 15170
[16:19:10]: 15159
[16:19:11]: 15080
[16:19:11]: 15104
[16:19:11]: 15029
[16:19:12]: 14997
[16:19:12]: 15136
[16:19:12]: 14967
[16:19:13]: 15149
[16:19:13]: 14996
[16:19:13]: 15120
[16:19:14]: 15097
[16:19:14]: 15019
[16:19:14]: 15099
[16:19:14]: 15062
[16:19:15]: 14989
[16:19:15]: 15136
[16:19:15]: 15105
[16:19:16]: 15140
[16:19:16]: 14996
[16:19:16]: 15056
[16:19:17]: 15093
[16:19:17]: 15015
[16:19:17]: 15095
[16:19:18]: 15052
[16:19:18]: 14977
[16:19:18]: 14941
[16:19:19]: 15162
[16:19:19]: 15128
[16:19:19]: 15054
[16:19:19]: 15011
[16:19:20]: 15090
[16:19:20]: 15066
[16:19:20]: 15057
[16:19:21]: 15114
[16:19:21]: 15153
[16:19:21]: 15139
[16:19:22]: 14978
 Close valve V24
 Close valve LRW2
[16:19:22]: dATP pH 7.0
 Open valve LR3
[16:19:22]: 14996
[16:19:22]: 15107
[16:19:23]: 15259
[16:19:23]: 15306
[16:19:23]: 15288
[16:19:24]: 15338
[16:19:24]: 15339
[16:19:24]: 15336
[16:19:25]: 15303
[16:19:25]: 15265
[16:19:25]: 15403
[16:19:26]: 15291
[16:19:26]: 15322
[16:19:26]: 15342
[16:19:27]: 15337
[16:19:27]: 15366
[16:19:27]: 15322
[16:19:27]: 15281
[16:19:28]: 15403
[16:19:28]: 15266
[16:19:28]: 15270
[16:19:29]: 15349
[16:19:29]: 15325
[16:19:29]: 15311
[16:19:30]: 15335
[16:19:30]: 15363
[16:19:30]: 15300
[16:19:31]: 15262
[16:19:31]: 15260
[16:19:31]: 15400
[16:19:31]: 15372
[16:19:32]: 15301
[16:19:32]: 15351
[16:19:32]: 15325
[16:19:33]: 15335
[16:19:33]: 15319
[16:19:33]: 15327
[16:19:34]: 15252
[16:19:34]: 15396
[16:19:34]: 15388
[16:19:35]: 15275
[16:19:35]: 15301
[16:19:35]: 15333
[16:19:36]: 15319
[16:19:36]: 15336
[16:19:36]: 15302
[16:19:36]: 15262
[16:19:37]: 15245
[16:19:37]: 15390
[16:19:37]: 15250
[16:19:38]: 15278
[16:19:38]: 15354
[16:19:38]: 15318
[16:19:39]: 15313
[16:19:39]: 15313
[16:19:39]: 15284
[16:19:40]: 15359
[16:19:40]: 15379
[16:19:40]: 15240
[16:19:40]: 15253
 Close valve LR3
[16:19:41]: W2 pH 7.5
 Open valve LRW2
 Open valve V24
[16:19:41]: 15363
[16:19:41]: 15142
[16:19:42]: 15092
[16:19:42]: 14973
[16:19:42]: 15068
[16:19:42]: 15028
[16:19:43]: 14999
[16:19:43]: 15007
[16:19:43]: 14980
[16:19:44]: 14937
[16:19:44]: 15067
[16:19:44]: 15072
[16:19:45]: 15046
[16:19:45]: 15006
[16:19:45]: 15023
[16:19:46]: 15021
[16:19:46]: 14989
[16:19:46]: 15052
[16:19:47]: 15082
[16:19:47]: 15088
[16:19:47]: 14952
[16:19:47]: 14982
[16:19:48]: 15035
[16:19:48]: 15009
[16:19:48]: 15009
[16:19:49]: 15000
[16:19:49]: 14963
[16:19:49]: 14983
[16:19:50]: 15089
[16:19:50]: 14935
[16:19:50]: 15085
[16:19:51]: 15052
[16:19:51]: 15011
[16:19:51]: 15009
[16:19:51]: 15013
[16:19:52]: 14980
[16:19:52]: 15048
[16:19:52]: 14956
[16:19:53]: 14930
[16:19:53]: 14945
[16:19:53]: 15067
[16:19:54]: 15002
[16:19:54]: 15031
[16:19:54]: 15064
[16:19:55]: 14944
[16:19:55]: 15063
[16:19:55]: 14960
[16:19:56]: 15005
[16:19:56]: 15013
[16:19:56]: 15046
[16:19:57]: 15074
[16:19:57]: 15073
[16:19:57]: 14941
[16:19:58]: 14974
[16:19:58]: 15001
[16:19:58]: 15002
[16:19:59]: 14968
[16:19:59]: 15075
[16:19:59]: 14924
[16:20:00]: 14952
 Close valve V24
 Close valve LRW2
[16:20:00]: dTTP pH 8.0
 Open valve LR4
[16:20:00]: 14928
[16:20:00]: 14760
[16:20:01]: 14697
[16:20:01]: 14693
[16:20:01]: 14663
[16:20:02]: 14726
[16:20:02]: 14574
[16:20:02]: 14579
[16:20:03]: 14611
[16:20:03]: 14670
[16:20:03]: 14617
[16:20:04]: 14643
[16:20:04]: 14596
[16:20:04]: 14635
[16:20:04]: 14677
[16:20:05]: 14707
[16:20:05]: 14698
[16:20:05]: 14536
[16:20:06]: 14602
[16:20:06]: 14626
[16:20:06]: 14617
[16:20:07]: 14619
[16:20:07]: 14663
[16:20:07]: 14560
[16:20:08]: 14566
[16:20:08]: 14661
[16:20:08]: 14610
[16:20:09]: 14622
[16:20:09]: 14630
[16:20:09]: 14596
[16:20:10]: 14649
[16:20:10]: 14689
[16:20:10]: 14530
[16:20:10]: 14534
[16:20:11]: 14575
[16:20:11]: 14615
[16:20:11]: 14595
[16:20:12]: 14628
[16:20:12]: 14624
[16:20:12]: 14616
[16:20:13]: 14660
[16:20:13]: 14557
[16:20:13]: 14526
[16:20:14]: 14700
[16:20:14]: 14681
[16:20:14]: 14562
[16:20:14]: 14604
[16:20:15]: 14628
[16:20:15]: 14595
[16:20:15]: 14627
[16:20:16]: 14668
[16:20:16]: 14543
[16:20:16]: 14684
[16:20:17]: 14695
[16:20:17]: 14531
[16:20:17]: 14571
[16:20:18]: 14640
[16:20:18]: 14597
[16:20:18]: 14622
[16:20:18]: 14617
 Close valve LR4
[16:20:19]: W2 pH 7.5
 Open valve LRW2
 Open valve V24
[16:20:19]: 14613
[16:20:19]: 14916
[16:20:20]: 14944
[16:20:20]: 14922
[16:20:20]: 14960
[16:20:20]: 14896
[16:20:21]: 15015
[16:20:21]: 14848
[16:20:21]: 14996
[16:20:22]: 14970
[16:20:22]: 14925
[16:20:22]: 14937
[16:20:23]: 14940
[16:20:23]: 14907
[16:20:23]: 14967
[16:20:24]: 15003
[16:20:24]: 15011
[16:20:24]: 14850
[16:20:25]: 14890
[16:20:25]: 14926
[16:20:25]: 14918
[16:20:25]: 14918
[16:20:26]: 14953
[16:20:26]: 14897
[16:20:26]: 14971
[16:20:27]: 14844
[16:20:27]: 14874
[16:20:27]: 14852
[16:20:28]: 14927
[16:20:28]: 14911
[16:20:28]: 14934
[16:20:29]: 14910
[16:20:29]: 14862
[16:20:29]: 14993
[16:20:30]: 15009
[16:20:30]: 14987
[16:20:30]: 14875
[16:20:30]: 14914
[16:20:31]: 14936
[16:20:31]: 14904
[16:20:31]: 14909
[16:20:32]: 14903
[16:20:32]: 14857
[16:20:32]: 14991
[16:20:33]: 15004
[16:20:33]: 14839
[16:20:33]: 14874
[16:20:34]: 14913
[16:20:34]: 14915
[16:20:34]: 14904
[16:20:34]: 14929
[16:20:35]: 14897
[16:20:35]: 14848
[16:20:35]: 14873
[16:20:36]: 14999
[16:20:36]: 14837
[16:20:36]: 14991
[16:20:37]: 14949
[16:20:37]: 14892
[16:20:37]: 14926
 Close valve V24
 Close valve LRW2
[16:20:37]: dGTP pH 6.0
 Open valve LR1
[16:20:38]: 14967
[16:20:38]: 15185
[16:20:38]: 15806
[16:20:39]: 15973
[16:20:39]: 16002
[16:20:39]: 16031
[16:20:40]: 16102
[16:20:40]: 16130
[16:20:40]: 15999
[16:20:41]: 16133
[16:20:41]: 16124
[16:20:41]: 16047
[16:20:41]: 16036
[16:20:42]: 16106
[16:20:42]: 16117
[16:20:42]: 16116
[16:20:43]: 16083
[16:20:43]: 16160
[16:20:43]: 16056
[16:20:44]: 16036
[16:20:44]: 16177
[16:20:44]: 16039
[16:20:44]: 16062
[16:20:45]: 16083
[16:20:45]: 16110
[16:20:45]: 16123
[16:20:46]: 16098
[16:20:46]: 16106
[16:20:46]: 16133
[16:20:47]: 16026
[16:20:47]: 16045
[16:20:47]: 16069
[16:20:48]: 16089
[16:20:48]: 16092
[16:20:48]: 16093
[16:20:49]: 16078
[16:20:49]: 16039
[16:20:49]: 16146
[16:20:49]: 16161
[16:20:50]: 16150
[16:20:50]: 16044
[16:20:50]: 16134
[16:20:51]: 16100
[16:20:51]: 16078
[16:20:51]: 16089
[16:20:52]: 16136
[16:20:52]: 16030
[16:20:52]: 16019
[16:20:53]: 16033
[16:20:53]: 16141
[16:20:53]: 16047
[16:20:54]: 16069
[16:20:54]: 16091
[16:20:54]: 16091
[16:20:54]: 16082
[16:20:55]: 16057
[16:20:55]: 16123
[16:20:55]: 16109
[16:20:56]: 16016
[16:20:56]: 16025
 Close valve LR1
[16:20:56]: W2 pH 7.5
 Open valve LRW2
 Open valve V24
[16:20:56]: 16046
[16:20:57]: 14904
[16:20:57]: 14990
[16:20:57]: 14959
[16:20:58]: 14959
[16:20:58]: 14864
[16:20:58]: 14938
[16:20:59]: 14881
[16:20:59]: 14907
[16:20:59]: 14903
[16:21:00]: 14869
[16:21:00]: 14945
[16:21:00]: 14972
[16:21:00]: 14817
[16:21:01]: 14830
[16:21:01]: 14869
[16:21:01]: 14847
[16:21:02]: 14886
[16:21:02]: 14896
[16:21:02]: 14890
[16:21:03]: 14850
[16:21:03]: 14816
[16:21:03]: 14972
[16:21:04]: 14857
[16:21:04]: 14889
[16:21:04]: 14887
[16:21:05]: 14877
[16:21:05]: 14833
[16:21:05]: 14810
[16:21:06]: 14827
[16:21:06]: 14866
[16:21:06]: 14906
[16:21:06]: 14880
[16:21:07]: 14897
[16:21:07]: 14881
[16:21:07]: 14893
[16:21:08]: 14944
[16:21:08]: 14966
[16:21:08]: 14807
[16:21:09]: 14832
[16:21:09]: 14871
[16:21:09]: 14894
[16:21:10]: 14875
[16:21:10]: 14898
[16:21:10]: 14868
[16:21:11]: 14825
[16:21:11]: 14950
[16:21:11]: 14963
[16:21:11]: 14827
[16:21:12]: 14839
[16:21:12]: 14874
[16:21:12]: 14881
[16:21:13]: 14873
[16:21:13]: 14902
[16:21:13]: 14854
[16:21:14]: 14957
[16:21:14]: 14799
[16:21:14]: 14825
[16:21:15]: 14863
[16:21:15]: 14886
 Close valve V24
 Close valve LRW2
[16:21:15]: dCTP pH 6.5
 Open valve LR2
[16:21:15]: 14800
[16:21:16]: 15054
[16:21:16]: 15496
[16:21:16]: 15686
[16:21:17]: 15651
[16:21:17]: 15644
[16:21:17]: 15652
[16:21:18]: 15688
[16:21:18]: 15568
[16:21:18]: 15714
[16:21:19]: 15631
[16:21:19]: 15651
[16:21:19]: 15634
[16:21:20]: 15718
[16:21:20]: 15729
[16:21:20]: 15706
[16:21:21]: 15666
[16:21:21]: 15652
[16:21:21]: 15666
[16:21:21]: 15701
[16:21:22]: 15724
[16:21:22]: 15571
[16:21:22]: 15585
[16:21:23]: 15620
[16:21:23]: 15651
[16:21:23]: 15635
[16:21:24]: 15614
[16:21:24]: 15684
[16:21:24]: 15594
[16:21:25]: 15569
[16:21:25]: 15575
[16:21:25]: 15607
[16:21:26]: 15638
[16:21:26]: 15635
[16:21:26]: 15645
[16:21:26]: 15638
[16:21:27]: 15602
[16:21:27]: 15568
[16:21:27]: 15664
[16:21:28]: 15705
[16:21:28]: 15674
[16:21:28]: 15605
[16:21:29]: 15637
[16:21:29]: 15639
[16:21:29]: 15637
[16:21:30]: 15669
[16:21:30]: 15593
[16:21:30]: 15684
[16:21:31]: 15707
[16:21:31]: 15701
[16:21:31]: 15667
[16:21:31]: 15633
[16:21:32]: 15630
[16:21:32]: 15631
[16:21:32]: 15603
[16:21:33]: 15566
[16:21:33]: 15699
[16:21:33]: 15558
[16:21:34]: 15563
[16:21:34]: 15592
 Close valve LR2
[16:21:34]: W2 pH 7.5
 Open valve LRW2
 Open valve V24
[16:21:34]: 15559
[16:21:35]: 14833
[16:21:35]: 14949
[16:21:35]: 14830
[16:21:36]: 14913
[16:21:36]: 14898
[16:21:36]: 14879
[16:21:37]: 14864
[16:21:37]: 14921
[16:21:37]: 14856
[16:21:38]: 14929
[16:21:38]: 14942
[16:21:38]: 14943
[16:21:38]: 14832
[16:21:39]: 14854
[16:21:39]: 14872
[16:21:39]: 14863
[16:21:40]: 14858
[16:21:40]: 14921
[16:21:40]: 14859
[16:21:41]: 14931
[16:21:41]: 14945
[16:21:41]: 14835
[16:21:42]: 14837
[16:21:42]: 14941
[16:21:42]: 14845
[16:21:42]: 14867
[16:21:43]: 14878
[16:21:43]: 14873
[16:21:43]: 14914
[16:21:44]: 14842
[16:21:44]: 14948
[16:21:44]: 14946
[16:21:45]: 14873
[16:21:45]: 14880
[16:21:45]: 14878
[16:21:46]: 14920
[16:21:46]: 14866
[16:21:46]: 14932
[16:21:47]: 14948
[16:21:47]: 14949
[16:21:47]: 14939
[16:21:47]: 14921
[16:21:48]: 14879
[16:21:48]: 14915
[16:21:48]: 14871
[16:21:49]: 14855
[16:21:49]: 14947
[16:21:49]: 14847
[16:21:50]: 14946
[16:21:50]: 14853
[16:21:50]: 14939
[16:21:51]: 14920
[16:21:51]: 14881
[16:21:51]: 14917
[16:21:52]: 14915
[16:21:52]: 14937
[16:21:52]: 14867
[16:21:52]: 14849
[16:21:53]: 14845
 Close valve V24
 Close valve LRW2
[16:21:53]: dATP pH 7.0
 Open valve LR3
[16:21:53]: 14931
[16:21:54]: 14947
[16:21:54]: 14834
[16:21:54]: 14844
[16:21:55]: 14972
[16:21:55]: 15021
[16:21:55]: 15058
[16:21:55]: 15091
[16:21:56]: 15010
[16:21:56]: 15111
[16:21:56]: 15104
[16:21:57]: 15044
[16:21:57]: 15054
[16:21:57]: 15103
[16:21:58]: 15112
[16:21:58]: 15129
[16:21:58]: 15054
[16:21:59]: 15044
[16:21:59]: 15144
[16:21:59]: 15140
[16:22:00]: 15130
[16:22:00]: 15069
[16:22:00]: 15075
[16:22:00]: 15073
[16:22:01]: 15064
[16:22:01]: 15138
[16:22:01]: 15058
[16:22:02]: 15049
[16:22:02]: 15147
[16:22:02]: 15142
[16:22:03]: 15058
[16:22:03]: 15071
[16:22:03]: 15125
[16:22:04]: 15120
[16:22:04]: 15127
[16:22:04]: 15069
[16:22:04]: 15057
[16:22:05]: 15049
[16:22:05]: 15053
[16:22:05]: 15146
[16:22:06]: 15130
[16:22:06]: 15071
[16:22:06]: 15125
[16:22:07]: 15072
[16:22:07]: 15143
[16:22:07]: 15051
[16:22:08]: 15067
[16:22:08]: 15075
[16:22:08]: 15122
[16:22:09]: 15062
[16:22:09]: 15048
[16:22:09]: 15056
[16:22:10]: 15057
[16:22:10]: 15133
[16:22:10]: 15121
[16:22:11]: 15117
[16:22:11]: 15125
[16:22:11]: 15064
[16:22:12]: 15051
[16:22:12]: 15035
 Close valve LR3
[16:22:12]: W2 pH 7.5
 Open valve LRW2
 Open valve V24
[16:22:12]: 15052
[16:22:13]: 14860
[16:22:13]: 14819
[16:22:13]: 14917
[16:22:14]: 14828
[16:22:14]: 14842
[16:22:14]: 14855
[16:22:14]: 14851
[16:22:15]: 14843
[16:22:15]: 14911
[16:22:15]: 14913
[16:22:16]: 14924
[16:22:16]: 14826
[16:22:16]: 14841
[16:22:17]: 14855
[16:22:17]: 14853
[16:22:17]: 14847
[16:22:18]: 14928
[16:22:18]: 14827
[16:22:18]: 14834
[16:22:19]: 14917
[16:22:19]: 14905
[16:22:19]: 14855
[16:22:19]: 14856
[16:22:20]: 14896
[16:22:20]: 14852
[16:22:20]: 14841
[16:22:21]: 14830
[16:22:21]: 14825
[16:22:21]: 14922
[16:22:22]: 14910
[16:22:22]: 14840
[16:22:22]: 14905
[16:22:23]: 14852
[16:22:23]: 14895
[16:22:23]: 14830
[16:22:24]: 14917
[16:22:24]: 14828
[16:22:24]: 14844
[16:22:25]: 14854
[16:22:25]: 14894
[16:22:25]: 14896
[16:22:25]: 14844
[16:22:26]: 14833
[16:22:26]: 14919
[16:22:26]: 14828
[16:22:27]: 14915
[16:22:27]: 14903
[16:22:27]: 14845
[16:22:28]: 14853
[16:22:28]: 14845
[16:22:28]: 14897
[16:22:29]: 14840
[16:22:29]: 14829
[16:22:29]: 14918
[16:22:29]: 14920
[16:22:30]: 14820
[16:22:30]: 14915
[16:22:30]: 14823
[16:22:31]: 14894
 Close valve V24
 Close valve LRW2
[16:22:31]: dTTP pH 8.0
 Open valve LR4
[16:22:31]: 14917
[16:22:32]: 14770
[16:22:32]: 14694
[16:22:32]: 14633
[16:22:32]: 14619
[16:22:33]: 14657
[16:22:33]: 14568
[16:22:33]: 14576
[16:22:34]: 14543
[16:22:34]: 14646
[16:22:34]: 14628
[16:22:35]: 14611
[16:22:35]: 14602
[16:22:35]: 14605
[16:22:36]: 14614
[16:22:36]: 14644
[16:22:36]: 14546
[16:22:37]: 14533
[16:22:37]: 14541
[16:22:37]: 14637
[16:22:37]: 14615
[16:22:38]: 14582
[16:22:38]: 14585
[16:22:38]: 14600
[16:22:39]: 14545
[16:22:39]: 14646
[16:22:39]: 14630
[16:22:40]: 14528
[16:22:40]: 14543
[16:22:40]: 14626
[16:22:41]: 14605
[16:22:41]: 14581
[16:22:41]: 14577
[16:22:41]: 14557
[16:22:42]: 14623
[16:22:42]: 14546
[16:22:42]: 14529
[16:22:43]: 14526
[16:22:43]: 14549
[16:22:43]: 14647
[16:22:44]: 14598
[16:22:44]: 14580
[16:22:44]: 14593
[16:22:45]: 14596
[16:22:45]: 14558
[16:22:45]: 14615
[16:22:45]: 14641
[16:22:46]: 14528
[16:22:46]: 14645
[16:22:46]: 14633
[16:22:47]: 14615
[16:22:47]: 14556
[16:22:47]: 14604
[16:22:48]: 14608
[16:22:48]: 14547
[16:22:48]: 14623
[16:22:49]: 14643
[16:22:49]: 14635
[16:22:49]: 14526
[16:22:49]: 14552
 Close valve LR4
[16:22:50]: W2 pH 7.5
 Open valve LRW2
 Open valve V24
[16:22:50]: 14558
[16:22:50]: 14763
[16:22:51]: 14885
[16:22:51]: 14864
[16:22:51]: 14821
[16:22:51]: 14839
[16:22:52]: 14850
[16:22:52]: 14835
[16:22:52]: 14810
[16:22:53]: 14790
[16:22:53]: 14907
[16:22:53]: 14810
[16:22:54]: 14782
[16:22:54]: 14878
[16:22:54]: 14800
[16:22:55]: 14848
[16:22:55]: 14850
[16:22:55]: 14828
[16:22:56]: 14799
[16:22:56]: 14779
[16:22:56]: 14915
[16:22:56]: 14895
[16:22:57]: 14870
[16:22:57]: 14848
[16:22:57]: 14856
[16:22:58]: 14881
[16:22:58]: 14797
[16:22:58]: 14899
[16:22:59]: 14919
[16:22:59]: 14810
[16:22:59]: 14867
[16:23:00]: 14843
[16:23:00]: 14847
[16:23:00]: 14828
[16:23:01]: 14796
[16:23:01]: 14776
[16:23:01]: 14918
[16:23:01]: 14896
[16:23:02]: 14790
[16:23:02]: 14881
[16:23:02]: 14809
[16:23:03]: 14844
[16:23:03]: 14845
[16:23:03]: 14848
[16:23:04]: 14782
[16:23:04]: 14773
[16:23:04]: 14911
[16:23:05]: 14880
[16:23:05]: 14851
[16:23:05]: 14843
[16:23:06]: 14840
[16:23:06]: 14846
[16:23:06]: 14825
[16:23:06]: 14794
[16:23:07]: 14774
[16:23:07]: 14775
[16:23:07]: 14770
[16:23:08]: 14784
[16:23:08]: 14824
[16:23:08]: 14852
 Close valve V24
 Close valve LRW2
[16:23:08]: dGTP pH 6.0
 Open valve LR1
[16:23:09]: 14866
[16:23:09]: 15237
[16:23:09]: 15547
[16:23:10]: 15711
[16:23:10]: 15761
[16:23:10]: 15786
[16:23:11]: 15765
[16:23:11]: 15893
[16:23:11]: 15769
[16:23:12]: 15766
[16:23:12]: 15791
[16:23:12]: 15894
[16:23:12]: 15825
[16:23:13]: 15878
[16:23:13]: 15890
[16:23:13]: 15900
[16:23:14]: 15918
[16:23:14]: 15833
[16:23:14]: 15796
[16:23:15]: 15958
[16:23:15]: 15936
[16:23:15]: 15799
[16:23:16]: 15862
[16:23:16]: 15876
[16:23:16]: 15910
[16:23:17]: 15945
[16:23:17]: 15948
[16:23:17]: 15919
[16:23:17]: 15827
[16:23:18]: 15866
[16:23:18]: 15868
[16:23:18]: 15863
[16:23:19]: 15807
[16:23:19]: 15780
[16:23:19]: 15795
[16:23:20]: 15914
[16:23:20]: 15813
[16:23:20]: 15854
[16:23:21]: 15866
[16:23:21]: 15846
[16:23:21]: 15877
[16:23:22]: 15794
[16:23:22]: 15946
[16:23:22]: 15784
[16:23:23]: 15814
[16:23:23]: 15852
[16:23:23]: 15865
[16:23:23]: 15848
[16:23:24]: 15811
[16:23:24]: 15788
[16:23:24]: 15793
[16:23:25]: 15824
[16:23:25]: 15866
[16:23:25]: 15851
[16:23:26]: 15859
[16:23:26]: 15890
[16:23:26]: 15816
[16:23:27]: 15910
[16:23:27]: 15939
[16:23:27]: 15785
 Close valve LR1
[16:23:27]: W2 pH 7.5
 Open valve LRW2
 Open valve V24
[16:23:28]: 15872
[16:23:28]: 14853
[16:23:28]: 14773
[16:23:29]: 14768
[16:23:29]: 14901
[16:23:29]: 14776
[16:23:30]: 14809
[16:23:30]: 14851
[16:23:30]: 14835
[16:23:30]: 14842
[16:23:31]: 14821
[16:23:31]: 14781
[16:23:31]: 14834
[16:23:32]: 14918
[16:23:32]: 14759
[16:23:32]: 14911
[16:23:33]: 14873
[16:23:33]: 14798
[16:23:33]: 14856
[16:23:34]: 14829
[16:23:34]: 14851
[16:23:34]: 14825
[16:23:34]: 14840
[16:23:35]: 14758
[16:23:35]: 14920
[16:23:35]: 14906
[16:23:36]: 14767
[16:23:36]: 14811
[16:23:36]: 14842
[16:23:37]: 14823
[16:23:37]: 14834
[16:23:37]: 14810
[16:23:38]: 14774
[16:23:38]: 14756
[16:23:38]: 14912
[16:23:39]: 14883
[16:23:39]: 14845
[16:23:39]: 14824
[16:23:39]: 14840
[16:23:40]: 14811
[16:23:40]: 14774
[16:23:40]: 14746
[16:23:41]: 14862
[16:23:41]: 14828
[16:23:41]: 14843
[16:23:42]: 14769
[16:23:42]: 14888
[16:23:42]: 14762
[16:23:43]: 14753
[16:23:43]: 14775
[16:23:43]: 14759
[16:23:44]: 14797
[16:23:44]: 14833
[16:23:44]: 14820
[16:23:45]: 14828
[16:23:45]: 14868
[16:23:45]: 14768
[16:23:45]: 14749
[16:23:46]: 14853
[16:23:46]: 14800
 Close valve V24
 Close valve LRW2
[16:23:46]: dCTP pH 6.5
 Open valve LR2
[16:23:47]: 14748
[16:23:47]: 15009
[16:23:47]: 15492
[16:23:47]: 15532
[16:23:48]: 15517
[16:23:48]: 15555
[16:23:48]: 15522
[16:23:49]: 15476
[16:23:49]: 15452
[16:23:49]: 15459
[16:23:50]: 15513
[16:23:50]: 15547
[16:23:50]: 15529
[16:23:51]: 15483
[16:23:51]: 15591
[16:23:51]: 15468
[16:23:52]: 15600
[16:23:52]: 15480
[16:23:52]: 15529
[16:23:53]: 15548
[16:23:53]: 15521
[16:23:53]: 15545
[16:23:54]: 15530
[16:23:54]: 15614
[16:23:54]: 15449
[16:23:54]: 15478
[16:23:55]: 15513
[16:23:55]: 15542
[16:23:55]: 15541
[16:23:56]: 15461
[16:23:56]: 15598
[16:23:56]: 15606
[16:23:57]: 15447
[16:23:57]: 15486
[16:23:57]: 15539
[16:23:58]: 15530
[16:23:58]: 15516
[16:23:58]: 15509
[16:23:59]: 15464
[16:23:59]: 15439
[16:23:59]: 15604
[16:23:59]: 15598
[16:24:00]: 15528
[16:24:00]: 15504
[16:24:00]: 15532
[16:24:01]: 15496
[16:24:01]: 15542
[16:24:01]: 15521
[16:24:02]: 15596
[16:24:02]: 15560
[16:24:02]: 15475
[16:24:03]: 15535
[16:24:03]: 15505
[16:24:03]: 15508
[16:24:04]: 15545
[16:24:04]: 15590
[16:24:04]: 15593
[16:24:04]: 15550
[16:24:05]: 15513
[16:24:05]: 15502
 Close valve LR2
[16:24:05]: W2 pH 7.5
 Open valve LRW2
 Open valve V24
[16:24:06]: 15495
[16:24:06]: 14868
[16:24:06]: 14809
[16:24:07]: 14760
[16:24:07]: 14723
[16:24:07]: 14846
[16:24:08]: 14782
[16:24:08]: 14693
[16:24:08]: 14693
[16:24:08]: 14739
[16:24:09]: 14749
[16:24:09]: 14757
[16:24:09]: 14662
[16:24:10]: 14667
[16:24:10]: 14757
[16:24:10]: 14742
[16:24:11]: 14683
[16:24:11]: 14689
[16:24:11]: 14731
[16:24:12]: 14742
[16:24:12]: 14677
[16:24:12]: 14662
[16:24:12]: 14754
[16:24:13]: 14756
[16:24:13]: 14745
[16:24:13]: 14753
[16:24:14]: 14681
[16:24:14]: 14686
[16:24:14]: 14734
[16:24:15]: 14681
[16:24:15]: 14664
[16:24:15]: 14749
[16:24:16]: 14754
[16:24:16]: 14749
[16:24:16]: 14668
[16:24:16]: 14678
[16:24:17]: 14684
[16:24:17]: 14726
[16:24:17]: 14723
[16:24:18]: 14749
[16:24:18]: 14655
[16:24:18]: 14654
[16:24:19]: 14665
[16:24:19]: 14675
[16:24:19]: 14668
[16:24:20]: 14677
[16:24:20]: 14680
[16:24:20]: 14727
[16:24:21]: 14739
[16:24:21]: 14746
[16:24:21]: 14643
[16:24:21]: 14653
[16:24:22]: 14668
[16:24:22]: 14675
[16:24:22]: 14717
[16:24:23]: 14726
[16:24:23]: 14672
[16:24:23]: 14676
[16:24:24]: 14746
[16:24:24]: 14733
 Close valve V24
 Close valve LRW2
[16:24:24]: dATP pH 7.0
 Open valve LR3
[16:24:24]: 14666
[16:24:25]: 14735
[16:24:25]: 14754
[16:24:25]: 14805
[16:24:26]: 14814
[16:24:26]: 14875
[16:24:26]: 14949
[16:24:27]: 14904
[16:24:27]: 14998
[16:24:27]: 14916
[16:24:28]: 14921
[16:24:28]: 14936
[16:24:28]: 15019
[16:24:29]: 15013
[16:24:29]: 15017
[16:24:29]: 15031
[16:24:29]: 14980
[16:24:30]: 14953
[16:24:30]: 15045
[16:24:30]: 14949
[16:24:31]: 14956
[16:24:31]: 14965
[16:24:31]: 14959
[16:24:32]: 15038
[16:24:32]: 15025
[16:24:32]: 14974
[16:24:33]: 14959
[16:24:33]: 14945
[16:24:33]: 15046
[16:24:33]: 15044
[16:24:34]: 15028
[16:24:34]: 14966
[16:24:34]: 15021
[16:24:35]: 14972
[16:24:35]: 15026
[16:24:35]: 14965
[16:24:36]: 15042
[16:24:36]: 15041
[16:24:36]: 15027
[16:24:37]: 15014
[16:24:37]: 14970
[16:24:37]: 15012
[16:24:38]: 15021
[16:24:38]: 14961
[16:24:38]: 14945
[16:24:39]: 15034
[16:24:39]: 14950
[16:24:39]: 14960
[16:24:39]: 14940
[16:24:40]: 15009
[16:24:40]: 14967
[16:24:40]: 15015
[16:24:41]: 14942
[16:24:41]: 14938
[16:24:41]: 14938
[16:24:42]: 15027
[16:24:42]: 15012
[16:24:42]: 14961
[16:24:43]: 14965
[16:24:43]: 14955
 Close valve LR3
[16:24:43]: W2 pH 7.5
 Open valve LRW2
 Open valve V24
[16:24:43]: 14995
[16:24:44]: 14754
[16:24:44]: 14636
[16:24:44]: 14721
[16:24:45]: 14653
[16:24:45]: 14695
[16:24:45]: 14656
[16:24:46]: 14714
[16:24:46]: 14635
[16:24:46]: 14623
[16:24:47]: 14724
[16:24:47]: 14720
[16:24:47]: 14635
[16:24:48]: 14648
[16:24:48]: 14654
[16:24:48]: 14693
[16:24:48]: 14652
[16:24:49]: 14714
[16:24:49]: 14623
[16:24:49]: 14629
[16:24:50]: 14722
[16:24:50]: 14629
[16:24:50]: 14716
[16:24:51]: 14635
[16:24:51]: 14645
[16:24:51]: 14690
[16:24:52]: 14692
[16:24:52]: 14650
[16:24:52]: 14635
[16:24:52]: 14706
[16:24:53]: 14715
[16:24:53]: 14719
[16:24:53]: 14617
[16:24:54]: 14637
[16:24:54]: 14693
[16:24:54]: 14685
[16:24:55]: 14650
[16:24:55]: 14641
[16:24:55]: 14623
[16:24:56]: 14613
[16:24:56]: 14702
[16:24:56]: 14634
[16:24:57]: 14643
[16:24:57]: 14681
[16:24:57]: 14691
[16:24:57]: 14703
[16:24:58]: 14712
[16:24:58]: 14609
[16:24:58]: 14714
[16:24:59]: 14708
[16:24:59]: 14689
[16:24:59]: 14637
[16:25:00]: 14689
[16:25:00]: 14638
[16:25:00]: 14619
[16:25:01]: 14711
[16:25:01]: 14617
[16:25:01]: 14629
[16:25:02]: 14688
[16:25:02]: 14676
 Close valve V24
 Close valve LRW2
[16:25:02]: dTTP pH 8.0
 Open valve LR4
[16:25:02]: 14606
[16:25:03]: 14447
[16:25:03]: 14339
[16:25:03]: 14342
[16:25:04]: 14379
[16:25:04]: 14372
[16:25:04]: 14274
[16:25:05]: 14265
[16:25:05]: 14277
[16:25:05]: 14285
[16:25:06]: 14286
[16:25:06]: 14345
[16:25:06]: 14269
[16:25:07]: 14354
[16:25:07]: 14279
[16:25:07]: 14329
[16:25:07]: 14325
[16:25:08]: 14335
[16:25:08]: 14345
[16:25:08]: 14351
[16:25:09]: 14349
[16:25:09]: 14265
[16:25:09]: 14341
[16:25:10]: 14280
[16:25:10]: 14320
[16:25:10]: 14280
[16:25:11]: 14342
[16:25:11]: 14347
[16:25:11]: 14251
[16:25:12]: 14334
[16:25:12]: 14318
[16:25:12]: 14277
[16:25:13]: 14275
[16:25:13]: 14262
[16:25:13]: 14338
[16:25:13]: 14333
[16:25:14]: 14246
[16:25:14]: 14345
[16:25:14]: 14252
[16:25:15]: 14262
[16:25:15]: 14271
[16:25:15]: 14267
[16:25:16]: 14318
[16:25:16]: 14271
[16:25:16]: 14324
[16:25:17]: 14334
[16:25:17]: 14341
[16:25:17]: 14243
[16:25:17]: 14253
[16:25:18]: 14264
[16:25:18]: 14270
[16:25:18]: 14270
[16:25:19]: 14335
[16:25:19]: 14244
[16:25:19]: 14249
[16:25:20]: 14256
[16:25:20]: 14326
[16:25:20]: 14262
[16:25:21]: 14263
[16:25:21]: 14337
 Close valve LR4
[16:25:21]: W2 pH 7.5
 Open valve LRW2
 Open valve V24
[16:25:22]: 14389
[16:25:22]: 14577
[16:25:22]: 14590
[16:25:22]: 14602
[16:25:23]: 14615
[16:25:23]: 14669
[16:25:23]: 14677
[16:25:24]: 14671
[16:25:24]: 14613
[16:25:24]: 14595
[16:25:25]: 14589
[16:25:25]: 14690
[16:25:25]: 14594
[16:25:26]: 14618
[16:25:26]: 14616
[16:25:26]: 14599
[16:25:27]: 14588
[16:25:27]: 14594
[16:25:27]: 14684
[16:25:28]: 14666
[16:25:28]: 14611
[16:25:28]: 14658
[16:25:28]: 14658
[16:25:29]: 14670
[16:25:29]: 14602
[16:25:29]: 14609
[16:25:30]: 14684
[16:25:30]: 14683
[16:25:30]: 14594
[16:25:31]: 14606
[16:25:31]: 14613
[16:25:31]: 14654
[16:25:32]: 14664
[16:25:32]: 14603
[16:25:32]: 14670
[16:25:33]: 14679
[16:25:33]: 14595
[16:25:33]: 14671
[16:25:33]: 14612
[16:25:34]: 14653
[16:25:34]: 14611
[16:25:34]: 14659
[16:25:35]: 14670
[16:25:35]: 14587
[16:25:35]: 14675
[16:25:36]: 14590
[16:25:36]: 14672
[16:25:36]: 14654
[16:25:37]: 14605
[16:25:37]: 14609
[16:25:37]: 14654
[16:25:37]: 14665
[16:25:38]: 14674
[16:25:38]: 14577
[16:25:38]: 14678
[16:25:39]: 14595
[16:25:39]: 14605
[16:25:39]: 14647
[16:25:40]: 14598
[16:25:40]: 14663
 Close valve V24
 Close valve LRW2
[16:25:40]: dGTP pH 6.0
 Open valve LR1
[16:25:40]: 14592
[16:25:41]: 14914
[16:25:41]: 15593
[16:25:41]: 15845
[16:25:42]: 15928
[16:25:42]: 15851
[16:25:42]: 15860
[16:25:43]: 15874
[16:25:43]: 15882
[16:25:43]: 15933
[16:25:44]: 15937
[16:25:44]: 15948
[16:25:44]: 15879
[16:25:45]: 15964
[16:25:45]: 15979
[16:25:45]: 15979
[16:25:45]: 15972
[16:25:46]: 15965
[16:25:46]: 15911
[16:25:46]: 15899
[16:25:47]: 15894
[16:25:47]: 15971
[16:25:47]: 15968
[16:25:48]: 15883
[16:25:48]: 15967
[16:25:48]: 15885
[16:25:49]: 15895
[16:25:49]: 15900
[16:25:49]: 15949
[16:25:49]: 15954
[16:25:50]: 15964
[16:25:50]: 15883
[16:25:50]: 15876
[16:25:51]: 15968
[16:25:51]: 15957
[16:25:51]: 15875
[16:25:52]: 15896
[16:25:52]: 15946
[16:25:52]: 15949
[16:25:53]: 15959
[16:25:53]: 15964
[16:25:53]: 15963
[16:25:54]: 15951
[16:25:54]: 15946
[16:25:54]: 15944
[16:25:55]: 15952
[16:25:55]: 15959
[16:25:55]: 15965
[16:25:55]: 15957
[16:25:56]: 15947
[16:25:56]: 15891
[16:25:56]: 15891
[16:25:57]: 15885
[16:25:57]: 15950
[16:25:57]: 15881
[16:25:58]: 15872
[16:25:58]: 15961
[16:25:58]: 15953
[16:25:59]: 15875
[16:25:59]: 15884
 Close valve LR1
[16:25:59]: W2 pH 7.5
 Open valve LRW2
 Open valve V24
[16:25:59]: 15859
[16:26:00]: 14642
[16:26:00]: 14659
[16:26:00]: 14580
[16:26:01]: 14584
[16:26:01]: 14596
[16:26:01]: 14581
[16:26:01]: 14650
[16:26:02]: 14650
[16:26:02]: 14559
[16:26:02]: 14568
[16:26:03]: 14580
[16:26:03]: 14637
[16:26:03]: 14585
[16:26:04]: 14637
[16:26:04]: 14582
[16:26:04]: 14644
[16:26:05]: 14653
[16:26:05]: 14558
[16:26:05]: 14657
[16:26:05]: 14655
[16:26:06]: 14638
[16:26:06]: 14579
[16:26:06]: 14628
[16:26:07]: 14582
[16:26:07]: 14564
[16:26:07]: 14648
[16:26:08]: 14561
[16:26:08]: 14650
[16:26:08]: 14566
[16:26:09]: 14577
[16:26:09]: 14623
[16:26:09]: 14624
[16:26:10]: 14635
[16:26:10]: 14646
[16:26:10]: 14553
[16:26:10]: 14552
[16:26:11]: 14564
[16:26:11]: 14635
[16:26:11]: 14642
[16:26:12]: 14572
[16:26:12]: 14633
[16:26:12]: 14643
[16:26:13]: 14556
[16:26:13]: 14569
[16:26:13]: 14563
[16:26:14]: 14576
[16:26:14]: 14625
[16:26:14]: 14569
[16:26:15]: 14630
[16:26:15]: 14641
[16:26:15]: 14546
[16:26:16]: 14644
[16:26:16]: 14560
[16:26:16]: 14630
[16:26:16]: 14614
[16:26:17]: 14617
[16:26:17]: 14574
[16:26:17]: 14621
[16:26:18]: 14532
 Close valve V24
 Close valve LRW2
[16:26:18]: dCTP pH 6.5
 Open valve LR2
[16:26:18]: 14608
[16:26:19]: 14973
[16:26:19]: 15462
[16:26:19]: 15508
[16:26:19]: 15389
[16:26:20]: 15388
[16:26:20]: 15449
[16:26:20]: 15438
[16:26:21]: 15388
[16:26:21]: 15453
[16:26:21]: 15376
[16:26:22]: 15447
[16:26:22]: 15438
[16:26:22]: 15443
[16:26:23]: 15453
[16:26:23]: 15465
[16:26:23]: 15378
[16:26:24]: 15406
[16:26:24]: 15459
[16:26:24]: 15447
[16:26:25]: 15453
[16:26:25]: 15461
[16:26:25]: 15453
[16:26:26]: 15358
[16:26:26]: 15470
[16:26:26]: 15465
[16:26:27]: 15381
[16:26:27]: 15390
[16:26:27]: 15438
[16:26:27]: 15444
[16:26:28]: 15443
[16:26:28]: 15391
[16:26:28]: 15371
[16:26:29]: 15380
[16:26:29]: 15374
[16:26:29]: 15368
[16:26:30]: 15391
[16:26:30]: 15430
[16:26:30]: 15440
[16:26:31]: 15385
[16:26:31]: 15366
[16:26:31]: 15452
[16:26:32]: 15460
[16:26:32]: 15457
[16:26:32]: 15437
[16:26:33]: 15428
[16:26:33]: 15433
[16:26:33]: 15442
[16:26:33]: 15387
[16:26:34]: 15354
[16:26:34]: 15361
[16:26:34]: 15370
[16:26:35]: 15379
[16:26:35]: 15425
[16:26:35]: 15384
[16:26:36]: 15438
[16:26:36]: 15372
[16:26:36]: 15353
[16:26:37]: 15450
[16:26:37]: 15453
 Close valve LR2
[16:26:37]: W2 pH 7.5
 Open valve LRW2
 Open valve V24
[16:26:37]: 15377
[16:26:38]: 14624
[16:26:38]: 14539
[16:26:38]: 14626
[16:26:39]: 14542
[16:26:39]: 14554
[16:26:39]: 14603
[16:26:40]: 14595
[16:26:40]: 14559
[16:26:40]: 14541
[16:26:41]: 14523
[16:26:41]: 14630
[16:26:41]: 14549
[16:26:41]: 14523
[16:26:42]: 14595
[16:26:42]: 14561
[16:26:42]: 14622
[16:26:43]: 14630
[16:26:43]: 14522
[16:26:43]: 14630
[16:26:44]: 14619
[16:26:44]: 14597
[16:26:44]: 14553
[16:26:45]: 14558
[16:26:45]: 14594
[16:26:45]: 14557
[16:26:46]: 14542
[16:26:46]: 14527
[16:26:46]: 14541
[16:26:47]: 14550
[16:26:47]: 14551
[16:26:47]: 14539
[16:26:48]: 14519
[16:26:48]: 14514
[16:26:48]: 14620
[16:26:48]: 14611
[16:26:49]: 14591
[16:26:49]: 14581
[16:26:49]: 14537
[16:26:50]: 14543
[16:26:50]: 14597
[16:26:50]: 14610
[16:26:51]: 14616
[16:26:51]: 14510
[16:26:51]: 14523
[16:26:52]: 14536
[16:26:52]: 14544
[16:26:52]: 14577
[16:26:53]: 14544
[16:26:53]: 14540
[16:26:53]: 14520
[16:26:53]: 14531
[16:26:54]: 14602
[16:26:54]: 14527
[16:26:54]: 14537
[16:26:55]: 14586
[16:26:55]: 14600
[16:26:55]: 14592
[16:26:56]: 14610
[16:26:56]: 14597
 Close valve V24
 Close valve LRW2
[16:26:56]: dATP pH 7.0
 Open valve LR3
[16:26:57]: 14576
[16:26:57]: 14611
[16:26:57]: 14585
[16:26:57]: 14725
[16:26:58]: 14761
[16:26:58]: 14848
[16:26:58]: 14852
[16:26:59]: 14866
[16:26:59]: 14816
[16:26:59]: 14822
[16:27:00]: 14888
[16:27:00]: 14895
[16:27:00]: 14800
[16:27:01]: 14812
[16:27:01]: 14823
[16:27:01]: 14832
[16:27:02]: 14877
[16:27:02]: 14887
[16:27:02]: 14834
[16:27:02]: 14893
[16:27:03]: 14902
[16:27:03]: 14908
[16:27:03]: 14812
[16:27:04]: 14893
[16:27:04]: 14831
[16:27:04]: 14835
[16:27:05]: 14825
[16:27:05]: 14820
[16:27:05]: 14898
[16:27:06]: 14811
[16:27:06]: 14908
[16:27:06]: 14898
[16:27:07]: 14881
[16:27:07]: 14878
[16:27:07]: 14887
[16:27:08]: 14896
[16:27:08]: 14903
[16:27:08]: 14805
[16:27:09]: 14813
[16:27:09]: 14878
[16:27:09]: 14876
[16:27:09]: 14886
[16:27:10]: 14825
[16:27:10]: 14809
[16:27:10]: 14897
[16:27:11]: 14812
[16:27:11]: 14876
[16:27:11]: 14829
[16:27:12]: 14885
[16:27:12]: 14822
[16:27:12]: 14887
[16:27:13]: 14896
[16:27:13]: 14901
[16:27:13]: 14803
[16:27:14]: 14813
[16:27:14]: 14822
[16:27:14]: 14874
[16:27:15]: 14870
[16:27:15]: 14880
[16:27:15]: 14888
 Close valve LR3
[16:27:15]: W2 pH 7.5
 Open valve LRW2
 Open valve V24
[16:27:16]: 14803
[16:27:16]: 14537
[16:27:16]: 14497
[16:27:17]: 14575
[16:27:17]: 14566
[16:27:17]: 14571
[16:27:18]: 14565
[16:27:18]: 14573
[16:27:18]: 14520
[16:27:19]: 14503
[16:27:19]: 14493
[16:27:19]: 14592
[16:27:19]: 14591
[16:27:20]: 14578
[16:27:20]: 14512
[16:27:20]: 14519
[16:27:21]: 14522
[16:27:21]: 14512
[16:27:21]: 14519
[16:27:22]: 14492
[16:27:22]: 14592
[16:27:22]: 14583
[16:27:23]: 14519
[16:27:23]: 14520
[16:27:23]: 14520
[16:27:24]: 14493
[16:27:24]: 14585
[16:27:24]: 14589
[16:27:25]: 14494
[16:27:25]: 14504
[16:27:25]: 14513
[16:27:25]: 14559
[16:27:26]: 14558
[16:27:26]: 14517
[16:27:26]: 14507
[16:27:27]: 14491
[16:27:27]: 14580
[16:27:27]: 14487
[16:27:28]: 14489
[16:27:28]: 14499
[16:27:28]: 14572
[16:27:29]: 14557
[16:27:29]: 14555
[16:27:29]: 14513
[16:27:30]: 14504
[16:27:30]: 14568
[16:27:30]: 14577
[16:27:30]: 14484
[16:27:31]: 14576
[16:27:31]: 14561
[16:27:31]: 14570
[16:27:32]: 14509
[16:27:32]: 14508
[16:27:32]: 14561
[16:27:33]: 14502
[16:27:33]: 14487
[16:27:33]: 14573
[16:27:34]: 14577
[16:27:34]: 14574
[16:27:34]: 14490
 Close valve V24
 Close valve LRW2
[16:27:34]: dTTP pH 8.0
 Open valve LR4
[16:27:35]: 14477
[16:27:35]: 14306
[16:27:35]: 14304
[16:27:36]: 14207
[16:27:36]: 14188
[16:27:36]: 14222
[16:27:37]: 14214
[16:27:37]: 14222
[16:27:37]: 14227
[16:27:37]: 14159
[16:27:38]: 14130
[16:27:38]: 14226
[16:27:38]: 14221
[16:27:39]: 14204
[16:27:39]: 14151
[16:27:39]: 14198
[16:27:40]: 14151
[16:27:40]: 14137
[16:27:40]: 14216
[16:27:41]: 14220
[16:27:41]: 14219
[16:27:41]: 14133
[16:27:42]: 14143
[16:27:42]: 14148
[16:27:42]: 14191
[16:27:42]: 14198
[16:27:43]: 14208
[16:27:43]: 14214
[16:27:43]: 14203
[16:27:44]: 14201
[16:27:44]: 14116
[16:27:44]: 14214
[16:27:45]: 14213
[16:27:45]: 14215
[16:27:45]: 14135
[16:27:46]: 14219
[16:27:46]: 14127
[16:27:46]: 14215
[16:27:47]: 14188
[16:27:47]: 14147
[16:27:47]: 14188
[16:27:48]: 14202
[16:27:48]: 14139
[16:27:48]: 14122
[16:27:48]: 14215
[16:27:49]: 14219
[16:27:49]: 14211
[16:27:49]: 14117
[16:27:50]: 14143
[16:27:50]: 14147
[16:27:50]: 14188
[16:27:51]: 14128
[16:27:51]: 14209
[16:27:51]: 14122
[16:27:52]: 14115
[16:27:52]: 14126
[16:27:52]: 14137
[16:27:53]: 14193
[16:27:53]: 14182
[16:27:53]: 14144
 Close valve LR4
[16:27:53]: W2 pH 7.5
 Open valve LRW2
 Open valve V24
[16:27:54]: 14258
[16:27:54]: 14538
[16:27:54]: 14472
[16:27:55]: 14485
[16:27:55]: 14491
[16:27:55]: 14533
[16:27:55]: 14536
[16:27:56]: 14548
[16:27:56]: 14473
[16:27:56]: 14463
[16:27:57]: 14465
[16:27:57]: 14474
[16:27:57]: 14468
[16:27:58]: 14531
[16:27:58]: 14530
[16:27:58]: 14488
[16:27:59]: 14479
[16:27:59]: 14463
[16:27:59]: 14551
[16:28:00]: 14556
[16:28:00]: 14459
[16:28:00]: 14468
[16:28:00]: 14479
[16:28:01]: 14531
[16:28:01]: 14483
[16:28:01]: 14486
[16:28:02]: 14554
[16:28:02]: 14550
[16:28:02]: 14534
[16:28:03]: 14483
[16:28:03]: 14545
[16:28:03]: 14550
[16:28:04]: 14551
[16:28:04]: 14539
[16:28:04]: 14525
[16:28:05]: 14475
[16:28:05]: 14546
[16:28:05]: 14473
[16:28:06]: 14540
[16:28:06]: 14523
[16:28:06]: 14471
[16:28:07]: 14527
[16:28:07]: 14536
[16:28:07]: 14464
[16:28:08]: 14459
[16:28:08]: 14542
[16:28:08]: 14528
[16:28:09]: 14477
[16:28:09]: 14468
[16:28:09]: 14534
[16:28:10]: 14447
[16:28:10]: 14546
[16:28:10]: 14541
[16:28:11]: 14526
[16:28:11]: 14469
[16:28:11]: 14474
[16:28:12]: 14474
[16:28:12]: 14526
[16:28:12]: 14469
[16:28:12]: 14454
 Close valve V24
 Close valve LRW2
[16:28:13]: dGTP pH 6.0
 Open valve LR1
[16:28:13]: 14506
[16:28:13]: 14735
[16:28:14]: 15433
[16:28:14]: 15666
[16:28:14]: 15782
[16:28:15]: 15798
[16:28:15]: 15802
[16:28:15]: 15796
[16:28:15]: 15792
[16:28:16]: 15745
[16:28:16]: 15792
[16:28:16]: 15797
[16:28:17]: 15811
[16:28:17]: 15823
[16:28:17]: 15831
[16:28:18]: 15758
[16:28:18]: 15766
[16:28:18]: 15834
[16:28:19]: 15822
[16:28:19]: 15818
[16:28:19]: 15767
[16:28:19]: 15814
[16:28:20]: 15819
[16:28:20]: 15751
[16:28:20]: 15743
[16:28:21]: 15829
[16:28:21]: 15746
[16:28:21]: 15734
[16:28:22]: 15813
[16:28:22]: 15807
[16:28:22]: 15761
[16:28:23]: 15821
[16:28:23]: 15736
[16:28:23]: 15737
[16:28:24]: 15753
[16:28:24]: 15760
[16:28:24]: 15806
[16:28:25]: 15811
[16:28:25]: 15820
[16:28:25]: 15825
[16:28:26]: 15827
[16:28:26]: 15816
[16:28:26]: 15747
[16:28:27]: 15754
[16:28:27]: 15757
[16:28:27]: 15751
[16:28:27]: 15740
[16:28:28]: 15729
[16:28:28]: 15820
[16:28:28]: 15818
[16:28:29]: 15809
[16:28:29]: 15738
[16:28:29]: 15746
[16:28:30]: 15801
[16:28:30]: 15807
[16:28:30]: 15816
[16:28:31]: 15739
[16:28:31]: 15728
[16:28:31]: 15735
[16:28:32]: 15746
 Close valve LR1
[16:28:32]: W2 pH 7.5
 Open valve LRW2
 Open valve V24
[16:28:32]: 15725
[16:28:32]: 14497
[16:28:33]: 14537
[16:28:33]: 14521
[16:28:33]: 14450
[16:28:34]: 14459
[16:28:34]: 14505
[16:28:34]: 14459
[16:28:34]: 14460
[16:28:35]: 14521
[16:28:35]: 14433
[16:28:35]: 14440
[16:28:36]: 14441
[16:28:36]: 14449
[16:28:36]: 14503
[16:28:37]: 14497
[16:28:37]: 14505
[16:28:37]: 14500
[16:28:38]: 14510
[16:28:38]: 14518
[16:28:38]: 14429
[16:28:39]: 14426
[16:28:39]: 14436
[16:28:39]: 14515
[16:28:39]: 14501
[16:28:40]: 14448
[16:28:40]: 14452
[16:28:40]: 14496
[16:28:41]: 14433
[16:28:41]: 14423
[16:28:41]: 14520
[16:28:42]: 14518
[16:28:42]: 14506
[16:28:42]: 14442
[16:28:43]: 14498
[16:28:43]: 14490
[16:28:43]: 14448
[16:28:43]: 14445
[16:28:44]: 14431
[16:28:44]: 14510
[16:28:44]: 14424
[16:28:45]: 14515
[16:28:45]: 14429
[16:28:45]: 14512
[16:28:46]: 14443
[16:28:46]: 14489
[16:28:46]: 14446
[16:28:47]: 14443
[16:28:47]: 14499
[16:28:47]: 14507
[16:28:47]: 14423
[16:28:48]: 14417
[16:28:48]: 14513
[16:28:48]: 14420
[16:28:49]: 14429
[16:28:49]: 14437
[16:28:49]: 14432
[16:28:50]: 14485
[16:28:50]: 14495
[16:28:50]: 14435
 Close valve V24
 Close valve LRW2
[16:28:50]: dCTP pH 6.5
 Open valve LR2
[16:28:51]: 14473
[16:28:51]: 14772
[16:28:51]: 15150
[16:28:52]: 15318
[16:28:52]: 15326
[16:28:52]: 15228
[16:28:53]: 15238
[16:28:53]: 15249
[16:28:53]: 15245
[16:28:54]: 15305
[16:28:54]: 15315
[16:28:54]: 15260
[16:28:55]: 15248
[16:28:55]: 15246
[16:28:55]: 15354
[16:28:55]: 15357
[16:28:56]: 15338
[16:28:56]: 15271
[16:28:56]: 15323
[16:28:57]: 15271
[16:28:57]: 15324
[16:28:57]: 15262
[16:28:58]: 15247
[16:28:58]: 15240
[16:28:58]: 15339
[16:28:59]: 15335
[16:28:59]: 15319
[16:28:59]: 15260
[16:29:00]: 15267
[16:29:00]: 15264
[16:29:00]: 15319
[16:29:00]: 15328
[16:29:01]: 15336
[16:29:01]: 15335
[16:29:01]: 15259
[16:29:02]: 15317
[16:29:02]: 15256
[16:29:02]: 15239
[16:29:03]: 15234
[16:29:03]: 15332
[16:29:03]: 15238
[16:29:04]: 15243
[16:29:04]: 15252
[16:29:04]: 15303
[16:29:05]: 15302
[16:29:05]: 15255
[16:29:05]: 15243
[16:29:06]: 15251
[16:29:06]: 15321
[16:29:06]: 15324
[16:29:06]: 15230
[16:29:07]: 15297
[16:29:07]: 15246
[16:29:07]: 15294
[16:29:08]: 15239
[16:29:08]: 15304
[16:29:08]: 15313
[16:29:09]: 15318
[16:29:09]: 15223
[16:29:09]: 15315
 Close valve LR2
[16:29:09]: W2 pH 7.5
 Open valve LRW2
 Open valve V24
[16:29:10]: 15203
[16:29:10]: 14468
[16:29:10]: 14509
[16:29:11]: 14495
[16:29:11]: 14480
[16:29:11]: 14489
[16:29:12]: 14432
[16:29:12]: 14424
[16:29:12]: 14480
[16:29:13]: 14495
[16:29:13]: 14403
[16:29:13]: 14404
[16:29:13]: 14414
[16:29:14]: 14418
[16:29:14]: 14471
[16:29:14]: 14471
[16:29:15]: 14480
[16:29:15]: 14488
[16:29:15]: 14483
[16:29:16]: 14397
[16:29:16]: 14495
[16:29:16]: 14489
[16:29:17]: 14473
[16:29:17]: 14419
[16:29:17]: 14423
[16:29:18]: 14420
[16:29:18]: 14404
[16:29:18]: 14393
[16:29:19]: 14400
[16:29:19]: 14466
[16:29:19]: 14417
[16:29:20]: 14421
[16:29:20]: 14482
[16:29:20]: 14397
[16:29:20]: 14489
[16:29:21]: 14477
[16:29:21]: 14462
[16:29:21]: 14462
[16:29:22]: 14472
[16:29:22]: 14482
[16:29:22]: 14391
[16:29:23]: 14388
[16:29:23]: 14399
[16:29:23]: 14396
[16:29:24]: 14465
[16:29:24]: 14458
[16:29:24]: 14418
[16:29:25]: 14413
[16:29:25]: 14470
[16:29:25]: 14481
[16:29:26]: 14487
[16:29:26]: 14483
[16:29:26]: 14400
[16:29:27]: 14410
[16:29:27]: 14461
[16:29:27]: 14472
[16:29:27]: 14385
[16:29:28]: 14394
[16:29:28]: 14479
[16:29:28]: 14461
 Close valve V24
 Close valve LRW2
[16:29:29]: dATP pH 7.0
 Open valve LR3
[16:29:29]: 14372
[16:29:29]: 14513
[16:29:30]: 14512
[16:29:30]: 14524
[16:29:30]: 14483
[16:29:31]: 14531
[16:29:31]: 14580
[16:29:31]: 14615
[16:29:32]: 14704
[16:29:32]: 14707
[16:29:32]: 14723
[16:29:33]: 14739
[16:29:33]: 14752
[16:29:33]: 14760
[16:29:33]: 14669
[16:29:34]: 14685
[16:29:34]: 14757
[16:29:34]: 14744
[16:29:35]: 14698
[16:29:35]: 14759
[16:29:35]: 14694
[16:29:36]: 14684
[16:29:36]: 14775
[16:29:36]: 14760
[16:29:37]: 14749
[16:29:37]: 14753
[16:29:37]: 14708
[16:29:38]: 14695
[16:29:38]: 14680
[16:29:38]: 14774
[16:29:39]: 14777
[16:29:39]: 14768
[16:29:39]: 14693
[16:29:39]: 14686
[16:29:40]: 14703
[16:29:40]: 14751
[16:29:40]: 14758
[16:29:41]: 14763
[16:29:41]: 14768
[16:29:41]: 14660
[16:29:42]: 14755
[16:29:42]: 14743
[16:29:42]: 14694
[16:29:43]: 14697
[16:29:43]: 14694
[16:29:43]: 14745
[16:29:44]: 14770
[16:29:44]: 14774
[16:29:44]: 14689
[16:29:45]: 14754
[16:29:45]: 14703
[16:29:45]: 14759
[16:29:46]: 14760
[16:29:46]: 14767
[16:29:46]: 14767
[16:29:46]: 14755
[16:29:47]: 14697
[16:29:47]: 14756
[16:29:48]: 14764
[16:29:48]: 14767
 Close valve LR3
[16:29:48]: W2 pH 7.5
 Open valve LRW2
 Open valve V24
[16:29:48]: 14671
[16:29:49]: 14383
[16:29:49]: 14370
[16:29:49]: 14379
[16:29:50]: 14393
[16:29:50]: 14440
[16:29:50]: 14443
[16:29:51]: 14398
[16:29:51]: 14388
[16:29:51]: 14372
[16:29:51]: 14449
[16:29:52]: 14467
[16:29:52]: 14458
[16:29:52]: 14440
[16:29:53]: 14434
[16:29:53]: 14395
[16:29:53]: 14392
[16:29:54]: 14373
[16:29:54]: 14456
[16:29:54]: 14366
[16:29:55]: 14365
[16:29:55]: 14376
[16:29:55]: 14453
[16:29:56]: 14437
[16:29:56]: 14430
[16:29:56]: 14440
[16:29:56]: 14450
[16:29:57]: 14457
[16:29:57]: 14458
[16:29:57]: 14459
[16:29:58]: 14377
[16:29:58]: 14440
[16:29:58]: 14430
[16:29:59]: 14435
[16:29:59]: 14444
[16:29:59]: 14438
[16:30:00]: 14360
[16:30:00]: 14454
[16:30:00]: 14359
[16:30:01]: 14366
[16:30:01]: 14375
[16:30:01]: 14383
[16:30:01]: 14385
[16:30:02]: 14379
[16:30:02]: 14442
[16:30:02]: 14450
[16:30:03]: 14365
[16:30:03]: 14375
[16:30:03]: 14369
[16:30:04]: 14383
[16:30:04]: 14430
[16:30:04]: 14381
[16:30:05]: 14446
[16:30:05]: 14452
[16:30:05]: 14358
[16:30:06]: 14367
[16:30:06]: 14441
[16:30:06]: 14426
[16:30:07]: 14378
[16:30:07]: 14381
 Close valve V24
 Close valve LRW2
[16:30:07]: dTTP pH 8.0
 Open valve LR4
[16:30:07]: 14423
[16:30:08]: 14250
[16:30:08]: 14156
[16:30:08]: 14098
[16:30:09]: 14064
[16:30:09]: 14035
[16:30:09]: 14021
[16:30:10]: 14111
[16:30:10]: 14101
[16:30:10]: 14026
[16:30:10]: 14031
[16:30:11]: 14085
[16:30:11]: 14029
[16:30:11]: 14015
[16:30:12]: 14099
[16:30:12]: 14092
[16:30:12]: 14019
[16:30:13]: 14026
[16:30:13]: 14028
[16:30:13]: 14026
[16:30:14]: 14084
[16:30:14]: 14018
[16:30:14]: 14087
[16:30:15]: 14093
[16:30:15]: 14095
[16:30:15]: 14087
[16:30:16]: 14015
[16:30:16]: 14067
[16:30:16]: 14025
[16:30:17]: 14022
[16:30:17]: 14093
[16:30:17]: 14095
[16:30:17]: 14007
[16:30:18]: 14025
[16:30:18]: 14065
[16:30:18]: 14010
[16:30:19]: 13997
[16:30:19]: 14002
[16:30:19]: 14090
[16:30:20]: 14081
[16:30:20]: 14016
[16:30:20]: 14073
[16:30:21]: 14017
[16:30:21]: 14023
[16:30:21]: 14064
[16:30:22]: 14007
[16:30:22]: 14086
[16:30:22]: 13999
[16:30:23]: 14090
[16:30:23]: 14078
[16:30:23]: 14015
[16:30:23]: 14065
[16:30:24]: 14077
[16:30:24]: 14012
[16:30:24]: 13995
[16:30:25]: 13992
[16:30:25]: 14002
[16:30:25]: 14080
[16:30:26]: 14016
[16:30:26]: 14058
 Close valve LR4
[16:30:26]: W2 pH 7.5
 Open valve LRW2
 Open valve V24
[16:30:27]: 14075
[16:30:27]: 14347
[16:30:27]: 14352
[16:30:27]: 14340
[16:30:28]: 14430
[16:30:28]: 14337
[16:30:28]: 14339
[16:30:29]: 14349
[16:30:29]: 14419
[16:30:29]: 14352
[16:30:30]: 14358
[16:30:30]: 14361
[16:30:30]: 14408
[16:30:31]: 14418
[16:30:31]: 14425
[16:30:31]: 14333
[16:30:32]: 14427
[16:30:32]: 14345
[16:30:32]: 14419
[16:30:33]: 14358
[16:30:33]: 14357
[16:30:33]: 14423
[16:30:33]: 14428
[16:30:34]: 14334
[16:30:34]: 14427
[16:30:34]: 14417
[16:30:35]: 14356
[16:30:35]: 14399
[16:30:35]: 14357
[16:30:36]: 14418
[16:30:36]: 14335
[16:30:36]: 14328
[16:30:37]: 14336
[16:30:37]: 14422
[16:30:37]: 14340
[16:30:38]: 14397
[16:30:38]: 14354
[16:30:38]: 14396
[16:30:38]: 14404
[16:30:39]: 14414
[16:30:39]: 14420
[16:30:39]: 14343
[16:30:40]: 14331
[16:30:40]: 14420
[16:30:40]: 14336
[16:30:41]: 14395
[16:30:41]: 14398
[16:30:41]: 14394
[16:30:42]: 14342
[16:30:42]: 14328
[16:30:42]: 14418
[16:30:43]: 14421
[16:30:43]: 14414
[16:30:43]: 14399
[16:30:44]: 14393
[16:30:44]: 14400
[16:30:44]: 14347
[16:30:44]: 14415
[16:30:45]: 14419
[16:30:45]: 14412
 Close valve V24
 Close valve LRW2
[16:30:45]: dGTP pH 6.0
 Open valve LR1
[16:30:46]: 14319
[16:30:46]: 14676
[16:30:46]: 15356
[16:30:47]: 15564
[16:30:47]: 15649
[16:30:47]: 15648
[16:30:48]: 15588
[16:30:48]: 15664
[16:30:48]: 15653
[16:30:49]: 15603
[16:30:49]: 15613
[16:30:49]: 15662
[16:30:50]: 15676
[16:30:50]: 15692
[16:30:50]: 15616
[16:30:50]: 15619
[16:30:51]: 15697
[16:30:51]: 15628
[16:30:51]: 15624
[16:30:52]: 15674
[16:30:52]: 15679
[16:30:52]: 15622
[16:30:53]: 15608
[16:30:53]: 15690
[16:30:53]: 15695
[16:30:54]: 15693
[16:30:54]: 15609
[16:30:54]: 15690
[16:30:54]: 15675
[16:30:55]: 15668
[16:30:55]: 15629
[16:30:55]: 15621
[16:30:56]: 15608
[16:30:56]: 15685
[16:30:56]: 15602
[16:30:57]: 15691
[16:30:57]: 15606
[16:30:57]: 15615
[16:30:58]: 15673
[16:30:58]: 15665
[16:30:58]: 15672
[16:30:59]: 15680
[16:30:59]: 15687
[16:30:59]: 15595
[16:31:00]: 15600
[16:31:00]: 15608
[16:31:00]: 15679
[16:31:00]: 15668
[16:31:01]: 15666
[16:31:01]: 15622
[16:31:01]: 15670
[16:31:02]: 15596
[16:31:02]: 15684
[16:31:02]: 15689
[16:31:03]: 15596
[16:31:03]: 15605
[16:31:03]: 15678
[16:31:04]: 15665
[16:31:04]: 15614
[16:31:04]: 15660
 Close valve LR1
[16:31:04]: W2 pH 7.5
 Open valve LRW2
 Open valve V24
[16:31:05]: 15595
[16:31:05]: 14381
[16:31:05]: 14389
[16:31:06]: 14380
[16:31:06]: 14390
[16:31:06]: 14333
[16:31:06]: 14319
[16:31:07]: 14309
[16:31:07]: 14313
[16:31:07]: 14401
[16:31:08]: 14391
[16:31:08]: 14326
[16:31:08]: 14331
[16:31:09]: 14336
[16:31:09]: 14323
[16:31:09]: 14390
[16:31:10]: 14302
[16:31:10]: 14403
[16:31:10]: 14396
[16:31:11]: 14378
[16:31:11]: 14321
[16:31:11]: 14331
[16:31:12]: 14328
[16:31:12]: 14315
[16:31:12]: 14390
[16:31:12]: 14305
[16:31:13]: 14391
[16:31:13]: 14304
[16:31:13]: 14300
[16:31:14]: 14379
[16:31:14]: 14321
[16:31:14]: 14323
[16:31:15]: 14367
[16:31:15]: 14377
[16:31:15]: 14322
[16:31:16]: 14307
[16:31:16]: 14389
[16:31:16]: 14301
[16:31:16]: 14297
[16:31:17]: 14307
[16:31:17]: 14317
[16:31:17]: 14375
[16:31:18]: 14365
[16:31:18]: 14369
[16:31:18]: 14378
[16:31:19]: 14387
[16:31:19]: 14391
[16:31:19]: 14296
[16:31:20]: 14374
[16:31:20]: 14363
[16:31:20]: 14367
[16:31:21]: 14376
[16:31:21]: 14308
[16:31:21]: 14378
[16:31:21]: 14386
[16:31:22]: 14388
[16:31:22]: 14296
[16:31:22]: 14304
[16:31:23]: 14313
[16:31:23]: 14317
 Close valve V24
 Close valve LRW2
[16:31:23]: dCTP pH 6.5
 Open valve LR2
[16:31:24]: 14297
[16:31:24]: 14608
[16:31:24]: 15055
[16:31:25]: 15148
[16:31:25]: 15169
[16:31:25]: 15102
[16:31:25]: 15091
[16:31:26]: 15093
[16:31:26]: 15193
[16:31:26]: 15184
[16:31:27]: 15121
[16:31:27]: 15125
[16:31:27]: 15126
[16:31:28]: 15108
[16:31:28]: 15122
[16:31:28]: 15225
[16:31:29]: 15135
[16:31:29]: 15190
[16:31:29]: 15197
[16:31:30]: 15125
[16:31:30]: 15190
[16:31:30]: 15198
[16:31:31]: 15105
[16:31:31]: 15105
[16:31:31]: 15203
[16:31:32]: 15121
[16:31:32]: 15179
[16:31:32]: 15124
[16:31:32]: 15131
[16:31:33]: 15127
[16:31:33]: 15114
[16:31:33]: 15123
[16:31:34]: 15198
[16:31:34]: 15201
[16:31:34]: 15106
[16:31:35]: 15115
[16:31:35]: 15121
[16:31:35]: 15173
[16:31:36]: 15172
[16:31:36]: 15179
[16:31:36]: 15115
[16:31:37]: 15098
[16:31:37]: 15092
[16:31:37]: 15097
[16:31:37]: 15103
[16:31:38]: 15168
[16:31:38]: 15156
[16:31:38]: 15109
[16:31:39]: 15164
[16:31:39]: 15098
[16:31:39]: 15167
[16:31:40]: 15078
[16:31:40]: 15086
[16:31:40]: 15170
[16:31:41]: 15086
[16:31:41]: 15094
[16:31:41]: 15149
[16:31:42]: 15144
[16:31:42]: 15151
[16:31:42]: 15158
 Close valve LR2
[16:31:42]: W2 pH 7.5
 Open valve LRW2
 Open valve V24
[16:31:43]: 14932
[16:31:43]: 14321
[16:31:43]: 14377
[16:31:44]: 14285
[16:31:44]: 14372
[16:31:44]: 14288
[16:31:45]: 14298
[16:31:45]: 14349
[16:31:45]: 14342
[16:31:46]: 14351
[16:31:46]: 14300
[16:31:46]: 14356
[16:31:46]: 14364
[16:31:47]: 14276
[16:31:47]: 14286
[16:31:47]: 14280
[16:31:48]: 14343
[16:31:48]: 14294
[16:31:48]: 14300
[16:31:49]: 14342
[16:31:49]: 14352
[16:31:49]: 14290
[16:31:50]: 14367
[16:31:50]: 14366
[16:31:50]: 14277
[16:31:51]: 14338
[16:31:51]: 14336
[16:31:51]: 14297
[16:31:52]: 14290
[16:31:52]: 14274
[16:31:52]: 14359
[16:31:52]: 14362
[16:31:53]: 14363
[16:31:53]: 14275
[16:31:53]: 14359
[16:31:54]: 14291
[16:31:54]: 14332
[16:31:54]: 14292
[16:31:55]: 14347
[16:31:55]: 14355
[16:31:55]: 14264
[16:31:56]: 14264
[16:31:56]: 14273
[16:31:56]: 14282
[16:31:57]: 14337
[16:31:57]: 14289
[16:31:57]: 14337
[16:31:57]: 14347
[16:31:58]: 14355
[16:31:58]: 14263
[16:31:58]: 14262
[16:31:59]: 14339
[16:31:59]: 14279
[16:31:59]: 14333
[16:32:00]: 14340
[16:32:00]: 14348
[16:32:00]: 14353
[16:32:01]: 14272
[16:32:01]: 14341
[16:32:01]: 14274
 Close valve V24
 Close valve LRW2
[16:32:01]: dATP pH 7.0
 Open valve LR3
[16:32:02]: 14335
[16:32:02]: 14421
[16:32:02]: 14557
[16:32:03]: 14514
[16:32:03]: 14503
[16:32:04]: 14550
[16:32:04]: 14597
[16:32:04]: 14609
[16:32:04]: 14536
[16:32:05]: 14551
[16:32:05]: 14561
[16:32:05]: 14559
[16:32:06]: 14615
[16:32:06]: 14567
[16:32:06]: 14555
[16:32:07]: 14638
[16:32:07]: 14646
[16:32:07]: 14547
[16:32:08]: 14555
[16:32:08]: 14647
[16:32:08]: 14633
[16:32:08]: 14569
[16:32:09]: 14621
[16:32:09]: 14579
[16:32:09]: 14625
[16:32:10]: 14634
[16:32:10]: 14642
[16:32:10]: 14549
[16:32:11]: 14548
[16:32:11]: 14558
[16:32:11]: 14640
[16:32:12]: 14647
[16:32:12]: 14615
[16:32:12]: 14622
[16:32:13]: 14575
[16:32:13]: 14561
[16:32:13]: 14547
[16:32:13]: 14629
[16:32:14]: 14557
[16:32:14]: 14637
[16:32:14]: 14573
[16:32:15]: 14628
[16:32:15]: 14637
[16:32:15]: 14631
[16:32:16]: 14642
[16:32:16]: 14552
[16:32:16]: 14615
[16:32:17]: 14614
[16:32:17]: 14573
[16:32:17]: 14571
[16:32:18]: 14548
[16:32:18]: 14541
[16:32:18]: 14640
[16:32:19]: 14556
[16:32:19]: 14563
[16:32:19]: 14611
[16:32:20]: 14618
[16:32:20]: 14621
[16:32:20]: 14559
[16:32:21]: 14544
 Close valve LR3
[16:32:21]: W2 pH 7.5
 Open valve LRW2
 Open valve V24
[16:32:21]: 14462
[16:32:21]: 14356
[16:32:22]: 14335
[16:32:22]: 14243
[16:32:22]: 14336
[16:32:23]: 14326
[16:32:23]: 14313
[16:32:23]: 14309
[16:32:24]: 14318
[16:32:24]: 14261
[16:32:24]: 14321
[16:32:25]: 14329
[16:32:25]: 14332
[16:32:25]: 14334
[16:32:25]: 14239
[16:32:26]: 14257
[16:32:26]: 14264
[16:32:26]: 14268
[16:32:27]: 14328
[16:32:27]: 14243
[16:32:27]: 14330
[16:32:28]: 14325
[16:32:28]: 14253
[16:32:28]: 14261
[16:32:29]: 14265
[16:32:29]: 14307
[16:32:29]: 14318
[16:32:30]: 14254
[16:32:30]: 14238
[16:32:30]: 14329
[16:32:31]: 14333
[16:32:31]: 14329
[16:32:31]: 14247
[16:32:31]: 14256
[16:32:32]: 14262
[16:32:32]: 14262
[16:32:32]: 14311
[16:32:33]: 14320
[16:32:33]: 14327
[16:32:33]: 14323
[16:32:34]: 14323
[16:32:34]: 14247
[16:32:34]: 14255
[16:32:35]: 14260
[16:32:35]: 14258
[16:32:35]: 14312
[16:32:36]: 14254
[16:32:36]: 14327
[16:32:36]: 14230
[16:32:36]: 14239
[16:32:37]: 14331
[16:32:37]: 14314
[16:32:37]: 14325
[16:32:38]: 14261
[16:32:38]: 14300
[16:32:38]: 14264
[16:32:39]: 14263
[16:32:39]: 14248
[16:32:39]: 14327
[16:32:40]: 14333
 Close valve V24
 Close valve LRW2
[16:32:40]: dTTP pH 8.0
 Open valve LR4
[16:32:40]: 12985
[16:32:40]: 13879
[16:32:41]: 13734
[16:32:41]: 13716
[16:32:41]: 13714
[16:32:42]: 13767
[16:32:42]: 13755
[16:32:42]: 13694
[16:32:43]: 13752
[16:32:43]: 13752
[16:32:43]: 13755
[16:32:43]: 13756
[16:32:44]: 13758
[16:32:44]: 13683
[16:32:44]: 13757
[16:32:45]: 13754
[16:32:45]: 13751
[16:32:45]: 13692
[16:32:46]: 13755
[16:32:46]: 13691
[16:32:46]: 13757
[16:32:47]: 13762
[16:32:47]: 13764
[16:32:47]: 13686
[16:32:48]: 13765
[16:32:48]: 13761
[16:32:48]: 13692
[16:32:48]: 13755
[16:32:49]: 13760
[16:32:49]: 13703
[16:32:49]: 13706
[16:32:50]: 13717
[16:32:50]: 13848
[16:32:50]: 13465
[16:32:51]: 13795
[16:32:51]: 14087
[16:32:51]: 13827
[16:32:52]: 13925
[16:32:52]: 13964
[16:32:52]: 14016
[16:32:52]: 14030
[16:32:53]: 14042
[16:32:53]: 13968
[16:32:53]: 13975
[16:32:54]: 13984
[16:32:54]: 13992
[16:32:54]: 14059
[16:32:55]: 14035
[16:32:55]: 14000
[16:32:55]: 14075
[16:32:56]: 13999
[16:32:56]: 14113
[16:32:56]: 14005
[16:32:57]: 14013
[16:32:57]: 14050
[16:32:57]: 14078
[16:32:57]: 14078
[16:32:58]: 14060
[16:32:58]: 14042
[16:32:58]: 14103
 Close valve LR4
[16:32:59]: W2 pH 7.5
 Open valve LRW2
 Open valve V24
[16:32:59]: 14093
[16:32:59]: 13821
[16:33:00]: 13618
[16:33:00]: 13224
[16:33:00]: 14323
[16:33:01]: 13920
[16:33:01]: 14330
[16:33:01]: 14382
[16:33:01]: 14729
[16:33:02]: 14901
[16:33:02]: 14593
[16:33:02]: 14529
[16:33:03]: 14428
[16:33:03]: 14400
[16:33:03]: 14693
[16:33:04]: 14427
[16:33:04]: 14513
[16:33:04]: 13807
[16:33:05]: 14392
[16:33:05]: 15129
[16:33:05]: 15423
[16:33:06]: 15438
[16:33:06]: 15602
[16:33:06]: 15045
[16:33:07]: 14857
[16:33:07]: 15740
[16:33:07]: 15731
[16:33:08]: 15558
[16:33:08]: 15967
[16:33:08]: 15245
[16:33:08]: 15679
[16:33:09]: 15093
[16:33:09]: 14325
[16:33:09]: 14293
[16:33:10]: 14271
[16:33:10]: 14717
[16:33:10]: 14356
[16:33:11]: 14383
[16:33:11]: 14261
[16:33:11]: 14473
[16:33:12]: 14504
[16:33:12]: 14393
[16:33:12]: 14367
[16:33:13]: 13833
[16:33:13]: 13944
[16:33:13]: 14067
[16:33:14]: 14747
[16:33:14]: 14721
[16:33:14]: 13949
[16:33:15]: 14107
