 Close valve HP_IN
 Close valve HP_OUT
 Close valve L1_OUT
 Close valve L2_OUT
 Close valve L3_OUT
 Close valve L_HP
 Close valve LR1
 Close valve LR2
 Close valve LR3
 Close valve LR4
 Close valve LRW2
 Close valve LWASTE
 Close valve R1_4
 Close valve V21
 Close valve V24
 Close valve V4
 Close valve VH
 Close valve W1
 Close valve W2
 Close valve W3
 Open valve HP_IN
 Open valve W2
 Open valve R1_4
 Open valve V21
[16:49:04]: Forward liquid flow activated
[16:49:04]: Pump W2
 Open valve LRW2
 Open valve V24
 Open valve V4
 Open valve L2_OUT
 Close valve L2_OUT
 Close valve V4
 Close valve V24
 Close valve LRW2
[16:49:34]: Loop start
[16:49:34]: W2 OH-
 Open valve LRW2
 Open valve V24
[16:49:35]: 4077
[16:49:35]: 4002
[16:49:35]: 3997
[16:49:36]: 3930
[16:49:36]: 4037
[16:49:36]: 3954
[16:49:37]: 4029
[16:49:37]: 3996
[16:49:37]: 4017
[16:49:38]: 4056
[16:49:38]: 3926
[16:49:38]: 3972
[16:49:39]: 3996
[16:49:39]: 3961
[16:49:39]: 3939
[16:49:40]: 3957
[16:49:40]: 4011
[16:49:40]: 3974
[16:49:41]: 3909
[16:49:41]: 3972
[16:49:42]: 3995
[16:49:42]: 3920
[16:49:42]: 3938
[16:49:43]: 3982
[16:49:43]: 4023
[16:49:43]: 3982
[16:49:43]: 4001
[16:49:44]: 4041
[16:49:44]: 4080
[16:49:44]: 3933
[16:49:45]: 4044
[16:49:45]: 3989
[16:49:45]: 4017
[16:49:46]: 4010
[16:49:46]: 4054
[16:49:46]: 3949
[16:49:47]: 4073
[16:49:47]: 4018
[16:49:47]: 3998
[16:49:48]: 4026
[16:49:48]: 4028
[16:49:48]: 3977
[16:49:49]: 4049
[16:49:49]: 3997
[16:49:49]: 4024
[16:49:50]: 4019
[16:49:50]: 3967
[16:49:50]: 3932
[16:49:51]: 4072
[16:49:51]: 3973
[16:49:51]: 4030
[16:49:52]: 3999
[16:49:52]: 3988
[16:49:52]: 4028
[16:49:53]: 3985
[16:49:53]: 4087
[16:49:53]: 4061
[16:49:54]: 4073
[16:49:54]: 4043
[16:49:54]: 4013
 Close valve V24
 Close valve LRW2
[16:49:54]: CIRCLE H+
 Open valve LR1
[16:49:55]: 4046
[16:49:55]: 1918
[16:49:55]: 2035
[16:49:56]: 1948
[16:49:56]: 2096
[16:49:56]: 2137
[16:49:57]: 2240
[16:49:57]: 2427
[16:49:57]: 2561
[16:49:58]: 2654
[16:49:58]: 2758
[16:49:58]: 2849
[16:49:58]: 2923
[16:49:59]: 3014
[16:49:59]: 3087
[16:49:59]: 3141
[16:50:00]: 3192
[16:50:00]: 3239
[16:50:00]: 3265
[16:50:01]: 3292
[16:50:01]: 3317
[16:50:01]: 2263
[16:50:02]: 2202
[16:50:02]: 2181
[16:50:02]: 2179
[16:50:03]: 2174
[16:50:03]: 2178
[16:50:03]: 2178
[16:50:04]: 2178
[16:50:04]: 2177
[16:50:04]: 2177
[16:50:05]: 2174
[16:50:05]: 2173
[16:50:05]: 2173
[16:50:06]: 2178
[16:50:06]: 2178
[16:50:06]: 2173
[16:50:06]: 2164
[16:50:07]: 2168
[16:50:07]: 2172
[16:50:07]: 2172
[16:50:08]: 2171
[16:50:08]: 2177
[16:50:08]: 2172
[16:50:09]: 2174
[16:50:09]: 2175
[16:50:09]: 2175
[16:50:10]: 2175
[16:50:10]: 2179
[16:50:10]: 2180
[16:50:11]: 2172
[16:50:11]: 2173
[16:50:11]: 2176
[16:50:12]: 2175
[16:50:12]: 2176
[16:50:12]: 2178
[16:50:13]: 2181
[16:50:13]: 2181
[16:50:13]: 2179
[16:50:14]: 2175
 Close valve LR1
[16:50:14]: W2 OH-
 Open valve LRW2
 Open valve V24
[16:50:14]: 2169
[16:50:14]: 2035
[16:50:15]: 2381
[16:50:15]: 2732
[16:50:15]: 3036
[16:50:16]: 3257
[16:50:16]: 3308
[16:50:16]: 3356
[16:50:17]: 3403
[16:50:17]: 3458
[16:50:17]: 3499
[16:50:18]: 3512
[16:50:18]: 3505
[16:50:18]: 3479
[16:50:19]: 3519
[16:50:19]: 3515
[16:50:19]: 3516
[16:50:19]: 3533
[16:50:20]: 3567
[16:50:20]: 3607
[16:50:20]: 3598
[16:50:21]: 3584
[16:50:21]: 3577
[16:50:21]: 3563
[16:50:22]: 3552
[16:50:22]: 3561
[16:50:22]: 3649
[16:50:23]: 3582
[16:50:23]: 3625
[16:50:23]: 3624
[16:50:24]: 3594
[16:50:24]: 3591
[16:50:24]: 3688
[16:50:25]: 3690
[16:50:25]: 3662
[16:50:25]: 3650
[16:50:26]: 3661
[16:50:26]: 3679
[16:50:26]: 3628
[16:50:27]: 3618
[16:50:27]: 3697
[16:50:27]: 3647
[16:50:28]: 3639
[16:50:28]: 3686
[16:50:28]: 3660
[16:50:28]: 3644
[16:50:29]: 3639
[16:50:29]: 3650
[16:50:29]: 3718
[16:50:30]: 3696
[16:50:30]: 3685
[16:50:30]: 3706
[16:50:31]: 3732
[16:50:31]: 3751
[16:50:31]: 3748
[16:50:32]: 3734
[16:50:32]: 3709
[16:50:32]: 3706
[16:50:33]: 3711
[16:50:33]: 3753
 Close valve V24
 Close valve LRW2
[16:50:33]: CROSS H+
 Open valve LR2
[16:50:34]: 3700
[16:50:34]: 3032
[16:50:34]: 2000
[16:50:35]: 2009
[16:50:35]: 2315
[16:50:35]: 2518
[16:50:35]: 2575
[16:50:36]: 2731
[16:50:36]: 2855
[16:50:36]: 3061
[16:50:37]: 3244
[16:50:37]: 3374
[16:50:37]: 3443
[16:50:38]: 3498
[16:50:38]: 3544
[16:50:38]: 3585
[16:50:39]: 3613
[16:50:39]: 3631
[16:50:39]: 3644
[16:50:40]: 3657
[16:50:40]: 3669
[16:50:40]: 3674
[16:50:41]: 3682
[16:50:41]: 3689
[16:50:41]: 3124
[16:50:42]: 2160
[16:50:42]: 2172
[16:50:42]: 2149
[16:50:42]: 2152
[16:50:43]: 2153
[16:50:43]: 2154
[16:50:43]: 2155
[16:50:44]: 2155
[16:50:44]: 2150
[16:50:44]: 2152
[16:50:45]: 2149
[16:50:45]: 2144
[16:50:45]: 2139
[16:50:46]: 2146
[16:50:46]: 2143
[16:50:46]: 2146
[16:50:47]: 2150
[16:50:47]: 2147
[16:50:47]: 2145
[16:50:48]: 2144
[16:50:48]: 2147
[16:50:48]: 2143
[16:50:49]: 2143
[16:50:49]: 2142
[16:50:49]: 2142
[16:50:50]: 2139
[16:50:50]: 2137
[16:50:50]: 2136
[16:50:50]: 2136
[16:50:51]: 2140
[16:50:51]: 2139
[16:50:51]: 2139
[16:50:52]: 2139
[16:50:52]: 2135
[16:50:52]: 2136
 Close valve LR2
[16:50:52]: W2 OH-
 Open valve LRW2
 Open valve V24
[16:50:53]: 2138
[16:50:53]: 2142
[16:50:54]: 2280
[16:50:54]: 2431
[16:50:54]: 2796
[16:50:55]: 3093
[16:50:55]: 3070
[16:50:55]: 3056
[16:50:55]: 3170
[16:50:56]: 3283
[16:50:56]: 3338
[16:50:56]: 3377
[16:50:57]: 3436
[16:50:57]: 3492
[16:50:57]: 3506
[16:50:58]: 3497
[16:50:58]: 3497
[16:50:58]: 3507
[16:50:59]: 3518
[16:50:59]: 3510
[16:50:59]: 3486
[16:51:00]: 3508
[16:51:00]: 3571
[16:51:00]: 3572
[16:51:01]: 3595
[16:51:01]: 3586
[16:51:01]: 3622
[16:51:02]: 3588
[16:51:02]: 3589
[16:51:02]: 3627
[16:51:03]: 3652
[16:51:03]: 3649
[16:51:03]: 3651
[16:51:03]: 3659
[16:51:04]: 3797
[16:51:04]: 3735
[16:51:04]: 3709
[16:51:05]: 3693
[16:51:05]: 3733
[16:51:05]: 3775
[16:51:06]: 3673
[16:51:06]: 3712
[16:51:06]: 3783
[16:51:07]: 3810
[16:51:07]: 3740
[16:51:07]: 3771
[16:51:08]: 3836
[16:51:08]: 3732
[16:51:08]: 3777
[16:51:09]: 3851
[16:51:09]: 3830
[16:51:09]: 3903
[16:51:10]: 3906
[16:51:10]: 3830
[16:51:10]: 3793
[16:51:11]: 3775
[16:51:11]: 3821
[16:51:11]: 3876
[16:51:12]: 3855
[16:51:12]: 3867
 Close valve V24
 Close valve LRW2
[16:51:12]: SQUARE H+
 Open valve LR3
[16:51:12]: 3725
[16:51:13]: 3776
[16:51:13]: 2294
[16:51:13]: 2502
[16:51:14]: 2627
[16:51:14]: 2213
[16:51:14]: 2714
[16:51:15]: 2844
[16:51:15]: 2978
[16:51:15]: 3129
[16:51:16]: 3289
[16:51:16]: 3401
[16:51:16]: 3471
[16:51:17]: 3518
[16:51:17]: 3561
[16:51:17]: 3596
[16:51:18]: 3616
[16:51:18]: 3640
[16:51:18]: 3653
[16:51:19]: 3664
[16:51:19]: 3677
[16:51:19]: 3681
[16:51:20]: 3691
[16:51:20]: 3733
[16:51:20]: 3667
[16:51:21]: 2167
[16:51:21]: 2160
[16:51:21]: 2184
[16:51:22]: 2161
[16:51:22]: 2157
[16:51:22]: 2156
[16:51:22]: 2160
[16:51:23]: 2160
[16:51:23]: 2160
[16:51:23]: 2156
[16:51:24]: 2160
[16:51:24]: 2155
[16:51:24]: 2154
[16:51:25]: 2150
[16:51:25]: 2151
[16:51:25]: 2150
[16:51:26]: 2150
[16:51:26]: 2153
[16:51:26]: 2152
[16:51:27]: 2153
[16:51:27]: 2153
[16:51:27]: 2154
[16:51:28]: 2151
[16:51:28]: 2150
[16:51:28]: 2148
[16:51:29]: 2153
[16:51:29]: 2152
[16:51:29]: 2154
[16:51:30]: 2150
[16:51:30]: 2152
[16:51:30]: 2152
[16:51:31]: 2153
[16:51:31]: 2148
[16:51:31]: 2156
[16:51:32]: 2149
 Close valve LR3
[16:51:32]: W2 OH-
 Open valve LRW2
 Open valve V24
[16:51:32]: 2155
[16:51:32]: 2172
[16:51:33]: 2339
[16:51:33]: 2767
[16:51:33]: 3083
[16:51:34]: 3201
[16:51:34]: 3252
[16:51:34]: 3270
[16:51:35]: 3274
[16:51:35]: 3281
[16:51:35]: 3285
[16:51:36]: 3298
[16:51:36]: 3315
[16:51:36]: 3354
[16:51:37]: 3376
[16:51:37]: 3405
[16:51:37]: 3374
[16:51:38]: 3446
[16:51:38]: 3453
[16:51:38]: 3437
[16:51:39]: 3449
[16:51:39]: 3437
[16:51:39]: 3433
[16:51:40]: 3481
[16:51:40]: 3428
[16:51:40]: 3521
[16:51:40]: 3522
[16:51:41]: 3474
[16:51:41]: 3500
[16:51:41]: 3507
[16:51:42]: 3516
[16:51:42]: 3488
[16:51:42]: 3479
[16:51:43]: 3497
[16:51:43]: 3569
[16:51:43]: 3549
[16:51:44]: 3542
[16:51:44]: 3563
[16:51:44]: 3553
[16:51:45]: 3529
[16:51:45]: 3523
[16:51:45]: 3598
[16:51:46]: 3625
[16:51:46]: 3568
[16:51:46]: 3563
[16:51:47]: 3546
[16:51:47]: 3627
[16:51:47]: 3606
[16:51:48]: 3621
[16:51:48]: 3638
[16:51:48]: 3683
[16:51:49]: 3679
[16:51:49]: 3617
[16:51:49]: 3646
[16:51:50]: 3630
[16:51:50]: 3639
[16:51:50]: 3681
[16:51:50]: 3700
[16:51:51]: 3651
[16:51:51]: 3630
 Close valve V24
 Close valve LRW2
[16:51:51]: PLUS H+
 Open valve LR4
[16:51:52]: 3721
[16:51:52]: 3425
[16:51:52]: 3669
[16:51:53]: 6745
[16:51:53]: 2015
[16:51:53]: 2155
[16:51:54]: 2415
[16:51:54]: 2622
[16:51:54]: 2789
[16:51:55]: 2985
[16:51:55]: 3155
[16:51:55]: 3214
[16:51:56]: 3363
[16:51:56]: 3465
[16:51:56]: 3510
[16:51:57]: 3569
[16:51:57]: 3618
[16:51:57]: 3645
[16:51:58]: 3660
[16:51:58]: 3679
[16:51:58]: 3692
[16:51:58]: 3700
[16:51:59]: 3711
[16:51:59]: 3721
[16:51:59]: 3733
[16:52:00]: 3745
[16:52:00]: 3756
[16:52:00]: 3763
[16:52:01]: 3775
[16:52:01]: 3786
[16:52:01]: 3798
[16:52:02]: 3809
[16:52:02]: 3823
[16:52:02]: 3834
[16:52:03]: 3739
[16:52:03]: 2229
[16:52:03]: 2187
[16:52:04]: 2170
[16:52:04]: 2167
[16:52:04]: 2168
[16:52:05]: 2163
[16:52:05]: 2156
[16:52:05]: 2158
[16:52:06]: 2155
[16:52:06]: 2157
[16:52:06]: 2158
[16:52:07]: 2155
[16:52:07]: 2154
[16:52:07]: 2160
[16:52:08]: 2154
[16:52:08]: 2157
[16:52:08]: 2157
[16:52:08]: 2159
[16:52:09]: 2160
[16:52:09]: 2161
[16:52:09]: 2153
[16:52:10]: 2158
[16:52:10]: 2156
[16:52:10]: 2157
[16:52:11]: 2157
 Close valve LR4
[16:52:11]: W2 OH-
 Open valve LRW2
 Open valve V24
[16:52:11]: 2155
[16:52:12]: 2194
[16:52:12]: 2371
[16:52:12]: 2824
[16:52:12]: 3070
[16:52:13]: 3230
[16:52:13]: 3246
[16:52:13]: 3339
[16:52:14]: 3348
[16:52:14]: 3435
[16:52:14]: 3442
[16:52:15]: 3429
[16:52:15]: 3410
[16:52:15]: 3393
[16:52:16]: 3463
[16:52:16]: 3470
[16:52:16]: 3407
[16:52:17]: 3391
[16:52:17]: 3482
[16:52:17]: 3413
[16:52:18]: 3389
[16:52:18]: 3421
[16:52:18]: 3429
[16:52:19]: 3381
[16:52:19]: 3502
[16:52:19]: 3497
[16:52:20]: 3499
[16:52:20]: 3493
[16:52:20]: 3466
[16:52:21]: 3457
[16:52:21]: 3457
[16:52:21]: 3520
[16:52:22]: 3566
[16:52:22]: 3545
[16:52:22]: 3596
[16:52:23]: 3490
[16:52:23]: 3517
[16:52:23]: 3511
[16:52:24]: 3524
[16:52:24]: 3605
[16:52:24]: 3644
[16:52:25]: 3614
[16:52:25]: 3589
[16:52:25]: 3533
[16:52:26]: 3603
[16:52:26]: 3578
[16:52:26]: 3641
[16:52:26]: 3665
[16:52:27]: 3658
[16:52:27]: 3595
[16:52:27]: 3574
[16:52:28]: 3575
[16:52:28]: 3607
[16:52:28]: 3624
[16:52:29]: 3528
[16:52:29]: 3639
[16:52:29]: 3606
[16:52:30]: 3586
[16:52:30]: 3597
[16:52:30]: 3632
 Close valve V24
 Close valve LRW2
[16:52:30]: CIRCLE H+
 Open valve LR1
[16:52:31]: 3659
[16:52:31]: 2161
[16:52:31]: 2160
[16:52:32]: 2159
[16:52:32]: 2157
[16:52:32]: 2162
[16:52:33]: 2163
[16:52:33]: 2161
[16:52:33]: 2160
[16:52:34]: 2159
[16:52:34]: 2160
[16:52:34]: 2161
[16:52:35]: 2162
[16:52:35]: 2162
[16:52:35]: 2160
[16:52:36]: 2159
[16:52:36]: 2158
[16:52:36]: 2157
[16:52:37]: 2155
[16:52:37]: 2161
[16:52:37]: 2160
[16:52:38]: 2159
[16:52:38]: 2160
[16:52:38]: 2162
[16:52:39]: 2163
[16:52:39]: 2161
[16:52:39]: 2159
[16:52:40]: 2161
[16:52:40]: 2162
[16:52:40]: 2163
[16:52:41]: 2164
[16:52:41]: 2158
[16:52:41]: 2160
[16:52:42]: 2160
[16:52:42]: 2158
[16:52:42]: 2163
[16:52:43]: 2164
[16:52:43]: 2159
[16:52:43]: 2160
[16:52:44]: 2161
[16:52:44]: 2159
[16:52:44]: 2163
[16:52:45]: 2164
[16:52:45]: 2165
[16:52:45]: 2166
[16:52:46]: 2160
[16:52:46]: 2163
[16:52:46]: 2163
[16:52:47]: 2160
[16:52:47]: 2168
[16:52:47]: 2167
[16:52:48]: 2166
[16:52:48]: 2165
[16:52:48]: 2163
[16:52:48]: 2169
[16:52:49]: 2163
[16:52:49]: 2170
[16:52:49]: 2169
[16:52:50]: 2166
[16:52:50]: 2167
 Close valve LR1
[16:52:50]: W2 OH-
 Open valve LRW2
 Open valve V24
[16:52:51]: 2163
[16:52:51]: 2208
[16:52:51]: 2225
[16:52:52]: 2290
[16:52:52]: 2404
[16:52:52]: 2566
[16:52:53]: 2957
[16:52:53]: 2647
[16:52:53]: 2983
[16:52:54]: 2704
[16:52:54]: 3030
[16:52:54]: 3124
[16:52:54]: 3243
[16:52:55]: 3160
[16:52:55]: 3109
[16:52:55]: 3323
[16:52:56]: 3014
[16:52:56]: 2785
[16:52:56]: 2608
[16:52:57]: 2622
[16:52:57]: 2740
[16:52:57]: 2853
[16:52:58]: 3066
[16:52:58]: 3105
[16:52:58]: 2997
[16:52:59]: 3160
[16:52:59]: 3177
[16:52:59]: 3231
[16:53:00]: 3332
[16:53:00]: 3400
[16:53:00]: 3404
[16:53:01]: 3374
[16:53:01]: 3402
[16:53:01]: 3322
[16:53:02]: 3371
[16:53:02]: 3289
[16:53:02]: 3298
[16:53:03]: 3342
[16:53:03]: 3325
[16:53:03]: 3354
[16:53:04]: 3403
[16:53:04]: 3475
[16:53:04]: 3441
[16:53:05]: 3344
[16:53:05]: 3309
[16:53:05]: 3329
[16:53:05]: 3335
[16:53:06]: 3317
[16:53:06]: 3369
[16:53:06]: 3428
[16:53:07]: 3489
[16:53:07]: 3456
[16:53:07]: 3388
[16:53:08]: 3446
[16:53:08]: 3531
[16:53:08]: 3543
[16:53:09]: 3475
[16:53:09]: 3523
[16:53:09]: 3460
[16:53:10]: 3475
 Close valve V24
 Close valve LRW2
[16:53:10]: CROSS H+
 Open valve LR2
[16:53:10]: 3423
[16:53:11]: 2159
[16:53:11]: 2146
[16:53:11]: 2147
[16:53:12]: 2148
[16:53:12]: 2148
[16:53:12]: 2157
[16:53:13]: 2156
[16:53:13]: 2153
[16:53:13]: 2156
[16:53:13]: 2155
[16:53:14]: 2154
[16:53:14]: 2159
[16:53:14]: 2158
[16:53:15]: 2158
[16:53:15]: 2157
[16:53:15]: 2154
[16:53:16]: 2152
[16:53:16]: 2153
[16:53:16]: 2153
[16:53:17]: 2154
[16:53:17]: 2155
[16:53:17]: 2154
[16:53:18]: 2153
[16:53:18]: 2153
[16:53:18]: 2154
[16:53:19]: 2155
[16:53:19]: 2157
[16:53:19]: 2159
[16:53:20]: 2160
[16:53:20]: 2157
[16:53:20]: 2164
[16:53:21]: 2165
[16:53:21]: 2160
[16:53:21]: 2165
[16:53:22]: 2163
[16:53:22]: 2162
[16:53:22]: 2163
[16:53:23]: 2164
[16:53:23]: 2168
[16:53:23]: 2169
[16:53:24]: 2171
[16:53:24]: 2172
[16:53:24]: 2173
[16:53:25]: 2168
[16:53:25]: 2173
[16:53:25]: 2173
[16:53:25]: 2171
[16:53:26]: 2171
[16:53:26]: 2176
[16:53:26]: 2169
[16:53:27]: 2171
[16:53:27]: 2172
[16:53:27]: 2172
[16:53:28]: 2172
[16:53:28]: 2172
[16:53:28]: 2171
[16:53:29]: 2171
[16:53:29]: 2172
[16:53:29]: 2173
 Close valve LR2
[16:53:29]: W2 OH-
 Open valve LRW2
 Open valve V24
[16:53:30]: 2167
[16:53:30]: 2213
[16:53:30]: 2225
[16:53:31]: 2294
[16:53:31]: 2340
[16:53:31]: 2412
[16:53:32]: 2541
[16:53:32]: 2722
[16:53:32]: 2649
[16:53:33]: 2636
[16:53:33]: 2783
[16:53:33]: 3046
[16:53:34]: 3107
[16:53:34]: 3152
[16:53:34]: 3233
[16:53:35]: 3097
[16:53:35]: 2824
[16:53:35]: 2582
[16:53:36]: 2631
[16:53:36]: 2735
[16:53:36]: 2784
[16:53:37]: 2769
[16:53:37]: 2726
[16:53:37]: 2923
[16:53:37]: 3047
[16:53:38]: 3128
[16:53:38]: 3084
[16:53:38]: 3126
[16:53:39]: 3145
[16:53:39]: 3180
[16:53:39]: 3196
[16:53:40]: 3200
[16:53:40]: 3183
[16:53:40]: 3305
[16:53:41]: 3290
[16:53:41]: 3280
[16:53:41]: 3292
[16:53:42]: 3294
[16:53:42]: 3310
[16:53:42]: 3357
[16:53:43]: 3372
[16:53:43]: 3316
[16:53:43]: 3354
[16:53:44]: 3254
[16:53:44]: 3261
[16:53:44]: 3281
[16:53:45]: 3342
[16:53:45]: 3350
[16:53:45]: 3328
[16:53:46]: 3341
[16:53:46]: 3353
[16:53:46]: 3252
[16:53:47]: 3261
[16:53:47]: 3255
[16:53:47]: 3269
[16:53:47]: 3303
[16:53:48]: 3317
[16:53:48]: 3318
[16:53:48]: 3416
[16:53:49]: 3434
 Close valve V24
 Close valve LRW2
[16:53:49]: SQUARE H+
 Open valve LR3
[16:53:49]: 3360
[16:53:50]: 2165
[16:53:50]: 2147
[16:53:50]: 2156
[16:53:51]: 2171
[16:53:51]: 2165
[16:53:51]: 2169
[16:53:51]: 2169
[16:53:52]: 2170
[16:53:52]: 2172
[16:53:52]: 2172
[16:53:53]: 2166
[16:53:53]: 2167
[16:53:53]: 2168
[16:53:54]: 2170
[16:53:54]: 2168
[16:53:54]: 2166
[16:53:55]: 2165
[16:53:55]: 2170
[16:53:55]: 2167
[16:53:56]: 2170
[16:53:56]: 2167
[16:53:56]: 2166
[16:53:57]: 2172
[16:53:57]: 2173
[16:53:57]: 2171
[16:53:58]: 2172
[16:53:58]: 2171
[16:53:58]: 2167
[16:53:59]: 2171
[16:53:59]: 2166
[16:53:59]: 2168
[16:54:00]: 2172
[16:54:00]: 2171
[16:54:00]: 2174
[16:54:00]: 2168
[16:54:01]: 2169
[16:54:01]: 2175
[16:54:01]: 2172
[16:54:02]: 2176
[16:54:02]: 2178
[16:54:02]: 2173
[16:54:03]: 2173
[16:54:03]: 2174
[16:54:03]: 2175
[16:54:04]: 2176
[16:54:04]: 2181
[16:54:04]: 2182
[16:54:05]: 2183
[16:54:05]: 2183
[16:54:05]: 2182
[16:54:06]: 2181
[16:54:06]: 2183
[16:54:06]: 2179
[16:54:07]: 2178
[16:54:07]: 2184
[16:54:07]: 2179
[16:54:08]: 2184
[16:54:08]: 2181
[16:54:08]: 2181
 Close valve LR3
[16:54:08]: W2 OH-
 Open valve LRW2
 Open valve V24
[16:54:09]: 2168
[16:54:09]: 2203
[16:54:09]: 2224
[16:54:10]: 2314
[16:54:10]: 2422
[16:54:10]: 2713
[16:54:11]: 2835
[16:54:11]: 3029
[16:54:11]: 2564
[16:54:12]: 2639
[16:54:12]: 3121
[16:54:12]: 3065
[16:54:13]: 3147
[16:54:13]: 3177
[16:54:13]: 3124
[16:54:13]: 3208
[16:54:14]: 3072
[16:54:14]: 2955
[16:54:14]: 2872
[16:54:15]: 2848
[16:54:15]: 3001
[16:54:15]: 3083
[16:54:16]: 3101
[16:54:16]: 3163
[16:54:16]: 3235
[16:54:17]: 3086
[16:54:17]: 3189
[16:54:17]: 3180
[16:54:18]: 3148
[16:54:18]: 3175
[16:54:18]: 3231
[16:54:19]: 3224
[16:54:19]: 3325
[16:54:19]: 3302
[16:54:20]: 3327
[16:54:20]: 3298
[16:54:20]: 3275
[16:54:21]: 3277
[16:54:21]: 3349
[16:54:21]: 3332
[16:54:22]: 3349
[16:54:22]: 3338
[16:54:22]: 3422
[16:54:23]: 3404
[16:54:23]: 3384
[16:54:23]: 3374
[16:54:23]: 3368
[16:54:24]: 3367
[16:54:24]: 3351
[16:54:24]: 3293
[16:54:25]: 3337
[16:54:25]: 3328
[16:54:25]: 3416
[16:54:26]: 3361
[16:54:26]: 3388
[16:54:26]: 3357
[16:54:27]: 3369
[16:54:27]: 3375
[16:54:27]: 3447
[16:54:28]: 3451
 Close valve V24
 Close valve LRW2
[16:54:28]: PLUS H+
 Open valve LR4
[16:54:28]: 3382
[16:54:28]: 2175
[16:54:29]: 2169
[16:54:29]: 2198
[16:54:29]: 2223
[16:54:30]: 2188
[16:54:30]: 2204
[16:54:30]: 2210
[16:54:31]: 2229
[16:54:31]: 2196
[16:54:31]: 2206
[16:54:32]: 2225
[16:54:32]: 2190
[16:54:32]: 2203
[16:54:33]: 2199
[16:54:33]: 2183
[16:54:33]: 2186
[16:54:34]: 2199
[16:54:34]: 2220
[16:54:34]: 2197
[16:54:35]: 2218
[16:54:35]: 2212
[16:54:35]: 2193
[16:54:36]: 2226
[16:54:36]: 2203
[16:54:36]: 2225
[16:54:37]: 2240
[16:54:37]: 2227
[16:54:37]: 2233
[16:54:38]: 2195
[16:54:38]: 2238
[16:54:38]: 2222
[16:54:38]: 2200
[16:54:39]: 2192
[16:54:39]: 2201
[16:54:39]: 2230
[16:54:40]: 2207
[16:54:40]: 2201
[16:54:40]: 2245
[16:54:41]: 2224
[16:54:41]: 2202
[16:54:41]: 2199
[16:54:42]: 2212
[16:54:42]: 2236
[16:54:42]: 2252
[16:54:43]: 2240
[16:54:43]: 2259
[16:54:43]: 2258
[16:54:44]: 2262
[16:54:44]: 2249
[16:54:44]: 2213
[16:54:45]: 2253
[16:54:45]: 2207
[16:54:45]: 2267
[16:54:46]: 2264
[16:54:46]: 2224
[16:54:46]: 2215
[16:54:46]: 2222
[16:54:47]: 2244
[16:54:47]: 2222
 Close valve LR4
[16:54:47]: W2 OH-
 Open valve LRW2
 Open valve V24
[16:54:48]: 2227
[16:54:48]: 2294
[16:54:48]: 2246
[16:54:49]: 2333
[16:54:49]: 2495
[16:54:49]: 2676
[16:54:50]: 2850
[16:54:50]: 2650
[16:54:50]: 2644
[16:54:51]: 2806
[16:54:51]: 2908
[16:54:51]: 3060
[16:54:52]: 3065
[16:54:52]: 3076
[16:54:52]: 3016
[16:54:53]: 3039
[16:54:53]: 2936
[16:54:53]: 2960
[16:54:54]: 2923
[16:54:54]: 3011
[16:54:54]: 2968
[16:54:55]: 3050
[16:54:55]: 3157
[16:54:55]: 3208
[16:54:55]: 3058
[16:54:56]: 3053
[16:54:56]: 3102
[16:54:56]: 3154
[16:54:57]: 3154
[16:54:57]: 3186
[16:54:57]: 3228
[16:54:58]: 3145
[16:54:58]: 3183
[16:54:58]: 3231
[16:54:59]: 3247
[16:54:59]: 3221
[16:54:59]: 3199
[16:55:00]: 3187
[16:55:00]: 3206
[16:55:00]: 3252
[16:55:01]: 3297
[16:55:01]: 3281
[16:55:01]: 3246
[16:55:02]: 3264
[16:55:02]: 3196
[16:55:02]: 3186
[16:55:03]: 3270
[16:55:03]: 3246
[16:55:03]: 3291
[16:55:04]: 3236
[16:55:04]: 3239
[16:55:04]: 3293
[16:55:05]: 3337
[16:55:05]: 3326
[16:55:05]: 3270
[16:55:06]: 3286
[16:55:06]: 3254
[16:55:06]: 3296
[16:55:06]: 3318
[16:55:07]: 3301
 Close valve V24
 Close valve LRW2
[16:55:07]: CIRCLE H+
 Open valve LR1
[16:55:07]: 3272
[16:55:08]: 2159
[16:55:08]: 2165
[16:55:08]: 2171
[16:55:09]: 2173
[16:55:09]: 2180
[16:55:09]: 2178
[16:55:10]: 2179
[16:55:10]: 2176
[16:55:10]: 2175
[16:55:11]: 2173
[16:55:11]: 2176
[16:55:11]: 2172
[16:55:12]: 2172
[16:55:12]: 2177
[16:55:12]: 2176
[16:55:12]: 2172
[16:55:13]: 2173
[16:55:13]: 2173
[16:55:13]: 2172
[16:55:14]: 2172
[16:55:14]: 2172
[16:55:14]: 2179
[16:55:15]: 2178
[16:55:15]: 2179
[16:55:15]: 2176
[16:55:16]: 2176
[16:55:16]: 2181
[16:55:16]: 2176
[16:55:17]: 2183
[16:55:17]: 2182
[16:55:17]: 2179
[16:55:18]: 2179
[16:55:18]: 2185
[16:55:18]: 2181
[16:55:18]: 2187
[16:55:19]: 2184
[16:55:19]: 2191
[16:55:19]: 2192
[16:55:20]: 2191
[16:55:20]: 2189
[16:55:20]: 2190
[16:55:21]: 2190
[16:55:21]: 2189
[16:55:21]: 2194
[16:55:22]: 2195
[16:55:22]: 2191
[16:55:22]: 2195
[16:55:23]: 2196
[16:55:23]: 2196
[16:55:23]: 2193
[16:55:24]: 2198
[16:55:24]: 2199
[16:55:24]: 2201
[16:55:24]: 2195
[16:55:25]: 2196
[16:55:25]: 2196
[16:55:25]: 2197
[16:55:26]: 2197
[16:55:26]: 2196
 Close valve LR1
[16:55:26]: W2 OH-
 Open valve LRW2
 Open valve V24
[16:55:26]: 2199
[16:55:27]: 2207
[16:55:27]: 2236
[16:55:27]: 2292
[16:55:28]: 2414
[16:55:28]: 2778
[16:55:28]: 2930
[16:55:29]: 2825
[16:55:29]: 2622
[16:55:29]: 2641
[16:55:30]: 2867
[16:55:30]: 2997
[16:55:30]: 2922
[16:55:31]: 3013
[16:55:31]: 2988
[16:55:31]: 2917
[16:55:32]: 2915
[16:55:32]: 2741
[16:55:32]: 2633
[16:55:32]: 2653
[16:55:33]: 2772
[16:55:33]: 2603
[16:55:33]: 2659
[16:55:34]: 2806
[16:55:34]: 2856
[16:55:34]: 3004
[16:55:35]: 3055
[16:55:35]: 3062
[16:55:35]: 3224
[16:55:36]: 3209
[16:55:36]: 3113
[16:55:36]: 3203
[16:55:37]: 3251
[16:55:37]: 3238
[16:55:37]: 3310
[16:55:38]: 3276
[16:55:38]: 3199
[16:55:38]: 3237
[16:55:39]: 3280
[16:55:39]: 3299
[16:55:39]: 3259
[16:55:39]: 3286
[16:55:40]: 3333
[16:55:40]: 3356
[16:55:40]: 3309
[16:55:41]: 3265
[16:55:41]: 3248
[16:55:41]: 3250
[16:55:42]: 3277
[16:55:42]: 3308
[16:55:42]: 3232
[16:55:43]: 3378
[16:55:43]: 3288
[16:55:43]: 3269
[16:55:44]: 3283
[16:55:44]: 3278
[16:55:44]: 3250
[16:55:45]: 3199
[16:55:45]: 3327
[16:55:45]: 3249
 Close valve V24
 Close valve LRW2
[16:55:45]: CROSS H+
 Open valve LR2
[16:55:46]: 3410
[16:55:46]: 2178
[16:55:46]: 2155
[16:55:47]: 2162
[16:55:47]: 2166
[16:55:47]: 2174
[16:55:48]: 2175
[16:55:48]: 2175
[16:55:48]: 2173
[16:55:49]: 2170
[16:55:49]: 2175
[16:55:49]: 2175
[16:55:50]: 2175
[16:55:50]: 2174
[16:55:50]: 2173
[16:55:50]: 2169
[16:55:51]: 2170
[16:55:51]: 2175
[16:55:51]: 2170
[16:55:52]: 2177
[16:55:52]: 2173
[16:55:52]: 2173
[16:55:53]: 2179
[16:55:53]: 2177
[16:55:53]: 2179
[16:55:54]: 2179
[16:55:54]: 2180
[16:55:54]: 2185
[16:55:55]: 2186
[16:55:55]: 2188
[16:55:55]: 2181
[16:55:55]: 2189
[16:55:56]: 2189
[16:55:56]: 2188
[16:55:56]: 2187
[16:55:57]: 2187
[16:55:57]: 2192
[16:55:57]: 2193
[16:55:58]: 2194
[16:55:58]: 2194
[16:55:58]: 2193
[16:55:59]: 2192
[16:55:59]: 2190
[16:55:59]: 2197
[16:56:00]: 2197
[16:56:00]: 2190
[16:56:00]: 2191
[16:56:01]: 2193
[16:56:01]: 2194
[16:56:01]: 2193
[16:56:02]: 2194
[16:56:02]: 2197
[16:56:02]: 2198
[16:56:02]: 2197
[16:56:03]: 2192
[16:56:03]: 2193
[16:56:03]: 2197
[16:56:04]: 2197
[16:56:04]: 2199
[16:56:04]: 2200
 Close valve LR2
[16:56:05]: W2 OH-
 Open valve LRW2
 Open valve V24
[16:56:05]: 2187
[16:56:05]: 2200
[16:56:06]: 2247
[16:56:06]: 2315
[16:56:06]: 2336
[16:56:06]: 2424
[16:56:07]: 2614
[16:56:07]: 2715
[16:56:07]: 2575
[16:56:08]: 2600
[16:56:08]: 2856
[16:56:08]: 3012
[16:56:09]: 3090
[16:56:09]: 3047
[16:56:09]: 3081
[16:56:10]: 3006
[16:56:10]: 2914
[16:56:10]: 2695
[16:56:11]: 2690
[16:56:11]: 2729
[16:56:11]: 2692
[16:56:12]: 2724
[16:56:12]: 2690
[16:56:12]: 2802
[16:56:13]: 2726
[16:56:13]: 2916
[16:56:13]: 2905
[16:56:13]: 2972
[16:56:14]: 3082
[16:56:14]: 3129
[16:56:14]: 3085
[16:56:15]: 3129
[16:56:15]: 3210
[16:56:15]: 3244
[16:56:16]: 3148
[16:56:16]: 3230
[16:56:16]: 3175
[16:56:17]: 3176
[16:56:17]: 3313
[16:56:17]: 3315
[16:56:18]: 3283
[16:56:18]: 3319
[16:56:18]: 3295
[16:56:19]: 3218
[16:56:19]: 3275
[16:56:19]: 3359
[16:56:20]: 3330
[16:56:20]: 3240
[16:56:20]: 3261
[16:56:21]: 3291
[16:56:21]: 3282
[16:56:21]: 3359
[16:56:22]: 3292
[16:56:22]: 3391
[16:56:22]: 3313
[16:56:23]: 3249
[16:56:23]: 3260
[16:56:24]: 3276
[16:56:24]: 3194
[16:56:24]: 3262
 Close valve V24
 Close valve LRW2
[16:56:24]: SQUARE H+
 Open valve LR3
[16:56:25]: 3361
[16:56:25]: 2171
[16:56:25]: 2159
[16:56:26]: 2164
[16:56:26]: 2166
[16:56:26]: 2168
[16:56:27]: 2169
[16:56:27]: 2176
[16:56:27]: 2175
[16:56:28]: 2175
[16:56:28]: 2173
[16:56:28]: 2178
[16:56:29]: 2179
[16:56:29]: 2178
[16:56:29]: 2176
[16:56:30]: 2175
[16:56:30]: 2172
[16:56:30]: 2171
[16:56:31]: 2172
[16:56:31]: 2175
[16:56:31]: 2177
[16:56:32]: 2181
[16:56:32]: 2183
[16:56:32]: 2180
[16:56:33]: 2181
[16:56:33]: 2185
[16:56:33]: 2185
[16:56:34]: 2187
[16:56:34]: 2183
[16:56:34]: 2188
[16:56:35]: 2190
[16:56:35]: 2185
[16:56:35]: 2190
[16:56:36]: 2190
[16:56:36]: 2192
[16:56:36]: 2189
[16:56:37]: 2194
[16:56:37]: 2190
[16:56:37]: 2191
[16:56:38]: 2192
[16:56:38]: 2194
[16:56:38]: 2192
[16:56:39]: 2198
[16:56:39]: 2198
[16:56:39]: 2196
[16:56:40]: 2194
[16:56:40]: 2196
[16:56:40]: 2192
[16:56:41]: 2192
[16:56:41]: 2197
[16:56:41]: 2197
[16:56:42]: 2195
[16:56:42]: 2199
[16:56:42]: 2193
[16:56:43]: 2199
[16:56:43]: 2194
[16:56:43]: 2195
[16:56:44]: 2197
[16:56:44]: 2199
[16:56:44]: 2194
 Close valve LR3
[16:56:44]: W2 OH-
 Open valve LRW2
 Open valve V24
[16:56:45]: 2191
[16:56:45]: 2200
[16:56:45]: 2263
[16:56:46]: 2332
[16:56:46]: 2478
[16:56:46]: 2653
[16:56:47]: 2709
[16:56:47]: 2768
[16:56:47]: 2585
[16:56:48]: 2594
[16:56:48]: 2857
[16:56:48]: 3033
[16:56:49]: 3121
[16:56:49]: 3028
[16:56:49]: 2832
[16:56:50]: 2900
[16:56:50]: 2730
[16:56:50]: 2674
[16:56:51]: 2861
[16:56:51]: 2802
[16:56:51]: 2831
[16:56:52]: 2837
[16:56:52]: 2960
[16:56:52]: 2956
[16:56:53]: 2928
[16:56:53]: 3137
[16:56:53]: 3106
[16:56:54]: 3676
[16:56:54]: 3474
[16:56:54]: 3200
[16:56:55]: 3092
[16:56:55]: 3553
[16:56:55]: 3188
[16:56:56]: 3607
[16:56:56]: 3099
[16:56:56]: 3116
[16:56:57]: 3144
[16:56:57]: 3131
[16:56:57]: 3181
[16:56:58]: 3223
[16:56:58]: 3318
[16:56:58]: 3199
[16:56:59]: 3250
[16:56:59]: 3189
[16:56:59]: 3205
[16:57:00]: 3360
[16:57:00]: 3377
[16:57:00]: 3398
[16:57:01]: 3364
[16:57:01]: 3480
[16:57:01]: 3468
[16:57:02]: 3373
[16:57:02]: 3082
[16:57:02]: 3303
[16:57:03]: 3291
[16:57:03]: 3314
[16:57:03]: 3264
[16:57:04]: 3363
[16:57:04]: 3362
[16:57:04]: 4016
 Close valve V24
 Close valve LRW2
[16:57:04]: PLUS H+
 Open valve LR4
[16:57:05]: 3809
[16:57:05]: 2255
[16:57:05]: 2469
[16:57:06]: 2310
[16:57:06]: 2486
[16:57:06]: 2491
[16:57:07]: 2482
[16:57:07]: 2275
[16:57:07]: 2187
[16:57:08]: 2175
[16:57:08]: 2175
[16:57:08]: 2174
[16:57:09]: 2172
[16:57:09]: 2174
[16:57:09]: 2175
[16:57:10]: 2176
[16:57:10]: 2181
[16:57:10]: 2179
[16:57:11]: 2178
[16:57:11]: 2184
[16:57:11]: 2184
[16:57:12]: 2180
[16:57:12]: 2185
[16:57:12]: 2184
[16:57:13]: 2184
[16:57:13]: 2182
[16:57:13]: 2182
[16:57:14]: 2183
[16:57:14]: 2189
[16:57:14]: 2188
[16:57:15]: 2191
[16:57:15]: 2191
[16:57:15]: 2188
[16:57:16]: 2194
[16:57:16]: 2189
[16:57:16]: 2193
[16:57:17]: 2194
[16:57:17]: 2189
[16:57:17]: 2188
[16:57:18]: 2194
[16:57:18]: 2189
[16:57:18]: 2190
[16:57:18]: 2193
[16:57:19]: 2190
[16:57:19]: 2189
[16:57:19]: 2189
[16:57:20]: 2190
[16:57:20]: 2191
[16:57:20]: 2192
[16:57:21]: 2194
[16:57:21]: 2189
[16:57:21]: 2196
[16:57:22]: 2191
[16:57:22]: 2194
[16:57:22]: 2192
[16:57:23]: 2195
[16:57:23]: 2191
[16:57:24]: 2190
[16:57:24]: 2194
[16:57:24]: 2194
 Close valve LR4
[16:57:24]: W2 OH-
 Open valve LRW2
 Open valve V24
[16:57:25]: 2179
[16:57:25]: 2204
[16:57:25]: 2240
[16:57:26]: 2292
[16:57:26]: 2392
[16:57:26]: 2668
[16:57:27]: 2822
[16:57:27]: 2687
[16:57:27]: 2805
[16:57:28]: 2644
[16:57:28]: 3115
[16:57:28]: 3202
[16:57:29]: 3192
[16:57:29]: 3164
[16:57:29]: 3166
[16:57:30]: 3357
[16:57:30]: 3058
[16:57:30]: 2815
[16:57:31]: 2699
[16:57:31]: 2763
[16:57:31]: 2952
[16:57:32]: 3007
[16:57:32]: 2905
[16:57:32]: 3002
[16:57:33]: 3043
[16:57:33]: 3014
[16:57:33]: 3073
[16:57:34]: 3264
[16:57:34]: 3189
[16:57:34]: 3208
[16:57:34]: 3282
[16:57:35]: 3149
[16:57:35]: 3304
[16:57:35]: 3251
[16:57:36]: 3223
[16:57:36]: 3158
[16:57:36]: 3319
[16:57:37]: 3274
[16:57:37]: 3253
[16:57:37]: 3265
[16:57:38]: 3324
[16:57:38]: 3400
[16:57:38]: 3142
[16:57:38]: 3393
[16:57:39]: 3377
[16:57:39]: 3260
[16:57:39]: 3306
[16:57:40]: 3356
[16:57:40]: 3339
[16:57:40]: 3243
[16:57:41]: 3255
[16:57:41]: 3318
[16:57:41]: 3351
[16:57:42]: 3312
[16:57:42]: 3408
[16:57:42]: 3339
[16:57:43]: 3372
[16:57:43]: 3349
[16:57:43]: 3363
[16:57:44]: 3454
 Close valve V24
 Close valve LRW2
[16:57:44]: CIRCLE H+
 Open valve LR1
[16:57:44]: 3423
[16:57:44]: 2171
[16:57:45]: 2156
[16:57:45]: 2159
[16:57:45]: 2164
[16:57:46]: 2166
[16:57:46]: 2162
[16:57:46]: 2167
[16:57:47]: 2165
[16:57:47]: 2170
[16:57:47]: 2173
[16:57:47]: 2174
[16:57:48]: 2170
[16:57:48]: 2173
[16:57:48]: 2179
[16:57:49]: 2179
[16:57:49]: 2175
[16:57:49]: 2181
[16:57:50]: 2182
[16:57:50]: 2178
[16:57:50]: 2180
[16:57:51]: 2182
[16:57:51]: 2179
[16:57:51]: 2179
[16:57:52]: 2180
[16:57:52]: 2182
[16:57:52]: 2185
[16:57:52]: 2188
[16:57:53]: 2186
[16:57:53]: 2191
[16:57:54]: 2192
[16:57:54]: 2187
[16:57:54]: 2191
[16:57:55]: 2191
[16:57:55]: 2192
[16:57:55]: 2191
[16:57:56]: 2190
[16:57:56]: 2187
[16:57:56]: 2186
[16:57:57]: 2191
[16:57:57]: 2191
[16:57:57]: 2187
[16:57:58]: 2190
[16:57:58]: 2188
[16:57:58]: 2190
[16:57:58]: 2188
[16:57:59]: 2187
[16:57:59]: 2192
[16:57:59]: 2192
[16:58:00]: 2192
[16:58:00]: 2191
[16:58:00]: 2187
[16:58:01]: 2191
[16:58:01]: 2187
[16:58:01]: 2191
[16:58:02]: 2188
[16:58:02]: 2192
[16:58:02]: 2187
[16:58:02]: 2193
[16:58:03]: 2192
 Close valve LR1
[16:58:03]: W2 OH-
 Open valve LRW2
 Open valve V24
[16:58:03]: 2183
[16:58:04]: 2172
[16:58:04]: 2233
[16:58:04]: 2330
[16:58:05]: 2376
[16:58:05]: 2486
[16:58:05]: 2705
[16:58:05]: 2743
[16:58:06]: 2679
[16:58:06]: 2769
[16:58:06]: 2997
[16:58:07]: 3160
[16:58:07]: 3169
[16:58:07]: 3164
[16:58:08]: 3101
[16:58:08]: 3205
[16:58:08]: 3074
[16:58:09]: 2759
[16:58:09]: 2678
[16:58:09]: 2666
[16:58:10]: 2760
[16:58:10]: 2713
[16:58:10]: 2783
[16:58:10]: 2742
[16:58:11]: 2841
[16:58:11]: 2941
[16:58:11]: 3124
[16:58:12]: 3114
[16:58:12]: 3095
[16:58:12]: 3171
[16:58:13]: 3204
[16:58:13]: 3218
[16:58:13]: 3249
[16:58:14]: 3252
[16:58:14]: 3190
[16:58:14]: 3258
[16:58:15]: 3246
[16:58:15]: 3298
[16:58:15]: 3275
[16:58:16]: 3305
[16:58:16]: 3270
[16:58:16]: 3200
[16:58:16]: 3423
[16:58:17]: 3402
[16:58:17]: 3266
[16:58:17]: 3341
[16:58:18]: 3408
[16:58:18]: 3350
[16:58:18]: 3361
[16:58:19]: 3404
[16:58:19]: 3352
[16:58:19]: 3304
[16:58:20]: 3410
[16:58:20]: 3397
[16:58:20]: 3371
[16:58:21]: 3382
[16:58:21]: 3409
[16:58:21]: 3373
[16:58:22]: 3471
[16:58:22]: 3503
 Close valve V24
 Close valve LRW2
[16:58:22]: CROSS H+
 Open valve LR2
[16:58:22]: 3414
[16:58:23]: 2165
[16:58:23]: 2153
[16:58:23]: 2158
[16:58:24]: 2157
[16:58:24]: 2154
[16:58:24]: 2157
[16:58:25]: 2160
[16:58:25]: 2165
[16:58:25]: 2172
[16:58:25]: 2170
[16:58:26]: 2174
[16:58:26]: 2177
[16:58:26]: 2179
[16:58:27]: 2174
[16:58:27]: 2176
[16:58:27]: 2178
[16:58:28]: 2180
[16:58:28]: 2179
[16:58:28]: 2182
[16:58:29]: 2184
[16:58:29]: 2185
[16:58:29]: 2180
[16:58:30]: 2186
[16:58:30]: 2181
[16:58:30]: 2186
[16:58:30]: 2185
[16:58:31]: 2182
[16:58:31]: 2185
[16:58:31]: 2186
[16:58:32]: 2186
[16:58:32]: 2187
[16:58:32]: 2181
[16:58:33]: 2180
[16:58:33]: 2180
[16:58:33]: 2185
[16:58:34]: 2186
[16:58:34]: 2185
[16:58:34]: 2182
[16:58:35]: 2181
[16:58:35]: 2180
[16:58:35]: 2186
[16:58:35]: 2181
[16:58:36]: 2185
[16:58:36]: 2185
[16:58:36]: 2184
[16:58:37]: 2185
[16:58:37]: 2185
[16:58:37]: 2186
[16:58:38]: 2179
[16:58:38]: 2180
[16:58:38]: 2181
[16:58:39]: 2184
[16:58:39]: 2184
[16:58:39]: 2183
[16:58:40]: 2184
[16:58:40]: 2184
[16:58:40]: 2186
[16:58:40]: 2180
[16:58:41]: 2180
 Close valve LR2
[16:58:41]: W2 OH-
 Open valve LRW2
 Open valve V24
[16:58:41]: 2169
[16:58:42]: 2180
[16:58:42]: 2228
[16:58:42]: 2343
[16:58:42]: 2424
[16:58:43]: 2500
[16:58:43]: 2580
[16:58:43]: 2607
[16:58:44]: 2553
[16:58:44]: 2617
[16:58:44]: 2973
[16:58:45]: 3083
[16:58:45]: 3144
[16:58:45]: 3250
[16:58:46]: 3122
[16:58:46]: 3130
[16:58:46]: 3265
[16:58:47]: 2835
[16:58:47]: 2801
[16:58:47]: 2780
[16:58:48]: 2826
[16:58:48]: 2909
[16:58:48]: 2987
[16:58:49]: 2979
[16:58:49]: 3052
[16:58:49]: 3129
[16:58:49]: 3060
[16:58:50]: 3183
[16:58:50]: 3223
[16:58:50]: 3271
[16:58:51]: 3299
[16:58:51]: 3379
[16:58:51]: 3238
[16:58:52]: 3225
[16:58:52]: 3250
[16:58:52]: 3320
[16:58:53]: 3346
[16:58:53]: 3304
[16:58:53]: 3309
[16:58:54]: 3294
[16:58:54]: 3307
[16:58:54]: 3418
[16:58:55]: 3392
[16:58:55]: 3421
[16:58:55]: 3453
[16:58:56]: 3387
[16:58:56]: 3386
[16:58:56]: 3366
[16:58:57]: 3372
[16:58:57]: 3406
[16:58:57]: 3412
[16:58:57]: 3426
[16:58:58]: 3433
[16:58:58]: 3394
[16:58:58]: 3526
[16:58:59]: 3530
[16:58:59]: 3400
[16:58:59]: 3439
[16:59:00]: 3550
[16:59:00]: 3458
 Close valve V24
 Close valve LRW2
[16:59:00]: SQUARE H+
 Open valve LR3
[16:59:00]: 3494
[16:59:01]: 2158
[16:59:01]: 2152
[16:59:01]: 2154
[16:59:02]: 2155
[16:59:02]: 2155
[16:59:02]: 2156
[16:59:03]: 2158
[16:59:03]: 2163
[16:59:03]: 2168
[16:59:04]: 2169
[16:59:04]: 2172
[16:59:04]: 2169
[16:59:04]: 2172
[16:59:05]: 2178
[16:59:05]: 2174
[16:59:05]: 2178
[16:59:06]: 2180
[16:59:06]: 2180
[16:59:06]: 2184
[16:59:07]: 2185
[16:59:07]: 2185
[16:59:07]: 2184
[16:59:08]: 2181
[16:59:08]: 2183
[16:59:08]: 2185
[16:59:09]: 2185
[16:59:09]: 2186
[16:59:09]: 2188
[16:59:10]: 2180
[16:59:10]: 2181
[16:59:10]: 2182
[16:59:10]: 2184
[16:59:11]: 2184
[16:59:11]: 2185
[16:59:11]: 2180
[16:59:12]: 2179
[16:59:12]: 2181
[16:59:12]: 2184
[16:59:13]: 2183
[16:59:13]: 2182
[16:59:13]: 2180
[16:59:14]: 2179
[16:59:14]: 2181
[16:59:14]: 2182
[16:59:15]: 2182
[16:59:15]: 2182
[16:59:15]: 2185
[16:59:16]: 2184
[16:59:16]: 2180
[16:59:16]: 2185
[16:59:17]: 2183
[16:59:17]: 2184
[16:59:17]: 2185
[16:59:18]: 2185
[16:59:18]: 2181
[16:59:18]: 2180
[16:59:18]: 2181
[16:59:19]: 2185
[16:59:19]: 2185
 Close valve LR3
[16:59:19]: W2 OH-
 Open valve LRW2
 Open valve V24
[16:59:20]: 2180
[16:59:20]: 2194
[16:59:20]: 2242
[16:59:20]: 2329
[16:59:21]: 2426
[16:59:21]: 2498
[16:59:21]: 2672
[16:59:22]: 2913
[16:59:22]: 2858
[16:59:22]: 2862
[16:59:23]: 3020
[16:59:23]: 3132
[16:59:23]: 3182
[16:59:24]: 3210
[16:59:24]: 3191
[16:59:24]: 3210
[16:59:25]: 2983
[16:59:25]: 2812
[16:59:25]: 2749
[16:59:26]: 2828
[16:59:26]: 2911
[16:59:26]: 2921
[16:59:26]: 2923
[16:59:27]: 3087
[16:59:27]: 3103
[16:59:27]: 3087
[16:59:28]: 3155
[16:59:28]: 3174
[16:59:28]: 3179
[16:59:29]: 3213
[16:59:29]: 3268
[16:59:29]: 3206
[16:59:30]: 3356
[16:59:30]: 3378
[16:59:30]: 3363
[16:59:30]: 3324
[16:59:31]: 3382
[16:59:31]: 3389
[16:59:31]: 3375
[16:59:32]: 3423
[16:59:32]: 3368
[16:59:32]: 3382
[16:59:33]: 3500
[16:59:33]: 3369
[16:59:33]: 3438
[16:59:34]: 3429
[16:59:34]: 3438
[16:59:34]: 3480
[16:59:35]: 3526
[16:59:35]: 3423
[16:59:35]: 3477
[16:59:36]: 3450
[16:59:36]: 3468
[16:59:36]: 3443
[16:59:37]: 3427
[16:59:37]: 3558
[16:59:37]: 3519
[16:59:37]: 3438
[16:59:38]: 3499
[16:59:38]: 3515
 Close valve V24
 Close valve LRW2
[16:59:38]: PLUS H+
 Open valve LR4
[16:59:39]: 3571
[16:59:39]: 2157
[16:59:39]: 2147
[16:59:40]: 2145
[16:59:40]: 2149
[16:59:40]: 2146
[16:59:40]: 2153
[16:59:41]: 2157
[16:59:41]: 2160
[16:59:41]: 2156
[16:59:42]: 2158
[16:59:42]: 2162
[16:59:42]: 2171
[16:59:43]: 2172
[16:59:43]: 2172
[16:59:43]: 2177
[16:59:44]: 2178
[16:59:44]: 2179
[16:59:44]: 2174
[16:59:45]: 2175
[16:59:45]: 2176
[16:59:45]: 2178
[16:59:45]: 2175
[16:59:46]: 2181
[16:59:46]: 2174
[16:59:46]: 2180
[16:59:47]: 2179
[16:59:47]: 2176
[16:59:47]: 2176
[16:59:48]: 2179
[16:59:48]: 2177
[16:59:48]: 2177
[16:59:49]: 2178
[16:59:49]: 2179
[16:59:49]: 2173
[16:59:50]: 2173
[16:59:50]: 2177
[16:59:50]: 2176
[16:59:50]: 2174
[16:59:51]: 2174
[16:59:51]: 2174
[16:59:51]: 2172
[16:59:52]: 2178
[16:59:52]: 2178
[16:59:52]: 2173
[16:59:53]: 2174
[16:59:53]: 2176
[16:59:53]: 2176
[16:59:54]: 2174
[16:59:54]: 2177
[16:59:54]: 2179
[16:59:55]: 2173
[16:59:55]: 2173
[16:59:55]: 2177
[16:59:55]: 2173
[16:59:56]: 2176
[16:59:56]: 2173
[16:59:56]: 2173
[16:59:57]: 2172
[16:59:57]: 2177
 Close valve LR4
[16:59:57]: W2 OH-
 Open valve LRW2
 Open valve V24
[16:59:58]: 2174
[16:59:58]: 2196
[16:59:58]: 2237
[16:59:59]: 2367
[16:59:59]: 2527
[16:59:59]: 2638
[16:59:59]: 2749
[17:00:00]: 2818
[17:00:00]: 2742
[17:00:00]: 2704
[17:00:01]: 2909
[17:00:01]: 3011
[17:00:01]: 3196
[17:00:02]: 3364
[17:00:02]: 3254
[17:00:02]: 3285
[17:00:03]: 3113
[17:00:03]: 2850
[17:00:03]: 2817
[17:00:04]: 2865
[17:00:04]: 2899
[17:00:04]: 2914
[17:00:05]: 3067
[17:00:05]: 3079
[17:00:05]: 3125
[17:00:06]: 3151
[17:00:06]: 3250
[17:00:06]: 3215
[17:00:06]: 3339
[17:00:07]: 3271
[17:00:07]: 3321
[17:00:07]: 3378
[17:00:08]: 3374
[17:00:08]: 3402
[17:00:08]: 3422
[17:00:09]: 3448
[17:00:09]: 3462
[17:00:09]: 3432
[17:00:10]: 3410
[17:00:10]: 3493
[17:00:10]: 3468
[17:00:11]: 3536
[17:00:11]: 3568
[17:00:11]: 3419
[17:00:12]: 3542
[17:00:12]: 3486
[17:00:12]: 3540
[17:00:13]: 3503
[17:00:13]: 3486
[17:00:13]: 3565
[17:00:13]: 3476
[17:00:14]: 3473
[17:00:14]: 3497
[17:00:14]: 3527
[17:00:15]: 3538
[17:00:15]: 3528
[17:00:15]: 3520
[17:00:16]: 3505
[17:00:16]: 3501
[17:00:16]: 3614
 Close valve V24
 Close valve LRW2
[17:00:17]: CIRCLE H+
 Open valve LR1
[17:00:17]: 3617
[17:00:17]: 2154
[17:00:18]: 2151
[17:00:18]: 2150
[17:00:18]: 2150
[17:00:19]: 2150
[17:00:19]: 2152
[17:00:19]: 2153
[17:00:20]: 2151
[17:00:20]: 2160
[17:00:20]: 2159
[17:00:21]: 2162
[17:00:21]: 2163
[17:00:21]: 2165
[17:00:21]: 2175
[17:00:22]: 2172
[17:00:22]: 2178
[17:00:23]: 2174
[17:00:23]: 2174
[17:00:23]: 2173
[17:00:23]: 2177
[17:00:24]: 2231
[17:00:24]: 2233
[17:00:24]: 2234
[17:00:25]: 2234
[17:00:25]: 2235
[17:00:25]: 2231
[17:00:26]: 2235
[17:00:26]: 2235
[17:00:26]: 2236
[17:00:27]: 2237
[17:00:27]: 2230
[17:00:27]: 2238
[17:00:28]: 2237
[17:00:28]: 2236
[17:00:28]: 2233
[17:00:29]: 2233
[17:00:29]: 2243
[17:00:29]: 2244
[17:00:30]: 2244
[17:00:30]: 2245
[17:00:30]: 2242
[17:00:31]: 2243
[17:00:31]: 2250
[17:00:31]: 2251
[17:00:31]: 2252
[17:00:32]: 2247
[17:00:32]: 2255
[17:00:32]: 2249
[17:00:33]: 2251
[17:00:33]: 2257
[17:00:33]: 2257
[17:00:34]: 2258
[17:00:34]: 2254
[17:00:34]: 2254
[17:00:35]: 2254
[17:00:35]: 2264
[17:00:35]: 2265
[17:00:36]: 2259
[17:00:36]: 2266
 Close valve LR1
[17:00:36]: W2 OH-
 Open valve LRW2
 Open valve V24
[17:00:36]: 2250
[17:00:37]: 2006
[17:00:37]: 2063
[17:00:37]: 2093
[17:00:38]: 2113
[17:00:38]: 2122
[17:00:38]: 2128
[17:00:39]: 2124
[17:00:39]: 2129
[17:00:39]: 2130
[17:00:40]: 2126
[17:00:40]: 2130
[17:00:40]: 2121
[17:00:40]: 2133
[17:00:41]: 2139
[17:00:41]: 2132
[17:00:41]: 2127
[17:00:42]: 2115
[17:00:42]: 2105
[17:00:42]: 2107
[17:00:43]: 2104
[17:00:43]: 2104
[17:00:43]: 2114
[17:00:44]: 2098
[17:00:44]: 2107
[17:00:44]: 2108
[17:00:45]: 2096
[17:00:45]: 2106
[17:00:45]: 2107
[17:00:46]: 2092
[17:00:46]: 2099
[17:00:46]: 2099
[17:00:47]: 2094
[17:00:47]: 2102
[17:00:47]: 2106
[17:00:48]: 2084
[17:00:48]: 2097
[17:00:48]: 2094
[17:00:49]: 2086
[17:00:49]: 2102
[17:00:49]: 2096
[17:00:50]: 2091
[17:00:50]: 2086
[17:00:50]: 2079
[17:00:51]: 2082
[17:00:51]: 1770
[17:00:51]: 1770
[17:00:51]: 1769
[17:00:52]: 1775
[17:00:52]: 1774
[17:00:52]: 1771
[17:00:53]: 1771
[17:00:53]: 1772
[17:00:53]: 1770
[17:00:54]: 1776
[17:00:54]: 1775
[17:00:54]: 1771
[17:00:55]: 1771
[17:00:55]: 1774
[17:00:55]: 1771
 Close valve V24
 Close valve LRW2
[17:00:55]: CROSS H+
 Open valve LR2
[17:00:56]: 1770
[17:00:56]: 2267
[17:00:56]: 2276
[17:00:57]: 2277
[17:00:57]: 2277
[17:00:57]: 2277
[17:00:58]: 2277
[17:00:58]: 2275
[17:00:58]: 2278
[17:00:59]: 2274
[17:00:59]: 2274
[17:00:59]: 2278
[17:01:00]: 2277
[17:01:00]: 2277
[17:01:00]: 2277
[17:01:01]: 2278
[17:01:01]: 2274
[17:01:01]: 2274
[17:01:02]: 2276
[17:01:02]: 2277
[17:01:02]: 2277
[17:01:03]: 2277
[17:01:03]: 2277
[17:01:03]: 2274
[17:01:04]: 2277
[17:01:04]: 2274
[17:01:04]: 2274
[17:01:05]: 2277
[17:01:05]: 2277
[17:01:05]: 2274
[17:01:06]: 2274
[17:01:06]: 2273
[17:01:06]: 2273
[17:01:07]: 2272
[17:01:07]: 2273
[17:01:07]: 2275
[17:01:08]: 2275
[17:01:08]: 2276
[17:01:08]: 2272
[17:01:09]: 2273
[17:01:09]: 2273
[17:01:09]: 2273
[17:01:10]: 2273
[17:01:10]: 2273
[17:01:10]: 2272
[17:01:11]: 2272
[17:01:11]: 2273
[17:01:11]: 2275
[17:01:12]: 2272
[17:01:12]: 2272
[17:01:12]: 2273
[17:01:13]: 2273
[17:01:13]: 2273
[17:01:13]: 2276
[17:01:14]: 2275
[17:01:14]: 2276
[17:01:14]: 2275
[17:01:15]: 2273
[17:01:15]: 2272
[17:01:15]: 2549
 Close valve LR2
[17:01:15]: W2 OH-
 Open valve LRW2
 Open valve V24
[17:01:16]: 2543
[17:01:16]: 2221
[17:01:17]: 2163
[17:01:17]: 2125
[17:01:17]: 2093
[17:01:18]: 2080
[17:01:18]: 2075
[17:01:18]: 2073
[17:01:19]: 2085
[17:01:19]: 2069
[17:01:19]: 2044
[17:01:20]: 2043
[17:01:20]: 2037
[17:01:20]: 2037
[17:01:21]: 2037
[17:01:21]: 2041
[17:01:21]: 2057
[17:01:22]: 2054
[17:01:22]: 2051
[17:01:22]: 2056
[17:01:22]: 2055
[17:01:23]: 2052
[17:01:23]: 2046
[17:01:23]: 2042
[17:01:24]: 2041
[17:01:24]: 2040
[17:01:24]: 2039
[17:01:25]: 2037
[17:01:25]: 2036
[17:01:25]: 2035
[17:01:26]: 2034
[17:01:26]: 2034
[17:01:26]: 2034
[17:01:27]: 2035
[17:01:27]: 2035
[17:01:27]: 2034
[17:01:28]: 2036
[17:01:28]: 2032
[17:01:28]: 2035
[17:01:29]: 2034
[17:01:29]: 2033
[17:01:29]: 2034
[17:01:30]: 2031
[17:01:30]: 2031
[17:01:30]: 2031
[17:01:31]: 2032
[17:01:31]: 2033
[17:01:31]: 2033
[17:01:32]: 2030
[17:01:32]: 2031
[17:01:32]: 2031
[17:01:33]: 2032
[17:01:33]: 2032
[17:01:33]: 2030
[17:01:34]: 2029
[17:01:34]: 2031
[17:01:34]: 2031
[17:01:35]: 2031
[17:01:35]: 2032
[17:01:35]: 2032
 Close valve V24
 Close valve LRW2
[17:01:35]: SQUARE H+
 Open valve LR3
[17:01:36]: 2032
[17:01:36]: 2543
[17:01:36]: 2549
[17:01:37]: 2551
[17:01:37]: 2552
[17:01:37]: 2547
[17:01:38]: 2548
[17:01:38]: 2549
[17:01:38]: 2550
[17:01:39]: 2550
[17:01:39]: 2549
[17:01:39]: 2548
[17:01:40]: 2552
[17:01:40]: 2549
[17:01:40]: 2549
[17:01:41]: 2550
[17:01:41]: 2550
[17:01:41]: 2549
[17:01:42]: 2552
[17:01:42]: 2548
[17:01:42]: 2549
[17:01:42]: 2549
[17:01:43]: 2550
[17:01:43]: 2549
[17:01:43]: 2548
[17:01:44]: 2552
[17:01:44]: 2552
[17:01:44]: 2551
[17:01:45]: 2549
[17:01:45]: 2549
[17:01:45]: 2551
[17:01:46]: 2548
[17:01:46]: 2548
[17:01:46]: 2551
[17:01:47]: 2551
[17:01:47]: 2550
[17:01:47]: 2551
[17:01:48]: 2548
[17:01:48]: 2548
[17:01:48]: 2547
[17:01:49]: 2551
[17:01:49]: 2550
[17:01:49]: 2550
[17:01:50]: 2550
[17:01:50]: 2551
[17:01:50]: 2552
[17:01:51]: 2547
[17:01:51]: 2548
[17:01:51]: 2548
[17:01:52]: 2550
[17:01:52]: 2550
[17:01:52]: 2550
[17:01:52]: 2549
[17:01:53]: 2548
[17:01:53]: 2548
[17:01:53]: 2552
[17:01:54]: 2552
[17:01:54]: 2548
[17:01:54]: 2548
[17:01:55]: 2550
 Close valve LR3
[17:01:55]: W2 OH-
 Open valve LRW2
 Open valve V24
[17:01:55]: 2550
[17:01:55]: 2224
[17:01:56]: 2160
[17:01:56]: 2123
[17:01:56]: 2094
[17:01:57]: 2063
[17:01:57]: 2057
[17:01:57]: 2067
[17:01:58]: 2068
[17:01:58]: 2077
[17:01:58]: 2054
[17:01:59]: 2049
[17:01:59]: 2036
[17:01:59]: 2034
[17:02:00]: 2035
[17:02:00]: 2036
[17:02:00]: 2051
[17:02:01]: 2064
[17:02:01]: 2060
[17:02:01]: 2055
[17:02:01]: 2052
[17:02:02]: 2049
[17:02:02]: 2045
[17:02:02]: 2045
[17:02:03]: 2038
[17:02:03]: 2036
[17:02:03]: 2036
[17:02:04]: 2036
[17:02:04]: 2036
[17:02:04]: 2032
[17:02:05]: 2032
[17:02:05]: 2031
[17:02:05]: 2031
[17:02:06]: 2034
[17:02:06]: 2032
[17:02:06]: 2032
[17:02:07]: 2031
[17:02:07]: 2033
[17:02:07]: 2029
[17:02:07]: 2033
[17:02:08]: 2029
[17:02:08]: 2031
[17:02:08]: 2030
[17:02:09]: 2030
[17:02:09]: 2029
[17:02:09]: 2031
[17:02:10]: 2031
[17:02:10]: 2031
[17:02:10]: 2027
[17:02:11]: 2029
[17:02:11]: 2029
[17:02:11]: 2030
[17:02:12]: 2027
[17:02:12]: 2030
[17:02:12]: 2029
[17:02:13]: 2027
[17:02:13]: 2027
[17:02:13]: 2028
[17:02:14]: 2028
[17:02:14]: 2029
 Close valve V24
 Close valve LRW2
[17:02:14]: PLUS H+
 Open valve LR4
[17:02:14]: 2028
[17:02:15]: 2539
[17:02:15]: 2545
[17:02:15]: 2548
[17:02:16]: 2548
[17:02:16]: 2546
[17:02:16]: 2549
[17:02:17]: 2549
[17:02:17]: 2548
[17:02:17]: 2547
[17:02:17]: 2548
[17:02:18]: 2546
[17:02:18]: 2547
[17:02:18]: 2550
[17:02:19]: 2550
[17:02:19]: 2549
[17:02:19]: 2546
[17:02:20]: 2547
[17:02:20]: 2547
[17:02:20]: 2548
[17:02:21]: 2549
[17:02:21]: 2549
[17:02:21]: 2550
[17:02:22]: 2550
[17:02:22]: 2547
[17:02:22]: 2548
[17:02:23]: 2546
[17:02:23]: 2545
[17:02:23]: 2545
[17:02:24]: 2549
[17:02:24]: 2548
[17:02:24]: 2548
[17:02:25]: 2547
[17:02:25]: 2545
[17:02:25]: 2547
[17:02:26]: 2549
[17:02:26]: 2545
[17:02:26]: 2548
[17:02:26]: 2547
[17:02:27]: 2547
[17:02:27]: 2546
[17:02:27]: 2545
[17:02:28]: 2545
[17:02:28]: 2544
[17:02:28]: 2549
[17:02:29]: 2548
[17:02:29]: 2548
[17:02:29]: 2547
[17:02:30]: 2547
[17:02:30]: 2547
[17:02:30]: 2545
[17:02:31]: 2548
[17:02:31]: 2549
[17:02:31]: 2544
[17:02:31]: 2545
[17:02:32]: 2548
[17:02:32]: 2546
[17:02:32]: 2546
[17:02:33]: 2547
[17:02:33]: 2548
 Close valve LR4
[17:02:33]: W2 OH-
 Open valve LRW2
 Open valve V24
[17:02:34]: 2543
[17:02:34]: 2198
[17:02:34]: 2132
[17:02:34]: 2099
[17:02:35]: 2071
[17:02:35]: 2055
[17:02:35]: 2046
[17:02:36]: 2063
[17:02:36]: 2064
[17:02:36]: 2063
[17:02:37]: 2049
[17:02:37]: 2046
[17:02:37]: 2033
[17:02:38]: 2033
[17:02:38]: 2032
[17:02:38]: 2039
[17:02:39]: 2039
[17:02:39]: 2050
[17:02:39]: 2045
[17:02:40]: 2042
[17:02:40]: 2038
[17:02:40]: 2035
[17:02:41]: 2035
[17:02:41]: 2034
[17:02:41]: 2030
[17:02:42]: 2029
[17:02:42]: 2029
[17:02:42]: 2030
[17:02:43]: 2029
[17:02:43]: 2030
[17:02:43]: 2027
[17:02:44]: 2028
[17:02:44]: 2031
[17:02:44]: 2030
[17:02:45]: 2027
[17:02:45]: 2029
[17:02:45]: 2029
[17:02:46]: 2030
[17:02:46]: 2031
[17:02:46]: 2027
[17:02:47]: 2027
[17:02:47]: 2028
[17:02:47]: 2028
[17:02:48]: 2300
[17:02:48]: 2298
[17:02:48]: 2297
[17:02:49]: 2297
[17:02:49]: 2299
[17:02:49]: 2296
[17:02:49]: 2299
[17:02:50]: 2299
[17:02:50]: 2296
[17:02:50]: 2296
[17:02:51]: 2297
[17:02:51]: 2297
[17:02:51]: 2297
[17:02:52]: 2298
[17:02:52]: 2299
[17:02:52]: 2298
[17:02:53]: 2296
 Close valve V24
 Close valve LRW2
[17:02:53]: CIRCLE H+
 Open valve LR1
[17:02:53]: 2298
[17:02:53]: 2794
[17:02:54]: 2795
[17:02:54]: 2796
[17:02:54]: 2800
[17:02:55]: 2799
[17:02:55]: 2799
[17:02:55]: 2798
[17:02:56]: 2797
[17:02:56]: 2797
[17:02:56]: 2800
[17:02:56]: 2796
[17:02:57]: 2796
[17:02:57]: 2800
[17:02:57]: 2796
[17:02:58]: 2796
[17:02:58]: 2797
[17:02:58]: 2798
[17:02:59]: 2798
[17:02:59]: 2799
[17:02:59]: 2799
[17:03:00]: 2799
[17:03:00]: 2795
[17:03:00]: 2795
[17:03:00]: 2795
[17:03:01]: 2796
[17:03:01]: 2799
[17:03:01]: 2796
[17:03:02]: 2797
[17:03:02]: 2796
[17:03:02]: 2798
[17:03:03]: 2798
[17:03:03]: 2799
[17:03:03]: 2799
[17:03:04]: 2799
[17:03:04]: 2796
[17:03:04]: 2797
[17:03:05]: 2795
[17:03:05]: 2794
[17:03:05]: 2795
[17:03:06]: 2799
[17:03:06]: 2798
[17:03:06]: 2796
[17:03:06]: 2796
[17:03:07]: 2796
[17:03:07]: 2798
[17:03:07]: 2795
[17:03:08]: 2795
[17:03:08]: 2794
[17:03:08]: 2799
[17:03:09]: 2798
[17:03:09]: 2797
[17:03:09]: 2796
[17:03:10]: 2797
[17:03:10]: 2797
[17:03:10]: 2797
[17:03:11]: 2798
[17:03:11]: 2795
[17:03:11]: 2795
[17:03:11]: 2796
 Close valve LR1
[17:03:12]: W2 OH-
 Open valve LRW2
 Open valve V24
[17:03:12]: 2790
[17:03:12]: 2471
[17:03:13]: 2402
[17:03:13]: 2368
[17:03:13]: 2350
[17:03:14]: 2338
[17:03:14]: 2336
[17:03:14]: 2337
[17:03:15]: 2342
[17:03:15]: 2348
[17:03:15]: 2330
[17:03:15]: 2312
[17:03:16]: 2304
[17:03:16]: 2303
[17:03:16]: 2305
[17:03:17]: 2310
[17:03:17]: 2308
[17:03:17]: 2316
[17:03:18]: 2314
[17:03:18]: 2316
[17:03:18]: 2312
[17:03:19]: 2310
[17:03:19]: 2306
[17:03:19]: 2305
[17:03:20]: 2307
[17:03:20]: 2300
[17:03:20]: 2302
[17:03:20]: 2302
[17:03:21]: 2300
[17:03:21]: 2300
[17:03:21]: 2299
[17:03:22]: 2299
[17:03:22]: 2298
[17:03:22]: 2298
[17:03:23]: 2298
[17:03:23]: 2300
[17:03:23]: 2300
[17:03:24]: 2299
[17:03:24]: 2300
[17:03:24]: 2300
[17:03:25]: 2298
[17:03:25]: 2301
[17:03:25]: 2297
[17:03:26]: 2300
[17:03:26]: 2298
[17:03:26]: 2298
[17:03:26]: 2298
[17:03:27]: 2298
[17:03:27]: 2298
[17:03:27]: 2299
[17:03:28]: 2299
[17:03:28]: 2295
[17:03:28]: 2295
[17:03:29]: 2296
[17:03:29]: 2296
[17:03:29]: 2295
[17:03:30]: 2295
[17:03:30]: 2297
[17:03:30]: 2296
[17:03:31]: 2293
 Close valve V24
 Close valve LRW2
[17:03:31]: CROSS H+
 Open valve LR2
[17:03:31]: 2296
[17:03:31]: 2785
[17:03:32]: 2790
[17:03:32]: 2792
[17:03:32]: 2792
[17:03:33]: 2794
[17:03:33]: 2794
[17:03:33]: 2795
[17:03:34]: 2791
[17:03:34]: 2791
[17:03:34]: 2795
[17:03:34]: 2794
[17:03:35]: 2794
[17:03:35]: 2792
[17:03:35]: 2792
[17:03:36]: 2794
[17:03:36]: 2791
[17:03:36]: 2794
[17:03:37]: 2794
[17:03:37]: 2794
[17:03:37]: 2791
[17:03:38]: 2790
[17:03:38]: 2791
[17:03:38]: 2793
[17:03:39]: 2793
[17:03:39]: 2793
[17:03:39]: 2790
[17:03:39]: 2794
[17:03:40]: 2790
[17:03:40]: 2793
[17:03:40]: 2790
[17:03:41]: 2791
[17:03:41]: 2790
[17:03:41]: 2792
[17:03:42]: 2793
[17:03:42]: 2793
[17:03:42]: 2789
[17:03:43]: 2789
[17:03:43]: 2790
[17:03:43]: 2790
[17:03:44]: 2791
[17:03:44]: 2792
[17:03:44]: 2790
[17:03:44]: 2789
[17:03:45]: 2789
[17:03:45]: 2793
[17:03:45]: 2789
[17:03:46]: 2789
[17:03:46]: 2790
[17:03:46]: 2791
[17:03:47]: 2790
[17:03:47]: 2790
[17:03:47]: 2790
[17:03:48]: 2790
[17:03:48]: 2793
[17:03:48]: 2792
[17:03:49]: 2792
[17:03:49]: 2790
[17:03:49]: 2792
[17:03:49]: 2790
 Close valve LR2
[17:03:50]: W2 OH-
 Open valve LRW2
 Open valve V24
[17:03:50]: 2771
[17:03:50]: 2468
[17:03:51]: 2402
[17:03:51]: 2369
[17:03:51]: 2343
[17:03:52]: 2314
[17:03:52]: 2307
[17:03:52]: 2314
[17:03:53]: 2324
[17:03:53]: 2312
[17:03:53]: 2308
[17:03:53]: 2304
[17:03:54]: 2299
[17:03:54]: 2298
[17:03:54]: 2299
[17:03:55]: 2301
[17:03:55]: 2302
[17:03:55]: 2299
[17:03:56]: 2298
[17:03:56]: 2327
[17:03:56]: 2328
[17:03:57]: 2315
[17:03:57]: 2311
[17:03:57]: 2310
[17:03:58]: 2303
[17:03:58]: 2304
[17:03:58]: 2301
[17:03:59]: 2298
[17:03:59]: 2298
[17:03:59]: 2296
[17:03:59]: 2295
[17:04:00]: 2295
[17:04:00]: 2296
[17:04:00]: 2292
[17:04:01]: 2292
[17:04:01]: 2293
[17:04:01]: 2293
[17:04:02]: 2292
[17:04:02]: 2293
[17:04:02]: 2293
[17:04:03]: 2290
[17:04:03]: 2289
[17:04:03]: 2293
[17:04:04]: 2292
[17:04:04]: 2290
[17:04:04]: 2290
[17:04:05]: 2291
[17:04:05]: 2292
[17:04:05]: 2292
[17:04:05]: 2288
[17:04:06]: 2288
[17:04:06]: 2291
[17:04:06]: 2290
[17:04:07]: 2290
[17:04:07]: 2289
[17:04:07]: 2288
[17:04:08]: 2287
[17:04:08]: 2287
[17:04:08]: 2291
[17:04:09]: 2290
 Close valve V24
 Close valve LRW2
[17:04:09]: SQUARE H+
 Open valve LR3
[17:04:09]: 2291
[17:04:09]: 2754
[17:04:10]: 2757
[17:04:10]: 2760
[17:04:10]: 2761
[17:04:11]: 2764
[17:04:11]: 2766
[17:04:11]: 2768
[17:04:12]: 2768
[17:04:12]: 2769
[17:04:12]: 2769
[17:04:13]: 2769
[17:04:13]: 2768
[17:04:13]: 2768
[17:04:14]: 2771
[17:04:14]: 2769
[17:04:14]: 2770
[17:04:14]: 2773
[17:04:15]: 2773
[17:04:15]: 2771
[17:04:15]: 2771
[17:04:16]: 2771
[17:04:16]: 2775
[17:04:16]: 2771
[17:04:17]: 2772
[17:04:17]: 2772
[17:04:17]: 2773
[17:04:18]: 2772
[17:04:18]: 2772
[17:04:18]: 2772
[17:04:19]: 2772
[17:04:19]: 2773
[17:04:19]: 2775
[17:04:20]: 2773
[17:04:20]: 2775
[17:04:20]: 2773
[17:04:20]: 2776
[17:04:21]: 2776
[17:04:21]: 2773
[17:04:21]: 2773
[17:04:22]: 2774
[17:04:22]: 2775
[17:04:22]: 2776
[17:04:23]: 2776
[17:04:23]: 2777
[17:04:23]: 2774
[17:04:24]: 2774
[17:04:24]: 2774
[17:04:24]: 2778
[17:04:25]: 2777
[17:04:25]: 2777
[17:04:25]: 2775
[17:04:25]: 2777
[17:04:26]: 2775
[17:04:26]: 2778
[17:04:26]: 2775
[17:04:27]: 2774
[17:04:27]: 2775
[17:04:27]: 2778
[17:04:28]: 2776
 Close valve LR3
[17:04:28]: W2 OH-
 Open valve LRW2
 Open valve V24
[17:04:28]: 2773
[17:04:29]: 2472
[17:04:29]: 2411
[17:04:29]: 2393
[17:04:30]: 2370
[17:04:30]: 2343
[17:04:30]: 2335
[17:04:30]: 2336
[17:04:31]: 2341
[17:04:31]: 2330
[17:04:31]: 2317
[17:04:32]: 2317
[17:04:32]: 2311
[17:04:32]: 2313
[17:04:33]: 2317
[17:04:33]: 2321
[17:04:33]: 2317
[17:04:34]: 2338
[17:04:34]: 2332
[17:04:34]: 2322
[17:04:35]: 2323
[17:04:35]: 2323
[17:04:35]: 2324
[17:04:36]: 2322
[17:04:36]: 2315
[17:04:36]: 2316
[17:04:36]: 2311
[17:04:37]: 2310
[17:04:37]: 2313
[17:04:37]: 2310
[17:04:38]: 2310
[17:04:38]: 2311
[17:04:38]: 2308
[17:04:39]: 2310
[17:04:39]: 2309
[17:04:39]: 2309
[17:04:40]: 2309
[17:04:40]: 2310
[17:04:40]: 2306
[17:04:41]: 2307
[17:04:41]: 2307
[17:04:41]: 2307
[17:04:42]: 2037
[17:04:42]: 2038
[17:04:42]: 2033
[17:04:43]: 2033
[17:04:43]: 2034
[17:04:43]: 2035
[17:04:44]: 2034
[17:04:44]: 2033
[17:04:44]: 2032
[17:04:45]: 2036
[17:04:45]: 2035
[17:04:45]: 2035
[17:04:46]: 2034
[17:04:46]: 2033
[17:04:46]: 2033
[17:04:47]: 2033
[17:04:47]: 2031
[17:04:47]: 2034
 Close valve V24
 Close valve LRW2
[17:04:47]: PLUS H+
 Open valve LR4
[17:04:48]: 2032
[17:04:48]: 2509
[17:04:48]: 2517
[17:04:49]: 2521
[17:04:49]: 2517
[17:04:49]: 2519
[17:04:50]: 2523
[17:04:50]: 2522
[17:04:50]: 2524
[17:04:50]: 2523
[17:04:51]: 2527
[17:04:51]: 2523
[17:04:51]: 2524
[17:04:52]: 2524
[17:04:52]: 2528
[17:04:52]: 2527
[17:04:53]: 2525
[17:04:53]: 2528
[17:04:53]: 2528
[17:04:54]: 2526
[17:04:54]: 2528
[17:04:54]: 2525
[17:04:55]: 2526
[17:04:55]: 2526
[17:04:55]: 2526
[17:04:55]: 2526
[17:04:56]: 2526
[17:04:56]: 2525
[17:04:56]: 2525
[17:04:57]: 2526
[17:04:57]: 2529
[17:04:57]: 2528
[17:04:58]: 2528
[17:04:58]: 2529
[17:04:58]: 2526
[17:04:59]: 2525
[17:04:59]: 2525
[17:04:59]: 2526
[17:05:00]: 2525
[17:05:00]: 2527
[17:05:00]: 2527
[17:05:00]: 2527
[17:05:01]: 2526
[17:05:01]: 2529
[17:05:01]: 2530
[17:05:02]: 2526
[17:05:02]: 2529
[17:05:02]: 2528
[17:05:03]: 2528
[17:05:03]: 2527
[17:05:03]: 2526
[17:05:04]: 2526
[17:05:04]: 2526
[17:05:04]: 2526
[17:05:05]: 2527
[17:05:05]: 2527
[17:05:05]: 2527
[17:05:06]: 2527
[17:05:06]: 2530
[17:05:06]: 2530
 Close valve LR4
[17:05:06]: W2 OH-
 Open valve LRW2
 Open valve V24
[17:05:07]: 2522
[17:05:07]: 2206
[17:05:07]: 2147
[17:05:08]: 2114
[17:05:08]: 2095
[17:05:08]: 2079
[17:05:09]: 2061
[17:05:09]: 2062
[17:05:09]: 2067
[17:05:10]: 2064
[17:05:10]: 2060
[17:05:10]: 2052
[17:05:10]: 2052
[17:05:11]: 2057
[17:05:11]: 2056
[17:05:11]: 2055
[17:05:12]: 2056
[17:05:12]: 2069
[17:05:12]: 2068
[17:05:13]: 2060
[17:05:13]: 2058
[17:05:13]: 2060
[17:05:14]: 2054
[17:05:14]: 2051
[17:05:14]: 2049
[17:05:15]: 2049
[17:05:15]: 2048
[17:05:15]: 2047
[17:05:15]: 2046
[17:05:16]: 2043
[17:05:16]: 2043
[17:05:16]: 2042
[17:05:17]: 2041
[17:05:17]: 2042
[17:05:17]: 2042
[17:05:18]: 2041
[17:05:18]: 2043
[17:05:18]: 2038
[17:05:19]: 2042
[17:05:19]: 2041
[17:05:19]: 2041
[17:05:20]: 2040
[17:05:20]: 2040
[17:05:20]: 2037
[17:05:20]: 2036
[17:05:21]: 2036
[17:05:21]: 2040
[17:05:21]: 2039
[17:05:22]: 2038
[17:05:22]: 2037
[17:05:22]: 2037
[17:05:23]: 2038
[17:05:23]: 2039
[17:05:23]: 2036
[17:05:24]: 2040
[17:05:24]: 2039
[17:05:24]: 2040
[17:05:25]: 2038
[17:05:25]: 2038
[17:05:25]: 2038
 Close valve V24
 Close valve LRW2
[17:05:25]: CIRCLE H+
 Open valve LR1
[17:05:26]: 2035
[17:05:26]: 2517
[17:05:26]: 2518
[17:05:27]: 2523
[17:05:27]: 2524
[17:05:27]: 2524
[17:05:28]: 2525
[17:05:28]: 2524
[17:05:28]: 2525
[17:05:29]: 2526
[17:05:29]: 2526
[17:05:29]: 2526
[17:05:30]: 2523
[17:05:30]: 2523
[17:05:30]: 2525
[17:05:30]: 2524
[17:05:31]: 2526
[17:05:31]: 2526
[17:05:31]: 2523
[17:05:32]: 2523
[17:05:32]: 2527
[17:05:32]: 2527
[17:05:33]: 2526
[17:05:33]: 2524
[17:05:33]: 2524
[17:05:34]: 2526
[17:05:34]: 2523
[17:05:34]: 2527
[17:05:35]: 2527
[17:05:35]: 2527
[17:05:35]: 2524
[17:05:35]: 2524
[17:05:36]: 2524
[17:05:36]: 2524
[17:05:36]: 2526
[17:05:37]: 2527
[17:05:37]: 2527
[17:05:37]: 2526
[17:05:38]: 2524
[17:05:38]: 2524
[17:05:38]: 2523
[17:05:39]: 2527
[17:05:39]: 2527
[17:05:39]: 2526
[17:05:40]: 2526
[17:05:40]: 2527
[17:05:40]: 2524
[17:05:41]: 2523
[17:05:41]: 2524
[17:05:41]: 2527
[17:05:42]: 2524
[17:05:42]: 2526
[17:05:42]: 2525
[17:05:43]: 2525
[17:05:43]: 2524
[17:05:43]: 2524
[17:05:43]: 2528
[17:05:44]: 2525
[17:05:44]: 2525
[17:05:44]: 2525
 Close valve LR1
[17:05:45]: W2 OH-
 Open valve LRW2
 Open valve V24
[17:05:45]: 2500
[17:05:45]: 2216
[17:05:46]: 2156
[17:05:46]: 2123
[17:05:46]: 2099
[17:05:47]: 2075
[17:05:47]: 2055
[17:05:47]: 2066
[17:05:48]: 2066
[17:05:48]: 2062
[17:05:48]: 2048
[17:05:49]: 1779
[17:05:49]: 1776
[17:05:49]: 1776
[17:05:50]: 1781
[17:05:50]: 1785
[17:05:50]: 1794
[17:05:50]: 1797
[17:05:51]: 1801
[17:05:51]: 1798
[17:05:51]: 1790
[17:05:52]: 1783
[17:05:52]: 1777
[17:05:52]: 1782
[17:05:53]: 1780
[17:05:53]: 1773
[17:05:53]: 1779
[17:05:54]: 1771
[17:05:54]: 1775
[17:05:54]: 1771
[17:05:55]: 1770
[17:05:55]: 1774
[17:05:55]: 1774
[17:05:56]: 1766
[17:05:56]: 1772
[17:05:56]: 1767
[17:05:56]: 1767
[17:05:57]: 1766
[17:05:57]: 1771
[17:05:57]: 1764
[17:05:58]: 1764
[17:05:58]: 1770
[17:05:58]: 1764
[17:05:59]: 1766
[17:05:59]: 1766
[17:05:59]: 1766
[17:06:00]: 1771
[17:06:00]: 1771
[17:06:00]: 1772
[17:06:01]: 1767
[17:06:01]: 1766
[17:06:01]: 1772
[17:06:01]: 1771
[17:06:02]: 1771
[17:06:02]: 1771
[17:06:02]: 1771
[17:06:03]: 1770
[17:06:03]: 1763
[17:06:03]: 1763
[17:06:04]: 1769
 Close valve V24
 Close valve LRW2
[17:06:04]: CROSS H+
 Open valve LR2
[17:06:04]: 1768
[17:06:04]: 2217
[17:06:05]: 2223
[17:06:05]: 2223
[17:06:06]: 2223
[17:06:06]: 2223
[17:06:06]: 2503
[17:06:07]: 2503
[17:06:07]: 2504
[17:06:07]: 2505
[17:06:07]: 2506
[17:06:08]: 2506
[17:06:08]: 2506
[17:06:08]: 2504
[17:06:09]: 2504
[17:06:09]: 2506
[17:06:09]: 2506
[17:06:10]: 2505
[17:06:10]: 2504
[17:06:10]: 2508
[17:06:11]: 2504
[17:06:11]: 2505
[17:06:11]: 2507
[17:06:12]: 2508
[17:06:12]: 2507
[17:06:12]: 2505
[17:06:12]: 2505
[17:06:13]: 2505
[17:06:13]: 2505
[17:06:13]: 2506
[17:06:14]: 2508
[17:06:14]: 2508
[17:06:14]: 2506
[17:06:15]: 2506
[17:06:15]: 2505
[17:06:15]: 2508
[17:06:16]: 2505
[17:06:16]: 2509
[17:06:16]: 2509
[17:06:17]: 2508
[17:06:17]: 2509
[17:06:17]: 2509
[17:06:18]: 2509
[17:06:18]: 2506
[17:06:18]: 2507
[17:06:18]: 2507
[17:06:19]: 2508
[17:06:19]: 2508
[17:06:19]: 2508
[17:06:20]: 2507
[17:06:20]: 2507
[17:06:20]: 2508
[17:06:21]: 2510
[17:06:21]: 2508
[17:06:21]: 2508
[17:06:22]: 2507
[17:06:22]: 2507
[17:06:22]: 2511
[17:06:23]: 2511
[17:06:23]: 2508
 Close valve LR2
[17:06:23]: W2 OH-
 Open valve LRW2
 Open valve V24
[17:06:23]: 2503
[17:06:24]: 2205
[17:06:24]: 2143
[17:06:24]: 2111
[17:06:25]: 2105
[17:06:25]: 2087
[17:06:25]: 2067
[17:06:26]: 2057
[17:06:26]: 2067
[17:06:26]: 2058
[17:06:26]: 2043
[17:06:27]: 2035
[17:06:27]: 2037
[17:06:27]: 2036
[17:06:28]: 2037
[17:06:28]: 2040
[17:06:28]: 2036
[17:06:29]: 2047
[17:06:29]: 2051
[17:06:29]: 2047
[17:06:30]: 2044
[17:06:30]: 2043
[17:06:30]: 2042
[17:06:31]: 2043
[17:06:31]: 2040
[17:06:31]: 2039
[17:06:31]: 2035
[17:06:32]: 2037
[17:06:32]: 2033
[17:06:32]: 2033
[17:06:33]: 2033
[17:06:33]: 2033
[17:06:33]: 2034
[17:06:34]: 2031
[17:06:34]: 2032
[17:06:34]: 2032
[17:06:35]: 2032
[17:06:35]: 2031
[17:06:35]: 2032
[17:06:36]: 2030
[17:06:36]: 2030
[17:06:36]: 2031
[17:06:37]: 2030
[17:06:37]: 2030
[17:06:37]: 2032
[17:06:38]: 2032
[17:06:38]: 2031
[17:06:38]: 2028
[17:06:39]: 2030
[17:06:39]: 2030
[17:06:39]: 2029
[17:06:40]: 2028
[17:06:40]: 2027
[17:06:40]: 2030
[17:06:41]: 2030
[17:06:41]: 2027
[17:06:41]: 2027
[17:06:42]: 2029
[17:06:42]: 2029
[17:06:42]: 2027
 Close valve V24
 Close valve LRW2
[17:06:42]: SQUARE H+
 Open valve LR3
[17:06:43]: 2028
[17:06:43]: 2523
[17:06:43]: 2528
[17:06:44]: 2527
[17:06:44]: 2528
[17:06:44]: 2529
[17:06:45]: 2529
[17:06:45]: 2528
[17:06:45]: 2532
[17:06:46]: 2532
[17:06:46]: 2529
[17:06:46]: 2529
[17:06:47]: 2530
[17:06:47]: 2531
[17:06:47]: 2529
[17:06:48]: 2529
[17:06:48]: 2533
[17:06:48]: 2532
[17:06:48]: 2529
[17:06:49]: 2531
[17:06:49]: 2530
[17:06:49]: 2532
[17:06:50]: 2532
[17:06:50]: 2533
[17:06:50]: 2533
[17:06:51]: 2532
[17:06:51]: 2529
[17:06:51]: 2530
[17:06:52]: 2532
[17:06:52]: 2530
[17:06:52]: 2530
[17:06:53]: 2533
[17:06:53]: 2533
[17:06:53]: 2532
[17:06:54]: 2533
[17:06:54]: 2530
[17:06:54]: 2532
[17:06:54]: 2532
[17:06:55]: 2532
[17:06:55]: 2533
[17:06:55]: 2530
[17:06:56]: 2529
[17:06:56]: 2529
[17:06:56]: 2533
[17:06:57]: 2532
[17:06:57]: 2532
[17:06:57]: 2530
[17:06:58]: 2532
[17:06:58]: 2529
[17:06:58]: 2533
[17:06:58]: 2529
[17:06:59]: 2529
[17:06:59]: 2533
[17:06:59]: 2532
[17:07:00]: 2532
[17:07:00]: 2532
[17:07:00]: 2533
[17:07:01]: 2533
[17:07:01]: 2530
[17:07:01]: 2530
 Close valve LR3
[17:07:01]: W2 OH-
 Open valve LRW2
 Open valve V24
[17:07:02]: 2513
[17:07:02]: 2209
[17:07:02]: 2139
[17:07:03]: 2106
[17:07:03]: 2084
[17:07:03]: 2065
[17:07:04]: 2052
[17:07:04]: 2052
[17:07:04]: 2070
[17:07:05]: 2058
[17:07:05]: 2042
[17:07:05]: 2040
[17:07:06]: 2040
[17:07:06]: 2047
[17:07:06]: 2044
[17:07:07]: 2043
[17:07:07]: 2057
[17:07:07]: 2064
[17:07:07]: 2078
[17:07:08]: 2078
[17:07:08]: 2065
[17:07:08]: 2056
[17:07:09]: 2045
[17:07:09]: 2043
[17:07:09]: 2039
[17:07:10]: 2038
[17:07:10]: 2037
[17:07:10]: 2033
[17:07:11]: 2036
[17:07:11]: 2034
[17:07:11]: 2033
[17:07:12]: 2034
[17:07:12]: 2031
[17:07:12]: 2034
[17:07:13]: 2030
[17:07:13]: 2031
[17:07:13]: 2034
[17:07:14]: 2033
[17:07:14]: 2032
[17:07:14]: 2032
[17:07:14]: 2033
[17:07:15]: 2033
[17:07:15]: 2032
[17:07:15]: 2029
[17:07:16]: 2031
[17:07:16]: 2031
[17:07:16]: 2029
[17:07:17]: 2029
[17:07:17]: 2029
[17:07:17]: 2032
[17:07:18]: 2029
[17:07:18]: 2029
[17:07:18]: 2029
[17:07:19]: 2028
[17:07:19]: 2029
[17:07:19]: 2027
[17:07:20]: 2028
[17:07:20]: 2030
[17:07:20]: 2030
[17:07:21]: 2029
 Close valve V24
 Close valve LRW2
[17:07:21]: PLUS H+
 Open valve LR4
[17:07:21]: 2027
[17:07:21]: 2520
[17:07:22]: 2528
[17:07:22]: 2529
[17:07:22]: 2530
[17:07:23]: 2531
[17:07:23]: 2528
[17:07:23]: 2529
[17:07:24]: 2532
[17:07:24]: 2529
[17:07:24]: 2532
[17:07:25]: 2532
[17:07:25]: 2533
[17:07:25]: 2533
[17:07:26]: 2533
[17:07:26]: 2532
[17:07:26]: 2529
[17:07:26]: 2530
[17:07:27]: 2530
[17:07:27]: 2530
[17:07:27]: 2531
[17:07:28]: 2533
[17:07:28]: 2533
[17:07:28]: 2529
[17:07:29]: 2529
[17:07:29]: 2530
[17:07:29]: 2532
[17:07:30]: 2530
[17:07:30]: 2529
[17:07:30]: 2532
[17:07:31]: 2529
[17:07:31]: 2529
[17:07:31]: 2532
[17:07:32]: 2530
[17:07:32]: 2532
[17:07:32]: 2530
[17:07:32]: 2530
[17:07:33]: 2529
[17:07:33]: 2533
[17:07:33]: 2533
[17:07:34]: 2533
[17:07:34]: 2530
[17:07:34]: 2530
[17:07:35]: 2531
[17:07:35]: 2530
[17:07:35]: 2532
[17:07:36]: 2534
[17:07:36]: 2530
[17:07:36]: 2531
[17:07:37]: 2531
[17:07:37]: 2533
[17:07:37]: 2531
[17:07:38]: 2533
[17:07:38]: 2534
[17:07:38]: 2530
[17:07:39]: 2534
[17:07:39]: 2259
[17:07:39]: 2257
[17:07:40]: 2259
[17:07:40]: 2257
 Close valve LR4
[17:07:40]: W2 OH-
 Open valve LRW2
 Open valve V24
[17:07:40]: 2251
[17:07:41]: 1940
[17:07:41]: 1875
[17:07:41]: 1844
[17:07:42]: 1826
[17:07:42]: 1809
[17:07:42]: 1784
[17:07:42]: 1784
[17:07:43]: 1792
[17:07:43]: 1781
[17:07:43]: 1776
[17:07:44]: 1770
[17:07:44]: 1767
[17:07:44]: 1766
[17:07:45]: 1771
[17:07:45]: 1772
[17:07:45]: 1774
[17:07:46]: 1779
[17:07:46]: 1781
[17:07:46]: 1781
[17:07:47]: 1791
[17:07:47]: 1795
[17:07:47]: 1788
[17:07:47]: 1779
[17:07:48]: 1774
[17:07:48]: 1771
[17:07:48]: 1773
[17:07:49]: 1771
[17:07:49]: 1766
[17:07:49]: 1764
[17:07:50]: 1766
[17:07:50]: 1761
[17:07:50]: 1764
[17:07:51]: 1765
[17:07:51]: 1759
[17:07:51]: 1765
[17:07:51]: 1759
[17:07:52]: 1763
[17:07:52]: 1759
[17:07:52]: 1763
[17:07:53]: 1763
[17:07:53]: 1762
[17:07:53]: 1758
[17:07:54]: 1758
[17:07:54]: 1758
[17:07:54]: 1763
[17:07:55]: 1763
[17:07:55]: 1761
[17:07:55]: 1757
[17:07:56]: 1758
[17:07:56]: 1761
[17:07:56]: 1761
[17:07:57]: 1762
[17:07:57]: 1762
[17:07:57]: 1761
[17:07:57]: 1762
[17:07:58]: 1757
[17:07:58]: 1758
[17:07:58]: 1761
[17:07:59]: 1762
 Close valve V24
 Close valve LRW2
[17:07:59]: CIRCLE H+
 Open valve LR1
[17:07:59]: 1758
[17:08:00]: 2260
[17:08:00]: 2263
[17:08:00]: 2261
[17:08:01]: 2261
[17:08:01]: 2262
[17:08:01]: 2264
[17:08:02]: 2262
[17:08:02]: 2264
[17:08:02]: 2265
[17:08:02]: 2265
[17:08:03]: 2264
[17:08:03]: 2264
[17:08:03]: 2264
[17:08:04]: 2264
[17:08:04]: 2265
[17:08:04]: 2261
[17:08:05]: 2261
[17:08:05]: 2261
[17:08:05]: 2261
[17:08:06]: 2265
[17:08:06]: 2264
[17:08:06]: 2264
[17:08:07]: 2262
[17:08:07]: 2262
[17:08:07]: 2265
[17:08:08]: 2261
[17:08:08]: 2262
[17:08:08]: 2265
[17:08:08]: 2264
[17:08:09]: 2264
[17:08:09]: 2262
[17:08:09]: 2262
[17:08:10]: 2265
[17:08:10]: 2265
[17:08:10]: 2265
[17:08:11]: 2265
[17:08:11]: 2262
[17:08:11]: 2265
[17:08:12]: 2262
[17:08:12]: 2264
[17:08:12]: 2262
[17:08:12]: 2262
[17:08:13]: 2265
[17:08:13]: 2262
[17:08:13]: 2261
[17:08:14]: 2262
[17:08:14]: 2262
[17:08:14]: 2265
[17:08:15]: 2264
[17:08:15]: 2264
[17:08:15]: 2264
[17:08:16]: 2262
[17:08:16]: 2262
[17:08:16]: 2266
[17:08:17]: 2266
[17:08:17]: 2265
[17:08:17]: 2265
[17:08:18]: 2264
[17:08:18]: 2266
 Close valve LR1
[17:08:18]: W2 OH-
 Open valve LRW2
 Open valve V24
[17:08:18]: 2267
[17:08:19]: 1952
[17:08:19]: 1888
[17:08:19]: 1850
[17:08:20]: 1826
[17:08:20]: 1796
[17:08:20]: 1772
[17:08:20]: 1797
[17:08:21]: 1788
[17:08:21]: 1785
[17:08:21]: 1771
[17:08:22]: 1775
[17:08:22]: 1767
[17:08:22]: 1764
[17:08:23]: 1775
[17:08:23]: 1773
[17:08:23]: 1765
[17:08:24]: 1773
[17:08:24]: 1796
[17:08:24]: 1795
[17:08:25]: 1789
[17:08:25]: 1786
[17:08:25]: 1784
[17:08:26]: 1773
[17:08:26]: 1768
[17:08:26]: 1770
[17:08:26]: 1767
[17:08:27]: 1766
[17:08:27]: 1764
[17:08:27]: 1767
[17:08:28]: 1767
[17:08:28]: 1766
[17:08:28]: 1760
[17:08:29]: 1760
[17:08:29]: 1759
[17:08:29]: 1758
[17:08:30]: 1757
[17:08:30]: 1762
[17:08:30]: 1756
[17:08:31]: 1760
[17:08:31]: 1757
[17:08:31]: 1756
[17:08:32]: 1759
[17:08:32]: 1758
[17:08:32]: 1755
[17:08:33]: 1761
[17:08:33]: 1756
[17:08:33]: 1761
[17:08:34]: 1758
[17:08:34]: 1757
[17:08:34]: 1758
[17:08:35]: 1757
[17:08:35]: 1758
[17:08:35]: 1759
[17:08:36]: 1761
[17:08:36]: 1764
[17:08:36]: 1758
[17:08:37]: 1758
[17:08:37]: 1762
[17:08:38]: 1765
 Close valve V24
 Close valve LRW2
[17:08:38]: CROSS H+
 Open valve LR2
[17:08:38]: 1764
[17:08:38]: 2250
[17:08:39]: 2256
[17:08:39]: 2258
[17:08:39]: 2260
[17:08:40]: 2260
[17:08:40]: 2261
[17:08:40]: 2261
[17:08:41]: 2258
[17:08:41]: 2260
[17:08:41]: 2259
[17:08:42]: 2261
[17:08:42]: 2258
[17:08:42]: 2229
[17:08:43]: 2228
[17:08:43]: 2227
[17:08:43]: 2223
[17:08:44]: 2227
[17:08:44]: 2224
[17:08:44]: 2223
[17:08:45]: 2221
[17:08:45]: 2223
[17:08:45]: 2231
[17:08:46]: 2224
[17:08:46]: 2228
[17:08:46]: 2231
[17:08:47]: 2228
[17:08:47]: 2227
[17:08:47]: 2226
[17:08:47]: 2236
[17:08:48]: 2235
[17:08:48]: 2235
[17:08:48]: 2235
[17:08:49]: 2231
[17:08:49]: 2238
[17:08:49]: 2241
[17:08:50]: 2241
[17:08:50]: 2235
[17:08:50]: 2243
[17:08:51]: 2243
[17:08:51]: 2239
[17:08:51]: 2243
[17:08:52]: 2240
[17:08:52]: 2246
[17:08:52]: 2240
[17:08:52]: 2240
[17:08:53]: 2248
[17:08:53]: 2249
[17:08:53]: 2242
[17:08:54]: 2244
[17:08:54]: 2245
[17:08:54]: 2248
[17:08:55]: 2251
[17:08:55]: 2252
[17:08:55]: 2246
[17:08:56]: 2253
[17:08:56]: 2253
[17:08:56]: 2249
[17:08:57]: 2251
[17:08:57]: 2250
 Close valve LR2
[17:08:57]: W2 OH-
 Open valve LRW2
 Open valve V24
[17:08:57]: 2252
[17:08:58]: 1985
[17:08:58]: 2051
[17:08:58]: 2065
[17:08:59]: 2079
[17:08:59]: 2078
[17:08:59]: 2095
[17:09:00]: 2084
[17:09:00]: 2091
[17:09:00]: 2099
[17:09:00]: 2105
[17:09:01]: 2105
[17:09:01]: 2100
[17:09:01]: 2096
[17:09:02]: 2094
[17:09:02]: 2115
[17:09:02]: 2093
[17:09:03]: 2102
[17:09:03]: 2096
[17:09:03]: 2090
[17:09:04]: 2102
[17:09:04]: 2097
[17:09:04]: 2079
[17:09:05]: 2081
[17:09:05]: 2085
[17:09:05]: 2083
[17:09:06]: 2085
[17:09:06]: 2092
[17:09:06]: 2096
[17:09:07]: 2074
[17:09:07]: 2084
[17:09:07]: 2081
[17:09:08]: 2081
[17:09:08]: 2075
[17:09:08]: 2074
[17:09:08]: 2064
[17:09:09]: 2063
[17:09:09]: 2061
[17:09:09]: 2075
[17:09:10]: 2070
[17:09:10]: 2067
[17:09:10]: 2066
[17:09:11]: 2073
[17:09:11]: 2073
[17:09:11]: 2050
[17:09:12]: 2051
[17:09:12]: 2067
[17:09:12]: 2061
[17:09:13]: 2056
[17:09:13]: 2054
[17:09:13]: 2052
[17:09:13]: 2056
[17:09:14]: 2040
[17:09:14]: 2064
[17:09:14]: 2061
[17:09:15]: 2047
[17:09:15]: 2048
[17:09:15]: 2045
[17:09:16]: 2046
[17:09:16]: 2039
 Close valve V24
 Close valve LRW2
[17:09:16]: SQUARE H+
 Open valve LR3
[17:09:17]: 2043
[17:09:17]: 2202
[17:09:17]: 2215
[17:09:18]: 2229
[17:09:18]: 2223
[17:09:18]: 2225
[17:09:18]: 2227
[17:09:19]: 2228
[17:09:19]: 2227
[17:09:19]: 2233
[17:09:20]: 2234
[17:09:20]: 2226
[17:09:20]: 2228
[17:09:21]: 2236
[17:09:21]: 2234
[17:09:21]: 2232
[17:09:22]: 2233
[17:09:22]: 2228
[17:09:22]: 2228
[17:09:23]: 2238
[17:09:23]: 2233
[17:09:23]: 2236
[17:09:24]: 2234
[17:09:24]: 2238
[17:09:24]: 2235
[17:09:24]: 2234
[17:09:25]: 2234
[17:09:25]: 2243
[17:09:25]: 2237
[17:09:26]: 2239
[17:09:26]: 2239
[17:09:26]: 2242
[17:09:27]: 2246
[17:09:27]: 2249
[17:09:27]: 2241
[17:09:28]: 2242
[17:09:28]: 2244
[17:09:28]: 2250
[17:09:29]: 2250
[17:09:29]: 2252
[17:09:29]: 2254
[17:09:30]: 2249
[17:09:30]: 2247
[17:09:30]: 2249
[17:09:31]: 2258
[17:09:31]: 2254
[17:09:31]: 2256
[17:09:31]: 2260
[17:09:32]: 2255
[17:09:32]: 2256
[17:09:32]: 2266
[17:09:33]: 2260
[17:09:33]: 2262
[17:09:33]: 2263
[17:09:34]: 2262
[17:09:34]: 2262
[17:09:34]: 2270
[17:09:35]: 2263
[17:09:35]: 2265
[17:09:35]: 2266
 Close valve LR3
[17:09:35]: W2 OH-
 Open valve LRW2
 Open valve V24
[17:09:36]: 2255
[17:09:36]: 1986
[17:09:36]: 2047
[17:09:37]: 2086
[17:09:37]: 2109
[17:09:37]: 2115
[17:09:38]: 2111
[17:09:38]: 2113
[17:09:38]: 2132
[17:09:39]: 2133
[17:09:39]: 2126
[17:09:39]: 2118
[17:09:40]: 2124
[17:09:40]: 2118
[17:09:40]: 2127
[17:09:40]: 2131
[17:09:41]: 2129
[17:09:41]: 2112
[17:09:41]: 2123
[17:09:42]: 2118
[17:09:42]: 2115
[17:09:42]: 2107
[17:09:43]: 2100
[17:09:43]: 2113
[17:09:43]: 2112
[17:09:44]: 2088
[17:09:44]: 2105
[17:09:44]: 2101
[17:09:45]: 2106
[17:09:45]: 2113
[17:09:45]: 2095
[17:09:46]: 2112
[17:09:46]: 2089
[17:09:46]: 2095
[17:09:47]: 2097
[17:09:47]: 2088
[17:09:47]: 2093
[17:09:47]: 2090
[17:09:48]: 2078
[17:09:48]: 2077
[17:09:48]: 2074
[17:09:49]: 2086
[17:09:49]: 2080
[17:09:49]: 2077
[17:09:50]: 2077
[17:09:50]: 2067
[17:09:50]: 2062
[17:09:51]: 2081
[17:09:51]: 2064
[17:09:51]: 2068
[17:09:52]: 2065
[17:09:52]: 2058
[17:09:52]: 2053
[17:09:53]: 2072
[17:09:53]: 2062
[17:09:53]: 2060
[17:09:54]: 2060
[17:09:54]: 2063
[17:09:54]: 2048
[17:09:55]: 2066
 Close valve V24
 Close valve LRW2
[17:09:55]: PLUS H+
 Open valve LR4
[17:09:55]: 2069
[17:09:55]: 2217
[17:09:56]: 2225
[17:09:56]: 2232
[17:09:56]: 2232
[17:09:57]: 2233
[17:09:57]: 2236
[17:09:57]: 2230
[17:09:58]: 2229
[17:09:58]: 2232
[17:09:58]: 2233
[17:09:59]: 2232
[17:09:59]: 2231
[17:09:59]: 2231
[17:10:00]: 2242
[17:10:00]: 2238
[17:10:00]: 2240
[17:10:01]: 2175
[17:10:01]: 2182
[17:10:01]: 2180
[17:10:02]: 2181
[17:10:02]: 2179
[17:10:02]: 2178
[17:10:03]: 2176
[17:10:03]: 2175
[17:10:03]: 2175
[17:10:03]: 2182
[17:10:04]: 2180
[17:10:04]: 2178
[17:10:04]: 2179
[17:10:05]: 2178
[17:10:05]: 2179
[17:10:05]: 2178
[17:10:06]: 2182
[17:10:06]: 2182
[17:10:06]: 2180
[17:10:07]: 2177
[17:10:07]: 2178
[17:10:07]: 2179
[17:10:08]: 2177
[17:10:08]: 2175
[17:10:08]: 2175
[17:10:09]: 2182
[17:10:09]: 2178
[17:10:09]: 2178
[17:10:09]: 2179
[17:10:10]: 2179
[17:10:10]: 2178
[17:10:10]: 2181
[17:10:11]: 2182
[17:10:11]: 2182
[17:10:11]: 2176
[17:10:12]: 2175
[17:10:12]: 2181
[17:10:12]: 2178
[17:10:13]: 2179
[17:10:13]: 2181
[17:10:13]: 2182
[17:10:14]: 2176
[17:10:14]: 2179
 Close valve LR4
[17:10:14]: W2 OH-
 Open valve LRW2
 Open valve V24
[17:10:14]: 2177
[17:10:15]: 2194
[17:10:15]: 2282
[17:10:15]: 2441
[17:10:16]: 2550
[17:10:16]: 2895
[17:10:16]: 2944
[17:10:17]: 2871
[17:10:17]: 3220
[17:10:17]: 3312
[17:10:18]: 3504
[17:10:18]: 3457
[17:10:18]: 3484
[17:10:19]: 3478
[17:10:19]: 3427
[17:10:19]: 3520
[17:10:20]: 3309
[17:10:20]: 3223
[17:10:20]: 3271
[17:10:21]: 3336
[17:10:21]: 3380
[17:10:21]: 3402
[17:10:22]: 3419
[17:10:22]: 3469
[17:10:22]: 3556
[17:10:23]: 3540
[17:10:23]: 3554
[17:10:23]: 3569
[17:10:23]: 3547
[17:10:24]: 3571
[17:10:24]: 3647
[17:10:24]: 3580
[17:10:25]: 3547
[17:10:25]: 3569
[17:10:25]: 3665
[17:10:26]: 3631
[17:10:26]: 3633
[17:10:26]: 3672
[17:10:27]: 3643
[17:10:27]: 3737
[17:10:27]: 3726
[17:10:28]: 3736
[17:10:28]: 3655
[17:10:28]: 3703
[17:10:29]: 3682
[17:10:29]: 3652
[17:10:29]: 3736
[17:10:29]: 3774
[17:10:30]: 3757
[17:10:30]: 3634
[17:10:30]: 3742
[17:10:31]: 3734
[17:10:31]: 3721
[17:10:31]: 3715
[17:10:32]: 3723
[17:10:32]: 3646
[17:10:32]: 3700
[17:10:33]: 3713
[17:10:33]: 3746
[17:10:33]: 3781
 Close valve V24
 Close valve LRW2
[17:10:34]: CIRCLE H+
 Open valve LR1
[17:10:34]: 3827
[17:10:34]: 2166
[17:10:35]: 2154
[17:10:35]: 2155
[17:10:35]: 2156
[17:10:35]: 2157
[17:10:36]: 2166
[17:10:36]: 2172
[17:10:36]: 2176
[17:10:37]: 2177
[17:10:37]: 2182
[17:10:37]: 2179
[17:10:38]: 2181
[17:10:38]: 2184
[17:10:38]: 2180
[17:10:39]: 2182
[17:10:39]: 2183
[17:10:39]: 2184
[17:10:40]: 2183
[17:10:40]: 2185
[17:10:40]: 2179
[17:10:41]: 2181
[17:10:41]: 2182
[17:10:41]: 2182
[17:10:41]: 2183
[17:10:42]: 2184
[17:10:42]: 2179
[17:10:42]: 2184
[17:10:43]: 2185
[17:10:43]: 2179
[17:10:43]: 2185
[17:10:44]: 2185
[17:10:44]: 2182
[17:10:44]: 2182
[17:10:45]: 2182
[17:10:45]: 2181
[17:10:45]: 2179
[17:10:45]: 2180
[17:10:46]: 2185
[17:10:46]: 2184
[17:10:46]: 2185
[17:10:47]: 2182
[17:10:47]: 2182
[17:10:47]: 2182
[17:10:48]: 2179
[17:10:48]: 2185
[17:10:48]: 2179
[17:10:49]: 2185
[17:10:49]: 2183
[17:10:49]: 2181
[17:10:50]: 2182
[17:10:50]: 2181
[17:10:50]: 2183
[17:10:51]: 2182
[17:10:51]: 2186
[17:10:51]: 2179
[17:10:51]: 2180
[17:10:52]: 2182
[17:10:52]: 2182
[17:10:52]: 2182
 Close valve LR1
[17:10:52]: W2 OH-
 Open valve LRW2
 Open valve V24
[17:10:53]: 2181
[17:10:53]: 2182
[17:10:54]: 2243
[17:10:54]: 2340
[17:10:54]: 2491
[17:10:55]: 2575
[17:10:55]: 2953
[17:10:55]: 3019
[17:10:55]: 2920
[17:10:56]: 3039
[17:10:56]: 3323
[17:10:56]: 3376
[17:10:57]: 3446
[17:10:57]: 3503
[17:10:57]: 3529
[17:10:58]: 3488
[17:10:58]: 3320
[17:10:58]: 3055
[17:10:59]: 3157
[17:10:59]: 3292
[17:10:59]: 3450
[17:11:00]: 3498
[17:11:00]: 3413
[17:11:00]: 3464
[17:11:00]: 3398
[17:11:01]: 3460
[17:11:01]: 3451
[17:11:01]: 3424
[17:11:02]: 3406
[17:11:02]: 3377
[17:11:02]: 3485
[17:11:03]: 3473
[17:11:03]: 3523
[17:11:03]: 3504
[17:11:04]: 3535
[17:11:04]: 3618
[17:11:04]: 3682
[17:11:05]: 3558
[17:11:05]: 3578
[17:11:05]: 3622
[17:11:05]: 3612
[17:11:06]: 3633
[17:11:06]: 3658
[17:11:06]: 3669
[17:11:07]: 3633
[17:11:07]: 3741
[17:11:07]: 3613
[17:11:08]: 3645
[17:11:08]: 3688
[17:11:08]: 3668
[17:11:09]: 3731
[17:11:09]: 3658
[17:11:09]: 3632
[17:11:10]: 3629
[17:11:10]: 3633
[17:11:10]: 3714
[17:11:11]: 3743
[17:11:11]: 3705
[17:11:11]: 3656
[17:11:11]: 3725
 Close valve V24
 Close valve LRW2
[17:11:12]: CROSS H+
 Open valve LR2
[17:11:12]: 3735
[17:11:12]: 2167
[17:11:13]: 2151
[17:11:13]: 2154
[17:11:13]: 2152
[17:11:14]: 2152
[17:11:14]: 2160
[17:11:14]: 2171
[17:11:14]: 2175
[17:11:15]: 2175
[17:11:15]: 2177
[17:11:15]: 2177
[17:11:16]: 2178
[17:11:16]: 2180
[17:11:16]: 2175
[17:11:17]: 2174
[17:11:17]: 2175
[17:11:17]: 2180
[17:11:18]: 2176
[17:11:18]: 2177
[17:11:18]: 2177
[17:11:18]: 2177
[17:11:19]: 2175
[17:11:19]: 2180
[17:11:19]: 2174
[17:11:20]: 2174
[17:11:20]: 2176
[17:11:20]: 2179
[17:11:21]: 2177
[17:11:21]: 2177
[17:11:21]: 2177
[17:11:22]: 2178
[17:11:22]: 2174
[17:11:22]: 2181
[17:11:22]: 2180
[17:11:23]: 2175
[17:11:23]: 2179
[17:11:23]: 2177
[17:11:24]: 2177
[17:11:24]: 2178
[17:11:24]: 2176
[17:11:25]: 2174
[17:11:25]: 2180
[17:11:25]: 2178
[17:11:26]: 2177
[17:11:26]: 2177
[17:11:26]: 2178
[17:11:27]: 2180
[17:11:27]: 2175
[17:11:27]: 2179
[17:11:28]: 2175
[17:11:28]: 2177
[17:11:28]: 2178
[17:11:29]: 2179
[17:11:29]: 2180
[17:11:29]: 2180
[17:11:30]: 2177
[17:11:30]: 2178
[17:11:30]: 2177
[17:11:31]: 2181
 Close valve LR2
[17:11:31]: W2 OH-
 Open valve LRW2
 Open valve V24
[17:11:31]: 2179
[17:11:31]: 2185
[17:11:32]: 2273
[17:11:32]: 2410
[17:11:32]: 2506
[17:11:33]: 2796
[17:11:33]: 2933
[17:11:33]: 2892
[17:11:34]: 2885
[17:11:34]: 2967
[17:11:34]: 3208
[17:11:34]: 3290
[17:11:35]: 3440
[17:11:35]: 3501
[17:11:35]: 3508
[17:11:36]: 3503
[17:11:36]: 3382
[17:11:36]: 3296
[17:11:37]: 3251
[17:11:37]: 3375
[17:11:37]: 3433
[17:11:38]: 3451
[17:11:38]: 3396
[17:11:38]: 3505
[17:11:39]: 3482
[17:11:39]: 3509
[17:11:39]: 3558
[17:11:39]: 3566
[17:11:40]: 3504
[17:11:40]: 3505
[17:11:40]: 3631
[17:11:41]: 3509
[17:11:41]: 3512
[17:11:41]: 3559
[17:11:42]: 3584
[17:11:42]: 3633
[17:11:42]: 3530
[17:11:43]: 3521
[17:11:43]: 3660
[17:11:43]: 3569
[17:11:44]: 3562
[17:11:44]: 3629
[17:11:44]: 3663
[17:11:45]: 3601
[17:11:45]: 3625
[17:11:45]: 3667
[17:11:46]: 3644
[17:11:46]: 3663
[17:11:46]: 3671
[17:11:46]: 3666
[17:11:47]: 3651
[17:11:47]: 3626
[17:11:47]: 3754
[17:11:48]: 3617
[17:11:48]: 3656
[17:11:48]: 3705
[17:11:49]: 3702
[17:11:49]: 3718
[17:11:49]: 3716
[17:11:50]: 3767
 Close valve V24
 Close valve LRW2
[17:11:50]: SQUARE H+
 Open valve LR3
[17:11:50]: 3710
[17:11:50]: 2170
[17:11:51]: 2159
[17:11:51]: 2154
[17:11:51]: 2161
[17:11:52]: 2160
[17:11:52]: 2168
[17:11:52]: 2170
[17:11:53]: 2177
[17:11:53]: 2177
[17:11:53]: 2184
[17:11:54]: 2184
[17:11:54]: 2181
[17:11:54]: 2181
[17:11:55]: 2181
[17:11:55]: 2183
[17:11:55]: 2179
[17:11:56]: 2184
[17:11:56]: 2185
[17:11:56]: 2184
[17:11:56]: 2185
[17:11:57]: 2182
[17:11:57]: 2181
[17:11:57]: 2181
[17:11:58]: 2180
[17:11:58]: 2179
[17:11:58]: 2184
[17:11:59]: 2179
[17:11:59]: 2183
[17:11:59]: 2180
[17:12:00]: 2181
[17:12:00]: 2182
[17:12:00]: 2179
[17:12:01]: 2179
[17:12:01]: 2178
[17:12:01]: 2185
[17:12:02]: 2178
[17:12:02]: 2182
[17:12:02]: 2181
[17:12:03]: 2182
[17:12:03]: 2184
[17:12:03]: 2185
[17:12:03]: 2178
[17:12:04]: 2183
[17:12:04]: 2180
[17:12:04]: 2181
[17:12:05]: 2183
[17:12:05]: 2178
[17:12:05]: 2179
[17:12:06]: 2182
[17:12:06]: 2181
[17:12:06]: 2181
[17:12:07]: 2180
[17:12:07]: 2179
[17:12:07]: 2185
[17:12:08]: 2185
[17:12:08]: 2184
[17:12:08]: 2180
[17:12:09]: 2181
[17:12:09]: 2181
 Close valve LR3
[17:12:09]: W2 OH-
 Open valve LRW2
 Open valve V24
[17:12:09]: 2180
[17:12:10]: 2179
[17:12:10]: 2221
[17:12:10]: 2396
[17:12:11]: 2545
[17:12:11]: 2805
[17:12:11]: 2979
[17:12:12]: 2958
[17:12:12]: 2916
[17:12:12]: 2957
[17:12:13]: 3146
[17:12:13]: 3486
[17:12:13]: 3479
[17:12:14]: 3360
[17:12:14]: 3736
[17:12:14]: 3498
[17:12:15]: 3445
[17:12:15]: 3191
[17:12:15]: 3406
[17:12:15]: 3068
[17:12:16]: 2978
[17:12:16]: 3111
[17:12:16]: 3383
[17:12:17]: 3330
[17:12:17]: 3692
[17:12:17]: 3659
[17:12:18]: 3471
[17:12:18]: 3563
[17:12:18]: 3620
[17:12:19]: 3842
[17:12:19]: 3711
[17:12:19]: 3769
[17:12:20]: 3728
[17:12:20]: 3713
[17:12:20]: 3701
[17:12:21]: 3705
[17:12:21]: 3819
[17:12:21]: 3789
[17:12:21]: 3700
[17:12:22]: 3763
[17:12:22]: 3734
[17:12:22]: 3686
[17:12:23]: 3734
[17:12:23]: 3749
[17:12:23]: 3648
[17:12:24]: 3660
[17:12:24]: 3656
[17:12:24]: 3747
[17:12:25]: 3717
[17:12:25]: 3695
[17:12:25]: 3732
[17:12:26]: 3702
[17:12:26]: 3703
[17:12:26]: 3785
[17:12:26]: 3808
[17:12:27]: 3782
[17:12:27]: 3688
[17:12:27]: 3773
[17:12:28]: 3772
[17:12:28]: 3752
 Close valve V24
 Close valve LRW2
[17:12:28]: PLUS H+
 Open valve LR4
[17:12:29]: 3748
[17:12:29]: 2157
[17:12:29]: 2153
[17:12:30]: 2155
[17:12:30]: 2159
[17:12:30]: 2163
[17:12:31]: 2168
[17:12:31]: 2168
[17:12:31]: 2174
[17:12:31]: 2178
[17:12:32]: 2179
[17:12:32]: 2181
[17:12:32]: 2177
[17:12:33]: 2176
[17:12:33]: 2176
[17:12:33]: 2178
[17:12:34]: 2179
[17:12:34]: 2180
[17:12:34]: 2180
[17:12:35]: 2180
[17:12:35]: 2176
[17:12:35]: 2183
[17:12:36]: 2176
[17:12:36]: 2181
[17:12:36]: 2178
[17:12:37]: 2181
[17:12:37]: 2179
[17:12:37]: 2179
[17:12:37]: 2181
[17:12:38]: 2182
[17:12:38]: 2183
[17:12:38]: 2176
[17:12:39]: 2177
[17:12:39]: 2179
[17:12:39]: 2179
[17:12:40]: 2179
[17:12:40]: 2180
[17:12:40]: 2181
[17:12:41]: 2183
[17:12:41]: 2183
[17:12:41]: 2182
[17:12:42]: 2182
[17:12:42]: 2179
[17:12:42]: 2180
[17:12:42]: 2179
[17:12:43]: 2181
[17:12:43]: 2178
[17:12:43]: 2176
[17:12:44]: 2176
[17:12:44]: 2178
[17:12:44]: 2181
[17:12:45]: 2180
[17:12:45]: 2180
[17:12:45]: 2180
[17:12:46]: 2179
[17:12:46]: 2177
[17:12:46]: 2183
[17:12:47]: 2176
[17:12:47]: 2179
[17:12:47]: 2180
 Close valve LR4
[17:12:47]: W2 OH-
 Open valve LRW2
 Open valve V24
[17:12:48]: 2173
[17:12:48]: 2181
[17:12:48]: 2249
[17:12:49]: 2362
[17:12:49]: 2559
[17:12:49]: 2659
[17:12:50]: 3031
[17:12:50]: 2895
[17:12:50]: 2834
[17:12:51]: 2853
[17:12:51]: 3328
[17:12:51]: 3333
[17:12:52]: 3423
[17:12:52]: 3510
[17:12:52]: 3420
[17:12:52]: 3397
[17:12:53]: 3336
[17:12:53]: 3113
[17:12:53]: 3339
[17:12:54]: 3291
[17:12:54]: 3329
[17:12:54]: 3359
[17:12:55]: 3511
[17:12:55]: 3414
[17:12:55]: 3430
[17:12:56]: 3440
[17:12:56]: 3492
[17:12:56]: 3532
[17:12:57]: 3534
[17:12:57]: 3521
[17:12:57]: 3527
[17:12:58]: 3532
[17:12:58]: 3619
[17:12:58]: 3638
[17:12:58]: 3589
[17:12:59]: 3585
[17:12:59]: 3566
[17:12:59]: 3682
[17:13:00]: 3653
[17:13:00]: 3614
[17:13:00]: 3650
[17:13:01]: 3705
[17:13:01]: 3603
[17:13:01]: 3590
[17:13:02]: 3688
[17:13:02]: 3668
[17:13:02]: 3667
[17:13:03]: 3653
[17:13:03]: 3631
[17:13:03]: 3642
[17:13:04]: 3690
[17:13:04]: 3733
[17:13:04]: 3702
[17:13:05]: 3711
[17:13:05]: 3762
[17:13:05]: 3796
[17:13:06]: 3794
[17:13:06]: 3740
[17:13:06]: 3764
[17:13:07]: 3712
 Close valve V24
 Close valve LRW2
[17:13:07]: CIRCLE H+
 Open valve LR1
[17:13:07]: 3749
[17:13:07]: 2163
[17:13:08]: 2159
[17:13:08]: 2157
[17:13:08]: 2156
[17:13:09]: 2158
[17:13:09]: 2166
[17:13:09]: 2175
[17:13:10]: 2177
[17:13:10]: 2181
[17:13:10]: 2183
[17:13:11]: 2180
[17:13:11]: 2180
[17:13:11]: 2181
[17:13:12]: 2180
[17:13:12]: 2184
[17:13:12]: 2185
[17:13:13]: 2186
[17:13:13]: 2186
[17:13:13]: 2181
[17:13:14]: 2183
[17:13:14]: 2183
[17:13:14]: 2182
[17:13:15]: 2183
[17:13:15]: 2186
[17:13:15]: 2185
[17:13:16]: 2181
[17:13:16]: 2182
[17:13:16]: 2183
[17:13:17]: 2182
[17:13:17]: 2180
[17:13:17]: 2180
[17:13:18]: 2182
[17:13:18]: 2193
[17:13:18]: 2186
[17:13:19]: 2187
[17:13:19]: 2188
[17:13:19]: 2189
[17:13:20]: 2185
[17:13:20]: 2186
[17:13:20]: 2187
[17:13:21]: 2189
[17:13:21]: 2190
[17:13:21]: 2192
[17:13:22]: 2189
[17:13:22]: 2189
[17:13:22]: 2192
[17:13:23]: 2191
[17:13:23]: 2192
[17:13:23]: 2193
[17:13:24]: 2193
[17:13:24]: 2189
[17:13:24]: 2196
[17:13:24]: 2190
[17:13:25]: 2195
[17:13:25]: 2194
[17:13:25]: 2194
[17:13:26]: 2194
[17:13:26]: 2198
[17:13:26]: 2193
 Close valve LR1
[17:13:26]: W2 OH-
 Open valve LRW2
 Open valve V24
[17:13:27]: 2192
[17:13:27]: 2158
[17:13:27]: 2191
[17:13:28]: 2262
[17:13:28]: 2359
[17:13:28]: 2649
[17:13:29]: 2778
[17:13:29]: 2710
[17:13:29]: 2696
[17:13:30]: 2876
[17:13:30]: 3147
[17:13:30]: 3141
[17:13:31]: 3212
[17:13:31]: 3287
[17:13:31]: 3263
[17:13:32]: 3218
[17:13:32]: 3187
[17:13:32]: 2966
[17:13:33]: 3068
[17:13:33]: 3161
[17:13:33]: 3143
[17:13:33]: 3162
[17:13:34]: 3162
[17:13:34]: 3122
[17:13:34]: 3162
[17:13:35]: 3083
[17:13:35]: 3074
[17:13:35]: 3104
[17:13:36]: 3203
[17:13:36]: 3203
[17:13:36]: 3256
[17:13:37]: 3280
[17:13:37]: 3241
[17:13:37]: 3368
[17:13:38]: 3416
[17:13:38]: 3317
[17:13:38]: 3378
[17:13:39]: 3390
[17:13:39]: 3383
[17:13:39]: 3401
[17:13:39]: 3400
[17:13:40]: 3364
[17:13:40]: 3365
[17:13:40]: 3382
[17:13:41]: 3438
[17:13:41]: 3451
[17:13:41]: 3424
[17:13:42]: 3402
[17:13:42]: 3391
[17:13:42]: 3539
[17:13:43]: 3509
[17:13:43]: 3486
[17:13:43]: 3496
[17:13:44]: 3477
[17:13:44]: 3527
[17:13:44]: 3561
[17:13:45]: 3549
[17:13:45]: 3523
[17:13:45]: 3494
[17:13:46]: 3517
 Close valve V24
 Close valve LRW2
[17:13:46]: CROSS H+
 Open valve LR2
[17:13:46]: 3565
[17:13:46]: 2182
[17:13:47]: 2165
[17:13:47]: 2166
[17:13:47]: 2167
[17:13:48]: 2165
[17:13:48]: 2169
[17:13:48]: 2181
[17:13:49]: 2185
[17:13:49]: 2188
[17:13:49]: 2188
[17:13:50]: 2190
[17:13:50]: 2192
[17:13:50]: 2193
[17:13:51]: 2187
[17:13:51]: 2192
[17:13:51]: 2189
[17:13:52]: 2190
[17:13:52]: 2190
[17:13:52]: 2190
[17:13:53]: 2189
[17:13:53]: 2192
[17:13:53]: 2188
[17:13:54]: 2191
[17:13:54]: 2187
[17:13:54]: 2187
[17:13:55]: 2192
[17:13:55]: 2187
[17:13:55]: 2189
[17:13:55]: 2190
[17:13:56]: 2189
[17:13:56]: 2191
[17:13:56]: 2192
[17:13:57]: 2186
[17:13:57]: 2192
[17:13:57]: 2187
[17:13:58]: 2189
[17:13:58]: 2190
[17:13:58]: 2189
[17:13:59]: 2187
[17:13:59]: 2186
[17:13:59]: 2193
[17:14:00]: 2187
[17:14:00]: 2190
[17:14:00]: 2189
[17:14:01]: 2190
[17:14:01]: 2191
[17:14:01]: 2192
[17:14:01]: 2187
[17:14:02]: 2187
[17:14:02]: 2188
[17:14:02]: 2191
[17:14:03]: 2190
[17:14:03]: 2191
[17:14:03]: 2189
[17:14:04]: 2188
[17:14:04]: 2187
[17:14:04]: 2193
[17:14:05]: 2193
[17:14:05]: 2190
 Close valve LR2
[17:14:05]: W2 OH-
 Open valve LRW2
 Open valve V24
[17:14:05]: 2186
[17:14:06]: 2174
[17:14:06]: 2217
[17:14:06]: 2314
[17:14:07]: 2429
[17:14:07]: 2618
[17:14:07]: 2728
[17:14:08]: 2837
[17:14:08]: 2828
[17:14:08]: 3023
[17:14:09]: 3203
[17:14:09]: 3205
[17:14:09]: 3324
[17:14:10]: 3312
[17:14:10]: 3182
[17:14:10]: 3207
[17:14:11]: 3156
[17:14:11]: 2907
[17:14:11]: 3020
[17:14:11]: 2978
[17:14:12]: 2859
[17:14:12]: 2816
[17:14:12]: 2982
[17:14:13]: 2997
[17:14:13]: 3081
[17:14:13]: 3227
[17:14:14]: 3196
[17:14:14]: 3170
[17:14:14]: 3243
[17:14:15]: 3320
[17:14:15]: 3346
[17:14:15]: 3278
[17:14:16]: 3395
[17:14:16]: 3378
[17:14:16]: 3384
[17:14:16]: 3391
[17:14:17]: 3415
[17:14:17]: 3416
[17:14:17]: 3413
[17:14:18]: 3385
[17:14:18]: 3419
[17:14:18]: 3470
[17:14:19]: 3479
[17:14:19]: 3454
[17:14:19]: 3428
[17:14:20]: 3419
[17:14:20]: 3427
[17:14:20]: 3474
[17:14:21]: 3474
[17:14:21]: 3499
[17:14:21]: 3546
[17:14:22]: 3499
[17:14:22]: 3440
[17:14:22]: 3460
[17:14:23]: 3545
[17:14:23]: 3513
[17:14:23]: 3498
[17:14:24]: 3546
[17:14:24]: 3560
[17:14:24]: 3601
 Close valve V24
 Close valve LRW2
[17:14:24]: SQUARE H+
 Open valve LR3
[17:14:25]: 3563
[17:14:25]: 2177
[17:14:25]: 2166
[17:14:26]: 2168
[17:14:26]: 2168
[17:14:26]: 2167
[17:14:26]: 2175
[17:14:27]: 2175
[17:14:27]: 2180
[17:14:27]: 2188
[17:14:28]: 2190
[17:14:28]: 2194
[17:14:28]: 2190
[17:14:29]: 2196
[17:14:29]: 2194
[17:14:29]: 2192
[17:14:30]: 2191
[17:14:30]: 2193
[17:14:30]: 2194
[17:14:31]: 2190
[17:14:31]: 2190
[17:14:31]: 2196
[17:14:32]: 2190
[17:14:32]: 2193
[17:14:32]: 2192
[17:14:33]: 2193
[17:14:33]: 2195
[17:14:33]: 2196
[17:14:34]: 2196
[17:14:34]: 2192
[17:14:34]: 2193
[17:14:34]: 2193
[17:14:35]: 2193
[17:14:35]: 2192
[17:14:35]: 2190
[17:14:36]: 2195
[17:14:36]: 2194
[17:14:37]: 2193
[17:14:37]: 2190
[17:14:37]: 2197
[17:14:37]: 2190
[17:14:38]: 2194
[17:14:38]: 2192
[17:14:38]: 2194
[17:14:39]: 2193
[17:14:39]: 2194
[17:14:39]: 2195
[17:14:40]: 2191
[17:14:40]: 2192
[17:14:40]: 2195
[17:14:41]: 2194
[17:14:41]: 2194
[17:14:41]: 2195
[17:14:42]: 2194
[17:14:42]: 2191
[17:14:42]: 2191
[17:14:43]: 2197
[17:14:43]: 2196
[17:14:43]: 2195
[17:14:43]: 2196
 Close valve LR3
[17:14:44]: W2 OH-
 Open valve LRW2
 Open valve V24
[17:14:44]: 2193
[17:14:44]: 2163
[17:14:45]: 2214
[17:14:45]: 2291
[17:14:45]: 2396
[17:14:46]: 2474
[17:14:46]: 2747
[17:14:46]: 2772
[17:14:47]: 2733
[17:14:47]: 2756
[17:14:47]: 3067
[17:14:47]: 3035
[17:14:48]: 3250
[17:14:48]: 3180
[17:14:48]: 3121
[17:14:49]: 3315
[17:14:49]: 3021
[17:14:49]: 2857
[17:14:50]: 2975
[17:14:50]: 3102
[17:14:50]: 3113
[17:14:51]: 3116
[17:14:51]: 3067
[17:14:51]: 3109
[17:14:52]: 3252
[17:14:52]: 3258
[17:14:52]: 3204
[17:14:53]: 3256
[17:14:53]: 3320
[17:14:53]: 3323
[17:14:54]: 3307
[17:14:54]: 3285
[17:14:54]: 3382
[17:14:55]: 3328
[17:14:55]: 3351
[17:14:55]: 3364
[17:14:56]: 3391
[17:14:56]: 3405
[17:14:56]: 3393
[17:14:57]: 3420
[17:14:57]: 3341
[17:14:57]: 3520
[17:14:57]: 3375
[17:14:58]: 3447
[17:14:58]: 3433
[17:14:58]: 3469
[17:14:59]: 3465
[17:14:59]: 3419
[17:14:59]: 3424
[17:15:00]: 3494
[17:15:00]: 3442
[17:15:00]: 3493
[17:15:01]: 3506
[17:15:01]: 3479
[17:15:01]: 3456
[17:15:02]: 3479
[17:15:02]: 3454
[17:15:02]: 3540
[17:15:03]: 3523
[17:15:03]: 3494
 Close valve V24
 Close valve LRW2
[17:15:03]: PLUS H+
 Open valve LR4
[17:15:03]: 3464
[17:15:04]: 2174
[17:15:04]: 2168
[17:15:04]: 2165
[17:15:05]: 2169
[17:15:05]: 2169
[17:15:05]: 2172
[17:15:06]: 2179
[17:15:06]: 2184
[17:15:06]: 2189
[17:15:07]: 2186
[17:15:07]: 2193
[17:15:07]: 2192
[17:15:07]: 2192
[17:15:08]: 2189
[17:15:08]: 2189
[17:15:08]: 2195
[17:15:09]: 2194
[17:15:09]: 2192
[17:15:09]: 2191
[17:15:10]: 2193
[17:15:10]: 2194
[17:15:10]: 2190
[17:15:11]: 2189
[17:15:11]: 2189
[17:15:11]: 2194
[17:15:12]: 2191
[17:15:12]: 2191
[17:15:12]: 2192
[17:15:13]: 2192
[17:15:13]: 2194
[17:15:13]: 2194
[17:15:14]: 2193
[17:15:14]: 2192
[17:15:14]: 2191
[17:15:15]: 2191
[17:15:15]: 2192
[17:15:15]: 2189
[17:15:15]: 2193
[17:15:16]: 2194
[17:15:16]: 2194
[17:15:16]: 2187
[17:15:17]: 2443
[17:15:17]: 2597
[17:15:17]: 2664
[17:15:18]: 2764
[17:15:18]: 2837
[17:15:18]: 2897
[17:15:19]: 2942
[17:15:19]: 2988
[17:15:19]: 3029
[17:15:20]: 3058
[17:15:20]: 3096
[17:15:20]: 3125
[17:15:21]: 3146
[17:15:21]: 3170
[17:15:21]: 3193
[17:15:21]: 3215
[17:15:22]: 3238
[17:15:22]: 3256
 Close valve LR4
[17:15:22]: W2 OH-
 Open valve LRW2
 Open valve V24
[17:15:23]: 3278
[17:15:23]: 2114
[17:15:23]: 2184
[17:15:24]: 2210
[17:15:24]: 2258
[17:15:24]: 2314
[17:15:25]: 2253
[17:15:25]: 2311
[17:15:25]: 2415
[17:15:25]: 2866
[17:15:26]: 3192
[17:15:26]: 3282
[17:15:26]: 3322
[17:15:27]: 3352
[17:15:27]: 3365
[17:15:27]: 3391
[17:15:28]: 3418
[17:15:28]: 3418
[17:15:28]: 3467
[17:15:29]: 3510
[17:15:29]: 3532
[17:15:29]: 3536
[17:15:30]: 3454
[17:15:30]: 3517
[17:15:30]: 3533
[17:15:31]: 3574
[17:15:31]: 3617
[17:15:31]: 3417
[17:15:32]: 3589
[17:15:32]: 3501
[17:15:32]: 3579
[17:15:32]: 3550
[17:15:33]: 3570
[17:15:33]: 3573
[17:15:33]: 3571
[17:15:34]: 3660
[17:15:34]: 3656
[17:15:34]: 3634
[17:15:35]: 3632
[17:15:35]: 3615
[17:15:35]: 3590
[17:15:36]: 3567
[17:15:36]: 3579
[17:15:36]: 3701
[17:15:37]: 3682
[17:15:37]: 3650
[17:15:37]: 3650
[17:15:38]: 3628
[17:15:38]: 3615
[17:15:38]: 3630
[17:15:39]: 3738
[17:15:39]: 3708
[17:15:39]: 3705
[17:15:40]: 3713
[17:15:40]: 3728
[17:15:40]: 3697
[17:15:41]: 3666
[17:15:41]: 3769
[17:15:41]: 3747
[17:15:42]: 3750
 Close valve V24
 Close valve LRW2
[17:15:42]: CIRCLE H+
 Open valve LR1
[17:15:42]: 3770
[17:15:42]: 2396
[17:15:43]: 2398
[17:15:43]: 2397
[17:15:43]: 2350
[17:15:44]: 2349
[17:15:44]: 2401
[17:15:44]: 2409
[17:15:45]: 2354
[17:15:45]: 2387
[17:15:45]: 2373
[17:15:45]: 2382
[17:15:46]: 2408
[17:15:46]: 2392
[17:15:46]: 2415
[17:15:47]: 2428
[17:15:47]: 2423
[17:15:47]: 2382
[17:15:48]: 2390
[17:15:48]: 2410
[17:15:48]: 2392
[17:15:49]: 2379
[17:15:49]: 2416
[17:15:49]: 2395
[17:15:50]: 2390
[17:15:50]: 2404
[17:15:50]: 2418
[17:15:51]: 2396
[17:15:51]: 2386
[17:15:51]: 2446
[17:15:52]: 2388
[17:15:52]: 2411
[17:15:52]: 2432
[17:15:53]: 2406
[17:15:53]: 2432
[17:15:53]: 2414
[17:15:53]: 2427
[17:15:54]: 2399
[17:15:54]: 2450
[17:15:54]: 2410
[17:15:55]: 2411
[17:15:55]: 2457
[17:15:55]: 2453
[17:15:56]: 2430
[17:15:56]: 2411
[17:15:56]: 2405
[17:15:57]: 2408
[17:15:57]: 2448
[17:15:57]: 2440
[17:15:58]: 2438
[17:15:58]: 2419
[17:15:58]: 2422
[17:15:58]: 2459
[17:15:59]: 2438
[17:15:59]: 2461
[17:15:59]: 2480
[17:16:00]: 2436
[17:16:00]: 2464
[17:16:00]: 2430
[17:16:01]: 2425
 Close valve LR1
[17:16:01]: W2 OH-
 Open valve LRW2
 Open valve V24
[17:16:01]: 2440
[17:16:02]: 2437
[17:16:02]: 2622
[17:16:02]: 2603
[17:16:03]: 2563
[17:16:03]: 2565
[17:16:03]: 2602
[17:16:04]: 2598
[17:16:04]: 2613
[17:16:04]: 2693
[17:16:05]: 2838
[17:16:05]: 3140
[17:16:05]: 3084
[17:16:05]: 3163
[17:16:06]: 3199
[17:16:06]: 3112
[17:16:06]: 2955
[17:16:07]: 2943
[17:16:07]: 2961
[17:16:07]: 3144
[17:16:08]: 3259
[17:16:08]: 3317
[17:16:08]: 3364
[17:16:09]: 3369
[17:16:09]: 3386
[17:16:09]: 3520
[17:16:10]: 3465
[17:16:10]: 3505
[17:16:10]: 3505
[17:16:11]: 3497
[17:16:11]: 3468
[17:16:11]: 3588
[17:16:12]: 3467
[17:16:12]: 3541
[17:16:12]: 3558
[17:16:13]: 3534
[17:16:13]: 3552
[17:16:13]: 3549
[17:16:13]: 3572
[17:16:14]: 3511
[17:16:14]: 3645
[17:16:14]: 3631
[17:16:15]: 3608
[17:16:15]: 3578
[17:16:15]: 3616
[17:16:16]: 3604
[17:16:16]: 3582
[17:16:16]: 3651
[17:16:17]: 3625
[17:16:17]: 3572
[17:16:17]: 3650
[17:16:18]: 3668
[17:16:18]: 3608
[17:16:18]: 3633
[17:16:19]: 3630
[17:16:19]: 3595
[17:16:19]: 3576
[17:16:19]: 3718
[17:16:20]: 3642
[17:16:20]: 3672
 Close valve V24
 Close valve LRW2
[17:16:20]: CROSS H+
 Open valve LR2
[17:16:21]: 3597
[17:16:21]: 2365
[17:16:21]: 2371
[17:16:22]: 2380
[17:16:22]: 2406
[17:16:22]: 2394
[17:16:22]: 2405
[17:16:23]: 2428
[17:16:23]: 2432
[17:16:23]: 2394
[17:16:24]: 2405
[17:16:24]: 2436
[17:16:24]: 2401
[17:16:25]: 2438
[17:16:25]: 2400
[17:16:25]: 2391
[17:16:26]: 2404
[17:16:26]: 2428
[17:16:26]: 2406
[17:16:27]: 2418
[17:16:27]: 2409
[17:16:27]: 2424
[17:16:28]: 2422
[17:16:28]: 2441
[17:16:28]: 2404
[17:16:28]: 2427
[17:16:29]: 2411
[17:16:29]: 2397
[17:16:29]: 2440
[17:16:30]: 2395
[17:16:30]: 2451
[17:16:30]: 2392
[17:16:31]: 2423
[17:16:31]: 2403
[17:16:31]: 2444
[17:16:32]: 2422
[17:16:32]: 2447
[17:16:32]: 2452
[17:16:33]: 2436
[17:16:33]: 2448
[17:16:33]: 2440
[17:16:34]: 2411
[17:16:34]: 2398
[17:16:34]: 2396
[17:16:35]: 2447
[17:16:35]: 2402
[17:16:35]: 2448
[17:16:36]: 2449
[17:16:36]: 2406
[17:16:36]: 2455
[17:16:37]: 2456
[17:16:37]: 2437
[17:16:37]: 2414
[17:16:38]: 2424
[17:16:38]: 2420
[17:16:38]: 2431
[17:16:39]: 2408
[17:16:39]: 2451
[17:16:39]: 2407
[17:16:40]: 2409
 Close valve LR2
[17:16:40]: W2 OH-
 Open valve LRW2
 Open valve V24
[17:16:40]: 2459
[17:16:40]: 2479
[17:16:41]: 2595
[17:16:41]: 2606
[17:16:41]: 2648
[17:16:42]: 2633
[17:16:42]: 2624
[17:16:42]: 2691
[17:16:43]: 2779
[17:16:43]: 3071
[17:16:43]: 3199
[17:16:44]: 3171
[17:16:44]: 3279
[17:16:44]: 3248
[17:16:45]: 3247
[17:16:45]: 3410
[17:16:45]: 3257
[17:16:46]: 3158
[17:16:46]: 2955
[17:16:46]: 2964
[17:16:47]: 3057
[17:16:47]: 3228
[17:16:47]: 3360
[17:16:47]: 3308
[17:16:48]: 3364
[17:16:48]: 3415
[17:16:48]: 3440
[17:16:49]: 3444
[17:16:49]: 3460
[17:16:49]: 3473
[17:16:50]: 3563
[17:16:50]: 3479
[17:16:50]: 3550
[17:16:51]: 3524
[17:16:51]: 3524
[17:16:51]: 3526
[17:16:52]: 3548
[17:16:52]: 3497
[17:16:52]: 3491
[17:16:53]: 3605
[17:16:53]: 3578
[17:16:53]: 3569
[17:16:53]: 3579
[17:16:54]: 3568
[17:16:54]: 3559
[17:16:54]: 3658
[17:16:55]: 3666
[17:16:55]: 3645
[17:16:55]: 3576
[17:16:56]: 3600
[17:16:56]: 3621
[17:16:56]: 3655
[17:16:57]: 3591
[17:16:57]: 3576
[17:16:57]: 3586
[17:16:58]: 3584
[17:16:58]: 3640
[17:16:58]: 3664
[17:16:59]: 3619
[17:16:59]: 3710
 Close valve V24
 Close valve LRW2
[17:16:59]: SQUARE H+
 Open valve LR3
[17:16:59]: 3611
[17:17:00]: 2384
[17:17:00]: 2367
[17:17:00]: 2416
[17:17:01]: 2389
[17:17:01]: 2391
[17:17:01]: 2398
[17:17:02]: 2400
[17:17:02]: 2447
[17:17:02]: 2447
[17:17:03]: 2432
[17:17:03]: 2450
[17:17:03]: 2436
[17:17:04]: 2412
[17:17:04]: 2405
[17:17:04]: 2416
[17:17:05]: 2436
[17:17:05]: 2446
[17:17:05]: 2406
[17:17:06]: 2407
[17:17:06]: 2449
[17:17:06]: 2406
[17:17:06]: 2431
[17:17:07]: 2449
[17:17:07]: 2407
[17:17:07]: 2449
[17:17:08]: 2404
[17:17:08]: 2406
[17:17:08]: 2451
[17:17:09]: 2452
[17:17:09]: 2415
[17:17:09]: 2421
[17:17:10]: 2447
[17:17:10]: 2426
[17:17:10]: 2461
[17:17:11]: 2418
[17:17:11]: 2458
[17:17:11]: 2437
[17:17:12]: 2449
[17:17:12]: 2470
[17:17:12]: 2431
[17:17:12]: 2466
[17:17:13]: 2479
[17:17:13]: 2483
[17:17:13]: 2432
[17:17:14]: 2441
[17:17:14]: 2437
[17:17:14]: 2453
[17:17:15]: 2459
[17:17:15]: 2437
[17:17:15]: 2494
[17:17:16]: 2434
[17:17:16]: 2483
[17:17:16]: 2448
[17:17:17]: 2447
[17:17:17]: 2471
[17:17:17]: 2462
[17:17:18]: 2444
[17:17:18]: 2446
[17:17:18]: 2472
 Close valve LR3
[17:17:18]: W2 OH-
 Open valve LRW2
 Open valve V24
[17:17:19]: 2460
[17:17:19]: 2455
[17:17:19]: 2620
[17:17:20]: 2642
[17:17:20]: 2621
[17:17:20]: 2614
[17:17:21]: 2682
[17:17:21]: 2729
[17:17:21]: 2778
[17:17:21]: 2756
[17:17:22]: 3135
[17:17:22]: 3199
[17:17:22]: 3366
[17:17:23]: 3422
[17:17:23]: 3388
[17:17:23]: 3475
[17:17:24]: 3313
[17:17:24]: 3045
[17:17:24]: 2822
[17:17:25]: 2848
[17:17:25]: 2909
[17:17:25]: 3011
[17:17:26]: 2914
[17:17:26]: 3006
[17:17:26]: 3136
[17:17:27]: 3258
[17:17:27]: 3346
[17:17:27]: 3408
[17:17:28]: 3414
[17:17:28]: 3454
[17:17:28]: 3447
[17:17:29]: 3496
[17:17:29]: 3493
[17:17:29]: 3468
[17:17:30]: 3551
[17:17:30]: 3561
[17:17:30]: 3509
[17:17:31]: 3563
[17:17:31]: 3561
[17:17:31]: 3546
[17:17:31]: 3559
[17:17:32]: 3636
[17:17:32]: 3505
[17:17:32]: 3640
[17:17:33]: 3515
[17:17:33]: 3578
[17:17:33]: 3591
[17:17:34]: 3602
[17:17:34]: 3532
[17:17:34]: 3666
[17:17:35]: 3527
[17:17:35]: 3612
[17:17:35]: 3580
[17:17:36]: 3599
[17:17:36]: 3602
[17:17:36]: 3622
[17:17:37]: 3671
[17:17:37]: 3687
[17:17:37]: 3555
[17:17:37]: 3587
 Close valve V24
 Close valve LRW2
[17:17:38]: PLUS H+
 Open valve LR4
[17:17:38]: 3727
[17:17:38]: 2164
[17:17:39]: 2344
[17:17:39]: 2627
[17:17:39]: 2840
[17:17:40]: 3055
[17:17:40]: 3302
[17:17:40]: 3497
[17:17:40]: 3644
[17:17:41]: 3803
[17:17:41]: 3970
[17:17:41]: 4157
[17:17:42]: 4299
[17:17:42]: 4349
[17:17:42]: 4375
[17:17:43]: 4389
[17:17:43]: 4401
[17:17:43]: 4410
[17:17:44]: 4415
[17:17:44]: 4424
[17:17:44]: 4431
[17:17:45]: 4438
[17:17:45]: 4443
[17:17:45]: 4448
[17:17:45]: 4453
[17:17:46]: 4463
[17:17:46]: 4468
[17:17:46]: 4475
[17:17:47]: 4481
[17:17:47]: 4484
[17:17:47]: 4488
[17:17:48]: 4489
[17:17:48]: 4493
[17:17:48]: 4497
[17:17:49]: 4529
[17:17:49]: 4574
[17:17:49]: 4592
[17:17:50]: 4602
[17:17:50]: 4609
[17:17:50]: 4616
[17:17:51]: 4620
[17:17:51]: 4624
[17:17:51]: 4628
[17:17:52]: 4629
[17:17:52]: 4632
[17:17:52]: 4635
[17:17:52]: 4640
[17:17:53]: 4642
[17:17:53]: 4645
[17:17:53]: 4650
[17:17:54]: 4652
[17:17:54]: 4655
[17:17:54]: 4660
[17:17:55]: 4663
[17:17:55]: 4666
[17:17:55]: 4667
[17:17:56]: 4671
[17:17:56]: 4675
[17:17:56]: 4680
[17:17:57]: 4684
 Close valve LR4
[17:17:57]: W2 OH-
 Open valve LRW2
 Open valve V24
[17:17:57]: 2338
[17:17:57]: 2431
[17:17:58]: 3128
[17:17:58]: 2713
[17:17:58]: 3149
[17:17:59]: 2972
[17:17:59]: 2525
[17:17:59]: 3405
[17:18:00]: 2661
[17:18:00]: 3437
[17:18:00]: 3515
[17:18:01]: 3537
[17:18:01]: 3548
[17:18:01]: 3537
[17:18:02]: 3560
[17:18:02]: 3563
[17:18:02]: 3547
[17:18:03]: 3529
[17:18:03]: 3534
[17:18:03]: 3595
[17:18:04]: 3619
[17:18:04]: 3605
[17:18:04]: 3637
[17:18:04]: 3665
[17:18:05]: 3555
[17:18:05]: 3573
